[2025-10-19T04:26:44.302+0000] {processor.py:161} INFO - Started process (PID=11406) to work on /opt/airflow/dags/dag_pipeline.py
[2025-10-19T04:26:44.303+0000] {processor.py:830} INFO - Processing file /opt/airflow/dags/dag_pipeline.py for tasks to queue
[2025-10-19T04:26:44.305+0000] {logging_mixin.py:188} INFO - [2025-10-19T04:26:44.305+0000] {dagbag.py:545} INFO - Filling up the DagBag from /opt/airflow/dags/dag_pipeline.py
[2025-10-19T04:26:44.396+0000] {logging_mixin.py:188} INFO - [2025-10-19T04:26:44.396+0000] {base.py:84} INFO - Using connection ID 'aws_default' for task execution.
[2025-10-19T04:26:44.480+0000] {processor.py:840} INFO - DAG(s) 'game_sentiment_data_pipeline' retrieved from /opt/airflow/dags/dag_pipeline.py
[2025-10-19T04:26:44.502+0000] {logging_mixin.py:188} INFO - [2025-10-19T04:26:44.502+0000] {dag.py:3089} INFO - Sync 1 DAGs
[2025-10-19T04:26:44.518+0000] {logging_mixin.py:188} INFO - [2025-10-19T04:26:44.518+0000] {dag.py:3947} INFO - Setting next_dagrun for game_sentiment_data_pipeline to 2025-11-01 00:00:00+00:00, run_after=2025-12-01 00:00:00+00:00
[2025-10-19T04:26:44.529+0000] {processor.py:183} INFO - Processing /opt/airflow/dags/dag_pipeline.py took 0.236 seconds
[2025-10-19T07:50:10.288+0000] {processor.py:161} INFO - Started process (PID=11413) to work on /opt/airflow/dags/dag_pipeline.py
[2025-10-19T07:50:10.290+0000] {processor.py:830} INFO - Processing file /opt/airflow/dags/dag_pipeline.py for tasks to queue
[2025-10-19T07:50:10.295+0000] {logging_mixin.py:188} INFO - [2025-10-19T07:50:10.295+0000] {dagbag.py:545} INFO - Filling up the DagBag from /opt/airflow/dags/dag_pipeline.py
[2025-10-19T07:50:10.406+0000] {logging_mixin.py:188} INFO - [2025-10-19T07:50:10.406+0000] {base.py:84} INFO - Using connection ID 'aws_default' for task execution.
[2025-10-19T07:50:10.493+0000] {processor.py:840} INFO - DAG(s) 'game_sentiment_data_pipeline' retrieved from /opt/airflow/dags/dag_pipeline.py
[2025-10-19T07:50:10.513+0000] {logging_mixin.py:188} INFO - [2025-10-19T07:50:10.513+0000] {dag.py:3089} INFO - Sync 1 DAGs
[2025-10-19T07:50:10.532+0000] {logging_mixin.py:188} INFO - [2025-10-19T07:50:10.531+0000] {dag.py:3947} INFO - Setting next_dagrun for game_sentiment_data_pipeline to 2025-11-01 00:00:00+00:00, run_after=2025-12-01 00:00:00+00:00
[2025-10-19T07:50:10.542+0000] {processor.py:183} INFO - Processing /opt/airflow/dags/dag_pipeline.py took 0.268 seconds
[2025-10-19T10:53:12.247+0000] {processor.py:161} INFO - Started process (PID=11420) to work on /opt/airflow/dags/dag_pipeline.py
[2025-10-19T10:53:12.248+0000] {processor.py:830} INFO - Processing file /opt/airflow/dags/dag_pipeline.py for tasks to queue
[2025-10-19T10:53:12.252+0000] {logging_mixin.py:188} INFO - [2025-10-19T10:53:12.251+0000] {dagbag.py:545} INFO - Filling up the DagBag from /opt/airflow/dags/dag_pipeline.py
[2025-10-19T10:53:12.341+0000] {logging_mixin.py:188} INFO - [2025-10-19T10:53:12.341+0000] {base.py:84} INFO - Using connection ID 'aws_default' for task execution.
[2025-10-19T10:53:12.417+0000] {processor.py:840} INFO - DAG(s) 'game_sentiment_data_pipeline' retrieved from /opt/airflow/dags/dag_pipeline.py
[2025-10-19T10:53:12.431+0000] {logging_mixin.py:188} INFO - [2025-10-19T10:53:12.431+0000] {dag.py:3089} INFO - Sync 1 DAGs
[2025-10-19T10:53:12.449+0000] {logging_mixin.py:188} INFO - [2025-10-19T10:53:12.449+0000] {dag.py:3947} INFO - Setting next_dagrun for game_sentiment_data_pipeline to 2025-11-01 00:00:00+00:00, run_after=2025-12-01 00:00:00+00:00
[2025-10-19T10:53:12.458+0000] {processor.py:183} INFO - Processing /opt/airflow/dags/dag_pipeline.py took 0.218 seconds
[2025-10-19T13:56:11.903+0000] {processor.py:161} INFO - Started process (PID=11427) to work on /opt/airflow/dags/dag_pipeline.py
[2025-10-19T13:56:11.904+0000] {processor.py:830} INFO - Processing file /opt/airflow/dags/dag_pipeline.py for tasks to queue
[2025-10-19T13:56:11.906+0000] {logging_mixin.py:188} INFO - [2025-10-19T13:56:11.905+0000] {dagbag.py:545} INFO - Filling up the DagBag from /opt/airflow/dags/dag_pipeline.py
[2025-10-19T13:56:11.979+0000] {logging_mixin.py:188} INFO - [2025-10-19T13:56:11.978+0000] {base.py:84} INFO - Using connection ID 'aws_default' for task execution.
[2025-10-19T13:56:12.037+0000] {processor.py:840} INFO - DAG(s) 'game_sentiment_data_pipeline' retrieved from /opt/airflow/dags/dag_pipeline.py
[2025-10-19T13:56:12.055+0000] {logging_mixin.py:188} INFO - [2025-10-19T13:56:12.055+0000] {dag.py:3089} INFO - Sync 1 DAGs
[2025-10-19T13:56:12.080+0000] {logging_mixin.py:188} INFO - [2025-10-19T13:56:12.080+0000] {dag.py:3947} INFO - Setting next_dagrun for game_sentiment_data_pipeline to 2025-11-01 00:00:00+00:00, run_after=2025-12-01 00:00:00+00:00
[2025-10-19T13:56:12.093+0000] {processor.py:183} INFO - Processing /opt/airflow/dags/dag_pipeline.py took 0.195 seconds
[2025-10-19T15:58:12.864+0000] {processor.py:161} INFO - Started process (PID=11434) to work on /opt/airflow/dags/dag_pipeline.py
[2025-10-19T15:58:12.865+0000] {processor.py:830} INFO - Processing file /opt/airflow/dags/dag_pipeline.py for tasks to queue
[2025-10-19T15:58:12.867+0000] {logging_mixin.py:188} INFO - [2025-10-19T15:58:12.867+0000] {dagbag.py:545} INFO - Filling up the DagBag from /opt/airflow/dags/dag_pipeline.py
[2025-10-19T15:58:12.959+0000] {logging_mixin.py:188} INFO - [2025-10-19T15:58:12.959+0000] {base.py:84} INFO - Using connection ID 'aws_default' for task execution.
[2025-10-19T15:58:13.045+0000] {processor.py:840} INFO - DAG(s) 'game_sentiment_data_pipeline' retrieved from /opt/airflow/dags/dag_pipeline.py
[2025-10-19T15:58:13.070+0000] {logging_mixin.py:188} INFO - [2025-10-19T15:58:13.070+0000] {dag.py:3089} INFO - Sync 1 DAGs
[2025-10-19T15:58:13.089+0000] {logging_mixin.py:188} INFO - [2025-10-19T15:58:13.089+0000] {dag.py:3947} INFO - Setting next_dagrun for game_sentiment_data_pipeline to 2025-11-01 00:00:00+00:00, run_after=2025-12-01 00:00:00+00:00
[2025-10-19T15:58:13.102+0000] {processor.py:183} INFO - Processing /opt/airflow/dags/dag_pipeline.py took 0.243 seconds
[2025-10-19T19:01:17.662+0000] {processor.py:161} INFO - Started process (PID=11441) to work on /opt/airflow/dags/dag_pipeline.py
[2025-10-19T19:01:17.663+0000] {processor.py:830} INFO - Processing file /opt/airflow/dags/dag_pipeline.py for tasks to queue
[2025-10-19T19:01:17.667+0000] {logging_mixin.py:188} INFO - [2025-10-19T19:01:17.666+0000] {dagbag.py:545} INFO - Filling up the DagBag from /opt/airflow/dags/dag_pipeline.py
[2025-10-19T19:01:17.771+0000] {logging_mixin.py:188} INFO - [2025-10-19T19:01:17.771+0000] {base.py:84} INFO - Using connection ID 'aws_default' for task execution.
[2025-10-19T19:01:17.863+0000] {processor.py:840} INFO - DAG(s) 'game_sentiment_data_pipeline' retrieved from /opt/airflow/dags/dag_pipeline.py
[2025-10-19T19:01:17.882+0000] {logging_mixin.py:188} INFO - [2025-10-19T19:01:17.882+0000] {dag.py:3089} INFO - Sync 1 DAGs
[2025-10-19T19:01:17.899+0000] {logging_mixin.py:188} INFO - [2025-10-19T19:01:17.899+0000] {dag.py:3947} INFO - Setting next_dagrun for game_sentiment_data_pipeline to 2025-11-01 00:00:00+00:00, run_after=2025-12-01 00:00:00+00:00
[2025-10-19T19:01:17.911+0000] {processor.py:183} INFO - Processing /opt/airflow/dags/dag_pipeline.py took 0.256 seconds
[2025-10-19T21:03:18.206+0000] {processor.py:161} INFO - Started process (PID=11448) to work on /opt/airflow/dags/dag_pipeline.py
[2025-10-19T21:03:18.207+0000] {processor.py:830} INFO - Processing file /opt/airflow/dags/dag_pipeline.py for tasks to queue
[2025-10-19T21:03:18.209+0000] {logging_mixin.py:188} INFO - [2025-10-19T21:03:18.209+0000] {dagbag.py:545} INFO - Filling up the DagBag from /opt/airflow/dags/dag_pipeline.py
[2025-10-19T21:03:18.311+0000] {logging_mixin.py:188} INFO - [2025-10-19T21:03:18.311+0000] {base.py:84} INFO - Using connection ID 'aws_default' for task execution.
[2025-10-19T21:03:18.390+0000] {processor.py:840} INFO - DAG(s) 'game_sentiment_data_pipeline' retrieved from /opt/airflow/dags/dag_pipeline.py
[2025-10-19T21:03:18.405+0000] {logging_mixin.py:188} INFO - [2025-10-19T21:03:18.405+0000] {dag.py:3089} INFO - Sync 1 DAGs
[2025-10-19T21:03:18.423+0000] {logging_mixin.py:188} INFO - [2025-10-19T21:03:18.422+0000] {dag.py:3947} INFO - Setting next_dagrun for game_sentiment_data_pipeline to 2025-11-01 00:00:00+00:00, run_after=2025-12-01 00:00:00+00:00
[2025-10-19T21:03:18.435+0000] {processor.py:183} INFO - Processing /opt/airflow/dags/dag_pipeline.py took 0.235 seconds
[2025-10-19T23:27:55.704+0000] {processor.py:161} INFO - Started process (PID=11454) to work on /opt/airflow/dags/dag_pipeline.py
[2025-10-19T23:27:55.705+0000] {processor.py:830} INFO - Processing file /opt/airflow/dags/dag_pipeline.py for tasks to queue
[2025-10-19T23:27:55.708+0000] {logging_mixin.py:188} INFO - [2025-10-19T23:27:55.708+0000] {dagbag.py:545} INFO - Filling up the DagBag from /opt/airflow/dags/dag_pipeline.py
[2025-10-19T23:27:55.797+0000] {logging_mixin.py:188} INFO - [2025-10-19T23:27:55.797+0000] {base.py:84} INFO - Using connection ID 'aws_default' for task execution.
[2025-10-19T23:27:55.869+0000] {processor.py:840} INFO - DAG(s) 'game_sentiment_data_pipeline' retrieved from /opt/airflow/dags/dag_pipeline.py
[2025-10-19T23:27:55.885+0000] {logging_mixin.py:188} INFO - [2025-10-19T23:27:55.885+0000] {dag.py:3089} INFO - Sync 1 DAGs
[2025-10-19T23:27:55.906+0000] {logging_mixin.py:188} INFO - [2025-10-19T23:27:55.906+0000] {dag.py:3947} INFO - Setting next_dagrun for game_sentiment_data_pipeline to 2025-11-01 00:00:00+00:00, run_after=2025-12-01 00:00:00+00:00
[2025-10-19T23:27:55.917+0000] {processor.py:183} INFO - Processing /opt/airflow/dags/dag_pipeline.py took 0.221 seconds
