[2025-10-21T20:18:09.198+0000] {local_task_job_runner.py:120} INFO - ::group::Pre task execution logs
[2025-10-21T20:18:09.221+0000] {taskinstance.py:2076} INFO - Dependencies all met for dep_context=non-requeueable deps ti=<TaskInstance: game_sentiment_data_pipeline.bronze_lambda_gms_rvws manual__2025-10-21T20:18:07.360226+00:00 [queued]>
[2025-10-21T20:18:09.227+0000] {taskinstance.py:2076} INFO - Dependencies all met for dep_context=requeueable deps ti=<TaskInstance: game_sentiment_data_pipeline.bronze_lambda_gms_rvws manual__2025-10-21T20:18:07.360226+00:00 [queued]>
[2025-10-21T20:18:09.227+0000] {taskinstance.py:2306} INFO - Starting attempt 1 of 1
[2025-10-21T20:18:09.233+0000] {taskinstance.py:2330} INFO - Executing <Task(PythonOperator): bronze_lambda_gms_rvws> on 2025-10-21 20:18:07.360226+00:00
[2025-10-21T20:18:09.237+0000] {warnings.py:112} WARNING - /home/***/.local/lib/python3.12/site-packages/***/task/task_runner/standard_task_runner.py:62: DeprecationWarning: This process (pid=63) is multi-threaded, use of fork() may lead to deadlocks in the child.
  pid = os.fork()

[2025-10-21T20:18:09.239+0000] {standard_task_runner.py:64} INFO - Started process 64 to run task
[2025-10-21T20:18:09.238+0000] {standard_task_runner.py:90} INFO - Running: ['***', 'tasks', 'run', 'game_sentiment_data_pipeline', 'bronze_lambda_gms_rvws', 'manual__2025-10-21T20:18:07.360226+00:00', '--job-id', '108', '--raw', '--subdir', 'DAGS_FOLDER/dag_pipeline.py', '--cfg-path', '/tmp/tmp5zyce2q3']
[2025-10-21T20:18:09.240+0000] {standard_task_runner.py:91} INFO - Job 108: Subtask bronze_lambda_gms_rvws
[2025-10-21T20:18:09.274+0000] {task_command.py:426} INFO - Running <TaskInstance: game_sentiment_data_pipeline.bronze_lambda_gms_rvws manual__2025-10-21T20:18:07.360226+00:00 [running]> on host 28d5cd50147a
[2025-10-21T20:18:09.352+0000] {taskinstance.py:2648} INFO - Exporting env vars: AIRFLOW_CTX_DAG_OWNER='***' AIRFLOW_CTX_DAG_ID='game_sentiment_data_pipeline' AIRFLOW_CTX_TASK_ID='bronze_lambda_gms_rvws' AIRFLOW_CTX_EXECUTION_DATE='2025-10-21T20:18:07.360226+00:00' AIRFLOW_CTX_TRY_NUMBER='1' AIRFLOW_CTX_DAG_RUN_ID='manual__2025-10-21T20:18:07.360226+00:00'
[2025-10-21T20:18:09.353+0000] {taskinstance.py:430} INFO - ::endgroup::
[2025-10-21T20:18:09.400+0000] {logging_mixin.py:188} INFO - Invoking Lambda function: bronze_lambda_with_docker
[2025-10-21T20:18:55.813+0000] {logging_mixin.py:188} INFO - Lambda response: {'ResponseMetadata': {'RequestId': 'f784cebe-4d2a-4c01-a36e-61537600fccd', 'HTTPStatusCode': 200, 'HTTPHeaders': {'date': 'Tue, 21 Oct 2025 20:18:55 GMT', 'content-type': 'application/json', 'content-length': '2633', 'connection': 'keep-alive', 'x-amzn-requestid': 'f784cebe-4d2a-4c01-a36e-61537600fccd', 'x-amzn-remapped-content-length': '0', 'x-amz-executed-version': '$LATEST', 'x-amzn-trace-id': 'Root=1-68f7ea81-402478307ac80f140d0604de;Parent=28bbaf922c1e6585;Sampled=0;Lineage=1:69f9b93a:0'}, 'RetryAttempts': 0}, 'StatusCode': 200, 'ExecutedVersion': '$LATEST', 'Payload': <botocore.response.StreamingBody object at 0xffff748d5ae0>}
[2025-10-21T20:18:55.815+0000] {logging_mixin.py:188} INFO - Lambda output: {"status": "success", "topsellers_s3": "s3://vgsa/bronze/topsellers_1761077892.parquet", "reviewsummary_s3": ["s3://vgsa/bronze/reviewsummary/game_id=2807960/1761077892.parquet", "s3://vgsa/bronze/reviewsummary/game_id=2958130/1761077892.parquet", "s3://vgsa/bronze/reviewsummary/game_id=3949040/1761077892.parquet", "s3://vgsa/bronze/reviewsummary/game_id=2352620/1761077892.parquet", "s3://vgsa/bronze/reviewsummary/game_id=3551340/1761077892.parquet", "s3://vgsa/bronze/reviewsummary/game_id=3274580/1761077892.parquet", "s3://vgsa/bronze/reviewsummary/game_id=3405690/1761077892.parquet", "s3://vgsa/bronze/reviewsummary/game_id=990080/1761077892.parquet", "s3://vgsa/bronze/reviewsummary/game_id=381210/1761077892.parquet", "s3://vgsa/bronze/reviewsummary/game_id=2062430/1761077892.parquet", "s3://vgsa/bronze/reviewsummary/game_id=3405340/1761077892.parquet", "s3://vgsa/bronze/reviewsummary/game_id=1984270/1761077892.parquet", "s3://vgsa/bronze/reviewsummary/game_id=518790/1761077892.parquet", "s3://vgsa/bronze/reviewsummary/game_id=2183900/1761077892.parquet", "s3://vgsa/bronze/reviewsummary/game_id=275850/1761077892.parquet", "s3://vgsa/bronze/reviewsummary/game_id=3656800/1761077892.parquet", "s3://vgsa/bronze/reviewsummary/game_id=594650/1761077892.parquet", "s3://vgsa/bronze/reviewsummary/game_id=1328670/1761077892.parquet", "s3://vgsa/bronze/reviewsummary/game_id=526870/1761077892.parquet", "s3://vgsa/bronze/reviewsummary/game_id=1063730/1761077892.parquet"], "reviewdetail_s3": ["s3://vgsa/bronze/reviews/game_id=2807960/1761077892.parquet", "s3://vgsa/bronze/reviews/game_id=2958130/1761077892.parquet", "s3://vgsa/bronze/reviews/game_id=3949040/1761077892.parquet", "s3://vgsa/bronze/reviews/game_id=2352620/1761077892.parquet", "s3://vgsa/bronze/reviews/game_id=3405690/1761077892.parquet", "s3://vgsa/bronze/reviews/game_id=990080/1761077892.parquet", "s3://vgsa/bronze/reviews/game_id=381210/1761077892.parquet", "s3://vgsa/bronze/reviews/game_id=2062430/1761077892.parquet", "s3://vgsa/bronze/reviews/game_id=3405340/1761077892.parquet", "s3://vgsa/bronze/reviews/game_id=1984270/1761077892.parquet", "s3://vgsa/bronze/reviews/game_id=518790/1761077892.parquet", "s3://vgsa/bronze/reviews/game_id=2183900/1761077892.parquet", "s3://vgsa/bronze/reviews/game_id=275850/1761077892.parquet", "s3://vgsa/bronze/reviews/game_id=3656800/1761077892.parquet", "s3://vgsa/bronze/reviews/game_id=594650/1761077892.parquet", "s3://vgsa/bronze/reviews/game_id=1328670/1761077892.parquet", "s3://vgsa/bronze/reviews/game_id=526870/1761077892.parquet", "s3://vgsa/bronze/reviews/game_id=1063730/1761077892.parquet"]}
[2025-10-21T20:18:55.815+0000] {python.py:237} INFO - Done. Returned value was: None
[2025-10-21T20:18:55.817+0000] {taskinstance.py:441} INFO - ::group::Post task execution logs
[2025-10-21T20:18:55.829+0000] {taskinstance.py:1206} INFO - Marking task as SUCCESS. dag_id=game_sentiment_data_pipeline, task_id=bronze_lambda_gms_rvws, run_id=manual__2025-10-21T20:18:07.360226+00:00, execution_date=20251021T201807, start_date=20251021T201809, end_date=20251021T201855
[2025-10-21T20:18:55.862+0000] {local_task_job_runner.py:243} INFO - Task exited with return code 0
[2025-10-21T20:18:55.881+0000] {taskinstance.py:3503} INFO - 1 downstream tasks scheduled from follow-on schedule check
[2025-10-21T20:18:55.882+0000] {local_task_job_runner.py:222} INFO - ::endgroup::
