[2025-10-21T20:19:31.388+0000] {local_task_job_runner.py:120} INFO - ::group::Pre task execution logs
[2025-10-21T20:19:31.401+0000] {taskinstance.py:2076} INFO - Dependencies all met for dep_context=non-requeueable deps ti=<TaskInstance: game_sentiment_data_pipeline.dbt_run_top_selling_game_reviews_summary manual__2025-10-21T20:18:07.360226+00:00 [queued]>
[2025-10-21T20:19:31.406+0000] {taskinstance.py:2076} INFO - Dependencies all met for dep_context=requeueable deps ti=<TaskInstance: game_sentiment_data_pipeline.dbt_run_top_selling_game_reviews_summary manual__2025-10-21T20:18:07.360226+00:00 [queued]>
[2025-10-21T20:19:31.406+0000] {taskinstance.py:2306} INFO - Starting attempt 1 of 1
[2025-10-21T20:19:31.414+0000] {taskinstance.py:2330} INFO - Executing <Task(BashOperator): dbt_run_top_selling_game_reviews_summary> on 2025-10-21 20:18:07.360226+00:00
[2025-10-21T20:19:31.417+0000] {warnings.py:112} WARNING - /home/***/.local/lib/python3.12/site-packages/***/task/task_runner/standard_task_runner.py:62: DeprecationWarning: This process (pid=122) is multi-threaded, use of fork() may lead to deadlocks in the child.
  pid = os.fork()

[2025-10-21T20:19:31.419+0000] {standard_task_runner.py:64} INFO - Started process 123 to run task
[2025-10-21T20:19:31.418+0000] {standard_task_runner.py:90} INFO - Running: ['***', 'tasks', 'run', 'game_sentiment_data_pipeline', 'dbt_run_top_selling_game_reviews_summary', 'manual__2025-10-21T20:18:07.360226+00:00', '--job-id', '112', '--raw', '--subdir', 'DAGS_FOLDER/dag_pipeline.py', '--cfg-path', '/tmp/tmpxkorpyv_']
[2025-10-21T20:19:31.420+0000] {standard_task_runner.py:91} INFO - Job 112: Subtask dbt_run_top_selling_game_reviews_summary
[2025-10-21T20:19:31.442+0000] {task_command.py:426} INFO - Running <TaskInstance: game_sentiment_data_pipeline.dbt_run_top_selling_game_reviews_summary manual__2025-10-21T20:18:07.360226+00:00 [running]> on host 28d5cd50147a
[2025-10-21T20:19:31.483+0000] {taskinstance.py:2648} INFO - Exporting env vars: AIRFLOW_CTX_DAG_OWNER='***' AIRFLOW_CTX_DAG_ID='game_sentiment_data_pipeline' AIRFLOW_CTX_TASK_ID='dbt_run_top_selling_game_reviews_summary' AIRFLOW_CTX_EXECUTION_DATE='2025-10-21T20:18:07.360226+00:00' AIRFLOW_CTX_TRY_NUMBER='1' AIRFLOW_CTX_DAG_RUN_ID='manual__2025-10-21T20:18:07.360226+00:00'
[2025-10-21T20:19:31.484+0000] {taskinstance.py:430} INFO - ::endgroup::
[2025-10-21T20:19:31.491+0000] {subprocess.py:63} INFO - Tmp dir root location: /tmp
[2025-10-21T20:19:31.492+0000] {subprocess.py:75} INFO - Running command: ['/usr/bin/bash', '-c', 'cd /opt/***/silver_layer && /home/***/.local/bin/dbt run --select game_reviews_summary --full-refresh']
[2025-10-21T20:19:31.496+0000] {subprocess.py:86} INFO - Output:
[2025-10-21T20:19:32.902+0000] {subprocess.py:93} INFO - [0m20:19:32  Running with dbt=1.10.13
[2025-10-21T20:19:33.246+0000] {subprocess.py:93} INFO - [0m20:19:33  Registered adapter: athena=1.9.5
[2025-10-21T20:19:33.460+0000] {subprocess.py:93} INFO - [0m20:19:33  Found 3 models, 6 sources, 474 macros
[2025-10-21T20:19:33.462+0000] {subprocess.py:93} INFO - [0m20:19:33
[2025-10-21T20:19:33.462+0000] {subprocess.py:93} INFO - [0m20:19:33  Concurrency: 4 threads (target='dev')
[2025-10-21T20:19:33.462+0000] {subprocess.py:93} INFO - [0m20:19:33
[2025-10-21T20:19:34.390+0000] {subprocess.py:93} INFO - [0m20:19:34  1 of 1 START sql table model games_sentiment_analysis_silver.game_reviews_summary  [RUN]
[2025-10-21T20:19:41.786+0000] {subprocess.py:93} INFO - [0m20:19:41  1 of 1 OK created sql table model games_sentiment_analysis_silver.game_reviews_summary  [[32mOK 39[0m in 7.39s]
[2025-10-21T20:19:41.789+0000] {subprocess.py:93} INFO - [0m20:19:41
[2025-10-21T20:19:41.789+0000] {subprocess.py:93} INFO - [0m20:19:41  Finished running 1 table model in 0 hours 0 minutes and 8.33 seconds (8.33s).
[2025-10-21T20:19:41.807+0000] {subprocess.py:93} INFO - [0m20:19:41
[2025-10-21T20:19:41.807+0000] {subprocess.py:93} INFO - [0m20:19:41  [32mCompleted successfully[0m
[2025-10-21T20:19:41.808+0000] {subprocess.py:93} INFO - [0m20:19:41
[2025-10-21T20:19:41.808+0000] {subprocess.py:93} INFO - [0m20:19:41  Done. PASS=1 WARN=0 ERROR=0 SKIP=0 NO-OP=0 TOTAL=1
[2025-10-21T20:19:42.463+0000] {subprocess.py:97} INFO - Command exited with return code 0
[2025-10-21T20:19:42.464+0000] {taskinstance.py:441} INFO - ::group::Post task execution logs
[2025-10-21T20:19:42.475+0000] {taskinstance.py:1206} INFO - Marking task as SUCCESS. dag_id=game_sentiment_data_pipeline, task_id=dbt_run_top_selling_game_reviews_summary, run_id=manual__2025-10-21T20:18:07.360226+00:00, execution_date=20251021T201807, start_date=20251021T201931, end_date=20251021T201942
[2025-10-21T20:19:42.490+0000] {local_task_job_runner.py:243} INFO - Task exited with return code 0
[2025-10-21T20:19:42.500+0000] {taskinstance.py:3503} INFO - 1 downstream tasks scheduled from follow-on schedule check
[2025-10-21T20:19:42.500+0000] {local_task_job_runner.py:222} INFO - ::endgroup::
