[2025-10-21T22:55:03.634+0000] {local_task_job_runner.py:120} INFO - ::group::Pre task execution logs
[2025-10-21T22:55:03.649+0000] {taskinstance.py:2076} INFO - Dependencies all met for dep_context=non-requeueable deps ti=<TaskInstance: game_sentiment_data_pipeline.bronze_lambda_gms_rvws manual__2025-10-21T22:55:02.148183+00:00 [queued]>
[2025-10-21T22:55:03.653+0000] {taskinstance.py:2076} INFO - Dependencies all met for dep_context=requeueable deps ti=<TaskInstance: game_sentiment_data_pipeline.bronze_lambda_gms_rvws manual__2025-10-21T22:55:02.148183+00:00 [queued]>
[2025-10-21T22:55:03.654+0000] {taskinstance.py:2306} INFO - Starting attempt 1 of 1
[2025-10-21T22:55:03.661+0000] {taskinstance.py:2330} INFO - Executing <Task(PythonOperator): bronze_lambda_gms_rvws> on 2025-10-21 22:55:02.148183+00:00
[2025-10-21T22:55:03.667+0000] {warnings.py:112} WARNING - /home/***/.local/lib/python3.12/site-packages/***/task/task_runner/standard_task_runner.py:62: DeprecationWarning: This process (pid=85) is multi-threaded, use of fork() may lead to deadlocks in the child.
  pid = os.fork()

[2025-10-21T22:55:03.669+0000] {standard_task_runner.py:64} INFO - Started process 86 to run task
[2025-10-21T22:55:03.669+0000] {standard_task_runner.py:90} INFO - Running: ['***', 'tasks', 'run', 'game_sentiment_data_pipeline', 'bronze_lambda_gms_rvws', 'manual__2025-10-21T22:55:02.148183+00:00', '--job-id', '119', '--raw', '--subdir', 'DAGS_FOLDER/dag_pipeline.py', '--cfg-path', '/tmp/tmpfn3x335l']
[2025-10-21T22:55:03.670+0000] {standard_task_runner.py:91} INFO - Job 119: Subtask bronze_lambda_gms_rvws
[2025-10-21T22:55:03.698+0000] {task_command.py:426} INFO - Running <TaskInstance: game_sentiment_data_pipeline.bronze_lambda_gms_rvws manual__2025-10-21T22:55:02.148183+00:00 [running]> on host 78a5e601f5ac
[2025-10-21T22:55:03.751+0000] {taskinstance.py:2648} INFO - Exporting env vars: AIRFLOW_CTX_DAG_OWNER='***' AIRFLOW_CTX_DAG_ID='game_sentiment_data_pipeline' AIRFLOW_CTX_TASK_ID='bronze_lambda_gms_rvws' AIRFLOW_CTX_EXECUTION_DATE='2025-10-21T22:55:02.148183+00:00' AIRFLOW_CTX_TRY_NUMBER='1' AIRFLOW_CTX_DAG_RUN_ID='manual__2025-10-21T22:55:02.148183+00:00'
[2025-10-21T22:55:03.752+0000] {taskinstance.py:430} INFO - ::endgroup::
[2025-10-21T22:55:03.781+0000] {logging_mixin.py:188} INFO - Invoking Lambda function: bronze_lambda_with_docker
[2025-10-21T22:55:48.345+0000] {logging_mixin.py:188} INFO - Lambda response: {'ResponseMetadata': {'RequestId': '7cd0496e-3dc8-4174-aefb-78a47b8ecaae', 'HTTPStatusCode': 200, 'HTTPHeaders': {'date': 'Tue, 21 Oct 2025 22:55:48 GMT', 'content-type': 'application/json', 'content-length': '2608', 'connection': 'keep-alive', 'x-amzn-requestid': '7cd0496e-3dc8-4174-aefb-78a47b8ecaae', 'x-amzn-remapped-content-length': '0', 'x-amz-executed-version': '$LATEST', 'x-amzn-trace-id': 'Root=1-68f80f47-2a6dc0705bda0d0005e2c1ec;Parent=7d50b4b299b92047;Sampled=0;Lineage=1:69f9b93a:0'}, 'RetryAttempts': 0}, 'StatusCode': 200, 'ExecutedVersion': '$LATEST', 'Payload': <botocore.response.StreamingBody object at 0xffff9fdc52a0>}
[2025-10-21T22:55:48.349+0000] {logging_mixin.py:188} INFO - Lambda output: {"status": "success", "topsellers_s3": "s3://vgsa/bronze/top_selling_games/topsellers.parquet", "reviewsummary_s3": ["s3://vgsa/bronze/reviewsummary/game_id=2807960/review_stats.parquet", "s3://vgsa/bronze/reviewsummary/game_id=2958130/review_stats.parquet", "s3://vgsa/bronze/reviewsummary/game_id=3949040/review_stats.parquet", "s3://vgsa/bronze/reviewsummary/game_id=2352620/review_stats.parquet", "s3://vgsa/bronze/reviewsummary/game_id=3551340/review_stats.parquet", "s3://vgsa/bronze/reviewsummary/game_id=3405690/review_stats.parquet", "s3://vgsa/bronze/reviewsummary/game_id=3274580/review_stats.parquet", "s3://vgsa/bronze/reviewsummary/game_id=990080/review_stats.parquet", "s3://vgsa/bronze/reviewsummary/game_id=2062430/review_stats.parquet", "s3://vgsa/bronze/reviewsummary/game_id=381210/review_stats.parquet", "s3://vgsa/bronze/reviewsummary/game_id=3405340/review_stats.parquet", "s3://vgsa/bronze/reviewsummary/game_id=1984270/review_stats.parquet", "s3://vgsa/bronze/reviewsummary/game_id=275850/review_stats.parquet", "s3://vgsa/bronze/reviewsummary/game_id=518790/review_stats.parquet", "s3://vgsa/bronze/reviewsummary/game_id=1063730/review_stats.parquet", "s3://vgsa/bronze/reviewsummary/game_id=2183900/review_stats.parquet", "s3://vgsa/bronze/reviewsummary/game_id=1328670/review_stats.parquet", "s3://vgsa/bronze/reviewsummary/game_id=1151340/review_stats.parquet", "s3://vgsa/bronze/reviewsummary/game_id=526870/review_stats.parquet", "s3://vgsa/bronze/reviewsummary/game_id=594650/review_stats.parquet"], "reviewdetail_s3": ["s3://vgsa/bronze/reviews/game_id=2807960/review.parquet", "s3://vgsa/bronze/reviews/game_id=2958130/review.parquet", "s3://vgsa/bronze/reviews/game_id=3949040/review.parquet", "s3://vgsa/bronze/reviews/game_id=2352620/review.parquet", "s3://vgsa/bronze/reviews/game_id=3405690/review.parquet", "s3://vgsa/bronze/reviews/game_id=990080/review.parquet", "s3://vgsa/bronze/reviews/game_id=2062430/review.parquet", "s3://vgsa/bronze/reviews/game_id=381210/review.parquet", "s3://vgsa/bronze/reviews/game_id=3405340/review.parquet", "s3://vgsa/bronze/reviews/game_id=1984270/review.parquet", "s3://vgsa/bronze/reviews/game_id=275850/review.parquet", "s3://vgsa/bronze/reviews/game_id=518790/review.parquet", "s3://vgsa/bronze/reviews/game_id=1063730/review.parquet", "s3://vgsa/bronze/reviews/game_id=2183900/review.parquet", "s3://vgsa/bronze/reviews/game_id=1328670/review.parquet", "s3://vgsa/bronze/reviews/game_id=1151340/review.parquet", "s3://vgsa/bronze/reviews/game_id=526870/review.parquet", "s3://vgsa/bronze/reviews/game_id=594650/review.parquet"]}
[2025-10-21T22:55:48.350+0000] {python.py:237} INFO - Done. Returned value was: None
[2025-10-21T22:55:48.352+0000] {taskinstance.py:441} INFO - ::group::Post task execution logs
[2025-10-21T22:55:48.368+0000] {taskinstance.py:1206} INFO - Marking task as SUCCESS. dag_id=game_sentiment_data_pipeline, task_id=bronze_lambda_gms_rvws, run_id=manual__2025-10-21T22:55:02.148183+00:00, execution_date=20251021T225502, start_date=20251021T225503, end_date=20251021T225548
[2025-10-21T22:55:48.383+0000] {local_task_job_runner.py:243} INFO - Task exited with return code 0
[2025-10-21T22:55:48.398+0000] {taskinstance.py:3503} INFO - 1 downstream tasks scheduled from follow-on schedule check
[2025-10-21T22:55:48.398+0000] {local_task_job_runner.py:222} INFO - ::endgroup::
