[2025-10-15T18:56:46.864+0000] {local_task_job_runner.py:120} INFO - ::group::Pre task execution logs
[2025-10-15T18:56:46.875+0000] {taskinstance.py:2076} INFO - Dependencies all met for dep_context=non-requeueable deps ti=<TaskInstance: game_sentiment_data_pipeline.bronze_lambda_gm_ids manual__2025-10-15T18:56:04.740938+00:00 [queued]>
[2025-10-15T18:56:46.878+0000] {taskinstance.py:2076} INFO - Dependencies all met for dep_context=requeueable deps ti=<TaskInstance: game_sentiment_data_pipeline.bronze_lambda_gm_ids manual__2025-10-15T18:56:04.740938+00:00 [queued]>
[2025-10-15T18:56:46.879+0000] {taskinstance.py:2306} INFO - Starting attempt 1 of 1
[2025-10-15T18:56:46.883+0000] {taskinstance.py:2330} INFO - Executing <Task(PythonOperator): bronze_lambda_gm_ids> on 2025-10-15 18:56:04.740938+00:00
[2025-10-15T18:56:46.886+0000] {warnings.py:112} WARNING - /home/***/.local/lib/python3.12/site-packages/***/task/task_runner/standard_task_runner.py:62: DeprecationWarning: This process (pid=165) is multi-threaded, use of fork() may lead to deadlocks in the child.
  pid = os.fork()

[2025-10-15T18:56:46.887+0000] {standard_task_runner.py:64} INFO - Started process 166 to run task
[2025-10-15T18:56:46.887+0000] {standard_task_runner.py:90} INFO - Running: ['***', 'tasks', 'run', 'game_sentiment_data_pipeline', 'bronze_lambda_gm_ids', 'manual__2025-10-15T18:56:04.740938+00:00', '--job-id', '48', '--raw', '--subdir', 'DAGS_FOLDER/dag_pipeline.py', '--cfg-path', '/tmp/tmpuvrc6mgi']
[2025-10-15T18:56:46.887+0000] {standard_task_runner.py:91} INFO - Job 48: Subtask bronze_lambda_gm_ids
[2025-10-15T18:56:46.907+0000] {task_command.py:426} INFO - Running <TaskInstance: game_sentiment_data_pipeline.bronze_lambda_gm_ids manual__2025-10-15T18:56:04.740938+00:00 [running]> on host 9c9293c52211
[2025-10-15T18:56:46.940+0000] {taskinstance.py:2648} INFO - Exporting env vars: AIRFLOW_CTX_DAG_OWNER='***' AIRFLOW_CTX_DAG_ID='game_sentiment_data_pipeline' AIRFLOW_CTX_TASK_ID='bronze_lambda_gm_ids' AIRFLOW_CTX_EXECUTION_DATE='2025-10-15T18:56:04.740938+00:00' AIRFLOW_CTX_TRY_NUMBER='1' AIRFLOW_CTX_DAG_RUN_ID='manual__2025-10-15T18:56:04.740938+00:00'
[2025-10-15T18:56:46.940+0000] {taskinstance.py:430} INFO - ::endgroup::
[2025-10-15T18:56:46.946+0000] {logging_mixin.py:188} INFO - Invoking Lambda function: bronze_game_id_name_docker
[2025-10-15T18:56:53.839+0000] {logging_mixin.py:188} INFO - Lambda response: {'ResponseMetadata': {'RequestId': 'ad3b5b15-eb12-459b-9de2-d677863595d0', 'HTTPStatusCode': 200, 'HTTPHeaders': {'date': 'Wed, 15 Oct 2025 18:56:53 GMT', 'content-type': 'application/json', 'content-length': '69', 'connection': 'keep-alive', 'x-amzn-requestid': 'ad3b5b15-eb12-459b-9de2-d677863595d0', 'x-amzn-remapped-content-length': '0', 'x-amz-executed-version': '$LATEST', 'x-amzn-trace-id': 'Root=1-68efee6f-0677d7283cafba723c6c4ba3;Parent=548d34afce46f92c;Sampled=0;Lineage=1:ab20d15b:0'}, 'RetryAttempts': 0}, 'StatusCode': 200, 'ExecutedVersion': '$LATEST', 'Payload': <botocore.response.StreamingBody object at 0xffffaaa071f0>}
[2025-10-15T18:56:53.840+0000] {logging_mixin.py:188} INFO - Lambda output: {"status": "success", "app_id_s3": "s3://vgsa/bronze/app_id.parquet"}
[2025-10-15T18:56:53.841+0000] {python.py:237} INFO - Done. Returned value was: None
[2025-10-15T18:56:53.842+0000] {taskinstance.py:441} INFO - ::group::Post task execution logs
[2025-10-15T18:56:53.851+0000] {taskinstance.py:1206} INFO - Marking task as SUCCESS. dag_id=game_sentiment_data_pipeline, task_id=bronze_lambda_gm_ids, run_id=manual__2025-10-15T18:56:04.740938+00:00, execution_date=20251015T185604, start_date=20251015T185646, end_date=20251015T185653
[2025-10-15T18:56:53.897+0000] {local_task_job_runner.py:243} INFO - Task exited with return code 0
[2025-10-15T18:56:53.908+0000] {taskinstance.py:3503} INFO - 1 downstream tasks scheduled from follow-on schedule check
[2025-10-15T18:56:53.909+0000] {local_task_job_runner.py:222} INFO - ::endgroup::
