[2025-10-21T20:18:57.127+0000] {local_task_job_runner.py:120} INFO - ::group::Pre task execution logs
[2025-10-21T20:18:57.141+0000] {taskinstance.py:2076} INFO - Dependencies all met for dep_context=non-requeueable deps ti=<TaskInstance: game_sentiment_data_pipeline.bronze_lambda_gm_ids manual__2025-10-21T20:18:07.360226+00:00 [queued]>
[2025-10-21T20:18:57.145+0000] {taskinstance.py:2076} INFO - Dependencies all met for dep_context=requeueable deps ti=<TaskInstance: game_sentiment_data_pipeline.bronze_lambda_gm_ids manual__2025-10-21T20:18:07.360226+00:00 [queued]>
[2025-10-21T20:18:57.145+0000] {taskinstance.py:2306} INFO - Starting attempt 1 of 1
[2025-10-21T20:18:57.151+0000] {taskinstance.py:2330} INFO - Executing <Task(PythonOperator): bronze_lambda_gm_ids> on 2025-10-21 20:18:07.360226+00:00
[2025-10-21T20:18:57.155+0000] {warnings.py:112} WARNING - /home/***/.local/lib/python3.12/site-packages/***/task/task_runner/standard_task_runner.py:62: DeprecationWarning: This process (pid=79) is multi-threaded, use of fork() may lead to deadlocks in the child.
  pid = os.fork()

[2025-10-21T20:18:57.156+0000] {standard_task_runner.py:64} INFO - Started process 80 to run task
[2025-10-21T20:18:57.156+0000] {standard_task_runner.py:90} INFO - Running: ['***', 'tasks', 'run', 'game_sentiment_data_pipeline', 'bronze_lambda_gm_ids', 'manual__2025-10-21T20:18:07.360226+00:00', '--job-id', '109', '--raw', '--subdir', 'DAGS_FOLDER/dag_pipeline.py', '--cfg-path', '/tmp/tmp7jwfbv0r']
[2025-10-21T20:18:57.157+0000] {standard_task_runner.py:91} INFO - Job 109: Subtask bronze_lambda_gm_ids
[2025-10-21T20:18:57.181+0000] {task_command.py:426} INFO - Running <TaskInstance: game_sentiment_data_pipeline.bronze_lambda_gm_ids manual__2025-10-21T20:18:07.360226+00:00 [running]> on host 28d5cd50147a
[2025-10-21T20:18:57.225+0000] {taskinstance.py:2648} INFO - Exporting env vars: AIRFLOW_CTX_DAG_OWNER='***' AIRFLOW_CTX_DAG_ID='game_sentiment_data_pipeline' AIRFLOW_CTX_TASK_ID='bronze_lambda_gm_ids' AIRFLOW_CTX_EXECUTION_DATE='2025-10-21T20:18:07.360226+00:00' AIRFLOW_CTX_TRY_NUMBER='1' AIRFLOW_CTX_DAG_RUN_ID='manual__2025-10-21T20:18:07.360226+00:00'
[2025-10-21T20:18:57.225+0000] {taskinstance.py:430} INFO - ::endgroup::
[2025-10-21T20:18:57.233+0000] {logging_mixin.py:188} INFO - Invoking Lambda function: bronze_game_id_name_docker
[2025-10-21T20:19:04.294+0000] {logging_mixin.py:188} INFO - Lambda response: {'ResponseMetadata': {'RequestId': '94166c1b-c838-4944-84dc-0a565b75bf27', 'HTTPStatusCode': 200, 'HTTPHeaders': {'date': 'Tue, 21 Oct 2025 20:19:04 GMT', 'content-type': 'application/json', 'content-length': '78', 'connection': 'keep-alive', 'x-amzn-requestid': '94166c1b-c838-4944-84dc-0a565b75bf27', 'x-amzn-remapped-content-length': '0', 'x-amz-executed-version': '$LATEST', 'x-amzn-trace-id': 'Root=1-68f7eab1-0320425c5d8a54df23ce3209;Parent=451c3471b3bb6179;Sampled=0;Lineage=1:ab20d15b:0'}, 'RetryAttempts': 0}, 'StatusCode': 200, 'ExecutedVersion': '$LATEST', 'Payload': <botocore.response.StreamingBody object at 0xffff7256d870>}
[2025-10-21T20:19:04.295+0000] {logging_mixin.py:188} INFO - Lambda output: {"status": "success", "app_id_s3": "s3://vgsa/bronze//game_id/app_id.parquet"}
[2025-10-21T20:19:04.296+0000] {python.py:237} INFO - Done. Returned value was: None
[2025-10-21T20:19:04.298+0000] {taskinstance.py:441} INFO - ::group::Post task execution logs
[2025-10-21T20:19:04.314+0000] {taskinstance.py:1206} INFO - Marking task as SUCCESS. dag_id=game_sentiment_data_pipeline, task_id=bronze_lambda_gm_ids, run_id=manual__2025-10-21T20:18:07.360226+00:00, execution_date=20251021T201807, start_date=20251021T201857, end_date=20251021T201904
[2025-10-21T20:19:04.367+0000] {local_task_job_runner.py:243} INFO - Task exited with return code 0
[2025-10-21T20:19:04.394+0000] {taskinstance.py:3503} INFO - 1 downstream tasks scheduled from follow-on schedule check
[2025-10-21T20:19:04.396+0000] {local_task_job_runner.py:222} INFO - ::endgroup::
