[2025-10-15T20:29:50.847+0000] {local_task_job_runner.py:120} INFO - ::group::Pre task execution logs
[2025-10-15T20:29:50.856+0000] {taskinstance.py:2076} INFO - Dependencies all met for dep_context=non-requeueable deps ti=<TaskInstance: game_sentiment_data_pipeline.bronze_lambda_gm_ids manual__2025-10-15T20:28:49.558251+00:00 [queued]>
[2025-10-15T20:29:50.859+0000] {taskinstance.py:2076} INFO - Dependencies all met for dep_context=requeueable deps ti=<TaskInstance: game_sentiment_data_pipeline.bronze_lambda_gm_ids manual__2025-10-15T20:28:49.558251+00:00 [queued]>
[2025-10-15T20:29:50.859+0000] {taskinstance.py:2306} INFO - Starting attempt 1 of 1
[2025-10-15T20:29:50.864+0000] {taskinstance.py:2330} INFO - Executing <Task(PythonOperator): bronze_lambda_gm_ids> on 2025-10-15 20:28:49.558251+00:00
[2025-10-15T20:29:50.866+0000] {warnings.py:112} WARNING - /home/***/.local/lib/python3.12/site-packages/***/task/task_runner/standard_task_runner.py:62: DeprecationWarning: This process (pid=586) is multi-threaded, use of fork() may lead to deadlocks in the child.
  pid = os.fork()

[2025-10-15T20:29:50.867+0000] {standard_task_runner.py:64} INFO - Started process 587 to run task
[2025-10-15T20:29:50.867+0000] {standard_task_runner.py:90} INFO - Running: ['***', 'tasks', 'run', 'game_sentiment_data_pipeline', 'bronze_lambda_gm_ids', 'manual__2025-10-15T20:28:49.558251+00:00', '--job-id', '79', '--raw', '--subdir', 'DAGS_FOLDER/dag_pipeline.py', '--cfg-path', '/tmp/tmp3slygw6f']
[2025-10-15T20:29:50.867+0000] {standard_task_runner.py:91} INFO - Job 79: Subtask bronze_lambda_gm_ids
[2025-10-15T20:29:50.883+0000] {task_command.py:426} INFO - Running <TaskInstance: game_sentiment_data_pipeline.bronze_lambda_gm_ids manual__2025-10-15T20:28:49.558251+00:00 [running]> on host e37ef65f9b61
[2025-10-15T20:29:50.912+0000] {taskinstance.py:2648} INFO - Exporting env vars: AIRFLOW_CTX_DAG_OWNER='***' AIRFLOW_CTX_DAG_ID='game_sentiment_data_pipeline' AIRFLOW_CTX_TASK_ID='bronze_lambda_gm_ids' AIRFLOW_CTX_EXECUTION_DATE='2025-10-15T20:28:49.558251+00:00' AIRFLOW_CTX_TRY_NUMBER='1' AIRFLOW_CTX_DAG_RUN_ID='manual__2025-10-15T20:28:49.558251+00:00'
[2025-10-15T20:29:50.913+0000] {taskinstance.py:430} INFO - ::endgroup::
[2025-10-15T20:29:50.918+0000] {logging_mixin.py:188} INFO - Invoking Lambda function: bronze_game_id_name_docker
[2025-10-15T20:29:58.032+0000] {logging_mixin.py:188} INFO - Lambda response: {'ResponseMetadata': {'RequestId': '93c66586-ae88-44fd-9ab6-38c2cce03e4f', 'HTTPStatusCode': 200, 'HTTPHeaders': {'date': 'Wed, 15 Oct 2025 20:29:58 GMT', 'content-type': 'application/json', 'content-length': '69', 'connection': 'keep-alive', 'x-amzn-requestid': '93c66586-ae88-44fd-9ab6-38c2cce03e4f', 'x-amzn-remapped-content-length': '0', 'x-amz-executed-version': '$LATEST', 'x-amzn-trace-id': 'Root=1-68f0043e-5e5db5320844f95915244cac;Parent=3c5d84e3efe20fad;Sampled=0;Lineage=1:ab20d15b:0'}, 'RetryAttempts': 0}, 'StatusCode': 200, 'ExecutedVersion': '$LATEST', 'Payload': <botocore.response.StreamingBody object at 0xffff925fd930>}
[2025-10-15T20:29:58.033+0000] {logging_mixin.py:188} INFO - Lambda output: {"status": "success", "app_id_s3": "s3://vgsa/bronze/app_id.parquet"}
[2025-10-15T20:29:58.033+0000] {python.py:237} INFO - Done. Returned value was: None
[2025-10-15T20:29:58.034+0000] {taskinstance.py:441} INFO - ::group::Post task execution logs
[2025-10-15T20:29:58.044+0000] {taskinstance.py:1206} INFO - Marking task as SUCCESS. dag_id=game_sentiment_data_pipeline, task_id=bronze_lambda_gm_ids, run_id=manual__2025-10-15T20:28:49.558251+00:00, execution_date=20251015T202849, start_date=20251015T202950, end_date=20251015T202958
[2025-10-15T20:29:58.087+0000] {local_task_job_runner.py:243} INFO - Task exited with return code 0
[2025-10-15T20:29:58.096+0000] {taskinstance.py:3503} INFO - 1 downstream tasks scheduled from follow-on schedule check
[2025-10-15T20:29:58.096+0000] {local_task_job_runner.py:222} INFO - ::endgroup::
