[2025-10-21T19:57:42.841+0000] {local_task_job_runner.py:120} INFO - ::group::Pre task execution logs
[2025-10-21T19:57:42.853+0000] {taskinstance.py:2076} INFO - Dependencies all met for dep_context=non-requeueable deps ti=<TaskInstance: game_sentiment_data_pipeline.dbt_top_selling_games_id manual__2025-10-21T19:56:45.517434+00:00 [queued]>
[2025-10-21T19:57:42.856+0000] {taskinstance.py:2076} INFO - Dependencies all met for dep_context=requeueable deps ti=<TaskInstance: game_sentiment_data_pipeline.dbt_top_selling_games_id manual__2025-10-21T19:56:45.517434+00:00 [queued]>
[2025-10-21T19:57:42.856+0000] {taskinstance.py:2306} INFO - Starting attempt 1 of 1
[2025-10-21T19:57:42.861+0000] {taskinstance.py:2330} INFO - Executing <Task(BashOperator): dbt_top_selling_games_id> on 2025-10-21 19:56:45.517434+00:00
[2025-10-21T19:57:42.863+0000] {warnings.py:112} WARNING - /home/***/.local/lib/python3.12/site-packages/***/task/task_runner/standard_task_runner.py:62: DeprecationWarning: This process (pid=932) is multi-threaded, use of fork() may lead to deadlocks in the child.
  pid = os.fork()

[2025-10-21T19:57:42.864+0000] {standard_task_runner.py:64} INFO - Started process 933 to run task
[2025-10-21T19:57:42.864+0000] {standard_task_runner.py:90} INFO - Running: ['***', 'tasks', 'run', 'game_sentiment_data_pipeline', 'dbt_top_selling_games_id', 'manual__2025-10-21T19:56:45.517434+00:00', '--job-id', '101', '--raw', '--subdir', 'DAGS_FOLDER/dag_pipeline.py', '--cfg-path', '/tmp/tmpjdfn6ysi']
[2025-10-21T19:57:42.865+0000] {standard_task_runner.py:91} INFO - Job 101: Subtask dbt_top_selling_games_id
[2025-10-21T19:57:42.883+0000] {task_command.py:426} INFO - Running <TaskInstance: game_sentiment_data_pipeline.dbt_top_selling_games_id manual__2025-10-21T19:56:45.517434+00:00 [running]> on host 853ab210954c
[2025-10-21T19:57:42.914+0000] {taskinstance.py:2648} INFO - Exporting env vars: AIRFLOW_CTX_DAG_OWNER='***' AIRFLOW_CTX_DAG_ID='game_sentiment_data_pipeline' AIRFLOW_CTX_TASK_ID='dbt_top_selling_games_id' AIRFLOW_CTX_EXECUTION_DATE='2025-10-21T19:56:45.517434+00:00' AIRFLOW_CTX_TRY_NUMBER='1' AIRFLOW_CTX_DAG_RUN_ID='manual__2025-10-21T19:56:45.517434+00:00'
[2025-10-21T19:57:42.914+0000] {taskinstance.py:430} INFO - ::endgroup::
[2025-10-21T19:57:42.920+0000] {subprocess.py:63} INFO - Tmp dir root location: /tmp
[2025-10-21T19:57:42.920+0000] {subprocess.py:75} INFO - Running command: ['/usr/bin/bash', '-c', 'cd /opt/***/silver_layer && /home/***/.local/bin/dbt run --select top_selling_games_id --full-refresh']
[2025-10-21T19:57:42.925+0000] {subprocess.py:86} INFO - Output:
[2025-10-21T19:57:44.156+0000] {subprocess.py:93} INFO - [0m19:57:44  Running with dbt=1.10.13
[2025-10-21T19:57:44.483+0000] {subprocess.py:93} INFO - [0m19:57:44  Registered adapter: athena=1.9.5
[2025-10-21T19:57:44.729+0000] {subprocess.py:93} INFO - [0m19:57:44  Found 3 models, 6 sources, 474 macros
[2025-10-21T19:57:44.731+0000] {subprocess.py:93} INFO - [0m19:57:44
[2025-10-21T19:57:44.731+0000] {subprocess.py:93} INFO - [0m19:57:44  Concurrency: 4 threads (target='dev')
[2025-10-21T19:57:44.732+0000] {subprocess.py:93} INFO - [0m19:57:44
[2025-10-21T19:57:45.800+0000] {subprocess.py:93} INFO - [0m19:57:45  1 of 1 START sql table model games_sentiment_analysis_silver.top_selling_games_id  [RUN]
[2025-10-21T19:57:53.466+0000] {subprocess.py:93} INFO - [0m19:57:53  1 of 1 OK created sql table model games_sentiment_analysis_silver.top_selling_games_id  [[32mOK 21[0m in 7.66s]
[2025-10-21T19:57:53.469+0000] {subprocess.py:93} INFO - [0m19:57:53
[2025-10-21T19:57:53.469+0000] {subprocess.py:93} INFO - [0m19:57:53  Finished running 1 table model in 0 hours 0 minutes and 8.74 seconds (8.74s).
[2025-10-21T19:57:53.493+0000] {subprocess.py:93} INFO - [0m19:57:53
[2025-10-21T19:57:53.493+0000] {subprocess.py:93} INFO - [0m19:57:53  [32mCompleted successfully[0m
[2025-10-21T19:57:53.494+0000] {subprocess.py:93} INFO - [0m19:57:53
[2025-10-21T19:57:53.494+0000] {subprocess.py:93} INFO - [0m19:57:53  Done. PASS=1 WARN=0 ERROR=0 SKIP=0 NO-OP=0 TOTAL=1
[2025-10-21T19:57:54.217+0000] {subprocess.py:97} INFO - Command exited with return code 0
[2025-10-21T19:57:54.218+0000] {taskinstance.py:441} INFO - ::group::Post task execution logs
[2025-10-21T19:57:54.231+0000] {taskinstance.py:1206} INFO - Marking task as SUCCESS. dag_id=game_sentiment_data_pipeline, task_id=dbt_top_selling_games_id, run_id=manual__2025-10-21T19:56:45.517434+00:00, execution_date=20251021T195645, start_date=20251021T195742, end_date=20251021T195754
[2025-10-21T19:57:54.282+0000] {local_task_job_runner.py:243} INFO - Task exited with return code 0
[2025-10-21T19:57:54.293+0000] {taskinstance.py:3503} INFO - 1 downstream tasks scheduled from follow-on schedule check
[2025-10-21T19:57:54.294+0000] {local_task_job_runner.py:222} INFO - ::endgroup::
