[2025-10-15T20:07:15.203+0000] {local_task_job_runner.py:120} INFO - ::group::Pre task execution logs
[2025-10-15T20:07:15.214+0000] {taskinstance.py:2076} INFO - Dependencies all met for dep_context=non-requeueable deps ti=<TaskInstance: game_sentiment_data_pipeline.dbt_run manual__2025-10-15T20:06:20.480413+00:00 [queued]>
[2025-10-15T20:07:15.217+0000] {taskinstance.py:2076} INFO - Dependencies all met for dep_context=requeueable deps ti=<TaskInstance: game_sentiment_data_pipeline.dbt_run manual__2025-10-15T20:06:20.480413+00:00 [queued]>
[2025-10-15T20:07:15.217+0000] {taskinstance.py:2306} INFO - Starting attempt 1 of 1
[2025-10-15T20:07:15.221+0000] {taskinstance.py:2330} INFO - Executing <Task(BashOperator): dbt_run> on 2025-10-15 20:06:20.480413+00:00
[2025-10-15T20:07:15.224+0000] {warnings.py:112} WARNING - /home/***/.local/lib/python3.12/site-packages/***/task/task_runner/standard_task_runner.py:62: DeprecationWarning: This process (pid=249) is multi-threaded, use of fork() may lead to deadlocks in the child.
  pid = os.fork()

[2025-10-15T20:07:15.224+0000] {standard_task_runner.py:64} INFO - Started process 250 to run task
[2025-10-15T20:07:15.225+0000] {standard_task_runner.py:90} INFO - Running: ['***', 'tasks', 'run', 'game_sentiment_data_pipeline', 'dbt_run', 'manual__2025-10-15T20:06:20.480413+00:00', '--job-id', '75', '--raw', '--subdir', 'DAGS_FOLDER/dag_pipeline.py', '--cfg-path', '/tmp/tmph059nh49']
[2025-10-15T20:07:15.225+0000] {standard_task_runner.py:91} INFO - Job 75: Subtask dbt_run
[2025-10-15T20:07:15.243+0000] {task_command.py:426} INFO - Running <TaskInstance: game_sentiment_data_pipeline.dbt_run manual__2025-10-15T20:06:20.480413+00:00 [running]> on host e37ef65f9b61
[2025-10-15T20:07:15.275+0000] {taskinstance.py:2648} INFO - Exporting env vars: AIRFLOW_CTX_DAG_OWNER='***' AIRFLOW_CTX_DAG_ID='game_sentiment_data_pipeline' AIRFLOW_CTX_TASK_ID='dbt_run' AIRFLOW_CTX_EXECUTION_DATE='2025-10-15T20:06:20.480413+00:00' AIRFLOW_CTX_TRY_NUMBER='1' AIRFLOW_CTX_DAG_RUN_ID='manual__2025-10-15T20:06:20.480413+00:00'
[2025-10-15T20:07:15.276+0000] {taskinstance.py:430} INFO - ::endgroup::
[2025-10-15T20:07:15.281+0000] {subprocess.py:63} INFO - Tmp dir root location: /tmp
[2025-10-15T20:07:15.281+0000] {subprocess.py:75} INFO - Running command: ['/usr/bin/bash', '-c', 'cd /opt/***/silver_layer && /home/***/.local/bin/dbt run']
[2025-10-15T20:07:15.285+0000] {subprocess.py:86} INFO - Output:
[2025-10-15T20:07:16.504+0000] {subprocess.py:93} INFO - [0m20:07:16  Running with dbt=1.10.13
[2025-10-15T20:07:16.839+0000] {subprocess.py:93} INFO - [0m20:07:16  Registered adapter: athena=1.9.5
[2025-10-15T20:07:17.303+0000] {subprocess.py:93} INFO - [0m20:07:17  Found 3 models, 6 sources, 474 macros
[2025-10-15T20:07:17.305+0000] {subprocess.py:93} INFO - [0m20:07:17
[2025-10-15T20:07:17.305+0000] {subprocess.py:93} INFO - [0m20:07:17  Concurrency: 4 threads (target='dev')
[2025-10-15T20:07:17.305+0000] {subprocess.py:93} INFO - [0m20:07:17
[2025-10-15T20:07:18.217+0000] {subprocess.py:93} INFO - [0m20:07:18  1 of 3 START sql table model games_sentiment_analysis_silver.game_reviews_summary  [RUN]
[2025-10-15T20:07:18.218+0000] {subprocess.py:93} INFO - [0m20:07:18  2 of 3 START sql table model games_sentiment_analysis_silver.top_selling_games_id  [RUN]
[2025-10-15T20:07:18.218+0000] {subprocess.py:93} INFO - [0m20:07:18  3 of 3 START sql incremental model games_sentiment_analysis_silver.top_selling_games_reviews  [RUN]
[2025-10-15T20:07:25.890+0000] {subprocess.py:93} INFO - [0m20:07:25  2 of 3 OK created sql table model games_sentiment_analysis_silver.top_selling_games_id  [[32mOK 23[0m in 7.67s]
[2025-10-15T20:07:26.911+0000] {subprocess.py:93} INFO - [0m20:07:26  1 of 3 OK created sql table model games_sentiment_analysis_silver.game_reviews_summary  [[32mOK 217[0m in 8.69s]
[2025-10-15T20:07:31.529+0000] {subprocess.py:93} INFO - [0m20:07:31  3 of 3 OK created sql incremental model games_sentiment_analysis_silver.top_selling_games_reviews  [[32mOK 127868[0m in 13.31s]
[2025-10-15T20:07:31.534+0000] {subprocess.py:93} INFO - [0m20:07:31
[2025-10-15T20:07:31.534+0000] {subprocess.py:93} INFO - [0m20:07:31  Finished running 1 incremental model, 2 table models in 0 hours 0 minutes and 14.23 seconds (14.23s).
[2025-10-15T20:07:31.560+0000] {subprocess.py:93} INFO - [0m20:07:31
[2025-10-15T20:07:31.560+0000] {subprocess.py:93} INFO - [0m20:07:31  [32mCompleted successfully[0m
[2025-10-15T20:07:31.560+0000] {subprocess.py:93} INFO - [0m20:07:31
[2025-10-15T20:07:31.561+0000] {subprocess.py:93} INFO - [0m20:07:31  Done. PASS=3 WARN=0 ERROR=0 SKIP=0 NO-OP=0 TOTAL=3
[2025-10-15T20:07:32.383+0000] {subprocess.py:97} INFO - Command exited with return code 0
[2025-10-15T20:07:32.384+0000] {taskinstance.py:441} INFO - ::group::Post task execution logs
[2025-10-15T20:07:32.397+0000] {taskinstance.py:1206} INFO - Marking task as SUCCESS. dag_id=game_sentiment_data_pipeline, task_id=dbt_run, run_id=manual__2025-10-15T20:06:20.480413+00:00, execution_date=20251015T200620, start_date=20251015T200715, end_date=20251015T200732
[2025-10-15T20:07:32.434+0000] {local_task_job_runner.py:243} INFO - Task exited with return code 0
[2025-10-15T20:07:32.446+0000] {taskinstance.py:3503} INFO - 1 downstream tasks scheduled from follow-on schedule check
[2025-10-15T20:07:32.447+0000] {local_task_job_runner.py:222} INFO - ::endgroup::
