[2025-10-15T20:06:21.698+0000] {local_task_job_runner.py:120} INFO - ::group::Pre task execution logs
[2025-10-15T20:06:21.710+0000] {taskinstance.py:2076} INFO - Dependencies all met for dep_context=non-requeueable deps ti=<TaskInstance: game_sentiment_data_pipeline.bronze_lambda_gms_rvws manual__2025-10-15T20:06:20.480413+00:00 [queued]>
[2025-10-15T20:06:21.713+0000] {taskinstance.py:2076} INFO - Dependencies all met for dep_context=requeueable deps ti=<TaskInstance: game_sentiment_data_pipeline.bronze_lambda_gms_rvws manual__2025-10-15T20:06:20.480413+00:00 [queued]>
[2025-10-15T20:06:21.713+0000] {taskinstance.py:2306} INFO - Starting attempt 1 of 1
[2025-10-15T20:06:21.717+0000] {taskinstance.py:2330} INFO - Executing <Task(PythonOperator): bronze_lambda_gms_rvws> on 2025-10-15 20:06:20.480413+00:00
[2025-10-15T20:06:21.720+0000] {warnings.py:112} WARNING - /home/***/.local/lib/python3.12/site-packages/***/task/task_runner/standard_task_runner.py:62: DeprecationWarning: This process (pid=231) is multi-threaded, use of fork() may lead to deadlocks in the child.
  pid = os.fork()

[2025-10-15T20:06:21.721+0000] {standard_task_runner.py:64} INFO - Started process 232 to run task
[2025-10-15T20:06:21.722+0000] {standard_task_runner.py:90} INFO - Running: ['***', 'tasks', 'run', 'game_sentiment_data_pipeline', 'bronze_lambda_gms_rvws', 'manual__2025-10-15T20:06:20.480413+00:00', '--job-id', '73', '--raw', '--subdir', 'DAGS_FOLDER/dag_pipeline.py', '--cfg-path', '/tmp/tmpcrln3e0g']
[2025-10-15T20:06:21.722+0000] {standard_task_runner.py:91} INFO - Job 73: Subtask bronze_lambda_gms_rvws
[2025-10-15T20:06:21.740+0000] {task_command.py:426} INFO - Running <TaskInstance: game_sentiment_data_pipeline.bronze_lambda_gms_rvws manual__2025-10-15T20:06:20.480413+00:00 [running]> on host e37ef65f9b61
[2025-10-15T20:06:21.772+0000] {taskinstance.py:2648} INFO - Exporting env vars: AIRFLOW_CTX_DAG_OWNER='***' AIRFLOW_CTX_DAG_ID='game_sentiment_data_pipeline' AIRFLOW_CTX_TASK_ID='bronze_lambda_gms_rvws' AIRFLOW_CTX_EXECUTION_DATE='2025-10-15T20:06:20.480413+00:00' AIRFLOW_CTX_TRY_NUMBER='1' AIRFLOW_CTX_DAG_RUN_ID='manual__2025-10-15T20:06:20.480413+00:00'
[2025-10-15T20:06:21.772+0000] {taskinstance.py:430} INFO - ::endgroup::
[2025-10-15T20:06:21.778+0000] {logging_mixin.py:188} INFO - Invoking Lambda function: bronze_lambda_with_docker
[2025-10-15T20:07:05.293+0000] {logging_mixin.py:188} INFO - Lambda response: {'ResponseMetadata': {'RequestId': '2b4f603c-a355-4fdd-8d65-2b19284367e7', 'HTTPStatusCode': 200, 'HTTPHeaders': {'date': 'Wed, 15 Oct 2025 20:07:05 GMT', 'content-type': 'application/json', 'content-length': '2645', 'connection': 'keep-alive', 'x-amzn-requestid': '2b4f603c-a355-4fdd-8d65-2b19284367e7', 'x-amzn-remapped-content-length': '0', 'x-amz-executed-version': '$LATEST', 'x-amzn-trace-id': 'Root=1-68effebd-7e8e7d517603e59a59ce97be;Parent=35a7530fffbace73;Sampled=0;Lineage=1:69f9b93a:0'}, 'RetryAttempts': 0}, 'StatusCode': 200, 'ExecutedVersion': '$LATEST', 'Payload': <botocore.response.StreamingBody object at 0xffff9b247fd0>}
[2025-10-15T20:07:05.294+0000] {logging_mixin.py:188} INFO - Lambda output: {"status": "success", "topsellers_s3": "s3://vgsa/bronze/topsellers_1760558783.parquet", "reviewsummary_s3": ["s3://vgsa/bronze/reviewsummary/game_id=2807960/1760558783.parquet", "s3://vgsa/bronze/reviewsummary/game_id=2062430/1760558783.parquet", "s3://vgsa/bronze/reviewsummary/game_id=3405690/1760558783.parquet", "s3://vgsa/bronze/reviewsummary/game_id=381210/1760558783.parquet", "s3://vgsa/bronze/reviewsummary/game_id=3024040/1760558783.parquet", "s3://vgsa/bronze/reviewsummary/game_id=1984270/1760558783.parquet", "s3://vgsa/bronze/reviewsummary/game_id=3405340/1760558783.parquet", "s3://vgsa/bronze/reviewsummary/game_id=1063730/1760558783.parquet", "s3://vgsa/bronze/reviewsummary/game_id=3574360/1760558783.parquet", "s3://vgsa/bronze/reviewsummary/game_id=3551340/1760558783.parquet", "s3://vgsa/bronze/reviewsummary/game_id=582660/1760558783.parquet", "s3://vgsa/bronze/reviewsummary/game_id=1222140/1760558783.parquet", "s3://vgsa/bronze/reviewsummary/game_id=2958130/1760558783.parquet", "s3://vgsa/bronze/reviewsummary/game_id=1401590/1760558783.parquet", "s3://vgsa/bronze/reviewsummary/game_id=3314790/1760558783.parquet", "s3://vgsa/bronze/reviewsummary/game_id=3008130/1760558783.parquet", "s3://vgsa/bronze/reviewsummary/game_id=1174180/1760558783.parquet", "s3://vgsa/bronze/reviewsummary/game_id=3274580/1760558783.parquet", "s3://vgsa/bronze/reviewsummary/game_id=227300/1760558783.parquet", "s3://vgsa/bronze/reviewsummary/game_id=3450310/1760558783.parquet", "s3://vgsa/bronze/reviewsummary/game_id=3240220/1760558783.parquet"], "reviewdetail_s3": ["s3://vgsa/bronze/reviews/game_id=2807960/1760558783.parquet", "s3://vgsa/bronze/reviews/game_id=2062430/1760558783.parquet", "s3://vgsa/bronze/reviews/game_id=3405690/1760558783.parquet", "s3://vgsa/bronze/reviews/game_id=381210/1760558783.parquet", "s3://vgsa/bronze/reviews/game_id=3024040/1760558783.parquet", "s3://vgsa/bronze/reviews/game_id=1984270/1760558783.parquet", "s3://vgsa/bronze/reviews/game_id=3405340/1760558783.parquet", "s3://vgsa/bronze/reviews/game_id=1063730/1760558783.parquet", "s3://vgsa/bronze/reviews/game_id=3574360/1760558783.parquet", "s3://vgsa/bronze/reviews/game_id=582660/1760558783.parquet", "s3://vgsa/bronze/reviews/game_id=1222140/1760558783.parquet", "s3://vgsa/bronze/reviews/game_id=1401590/1760558783.parquet", "s3://vgsa/bronze/reviews/game_id=3314790/1760558783.parquet", "s3://vgsa/bronze/reviews/game_id=3008130/1760558783.parquet", "s3://vgsa/bronze/reviews/game_id=1174180/1760558783.parquet", "s3://vgsa/bronze/reviews/game_id=227300/1760558783.parquet", "s3://vgsa/bronze/reviews/game_id=3240220/1760558783.parquet"]}
[2025-10-15T20:07:05.295+0000] {python.py:237} INFO - Done. Returned value was: None
[2025-10-15T20:07:05.296+0000] {taskinstance.py:441} INFO - ::group::Post task execution logs
[2025-10-15T20:07:05.310+0000] {taskinstance.py:1206} INFO - Marking task as SUCCESS. dag_id=game_sentiment_data_pipeline, task_id=bronze_lambda_gms_rvws, run_id=manual__2025-10-15T20:06:20.480413+00:00, execution_date=20251015T200620, start_date=20251015T200621, end_date=20251015T200705
[2025-10-15T20:07:05.394+0000] {local_task_job_runner.py:243} INFO - Task exited with return code 0
[2025-10-15T20:07:05.425+0000] {taskinstance.py:3503} INFO - 1 downstream tasks scheduled from follow-on schedule check
[2025-10-15T20:07:05.427+0000] {local_task_job_runner.py:222} INFO - ::endgroup::
