[2025-10-15T17:08:11.549+0000] {processor.py:161} INFO - Started process (PID=98) to work on /home/airflow/.local/lib/python3.12/site-packages/airflow/example_dags/example_trigger_target_dag.py
[2025-10-15T17:08:11.552+0000] {processor.py:830} INFO - Processing file /home/airflow/.local/lib/python3.12/site-packages/airflow/example_dags/example_trigger_target_dag.py for tasks to queue
[2025-10-15T17:08:11.555+0000] {logging_mixin.py:188} INFO - [2025-10-15T17:08:11.553+0000] {dagbag.py:545} INFO - Filling up the DagBag from /home/airflow/.local/lib/python3.12/site-packages/airflow/example_dags/example_trigger_target_dag.py
[2025-10-15T17:08:11.569+0000] {processor.py:840} INFO - DAG(s) 'example_trigger_target_dag' retrieved from /home/airflow/.local/lib/python3.12/site-packages/airflow/example_dags/example_trigger_target_dag.py
[2025-10-15T17:08:11.723+0000] {logging_mixin.py:188} INFO - [2025-10-15T17:08:11.723+0000] {override.py:1858} INFO - Created Permission View: can edit on DAG:example_trigger_target_dag
[2025-10-15T17:08:11.767+0000] {logging_mixin.py:188} INFO - [2025-10-15T17:08:11.766+0000] {override.py:1858} INFO - Created Permission View: can delete on DAG:example_trigger_target_dag
[2025-10-15T17:08:11.784+0000] {logging_mixin.py:188} INFO - [2025-10-15T17:08:11.783+0000] {override.py:1858} INFO - Created Permission View: can read on DAG:example_trigger_target_dag
[2025-10-15T17:08:11.785+0000] {logging_mixin.py:188} INFO - [2025-10-15T17:08:11.784+0000] {dag.py:3089} INFO - Sync 1 DAGs
[2025-10-15T17:08:11.807+0000] {logging_mixin.py:188} INFO - [2025-10-15T17:08:11.806+0000] {dag.py:3111} INFO - Creating ORM DAG for example_trigger_target_dag
[2025-10-15T17:08:11.810+0000] {logging_mixin.py:188} INFO - [2025-10-15T17:08:11.809+0000] {dag.py:3947} INFO - Setting next_dagrun for example_trigger_target_dag to None, run_after=None
[2025-10-15T17:08:11.842+0000] {processor.py:183} INFO - Processing /home/airflow/.local/lib/python3.12/site-packages/airflow/example_dags/example_trigger_target_dag.py took 0.299 seconds
[2025-10-15T17:08:41.900+0000] {processor.py:161} INFO - Started process (PID=156) to work on /home/airflow/.local/lib/python3.12/site-packages/airflow/example_dags/example_trigger_target_dag.py
[2025-10-15T17:08:41.901+0000] {processor.py:830} INFO - Processing file /home/airflow/.local/lib/python3.12/site-packages/airflow/example_dags/example_trigger_target_dag.py for tasks to queue
[2025-10-15T17:08:41.903+0000] {logging_mixin.py:188} INFO - [2025-10-15T17:08:41.902+0000] {dagbag.py:545} INFO - Filling up the DagBag from /home/airflow/.local/lib/python3.12/site-packages/airflow/example_dags/example_trigger_target_dag.py
[2025-10-15T17:08:41.909+0000] {processor.py:840} INFO - DAG(s) 'example_trigger_target_dag' retrieved from /home/airflow/.local/lib/python3.12/site-packages/airflow/example_dags/example_trigger_target_dag.py
[2025-10-15T17:08:41.929+0000] {logging_mixin.py:188} INFO - [2025-10-15T17:08:41.929+0000] {dag.py:3089} INFO - Sync 1 DAGs
[2025-10-15T17:08:41.942+0000] {logging_mixin.py:188} INFO - [2025-10-15T17:08:41.942+0000] {dag.py:3947} INFO - Setting next_dagrun for example_trigger_target_dag to None, run_after=None
[2025-10-15T17:08:41.958+0000] {processor.py:183} INFO - Processing /home/airflow/.local/lib/python3.12/site-packages/airflow/example_dags/example_trigger_target_dag.py took 0.063 seconds
[2025-10-15T17:09:12.815+0000] {processor.py:161} INFO - Started process (PID=214) to work on /home/airflow/.local/lib/python3.12/site-packages/airflow/example_dags/example_trigger_target_dag.py
[2025-10-15T17:09:12.816+0000] {processor.py:830} INFO - Processing file /home/airflow/.local/lib/python3.12/site-packages/airflow/example_dags/example_trigger_target_dag.py for tasks to queue
[2025-10-15T17:09:12.817+0000] {logging_mixin.py:188} INFO - [2025-10-15T17:09:12.817+0000] {dagbag.py:545} INFO - Filling up the DagBag from /home/airflow/.local/lib/python3.12/site-packages/airflow/example_dags/example_trigger_target_dag.py
[2025-10-15T17:09:12.821+0000] {processor.py:840} INFO - DAG(s) 'example_trigger_target_dag' retrieved from /home/airflow/.local/lib/python3.12/site-packages/airflow/example_dags/example_trigger_target_dag.py
[2025-10-15T17:09:12.833+0000] {logging_mixin.py:188} INFO - [2025-10-15T17:09:12.833+0000] {dag.py:3089} INFO - Sync 1 DAGs
[2025-10-15T17:09:12.840+0000] {logging_mixin.py:188} INFO - [2025-10-15T17:09:12.840+0000] {dag.py:3947} INFO - Setting next_dagrun for example_trigger_target_dag to None, run_after=None
[2025-10-15T17:09:12.851+0000] {processor.py:183} INFO - Processing /home/airflow/.local/lib/python3.12/site-packages/airflow/example_dags/example_trigger_target_dag.py took 0.040 seconds
[2025-10-15T17:09:43.783+0000] {processor.py:161} INFO - Started process (PID=272) to work on /home/airflow/.local/lib/python3.12/site-packages/airflow/example_dags/example_trigger_target_dag.py
[2025-10-15T17:09:43.791+0000] {processor.py:830} INFO - Processing file /home/airflow/.local/lib/python3.12/site-packages/airflow/example_dags/example_trigger_target_dag.py for tasks to queue
[2025-10-15T17:09:43.793+0000] {logging_mixin.py:188} INFO - [2025-10-15T17:09:43.792+0000] {dagbag.py:545} INFO - Filling up the DagBag from /home/airflow/.local/lib/python3.12/site-packages/airflow/example_dags/example_trigger_target_dag.py
[2025-10-15T17:09:43.800+0000] {processor.py:840} INFO - DAG(s) 'example_trigger_target_dag' retrieved from /home/airflow/.local/lib/python3.12/site-packages/airflow/example_dags/example_trigger_target_dag.py
[2025-10-15T17:09:43.835+0000] {logging_mixin.py:188} INFO - [2025-10-15T17:09:43.834+0000] {dag.py:3089} INFO - Sync 1 DAGs
[2025-10-15T17:09:43.855+0000] {logging_mixin.py:188} INFO - [2025-10-15T17:09:43.855+0000] {dag.py:3947} INFO - Setting next_dagrun for example_trigger_target_dag to None, run_after=None
[2025-10-15T17:09:43.881+0000] {processor.py:183} INFO - Processing /home/airflow/.local/lib/python3.12/site-packages/airflow/example_dags/example_trigger_target_dag.py took 0.104 seconds
[2025-10-15T17:10:14.134+0000] {processor.py:161} INFO - Started process (PID=330) to work on /home/airflow/.local/lib/python3.12/site-packages/airflow/example_dags/example_trigger_target_dag.py
[2025-10-15T17:10:14.135+0000] {processor.py:830} INFO - Processing file /home/airflow/.local/lib/python3.12/site-packages/airflow/example_dags/example_trigger_target_dag.py for tasks to queue
[2025-10-15T17:10:14.137+0000] {logging_mixin.py:188} INFO - [2025-10-15T17:10:14.137+0000] {dagbag.py:545} INFO - Filling up the DagBag from /home/airflow/.local/lib/python3.12/site-packages/airflow/example_dags/example_trigger_target_dag.py
[2025-10-15T17:10:14.141+0000] {processor.py:840} INFO - DAG(s) 'example_trigger_target_dag' retrieved from /home/airflow/.local/lib/python3.12/site-packages/airflow/example_dags/example_trigger_target_dag.py
[2025-10-15T17:10:14.153+0000] {logging_mixin.py:188} INFO - [2025-10-15T17:10:14.153+0000] {dag.py:3089} INFO - Sync 1 DAGs
[2025-10-15T17:10:14.161+0000] {logging_mixin.py:188} INFO - [2025-10-15T17:10:14.160+0000] {dag.py:3947} INFO - Setting next_dagrun for example_trigger_target_dag to None, run_after=None
[2025-10-15T17:10:14.170+0000] {processor.py:183} INFO - Processing /home/airflow/.local/lib/python3.12/site-packages/airflow/example_dags/example_trigger_target_dag.py took 0.040 seconds
[2025-10-15T17:10:44.225+0000] {processor.py:161} INFO - Started process (PID=388) to work on /home/airflow/.local/lib/python3.12/site-packages/airflow/example_dags/example_trigger_target_dag.py
[2025-10-15T17:10:44.225+0000] {processor.py:830} INFO - Processing file /home/airflow/.local/lib/python3.12/site-packages/airflow/example_dags/example_trigger_target_dag.py for tasks to queue
[2025-10-15T17:10:44.227+0000] {logging_mixin.py:188} INFO - [2025-10-15T17:10:44.226+0000] {dagbag.py:545} INFO - Filling up the DagBag from /home/airflow/.local/lib/python3.12/site-packages/airflow/example_dags/example_trigger_target_dag.py
[2025-10-15T17:10:44.230+0000] {processor.py:840} INFO - DAG(s) 'example_trigger_target_dag' retrieved from /home/airflow/.local/lib/python3.12/site-packages/airflow/example_dags/example_trigger_target_dag.py
[2025-10-15T17:10:44.241+0000] {logging_mixin.py:188} INFO - [2025-10-15T17:10:44.241+0000] {dag.py:3089} INFO - Sync 1 DAGs
[2025-10-15T17:10:44.248+0000] {logging_mixin.py:188} INFO - [2025-10-15T17:10:44.248+0000] {dag.py:3947} INFO - Setting next_dagrun for example_trigger_target_dag to None, run_after=None
[2025-10-15T17:10:44.258+0000] {processor.py:183} INFO - Processing /home/airflow/.local/lib/python3.12/site-packages/airflow/example_dags/example_trigger_target_dag.py took 0.037 seconds
[2025-10-15T17:11:14.593+0000] {processor.py:161} INFO - Started process (PID=446) to work on /home/airflow/.local/lib/python3.12/site-packages/airflow/example_dags/example_trigger_target_dag.py
[2025-10-15T17:11:14.593+0000] {processor.py:830} INFO - Processing file /home/airflow/.local/lib/python3.12/site-packages/airflow/example_dags/example_trigger_target_dag.py for tasks to queue
[2025-10-15T17:11:14.594+0000] {logging_mixin.py:188} INFO - [2025-10-15T17:11:14.594+0000] {dagbag.py:545} INFO - Filling up the DagBag from /home/airflow/.local/lib/python3.12/site-packages/airflow/example_dags/example_trigger_target_dag.py
[2025-10-15T17:11:14.598+0000] {processor.py:840} INFO - DAG(s) 'example_trigger_target_dag' retrieved from /home/airflow/.local/lib/python3.12/site-packages/airflow/example_dags/example_trigger_target_dag.py
[2025-10-15T17:11:14.610+0000] {logging_mixin.py:188} INFO - [2025-10-15T17:11:14.609+0000] {dag.py:3089} INFO - Sync 1 DAGs
[2025-10-15T17:11:14.617+0000] {logging_mixin.py:188} INFO - [2025-10-15T17:11:14.617+0000] {dag.py:3947} INFO - Setting next_dagrun for example_trigger_target_dag to None, run_after=None
[2025-10-15T17:11:14.627+0000] {processor.py:183} INFO - Processing /home/airflow/.local/lib/python3.12/site-packages/airflow/example_dags/example_trigger_target_dag.py took 0.038 seconds
[2025-10-15T17:11:45.128+0000] {processor.py:161} INFO - Started process (PID=504) to work on /home/airflow/.local/lib/python3.12/site-packages/airflow/example_dags/example_trigger_target_dag.py
[2025-10-15T17:11:45.129+0000] {processor.py:830} INFO - Processing file /home/airflow/.local/lib/python3.12/site-packages/airflow/example_dags/example_trigger_target_dag.py for tasks to queue
[2025-10-15T17:11:45.130+0000] {logging_mixin.py:188} INFO - [2025-10-15T17:11:45.130+0000] {dagbag.py:545} INFO - Filling up the DagBag from /home/airflow/.local/lib/python3.12/site-packages/airflow/example_dags/example_trigger_target_dag.py
[2025-10-15T17:11:45.133+0000] {processor.py:840} INFO - DAG(s) 'example_trigger_target_dag' retrieved from /home/airflow/.local/lib/python3.12/site-packages/airflow/example_dags/example_trigger_target_dag.py
[2025-10-15T17:11:45.145+0000] {logging_mixin.py:188} INFO - [2025-10-15T17:11:45.145+0000] {dag.py:3089} INFO - Sync 1 DAGs
[2025-10-15T17:11:45.152+0000] {logging_mixin.py:188} INFO - [2025-10-15T17:11:45.152+0000] {dag.py:3947} INFO - Setting next_dagrun for example_trigger_target_dag to None, run_after=None
[2025-10-15T17:11:45.162+0000] {processor.py:183} INFO - Processing /home/airflow/.local/lib/python3.12/site-packages/airflow/example_dags/example_trigger_target_dag.py took 0.037 seconds
[2025-10-15T17:12:15.479+0000] {processor.py:161} INFO - Started process (PID=562) to work on /home/airflow/.local/lib/python3.12/site-packages/airflow/example_dags/example_trigger_target_dag.py
[2025-10-15T17:12:15.480+0000] {processor.py:830} INFO - Processing file /home/airflow/.local/lib/python3.12/site-packages/airflow/example_dags/example_trigger_target_dag.py for tasks to queue
[2025-10-15T17:12:15.481+0000] {logging_mixin.py:188} INFO - [2025-10-15T17:12:15.481+0000] {dagbag.py:545} INFO - Filling up the DagBag from /home/airflow/.local/lib/python3.12/site-packages/airflow/example_dags/example_trigger_target_dag.py
[2025-10-15T17:12:15.486+0000] {processor.py:840} INFO - DAG(s) 'example_trigger_target_dag' retrieved from /home/airflow/.local/lib/python3.12/site-packages/airflow/example_dags/example_trigger_target_dag.py
[2025-10-15T17:12:15.503+0000] {logging_mixin.py:188} INFO - [2025-10-15T17:12:15.503+0000] {dag.py:3089} INFO - Sync 1 DAGs
[2025-10-15T17:12:15.512+0000] {logging_mixin.py:188} INFO - [2025-10-15T17:12:15.511+0000] {dag.py:3947} INFO - Setting next_dagrun for example_trigger_target_dag to None, run_after=None
[2025-10-15T17:12:15.524+0000] {processor.py:183} INFO - Processing /home/airflow/.local/lib/python3.12/site-packages/airflow/example_dags/example_trigger_target_dag.py took 0.050 seconds
[2025-10-15T17:12:46.201+0000] {processor.py:161} INFO - Started process (PID=620) to work on /home/airflow/.local/lib/python3.12/site-packages/airflow/example_dags/example_trigger_target_dag.py
[2025-10-15T17:12:46.202+0000] {processor.py:830} INFO - Processing file /home/airflow/.local/lib/python3.12/site-packages/airflow/example_dags/example_trigger_target_dag.py for tasks to queue
[2025-10-15T17:12:46.203+0000] {logging_mixin.py:188} INFO - [2025-10-15T17:12:46.203+0000] {dagbag.py:545} INFO - Filling up the DagBag from /home/airflow/.local/lib/python3.12/site-packages/airflow/example_dags/example_trigger_target_dag.py
[2025-10-15T17:12:46.206+0000] {processor.py:840} INFO - DAG(s) 'example_trigger_target_dag' retrieved from /home/airflow/.local/lib/python3.12/site-packages/airflow/example_dags/example_trigger_target_dag.py
[2025-10-15T17:12:46.218+0000] {logging_mixin.py:188} INFO - [2025-10-15T17:12:46.218+0000] {dag.py:3089} INFO - Sync 1 DAGs
[2025-10-15T17:12:46.225+0000] {logging_mixin.py:188} INFO - [2025-10-15T17:12:46.224+0000] {dag.py:3947} INFO - Setting next_dagrun for example_trigger_target_dag to None, run_after=None
[2025-10-15T17:12:46.234+0000] {processor.py:183} INFO - Processing /home/airflow/.local/lib/python3.12/site-packages/airflow/example_dags/example_trigger_target_dag.py took 0.036 seconds
[2025-10-15T17:13:16.268+0000] {processor.py:161} INFO - Started process (PID=678) to work on /home/airflow/.local/lib/python3.12/site-packages/airflow/example_dags/example_trigger_target_dag.py
[2025-10-15T17:13:16.269+0000] {processor.py:830} INFO - Processing file /home/airflow/.local/lib/python3.12/site-packages/airflow/example_dags/example_trigger_target_dag.py for tasks to queue
[2025-10-15T17:13:16.271+0000] {logging_mixin.py:188} INFO - [2025-10-15T17:13:16.271+0000] {dagbag.py:545} INFO - Filling up the DagBag from /home/airflow/.local/lib/python3.12/site-packages/airflow/example_dags/example_trigger_target_dag.py
[2025-10-15T17:13:16.274+0000] {processor.py:840} INFO - DAG(s) 'example_trigger_target_dag' retrieved from /home/airflow/.local/lib/python3.12/site-packages/airflow/example_dags/example_trigger_target_dag.py
[2025-10-15T17:13:16.286+0000] {logging_mixin.py:188} INFO - [2025-10-15T17:13:16.286+0000] {dag.py:3089} INFO - Sync 1 DAGs
[2025-10-15T17:13:16.293+0000] {logging_mixin.py:188} INFO - [2025-10-15T17:13:16.293+0000] {dag.py:3947} INFO - Setting next_dagrun for example_trigger_target_dag to None, run_after=None
[2025-10-15T17:13:16.302+0000] {processor.py:183} INFO - Processing /home/airflow/.local/lib/python3.12/site-packages/airflow/example_dags/example_trigger_target_dag.py took 0.037 seconds
[2025-10-15T17:13:47.287+0000] {processor.py:161} INFO - Started process (PID=736) to work on /home/airflow/.local/lib/python3.12/site-packages/airflow/example_dags/example_trigger_target_dag.py
[2025-10-15T17:13:47.288+0000] {processor.py:830} INFO - Processing file /home/airflow/.local/lib/python3.12/site-packages/airflow/example_dags/example_trigger_target_dag.py for tasks to queue
[2025-10-15T17:13:47.289+0000] {logging_mixin.py:188} INFO - [2025-10-15T17:13:47.289+0000] {dagbag.py:545} INFO - Filling up the DagBag from /home/airflow/.local/lib/python3.12/site-packages/airflow/example_dags/example_trigger_target_dag.py
[2025-10-15T17:13:47.295+0000] {processor.py:840} INFO - DAG(s) 'example_trigger_target_dag' retrieved from /home/airflow/.local/lib/python3.12/site-packages/airflow/example_dags/example_trigger_target_dag.py
[2025-10-15T17:13:47.314+0000] {logging_mixin.py:188} INFO - [2025-10-15T17:13:47.314+0000] {dag.py:3089} INFO - Sync 1 DAGs
[2025-10-15T17:13:47.322+0000] {logging_mixin.py:188} INFO - [2025-10-15T17:13:47.322+0000] {dag.py:3947} INFO - Setting next_dagrun for example_trigger_target_dag to None, run_after=None
[2025-10-15T17:13:47.334+0000] {processor.py:183} INFO - Processing /home/airflow/.local/lib/python3.12/site-packages/airflow/example_dags/example_trigger_target_dag.py took 0.052 seconds
[2025-10-15T17:14:17.645+0000] {processor.py:161} INFO - Started process (PID=794) to work on /home/airflow/.local/lib/python3.12/site-packages/airflow/example_dags/example_trigger_target_dag.py
[2025-10-15T17:14:17.646+0000] {processor.py:830} INFO - Processing file /home/airflow/.local/lib/python3.12/site-packages/airflow/example_dags/example_trigger_target_dag.py for tasks to queue
[2025-10-15T17:14:17.647+0000] {logging_mixin.py:188} INFO - [2025-10-15T17:14:17.647+0000] {dagbag.py:545} INFO - Filling up the DagBag from /home/airflow/.local/lib/python3.12/site-packages/airflow/example_dags/example_trigger_target_dag.py
[2025-10-15T17:14:17.652+0000] {processor.py:840} INFO - DAG(s) 'example_trigger_target_dag' retrieved from /home/airflow/.local/lib/python3.12/site-packages/airflow/example_dags/example_trigger_target_dag.py
[2025-10-15T17:14:17.663+0000] {logging_mixin.py:188} INFO - [2025-10-15T17:14:17.663+0000] {dag.py:3089} INFO - Sync 1 DAGs
[2025-10-15T17:14:17.670+0000] {logging_mixin.py:188} INFO - [2025-10-15T17:14:17.670+0000] {dag.py:3947} INFO - Setting next_dagrun for example_trigger_target_dag to None, run_after=None
[2025-10-15T17:14:17.679+0000] {processor.py:183} INFO - Processing /home/airflow/.local/lib/python3.12/site-packages/airflow/example_dags/example_trigger_target_dag.py took 0.037 seconds
[2025-10-15T17:14:47.935+0000] {processor.py:161} INFO - Started process (PID=852) to work on /home/airflow/.local/lib/python3.12/site-packages/airflow/example_dags/example_trigger_target_dag.py
[2025-10-15T17:14:47.936+0000] {processor.py:830} INFO - Processing file /home/airflow/.local/lib/python3.12/site-packages/airflow/example_dags/example_trigger_target_dag.py for tasks to queue
[2025-10-15T17:14:47.937+0000] {logging_mixin.py:188} INFO - [2025-10-15T17:14:47.937+0000] {dagbag.py:545} INFO - Filling up the DagBag from /home/airflow/.local/lib/python3.12/site-packages/airflow/example_dags/example_trigger_target_dag.py
[2025-10-15T17:14:47.941+0000] {processor.py:840} INFO - DAG(s) 'example_trigger_target_dag' retrieved from /home/airflow/.local/lib/python3.12/site-packages/airflow/example_dags/example_trigger_target_dag.py
[2025-10-15T17:14:47.954+0000] {logging_mixin.py:188} INFO - [2025-10-15T17:14:47.953+0000] {dag.py:3089} INFO - Sync 1 DAGs
[2025-10-15T17:14:47.964+0000] {logging_mixin.py:188} INFO - [2025-10-15T17:14:47.963+0000] {dag.py:3947} INFO - Setting next_dagrun for example_trigger_target_dag to None, run_after=None
[2025-10-15T17:14:47.975+0000] {processor.py:183} INFO - Processing /home/airflow/.local/lib/python3.12/site-packages/airflow/example_dags/example_trigger_target_dag.py took 0.043 seconds
[2025-10-15T17:15:18.256+0000] {processor.py:161} INFO - Started process (PID=910) to work on /home/airflow/.local/lib/python3.12/site-packages/airflow/example_dags/example_trigger_target_dag.py
[2025-10-15T17:15:18.257+0000] {processor.py:830} INFO - Processing file /home/airflow/.local/lib/python3.12/site-packages/airflow/example_dags/example_trigger_target_dag.py for tasks to queue
[2025-10-15T17:15:18.258+0000] {logging_mixin.py:188} INFO - [2025-10-15T17:15:18.257+0000] {dagbag.py:545} INFO - Filling up the DagBag from /home/airflow/.local/lib/python3.12/site-packages/airflow/example_dags/example_trigger_target_dag.py
[2025-10-15T17:15:18.261+0000] {processor.py:840} INFO - DAG(s) 'example_trigger_target_dag' retrieved from /home/airflow/.local/lib/python3.12/site-packages/airflow/example_dags/example_trigger_target_dag.py
[2025-10-15T17:15:18.272+0000] {logging_mixin.py:188} INFO - [2025-10-15T17:15:18.272+0000] {dag.py:3089} INFO - Sync 1 DAGs
[2025-10-15T17:15:18.279+0000] {logging_mixin.py:188} INFO - [2025-10-15T17:15:18.279+0000] {dag.py:3947} INFO - Setting next_dagrun for example_trigger_target_dag to None, run_after=None
[2025-10-15T17:15:18.288+0000] {processor.py:183} INFO - Processing /home/airflow/.local/lib/python3.12/site-packages/airflow/example_dags/example_trigger_target_dag.py took 0.035 seconds
[2025-10-15T17:19:49.175+0000] {processor.py:161} INFO - Started process (PID=93) to work on /home/airflow/.local/lib/python3.12/site-packages/airflow/example_dags/example_trigger_target_dag.py
[2025-10-15T17:19:49.176+0000] {processor.py:830} INFO - Processing file /home/airflow/.local/lib/python3.12/site-packages/airflow/example_dags/example_trigger_target_dag.py for tasks to queue
[2025-10-15T17:19:49.178+0000] {logging_mixin.py:188} INFO - [2025-10-15T17:19:49.177+0000] {dagbag.py:545} INFO - Filling up the DagBag from /home/airflow/.local/lib/python3.12/site-packages/airflow/example_dags/example_trigger_target_dag.py
[2025-10-15T17:19:49.187+0000] {processor.py:840} INFO - DAG(s) 'example_trigger_target_dag' retrieved from /home/airflow/.local/lib/python3.12/site-packages/airflow/example_dags/example_trigger_target_dag.py
[2025-10-15T17:19:49.291+0000] {logging_mixin.py:188} INFO - [2025-10-15T17:19:49.291+0000] {dag.py:3089} INFO - Sync 1 DAGs
[2025-10-15T17:19:49.302+0000] {logging_mixin.py:188} INFO - [2025-10-15T17:19:49.302+0000] {dag.py:3947} INFO - Setting next_dagrun for example_trigger_target_dag to None, run_after=None
[2025-10-15T17:19:49.326+0000] {processor.py:183} INFO - Processing /home/airflow/.local/lib/python3.12/site-packages/airflow/example_dags/example_trigger_target_dag.py took 0.157 seconds
[2025-10-15T17:20:20.119+0000] {processor.py:161} INFO - Started process (PID=151) to work on /home/airflow/.local/lib/python3.12/site-packages/airflow/example_dags/example_trigger_target_dag.py
[2025-10-15T17:20:20.125+0000] {processor.py:830} INFO - Processing file /home/airflow/.local/lib/python3.12/site-packages/airflow/example_dags/example_trigger_target_dag.py for tasks to queue
[2025-10-15T17:20:20.127+0000] {logging_mixin.py:188} INFO - [2025-10-15T17:20:20.127+0000] {dagbag.py:545} INFO - Filling up the DagBag from /home/airflow/.local/lib/python3.12/site-packages/airflow/example_dags/example_trigger_target_dag.py
[2025-10-15T17:20:20.133+0000] {processor.py:840} INFO - DAG(s) 'example_trigger_target_dag' retrieved from /home/airflow/.local/lib/python3.12/site-packages/airflow/example_dags/example_trigger_target_dag.py
[2025-10-15T17:20:20.152+0000] {logging_mixin.py:188} INFO - [2025-10-15T17:20:20.151+0000] {dag.py:3089} INFO - Sync 1 DAGs
[2025-10-15T17:20:20.162+0000] {logging_mixin.py:188} INFO - [2025-10-15T17:20:20.162+0000] {dag.py:3947} INFO - Setting next_dagrun for example_trigger_target_dag to None, run_after=None
[2025-10-15T17:20:20.183+0000] {processor.py:183} INFO - Processing /home/airflow/.local/lib/python3.12/site-packages/airflow/example_dags/example_trigger_target_dag.py took 0.069 seconds
[2025-10-15T17:20:50.806+0000] {processor.py:161} INFO - Started process (PID=209) to work on /home/airflow/.local/lib/python3.12/site-packages/airflow/example_dags/example_trigger_target_dag.py
[2025-10-15T17:20:50.807+0000] {processor.py:830} INFO - Processing file /home/airflow/.local/lib/python3.12/site-packages/airflow/example_dags/example_trigger_target_dag.py for tasks to queue
[2025-10-15T17:20:50.808+0000] {logging_mixin.py:188} INFO - [2025-10-15T17:20:50.808+0000] {dagbag.py:545} INFO - Filling up the DagBag from /home/airflow/.local/lib/python3.12/site-packages/airflow/example_dags/example_trigger_target_dag.py
[2025-10-15T17:20:50.814+0000] {processor.py:840} INFO - DAG(s) 'example_trigger_target_dag' retrieved from /home/airflow/.local/lib/python3.12/site-packages/airflow/example_dags/example_trigger_target_dag.py
[2025-10-15T17:20:50.838+0000] {logging_mixin.py:188} INFO - [2025-10-15T17:20:50.838+0000] {dag.py:3089} INFO - Sync 1 DAGs
[2025-10-15T17:20:50.847+0000] {logging_mixin.py:188} INFO - [2025-10-15T17:20:50.847+0000] {dag.py:3947} INFO - Setting next_dagrun for example_trigger_target_dag to None, run_after=None
[2025-10-15T17:20:50.862+0000] {processor.py:183} INFO - Processing /home/airflow/.local/lib/python3.12/site-packages/airflow/example_dags/example_trigger_target_dag.py took 0.059 seconds
[2025-10-15T17:21:21.788+0000] {processor.py:161} INFO - Started process (PID=267) to work on /home/airflow/.local/lib/python3.12/site-packages/airflow/example_dags/example_trigger_target_dag.py
[2025-10-15T17:21:21.789+0000] {processor.py:830} INFO - Processing file /home/airflow/.local/lib/python3.12/site-packages/airflow/example_dags/example_trigger_target_dag.py for tasks to queue
[2025-10-15T17:21:21.790+0000] {logging_mixin.py:188} INFO - [2025-10-15T17:21:21.790+0000] {dagbag.py:545} INFO - Filling up the DagBag from /home/airflow/.local/lib/python3.12/site-packages/airflow/example_dags/example_trigger_target_dag.py
[2025-10-15T17:21:21.794+0000] {processor.py:840} INFO - DAG(s) 'example_trigger_target_dag' retrieved from /home/airflow/.local/lib/python3.12/site-packages/airflow/example_dags/example_trigger_target_dag.py
[2025-10-15T17:21:21.807+0000] {logging_mixin.py:188} INFO - [2025-10-15T17:21:21.807+0000] {dag.py:3089} INFO - Sync 1 DAGs
[2025-10-15T17:21:21.814+0000] {logging_mixin.py:188} INFO - [2025-10-15T17:21:21.814+0000] {dag.py:3947} INFO - Setting next_dagrun for example_trigger_target_dag to None, run_after=None
[2025-10-15T17:21:21.832+0000] {processor.py:183} INFO - Processing /home/airflow/.local/lib/python3.12/site-packages/airflow/example_dags/example_trigger_target_dag.py took 0.047 seconds
[2025-10-15T17:21:52.887+0000] {processor.py:161} INFO - Started process (PID=325) to work on /home/airflow/.local/lib/python3.12/site-packages/airflow/example_dags/example_trigger_target_dag.py
[2025-10-15T17:21:52.889+0000] {processor.py:830} INFO - Processing file /home/airflow/.local/lib/python3.12/site-packages/airflow/example_dags/example_trigger_target_dag.py for tasks to queue
[2025-10-15T17:21:52.891+0000] {logging_mixin.py:188} INFO - [2025-10-15T17:21:52.891+0000] {dagbag.py:545} INFO - Filling up the DagBag from /home/airflow/.local/lib/python3.12/site-packages/airflow/example_dags/example_trigger_target_dag.py
[2025-10-15T17:21:52.895+0000] {processor.py:840} INFO - DAG(s) 'example_trigger_target_dag' retrieved from /home/airflow/.local/lib/python3.12/site-packages/airflow/example_dags/example_trigger_target_dag.py
[2025-10-15T17:21:52.911+0000] {logging_mixin.py:188} INFO - [2025-10-15T17:21:52.910+0000] {dag.py:3089} INFO - Sync 1 DAGs
[2025-10-15T17:21:52.923+0000] {logging_mixin.py:188} INFO - [2025-10-15T17:21:52.923+0000] {dag.py:3947} INFO - Setting next_dagrun for example_trigger_target_dag to None, run_after=None
[2025-10-15T17:21:52.942+0000] {processor.py:183} INFO - Processing /home/airflow/.local/lib/python3.12/site-packages/airflow/example_dags/example_trigger_target_dag.py took 0.060 seconds
[2025-10-15T17:22:23.769+0000] {processor.py:161} INFO - Started process (PID=383) to work on /home/airflow/.local/lib/python3.12/site-packages/airflow/example_dags/example_trigger_target_dag.py
[2025-10-15T17:22:23.770+0000] {processor.py:830} INFO - Processing file /home/airflow/.local/lib/python3.12/site-packages/airflow/example_dags/example_trigger_target_dag.py for tasks to queue
[2025-10-15T17:22:23.772+0000] {logging_mixin.py:188} INFO - [2025-10-15T17:22:23.772+0000] {dagbag.py:545} INFO - Filling up the DagBag from /home/airflow/.local/lib/python3.12/site-packages/airflow/example_dags/example_trigger_target_dag.py
[2025-10-15T17:22:23.778+0000] {processor.py:840} INFO - DAG(s) 'example_trigger_target_dag' retrieved from /home/airflow/.local/lib/python3.12/site-packages/airflow/example_dags/example_trigger_target_dag.py
[2025-10-15T17:22:23.796+0000] {logging_mixin.py:188} INFO - [2025-10-15T17:22:23.796+0000] {dag.py:3089} INFO - Sync 1 DAGs
[2025-10-15T17:22:23.807+0000] {logging_mixin.py:188} INFO - [2025-10-15T17:22:23.806+0000] {dag.py:3947} INFO - Setting next_dagrun for example_trigger_target_dag to None, run_after=None
[2025-10-15T17:22:23.817+0000] {processor.py:183} INFO - Processing /home/airflow/.local/lib/python3.12/site-packages/airflow/example_dags/example_trigger_target_dag.py took 0.052 seconds
[2025-10-15T17:22:54.106+0000] {processor.py:161} INFO - Started process (PID=441) to work on /home/airflow/.local/lib/python3.12/site-packages/airflow/example_dags/example_trigger_target_dag.py
[2025-10-15T17:22:54.108+0000] {processor.py:830} INFO - Processing file /home/airflow/.local/lib/python3.12/site-packages/airflow/example_dags/example_trigger_target_dag.py for tasks to queue
[2025-10-15T17:22:54.113+0000] {logging_mixin.py:188} INFO - [2025-10-15T17:22:54.112+0000] {dagbag.py:545} INFO - Filling up the DagBag from /home/airflow/.local/lib/python3.12/site-packages/airflow/example_dags/example_trigger_target_dag.py
[2025-10-15T17:22:54.121+0000] {processor.py:840} INFO - DAG(s) 'example_trigger_target_dag' retrieved from /home/airflow/.local/lib/python3.12/site-packages/airflow/example_dags/example_trigger_target_dag.py
[2025-10-15T17:22:54.146+0000] {logging_mixin.py:188} INFO - [2025-10-15T17:22:54.146+0000] {dag.py:3089} INFO - Sync 1 DAGs
[2025-10-15T17:22:54.157+0000] {logging_mixin.py:188} INFO - [2025-10-15T17:22:54.157+0000] {dag.py:3947} INFO - Setting next_dagrun for example_trigger_target_dag to None, run_after=None
[2025-10-15T17:22:54.174+0000] {processor.py:183} INFO - Processing /home/airflow/.local/lib/python3.12/site-packages/airflow/example_dags/example_trigger_target_dag.py took 0.078 seconds
[2025-10-15T17:23:25.011+0000] {processor.py:161} INFO - Started process (PID=499) to work on /home/airflow/.local/lib/python3.12/site-packages/airflow/example_dags/example_trigger_target_dag.py
[2025-10-15T17:23:25.013+0000] {processor.py:830} INFO - Processing file /home/airflow/.local/lib/python3.12/site-packages/airflow/example_dags/example_trigger_target_dag.py for tasks to queue
[2025-10-15T17:23:25.015+0000] {logging_mixin.py:188} INFO - [2025-10-15T17:23:25.015+0000] {dagbag.py:545} INFO - Filling up the DagBag from /home/airflow/.local/lib/python3.12/site-packages/airflow/example_dags/example_trigger_target_dag.py
[2025-10-15T17:23:25.024+0000] {processor.py:840} INFO - DAG(s) 'example_trigger_target_dag' retrieved from /home/airflow/.local/lib/python3.12/site-packages/airflow/example_dags/example_trigger_target_dag.py
[2025-10-15T17:23:25.041+0000] {logging_mixin.py:188} INFO - [2025-10-15T17:23:25.041+0000] {dag.py:3089} INFO - Sync 1 DAGs
[2025-10-15T17:23:25.050+0000] {logging_mixin.py:188} INFO - [2025-10-15T17:23:25.049+0000] {dag.py:3947} INFO - Setting next_dagrun for example_trigger_target_dag to None, run_after=None
[2025-10-15T17:23:25.061+0000] {processor.py:183} INFO - Processing /home/airflow/.local/lib/python3.12/site-packages/airflow/example_dags/example_trigger_target_dag.py took 0.053 seconds
[2025-10-15T17:23:55.460+0000] {processor.py:161} INFO - Started process (PID=557) to work on /home/airflow/.local/lib/python3.12/site-packages/airflow/example_dags/example_trigger_target_dag.py
[2025-10-15T17:23:55.461+0000] {processor.py:830} INFO - Processing file /home/airflow/.local/lib/python3.12/site-packages/airflow/example_dags/example_trigger_target_dag.py for tasks to queue
[2025-10-15T17:23:55.462+0000] {logging_mixin.py:188} INFO - [2025-10-15T17:23:55.462+0000] {dagbag.py:545} INFO - Filling up the DagBag from /home/airflow/.local/lib/python3.12/site-packages/airflow/example_dags/example_trigger_target_dag.py
[2025-10-15T17:23:55.466+0000] {processor.py:840} INFO - DAG(s) 'example_trigger_target_dag' retrieved from /home/airflow/.local/lib/python3.12/site-packages/airflow/example_dags/example_trigger_target_dag.py
[2025-10-15T17:23:55.484+0000] {logging_mixin.py:188} INFO - [2025-10-15T17:23:55.483+0000] {dag.py:3089} INFO - Sync 1 DAGs
[2025-10-15T17:23:55.493+0000] {logging_mixin.py:188} INFO - [2025-10-15T17:23:55.493+0000] {dag.py:3947} INFO - Setting next_dagrun for example_trigger_target_dag to None, run_after=None
[2025-10-15T17:23:55.515+0000] {processor.py:183} INFO - Processing /home/airflow/.local/lib/python3.12/site-packages/airflow/example_dags/example_trigger_target_dag.py took 0.059 seconds
[2025-10-15T17:24:26.195+0000] {processor.py:161} INFO - Started process (PID=615) to work on /home/airflow/.local/lib/python3.12/site-packages/airflow/example_dags/example_trigger_target_dag.py
[2025-10-15T17:24:26.199+0000] {processor.py:830} INFO - Processing file /home/airflow/.local/lib/python3.12/site-packages/airflow/example_dags/example_trigger_target_dag.py for tasks to queue
[2025-10-15T17:24:26.202+0000] {logging_mixin.py:188} INFO - [2025-10-15T17:24:26.201+0000] {dagbag.py:545} INFO - Filling up the DagBag from /home/airflow/.local/lib/python3.12/site-packages/airflow/example_dags/example_trigger_target_dag.py
[2025-10-15T17:24:26.208+0000] {processor.py:840} INFO - DAG(s) 'example_trigger_target_dag' retrieved from /home/airflow/.local/lib/python3.12/site-packages/airflow/example_dags/example_trigger_target_dag.py
[2025-10-15T17:24:26.231+0000] {logging_mixin.py:188} INFO - [2025-10-15T17:24:26.231+0000] {dag.py:3089} INFO - Sync 1 DAGs
[2025-10-15T17:24:26.241+0000] {logging_mixin.py:188} INFO - [2025-10-15T17:24:26.241+0000] {dag.py:3947} INFO - Setting next_dagrun for example_trigger_target_dag to None, run_after=None
[2025-10-15T17:24:26.263+0000] {processor.py:183} INFO - Processing /home/airflow/.local/lib/python3.12/site-packages/airflow/example_dags/example_trigger_target_dag.py took 0.073 seconds
