[2025-10-15T17:08:14.555+0000] {processor.py:161} INFO - Started process (PID=109) to work on /home/airflow/.local/lib/python3.12/site-packages/airflow/example_dags/example_subdag_operator.py
[2025-10-15T17:08:14.559+0000] {processor.py:830} INFO - Processing file /home/airflow/.local/lib/python3.12/site-packages/airflow/example_dags/example_subdag_operator.py for tasks to queue
[2025-10-15T17:08:14.564+0000] {logging_mixin.py:188} INFO - [2025-10-15T17:08:14.563+0000] {dagbag.py:545} INFO - Filling up the DagBag from /home/airflow/.local/lib/python3.12/site-packages/airflow/example_dags/example_subdag_operator.py
[2025-10-15T17:08:14.607+0000] {processor.py:840} INFO - DAG(s) 'example_subdag_operator.section-1', 'example_subdag_operator.section-2', 'example_subdag_operator' retrieved from /home/airflow/.local/lib/python3.12/site-packages/airflow/example_dags/example_subdag_operator.py
[2025-10-15T17:08:14.736+0000] {logging_mixin.py:188} INFO - [2025-10-15T17:08:14.735+0000] {override.py:1858} INFO - Created Permission View: can edit on DAG:example_subdag_operator
[2025-10-15T17:08:14.757+0000] {logging_mixin.py:188} INFO - [2025-10-15T17:08:14.757+0000] {override.py:1858} INFO - Created Permission View: can delete on DAG:example_subdag_operator
[2025-10-15T17:08:14.785+0000] {logging_mixin.py:188} INFO - [2025-10-15T17:08:14.784+0000] {override.py:1858} INFO - Created Permission View: can read on DAG:example_subdag_operator
[2025-10-15T17:08:14.788+0000] {logging_mixin.py:188} INFO - [2025-10-15T17:08:14.788+0000] {dag.py:3089} INFO - Sync 3 DAGs
[2025-10-15T17:08:14.822+0000] {logging_mixin.py:188} INFO - [2025-10-15T17:08:14.822+0000] {dag.py:3111} INFO - Creating ORM DAG for example_subdag_operator.section-1
[2025-10-15T17:08:14.829+0000] {logging_mixin.py:188} INFO - [2025-10-15T17:08:14.828+0000] {dag.py:3111} INFO - Creating ORM DAG for example_subdag_operator
[2025-10-15T17:08:14.831+0000] {logging_mixin.py:188} INFO - [2025-10-15T17:08:14.830+0000] {dag.py:3111} INFO - Creating ORM DAG for example_subdag_operator.section-2
[2025-10-15T17:08:14.853+0000] {logging_mixin.py:188} INFO - [2025-10-15T17:08:14.853+0000] {dag.py:3947} INFO - Setting next_dagrun for example_subdag_operator to 2022-01-01 00:00:00+00:00, run_after=2022-01-01 00:00:00+00:00
[2025-10-15T17:08:14.854+0000] {logging_mixin.py:188} INFO - [2025-10-15T17:08:14.854+0000] {dag.py:3947} INFO - Setting next_dagrun for example_subdag_operator.section-1 to None, run_after=None
[2025-10-15T17:08:14.855+0000] {logging_mixin.py:188} INFO - [2025-10-15T17:08:14.855+0000] {dag.py:3947} INFO - Setting next_dagrun for example_subdag_operator.section-2 to None, run_after=None
[2025-10-15T17:08:14.873+0000] {logging_mixin.py:188} INFO - [2025-10-15T17:08:14.872+0000] {dag.py:3089} INFO - Sync 2 DAGs
[2025-10-15T17:08:14.882+0000] {logging_mixin.py:188} INFO - [2025-10-15T17:08:14.882+0000] {dag.py:3947} INFO - Setting next_dagrun for example_subdag_operator.section-1 to None, run_after=None
[2025-10-15T17:08:14.887+0000] {logging_mixin.py:188} INFO - [2025-10-15T17:08:14.887+0000] {dag.py:3947} INFO - Setting next_dagrun for example_subdag_operator.section-2 to None, run_after=None
[2025-10-15T17:08:14.911+0000] {processor.py:183} INFO - Processing /home/airflow/.local/lib/python3.12/site-packages/airflow/example_dags/example_subdag_operator.py took 0.362 seconds
[2025-10-15T17:08:45.366+0000] {processor.py:161} INFO - Started process (PID=167) to work on /home/airflow/.local/lib/python3.12/site-packages/airflow/example_dags/example_subdag_operator.py
[2025-10-15T17:08:45.367+0000] {processor.py:830} INFO - Processing file /home/airflow/.local/lib/python3.12/site-packages/airflow/example_dags/example_subdag_operator.py for tasks to queue
[2025-10-15T17:08:45.369+0000] {logging_mixin.py:188} INFO - [2025-10-15T17:08:45.369+0000] {dagbag.py:545} INFO - Filling up the DagBag from /home/airflow/.local/lib/python3.12/site-packages/airflow/example_dags/example_subdag_operator.py
[2025-10-15T17:08:45.406+0000] {processor.py:840} INFO - DAG(s) 'example_subdag_operator.section-1', 'example_subdag_operator.section-2', 'example_subdag_operator' retrieved from /home/airflow/.local/lib/python3.12/site-packages/airflow/example_dags/example_subdag_operator.py
[2025-10-15T17:08:45.425+0000] {logging_mixin.py:188} INFO - [2025-10-15T17:08:45.424+0000] {dag.py:3089} INFO - Sync 3 DAGs
[2025-10-15T17:08:45.455+0000] {logging_mixin.py:188} INFO - [2025-10-15T17:08:45.455+0000] {dag.py:3947} INFO - Setting next_dagrun for example_subdag_operator to 2022-01-01 00:00:00+00:00, run_after=2022-01-01 00:00:00+00:00
[2025-10-15T17:08:45.461+0000] {logging_mixin.py:188} INFO - [2025-10-15T17:08:45.461+0000] {dag.py:3947} INFO - Setting next_dagrun for example_subdag_operator.section-1 to None, run_after=None
[2025-10-15T17:08:45.463+0000] {logging_mixin.py:188} INFO - [2025-10-15T17:08:45.463+0000] {dag.py:3947} INFO - Setting next_dagrun for example_subdag_operator.section-2 to None, run_after=None
[2025-10-15T17:08:45.475+0000] {logging_mixin.py:188} INFO - [2025-10-15T17:08:45.475+0000] {dag.py:3089} INFO - Sync 2 DAGs
[2025-10-15T17:08:45.483+0000] {logging_mixin.py:188} INFO - [2025-10-15T17:08:45.483+0000] {dag.py:3947} INFO - Setting next_dagrun for example_subdag_operator.section-1 to None, run_after=None
[2025-10-15T17:08:45.483+0000] {logging_mixin.py:188} INFO - [2025-10-15T17:08:45.483+0000] {dag.py:3947} INFO - Setting next_dagrun for example_subdag_operator.section-2 to None, run_after=None
[2025-10-15T17:08:45.501+0000] {processor.py:183} INFO - Processing /home/airflow/.local/lib/python3.12/site-packages/airflow/example_dags/example_subdag_operator.py took 0.141 seconds
[2025-10-15T17:09:17.220+0000] {processor.py:161} INFO - Started process (PID=225) to work on /home/airflow/.local/lib/python3.12/site-packages/airflow/example_dags/example_subdag_operator.py
[2025-10-15T17:09:17.224+0000] {processor.py:830} INFO - Processing file /home/airflow/.local/lib/python3.12/site-packages/airflow/example_dags/example_subdag_operator.py for tasks to queue
[2025-10-15T17:09:17.226+0000] {logging_mixin.py:188} INFO - [2025-10-15T17:09:17.226+0000] {dagbag.py:545} INFO - Filling up the DagBag from /home/airflow/.local/lib/python3.12/site-packages/airflow/example_dags/example_subdag_operator.py
[2025-10-15T17:09:17.246+0000] {processor.py:840} INFO - DAG(s) 'example_subdag_operator.section-1', 'example_subdag_operator.section-2', 'example_subdag_operator' retrieved from /home/airflow/.local/lib/python3.12/site-packages/airflow/example_dags/example_subdag_operator.py
[2025-10-15T17:09:17.261+0000] {logging_mixin.py:188} INFO - [2025-10-15T17:09:17.261+0000] {dag.py:3089} INFO - Sync 3 DAGs
[2025-10-15T17:09:17.284+0000] {logging_mixin.py:188} INFO - [2025-10-15T17:09:17.283+0000] {dag.py:3947} INFO - Setting next_dagrun for example_subdag_operator to 2022-01-01 00:00:00+00:00, run_after=2022-01-01 00:00:00+00:00
[2025-10-15T17:09:17.288+0000] {logging_mixin.py:188} INFO - [2025-10-15T17:09:17.288+0000] {dag.py:3947} INFO - Setting next_dagrun for example_subdag_operator.section-1 to None, run_after=None
[2025-10-15T17:09:17.289+0000] {logging_mixin.py:188} INFO - [2025-10-15T17:09:17.289+0000] {dag.py:3947} INFO - Setting next_dagrun for example_subdag_operator.section-2 to None, run_after=None
[2025-10-15T17:09:17.299+0000] {logging_mixin.py:188} INFO - [2025-10-15T17:09:17.298+0000] {dag.py:3089} INFO - Sync 2 DAGs
[2025-10-15T17:09:17.306+0000] {logging_mixin.py:188} INFO - [2025-10-15T17:09:17.306+0000] {dag.py:3947} INFO - Setting next_dagrun for example_subdag_operator.section-1 to None, run_after=None
[2025-10-15T17:09:17.307+0000] {logging_mixin.py:188} INFO - [2025-10-15T17:09:17.306+0000] {dag.py:3947} INFO - Setting next_dagrun for example_subdag_operator.section-2 to None, run_after=None
[2025-10-15T17:09:17.320+0000] {processor.py:183} INFO - Processing /home/airflow/.local/lib/python3.12/site-packages/airflow/example_dags/example_subdag_operator.py took 0.106 seconds
[2025-10-15T17:09:47.352+0000] {processor.py:161} INFO - Started process (PID=283) to work on /home/airflow/.local/lib/python3.12/site-packages/airflow/example_dags/example_subdag_operator.py
[2025-10-15T17:09:47.354+0000] {processor.py:830} INFO - Processing file /home/airflow/.local/lib/python3.12/site-packages/airflow/example_dags/example_subdag_operator.py for tasks to queue
[2025-10-15T17:09:47.355+0000] {logging_mixin.py:188} INFO - [2025-10-15T17:09:47.355+0000] {dagbag.py:545} INFO - Filling up the DagBag from /home/airflow/.local/lib/python3.12/site-packages/airflow/example_dags/example_subdag_operator.py
[2025-10-15T17:09:47.374+0000] {processor.py:840} INFO - DAG(s) 'example_subdag_operator.section-1', 'example_subdag_operator.section-2', 'example_subdag_operator' retrieved from /home/airflow/.local/lib/python3.12/site-packages/airflow/example_dags/example_subdag_operator.py
[2025-10-15T17:09:47.386+0000] {logging_mixin.py:188} INFO - [2025-10-15T17:09:47.386+0000] {dag.py:3089} INFO - Sync 3 DAGs
[2025-10-15T17:09:47.399+0000] {logging_mixin.py:188} INFO - [2025-10-15T17:09:47.399+0000] {dag.py:3947} INFO - Setting next_dagrun for example_subdag_operator to 2022-01-01 00:00:00+00:00, run_after=2022-01-01 00:00:00+00:00
[2025-10-15T17:09:47.401+0000] {logging_mixin.py:188} INFO - [2025-10-15T17:09:47.401+0000] {dag.py:3947} INFO - Setting next_dagrun for example_subdag_operator.section-1 to None, run_after=None
[2025-10-15T17:09:47.402+0000] {logging_mixin.py:188} INFO - [2025-10-15T17:09:47.402+0000] {dag.py:3947} INFO - Setting next_dagrun for example_subdag_operator.section-2 to None, run_after=None
[2025-10-15T17:09:47.408+0000] {logging_mixin.py:188} INFO - [2025-10-15T17:09:47.408+0000] {dag.py:3089} INFO - Sync 2 DAGs
[2025-10-15T17:09:47.414+0000] {logging_mixin.py:188} INFO - [2025-10-15T17:09:47.414+0000] {dag.py:3947} INFO - Setting next_dagrun for example_subdag_operator.section-1 to None, run_after=None
[2025-10-15T17:09:47.414+0000] {logging_mixin.py:188} INFO - [2025-10-15T17:09:47.414+0000] {dag.py:3947} INFO - Setting next_dagrun for example_subdag_operator.section-2 to None, run_after=None
[2025-10-15T17:09:47.419+0000] {processor.py:183} INFO - Processing /home/airflow/.local/lib/python3.12/site-packages/airflow/example_dags/example_subdag_operator.py took 0.071 seconds
[2025-10-15T17:10:17.613+0000] {processor.py:161} INFO - Started process (PID=341) to work on /home/airflow/.local/lib/python3.12/site-packages/airflow/example_dags/example_subdag_operator.py
[2025-10-15T17:10:17.614+0000] {processor.py:830} INFO - Processing file /home/airflow/.local/lib/python3.12/site-packages/airflow/example_dags/example_subdag_operator.py for tasks to queue
[2025-10-15T17:10:17.615+0000] {logging_mixin.py:188} INFO - [2025-10-15T17:10:17.615+0000] {dagbag.py:545} INFO - Filling up the DagBag from /home/airflow/.local/lib/python3.12/site-packages/airflow/example_dags/example_subdag_operator.py
[2025-10-15T17:10:17.630+0000] {processor.py:840} INFO - DAG(s) 'example_subdag_operator.section-1', 'example_subdag_operator.section-2', 'example_subdag_operator' retrieved from /home/airflow/.local/lib/python3.12/site-packages/airflow/example_dags/example_subdag_operator.py
[2025-10-15T17:10:17.639+0000] {logging_mixin.py:188} INFO - [2025-10-15T17:10:17.639+0000] {dag.py:3089} INFO - Sync 3 DAGs
[2025-10-15T17:10:17.652+0000] {logging_mixin.py:188} INFO - [2025-10-15T17:10:17.652+0000] {dag.py:3947} INFO - Setting next_dagrun for example_subdag_operator to 2022-01-01 00:00:00+00:00, run_after=2022-01-01 00:00:00+00:00
[2025-10-15T17:10:17.655+0000] {logging_mixin.py:188} INFO - [2025-10-15T17:10:17.655+0000] {dag.py:3947} INFO - Setting next_dagrun for example_subdag_operator.section-1 to None, run_after=None
[2025-10-15T17:10:17.656+0000] {logging_mixin.py:188} INFO - [2025-10-15T17:10:17.655+0000] {dag.py:3947} INFO - Setting next_dagrun for example_subdag_operator.section-2 to None, run_after=None
[2025-10-15T17:10:17.660+0000] {logging_mixin.py:188} INFO - [2025-10-15T17:10:17.660+0000] {dag.py:3089} INFO - Sync 2 DAGs
[2025-10-15T17:10:17.663+0000] {logging_mixin.py:188} INFO - [2025-10-15T17:10:17.663+0000] {dag.py:3947} INFO - Setting next_dagrun for example_subdag_operator.section-1 to None, run_after=None
[2025-10-15T17:10:17.663+0000] {logging_mixin.py:188} INFO - [2025-10-15T17:10:17.663+0000] {dag.py:3947} INFO - Setting next_dagrun for example_subdag_operator.section-2 to None, run_after=None
[2025-10-15T17:10:17.668+0000] {processor.py:183} INFO - Processing /home/airflow/.local/lib/python3.12/site-packages/airflow/example_dags/example_subdag_operator.py took 0.058 seconds
[2025-10-15T17:10:47.852+0000] {processor.py:161} INFO - Started process (PID=399) to work on /home/airflow/.local/lib/python3.12/site-packages/airflow/example_dags/example_subdag_operator.py
[2025-10-15T17:10:47.853+0000] {processor.py:830} INFO - Processing file /home/airflow/.local/lib/python3.12/site-packages/airflow/example_dags/example_subdag_operator.py for tasks to queue
[2025-10-15T17:10:47.854+0000] {logging_mixin.py:188} INFO - [2025-10-15T17:10:47.854+0000] {dagbag.py:545} INFO - Filling up the DagBag from /home/airflow/.local/lib/python3.12/site-packages/airflow/example_dags/example_subdag_operator.py
[2025-10-15T17:10:47.868+0000] {processor.py:840} INFO - DAG(s) 'example_subdag_operator.section-1', 'example_subdag_operator.section-2', 'example_subdag_operator' retrieved from /home/airflow/.local/lib/python3.12/site-packages/airflow/example_dags/example_subdag_operator.py
[2025-10-15T17:10:47.877+0000] {logging_mixin.py:188} INFO - [2025-10-15T17:10:47.876+0000] {dag.py:3089} INFO - Sync 3 DAGs
[2025-10-15T17:10:47.888+0000] {logging_mixin.py:188} INFO - [2025-10-15T17:10:47.888+0000] {dag.py:3947} INFO - Setting next_dagrun for example_subdag_operator to 2022-01-01 00:00:00+00:00, run_after=2022-01-01 00:00:00+00:00
[2025-10-15T17:10:47.890+0000] {logging_mixin.py:188} INFO - [2025-10-15T17:10:47.890+0000] {dag.py:3947} INFO - Setting next_dagrun for example_subdag_operator.section-1 to None, run_after=None
[2025-10-15T17:10:47.891+0000] {logging_mixin.py:188} INFO - [2025-10-15T17:10:47.891+0000] {dag.py:3947} INFO - Setting next_dagrun for example_subdag_operator.section-2 to None, run_after=None
[2025-10-15T17:10:47.894+0000] {logging_mixin.py:188} INFO - [2025-10-15T17:10:47.894+0000] {dag.py:3089} INFO - Sync 2 DAGs
[2025-10-15T17:10:47.897+0000] {logging_mixin.py:188} INFO - [2025-10-15T17:10:47.897+0000] {dag.py:3947} INFO - Setting next_dagrun for example_subdag_operator.section-1 to None, run_after=None
[2025-10-15T17:10:47.897+0000] {logging_mixin.py:188} INFO - [2025-10-15T17:10:47.897+0000] {dag.py:3947} INFO - Setting next_dagrun for example_subdag_operator.section-2 to None, run_after=None
[2025-10-15T17:10:47.902+0000] {processor.py:183} INFO - Processing /home/airflow/.local/lib/python3.12/site-packages/airflow/example_dags/example_subdag_operator.py took 0.053 seconds
[2025-10-15T17:11:18.506+0000] {processor.py:161} INFO - Started process (PID=457) to work on /home/airflow/.local/lib/python3.12/site-packages/airflow/example_dags/example_subdag_operator.py
[2025-10-15T17:11:18.508+0000] {processor.py:830} INFO - Processing file /home/airflow/.local/lib/python3.12/site-packages/airflow/example_dags/example_subdag_operator.py for tasks to queue
[2025-10-15T17:11:18.509+0000] {logging_mixin.py:188} INFO - [2025-10-15T17:11:18.509+0000] {dagbag.py:545} INFO - Filling up the DagBag from /home/airflow/.local/lib/python3.12/site-packages/airflow/example_dags/example_subdag_operator.py
[2025-10-15T17:11:18.529+0000] {processor.py:840} INFO - DAG(s) 'example_subdag_operator.section-1', 'example_subdag_operator.section-2', 'example_subdag_operator' retrieved from /home/airflow/.local/lib/python3.12/site-packages/airflow/example_dags/example_subdag_operator.py
[2025-10-15T17:11:18.540+0000] {logging_mixin.py:188} INFO - [2025-10-15T17:11:18.540+0000] {dag.py:3089} INFO - Sync 3 DAGs
[2025-10-15T17:11:18.554+0000] {logging_mixin.py:188} INFO - [2025-10-15T17:11:18.554+0000] {dag.py:3947} INFO - Setting next_dagrun for example_subdag_operator to 2022-01-01 00:00:00+00:00, run_after=2022-01-01 00:00:00+00:00
[2025-10-15T17:11:18.556+0000] {logging_mixin.py:188} INFO - [2025-10-15T17:11:18.556+0000] {dag.py:3947} INFO - Setting next_dagrun for example_subdag_operator.section-1 to None, run_after=None
[2025-10-15T17:11:18.557+0000] {logging_mixin.py:188} INFO - [2025-10-15T17:11:18.557+0000] {dag.py:3947} INFO - Setting next_dagrun for example_subdag_operator.section-2 to None, run_after=None
[2025-10-15T17:11:18.561+0000] {logging_mixin.py:188} INFO - [2025-10-15T17:11:18.561+0000] {dag.py:3089} INFO - Sync 2 DAGs
[2025-10-15T17:11:18.564+0000] {logging_mixin.py:188} INFO - [2025-10-15T17:11:18.564+0000] {dag.py:3947} INFO - Setting next_dagrun for example_subdag_operator.section-1 to None, run_after=None
[2025-10-15T17:11:18.565+0000] {logging_mixin.py:188} INFO - [2025-10-15T17:11:18.565+0000] {dag.py:3947} INFO - Setting next_dagrun for example_subdag_operator.section-2 to None, run_after=None
[2025-10-15T17:11:18.570+0000] {processor.py:183} INFO - Processing /home/airflow/.local/lib/python3.12/site-packages/airflow/example_dags/example_subdag_operator.py took 0.069 seconds
[2025-10-15T17:11:48.680+0000] {processor.py:161} INFO - Started process (PID=516) to work on /home/airflow/.local/lib/python3.12/site-packages/airflow/example_dags/example_subdag_operator.py
[2025-10-15T17:11:48.681+0000] {processor.py:830} INFO - Processing file /home/airflow/.local/lib/python3.12/site-packages/airflow/example_dags/example_subdag_operator.py for tasks to queue
[2025-10-15T17:11:48.682+0000] {logging_mixin.py:188} INFO - [2025-10-15T17:11:48.682+0000] {dagbag.py:545} INFO - Filling up the DagBag from /home/airflow/.local/lib/python3.12/site-packages/airflow/example_dags/example_subdag_operator.py
[2025-10-15T17:11:48.702+0000] {processor.py:840} INFO - DAG(s) 'example_subdag_operator.section-1', 'example_subdag_operator.section-2', 'example_subdag_operator' retrieved from /home/airflow/.local/lib/python3.12/site-packages/airflow/example_dags/example_subdag_operator.py
[2025-10-15T17:11:48.717+0000] {logging_mixin.py:188} INFO - [2025-10-15T17:11:48.717+0000] {dag.py:3089} INFO - Sync 3 DAGs
[2025-10-15T17:11:48.740+0000] {logging_mixin.py:188} INFO - [2025-10-15T17:11:48.739+0000] {dag.py:3947} INFO - Setting next_dagrun for example_subdag_operator to 2022-01-01 00:00:00+00:00, run_after=2022-01-01 00:00:00+00:00
[2025-10-15T17:11:48.743+0000] {logging_mixin.py:188} INFO - [2025-10-15T17:11:48.743+0000] {dag.py:3947} INFO - Setting next_dagrun for example_subdag_operator.section-1 to None, run_after=None
[2025-10-15T17:11:48.744+0000] {logging_mixin.py:188} INFO - [2025-10-15T17:11:48.744+0000] {dag.py:3947} INFO - Setting next_dagrun for example_subdag_operator.section-2 to None, run_after=None
[2025-10-15T17:11:48.750+0000] {logging_mixin.py:188} INFO - [2025-10-15T17:11:48.749+0000] {dag.py:3089} INFO - Sync 2 DAGs
[2025-10-15T17:11:48.757+0000] {logging_mixin.py:188} INFO - [2025-10-15T17:11:48.757+0000] {dag.py:3947} INFO - Setting next_dagrun for example_subdag_operator.section-1 to None, run_after=None
[2025-10-15T17:11:48.758+0000] {logging_mixin.py:188} INFO - [2025-10-15T17:11:48.758+0000] {dag.py:3947} INFO - Setting next_dagrun for example_subdag_operator.section-2 to None, run_after=None
[2025-10-15T17:11:48.770+0000] {processor.py:183} INFO - Processing /home/airflow/.local/lib/python3.12/site-packages/airflow/example_dags/example_subdag_operator.py took 0.094 seconds
[2025-10-15T17:12:18.947+0000] {processor.py:161} INFO - Started process (PID=575) to work on /home/airflow/.local/lib/python3.12/site-packages/airflow/example_dags/example_subdag_operator.py
[2025-10-15T17:12:18.951+0000] {processor.py:830} INFO - Processing file /home/airflow/.local/lib/python3.12/site-packages/airflow/example_dags/example_subdag_operator.py for tasks to queue
[2025-10-15T17:12:18.953+0000] {logging_mixin.py:188} INFO - [2025-10-15T17:12:18.952+0000] {dagbag.py:545} INFO - Filling up the DagBag from /home/airflow/.local/lib/python3.12/site-packages/airflow/example_dags/example_subdag_operator.py
[2025-10-15T17:12:18.970+0000] {processor.py:840} INFO - DAG(s) 'example_subdag_operator.section-1', 'example_subdag_operator.section-2', 'example_subdag_operator' retrieved from /home/airflow/.local/lib/python3.12/site-packages/airflow/example_dags/example_subdag_operator.py
[2025-10-15T17:12:18.982+0000] {logging_mixin.py:188} INFO - [2025-10-15T17:12:18.982+0000] {dag.py:3089} INFO - Sync 3 DAGs
[2025-10-15T17:12:18.996+0000] {logging_mixin.py:188} INFO - [2025-10-15T17:12:18.996+0000] {dag.py:3947} INFO - Setting next_dagrun for example_subdag_operator to 2022-01-01 00:00:00+00:00, run_after=2022-01-01 00:00:00+00:00
[2025-10-15T17:12:18.999+0000] {logging_mixin.py:188} INFO - [2025-10-15T17:12:18.999+0000] {dag.py:3947} INFO - Setting next_dagrun for example_subdag_operator.section-1 to None, run_after=None
[2025-10-15T17:12:19.000+0000] {logging_mixin.py:188} INFO - [2025-10-15T17:12:19.000+0000] {dag.py:3947} INFO - Setting next_dagrun for example_subdag_operator.section-2 to None, run_after=None
[2025-10-15T17:12:19.006+0000] {logging_mixin.py:188} INFO - [2025-10-15T17:12:19.006+0000] {dag.py:3089} INFO - Sync 2 DAGs
[2025-10-15T17:12:19.009+0000] {logging_mixin.py:188} INFO - [2025-10-15T17:12:19.009+0000] {dag.py:3947} INFO - Setting next_dagrun for example_subdag_operator.section-1 to None, run_after=None
[2025-10-15T17:12:19.009+0000] {logging_mixin.py:188} INFO - [2025-10-15T17:12:19.009+0000] {dag.py:3947} INFO - Setting next_dagrun for example_subdag_operator.section-2 to None, run_after=None
[2025-10-15T17:12:19.015+0000] {processor.py:183} INFO - Processing /home/airflow/.local/lib/python3.12/site-packages/airflow/example_dags/example_subdag_operator.py took 0.071 seconds
[2025-10-15T17:12:49.616+0000] {processor.py:161} INFO - Started process (PID=631) to work on /home/airflow/.local/lib/python3.12/site-packages/airflow/example_dags/example_subdag_operator.py
[2025-10-15T17:12:49.617+0000] {processor.py:830} INFO - Processing file /home/airflow/.local/lib/python3.12/site-packages/airflow/example_dags/example_subdag_operator.py for tasks to queue
[2025-10-15T17:12:49.618+0000] {logging_mixin.py:188} INFO - [2025-10-15T17:12:49.618+0000] {dagbag.py:545} INFO - Filling up the DagBag from /home/airflow/.local/lib/python3.12/site-packages/airflow/example_dags/example_subdag_operator.py
[2025-10-15T17:12:49.632+0000] {processor.py:840} INFO - DAG(s) 'example_subdag_operator.section-1', 'example_subdag_operator.section-2', 'example_subdag_operator' retrieved from /home/airflow/.local/lib/python3.12/site-packages/airflow/example_dags/example_subdag_operator.py
[2025-10-15T17:12:49.640+0000] {logging_mixin.py:188} INFO - [2025-10-15T17:12:49.640+0000] {dag.py:3089} INFO - Sync 3 DAGs
[2025-10-15T17:12:49.652+0000] {logging_mixin.py:188} INFO - [2025-10-15T17:12:49.652+0000] {dag.py:3947} INFO - Setting next_dagrun for example_subdag_operator to 2022-01-01 00:00:00+00:00, run_after=2022-01-01 00:00:00+00:00
[2025-10-15T17:12:49.654+0000] {logging_mixin.py:188} INFO - [2025-10-15T17:12:49.654+0000] {dag.py:3947} INFO - Setting next_dagrun for example_subdag_operator.section-1 to None, run_after=None
[2025-10-15T17:12:49.654+0000] {logging_mixin.py:188} INFO - [2025-10-15T17:12:49.654+0000] {dag.py:3947} INFO - Setting next_dagrun for example_subdag_operator.section-2 to None, run_after=None
[2025-10-15T17:12:49.659+0000] {logging_mixin.py:188} INFO - [2025-10-15T17:12:49.659+0000] {dag.py:3089} INFO - Sync 2 DAGs
[2025-10-15T17:12:49.662+0000] {logging_mixin.py:188} INFO - [2025-10-15T17:12:49.661+0000] {dag.py:3947} INFO - Setting next_dagrun for example_subdag_operator.section-1 to None, run_after=None
[2025-10-15T17:12:49.662+0000] {logging_mixin.py:188} INFO - [2025-10-15T17:12:49.662+0000] {dag.py:3947} INFO - Setting next_dagrun for example_subdag_operator.section-2 to None, run_after=None
[2025-10-15T17:12:49.667+0000] {processor.py:183} INFO - Processing /home/airflow/.local/lib/python3.12/site-packages/airflow/example_dags/example_subdag_operator.py took 0.055 seconds
[2025-10-15T17:13:19.704+0000] {processor.py:161} INFO - Started process (PID=689) to work on /home/airflow/.local/lib/python3.12/site-packages/airflow/example_dags/example_subdag_operator.py
[2025-10-15T17:13:19.705+0000] {processor.py:830} INFO - Processing file /home/airflow/.local/lib/python3.12/site-packages/airflow/example_dags/example_subdag_operator.py for tasks to queue
[2025-10-15T17:13:19.706+0000] {logging_mixin.py:188} INFO - [2025-10-15T17:13:19.706+0000] {dagbag.py:545} INFO - Filling up the DagBag from /home/airflow/.local/lib/python3.12/site-packages/airflow/example_dags/example_subdag_operator.py
[2025-10-15T17:13:19.720+0000] {processor.py:840} INFO - DAG(s) 'example_subdag_operator.section-1', 'example_subdag_operator.section-2', 'example_subdag_operator' retrieved from /home/airflow/.local/lib/python3.12/site-packages/airflow/example_dags/example_subdag_operator.py
[2025-10-15T17:13:19.728+0000] {logging_mixin.py:188} INFO - [2025-10-15T17:13:19.728+0000] {dag.py:3089} INFO - Sync 3 DAGs
[2025-10-15T17:13:19.739+0000] {logging_mixin.py:188} INFO - [2025-10-15T17:13:19.739+0000] {dag.py:3947} INFO - Setting next_dagrun for example_subdag_operator to 2022-01-01 00:00:00+00:00, run_after=2022-01-01 00:00:00+00:00
[2025-10-15T17:13:19.742+0000] {logging_mixin.py:188} INFO - [2025-10-15T17:13:19.741+0000] {dag.py:3947} INFO - Setting next_dagrun for example_subdag_operator.section-1 to None, run_after=None
[2025-10-15T17:13:19.742+0000] {logging_mixin.py:188} INFO - [2025-10-15T17:13:19.742+0000] {dag.py:3947} INFO - Setting next_dagrun for example_subdag_operator.section-2 to None, run_after=None
[2025-10-15T17:13:19.746+0000] {logging_mixin.py:188} INFO - [2025-10-15T17:13:19.746+0000] {dag.py:3089} INFO - Sync 2 DAGs
[2025-10-15T17:13:19.748+0000] {logging_mixin.py:188} INFO - [2025-10-15T17:13:19.748+0000] {dag.py:3947} INFO - Setting next_dagrun for example_subdag_operator.section-1 to None, run_after=None
[2025-10-15T17:13:19.749+0000] {logging_mixin.py:188} INFO - [2025-10-15T17:13:19.749+0000] {dag.py:3947} INFO - Setting next_dagrun for example_subdag_operator.section-2 to None, run_after=None
[2025-10-15T17:13:19.754+0000] {processor.py:183} INFO - Processing /home/airflow/.local/lib/python3.12/site-packages/airflow/example_dags/example_subdag_operator.py took 0.055 seconds
[2025-10-15T17:13:50.702+0000] {processor.py:161} INFO - Started process (PID=747) to work on /home/airflow/.local/lib/python3.12/site-packages/airflow/example_dags/example_subdag_operator.py
[2025-10-15T17:13:50.703+0000] {processor.py:830} INFO - Processing file /home/airflow/.local/lib/python3.12/site-packages/airflow/example_dags/example_subdag_operator.py for tasks to queue
[2025-10-15T17:13:50.705+0000] {logging_mixin.py:188} INFO - [2025-10-15T17:13:50.705+0000] {dagbag.py:545} INFO - Filling up the DagBag from /home/airflow/.local/lib/python3.12/site-packages/airflow/example_dags/example_subdag_operator.py
[2025-10-15T17:13:50.720+0000] {processor.py:840} INFO - DAG(s) 'example_subdag_operator.section-1', 'example_subdag_operator.section-2', 'example_subdag_operator' retrieved from /home/airflow/.local/lib/python3.12/site-packages/airflow/example_dags/example_subdag_operator.py
[2025-10-15T17:13:50.729+0000] {logging_mixin.py:188} INFO - [2025-10-15T17:13:50.729+0000] {dag.py:3089} INFO - Sync 3 DAGs
[2025-10-15T17:13:50.742+0000] {logging_mixin.py:188} INFO - [2025-10-15T17:13:50.741+0000] {dag.py:3947} INFO - Setting next_dagrun for example_subdag_operator to 2022-01-01 00:00:00+00:00, run_after=2022-01-01 00:00:00+00:00
[2025-10-15T17:13:50.744+0000] {logging_mixin.py:188} INFO - [2025-10-15T17:13:50.743+0000] {dag.py:3947} INFO - Setting next_dagrun for example_subdag_operator.section-1 to None, run_after=None
[2025-10-15T17:13:50.744+0000] {logging_mixin.py:188} INFO - [2025-10-15T17:13:50.744+0000] {dag.py:3947} INFO - Setting next_dagrun for example_subdag_operator.section-2 to None, run_after=None
[2025-10-15T17:13:50.748+0000] {logging_mixin.py:188} INFO - [2025-10-15T17:13:50.748+0000] {dag.py:3089} INFO - Sync 2 DAGs
[2025-10-15T17:13:50.752+0000] {logging_mixin.py:188} INFO - [2025-10-15T17:13:50.751+0000] {dag.py:3947} INFO - Setting next_dagrun for example_subdag_operator.section-1 to None, run_after=None
[2025-10-15T17:13:50.752+0000] {logging_mixin.py:188} INFO - [2025-10-15T17:13:50.752+0000] {dag.py:3947} INFO - Setting next_dagrun for example_subdag_operator.section-2 to None, run_after=None
[2025-10-15T17:13:50.757+0000] {processor.py:183} INFO - Processing /home/airflow/.local/lib/python3.12/site-packages/airflow/example_dags/example_subdag_operator.py took 0.059 seconds
[2025-10-15T17:14:21.015+0000] {processor.py:161} INFO - Started process (PID=805) to work on /home/airflow/.local/lib/python3.12/site-packages/airflow/example_dags/example_subdag_operator.py
[2025-10-15T17:14:21.016+0000] {processor.py:830} INFO - Processing file /home/airflow/.local/lib/python3.12/site-packages/airflow/example_dags/example_subdag_operator.py for tasks to queue
[2025-10-15T17:14:21.017+0000] {logging_mixin.py:188} INFO - [2025-10-15T17:14:21.017+0000] {dagbag.py:545} INFO - Filling up the DagBag from /home/airflow/.local/lib/python3.12/site-packages/airflow/example_dags/example_subdag_operator.py
[2025-10-15T17:14:21.031+0000] {processor.py:840} INFO - DAG(s) 'example_subdag_operator.section-1', 'example_subdag_operator.section-2', 'example_subdag_operator' retrieved from /home/airflow/.local/lib/python3.12/site-packages/airflow/example_dags/example_subdag_operator.py
[2025-10-15T17:14:21.040+0000] {logging_mixin.py:188} INFO - [2025-10-15T17:14:21.040+0000] {dag.py:3089} INFO - Sync 3 DAGs
[2025-10-15T17:14:21.052+0000] {logging_mixin.py:188} INFO - [2025-10-15T17:14:21.052+0000] {dag.py:3947} INFO - Setting next_dagrun for example_subdag_operator to 2022-01-01 00:00:00+00:00, run_after=2022-01-01 00:00:00+00:00
[2025-10-15T17:14:21.054+0000] {logging_mixin.py:188} INFO - [2025-10-15T17:14:21.054+0000] {dag.py:3947} INFO - Setting next_dagrun for example_subdag_operator.section-1 to None, run_after=None
[2025-10-15T17:14:21.057+0000] {logging_mixin.py:188} INFO - [2025-10-15T17:14:21.057+0000] {dag.py:3947} INFO - Setting next_dagrun for example_subdag_operator.section-2 to None, run_after=None
[2025-10-15T17:14:21.061+0000] {logging_mixin.py:188} INFO - [2025-10-15T17:14:21.061+0000] {dag.py:3089} INFO - Sync 2 DAGs
[2025-10-15T17:14:21.064+0000] {logging_mixin.py:188} INFO - [2025-10-15T17:14:21.064+0000] {dag.py:3947} INFO - Setting next_dagrun for example_subdag_operator.section-1 to None, run_after=None
[2025-10-15T17:14:21.064+0000] {logging_mixin.py:188} INFO - [2025-10-15T17:14:21.064+0000] {dag.py:3947} INFO - Setting next_dagrun for example_subdag_operator.section-2 to None, run_after=None
[2025-10-15T17:14:21.070+0000] {processor.py:183} INFO - Processing /home/airflow/.local/lib/python3.12/site-packages/airflow/example_dags/example_subdag_operator.py took 0.058 seconds
[2025-10-15T17:14:51.272+0000] {processor.py:161} INFO - Started process (PID=864) to work on /home/airflow/.local/lib/python3.12/site-packages/airflow/example_dags/example_subdag_operator.py
[2025-10-15T17:14:51.273+0000] {processor.py:830} INFO - Processing file /home/airflow/.local/lib/python3.12/site-packages/airflow/example_dags/example_subdag_operator.py for tasks to queue
[2025-10-15T17:14:51.274+0000] {logging_mixin.py:188} INFO - [2025-10-15T17:14:51.274+0000] {dagbag.py:545} INFO - Filling up the DagBag from /home/airflow/.local/lib/python3.12/site-packages/airflow/example_dags/example_subdag_operator.py
[2025-10-15T17:14:51.288+0000] {processor.py:840} INFO - DAG(s) 'example_subdag_operator.section-1', 'example_subdag_operator.section-2', 'example_subdag_operator' retrieved from /home/airflow/.local/lib/python3.12/site-packages/airflow/example_dags/example_subdag_operator.py
[2025-10-15T17:14:51.296+0000] {logging_mixin.py:188} INFO - [2025-10-15T17:14:51.296+0000] {dag.py:3089} INFO - Sync 3 DAGs
[2025-10-15T17:14:51.307+0000] {logging_mixin.py:188} INFO - [2025-10-15T17:14:51.307+0000] {dag.py:3947} INFO - Setting next_dagrun for example_subdag_operator to 2022-01-01 00:00:00+00:00, run_after=2022-01-01 00:00:00+00:00
[2025-10-15T17:14:51.309+0000] {logging_mixin.py:188} INFO - [2025-10-15T17:14:51.309+0000] {dag.py:3947} INFO - Setting next_dagrun for example_subdag_operator.section-1 to None, run_after=None
[2025-10-15T17:14:51.310+0000] {logging_mixin.py:188} INFO - [2025-10-15T17:14:51.310+0000] {dag.py:3947} INFO - Setting next_dagrun for example_subdag_operator.section-2 to None, run_after=None
[2025-10-15T17:14:51.314+0000] {logging_mixin.py:188} INFO - [2025-10-15T17:14:51.314+0000] {dag.py:3089} INFO - Sync 2 DAGs
[2025-10-15T17:14:51.316+0000] {logging_mixin.py:188} INFO - [2025-10-15T17:14:51.316+0000] {dag.py:3947} INFO - Setting next_dagrun for example_subdag_operator.section-1 to None, run_after=None
[2025-10-15T17:14:51.316+0000] {logging_mixin.py:188} INFO - [2025-10-15T17:14:51.316+0000] {dag.py:3947} INFO - Setting next_dagrun for example_subdag_operator.section-2 to None, run_after=None
[2025-10-15T17:14:51.322+0000] {processor.py:183} INFO - Processing /home/airflow/.local/lib/python3.12/site-packages/airflow/example_dags/example_subdag_operator.py took 0.053 seconds
[2025-10-15T17:15:21.616+0000] {processor.py:161} INFO - Started process (PID=921) to work on /home/airflow/.local/lib/python3.12/site-packages/airflow/example_dags/example_subdag_operator.py
[2025-10-15T17:15:21.617+0000] {processor.py:830} INFO - Processing file /home/airflow/.local/lib/python3.12/site-packages/airflow/example_dags/example_subdag_operator.py for tasks to queue
[2025-10-15T17:15:21.621+0000] {logging_mixin.py:188} INFO - [2025-10-15T17:15:21.621+0000] {dagbag.py:545} INFO - Filling up the DagBag from /home/airflow/.local/lib/python3.12/site-packages/airflow/example_dags/example_subdag_operator.py
[2025-10-15T17:15:21.637+0000] {processor.py:840} INFO - DAG(s) 'example_subdag_operator.section-1', 'example_subdag_operator.section-2', 'example_subdag_operator' retrieved from /home/airflow/.local/lib/python3.12/site-packages/airflow/example_dags/example_subdag_operator.py
[2025-10-15T17:15:21.648+0000] {logging_mixin.py:188} INFO - [2025-10-15T17:15:21.647+0000] {dag.py:3089} INFO - Sync 3 DAGs
[2025-10-15T17:15:21.663+0000] {logging_mixin.py:188} INFO - [2025-10-15T17:15:21.662+0000] {dag.py:3947} INFO - Setting next_dagrun for example_subdag_operator to 2022-01-01 00:00:00+00:00, run_after=2022-01-01 00:00:00+00:00
[2025-10-15T17:15:21.666+0000] {logging_mixin.py:188} INFO - [2025-10-15T17:15:21.666+0000] {dag.py:3947} INFO - Setting next_dagrun for example_subdag_operator.section-1 to None, run_after=None
[2025-10-15T17:15:21.667+0000] {logging_mixin.py:188} INFO - [2025-10-15T17:15:21.667+0000] {dag.py:3947} INFO - Setting next_dagrun for example_subdag_operator.section-2 to None, run_after=None
[2025-10-15T17:15:21.671+0000] {logging_mixin.py:188} INFO - [2025-10-15T17:15:21.671+0000] {dag.py:3089} INFO - Sync 2 DAGs
[2025-10-15T17:15:21.674+0000] {logging_mixin.py:188} INFO - [2025-10-15T17:15:21.674+0000] {dag.py:3947} INFO - Setting next_dagrun for example_subdag_operator.section-1 to None, run_after=None
[2025-10-15T17:15:21.675+0000] {logging_mixin.py:188} INFO - [2025-10-15T17:15:21.675+0000] {dag.py:3947} INFO - Setting next_dagrun for example_subdag_operator.section-2 to None, run_after=None
[2025-10-15T17:15:21.681+0000] {processor.py:183} INFO - Processing /home/airflow/.local/lib/python3.12/site-packages/airflow/example_dags/example_subdag_operator.py took 0.069 seconds
[2025-10-15T17:19:50.283+0000] {processor.py:161} INFO - Started process (PID=104) to work on /home/airflow/.local/lib/python3.12/site-packages/airflow/example_dags/example_subdag_operator.py
[2025-10-15T17:19:50.285+0000] {processor.py:830} INFO - Processing file /home/airflow/.local/lib/python3.12/site-packages/airflow/example_dags/example_subdag_operator.py for tasks to queue
[2025-10-15T17:19:50.288+0000] {logging_mixin.py:188} INFO - [2025-10-15T17:19:50.288+0000] {dagbag.py:545} INFO - Filling up the DagBag from /home/airflow/.local/lib/python3.12/site-packages/airflow/example_dags/example_subdag_operator.py
[2025-10-15T17:19:50.312+0000] {processor.py:840} INFO - DAG(s) 'example_subdag_operator.section-1', 'example_subdag_operator.section-2', 'example_subdag_operator' retrieved from /home/airflow/.local/lib/python3.12/site-packages/airflow/example_dags/example_subdag_operator.py
[2025-10-15T17:19:50.414+0000] {logging_mixin.py:188} INFO - [2025-10-15T17:19:50.414+0000] {dag.py:3089} INFO - Sync 3 DAGs
[2025-10-15T17:19:50.436+0000] {logging_mixin.py:188} INFO - [2025-10-15T17:19:50.435+0000] {dag.py:3947} INFO - Setting next_dagrun for example_subdag_operator to 2022-01-01 00:00:00+00:00, run_after=2022-01-01 00:00:00+00:00
[2025-10-15T17:19:50.442+0000] {logging_mixin.py:188} INFO - [2025-10-15T17:19:50.441+0000] {dag.py:3947} INFO - Setting next_dagrun for example_subdag_operator.section-1 to None, run_after=None
[2025-10-15T17:19:50.443+0000] {logging_mixin.py:188} INFO - [2025-10-15T17:19:50.443+0000] {dag.py:3947} INFO - Setting next_dagrun for example_subdag_operator.section-2 to None, run_after=None
[2025-10-15T17:19:50.455+0000] {logging_mixin.py:188} INFO - [2025-10-15T17:19:50.455+0000] {dag.py:3089} INFO - Sync 2 DAGs
[2025-10-15T17:19:50.460+0000] {logging_mixin.py:188} INFO - [2025-10-15T17:19:50.460+0000] {dag.py:3947} INFO - Setting next_dagrun for example_subdag_operator.section-1 to None, run_after=None
[2025-10-15T17:19:50.462+0000] {logging_mixin.py:188} INFO - [2025-10-15T17:19:50.462+0000] {dag.py:3947} INFO - Setting next_dagrun for example_subdag_operator.section-2 to None, run_after=None
[2025-10-15T17:19:50.475+0000] {processor.py:183} INFO - Processing /home/airflow/.local/lib/python3.12/site-packages/airflow/example_dags/example_subdag_operator.py took 0.197 seconds
[2025-10-15T17:20:20.863+0000] {processor.py:161} INFO - Started process (PID=162) to work on /home/airflow/.local/lib/python3.12/site-packages/airflow/example_dags/example_subdag_operator.py
[2025-10-15T17:20:20.865+0000] {processor.py:830} INFO - Processing file /home/airflow/.local/lib/python3.12/site-packages/airflow/example_dags/example_subdag_operator.py for tasks to queue
[2025-10-15T17:20:20.867+0000] {logging_mixin.py:188} INFO - [2025-10-15T17:20:20.867+0000] {dagbag.py:545} INFO - Filling up the DagBag from /home/airflow/.local/lib/python3.12/site-packages/airflow/example_dags/example_subdag_operator.py
[2025-10-15T17:20:20.897+0000] {processor.py:840} INFO - DAG(s) 'example_subdag_operator.section-1', 'example_subdag_operator.section-2', 'example_subdag_operator' retrieved from /home/airflow/.local/lib/python3.12/site-packages/airflow/example_dags/example_subdag_operator.py
[2025-10-15T17:20:20.913+0000] {logging_mixin.py:188} INFO - [2025-10-15T17:20:20.913+0000] {dag.py:3089} INFO - Sync 3 DAGs
[2025-10-15T17:20:20.927+0000] {logging_mixin.py:188} INFO - [2025-10-15T17:20:20.927+0000] {dag.py:3947} INFO - Setting next_dagrun for example_subdag_operator to 2022-01-01 00:00:00+00:00, run_after=2022-01-01 00:00:00+00:00
[2025-10-15T17:20:20.930+0000] {logging_mixin.py:188} INFO - [2025-10-15T17:20:20.930+0000] {dag.py:3947} INFO - Setting next_dagrun for example_subdag_operator.section-1 to None, run_after=None
[2025-10-15T17:20:20.931+0000] {logging_mixin.py:188} INFO - [2025-10-15T17:20:20.931+0000] {dag.py:3947} INFO - Setting next_dagrun for example_subdag_operator.section-2 to None, run_after=None
[2025-10-15T17:20:20.935+0000] {logging_mixin.py:188} INFO - [2025-10-15T17:20:20.935+0000] {dag.py:3089} INFO - Sync 2 DAGs
[2025-10-15T17:20:20.938+0000] {logging_mixin.py:188} INFO - [2025-10-15T17:20:20.938+0000] {dag.py:3947} INFO - Setting next_dagrun for example_subdag_operator.section-1 to None, run_after=None
[2025-10-15T17:20:20.939+0000] {logging_mixin.py:188} INFO - [2025-10-15T17:20:20.938+0000] {dag.py:3947} INFO - Setting next_dagrun for example_subdag_operator.section-2 to None, run_after=None
[2025-10-15T17:20:20.948+0000] {processor.py:183} INFO - Processing /home/airflow/.local/lib/python3.12/site-packages/airflow/example_dags/example_subdag_operator.py took 0.091 seconds
[2025-10-15T17:20:51.513+0000] {processor.py:161} INFO - Started process (PID=220) to work on /home/airflow/.local/lib/python3.12/site-packages/airflow/example_dags/example_subdag_operator.py
[2025-10-15T17:20:51.513+0000] {processor.py:830} INFO - Processing file /home/airflow/.local/lib/python3.12/site-packages/airflow/example_dags/example_subdag_operator.py for tasks to queue
[2025-10-15T17:20:51.515+0000] {logging_mixin.py:188} INFO - [2025-10-15T17:20:51.514+0000] {dagbag.py:545} INFO - Filling up the DagBag from /home/airflow/.local/lib/python3.12/site-packages/airflow/example_dags/example_subdag_operator.py
[2025-10-15T17:20:51.549+0000] {processor.py:840} INFO - DAG(s) 'example_subdag_operator.section-1', 'example_subdag_operator.section-2', 'example_subdag_operator' retrieved from /home/airflow/.local/lib/python3.12/site-packages/airflow/example_dags/example_subdag_operator.py
[2025-10-15T17:20:51.562+0000] {logging_mixin.py:188} INFO - [2025-10-15T17:20:51.562+0000] {dag.py:3089} INFO - Sync 3 DAGs
[2025-10-15T17:20:51.579+0000] {logging_mixin.py:188} INFO - [2025-10-15T17:20:51.579+0000] {dag.py:3947} INFO - Setting next_dagrun for example_subdag_operator to 2022-01-01 00:00:00+00:00, run_after=2022-01-01 00:00:00+00:00
[2025-10-15T17:20:51.582+0000] {logging_mixin.py:188} INFO - [2025-10-15T17:20:51.581+0000] {dag.py:3947} INFO - Setting next_dagrun for example_subdag_operator.section-1 to None, run_after=None
[2025-10-15T17:20:51.583+0000] {logging_mixin.py:188} INFO - [2025-10-15T17:20:51.582+0000] {dag.py:3947} INFO - Setting next_dagrun for example_subdag_operator.section-2 to None, run_after=None
[2025-10-15T17:20:51.588+0000] {logging_mixin.py:188} INFO - [2025-10-15T17:20:51.588+0000] {dag.py:3089} INFO - Sync 2 DAGs
[2025-10-15T17:20:51.596+0000] {logging_mixin.py:188} INFO - [2025-10-15T17:20:51.595+0000] {dag.py:3947} INFO - Setting next_dagrun for example_subdag_operator.section-1 to None, run_after=None
[2025-10-15T17:20:51.596+0000] {logging_mixin.py:188} INFO - [2025-10-15T17:20:51.596+0000] {dag.py:3947} INFO - Setting next_dagrun for example_subdag_operator.section-2 to None, run_after=None
[2025-10-15T17:20:51.603+0000] {processor.py:183} INFO - Processing /home/airflow/.local/lib/python3.12/site-packages/airflow/example_dags/example_subdag_operator.py took 0.095 seconds
[2025-10-15T17:21:22.604+0000] {processor.py:161} INFO - Started process (PID=278) to work on /home/airflow/.local/lib/python3.12/site-packages/airflow/example_dags/example_subdag_operator.py
[2025-10-15T17:21:22.607+0000] {processor.py:830} INFO - Processing file /home/airflow/.local/lib/python3.12/site-packages/airflow/example_dags/example_subdag_operator.py for tasks to queue
[2025-10-15T17:21:22.609+0000] {logging_mixin.py:188} INFO - [2025-10-15T17:21:22.609+0000] {dagbag.py:545} INFO - Filling up the DagBag from /home/airflow/.local/lib/python3.12/site-packages/airflow/example_dags/example_subdag_operator.py
[2025-10-15T17:21:22.645+0000] {processor.py:840} INFO - DAG(s) 'example_subdag_operator.section-1', 'example_subdag_operator.section-2', 'example_subdag_operator' retrieved from /home/airflow/.local/lib/python3.12/site-packages/airflow/example_dags/example_subdag_operator.py
[2025-10-15T17:21:22.670+0000] {logging_mixin.py:188} INFO - [2025-10-15T17:21:22.669+0000] {dag.py:3089} INFO - Sync 3 DAGs
[2025-10-15T17:21:22.699+0000] {logging_mixin.py:188} INFO - [2025-10-15T17:21:22.699+0000] {dag.py:3947} INFO - Setting next_dagrun for example_subdag_operator to 2022-01-01 00:00:00+00:00, run_after=2022-01-01 00:00:00+00:00
[2025-10-15T17:21:22.704+0000] {logging_mixin.py:188} INFO - [2025-10-15T17:21:22.704+0000] {dag.py:3947} INFO - Setting next_dagrun for example_subdag_operator.section-1 to None, run_after=None
[2025-10-15T17:21:22.705+0000] {logging_mixin.py:188} INFO - [2025-10-15T17:21:22.705+0000] {dag.py:3947} INFO - Setting next_dagrun for example_subdag_operator.section-2 to None, run_after=None
[2025-10-15T17:21:22.714+0000] {logging_mixin.py:188} INFO - [2025-10-15T17:21:22.714+0000] {dag.py:3089} INFO - Sync 2 DAGs
[2025-10-15T17:21:22.725+0000] {logging_mixin.py:188} INFO - [2025-10-15T17:21:22.724+0000] {dag.py:3947} INFO - Setting next_dagrun for example_subdag_operator.section-1 to None, run_after=None
[2025-10-15T17:21:22.726+0000] {logging_mixin.py:188} INFO - [2025-10-15T17:21:22.725+0000] {dag.py:3947} INFO - Setting next_dagrun for example_subdag_operator.section-2 to None, run_after=None
[2025-10-15T17:21:22.742+0000] {processor.py:183} INFO - Processing /home/airflow/.local/lib/python3.12/site-packages/airflow/example_dags/example_subdag_operator.py took 0.146 seconds
[2025-10-15T17:21:53.586+0000] {processor.py:161} INFO - Started process (PID=336) to work on /home/airflow/.local/lib/python3.12/site-packages/airflow/example_dags/example_subdag_operator.py
[2025-10-15T17:21:53.587+0000] {processor.py:830} INFO - Processing file /home/airflow/.local/lib/python3.12/site-packages/airflow/example_dags/example_subdag_operator.py for tasks to queue
[2025-10-15T17:21:53.588+0000] {logging_mixin.py:188} INFO - [2025-10-15T17:21:53.588+0000] {dagbag.py:545} INFO - Filling up the DagBag from /home/airflow/.local/lib/python3.12/site-packages/airflow/example_dags/example_subdag_operator.py
[2025-10-15T17:21:53.614+0000] {processor.py:840} INFO - DAG(s) 'example_subdag_operator.section-1', 'example_subdag_operator.section-2', 'example_subdag_operator' retrieved from /home/airflow/.local/lib/python3.12/site-packages/airflow/example_dags/example_subdag_operator.py
[2025-10-15T17:21:53.625+0000] {logging_mixin.py:188} INFO - [2025-10-15T17:21:53.625+0000] {dag.py:3089} INFO - Sync 3 DAGs
[2025-10-15T17:21:53.643+0000] {logging_mixin.py:188} INFO - [2025-10-15T17:21:53.643+0000] {dag.py:3947} INFO - Setting next_dagrun for example_subdag_operator to 2022-01-01 00:00:00+00:00, run_after=2022-01-01 00:00:00+00:00
[2025-10-15T17:21:53.645+0000] {logging_mixin.py:188} INFO - [2025-10-15T17:21:53.645+0000] {dag.py:3947} INFO - Setting next_dagrun for example_subdag_operator.section-1 to None, run_after=None
[2025-10-15T17:21:53.646+0000] {logging_mixin.py:188} INFO - [2025-10-15T17:21:53.646+0000] {dag.py:3947} INFO - Setting next_dagrun for example_subdag_operator.section-2 to None, run_after=None
[2025-10-15T17:21:53.652+0000] {logging_mixin.py:188} INFO - [2025-10-15T17:21:53.652+0000] {dag.py:3089} INFO - Sync 2 DAGs
[2025-10-15T17:21:53.657+0000] {logging_mixin.py:188} INFO - [2025-10-15T17:21:53.657+0000] {dag.py:3947} INFO - Setting next_dagrun for example_subdag_operator.section-1 to None, run_after=None
[2025-10-15T17:21:53.658+0000] {logging_mixin.py:188} INFO - [2025-10-15T17:21:53.658+0000] {dag.py:3947} INFO - Setting next_dagrun for example_subdag_operator.section-2 to None, run_after=None
[2025-10-15T17:21:53.671+0000] {processor.py:183} INFO - Processing /home/airflow/.local/lib/python3.12/site-packages/airflow/example_dags/example_subdag_operator.py took 0.089 seconds
[2025-10-15T17:22:24.203+0000] {processor.py:161} INFO - Started process (PID=394) to work on /home/airflow/.local/lib/python3.12/site-packages/airflow/example_dags/example_subdag_operator.py
[2025-10-15T17:22:24.206+0000] {processor.py:830} INFO - Processing file /home/airflow/.local/lib/python3.12/site-packages/airflow/example_dags/example_subdag_operator.py for tasks to queue
[2025-10-15T17:22:24.208+0000] {logging_mixin.py:188} INFO - [2025-10-15T17:22:24.207+0000] {dagbag.py:545} INFO - Filling up the DagBag from /home/airflow/.local/lib/python3.12/site-packages/airflow/example_dags/example_subdag_operator.py
[2025-10-15T17:22:24.224+0000] {processor.py:840} INFO - DAG(s) 'example_subdag_operator.section-1', 'example_subdag_operator.section-2', 'example_subdag_operator' retrieved from /home/airflow/.local/lib/python3.12/site-packages/airflow/example_dags/example_subdag_operator.py
[2025-10-15T17:22:24.236+0000] {logging_mixin.py:188} INFO - [2025-10-15T17:22:24.235+0000] {dag.py:3089} INFO - Sync 3 DAGs
[2025-10-15T17:22:24.253+0000] {logging_mixin.py:188} INFO - [2025-10-15T17:22:24.253+0000] {dag.py:3947} INFO - Setting next_dagrun for example_subdag_operator to 2022-01-01 00:00:00+00:00, run_after=2022-01-01 00:00:00+00:00
[2025-10-15T17:22:24.256+0000] {logging_mixin.py:188} INFO - [2025-10-15T17:22:24.256+0000] {dag.py:3947} INFO - Setting next_dagrun for example_subdag_operator.section-1 to None, run_after=None
[2025-10-15T17:22:24.257+0000] {logging_mixin.py:188} INFO - [2025-10-15T17:22:24.257+0000] {dag.py:3947} INFO - Setting next_dagrun for example_subdag_operator.section-2 to None, run_after=None
[2025-10-15T17:22:24.265+0000] {logging_mixin.py:188} INFO - [2025-10-15T17:22:24.264+0000] {dag.py:3089} INFO - Sync 2 DAGs
[2025-10-15T17:22:24.270+0000] {logging_mixin.py:188} INFO - [2025-10-15T17:22:24.270+0000] {dag.py:3947} INFO - Setting next_dagrun for example_subdag_operator.section-1 to None, run_after=None
[2025-10-15T17:22:24.270+0000] {logging_mixin.py:188} INFO - [2025-10-15T17:22:24.270+0000] {dag.py:3947} INFO - Setting next_dagrun for example_subdag_operator.section-2 to None, run_after=None
[2025-10-15T17:22:24.283+0000] {processor.py:183} INFO - Processing /home/airflow/.local/lib/python3.12/site-packages/airflow/example_dags/example_subdag_operator.py took 0.084 seconds
[2025-10-15T17:22:54.756+0000] {processor.py:161} INFO - Started process (PID=452) to work on /home/airflow/.local/lib/python3.12/site-packages/airflow/example_dags/example_subdag_operator.py
[2025-10-15T17:22:54.758+0000] {processor.py:830} INFO - Processing file /home/airflow/.local/lib/python3.12/site-packages/airflow/example_dags/example_subdag_operator.py for tasks to queue
[2025-10-15T17:22:54.760+0000] {logging_mixin.py:188} INFO - [2025-10-15T17:22:54.760+0000] {dagbag.py:545} INFO - Filling up the DagBag from /home/airflow/.local/lib/python3.12/site-packages/airflow/example_dags/example_subdag_operator.py
[2025-10-15T17:22:54.788+0000] {processor.py:840} INFO - DAG(s) 'example_subdag_operator.section-1', 'example_subdag_operator.section-2', 'example_subdag_operator' retrieved from /home/airflow/.local/lib/python3.12/site-packages/airflow/example_dags/example_subdag_operator.py
[2025-10-15T17:22:54.806+0000] {logging_mixin.py:188} INFO - [2025-10-15T17:22:54.806+0000] {dag.py:3089} INFO - Sync 3 DAGs
[2025-10-15T17:22:54.823+0000] {logging_mixin.py:188} INFO - [2025-10-15T17:22:54.823+0000] {dag.py:3947} INFO - Setting next_dagrun for example_subdag_operator to 2022-01-01 00:00:00+00:00, run_after=2022-01-01 00:00:00+00:00
[2025-10-15T17:22:54.826+0000] {logging_mixin.py:188} INFO - [2025-10-15T17:22:54.826+0000] {dag.py:3947} INFO - Setting next_dagrun for example_subdag_operator.section-1 to None, run_after=None
[2025-10-15T17:22:54.828+0000] {logging_mixin.py:188} INFO - [2025-10-15T17:22:54.828+0000] {dag.py:3947} INFO - Setting next_dagrun for example_subdag_operator.section-2 to None, run_after=None
[2025-10-15T17:22:54.835+0000] {logging_mixin.py:188} INFO - [2025-10-15T17:22:54.835+0000] {dag.py:3089} INFO - Sync 2 DAGs
[2025-10-15T17:22:54.839+0000] {logging_mixin.py:188} INFO - [2025-10-15T17:22:54.839+0000] {dag.py:3947} INFO - Setting next_dagrun for example_subdag_operator.section-1 to None, run_after=None
[2025-10-15T17:22:54.839+0000] {logging_mixin.py:188} INFO - [2025-10-15T17:22:54.839+0000] {dag.py:3947} INFO - Setting next_dagrun for example_subdag_operator.section-2 to None, run_after=None
[2025-10-15T17:22:54.846+0000] {processor.py:183} INFO - Processing /home/airflow/.local/lib/python3.12/site-packages/airflow/example_dags/example_subdag_operator.py took 0.095 seconds
[2025-10-15T17:23:25.408+0000] {processor.py:161} INFO - Started process (PID=510) to work on /home/airflow/.local/lib/python3.12/site-packages/airflow/example_dags/example_subdag_operator.py
[2025-10-15T17:23:25.408+0000] {processor.py:830} INFO - Processing file /home/airflow/.local/lib/python3.12/site-packages/airflow/example_dags/example_subdag_operator.py for tasks to queue
[2025-10-15T17:23:25.410+0000] {logging_mixin.py:188} INFO - [2025-10-15T17:23:25.410+0000] {dagbag.py:545} INFO - Filling up the DagBag from /home/airflow/.local/lib/python3.12/site-packages/airflow/example_dags/example_subdag_operator.py
[2025-10-15T17:23:25.424+0000] {processor.py:840} INFO - DAG(s) 'example_subdag_operator.section-1', 'example_subdag_operator.section-2', 'example_subdag_operator' retrieved from /home/airflow/.local/lib/python3.12/site-packages/airflow/example_dags/example_subdag_operator.py
[2025-10-15T17:23:25.436+0000] {logging_mixin.py:188} INFO - [2025-10-15T17:23:25.436+0000] {dag.py:3089} INFO - Sync 3 DAGs
[2025-10-15T17:23:25.453+0000] {logging_mixin.py:188} INFO - [2025-10-15T17:23:25.452+0000] {dag.py:3947} INFO - Setting next_dagrun for example_subdag_operator to 2022-01-01 00:00:00+00:00, run_after=2022-01-01 00:00:00+00:00
[2025-10-15T17:23:25.455+0000] {logging_mixin.py:188} INFO - [2025-10-15T17:23:25.455+0000] {dag.py:3947} INFO - Setting next_dagrun for example_subdag_operator.section-1 to None, run_after=None
[2025-10-15T17:23:25.455+0000] {logging_mixin.py:188} INFO - [2025-10-15T17:23:25.455+0000] {dag.py:3947} INFO - Setting next_dagrun for example_subdag_operator.section-2 to None, run_after=None
[2025-10-15T17:23:25.459+0000] {logging_mixin.py:188} INFO - [2025-10-15T17:23:25.459+0000] {dag.py:3089} INFO - Sync 2 DAGs
[2025-10-15T17:23:25.464+0000] {logging_mixin.py:188} INFO - [2025-10-15T17:23:25.464+0000] {dag.py:3947} INFO - Setting next_dagrun for example_subdag_operator.section-1 to None, run_after=None
[2025-10-15T17:23:25.465+0000] {logging_mixin.py:188} INFO - [2025-10-15T17:23:25.465+0000] {dag.py:3947} INFO - Setting next_dagrun for example_subdag_operator.section-2 to None, run_after=None
[2025-10-15T17:23:25.476+0000] {processor.py:183} INFO - Processing /home/airflow/.local/lib/python3.12/site-packages/airflow/example_dags/example_subdag_operator.py took 0.071 seconds
[2025-10-15T17:23:55.918+0000] {processor.py:161} INFO - Started process (PID=568) to work on /home/airflow/.local/lib/python3.12/site-packages/airflow/example_dags/example_subdag_operator.py
[2025-10-15T17:23:55.920+0000] {processor.py:830} INFO - Processing file /home/airflow/.local/lib/python3.12/site-packages/airflow/example_dags/example_subdag_operator.py for tasks to queue
[2025-10-15T17:23:55.922+0000] {logging_mixin.py:188} INFO - [2025-10-15T17:23:55.922+0000] {dagbag.py:545} INFO - Filling up the DagBag from /home/airflow/.local/lib/python3.12/site-packages/airflow/example_dags/example_subdag_operator.py
[2025-10-15T17:23:55.946+0000] {processor.py:840} INFO - DAG(s) 'example_subdag_operator.section-1', 'example_subdag_operator.section-2', 'example_subdag_operator' retrieved from /home/airflow/.local/lib/python3.12/site-packages/airflow/example_dags/example_subdag_operator.py
[2025-10-15T17:23:55.957+0000] {logging_mixin.py:188} INFO - [2025-10-15T17:23:55.957+0000] {dag.py:3089} INFO - Sync 3 DAGs
[2025-10-15T17:23:55.970+0000] {logging_mixin.py:188} INFO - [2025-10-15T17:23:55.970+0000] {dag.py:3947} INFO - Setting next_dagrun for example_subdag_operator to 2022-01-01 00:00:00+00:00, run_after=2022-01-01 00:00:00+00:00
[2025-10-15T17:23:55.972+0000] {logging_mixin.py:188} INFO - [2025-10-15T17:23:55.972+0000] {dag.py:3947} INFO - Setting next_dagrun for example_subdag_operator.section-1 to None, run_after=None
[2025-10-15T17:23:55.973+0000] {logging_mixin.py:188} INFO - [2025-10-15T17:23:55.973+0000] {dag.py:3947} INFO - Setting next_dagrun for example_subdag_operator.section-2 to None, run_after=None
[2025-10-15T17:23:55.978+0000] {logging_mixin.py:188} INFO - [2025-10-15T17:23:55.978+0000] {dag.py:3089} INFO - Sync 2 DAGs
[2025-10-15T17:23:55.982+0000] {logging_mixin.py:188} INFO - [2025-10-15T17:23:55.982+0000] {dag.py:3947} INFO - Setting next_dagrun for example_subdag_operator.section-1 to None, run_after=None
[2025-10-15T17:23:55.982+0000] {logging_mixin.py:188} INFO - [2025-10-15T17:23:55.982+0000] {dag.py:3947} INFO - Setting next_dagrun for example_subdag_operator.section-2 to None, run_after=None
[2025-10-15T17:23:55.989+0000] {processor.py:183} INFO - Processing /home/airflow/.local/lib/python3.12/site-packages/airflow/example_dags/example_subdag_operator.py took 0.075 seconds
[2025-10-15T17:24:27.111+0000] {processor.py:161} INFO - Started process (PID=626) to work on /home/airflow/.local/lib/python3.12/site-packages/airflow/example_dags/example_subdag_operator.py
[2025-10-15T17:24:27.112+0000] {processor.py:830} INFO - Processing file /home/airflow/.local/lib/python3.12/site-packages/airflow/example_dags/example_subdag_operator.py for tasks to queue
[2025-10-15T17:24:27.114+0000] {logging_mixin.py:188} INFO - [2025-10-15T17:24:27.113+0000] {dagbag.py:545} INFO - Filling up the DagBag from /home/airflow/.local/lib/python3.12/site-packages/airflow/example_dags/example_subdag_operator.py
[2025-10-15T17:24:27.134+0000] {processor.py:840} INFO - DAG(s) 'example_subdag_operator.section-1', 'example_subdag_operator.section-2', 'example_subdag_operator' retrieved from /home/airflow/.local/lib/python3.12/site-packages/airflow/example_dags/example_subdag_operator.py
[2025-10-15T17:24:27.146+0000] {logging_mixin.py:188} INFO - [2025-10-15T17:24:27.146+0000] {dag.py:3089} INFO - Sync 3 DAGs
[2025-10-15T17:24:27.161+0000] {logging_mixin.py:188} INFO - [2025-10-15T17:24:27.161+0000] {dag.py:3947} INFO - Setting next_dagrun for example_subdag_operator to 2022-01-01 00:00:00+00:00, run_after=2022-01-01 00:00:00+00:00
[2025-10-15T17:24:27.164+0000] {logging_mixin.py:188} INFO - [2025-10-15T17:24:27.164+0000] {dag.py:3947} INFO - Setting next_dagrun for example_subdag_operator.section-1 to None, run_after=None
[2025-10-15T17:24:27.165+0000] {logging_mixin.py:188} INFO - [2025-10-15T17:24:27.165+0000] {dag.py:3947} INFO - Setting next_dagrun for example_subdag_operator.section-2 to None, run_after=None
[2025-10-15T17:24:27.170+0000] {logging_mixin.py:188} INFO - [2025-10-15T17:24:27.170+0000] {dag.py:3089} INFO - Sync 2 DAGs
[2025-10-15T17:24:27.175+0000] {logging_mixin.py:188} INFO - [2025-10-15T17:24:27.174+0000] {dag.py:3947} INFO - Setting next_dagrun for example_subdag_operator.section-1 to None, run_after=None
[2025-10-15T17:24:27.175+0000] {logging_mixin.py:188} INFO - [2025-10-15T17:24:27.175+0000] {dag.py:3947} INFO - Setting next_dagrun for example_subdag_operator.section-2 to None, run_after=None
[2025-10-15T17:24:27.183+0000] {processor.py:183} INFO - Processing /home/airflow/.local/lib/python3.12/site-packages/airflow/example_dags/example_subdag_operator.py took 0.076 seconds
