[2025-10-15T17:08:11.883+0000] {processor.py:161} INFO - Started process (PID=100) to work on /home/airflow/.local/lib/python3.12/site-packages/airflow/example_dags/example_latest_only_with_trigger.py
[2025-10-15T17:08:11.886+0000] {processor.py:830} INFO - Processing file /home/airflow/.local/lib/python3.12/site-packages/airflow/example_dags/example_latest_only_with_trigger.py for tasks to queue
[2025-10-15T17:08:11.889+0000] {logging_mixin.py:188} INFO - [2025-10-15T17:08:11.889+0000] {dagbag.py:545} INFO - Filling up the DagBag from /home/airflow/.local/lib/python3.12/site-packages/airflow/example_dags/example_latest_only_with_trigger.py
[2025-10-15T17:08:11.904+0000] {processor.py:840} INFO - DAG(s) 'latest_only_with_trigger' retrieved from /home/airflow/.local/lib/python3.12/site-packages/airflow/example_dags/example_latest_only_with_trigger.py
[2025-10-15T17:08:12.016+0000] {logging_mixin.py:188} INFO - [2025-10-15T17:08:12.015+0000] {override.py:1858} INFO - Created Permission View: can edit on DAG:latest_only_with_trigger
[2025-10-15T17:08:12.028+0000] {logging_mixin.py:188} INFO - [2025-10-15T17:08:12.028+0000] {override.py:1858} INFO - Created Permission View: can delete on DAG:latest_only_with_trigger
[2025-10-15T17:08:12.034+0000] {logging_mixin.py:188} INFO - [2025-10-15T17:08:12.034+0000] {override.py:1858} INFO - Created Permission View: can read on DAG:latest_only_with_trigger
[2025-10-15T17:08:12.035+0000] {logging_mixin.py:188} INFO - [2025-10-15T17:08:12.034+0000] {dag.py:3089} INFO - Sync 1 DAGs
[2025-10-15T17:08:12.045+0000] {logging_mixin.py:188} INFO - [2025-10-15T17:08:12.045+0000] {dag.py:3111} INFO - Creating ORM DAG for latest_only_with_trigger
[2025-10-15T17:08:12.056+0000] {logging_mixin.py:188} INFO - [2025-10-15T17:08:12.056+0000] {dag.py:3947} INFO - Setting next_dagrun for latest_only_with_trigger to 2025-10-15 12:00:00+00:00, run_after=2025-10-15 16:00:00+00:00
[2025-10-15T17:08:12.076+0000] {processor.py:183} INFO - Processing /home/airflow/.local/lib/python3.12/site-packages/airflow/example_dags/example_latest_only_with_trigger.py took 0.199 seconds
[2025-10-15T17:08:42.911+0000] {processor.py:161} INFO - Started process (PID=158) to work on /home/airflow/.local/lib/python3.12/site-packages/airflow/example_dags/example_latest_only_with_trigger.py
[2025-10-15T17:08:42.912+0000] {processor.py:830} INFO - Processing file /home/airflow/.local/lib/python3.12/site-packages/airflow/example_dags/example_latest_only_with_trigger.py for tasks to queue
[2025-10-15T17:08:42.913+0000] {logging_mixin.py:188} INFO - [2025-10-15T17:08:42.913+0000] {dagbag.py:545} INFO - Filling up the DagBag from /home/airflow/.local/lib/python3.12/site-packages/airflow/example_dags/example_latest_only_with_trigger.py
[2025-10-15T17:08:42.917+0000] {processor.py:840} INFO - DAG(s) 'latest_only_with_trigger' retrieved from /home/airflow/.local/lib/python3.12/site-packages/airflow/example_dags/example_latest_only_with_trigger.py
[2025-10-15T17:08:42.937+0000] {logging_mixin.py:188} INFO - [2025-10-15T17:08:42.936+0000] {dag.py:3089} INFO - Sync 1 DAGs
[2025-10-15T17:08:42.951+0000] {logging_mixin.py:188} INFO - [2025-10-15T17:08:42.951+0000] {dag.py:3947} INFO - Setting next_dagrun for latest_only_with_trigger to 2025-10-15 12:00:00+00:00, run_after=2025-10-15 16:00:00+00:00
[2025-10-15T17:08:42.966+0000] {processor.py:183} INFO - Processing /home/airflow/.local/lib/python3.12/site-packages/airflow/example_dags/example_latest_only_with_trigger.py took 0.059 seconds
[2025-10-15T17:09:13.844+0000] {processor.py:161} INFO - Started process (PID=216) to work on /home/airflow/.local/lib/python3.12/site-packages/airflow/example_dags/example_latest_only_with_trigger.py
[2025-10-15T17:09:13.847+0000] {processor.py:830} INFO - Processing file /home/airflow/.local/lib/python3.12/site-packages/airflow/example_dags/example_latest_only_with_trigger.py for tasks to queue
[2025-10-15T17:09:13.850+0000] {logging_mixin.py:188} INFO - [2025-10-15T17:09:13.850+0000] {dagbag.py:545} INFO - Filling up the DagBag from /home/airflow/.local/lib/python3.12/site-packages/airflow/example_dags/example_latest_only_with_trigger.py
[2025-10-15T17:09:13.856+0000] {processor.py:840} INFO - DAG(s) 'latest_only_with_trigger' retrieved from /home/airflow/.local/lib/python3.12/site-packages/airflow/example_dags/example_latest_only_with_trigger.py
[2025-10-15T17:09:13.872+0000] {logging_mixin.py:188} INFO - [2025-10-15T17:09:13.872+0000] {dag.py:3089} INFO - Sync 1 DAGs
[2025-10-15T17:09:13.887+0000] {logging_mixin.py:188} INFO - [2025-10-15T17:09:13.887+0000] {dag.py:3947} INFO - Setting next_dagrun for latest_only_with_trigger to 2025-10-15 12:00:00+00:00, run_after=2025-10-15 16:00:00+00:00
[2025-10-15T17:09:13.904+0000] {processor.py:183} INFO - Processing /home/airflow/.local/lib/python3.12/site-packages/airflow/example_dags/example_latest_only_with_trigger.py took 0.063 seconds
[2025-10-15T17:09:44.918+0000] {processor.py:161} INFO - Started process (PID=274) to work on /home/airflow/.local/lib/python3.12/site-packages/airflow/example_dags/example_latest_only_with_trigger.py
[2025-10-15T17:09:44.921+0000] {processor.py:830} INFO - Processing file /home/airflow/.local/lib/python3.12/site-packages/airflow/example_dags/example_latest_only_with_trigger.py for tasks to queue
[2025-10-15T17:09:44.923+0000] {logging_mixin.py:188} INFO - [2025-10-15T17:09:44.923+0000] {dagbag.py:545} INFO - Filling up the DagBag from /home/airflow/.local/lib/python3.12/site-packages/airflow/example_dags/example_latest_only_with_trigger.py
[2025-10-15T17:09:44.928+0000] {processor.py:840} INFO - DAG(s) 'latest_only_with_trigger' retrieved from /home/airflow/.local/lib/python3.12/site-packages/airflow/example_dags/example_latest_only_with_trigger.py
[2025-10-15T17:09:44.950+0000] {logging_mixin.py:188} INFO - [2025-10-15T17:09:44.949+0000] {dag.py:3089} INFO - Sync 1 DAGs
[2025-10-15T17:09:44.966+0000] {logging_mixin.py:188} INFO - [2025-10-15T17:09:44.966+0000] {dag.py:3947} INFO - Setting next_dagrun for latest_only_with_trigger to 2025-10-15 12:00:00+00:00, run_after=2025-10-15 16:00:00+00:00
[2025-10-15T17:09:44.987+0000] {processor.py:183} INFO - Processing /home/airflow/.local/lib/python3.12/site-packages/airflow/example_dags/example_latest_only_with_trigger.py took 0.072 seconds
[2025-10-15T17:10:15.170+0000] {processor.py:161} INFO - Started process (PID=332) to work on /home/airflow/.local/lib/python3.12/site-packages/airflow/example_dags/example_latest_only_with_trigger.py
[2025-10-15T17:10:15.172+0000] {processor.py:830} INFO - Processing file /home/airflow/.local/lib/python3.12/site-packages/airflow/example_dags/example_latest_only_with_trigger.py for tasks to queue
[2025-10-15T17:10:15.173+0000] {logging_mixin.py:188} INFO - [2025-10-15T17:10:15.173+0000] {dagbag.py:545} INFO - Filling up the DagBag from /home/airflow/.local/lib/python3.12/site-packages/airflow/example_dags/example_latest_only_with_trigger.py
[2025-10-15T17:10:15.178+0000] {processor.py:840} INFO - DAG(s) 'latest_only_with_trigger' retrieved from /home/airflow/.local/lib/python3.12/site-packages/airflow/example_dags/example_latest_only_with_trigger.py
[2025-10-15T17:10:15.196+0000] {logging_mixin.py:188} INFO - [2025-10-15T17:10:15.196+0000] {dag.py:3089} INFO - Sync 1 DAGs
[2025-10-15T17:10:15.213+0000] {logging_mixin.py:188} INFO - [2025-10-15T17:10:15.213+0000] {dag.py:3947} INFO - Setting next_dagrun for latest_only_with_trigger to 2025-10-15 12:00:00+00:00, run_after=2025-10-15 16:00:00+00:00
[2025-10-15T17:10:15.231+0000] {processor.py:183} INFO - Processing /home/airflow/.local/lib/python3.12/site-packages/airflow/example_dags/example_latest_only_with_trigger.py took 0.064 seconds
[2025-10-15T17:10:45.288+0000] {processor.py:161} INFO - Started process (PID=390) to work on /home/airflow/.local/lib/python3.12/site-packages/airflow/example_dags/example_latest_only_with_trigger.py
[2025-10-15T17:10:45.291+0000] {processor.py:830} INFO - Processing file /home/airflow/.local/lib/python3.12/site-packages/airflow/example_dags/example_latest_only_with_trigger.py for tasks to queue
[2025-10-15T17:10:45.292+0000] {logging_mixin.py:188} INFO - [2025-10-15T17:10:45.292+0000] {dagbag.py:545} INFO - Filling up the DagBag from /home/airflow/.local/lib/python3.12/site-packages/airflow/example_dags/example_latest_only_with_trigger.py
[2025-10-15T17:10:45.297+0000] {processor.py:840} INFO - DAG(s) 'latest_only_with_trigger' retrieved from /home/airflow/.local/lib/python3.12/site-packages/airflow/example_dags/example_latest_only_with_trigger.py
[2025-10-15T17:10:45.314+0000] {logging_mixin.py:188} INFO - [2025-10-15T17:10:45.314+0000] {dag.py:3089} INFO - Sync 1 DAGs
[2025-10-15T17:10:45.334+0000] {logging_mixin.py:188} INFO - [2025-10-15T17:10:45.334+0000] {dag.py:3947} INFO - Setting next_dagrun for latest_only_with_trigger to 2025-10-15 12:00:00+00:00, run_after=2025-10-15 16:00:00+00:00
[2025-10-15T17:10:45.348+0000] {processor.py:183} INFO - Processing /home/airflow/.local/lib/python3.12/site-packages/airflow/example_dags/example_latest_only_with_trigger.py took 0.064 seconds
[2025-10-15T17:11:15.663+0000] {processor.py:161} INFO - Started process (PID=448) to work on /home/airflow/.local/lib/python3.12/site-packages/airflow/example_dags/example_latest_only_with_trigger.py
[2025-10-15T17:11:15.665+0000] {processor.py:830} INFO - Processing file /home/airflow/.local/lib/python3.12/site-packages/airflow/example_dags/example_latest_only_with_trigger.py for tasks to queue
[2025-10-15T17:11:15.672+0000] {logging_mixin.py:188} INFO - [2025-10-15T17:11:15.670+0000] {dagbag.py:545} INFO - Filling up the DagBag from /home/airflow/.local/lib/python3.12/site-packages/airflow/example_dags/example_latest_only_with_trigger.py
[2025-10-15T17:11:15.681+0000] {processor.py:840} INFO - DAG(s) 'latest_only_with_trigger' retrieved from /home/airflow/.local/lib/python3.12/site-packages/airflow/example_dags/example_latest_only_with_trigger.py
[2025-10-15T17:11:15.755+0000] {logging_mixin.py:188} INFO - [2025-10-15T17:11:15.754+0000] {dag.py:3089} INFO - Sync 1 DAGs
[2025-10-15T17:11:16.006+0000] {logging_mixin.py:188} INFO - [2025-10-15T17:11:16.005+0000] {dag.py:3947} INFO - Setting next_dagrun for latest_only_with_trigger to 2025-10-15 12:00:00+00:00, run_after=2025-10-15 16:00:00+00:00
[2025-10-15T17:11:16.068+0000] {processor.py:183} INFO - Processing /home/airflow/.local/lib/python3.12/site-packages/airflow/example_dags/example_latest_only_with_trigger.py took 0.416 seconds
[2025-10-15T17:11:46.161+0000] {processor.py:161} INFO - Started process (PID=506) to work on /home/airflow/.local/lib/python3.12/site-packages/airflow/example_dags/example_latest_only_with_trigger.py
[2025-10-15T17:11:46.162+0000] {processor.py:830} INFO - Processing file /home/airflow/.local/lib/python3.12/site-packages/airflow/example_dags/example_latest_only_with_trigger.py for tasks to queue
[2025-10-15T17:11:46.163+0000] {logging_mixin.py:188} INFO - [2025-10-15T17:11:46.163+0000] {dagbag.py:545} INFO - Filling up the DagBag from /home/airflow/.local/lib/python3.12/site-packages/airflow/example_dags/example_latest_only_with_trigger.py
[2025-10-15T17:11:46.166+0000] {processor.py:840} INFO - DAG(s) 'latest_only_with_trigger' retrieved from /home/airflow/.local/lib/python3.12/site-packages/airflow/example_dags/example_latest_only_with_trigger.py
[2025-10-15T17:11:46.189+0000] {logging_mixin.py:188} INFO - [2025-10-15T17:11:46.189+0000] {dag.py:3089} INFO - Sync 1 DAGs
[2025-10-15T17:11:46.207+0000] {logging_mixin.py:188} INFO - [2025-10-15T17:11:46.207+0000] {dag.py:3947} INFO - Setting next_dagrun for latest_only_with_trigger to 2025-10-15 12:00:00+00:00, run_after=2025-10-15 16:00:00+00:00
[2025-10-15T17:11:46.224+0000] {processor.py:183} INFO - Processing /home/airflow/.local/lib/python3.12/site-packages/airflow/example_dags/example_latest_only_with_trigger.py took 0.067 seconds
[2025-10-15T17:12:16.517+0000] {processor.py:161} INFO - Started process (PID=564) to work on /home/airflow/.local/lib/python3.12/site-packages/airflow/example_dags/example_latest_only_with_trigger.py
[2025-10-15T17:12:16.520+0000] {processor.py:830} INFO - Processing file /home/airflow/.local/lib/python3.12/site-packages/airflow/example_dags/example_latest_only_with_trigger.py for tasks to queue
[2025-10-15T17:12:16.525+0000] {logging_mixin.py:188} INFO - [2025-10-15T17:12:16.525+0000] {dagbag.py:545} INFO - Filling up the DagBag from /home/airflow/.local/lib/python3.12/site-packages/airflow/example_dags/example_latest_only_with_trigger.py
[2025-10-15T17:12:16.529+0000] {processor.py:840} INFO - DAG(s) 'latest_only_with_trigger' retrieved from /home/airflow/.local/lib/python3.12/site-packages/airflow/example_dags/example_latest_only_with_trigger.py
[2025-10-15T17:12:16.552+0000] {logging_mixin.py:188} INFO - [2025-10-15T17:12:16.552+0000] {dag.py:3089} INFO - Sync 1 DAGs
[2025-10-15T17:12:16.571+0000] {logging_mixin.py:188} INFO - [2025-10-15T17:12:16.570+0000] {dag.py:3947} INFO - Setting next_dagrun for latest_only_with_trigger to 2025-10-15 12:00:00+00:00, run_after=2025-10-15 16:00:00+00:00
[2025-10-15T17:12:16.588+0000] {processor.py:183} INFO - Processing /home/airflow/.local/lib/python3.12/site-packages/airflow/example_dags/example_latest_only_with_trigger.py took 0.075 seconds
[2025-10-15T17:12:47.224+0000] {processor.py:161} INFO - Started process (PID=622) to work on /home/airflow/.local/lib/python3.12/site-packages/airflow/example_dags/example_latest_only_with_trigger.py
[2025-10-15T17:12:47.225+0000] {processor.py:830} INFO - Processing file /home/airflow/.local/lib/python3.12/site-packages/airflow/example_dags/example_latest_only_with_trigger.py for tasks to queue
[2025-10-15T17:12:47.228+0000] {logging_mixin.py:188} INFO - [2025-10-15T17:12:47.227+0000] {dagbag.py:545} INFO - Filling up the DagBag from /home/airflow/.local/lib/python3.12/site-packages/airflow/example_dags/example_latest_only_with_trigger.py
[2025-10-15T17:12:47.235+0000] {processor.py:840} INFO - DAG(s) 'latest_only_with_trigger' retrieved from /home/airflow/.local/lib/python3.12/site-packages/airflow/example_dags/example_latest_only_with_trigger.py
[2025-10-15T17:12:47.260+0000] {logging_mixin.py:188} INFO - [2025-10-15T17:12:47.260+0000] {dag.py:3089} INFO - Sync 1 DAGs
[2025-10-15T17:12:47.283+0000] {logging_mixin.py:188} INFO - [2025-10-15T17:12:47.283+0000] {dag.py:3947} INFO - Setting next_dagrun for latest_only_with_trigger to 2025-10-15 12:00:00+00:00, run_after=2025-10-15 16:00:00+00:00
[2025-10-15T17:12:47.299+0000] {processor.py:183} INFO - Processing /home/airflow/.local/lib/python3.12/site-packages/airflow/example_dags/example_latest_only_with_trigger.py took 0.080 seconds
[2025-10-15T17:13:17.334+0000] {processor.py:161} INFO - Started process (PID=680) to work on /home/airflow/.local/lib/python3.12/site-packages/airflow/example_dags/example_latest_only_with_trigger.py
[2025-10-15T17:13:17.334+0000] {processor.py:830} INFO - Processing file /home/airflow/.local/lib/python3.12/site-packages/airflow/example_dags/example_latest_only_with_trigger.py for tasks to queue
[2025-10-15T17:13:17.338+0000] {logging_mixin.py:188} INFO - [2025-10-15T17:13:17.338+0000] {dagbag.py:545} INFO - Filling up the DagBag from /home/airflow/.local/lib/python3.12/site-packages/airflow/example_dags/example_latest_only_with_trigger.py
[2025-10-15T17:13:17.342+0000] {processor.py:840} INFO - DAG(s) 'latest_only_with_trigger' retrieved from /home/airflow/.local/lib/python3.12/site-packages/airflow/example_dags/example_latest_only_with_trigger.py
[2025-10-15T17:13:17.355+0000] {logging_mixin.py:188} INFO - [2025-10-15T17:13:17.355+0000] {dag.py:3089} INFO - Sync 1 DAGs
[2025-10-15T17:13:17.367+0000] {logging_mixin.py:188} INFO - [2025-10-15T17:13:17.367+0000] {dag.py:3947} INFO - Setting next_dagrun for latest_only_with_trigger to 2025-10-15 12:00:00+00:00, run_after=2025-10-15 16:00:00+00:00
[2025-10-15T17:13:17.380+0000] {processor.py:183} INFO - Processing /home/airflow/.local/lib/python3.12/site-packages/airflow/example_dags/example_latest_only_with_trigger.py took 0.050 seconds
[2025-10-15T17:13:48.350+0000] {processor.py:161} INFO - Started process (PID=738) to work on /home/airflow/.local/lib/python3.12/site-packages/airflow/example_dags/example_latest_only_with_trigger.py
[2025-10-15T17:13:48.352+0000] {processor.py:830} INFO - Processing file /home/airflow/.local/lib/python3.12/site-packages/airflow/example_dags/example_latest_only_with_trigger.py for tasks to queue
[2025-10-15T17:13:48.356+0000] {logging_mixin.py:188} INFO - [2025-10-15T17:13:48.356+0000] {dagbag.py:545} INFO - Filling up the DagBag from /home/airflow/.local/lib/python3.12/site-packages/airflow/example_dags/example_latest_only_with_trigger.py
[2025-10-15T17:13:48.360+0000] {processor.py:840} INFO - DAG(s) 'latest_only_with_trigger' retrieved from /home/airflow/.local/lib/python3.12/site-packages/airflow/example_dags/example_latest_only_with_trigger.py
[2025-10-15T17:13:48.374+0000] {logging_mixin.py:188} INFO - [2025-10-15T17:13:48.374+0000] {dag.py:3089} INFO - Sync 1 DAGs
[2025-10-15T17:13:48.389+0000] {logging_mixin.py:188} INFO - [2025-10-15T17:13:48.388+0000] {dag.py:3947} INFO - Setting next_dagrun for latest_only_with_trigger to 2025-10-15 12:00:00+00:00, run_after=2025-10-15 16:00:00+00:00
[2025-10-15T17:13:48.402+0000] {processor.py:183} INFO - Processing /home/airflow/.local/lib/python3.12/site-packages/airflow/example_dags/example_latest_only_with_trigger.py took 0.056 seconds
[2025-10-15T17:14:18.688+0000] {processor.py:161} INFO - Started process (PID=796) to work on /home/airflow/.local/lib/python3.12/site-packages/airflow/example_dags/example_latest_only_with_trigger.py
[2025-10-15T17:14:18.691+0000] {processor.py:830} INFO - Processing file /home/airflow/.local/lib/python3.12/site-packages/airflow/example_dags/example_latest_only_with_trigger.py for tasks to queue
[2025-10-15T17:14:18.692+0000] {logging_mixin.py:188} INFO - [2025-10-15T17:14:18.692+0000] {dagbag.py:545} INFO - Filling up the DagBag from /home/airflow/.local/lib/python3.12/site-packages/airflow/example_dags/example_latest_only_with_trigger.py
[2025-10-15T17:14:18.696+0000] {processor.py:840} INFO - DAG(s) 'latest_only_with_trigger' retrieved from /home/airflow/.local/lib/python3.12/site-packages/airflow/example_dags/example_latest_only_with_trigger.py
[2025-10-15T17:14:18.714+0000] {logging_mixin.py:188} INFO - [2025-10-15T17:14:18.714+0000] {dag.py:3089} INFO - Sync 1 DAGs
[2025-10-15T17:14:18.729+0000] {logging_mixin.py:188} INFO - [2025-10-15T17:14:18.729+0000] {dag.py:3947} INFO - Setting next_dagrun for latest_only_with_trigger to 2025-10-15 12:00:00+00:00, run_after=2025-10-15 16:00:00+00:00
[2025-10-15T17:14:18.742+0000] {processor.py:183} INFO - Processing /home/airflow/.local/lib/python3.12/site-packages/airflow/example_dags/example_latest_only_with_trigger.py took 0.058 seconds
[2025-10-15T17:14:48.959+0000] {processor.py:161} INFO - Started process (PID=854) to work on /home/airflow/.local/lib/python3.12/site-packages/airflow/example_dags/example_latest_only_with_trigger.py
[2025-10-15T17:14:48.960+0000] {processor.py:830} INFO - Processing file /home/airflow/.local/lib/python3.12/site-packages/airflow/example_dags/example_latest_only_with_trigger.py for tasks to queue
[2025-10-15T17:14:48.964+0000] {logging_mixin.py:188} INFO - [2025-10-15T17:14:48.964+0000] {dagbag.py:545} INFO - Filling up the DagBag from /home/airflow/.local/lib/python3.12/site-packages/airflow/example_dags/example_latest_only_with_trigger.py
[2025-10-15T17:14:48.968+0000] {processor.py:840} INFO - DAG(s) 'latest_only_with_trigger' retrieved from /home/airflow/.local/lib/python3.12/site-packages/airflow/example_dags/example_latest_only_with_trigger.py
[2025-10-15T17:14:48.980+0000] {logging_mixin.py:188} INFO - [2025-10-15T17:14:48.980+0000] {dag.py:3089} INFO - Sync 1 DAGs
[2025-10-15T17:14:48.993+0000] {logging_mixin.py:188} INFO - [2025-10-15T17:14:48.993+0000] {dag.py:3947} INFO - Setting next_dagrun for latest_only_with_trigger to 2025-10-15 12:00:00+00:00, run_after=2025-10-15 16:00:00+00:00
[2025-10-15T17:14:49.007+0000] {processor.py:183} INFO - Processing /home/airflow/.local/lib/python3.12/site-packages/airflow/example_dags/example_latest_only_with_trigger.py took 0.052 seconds
[2025-10-15T17:15:19.282+0000] {processor.py:161} INFO - Started process (PID=912) to work on /home/airflow/.local/lib/python3.12/site-packages/airflow/example_dags/example_latest_only_with_trigger.py
[2025-10-15T17:15:19.284+0000] {processor.py:830} INFO - Processing file /home/airflow/.local/lib/python3.12/site-packages/airflow/example_dags/example_latest_only_with_trigger.py for tasks to queue
[2025-10-15T17:15:19.285+0000] {logging_mixin.py:188} INFO - [2025-10-15T17:15:19.285+0000] {dagbag.py:545} INFO - Filling up the DagBag from /home/airflow/.local/lib/python3.12/site-packages/airflow/example_dags/example_latest_only_with_trigger.py
[2025-10-15T17:15:19.288+0000] {processor.py:840} INFO - DAG(s) 'latest_only_with_trigger' retrieved from /home/airflow/.local/lib/python3.12/site-packages/airflow/example_dags/example_latest_only_with_trigger.py
[2025-10-15T17:15:19.301+0000] {logging_mixin.py:188} INFO - [2025-10-15T17:15:19.301+0000] {dag.py:3089} INFO - Sync 1 DAGs
[2025-10-15T17:15:19.315+0000] {logging_mixin.py:188} INFO - [2025-10-15T17:15:19.315+0000] {dag.py:3947} INFO - Setting next_dagrun for latest_only_with_trigger to 2025-10-15 12:00:00+00:00, run_after=2025-10-15 16:00:00+00:00
[2025-10-15T17:15:19.327+0000] {processor.py:183} INFO - Processing /home/airflow/.local/lib/python3.12/site-packages/airflow/example_dags/example_latest_only_with_trigger.py took 0.049 seconds
[2025-10-15T17:19:49.350+0000] {processor.py:161} INFO - Started process (PID=95) to work on /home/airflow/.local/lib/python3.12/site-packages/airflow/example_dags/example_latest_only_with_trigger.py
[2025-10-15T17:19:49.353+0000] {processor.py:830} INFO - Processing file /home/airflow/.local/lib/python3.12/site-packages/airflow/example_dags/example_latest_only_with_trigger.py for tasks to queue
[2025-10-15T17:19:49.355+0000] {logging_mixin.py:188} INFO - [2025-10-15T17:19:49.355+0000] {dagbag.py:545} INFO - Filling up the DagBag from /home/airflow/.local/lib/python3.12/site-packages/airflow/example_dags/example_latest_only_with_trigger.py
[2025-10-15T17:19:49.363+0000] {processor.py:840} INFO - DAG(s) 'latest_only_with_trigger' retrieved from /home/airflow/.local/lib/python3.12/site-packages/airflow/example_dags/example_latest_only_with_trigger.py
[2025-10-15T17:19:49.478+0000] {logging_mixin.py:188} INFO - [2025-10-15T17:19:49.477+0000] {dag.py:3089} INFO - Sync 1 DAGs
[2025-10-15T17:19:49.500+0000] {logging_mixin.py:188} INFO - [2025-10-15T17:19:49.500+0000] {dag.py:3947} INFO - Setting next_dagrun for latest_only_with_trigger to 2025-10-15 12:00:00+00:00, run_after=2025-10-15 16:00:00+00:00
[2025-10-15T17:19:49.519+0000] {processor.py:183} INFO - Processing /home/airflow/.local/lib/python3.12/site-packages/airflow/example_dags/example_latest_only_with_trigger.py took 0.174 seconds
[2025-10-15T17:20:20.284+0000] {processor.py:161} INFO - Started process (PID=153) to work on /home/airflow/.local/lib/python3.12/site-packages/airflow/example_dags/example_latest_only_with_trigger.py
[2025-10-15T17:20:20.284+0000] {processor.py:830} INFO - Processing file /home/airflow/.local/lib/python3.12/site-packages/airflow/example_dags/example_latest_only_with_trigger.py for tasks to queue
[2025-10-15T17:20:20.286+0000] {logging_mixin.py:188} INFO - [2025-10-15T17:20:20.286+0000] {dagbag.py:545} INFO - Filling up the DagBag from /home/airflow/.local/lib/python3.12/site-packages/airflow/example_dags/example_latest_only_with_trigger.py
[2025-10-15T17:20:20.290+0000] {processor.py:840} INFO - DAG(s) 'latest_only_with_trigger' retrieved from /home/airflow/.local/lib/python3.12/site-packages/airflow/example_dags/example_latest_only_with_trigger.py
[2025-10-15T17:20:20.303+0000] {logging_mixin.py:188} INFO - [2025-10-15T17:20:20.303+0000] {dag.py:3089} INFO - Sync 1 DAGs
[2025-10-15T17:20:20.316+0000] {logging_mixin.py:188} INFO - [2025-10-15T17:20:20.316+0000] {dag.py:3947} INFO - Setting next_dagrun for latest_only_with_trigger to 2025-10-15 12:00:00+00:00, run_after=2025-10-15 16:00:00+00:00
[2025-10-15T17:20:20.326+0000] {processor.py:183} INFO - Processing /home/airflow/.local/lib/python3.12/site-packages/airflow/example_dags/example_latest_only_with_trigger.py took 0.047 seconds
[2025-10-15T17:20:50.937+0000] {processor.py:161} INFO - Started process (PID=211) to work on /home/airflow/.local/lib/python3.12/site-packages/airflow/example_dags/example_latest_only_with_trigger.py
[2025-10-15T17:20:50.938+0000] {processor.py:830} INFO - Processing file /home/airflow/.local/lib/python3.12/site-packages/airflow/example_dags/example_latest_only_with_trigger.py for tasks to queue
[2025-10-15T17:20:50.939+0000] {logging_mixin.py:188} INFO - [2025-10-15T17:20:50.939+0000] {dagbag.py:545} INFO - Filling up the DagBag from /home/airflow/.local/lib/python3.12/site-packages/airflow/example_dags/example_latest_only_with_trigger.py
[2025-10-15T17:20:50.942+0000] {processor.py:840} INFO - DAG(s) 'latest_only_with_trigger' retrieved from /home/airflow/.local/lib/python3.12/site-packages/airflow/example_dags/example_latest_only_with_trigger.py
[2025-10-15T17:20:50.957+0000] {logging_mixin.py:188} INFO - [2025-10-15T17:20:50.957+0000] {dag.py:3089} INFO - Sync 1 DAGs
[2025-10-15T17:20:50.976+0000] {logging_mixin.py:188} INFO - [2025-10-15T17:20:50.976+0000] {dag.py:3947} INFO - Setting next_dagrun for latest_only_with_trigger to 2025-10-15 12:00:00+00:00, run_after=2025-10-15 16:00:00+00:00
[2025-10-15T17:20:50.995+0000] {processor.py:183} INFO - Processing /home/airflow/.local/lib/python3.12/site-packages/airflow/example_dags/example_latest_only_with_trigger.py took 0.061 seconds
[2025-10-15T17:21:21.858+0000] {processor.py:161} INFO - Started process (PID=269) to work on /home/airflow/.local/lib/python3.12/site-packages/airflow/example_dags/example_latest_only_with_trigger.py
[2025-10-15T17:21:21.863+0000] {processor.py:830} INFO - Processing file /home/airflow/.local/lib/python3.12/site-packages/airflow/example_dags/example_latest_only_with_trigger.py for tasks to queue
[2025-10-15T17:21:21.866+0000] {logging_mixin.py:188} INFO - [2025-10-15T17:21:21.865+0000] {dagbag.py:545} INFO - Filling up the DagBag from /home/airflow/.local/lib/python3.12/site-packages/airflow/example_dags/example_latest_only_with_trigger.py
[2025-10-15T17:21:21.872+0000] {processor.py:840} INFO - DAG(s) 'latest_only_with_trigger' retrieved from /home/airflow/.local/lib/python3.12/site-packages/airflow/example_dags/example_latest_only_with_trigger.py
[2025-10-15T17:21:21.893+0000] {logging_mixin.py:188} INFO - [2025-10-15T17:21:21.892+0000] {dag.py:3089} INFO - Sync 1 DAGs
[2025-10-15T17:21:21.914+0000] {logging_mixin.py:188} INFO - [2025-10-15T17:21:21.914+0000] {dag.py:3947} INFO - Setting next_dagrun for latest_only_with_trigger to 2025-10-15 12:00:00+00:00, run_after=2025-10-15 16:00:00+00:00
[2025-10-15T17:21:21.935+0000] {processor.py:183} INFO - Processing /home/airflow/.local/lib/python3.12/site-packages/airflow/example_dags/example_latest_only_with_trigger.py took 0.083 seconds
[2025-10-15T17:21:52.960+0000] {processor.py:161} INFO - Started process (PID=327) to work on /home/airflow/.local/lib/python3.12/site-packages/airflow/example_dags/example_latest_only_with_trigger.py
[2025-10-15T17:21:52.962+0000] {processor.py:830} INFO - Processing file /home/airflow/.local/lib/python3.12/site-packages/airflow/example_dags/example_latest_only_with_trigger.py for tasks to queue
[2025-10-15T17:21:52.964+0000] {logging_mixin.py:188} INFO - [2025-10-15T17:21:52.963+0000] {dagbag.py:545} INFO - Filling up the DagBag from /home/airflow/.local/lib/python3.12/site-packages/airflow/example_dags/example_latest_only_with_trigger.py
[2025-10-15T17:21:52.968+0000] {processor.py:840} INFO - DAG(s) 'latest_only_with_trigger' retrieved from /home/airflow/.local/lib/python3.12/site-packages/airflow/example_dags/example_latest_only_with_trigger.py
[2025-10-15T17:21:52.994+0000] {logging_mixin.py:188} INFO - [2025-10-15T17:21:52.994+0000] {dag.py:3089} INFO - Sync 1 DAGs
[2025-10-15T17:21:53.015+0000] {logging_mixin.py:188} INFO - [2025-10-15T17:21:53.015+0000] {dag.py:3947} INFO - Setting next_dagrun for latest_only_with_trigger to 2025-10-15 12:00:00+00:00, run_after=2025-10-15 16:00:00+00:00
[2025-10-15T17:21:53.044+0000] {processor.py:183} INFO - Processing /home/airflow/.local/lib/python3.12/site-packages/airflow/example_dags/example_latest_only_with_trigger.py took 0.088 seconds
[2025-10-15T17:22:23.832+0000] {processor.py:161} INFO - Started process (PID=385) to work on /home/airflow/.local/lib/python3.12/site-packages/airflow/example_dags/example_latest_only_with_trigger.py
[2025-10-15T17:22:23.833+0000] {processor.py:830} INFO - Processing file /home/airflow/.local/lib/python3.12/site-packages/airflow/example_dags/example_latest_only_with_trigger.py for tasks to queue
[2025-10-15T17:22:23.834+0000] {logging_mixin.py:188} INFO - [2025-10-15T17:22:23.834+0000] {dagbag.py:545} INFO - Filling up the DagBag from /home/airflow/.local/lib/python3.12/site-packages/airflow/example_dags/example_latest_only_with_trigger.py
[2025-10-15T17:22:23.837+0000] {processor.py:840} INFO - DAG(s) 'latest_only_with_trigger' retrieved from /home/airflow/.local/lib/python3.12/site-packages/airflow/example_dags/example_latest_only_with_trigger.py
[2025-10-15T17:22:23.849+0000] {logging_mixin.py:188} INFO - [2025-10-15T17:22:23.849+0000] {dag.py:3089} INFO - Sync 1 DAGs
[2025-10-15T17:22:23.861+0000] {logging_mixin.py:188} INFO - [2025-10-15T17:22:23.861+0000] {dag.py:3947} INFO - Setting next_dagrun for latest_only_with_trigger to 2025-10-15 12:00:00+00:00, run_after=2025-10-15 16:00:00+00:00
[2025-10-15T17:22:23.870+0000] {processor.py:183} INFO - Processing /home/airflow/.local/lib/python3.12/site-packages/airflow/example_dags/example_latest_only_with_trigger.py took 0.042 seconds
[2025-10-15T17:22:54.247+0000] {processor.py:161} INFO - Started process (PID=443) to work on /home/airflow/.local/lib/python3.12/site-packages/airflow/example_dags/example_latest_only_with_trigger.py
[2025-10-15T17:22:54.248+0000] {processor.py:830} INFO - Processing file /home/airflow/.local/lib/python3.12/site-packages/airflow/example_dags/example_latest_only_with_trigger.py for tasks to queue
[2025-10-15T17:22:54.249+0000] {logging_mixin.py:188} INFO - [2025-10-15T17:22:54.249+0000] {dagbag.py:545} INFO - Filling up the DagBag from /home/airflow/.local/lib/python3.12/site-packages/airflow/example_dags/example_latest_only_with_trigger.py
[2025-10-15T17:22:54.254+0000] {processor.py:840} INFO - DAG(s) 'latest_only_with_trigger' retrieved from /home/airflow/.local/lib/python3.12/site-packages/airflow/example_dags/example_latest_only_with_trigger.py
[2025-10-15T17:22:54.273+0000] {logging_mixin.py:188} INFO - [2025-10-15T17:22:54.273+0000] {dag.py:3089} INFO - Sync 1 DAGs
[2025-10-15T17:22:54.286+0000] {logging_mixin.py:188} INFO - [2025-10-15T17:22:54.286+0000] {dag.py:3947} INFO - Setting next_dagrun for latest_only_with_trigger to 2025-10-15 12:00:00+00:00, run_after=2025-10-15 16:00:00+00:00
[2025-10-15T17:22:54.301+0000] {processor.py:183} INFO - Processing /home/airflow/.local/lib/python3.12/site-packages/airflow/example_dags/example_latest_only_with_trigger.py took 0.057 seconds
[2025-10-15T17:23:25.078+0000] {processor.py:161} INFO - Started process (PID=501) to work on /home/airflow/.local/lib/python3.12/site-packages/airflow/example_dags/example_latest_only_with_trigger.py
[2025-10-15T17:23:25.080+0000] {processor.py:830} INFO - Processing file /home/airflow/.local/lib/python3.12/site-packages/airflow/example_dags/example_latest_only_with_trigger.py for tasks to queue
[2025-10-15T17:23:25.081+0000] {logging_mixin.py:188} INFO - [2025-10-15T17:23:25.080+0000] {dagbag.py:545} INFO - Filling up the DagBag from /home/airflow/.local/lib/python3.12/site-packages/airflow/example_dags/example_latest_only_with_trigger.py
[2025-10-15T17:23:25.087+0000] {processor.py:840} INFO - DAG(s) 'latest_only_with_trigger' retrieved from /home/airflow/.local/lib/python3.12/site-packages/airflow/example_dags/example_latest_only_with_trigger.py
[2025-10-15T17:23:25.104+0000] {logging_mixin.py:188} INFO - [2025-10-15T17:23:25.104+0000] {dag.py:3089} INFO - Sync 1 DAGs
[2025-10-15T17:23:25.118+0000] {logging_mixin.py:188} INFO - [2025-10-15T17:23:25.118+0000] {dag.py:3947} INFO - Setting next_dagrun for latest_only_with_trigger to 2025-10-15 12:00:00+00:00, run_after=2025-10-15 16:00:00+00:00
[2025-10-15T17:23:25.130+0000] {processor.py:183} INFO - Processing /home/airflow/.local/lib/python3.12/site-packages/airflow/example_dags/example_latest_only_with_trigger.py took 0.057 seconds
[2025-10-15T17:23:55.534+0000] {processor.py:161} INFO - Started process (PID=559) to work on /home/airflow/.local/lib/python3.12/site-packages/airflow/example_dags/example_latest_only_with_trigger.py
[2025-10-15T17:23:55.535+0000] {processor.py:830} INFO - Processing file /home/airflow/.local/lib/python3.12/site-packages/airflow/example_dags/example_latest_only_with_trigger.py for tasks to queue
[2025-10-15T17:23:55.537+0000] {logging_mixin.py:188} INFO - [2025-10-15T17:23:55.537+0000] {dagbag.py:545} INFO - Filling up the DagBag from /home/airflow/.local/lib/python3.12/site-packages/airflow/example_dags/example_latest_only_with_trigger.py
[2025-10-15T17:23:55.542+0000] {processor.py:840} INFO - DAG(s) 'latest_only_with_trigger' retrieved from /home/airflow/.local/lib/python3.12/site-packages/airflow/example_dags/example_latest_only_with_trigger.py
[2025-10-15T17:23:55.558+0000] {logging_mixin.py:188} INFO - [2025-10-15T17:23:55.558+0000] {dag.py:3089} INFO - Sync 1 DAGs
[2025-10-15T17:23:55.574+0000] {logging_mixin.py:188} INFO - [2025-10-15T17:23:55.574+0000] {dag.py:3947} INFO - Setting next_dagrun for latest_only_with_trigger to 2025-10-15 12:00:00+00:00, run_after=2025-10-15 16:00:00+00:00
[2025-10-15T17:23:55.599+0000] {processor.py:183} INFO - Processing /home/airflow/.local/lib/python3.12/site-packages/airflow/example_dags/example_latest_only_with_trigger.py took 0.070 seconds
[2025-10-15T17:24:26.359+0000] {processor.py:161} INFO - Started process (PID=617) to work on /home/airflow/.local/lib/python3.12/site-packages/airflow/example_dags/example_latest_only_with_trigger.py
[2025-10-15T17:24:26.359+0000] {processor.py:830} INFO - Processing file /home/airflow/.local/lib/python3.12/site-packages/airflow/example_dags/example_latest_only_with_trigger.py for tasks to queue
[2025-10-15T17:24:26.361+0000] {logging_mixin.py:188} INFO - [2025-10-15T17:24:26.360+0000] {dagbag.py:545} INFO - Filling up the DagBag from /home/airflow/.local/lib/python3.12/site-packages/airflow/example_dags/example_latest_only_with_trigger.py
[2025-10-15T17:24:26.365+0000] {processor.py:840} INFO - DAG(s) 'latest_only_with_trigger' retrieved from /home/airflow/.local/lib/python3.12/site-packages/airflow/example_dags/example_latest_only_with_trigger.py
[2025-10-15T17:24:26.403+0000] {logging_mixin.py:188} INFO - [2025-10-15T17:24:26.403+0000] {dag.py:3089} INFO - Sync 1 DAGs
[2025-10-15T17:24:26.433+0000] {logging_mixin.py:188} INFO - [2025-10-15T17:24:26.433+0000] {dag.py:3947} INFO - Setting next_dagrun for latest_only_with_trigger to 2025-10-15 12:00:00+00:00, run_after=2025-10-15 16:00:00+00:00
[2025-10-15T17:24:26.480+0000] {processor.py:183} INFO - Processing /home/airflow/.local/lib/python3.12/site-packages/airflow/example_dags/example_latest_only_with_trigger.py took 0.127 seconds
