[2025-10-15T17:08:07.356+0000] {processor.py:161} INFO - Started process (PID=73) to work on /home/airflow/.local/lib/python3.12/site-packages/airflow/example_dags/example_setup_teardown.py
[2025-10-15T17:08:07.358+0000] {processor.py:830} INFO - Processing file /home/airflow/.local/lib/python3.12/site-packages/airflow/example_dags/example_setup_teardown.py for tasks to queue
[2025-10-15T17:08:07.364+0000] {logging_mixin.py:188} INFO - [2025-10-15T17:08:07.363+0000] {dagbag.py:545} INFO - Filling up the DagBag from /home/airflow/.local/lib/python3.12/site-packages/airflow/example_dags/example_setup_teardown.py
[2025-10-15T17:08:07.384+0000] {processor.py:840} INFO - DAG(s) 'example_setup_teardown' retrieved from /home/airflow/.local/lib/python3.12/site-packages/airflow/example_dags/example_setup_teardown.py
[2025-10-15T17:08:07.578+0000] {logging_mixin.py:188} INFO - [2025-10-15T17:08:07.577+0000] {override.py:1858} INFO - Created Permission View: can edit on DAG:example_setup_teardown
[2025-10-15T17:08:07.592+0000] {logging_mixin.py:188} INFO - [2025-10-15T17:08:07.591+0000] {override.py:1858} INFO - Created Permission View: can delete on DAG:example_setup_teardown
[2025-10-15T17:08:07.605+0000] {logging_mixin.py:188} INFO - [2025-10-15T17:08:07.604+0000] {override.py:1858} INFO - Created Permission View: can read on DAG:example_setup_teardown
[2025-10-15T17:08:07.605+0000] {logging_mixin.py:188} INFO - [2025-10-15T17:08:07.605+0000] {dag.py:3089} INFO - Sync 1 DAGs
[2025-10-15T17:08:07.623+0000] {logging_mixin.py:188} INFO - [2025-10-15T17:08:07.623+0000] {dag.py:3111} INFO - Creating ORM DAG for example_setup_teardown
[2025-10-15T17:08:07.637+0000] {logging_mixin.py:188} INFO - [2025-10-15T17:08:07.637+0000] {dag.py:3947} INFO - Setting next_dagrun for example_setup_teardown to 2025-10-14 00:00:00+00:00, run_after=2025-10-15 00:00:00+00:00
[2025-10-15T17:08:07.668+0000] {processor.py:183} INFO - Processing /home/airflow/.local/lib/python3.12/site-packages/airflow/example_dags/example_setup_teardown.py took 0.325 seconds
[2025-10-15T17:08:37.716+0000] {processor.py:161} INFO - Started process (PID=131) to work on /home/airflow/.local/lib/python3.12/site-packages/airflow/example_dags/example_setup_teardown.py
[2025-10-15T17:08:37.716+0000] {processor.py:830} INFO - Processing file /home/airflow/.local/lib/python3.12/site-packages/airflow/example_dags/example_setup_teardown.py for tasks to queue
[2025-10-15T17:08:37.717+0000] {logging_mixin.py:188} INFO - [2025-10-15T17:08:37.717+0000] {dagbag.py:545} INFO - Filling up the DagBag from /home/airflow/.local/lib/python3.12/site-packages/airflow/example_dags/example_setup_teardown.py
[2025-10-15T17:08:37.722+0000] {processor.py:840} INFO - DAG(s) 'example_setup_teardown' retrieved from /home/airflow/.local/lib/python3.12/site-packages/airflow/example_dags/example_setup_teardown.py
[2025-10-15T17:08:37.734+0000] {logging_mixin.py:188} INFO - [2025-10-15T17:08:37.734+0000] {dag.py:3089} INFO - Sync 1 DAGs
[2025-10-15T17:08:37.747+0000] {logging_mixin.py:188} INFO - [2025-10-15T17:08:37.746+0000] {dag.py:3947} INFO - Setting next_dagrun for example_setup_teardown to 2025-10-14 00:00:00+00:00, run_after=2025-10-15 00:00:00+00:00
[2025-10-15T17:08:37.756+0000] {processor.py:183} INFO - Processing /home/airflow/.local/lib/python3.12/site-packages/airflow/example_dags/example_setup_teardown.py took 0.043 seconds
[2025-10-15T17:09:08.339+0000] {processor.py:161} INFO - Started process (PID=189) to work on /home/airflow/.local/lib/python3.12/site-packages/airflow/example_dags/example_setup_teardown.py
[2025-10-15T17:09:08.340+0000] {processor.py:830} INFO - Processing file /home/airflow/.local/lib/python3.12/site-packages/airflow/example_dags/example_setup_teardown.py for tasks to queue
[2025-10-15T17:09:08.341+0000] {logging_mixin.py:188} INFO - [2025-10-15T17:09:08.341+0000] {dagbag.py:545} INFO - Filling up the DagBag from /home/airflow/.local/lib/python3.12/site-packages/airflow/example_dags/example_setup_teardown.py
[2025-10-15T17:09:08.346+0000] {processor.py:840} INFO - DAG(s) 'example_setup_teardown' retrieved from /home/airflow/.local/lib/python3.12/site-packages/airflow/example_dags/example_setup_teardown.py
[2025-10-15T17:09:08.361+0000] {logging_mixin.py:188} INFO - [2025-10-15T17:09:08.361+0000] {dag.py:3089} INFO - Sync 1 DAGs
[2025-10-15T17:09:08.376+0000] {logging_mixin.py:188} INFO - [2025-10-15T17:09:08.376+0000] {dag.py:3947} INFO - Setting next_dagrun for example_setup_teardown to 2025-10-14 00:00:00+00:00, run_after=2025-10-15 00:00:00+00:00
[2025-10-15T17:09:08.388+0000] {processor.py:183} INFO - Processing /home/airflow/.local/lib/python3.12/site-packages/airflow/example_dags/example_setup_teardown.py took 0.053 seconds
[2025-10-15T17:09:38.677+0000] {processor.py:161} INFO - Started process (PID=247) to work on /home/airflow/.local/lib/python3.12/site-packages/airflow/example_dags/example_setup_teardown.py
[2025-10-15T17:09:38.681+0000] {processor.py:830} INFO - Processing file /home/airflow/.local/lib/python3.12/site-packages/airflow/example_dags/example_setup_teardown.py for tasks to queue
[2025-10-15T17:09:38.684+0000] {logging_mixin.py:188} INFO - [2025-10-15T17:09:38.684+0000] {dagbag.py:545} INFO - Filling up the DagBag from /home/airflow/.local/lib/python3.12/site-packages/airflow/example_dags/example_setup_teardown.py
[2025-10-15T17:09:38.695+0000] {processor.py:840} INFO - DAG(s) 'example_setup_teardown' retrieved from /home/airflow/.local/lib/python3.12/site-packages/airflow/example_dags/example_setup_teardown.py
[2025-10-15T17:09:38.722+0000] {logging_mixin.py:188} INFO - [2025-10-15T17:09:38.722+0000] {dag.py:3089} INFO - Sync 1 DAGs
[2025-10-15T17:09:38.750+0000] {logging_mixin.py:188} INFO - [2025-10-15T17:09:38.750+0000] {dag.py:3947} INFO - Setting next_dagrun for example_setup_teardown to 2025-10-14 00:00:00+00:00, run_after=2025-10-15 00:00:00+00:00
[2025-10-15T17:09:38.773+0000] {processor.py:183} INFO - Processing /home/airflow/.local/lib/python3.12/site-packages/airflow/example_dags/example_setup_teardown.py took 0.106 seconds
[2025-10-15T17:10:08.988+0000] {processor.py:161} INFO - Started process (PID=305) to work on /home/airflow/.local/lib/python3.12/site-packages/airflow/example_dags/example_setup_teardown.py
[2025-10-15T17:10:08.989+0000] {processor.py:830} INFO - Processing file /home/airflow/.local/lib/python3.12/site-packages/airflow/example_dags/example_setup_teardown.py for tasks to queue
[2025-10-15T17:10:08.990+0000] {logging_mixin.py:188} INFO - [2025-10-15T17:10:08.990+0000] {dagbag.py:545} INFO - Filling up the DagBag from /home/airflow/.local/lib/python3.12/site-packages/airflow/example_dags/example_setup_teardown.py
[2025-10-15T17:10:08.994+0000] {processor.py:840} INFO - DAG(s) 'example_setup_teardown' retrieved from /home/airflow/.local/lib/python3.12/site-packages/airflow/example_dags/example_setup_teardown.py
[2025-10-15T17:10:09.006+0000] {logging_mixin.py:188} INFO - [2025-10-15T17:10:09.006+0000] {dag.py:3089} INFO - Sync 1 DAGs
[2025-10-15T17:10:09.018+0000] {logging_mixin.py:188} INFO - [2025-10-15T17:10:09.018+0000] {dag.py:3947} INFO - Setting next_dagrun for example_setup_teardown to 2025-10-14 00:00:00+00:00, run_after=2025-10-15 00:00:00+00:00
[2025-10-15T17:10:09.029+0000] {processor.py:183} INFO - Processing /home/airflow/.local/lib/python3.12/site-packages/airflow/example_dags/example_setup_teardown.py took 0.045 seconds
[2025-10-15T17:10:39.169+0000] {processor.py:161} INFO - Started process (PID=363) to work on /home/airflow/.local/lib/python3.12/site-packages/airflow/example_dags/example_setup_teardown.py
[2025-10-15T17:10:39.170+0000] {processor.py:830} INFO - Processing file /home/airflow/.local/lib/python3.12/site-packages/airflow/example_dags/example_setup_teardown.py for tasks to queue
[2025-10-15T17:10:39.171+0000] {logging_mixin.py:188} INFO - [2025-10-15T17:10:39.171+0000] {dagbag.py:545} INFO - Filling up the DagBag from /home/airflow/.local/lib/python3.12/site-packages/airflow/example_dags/example_setup_teardown.py
[2025-10-15T17:10:39.175+0000] {processor.py:840} INFO - DAG(s) 'example_setup_teardown' retrieved from /home/airflow/.local/lib/python3.12/site-packages/airflow/example_dags/example_setup_teardown.py
[2025-10-15T17:10:39.188+0000] {logging_mixin.py:188} INFO - [2025-10-15T17:10:39.188+0000] {dag.py:3089} INFO - Sync 1 DAGs
[2025-10-15T17:10:39.200+0000] {logging_mixin.py:188} INFO - [2025-10-15T17:10:39.200+0000] {dag.py:3947} INFO - Setting next_dagrun for example_setup_teardown to 2025-10-14 00:00:00+00:00, run_after=2025-10-15 00:00:00+00:00
[2025-10-15T17:10:39.212+0000] {processor.py:183} INFO - Processing /home/airflow/.local/lib/python3.12/site-packages/airflow/example_dags/example_setup_teardown.py took 0.046 seconds
[2025-10-15T17:11:09.549+0000] {processor.py:161} INFO - Started process (PID=421) to work on /home/airflow/.local/lib/python3.12/site-packages/airflow/example_dags/example_setup_teardown.py
[2025-10-15T17:11:09.549+0000] {processor.py:830} INFO - Processing file /home/airflow/.local/lib/python3.12/site-packages/airflow/example_dags/example_setup_teardown.py for tasks to queue
[2025-10-15T17:11:09.550+0000] {logging_mixin.py:188} INFO - [2025-10-15T17:11:09.550+0000] {dagbag.py:545} INFO - Filling up the DagBag from /home/airflow/.local/lib/python3.12/site-packages/airflow/example_dags/example_setup_teardown.py
[2025-10-15T17:11:09.555+0000] {processor.py:840} INFO - DAG(s) 'example_setup_teardown' retrieved from /home/airflow/.local/lib/python3.12/site-packages/airflow/example_dags/example_setup_teardown.py
[2025-10-15T17:11:09.568+0000] {logging_mixin.py:188} INFO - [2025-10-15T17:11:09.568+0000] {dag.py:3089} INFO - Sync 1 DAGs
[2025-10-15T17:11:09.581+0000] {logging_mixin.py:188} INFO - [2025-10-15T17:11:09.581+0000] {dag.py:3947} INFO - Setting next_dagrun for example_setup_teardown to 2025-10-14 00:00:00+00:00, run_after=2025-10-15 00:00:00+00:00
[2025-10-15T17:11:09.591+0000] {processor.py:183} INFO - Processing /home/airflow/.local/lib/python3.12/site-packages/airflow/example_dags/example_setup_teardown.py took 0.046 seconds
[2025-10-15T17:11:39.841+0000] {processor.py:161} INFO - Started process (PID=479) to work on /home/airflow/.local/lib/python3.12/site-packages/airflow/example_dags/example_setup_teardown.py
[2025-10-15T17:11:39.842+0000] {processor.py:830} INFO - Processing file /home/airflow/.local/lib/python3.12/site-packages/airflow/example_dags/example_setup_teardown.py for tasks to queue
[2025-10-15T17:11:39.844+0000] {logging_mixin.py:188} INFO - [2025-10-15T17:11:39.843+0000] {dagbag.py:545} INFO - Filling up the DagBag from /home/airflow/.local/lib/python3.12/site-packages/airflow/example_dags/example_setup_teardown.py
[2025-10-15T17:11:39.848+0000] {processor.py:840} INFO - DAG(s) 'example_setup_teardown' retrieved from /home/airflow/.local/lib/python3.12/site-packages/airflow/example_dags/example_setup_teardown.py
[2025-10-15T17:11:39.861+0000] {logging_mixin.py:188} INFO - [2025-10-15T17:11:39.861+0000] {dag.py:3089} INFO - Sync 1 DAGs
[2025-10-15T17:11:39.876+0000] {logging_mixin.py:188} INFO - [2025-10-15T17:11:39.876+0000] {dag.py:3947} INFO - Setting next_dagrun for example_setup_teardown to 2025-10-14 00:00:00+00:00, run_after=2025-10-15 00:00:00+00:00
[2025-10-15T17:11:39.887+0000] {processor.py:183} INFO - Processing /home/airflow/.local/lib/python3.12/site-packages/airflow/example_dags/example_setup_teardown.py took 0.051 seconds
[2025-10-15T17:12:10.392+0000] {processor.py:161} INFO - Started process (PID=537) to work on /home/airflow/.local/lib/python3.12/site-packages/airflow/example_dags/example_setup_teardown.py
[2025-10-15T17:12:10.392+0000] {processor.py:830} INFO - Processing file /home/airflow/.local/lib/python3.12/site-packages/airflow/example_dags/example_setup_teardown.py for tasks to queue
[2025-10-15T17:12:10.394+0000] {logging_mixin.py:188} INFO - [2025-10-15T17:12:10.394+0000] {dagbag.py:545} INFO - Filling up the DagBag from /home/airflow/.local/lib/python3.12/site-packages/airflow/example_dags/example_setup_teardown.py
[2025-10-15T17:12:10.398+0000] {processor.py:840} INFO - DAG(s) 'example_setup_teardown' retrieved from /home/airflow/.local/lib/python3.12/site-packages/airflow/example_dags/example_setup_teardown.py
[2025-10-15T17:12:10.410+0000] {logging_mixin.py:188} INFO - [2025-10-15T17:12:10.410+0000] {dag.py:3089} INFO - Sync 1 DAGs
[2025-10-15T17:12:10.423+0000] {logging_mixin.py:188} INFO - [2025-10-15T17:12:10.423+0000] {dag.py:3947} INFO - Setting next_dagrun for example_setup_teardown to 2025-10-14 00:00:00+00:00, run_after=2025-10-15 00:00:00+00:00
[2025-10-15T17:12:10.433+0000] {processor.py:183} INFO - Processing /home/airflow/.local/lib/python3.12/site-packages/airflow/example_dags/example_setup_teardown.py took 0.046 seconds
[2025-10-15T17:12:40.921+0000] {processor.py:161} INFO - Started process (PID=595) to work on /home/airflow/.local/lib/python3.12/site-packages/airflow/example_dags/example_setup_teardown.py
[2025-10-15T17:12:40.922+0000] {processor.py:830} INFO - Processing file /home/airflow/.local/lib/python3.12/site-packages/airflow/example_dags/example_setup_teardown.py for tasks to queue
[2025-10-15T17:12:40.924+0000] {logging_mixin.py:188} INFO - [2025-10-15T17:12:40.923+0000] {dagbag.py:545} INFO - Filling up the DagBag from /home/airflow/.local/lib/python3.12/site-packages/airflow/example_dags/example_setup_teardown.py
[2025-10-15T17:12:40.928+0000] {processor.py:840} INFO - DAG(s) 'example_setup_teardown' retrieved from /home/airflow/.local/lib/python3.12/site-packages/airflow/example_dags/example_setup_teardown.py
[2025-10-15T17:12:40.945+0000] {logging_mixin.py:188} INFO - [2025-10-15T17:12:40.945+0000] {dag.py:3089} INFO - Sync 1 DAGs
[2025-10-15T17:12:40.973+0000] {logging_mixin.py:188} INFO - [2025-10-15T17:12:40.973+0000] {dag.py:3947} INFO - Setting next_dagrun for example_setup_teardown to 2025-10-14 00:00:00+00:00, run_after=2025-10-15 00:00:00+00:00
[2025-10-15T17:12:40.984+0000] {processor.py:183} INFO - Processing /home/airflow/.local/lib/python3.12/site-packages/airflow/example_dags/example_setup_teardown.py took 0.069 seconds
[2025-10-15T17:13:11.230+0000] {processor.py:161} INFO - Started process (PID=653) to work on /home/airflow/.local/lib/python3.12/site-packages/airflow/example_dags/example_setup_teardown.py
[2025-10-15T17:13:11.231+0000] {processor.py:830} INFO - Processing file /home/airflow/.local/lib/python3.12/site-packages/airflow/example_dags/example_setup_teardown.py for tasks to queue
[2025-10-15T17:13:11.233+0000] {logging_mixin.py:188} INFO - [2025-10-15T17:13:11.232+0000] {dagbag.py:545} INFO - Filling up the DagBag from /home/airflow/.local/lib/python3.12/site-packages/airflow/example_dags/example_setup_teardown.py
[2025-10-15T17:13:11.239+0000] {processor.py:840} INFO - DAG(s) 'example_setup_teardown' retrieved from /home/airflow/.local/lib/python3.12/site-packages/airflow/example_dags/example_setup_teardown.py
[2025-10-15T17:13:11.250+0000] {logging_mixin.py:188} INFO - [2025-10-15T17:13:11.250+0000] {dag.py:3089} INFO - Sync 1 DAGs
[2025-10-15T17:13:11.262+0000] {logging_mixin.py:188} INFO - [2025-10-15T17:13:11.262+0000] {dag.py:3947} INFO - Setting next_dagrun for example_setup_teardown to 2025-10-14 00:00:00+00:00, run_after=2025-10-15 00:00:00+00:00
[2025-10-15T17:13:11.271+0000] {processor.py:183} INFO - Processing /home/airflow/.local/lib/python3.12/site-packages/airflow/example_dags/example_setup_teardown.py took 0.047 seconds
[2025-10-15T17:13:41.356+0000] {processor.py:161} INFO - Started process (PID=711) to work on /home/airflow/.local/lib/python3.12/site-packages/airflow/example_dags/example_setup_teardown.py
[2025-10-15T17:13:41.356+0000] {processor.py:830} INFO - Processing file /home/airflow/.local/lib/python3.12/site-packages/airflow/example_dags/example_setup_teardown.py for tasks to queue
[2025-10-15T17:13:41.357+0000] {logging_mixin.py:188} INFO - [2025-10-15T17:13:41.357+0000] {dagbag.py:545} INFO - Filling up the DagBag from /home/airflow/.local/lib/python3.12/site-packages/airflow/example_dags/example_setup_teardown.py
[2025-10-15T17:13:41.362+0000] {processor.py:840} INFO - DAG(s) 'example_setup_teardown' retrieved from /home/airflow/.local/lib/python3.12/site-packages/airflow/example_dags/example_setup_teardown.py
[2025-10-15T17:13:41.404+0000] {logging_mixin.py:188} INFO - [2025-10-15T17:13:41.404+0000] {dag.py:3089} INFO - Sync 1 DAGs
[2025-10-15T17:13:41.423+0000] {logging_mixin.py:188} INFO - [2025-10-15T17:13:41.423+0000] {dag.py:3947} INFO - Setting next_dagrun for example_setup_teardown to 2025-10-14 00:00:00+00:00, run_after=2025-10-15 00:00:00+00:00
[2025-10-15T17:13:41.436+0000] {processor.py:183} INFO - Processing /home/airflow/.local/lib/python3.12/site-packages/airflow/example_dags/example_setup_teardown.py took 0.085 seconds
[2025-10-15T17:14:11.782+0000] {processor.py:161} INFO - Started process (PID=769) to work on /home/airflow/.local/lib/python3.12/site-packages/airflow/example_dags/example_setup_teardown.py
[2025-10-15T17:14:11.783+0000] {processor.py:830} INFO - Processing file /home/airflow/.local/lib/python3.12/site-packages/airflow/example_dags/example_setup_teardown.py for tasks to queue
[2025-10-15T17:14:11.784+0000] {logging_mixin.py:188} INFO - [2025-10-15T17:14:11.784+0000] {dagbag.py:545} INFO - Filling up the DagBag from /home/airflow/.local/lib/python3.12/site-packages/airflow/example_dags/example_setup_teardown.py
[2025-10-15T17:14:11.788+0000] {processor.py:840} INFO - DAG(s) 'example_setup_teardown' retrieved from /home/airflow/.local/lib/python3.12/site-packages/airflow/example_dags/example_setup_teardown.py
[2025-10-15T17:14:11.799+0000] {logging_mixin.py:188} INFO - [2025-10-15T17:14:11.799+0000] {dag.py:3089} INFO - Sync 1 DAGs
[2025-10-15T17:14:11.811+0000] {logging_mixin.py:188} INFO - [2025-10-15T17:14:11.810+0000] {dag.py:3947} INFO - Setting next_dagrun for example_setup_teardown to 2025-10-14 00:00:00+00:00, run_after=2025-10-15 00:00:00+00:00
[2025-10-15T17:14:11.821+0000] {processor.py:183} INFO - Processing /home/airflow/.local/lib/python3.12/site-packages/airflow/example_dags/example_setup_teardown.py took 0.042 seconds
[2025-10-15T17:14:41.898+0000] {processor.py:161} INFO - Started process (PID=827) to work on /home/airflow/.local/lib/python3.12/site-packages/airflow/example_dags/example_setup_teardown.py
[2025-10-15T17:14:41.898+0000] {processor.py:830} INFO - Processing file /home/airflow/.local/lib/python3.12/site-packages/airflow/example_dags/example_setup_teardown.py for tasks to queue
[2025-10-15T17:14:41.900+0000] {logging_mixin.py:188} INFO - [2025-10-15T17:14:41.899+0000] {dagbag.py:545} INFO - Filling up the DagBag from /home/airflow/.local/lib/python3.12/site-packages/airflow/example_dags/example_setup_teardown.py
[2025-10-15T17:14:41.904+0000] {processor.py:840} INFO - DAG(s) 'example_setup_teardown' retrieved from /home/airflow/.local/lib/python3.12/site-packages/airflow/example_dags/example_setup_teardown.py
[2025-10-15T17:14:41.915+0000] {logging_mixin.py:188} INFO - [2025-10-15T17:14:41.915+0000] {dag.py:3089} INFO - Sync 1 DAGs
[2025-10-15T17:14:41.927+0000] {logging_mixin.py:188} INFO - [2025-10-15T17:14:41.926+0000] {dag.py:3947} INFO - Setting next_dagrun for example_setup_teardown to 2025-10-14 00:00:00+00:00, run_after=2025-10-15 00:00:00+00:00
[2025-10-15T17:14:41.936+0000] {processor.py:183} INFO - Processing /home/airflow/.local/lib/python3.12/site-packages/airflow/example_dags/example_setup_teardown.py took 0.042 seconds
[2025-10-15T17:15:12.180+0000] {processor.py:161} INFO - Started process (PID=885) to work on /home/airflow/.local/lib/python3.12/site-packages/airflow/example_dags/example_setup_teardown.py
[2025-10-15T17:15:12.182+0000] {processor.py:830} INFO - Processing file /home/airflow/.local/lib/python3.12/site-packages/airflow/example_dags/example_setup_teardown.py for tasks to queue
[2025-10-15T17:15:12.183+0000] {logging_mixin.py:188} INFO - [2025-10-15T17:15:12.183+0000] {dagbag.py:545} INFO - Filling up the DagBag from /home/airflow/.local/lib/python3.12/site-packages/airflow/example_dags/example_setup_teardown.py
[2025-10-15T17:15:12.188+0000] {processor.py:840} INFO - DAG(s) 'example_setup_teardown' retrieved from /home/airflow/.local/lib/python3.12/site-packages/airflow/example_dags/example_setup_teardown.py
[2025-10-15T17:15:12.199+0000] {logging_mixin.py:188} INFO - [2025-10-15T17:15:12.199+0000] {dag.py:3089} INFO - Sync 1 DAGs
[2025-10-15T17:15:12.210+0000] {logging_mixin.py:188} INFO - [2025-10-15T17:15:12.210+0000] {dag.py:3947} INFO - Setting next_dagrun for example_setup_teardown to 2025-10-14 00:00:00+00:00, run_after=2025-10-15 00:00:00+00:00
[2025-10-15T17:15:12.220+0000] {processor.py:183} INFO - Processing /home/airflow/.local/lib/python3.12/site-packages/airflow/example_dags/example_setup_teardown.py took 0.044 seconds
[2025-10-15T17:19:44.228+0000] {processor.py:161} INFO - Started process (PID=68) to work on /home/airflow/.local/lib/python3.12/site-packages/airflow/example_dags/example_setup_teardown.py
[2025-10-15T17:19:44.231+0000] {processor.py:830} INFO - Processing file /home/airflow/.local/lib/python3.12/site-packages/airflow/example_dags/example_setup_teardown.py for tasks to queue
[2025-10-15T17:19:44.237+0000] {logging_mixin.py:188} INFO - [2025-10-15T17:19:44.237+0000] {dagbag.py:545} INFO - Filling up the DagBag from /home/airflow/.local/lib/python3.12/site-packages/airflow/example_dags/example_setup_teardown.py
[2025-10-15T17:19:44.255+0000] {processor.py:840} INFO - DAG(s) 'example_setup_teardown' retrieved from /home/airflow/.local/lib/python3.12/site-packages/airflow/example_dags/example_setup_teardown.py
[2025-10-15T17:19:45.092+0000] {logging_mixin.py:188} INFO - [2025-10-15T17:19:45.091+0000] {dag.py:3089} INFO - Sync 1 DAGs
[2025-10-15T17:19:45.169+0000] {logging_mixin.py:188} INFO - [2025-10-15T17:19:45.168+0000] {dag.py:3947} INFO - Setting next_dagrun for example_setup_teardown to 2025-10-14 00:00:00+00:00, run_after=2025-10-15 00:00:00+00:00
[2025-10-15T17:19:45.270+0000] {processor.py:183} INFO - Processing /home/airflow/.local/lib/python3.12/site-packages/airflow/example_dags/example_setup_teardown.py took 1.057 seconds
[2025-10-15T17:20:15.989+0000] {processor.py:161} INFO - Started process (PID=126) to work on /home/airflow/.local/lib/python3.12/site-packages/airflow/example_dags/example_setup_teardown.py
[2025-10-15T17:20:15.989+0000] {processor.py:830} INFO - Processing file /home/airflow/.local/lib/python3.12/site-packages/airflow/example_dags/example_setup_teardown.py for tasks to queue
[2025-10-15T17:20:15.990+0000] {logging_mixin.py:188} INFO - [2025-10-15T17:20:15.990+0000] {dagbag.py:545} INFO - Filling up the DagBag from /home/airflow/.local/lib/python3.12/site-packages/airflow/example_dags/example_setup_teardown.py
[2025-10-15T17:20:15.997+0000] {processor.py:840} INFO - DAG(s) 'example_setup_teardown' retrieved from /home/airflow/.local/lib/python3.12/site-packages/airflow/example_dags/example_setup_teardown.py
[2025-10-15T17:20:16.021+0000] {logging_mixin.py:188} INFO - [2025-10-15T17:20:16.021+0000] {dag.py:3089} INFO - Sync 1 DAGs
[2025-10-15T17:20:16.040+0000] {logging_mixin.py:188} INFO - [2025-10-15T17:20:16.039+0000] {dag.py:3947} INFO - Setting next_dagrun for example_setup_teardown to 2025-10-14 00:00:00+00:00, run_after=2025-10-15 00:00:00+00:00
[2025-10-15T17:20:16.060+0000] {processor.py:183} INFO - Processing /home/airflow/.local/lib/python3.12/site-packages/airflow/example_dags/example_setup_teardown.py took 0.076 seconds
[2025-10-15T17:20:46.682+0000] {processor.py:161} INFO - Started process (PID=184) to work on /home/airflow/.local/lib/python3.12/site-packages/airflow/example_dags/example_setup_teardown.py
[2025-10-15T17:20:46.687+0000] {processor.py:830} INFO - Processing file /home/airflow/.local/lib/python3.12/site-packages/airflow/example_dags/example_setup_teardown.py for tasks to queue
[2025-10-15T17:20:46.688+0000] {logging_mixin.py:188} INFO - [2025-10-15T17:20:46.688+0000] {dagbag.py:545} INFO - Filling up the DagBag from /home/airflow/.local/lib/python3.12/site-packages/airflow/example_dags/example_setup_teardown.py
[2025-10-15T17:20:46.693+0000] {processor.py:840} INFO - DAG(s) 'example_setup_teardown' retrieved from /home/airflow/.local/lib/python3.12/site-packages/airflow/example_dags/example_setup_teardown.py
[2025-10-15T17:20:46.713+0000] {logging_mixin.py:188} INFO - [2025-10-15T17:20:46.713+0000] {dag.py:3089} INFO - Sync 1 DAGs
[2025-10-15T17:20:46.728+0000] {logging_mixin.py:188} INFO - [2025-10-15T17:20:46.728+0000] {dag.py:3947} INFO - Setting next_dagrun for example_setup_teardown to 2025-10-14 00:00:00+00:00, run_after=2025-10-15 00:00:00+00:00
[2025-10-15T17:20:46.746+0000] {processor.py:183} INFO - Processing /home/airflow/.local/lib/python3.12/site-packages/airflow/example_dags/example_setup_teardown.py took 0.067 seconds
[2025-10-15T17:21:17.649+0000] {processor.py:161} INFO - Started process (PID=242) to work on /home/airflow/.local/lib/python3.12/site-packages/airflow/example_dags/example_setup_teardown.py
[2025-10-15T17:21:17.651+0000] {processor.py:830} INFO - Processing file /home/airflow/.local/lib/python3.12/site-packages/airflow/example_dags/example_setup_teardown.py for tasks to queue
[2025-10-15T17:21:17.654+0000] {logging_mixin.py:188} INFO - [2025-10-15T17:21:17.654+0000] {dagbag.py:545} INFO - Filling up the DagBag from /home/airflow/.local/lib/python3.12/site-packages/airflow/example_dags/example_setup_teardown.py
[2025-10-15T17:21:17.659+0000] {processor.py:840} INFO - DAG(s) 'example_setup_teardown' retrieved from /home/airflow/.local/lib/python3.12/site-packages/airflow/example_dags/example_setup_teardown.py
[2025-10-15T17:21:17.682+0000] {logging_mixin.py:188} INFO - [2025-10-15T17:21:17.682+0000] {dag.py:3089} INFO - Sync 1 DAGs
[2025-10-15T17:21:17.705+0000] {logging_mixin.py:188} INFO - [2025-10-15T17:21:17.705+0000] {dag.py:3947} INFO - Setting next_dagrun for example_setup_teardown to 2025-10-14 00:00:00+00:00, run_after=2025-10-15 00:00:00+00:00
[2025-10-15T17:21:17.719+0000] {processor.py:183} INFO - Processing /home/airflow/.local/lib/python3.12/site-packages/airflow/example_dags/example_setup_teardown.py took 0.075 seconds
[2025-10-15T17:21:48.659+0000] {processor.py:161} INFO - Started process (PID=300) to work on /home/airflow/.local/lib/python3.12/site-packages/airflow/example_dags/example_setup_teardown.py
[2025-10-15T17:21:48.661+0000] {processor.py:830} INFO - Processing file /home/airflow/.local/lib/python3.12/site-packages/airflow/example_dags/example_setup_teardown.py for tasks to queue
[2025-10-15T17:21:48.663+0000] {logging_mixin.py:188} INFO - [2025-10-15T17:21:48.663+0000] {dagbag.py:545} INFO - Filling up the DagBag from /home/airflow/.local/lib/python3.12/site-packages/airflow/example_dags/example_setup_teardown.py
[2025-10-15T17:21:48.668+0000] {processor.py:840} INFO - DAG(s) 'example_setup_teardown' retrieved from /home/airflow/.local/lib/python3.12/site-packages/airflow/example_dags/example_setup_teardown.py
[2025-10-15T17:21:48.691+0000] {logging_mixin.py:188} INFO - [2025-10-15T17:21:48.691+0000] {dag.py:3089} INFO - Sync 1 DAGs
[2025-10-15T17:21:48.706+0000] {logging_mixin.py:188} INFO - [2025-10-15T17:21:48.705+0000] {dag.py:3947} INFO - Setting next_dagrun for example_setup_teardown to 2025-10-14 00:00:00+00:00, run_after=2025-10-15 00:00:00+00:00
[2025-10-15T17:21:48.716+0000] {processor.py:183} INFO - Processing /home/airflow/.local/lib/python3.12/site-packages/airflow/example_dags/example_setup_teardown.py took 0.061 seconds
[2025-10-15T17:22:18.752+0000] {processor.py:161} INFO - Started process (PID=358) to work on /home/airflow/.local/lib/python3.12/site-packages/airflow/example_dags/example_setup_teardown.py
[2025-10-15T17:22:18.755+0000] {processor.py:830} INFO - Processing file /home/airflow/.local/lib/python3.12/site-packages/airflow/example_dags/example_setup_teardown.py for tasks to queue
[2025-10-15T17:22:18.757+0000] {logging_mixin.py:188} INFO - [2025-10-15T17:22:18.757+0000] {dagbag.py:545} INFO - Filling up the DagBag from /home/airflow/.local/lib/python3.12/site-packages/airflow/example_dags/example_setup_teardown.py
[2025-10-15T17:22:18.762+0000] {processor.py:840} INFO - DAG(s) 'example_setup_teardown' retrieved from /home/airflow/.local/lib/python3.12/site-packages/airflow/example_dags/example_setup_teardown.py
[2025-10-15T17:22:18.784+0000] {logging_mixin.py:188} INFO - [2025-10-15T17:22:18.784+0000] {dag.py:3089} INFO - Sync 1 DAGs
[2025-10-15T17:22:18.802+0000] {logging_mixin.py:188} INFO - [2025-10-15T17:22:18.802+0000] {dag.py:3947} INFO - Setting next_dagrun for example_setup_teardown to 2025-10-14 00:00:00+00:00, run_after=2025-10-15 00:00:00+00:00
[2025-10-15T17:22:18.817+0000] {processor.py:183} INFO - Processing /home/airflow/.local/lib/python3.12/site-packages/airflow/example_dags/example_setup_teardown.py took 0.069 seconds
[2025-10-15T17:22:48.901+0000] {processor.py:161} INFO - Started process (PID=416) to work on /home/airflow/.local/lib/python3.12/site-packages/airflow/example_dags/example_setup_teardown.py
[2025-10-15T17:22:48.901+0000] {processor.py:830} INFO - Processing file /home/airflow/.local/lib/python3.12/site-packages/airflow/example_dags/example_setup_teardown.py for tasks to queue
[2025-10-15T17:22:48.903+0000] {logging_mixin.py:188} INFO - [2025-10-15T17:22:48.902+0000] {dagbag.py:545} INFO - Filling up the DagBag from /home/airflow/.local/lib/python3.12/site-packages/airflow/example_dags/example_setup_teardown.py
[2025-10-15T17:22:48.907+0000] {processor.py:840} INFO - DAG(s) 'example_setup_teardown' retrieved from /home/airflow/.local/lib/python3.12/site-packages/airflow/example_dags/example_setup_teardown.py
[2025-10-15T17:22:48.925+0000] {logging_mixin.py:188} INFO - [2025-10-15T17:22:48.925+0000] {dag.py:3089} INFO - Sync 1 DAGs
[2025-10-15T17:22:48.941+0000] {logging_mixin.py:188} INFO - [2025-10-15T17:22:48.940+0000] {dag.py:3947} INFO - Setting next_dagrun for example_setup_teardown to 2025-10-14 00:00:00+00:00, run_after=2025-10-15 00:00:00+00:00
[2025-10-15T17:22:48.954+0000] {processor.py:183} INFO - Processing /home/airflow/.local/lib/python3.12/site-packages/airflow/example_dags/example_setup_teardown.py took 0.057 seconds
[2025-10-15T17:23:19.068+0000] {processor.py:161} INFO - Started process (PID=474) to work on /home/airflow/.local/lib/python3.12/site-packages/airflow/example_dags/example_setup_teardown.py
[2025-10-15T17:23:19.069+0000] {processor.py:830} INFO - Processing file /home/airflow/.local/lib/python3.12/site-packages/airflow/example_dags/example_setup_teardown.py for tasks to queue
[2025-10-15T17:23:19.070+0000] {logging_mixin.py:188} INFO - [2025-10-15T17:23:19.070+0000] {dagbag.py:545} INFO - Filling up the DagBag from /home/airflow/.local/lib/python3.12/site-packages/airflow/example_dags/example_setup_teardown.py
[2025-10-15T17:23:19.079+0000] {processor.py:840} INFO - DAG(s) 'example_setup_teardown' retrieved from /home/airflow/.local/lib/python3.12/site-packages/airflow/example_dags/example_setup_teardown.py
[2025-10-15T17:23:19.096+0000] {logging_mixin.py:188} INFO - [2025-10-15T17:23:19.096+0000] {dag.py:3089} INFO - Sync 1 DAGs
[2025-10-15T17:23:19.112+0000] {logging_mixin.py:188} INFO - [2025-10-15T17:23:19.111+0000] {dag.py:3947} INFO - Setting next_dagrun for example_setup_teardown to 2025-10-14 00:00:00+00:00, run_after=2025-10-15 00:00:00+00:00
[2025-10-15T17:23:19.125+0000] {processor.py:183} INFO - Processing /home/airflow/.local/lib/python3.12/site-packages/airflow/example_dags/example_setup_teardown.py took 0.061 seconds
[2025-10-15T17:23:49.408+0000] {processor.py:161} INFO - Started process (PID=532) to work on /home/airflow/.local/lib/python3.12/site-packages/airflow/example_dags/example_setup_teardown.py
[2025-10-15T17:23:49.411+0000] {processor.py:830} INFO - Processing file /home/airflow/.local/lib/python3.12/site-packages/airflow/example_dags/example_setup_teardown.py for tasks to queue
[2025-10-15T17:23:49.414+0000] {logging_mixin.py:188} INFO - [2025-10-15T17:23:49.414+0000] {dagbag.py:545} INFO - Filling up the DagBag from /home/airflow/.local/lib/python3.12/site-packages/airflow/example_dags/example_setup_teardown.py
[2025-10-15T17:23:49.419+0000] {processor.py:840} INFO - DAG(s) 'example_setup_teardown' retrieved from /home/airflow/.local/lib/python3.12/site-packages/airflow/example_dags/example_setup_teardown.py
[2025-10-15T17:23:49.439+0000] {logging_mixin.py:188} INFO - [2025-10-15T17:23:49.439+0000] {dag.py:3089} INFO - Sync 1 DAGs
[2025-10-15T17:23:49.453+0000] {logging_mixin.py:188} INFO - [2025-10-15T17:23:49.453+0000] {dag.py:3947} INFO - Setting next_dagrun for example_setup_teardown to 2025-10-14 00:00:00+00:00, run_after=2025-10-15 00:00:00+00:00
[2025-10-15T17:23:49.466+0000] {processor.py:183} INFO - Processing /home/airflow/.local/lib/python3.12/site-packages/airflow/example_dags/example_setup_teardown.py took 0.062 seconds
[2025-10-15T17:24:20.136+0000] {processor.py:161} INFO - Started process (PID=590) to work on /home/airflow/.local/lib/python3.12/site-packages/airflow/example_dags/example_setup_teardown.py
[2025-10-15T17:24:20.138+0000] {processor.py:830} INFO - Processing file /home/airflow/.local/lib/python3.12/site-packages/airflow/example_dags/example_setup_teardown.py for tasks to queue
[2025-10-15T17:24:20.141+0000] {logging_mixin.py:188} INFO - [2025-10-15T17:24:20.141+0000] {dagbag.py:545} INFO - Filling up the DagBag from /home/airflow/.local/lib/python3.12/site-packages/airflow/example_dags/example_setup_teardown.py
[2025-10-15T17:24:20.146+0000] {processor.py:840} INFO - DAG(s) 'example_setup_teardown' retrieved from /home/airflow/.local/lib/python3.12/site-packages/airflow/example_dags/example_setup_teardown.py
[2025-10-15T17:24:20.162+0000] {logging_mixin.py:188} INFO - [2025-10-15T17:24:20.162+0000] {dag.py:3089} INFO - Sync 1 DAGs
[2025-10-15T17:24:20.177+0000] {logging_mixin.py:188} INFO - [2025-10-15T17:24:20.177+0000] {dag.py:3947} INFO - Setting next_dagrun for example_setup_teardown to 2025-10-14 00:00:00+00:00, run_after=2025-10-15 00:00:00+00:00
[2025-10-15T17:24:20.192+0000] {processor.py:183} INFO - Processing /home/airflow/.local/lib/python3.12/site-packages/airflow/example_dags/example_setup_teardown.py took 0.062 seconds
