[2025-10-15T17:08:06.409+0000] {processor.py:161} INFO - Started process (PID=70) to work on /home/airflow/.local/lib/python3.12/site-packages/airflow/example_dags/example_branch_python_dop_operator_3.py
[2025-10-15T17:08:06.411+0000] {processor.py:830} INFO - Processing file /home/airflow/.local/lib/python3.12/site-packages/airflow/example_dags/example_branch_python_dop_operator_3.py for tasks to queue
[2025-10-15T17:08:06.415+0000] {logging_mixin.py:188} INFO - [2025-10-15T17:08:06.414+0000] {dagbag.py:545} INFO - Filling up the DagBag from /home/airflow/.local/lib/python3.12/site-packages/airflow/example_dags/example_branch_python_dop_operator_3.py
[2025-10-15T17:08:06.448+0000] {processor.py:840} INFO - DAG(s) 'example_branch_dop_operator_v3' retrieved from /home/airflow/.local/lib/python3.12/site-packages/airflow/example_dags/example_branch_python_dop_operator_3.py
[2025-10-15T17:08:06.757+0000] {logging_mixin.py:188} INFO - [2025-10-15T17:08:06.756+0000] {override.py:1858} INFO - Created Permission View: can edit on DAG:example_branch_dop_operator_v3
[2025-10-15T17:08:06.803+0000] {logging_mixin.py:188} INFO - [2025-10-15T17:08:06.802+0000] {override.py:1858} INFO - Created Permission View: can delete on DAG:example_branch_dop_operator_v3
[2025-10-15T17:08:06.823+0000] {logging_mixin.py:188} INFO - [2025-10-15T17:08:06.822+0000] {override.py:1858} INFO - Created Permission View: can read on DAG:example_branch_dop_operator_v3
[2025-10-15T17:08:06.824+0000] {logging_mixin.py:188} INFO - [2025-10-15T17:08:06.824+0000] {dag.py:3089} INFO - Sync 1 DAGs
[2025-10-15T17:08:06.850+0000] {logging_mixin.py:188} INFO - [2025-10-15T17:08:06.850+0000] {dag.py:3111} INFO - Creating ORM DAG for example_branch_dop_operator_v3
[2025-10-15T17:08:06.887+0000] {logging_mixin.py:188} INFO - [2025-10-15T17:08:06.884+0000] {dag.py:3947} INFO - Setting next_dagrun for example_branch_dop_operator_v3 to 2025-10-15 17:07:00+00:00, run_after=2025-10-15 17:08:00+00:00
[2025-10-15T17:08:06.927+0000] {processor.py:183} INFO - Processing /home/airflow/.local/lib/python3.12/site-packages/airflow/example_dags/example_branch_python_dop_operator_3.py took 0.528 seconds
[2025-10-15T17:08:37.566+0000] {processor.py:161} INFO - Started process (PID=128) to work on /home/airflow/.local/lib/python3.12/site-packages/airflow/example_dags/example_branch_python_dop_operator_3.py
[2025-10-15T17:08:37.568+0000] {processor.py:830} INFO - Processing file /home/airflow/.local/lib/python3.12/site-packages/airflow/example_dags/example_branch_python_dop_operator_3.py for tasks to queue
[2025-10-15T17:08:37.571+0000] {logging_mixin.py:188} INFO - [2025-10-15T17:08:37.571+0000] {dagbag.py:545} INFO - Filling up the DagBag from /home/airflow/.local/lib/python3.12/site-packages/airflow/example_dags/example_branch_python_dop_operator_3.py
[2025-10-15T17:08:37.578+0000] {processor.py:840} INFO - DAG(s) 'example_branch_dop_operator_v3' retrieved from /home/airflow/.local/lib/python3.12/site-packages/airflow/example_dags/example_branch_python_dop_operator_3.py
[2025-10-15T17:08:37.598+0000] {logging_mixin.py:188} INFO - [2025-10-15T17:08:37.598+0000] {dag.py:3089} INFO - Sync 1 DAGs
[2025-10-15T17:08:37.614+0000] {logging_mixin.py:188} INFO - [2025-10-15T17:08:37.614+0000] {dag.py:3947} INFO - Setting next_dagrun for example_branch_dop_operator_v3 to 2025-10-15 17:07:00+00:00, run_after=2025-10-15 17:08:00+00:00
[2025-10-15T17:08:37.628+0000] {processor.py:183} INFO - Processing /home/airflow/.local/lib/python3.12/site-packages/airflow/example_dags/example_branch_python_dop_operator_3.py took 0.066 seconds
[2025-10-15T17:09:08.099+0000] {processor.py:161} INFO - Started process (PID=186) to work on /home/airflow/.local/lib/python3.12/site-packages/airflow/example_dags/example_branch_python_dop_operator_3.py
[2025-10-15T17:09:08.106+0000] {processor.py:830} INFO - Processing file /home/airflow/.local/lib/python3.12/site-packages/airflow/example_dags/example_branch_python_dop_operator_3.py for tasks to queue
[2025-10-15T17:09:08.114+0000] {logging_mixin.py:188} INFO - [2025-10-15T17:09:08.113+0000] {dagbag.py:545} INFO - Filling up the DagBag from /home/airflow/.local/lib/python3.12/site-packages/airflow/example_dags/example_branch_python_dop_operator_3.py
[2025-10-15T17:09:08.124+0000] {processor.py:840} INFO - DAG(s) 'example_branch_dop_operator_v3' retrieved from /home/airflow/.local/lib/python3.12/site-packages/airflow/example_dags/example_branch_python_dop_operator_3.py
[2025-10-15T17:09:08.160+0000] {logging_mixin.py:188} INFO - [2025-10-15T17:09:08.160+0000] {dag.py:3089} INFO - Sync 1 DAGs
[2025-10-15T17:09:08.197+0000] {logging_mixin.py:188} INFO - [2025-10-15T17:09:08.197+0000] {dag.py:3947} INFO - Setting next_dagrun for example_branch_dop_operator_v3 to 2025-10-15 17:08:00+00:00, run_after=2025-10-15 17:09:00+00:00
[2025-10-15T17:09:08.226+0000] {processor.py:183} INFO - Processing /home/airflow/.local/lib/python3.12/site-packages/airflow/example_dags/example_branch_python_dop_operator_3.py took 0.134 seconds
[2025-10-15T17:09:38.280+0000] {processor.py:161} INFO - Started process (PID=244) to work on /home/airflow/.local/lib/python3.12/site-packages/airflow/example_dags/example_branch_python_dop_operator_3.py
[2025-10-15T17:09:38.283+0000] {processor.py:830} INFO - Processing file /home/airflow/.local/lib/python3.12/site-packages/airflow/example_dags/example_branch_python_dop_operator_3.py for tasks to queue
[2025-10-15T17:09:38.285+0000] {logging_mixin.py:188} INFO - [2025-10-15T17:09:38.284+0000] {dagbag.py:545} INFO - Filling up the DagBag from /home/airflow/.local/lib/python3.12/site-packages/airflow/example_dags/example_branch_python_dop_operator_3.py
[2025-10-15T17:09:38.295+0000] {processor.py:840} INFO - DAG(s) 'example_branch_dop_operator_v3' retrieved from /home/airflow/.local/lib/python3.12/site-packages/airflow/example_dags/example_branch_python_dop_operator_3.py
[2025-10-15T17:09:38.319+0000] {logging_mixin.py:188} INFO - [2025-10-15T17:09:38.319+0000] {dag.py:3089} INFO - Sync 1 DAGs
[2025-10-15T17:09:38.355+0000] {logging_mixin.py:188} INFO - [2025-10-15T17:09:38.354+0000] {dag.py:3947} INFO - Setting next_dagrun for example_branch_dop_operator_v3 to 2025-10-15 17:08:00+00:00, run_after=2025-10-15 17:09:00+00:00
[2025-10-15T17:09:38.499+0000] {processor.py:183} INFO - Processing /home/airflow/.local/lib/python3.12/site-packages/airflow/example_dags/example_branch_python_dop_operator_3.py took 0.226 seconds
[2025-10-15T17:10:08.846+0000] {processor.py:161} INFO - Started process (PID=302) to work on /home/airflow/.local/lib/python3.12/site-packages/airflow/example_dags/example_branch_python_dop_operator_3.py
[2025-10-15T17:10:08.847+0000] {processor.py:830} INFO - Processing file /home/airflow/.local/lib/python3.12/site-packages/airflow/example_dags/example_branch_python_dop_operator_3.py for tasks to queue
[2025-10-15T17:10:08.849+0000] {logging_mixin.py:188} INFO - [2025-10-15T17:10:08.849+0000] {dagbag.py:545} INFO - Filling up the DagBag from /home/airflow/.local/lib/python3.12/site-packages/airflow/example_dags/example_branch_python_dop_operator_3.py
[2025-10-15T17:10:08.857+0000] {processor.py:840} INFO - DAG(s) 'example_branch_dop_operator_v3' retrieved from /home/airflow/.local/lib/python3.12/site-packages/airflow/example_dags/example_branch_python_dop_operator_3.py
[2025-10-15T17:10:08.872+0000] {logging_mixin.py:188} INFO - [2025-10-15T17:10:08.871+0000] {dag.py:3089} INFO - Sync 1 DAGs
[2025-10-15T17:10:08.887+0000] {logging_mixin.py:188} INFO - [2025-10-15T17:10:08.887+0000] {dag.py:3947} INFO - Setting next_dagrun for example_branch_dop_operator_v3 to 2025-10-15 17:09:00+00:00, run_after=2025-10-15 17:10:00+00:00
[2025-10-15T17:10:08.908+0000] {processor.py:183} INFO - Processing /home/airflow/.local/lib/python3.12/site-packages/airflow/example_dags/example_branch_python_dop_operator_3.py took 0.065 seconds
[2025-10-15T17:10:39.039+0000] {processor.py:161} INFO - Started process (PID=360) to work on /home/airflow/.local/lib/python3.12/site-packages/airflow/example_dags/example_branch_python_dop_operator_3.py
[2025-10-15T17:10:39.039+0000] {processor.py:830} INFO - Processing file /home/airflow/.local/lib/python3.12/site-packages/airflow/example_dags/example_branch_python_dop_operator_3.py for tasks to queue
[2025-10-15T17:10:39.040+0000] {logging_mixin.py:188} INFO - [2025-10-15T17:10:39.040+0000] {dagbag.py:545} INFO - Filling up the DagBag from /home/airflow/.local/lib/python3.12/site-packages/airflow/example_dags/example_branch_python_dop_operator_3.py
[2025-10-15T17:10:39.047+0000] {processor.py:840} INFO - DAG(s) 'example_branch_dop_operator_v3' retrieved from /home/airflow/.local/lib/python3.12/site-packages/airflow/example_dags/example_branch_python_dop_operator_3.py
[2025-10-15T17:10:39.061+0000] {logging_mixin.py:188} INFO - [2025-10-15T17:10:39.061+0000] {dag.py:3089} INFO - Sync 1 DAGs
[2025-10-15T17:10:39.077+0000] {logging_mixin.py:188} INFO - [2025-10-15T17:10:39.077+0000] {dag.py:3947} INFO - Setting next_dagrun for example_branch_dop_operator_v3 to 2025-10-15 17:09:00+00:00, run_after=2025-10-15 17:10:00+00:00
[2025-10-15T17:10:39.091+0000] {processor.py:183} INFO - Processing /home/airflow/.local/lib/python3.12/site-packages/airflow/example_dags/example_branch_python_dop_operator_3.py took 0.056 seconds
[2025-10-15T17:11:09.409+0000] {processor.py:161} INFO - Started process (PID=418) to work on /home/airflow/.local/lib/python3.12/site-packages/airflow/example_dags/example_branch_python_dop_operator_3.py
[2025-10-15T17:11:09.413+0000] {processor.py:830} INFO - Processing file /home/airflow/.local/lib/python3.12/site-packages/airflow/example_dags/example_branch_python_dop_operator_3.py for tasks to queue
[2025-10-15T17:11:09.415+0000] {logging_mixin.py:188} INFO - [2025-10-15T17:11:09.415+0000] {dagbag.py:545} INFO - Filling up the DagBag from /home/airflow/.local/lib/python3.12/site-packages/airflow/example_dags/example_branch_python_dop_operator_3.py
[2025-10-15T17:11:09.421+0000] {processor.py:840} INFO - DAG(s) 'example_branch_dop_operator_v3' retrieved from /home/airflow/.local/lib/python3.12/site-packages/airflow/example_dags/example_branch_python_dop_operator_3.py
[2025-10-15T17:11:09.441+0000] {logging_mixin.py:188} INFO - [2025-10-15T17:11:09.441+0000] {dag.py:3089} INFO - Sync 1 DAGs
[2025-10-15T17:11:09.458+0000] {logging_mixin.py:188} INFO - [2025-10-15T17:11:09.458+0000] {dag.py:3947} INFO - Setting next_dagrun for example_branch_dop_operator_v3 to 2025-10-15 17:10:00+00:00, run_after=2025-10-15 17:11:00+00:00
[2025-10-15T17:11:09.472+0000] {processor.py:183} INFO - Processing /home/airflow/.local/lib/python3.12/site-packages/airflow/example_dags/example_branch_python_dop_operator_3.py took 0.066 seconds
[2025-10-15T17:11:39.669+0000] {processor.py:161} INFO - Started process (PID=476) to work on /home/airflow/.local/lib/python3.12/site-packages/airflow/example_dags/example_branch_python_dop_operator_3.py
[2025-10-15T17:11:39.672+0000] {processor.py:830} INFO - Processing file /home/airflow/.local/lib/python3.12/site-packages/airflow/example_dags/example_branch_python_dop_operator_3.py for tasks to queue
[2025-10-15T17:11:39.674+0000] {logging_mixin.py:188} INFO - [2025-10-15T17:11:39.674+0000] {dagbag.py:545} INFO - Filling up the DagBag from /home/airflow/.local/lib/python3.12/site-packages/airflow/example_dags/example_branch_python_dop_operator_3.py
[2025-10-15T17:11:39.680+0000] {processor.py:840} INFO - DAG(s) 'example_branch_dop_operator_v3' retrieved from /home/airflow/.local/lib/python3.12/site-packages/airflow/example_dags/example_branch_python_dop_operator_3.py
[2025-10-15T17:11:39.699+0000] {logging_mixin.py:188} INFO - [2025-10-15T17:11:39.699+0000] {dag.py:3089} INFO - Sync 1 DAGs
[2025-10-15T17:11:39.720+0000] {logging_mixin.py:188} INFO - [2025-10-15T17:11:39.720+0000] {dag.py:3947} INFO - Setting next_dagrun for example_branch_dop_operator_v3 to 2025-10-15 17:10:00+00:00, run_after=2025-10-15 17:11:00+00:00
[2025-10-15T17:11:39.738+0000] {processor.py:183} INFO - Processing /home/airflow/.local/lib/python3.12/site-packages/airflow/example_dags/example_branch_python_dop_operator_3.py took 0.074 seconds
[2025-10-15T17:12:10.234+0000] {processor.py:161} INFO - Started process (PID=534) to work on /home/airflow/.local/lib/python3.12/site-packages/airflow/example_dags/example_branch_python_dop_operator_3.py
[2025-10-15T17:12:10.236+0000] {processor.py:830} INFO - Processing file /home/airflow/.local/lib/python3.12/site-packages/airflow/example_dags/example_branch_python_dop_operator_3.py for tasks to queue
[2025-10-15T17:12:10.237+0000] {logging_mixin.py:188} INFO - [2025-10-15T17:12:10.237+0000] {dagbag.py:545} INFO - Filling up the DagBag from /home/airflow/.local/lib/python3.12/site-packages/airflow/example_dags/example_branch_python_dop_operator_3.py
[2025-10-15T17:12:10.244+0000] {processor.py:840} INFO - DAG(s) 'example_branch_dop_operator_v3' retrieved from /home/airflow/.local/lib/python3.12/site-packages/airflow/example_dags/example_branch_python_dop_operator_3.py
[2025-10-15T17:12:10.263+0000] {logging_mixin.py:188} INFO - [2025-10-15T17:12:10.262+0000] {dag.py:3089} INFO - Sync 1 DAGs
[2025-10-15T17:12:10.280+0000] {logging_mixin.py:188} INFO - [2025-10-15T17:12:10.280+0000] {dag.py:3947} INFO - Setting next_dagrun for example_branch_dop_operator_v3 to 2025-10-15 17:11:00+00:00, run_after=2025-10-15 17:12:00+00:00
[2025-10-15T17:12:10.298+0000] {processor.py:183} INFO - Processing /home/airflow/.local/lib/python3.12/site-packages/airflow/example_dags/example_branch_python_dop_operator_3.py took 0.069 seconds
[2025-10-15T17:12:40.738+0000] {processor.py:161} INFO - Started process (PID=592) to work on /home/airflow/.local/lib/python3.12/site-packages/airflow/example_dags/example_branch_python_dop_operator_3.py
[2025-10-15T17:12:40.739+0000] {processor.py:830} INFO - Processing file /home/airflow/.local/lib/python3.12/site-packages/airflow/example_dags/example_branch_python_dop_operator_3.py for tasks to queue
[2025-10-15T17:12:40.741+0000] {logging_mixin.py:188} INFO - [2025-10-15T17:12:40.740+0000] {dagbag.py:545} INFO - Filling up the DagBag from /home/airflow/.local/lib/python3.12/site-packages/airflow/example_dags/example_branch_python_dop_operator_3.py
[2025-10-15T17:12:40.750+0000] {processor.py:840} INFO - DAG(s) 'example_branch_dop_operator_v3' retrieved from /home/airflow/.local/lib/python3.12/site-packages/airflow/example_dags/example_branch_python_dop_operator_3.py
[2025-10-15T17:12:40.781+0000] {logging_mixin.py:188} INFO - [2025-10-15T17:12:40.781+0000] {dag.py:3089} INFO - Sync 1 DAGs
[2025-10-15T17:12:40.806+0000] {logging_mixin.py:188} INFO - [2025-10-15T17:12:40.806+0000] {dag.py:3947} INFO - Setting next_dagrun for example_branch_dop_operator_v3 to 2025-10-15 17:11:00+00:00, run_after=2025-10-15 17:12:00+00:00
[2025-10-15T17:12:40.827+0000] {processor.py:183} INFO - Processing /home/airflow/.local/lib/python3.12/site-packages/airflow/example_dags/example_branch_python_dop_operator_3.py took 0.096 seconds
[2025-10-15T17:13:11.110+0000] {processor.py:161} INFO - Started process (PID=650) to work on /home/airflow/.local/lib/python3.12/site-packages/airflow/example_dags/example_branch_python_dop_operator_3.py
[2025-10-15T17:13:11.114+0000] {processor.py:830} INFO - Processing file /home/airflow/.local/lib/python3.12/site-packages/airflow/example_dags/example_branch_python_dop_operator_3.py for tasks to queue
[2025-10-15T17:13:11.116+0000] {logging_mixin.py:188} INFO - [2025-10-15T17:13:11.116+0000] {dagbag.py:545} INFO - Filling up the DagBag from /home/airflow/.local/lib/python3.12/site-packages/airflow/example_dags/example_branch_python_dop_operator_3.py
[2025-10-15T17:13:11.122+0000] {processor.py:840} INFO - DAG(s) 'example_branch_dop_operator_v3' retrieved from /home/airflow/.local/lib/python3.12/site-packages/airflow/example_dags/example_branch_python_dop_operator_3.py
[2025-10-15T17:13:11.137+0000] {logging_mixin.py:188} INFO - [2025-10-15T17:13:11.137+0000] {dag.py:3089} INFO - Sync 1 DAGs
[2025-10-15T17:13:11.152+0000] {logging_mixin.py:188} INFO - [2025-10-15T17:13:11.152+0000] {dag.py:3947} INFO - Setting next_dagrun for example_branch_dop_operator_v3 to 2025-10-15 17:12:00+00:00, run_after=2025-10-15 17:13:00+00:00
[2025-10-15T17:13:11.165+0000] {processor.py:183} INFO - Processing /home/airflow/.local/lib/python3.12/site-packages/airflow/example_dags/example_branch_python_dop_operator_3.py took 0.059 seconds
[2025-10-15T17:13:41.216+0000] {processor.py:161} INFO - Started process (PID=708) to work on /home/airflow/.local/lib/python3.12/site-packages/airflow/example_dags/example_branch_python_dop_operator_3.py
[2025-10-15T17:13:41.218+0000] {processor.py:830} INFO - Processing file /home/airflow/.local/lib/python3.12/site-packages/airflow/example_dags/example_branch_python_dop_operator_3.py for tasks to queue
[2025-10-15T17:13:41.222+0000] {logging_mixin.py:188} INFO - [2025-10-15T17:13:41.221+0000] {dagbag.py:545} INFO - Filling up the DagBag from /home/airflow/.local/lib/python3.12/site-packages/airflow/example_dags/example_branch_python_dop_operator_3.py
[2025-10-15T17:13:41.231+0000] {processor.py:840} INFO - DAG(s) 'example_branch_dop_operator_v3' retrieved from /home/airflow/.local/lib/python3.12/site-packages/airflow/example_dags/example_branch_python_dop_operator_3.py
[2025-10-15T17:13:41.250+0000] {logging_mixin.py:188} INFO - [2025-10-15T17:13:41.250+0000] {dag.py:3089} INFO - Sync 1 DAGs
[2025-10-15T17:13:41.269+0000] {logging_mixin.py:188} INFO - [2025-10-15T17:13:41.269+0000] {dag.py:3947} INFO - Setting next_dagrun for example_branch_dop_operator_v3 to 2025-10-15 17:12:00+00:00, run_after=2025-10-15 17:13:00+00:00
[2025-10-15T17:13:41.280+0000] {processor.py:183} INFO - Processing /home/airflow/.local/lib/python3.12/site-packages/airflow/example_dags/example_branch_python_dop_operator_3.py took 0.072 seconds
[2025-10-15T17:14:11.665+0000] {processor.py:161} INFO - Started process (PID=766) to work on /home/airflow/.local/lib/python3.12/site-packages/airflow/example_dags/example_branch_python_dop_operator_3.py
[2025-10-15T17:14:11.666+0000] {processor.py:830} INFO - Processing file /home/airflow/.local/lib/python3.12/site-packages/airflow/example_dags/example_branch_python_dop_operator_3.py for tasks to queue
[2025-10-15T17:14:11.670+0000] {logging_mixin.py:188} INFO - [2025-10-15T17:14:11.670+0000] {dagbag.py:545} INFO - Filling up the DagBag from /home/airflow/.local/lib/python3.12/site-packages/airflow/example_dags/example_branch_python_dop_operator_3.py
[2025-10-15T17:14:11.676+0000] {processor.py:840} INFO - DAG(s) 'example_branch_dop_operator_v3' retrieved from /home/airflow/.local/lib/python3.12/site-packages/airflow/example_dags/example_branch_python_dop_operator_3.py
[2025-10-15T17:14:11.689+0000] {logging_mixin.py:188} INFO - [2025-10-15T17:14:11.689+0000] {dag.py:3089} INFO - Sync 1 DAGs
[2025-10-15T17:14:11.707+0000] {logging_mixin.py:188} INFO - [2025-10-15T17:14:11.707+0000] {dag.py:3947} INFO - Setting next_dagrun for example_branch_dop_operator_v3 to 2025-10-15 17:13:00+00:00, run_after=2025-10-15 17:14:00+00:00
[2025-10-15T17:14:11.718+0000] {processor.py:183} INFO - Processing /home/airflow/.local/lib/python3.12/site-packages/airflow/example_dags/example_branch_python_dop_operator_3.py took 0.057 seconds
[2025-10-15T17:14:41.779+0000] {processor.py:161} INFO - Started process (PID=824) to work on /home/airflow/.local/lib/python3.12/site-packages/airflow/example_dags/example_branch_python_dop_operator_3.py
[2025-10-15T17:14:41.783+0000] {processor.py:830} INFO - Processing file /home/airflow/.local/lib/python3.12/site-packages/airflow/example_dags/example_branch_python_dop_operator_3.py for tasks to queue
[2025-10-15T17:14:41.784+0000] {logging_mixin.py:188} INFO - [2025-10-15T17:14:41.784+0000] {dagbag.py:545} INFO - Filling up the DagBag from /home/airflow/.local/lib/python3.12/site-packages/airflow/example_dags/example_branch_python_dop_operator_3.py
[2025-10-15T17:14:41.791+0000] {processor.py:840} INFO - DAG(s) 'example_branch_dop_operator_v3' retrieved from /home/airflow/.local/lib/python3.12/site-packages/airflow/example_dags/example_branch_python_dop_operator_3.py
[2025-10-15T17:14:41.804+0000] {logging_mixin.py:188} INFO - [2025-10-15T17:14:41.804+0000] {dag.py:3089} INFO - Sync 1 DAGs
[2025-10-15T17:14:41.818+0000] {logging_mixin.py:188} INFO - [2025-10-15T17:14:41.818+0000] {dag.py:3947} INFO - Setting next_dagrun for example_branch_dop_operator_v3 to 2025-10-15 17:13:00+00:00, run_after=2025-10-15 17:14:00+00:00
[2025-10-15T17:14:41.828+0000] {processor.py:183} INFO - Processing /home/airflow/.local/lib/python3.12/site-packages/airflow/example_dags/example_branch_python_dop_operator_3.py took 0.052 seconds
[2025-10-15T17:15:12.067+0000] {processor.py:161} INFO - Started process (PID=882) to work on /home/airflow/.local/lib/python3.12/site-packages/airflow/example_dags/example_branch_python_dop_operator_3.py
[2025-10-15T17:15:12.069+0000] {processor.py:830} INFO - Processing file /home/airflow/.local/lib/python3.12/site-packages/airflow/example_dags/example_branch_python_dop_operator_3.py for tasks to queue
[2025-10-15T17:15:12.072+0000] {logging_mixin.py:188} INFO - [2025-10-15T17:15:12.071+0000] {dagbag.py:545} INFO - Filling up the DagBag from /home/airflow/.local/lib/python3.12/site-packages/airflow/example_dags/example_branch_python_dop_operator_3.py
[2025-10-15T17:15:12.078+0000] {processor.py:840} INFO - DAG(s) 'example_branch_dop_operator_v3' retrieved from /home/airflow/.local/lib/python3.12/site-packages/airflow/example_dags/example_branch_python_dop_operator_3.py
[2025-10-15T17:15:12.090+0000] {logging_mixin.py:188} INFO - [2025-10-15T17:15:12.090+0000] {dag.py:3089} INFO - Sync 1 DAGs
[2025-10-15T17:15:12.105+0000] {logging_mixin.py:188} INFO - [2025-10-15T17:15:12.105+0000] {dag.py:3947} INFO - Setting next_dagrun for example_branch_dop_operator_v3 to 2025-10-15 17:14:00+00:00, run_after=2025-10-15 17:15:00+00:00
[2025-10-15T17:15:12.116+0000] {processor.py:183} INFO - Processing /home/airflow/.local/lib/python3.12/site-packages/airflow/example_dags/example_branch_python_dop_operator_3.py took 0.053 seconds
[2025-10-15T17:19:43.356+0000] {processor.py:161} INFO - Started process (PID=65) to work on /home/airflow/.local/lib/python3.12/site-packages/airflow/example_dags/example_branch_python_dop_operator_3.py
[2025-10-15T17:19:43.361+0000] {processor.py:830} INFO - Processing file /home/airflow/.local/lib/python3.12/site-packages/airflow/example_dags/example_branch_python_dop_operator_3.py for tasks to queue
[2025-10-15T17:19:43.368+0000] {logging_mixin.py:188} INFO - [2025-10-15T17:19:43.367+0000] {dagbag.py:545} INFO - Filling up the DagBag from /home/airflow/.local/lib/python3.12/site-packages/airflow/example_dags/example_branch_python_dop_operator_3.py
[2025-10-15T17:19:43.392+0000] {processor.py:840} INFO - DAG(s) 'example_branch_dop_operator_v3' retrieved from /home/airflow/.local/lib/python3.12/site-packages/airflow/example_dags/example_branch_python_dop_operator_3.py
[2025-10-15T17:19:43.582+0000] {logging_mixin.py:188} INFO - [2025-10-15T17:19:43.582+0000] {dag.py:3089} INFO - Sync 1 DAGs
[2025-10-15T17:19:43.732+0000] {logging_mixin.py:188} INFO - [2025-10-15T17:19:43.729+0000] {dag.py:3947} INFO - Setting next_dagrun for example_branch_dop_operator_v3 to 2025-10-15 17:18:00+00:00, run_after=2025-10-15 17:19:00+00:00
[2025-10-15T17:19:43.784+0000] {processor.py:183} INFO - Processing /home/airflow/.local/lib/python3.12/site-packages/airflow/example_dags/example_branch_python_dop_operator_3.py took 0.440 seconds
[2025-10-15T17:20:13.882+0000] {processor.py:161} INFO - Started process (PID=123) to work on /home/airflow/.local/lib/python3.12/site-packages/airflow/example_dags/example_branch_python_dop_operator_3.py
[2025-10-15T17:20:13.883+0000] {processor.py:830} INFO - Processing file /home/airflow/.local/lib/python3.12/site-packages/airflow/example_dags/example_branch_python_dop_operator_3.py for tasks to queue
[2025-10-15T17:20:13.884+0000] {logging_mixin.py:188} INFO - [2025-10-15T17:20:13.884+0000] {dagbag.py:545} INFO - Filling up the DagBag from /home/airflow/.local/lib/python3.12/site-packages/airflow/example_dags/example_branch_python_dop_operator_3.py
[2025-10-15T17:20:13.890+0000] {processor.py:840} INFO - DAG(s) 'example_branch_dop_operator_v3' retrieved from /home/airflow/.local/lib/python3.12/site-packages/airflow/example_dags/example_branch_python_dop_operator_3.py
[2025-10-15T17:20:13.912+0000] {logging_mixin.py:188} INFO - [2025-10-15T17:20:13.911+0000] {dag.py:3089} INFO - Sync 1 DAGs
[2025-10-15T17:20:13.936+0000] {logging_mixin.py:188} INFO - [2025-10-15T17:20:13.935+0000] {dag.py:3947} INFO - Setting next_dagrun for example_branch_dop_operator_v3 to 2025-10-15 17:19:00+00:00, run_after=2025-10-15 17:20:00+00:00
[2025-10-15T17:20:13.949+0000] {processor.py:183} INFO - Processing /home/airflow/.local/lib/python3.12/site-packages/airflow/example_dags/example_branch_python_dop_operator_3.py took 0.072 seconds
[2025-10-15T17:20:44.569+0000] {processor.py:161} INFO - Started process (PID=181) to work on /home/airflow/.local/lib/python3.12/site-packages/airflow/example_dags/example_branch_python_dop_operator_3.py
[2025-10-15T17:20:44.573+0000] {processor.py:830} INFO - Processing file /home/airflow/.local/lib/python3.12/site-packages/airflow/example_dags/example_branch_python_dop_operator_3.py for tasks to queue
[2025-10-15T17:20:44.574+0000] {logging_mixin.py:188} INFO - [2025-10-15T17:20:44.574+0000] {dagbag.py:545} INFO - Filling up the DagBag from /home/airflow/.local/lib/python3.12/site-packages/airflow/example_dags/example_branch_python_dop_operator_3.py
[2025-10-15T17:20:44.582+0000] {processor.py:840} INFO - DAG(s) 'example_branch_dop_operator_v3' retrieved from /home/airflow/.local/lib/python3.12/site-packages/airflow/example_dags/example_branch_python_dop_operator_3.py
[2025-10-15T17:20:44.607+0000] {logging_mixin.py:188} INFO - [2025-10-15T17:20:44.606+0000] {dag.py:3089} INFO - Sync 1 DAGs
[2025-10-15T17:20:44.630+0000] {logging_mixin.py:188} INFO - [2025-10-15T17:20:44.629+0000] {dag.py:3947} INFO - Setting next_dagrun for example_branch_dop_operator_v3 to 2025-10-15 17:19:00+00:00, run_after=2025-10-15 17:20:00+00:00
[2025-10-15T17:20:44.649+0000] {processor.py:183} INFO - Processing /home/airflow/.local/lib/python3.12/site-packages/airflow/example_dags/example_branch_python_dop_operator_3.py took 0.086 seconds
[2025-10-15T17:21:15.491+0000] {processor.py:161} INFO - Started process (PID=239) to work on /home/airflow/.local/lib/python3.12/site-packages/airflow/example_dags/example_branch_python_dop_operator_3.py
[2025-10-15T17:21:15.492+0000] {processor.py:830} INFO - Processing file /home/airflow/.local/lib/python3.12/site-packages/airflow/example_dags/example_branch_python_dop_operator_3.py for tasks to queue
[2025-10-15T17:21:15.494+0000] {logging_mixin.py:188} INFO - [2025-10-15T17:21:15.494+0000] {dagbag.py:545} INFO - Filling up the DagBag from /home/airflow/.local/lib/python3.12/site-packages/airflow/example_dags/example_branch_python_dop_operator_3.py
[2025-10-15T17:21:15.506+0000] {processor.py:840} INFO - DAG(s) 'example_branch_dop_operator_v3' retrieved from /home/airflow/.local/lib/python3.12/site-packages/airflow/example_dags/example_branch_python_dop_operator_3.py
[2025-10-15T17:21:15.528+0000] {logging_mixin.py:188} INFO - [2025-10-15T17:21:15.528+0000] {dag.py:3089} INFO - Sync 1 DAGs
[2025-10-15T17:21:15.548+0000] {logging_mixin.py:188} INFO - [2025-10-15T17:21:15.548+0000] {dag.py:3947} INFO - Setting next_dagrun for example_branch_dop_operator_v3 to 2025-10-15 17:20:00+00:00, run_after=2025-10-15 17:21:00+00:00
[2025-10-15T17:21:15.596+0000] {processor.py:183} INFO - Processing /home/airflow/.local/lib/python3.12/site-packages/airflow/example_dags/example_branch_python_dop_operator_3.py took 0.112 seconds
[2025-10-15T17:21:46.509+0000] {processor.py:161} INFO - Started process (PID=297) to work on /home/airflow/.local/lib/python3.12/site-packages/airflow/example_dags/example_branch_python_dop_operator_3.py
[2025-10-15T17:21:46.511+0000] {processor.py:830} INFO - Processing file /home/airflow/.local/lib/python3.12/site-packages/airflow/example_dags/example_branch_python_dop_operator_3.py for tasks to queue
[2025-10-15T17:21:46.515+0000] {logging_mixin.py:188} INFO - [2025-10-15T17:21:46.514+0000] {dagbag.py:545} INFO - Filling up the DagBag from /home/airflow/.local/lib/python3.12/site-packages/airflow/example_dags/example_branch_python_dop_operator_3.py
[2025-10-15T17:21:46.530+0000] {processor.py:840} INFO - DAG(s) 'example_branch_dop_operator_v3' retrieved from /home/airflow/.local/lib/python3.12/site-packages/airflow/example_dags/example_branch_python_dop_operator_3.py
[2025-10-15T17:21:46.559+0000] {logging_mixin.py:188} INFO - [2025-10-15T17:21:46.559+0000] {dag.py:3089} INFO - Sync 1 DAGs
[2025-10-15T17:21:46.595+0000] {logging_mixin.py:188} INFO - [2025-10-15T17:21:46.595+0000] {dag.py:3947} INFO - Setting next_dagrun for example_branch_dop_operator_v3 to 2025-10-15 17:20:00+00:00, run_after=2025-10-15 17:21:00+00:00
[2025-10-15T17:21:46.616+0000] {processor.py:183} INFO - Processing /home/airflow/.local/lib/python3.12/site-packages/airflow/example_dags/example_branch_python_dop_operator_3.py took 0.114 seconds
[2025-10-15T17:22:16.673+0000] {processor.py:161} INFO - Started process (PID=355) to work on /home/airflow/.local/lib/python3.12/site-packages/airflow/example_dags/example_branch_python_dop_operator_3.py
[2025-10-15T17:22:16.674+0000] {processor.py:830} INFO - Processing file /home/airflow/.local/lib/python3.12/site-packages/airflow/example_dags/example_branch_python_dop_operator_3.py for tasks to queue
[2025-10-15T17:22:16.675+0000] {logging_mixin.py:188} INFO - [2025-10-15T17:22:16.675+0000] {dagbag.py:545} INFO - Filling up the DagBag from /home/airflow/.local/lib/python3.12/site-packages/airflow/example_dags/example_branch_python_dop_operator_3.py
[2025-10-15T17:22:16.680+0000] {processor.py:840} INFO - DAG(s) 'example_branch_dop_operator_v3' retrieved from /home/airflow/.local/lib/python3.12/site-packages/airflow/example_dags/example_branch_python_dop_operator_3.py
[2025-10-15T17:22:16.692+0000] {logging_mixin.py:188} INFO - [2025-10-15T17:22:16.692+0000] {dag.py:3089} INFO - Sync 1 DAGs
[2025-10-15T17:22:16.706+0000] {logging_mixin.py:188} INFO - [2025-10-15T17:22:16.706+0000] {dag.py:3947} INFO - Setting next_dagrun for example_branch_dop_operator_v3 to 2025-10-15 17:21:00+00:00, run_after=2025-10-15 17:22:00+00:00
[2025-10-15T17:22:16.715+0000] {processor.py:183} INFO - Processing /home/airflow/.local/lib/python3.12/site-packages/airflow/example_dags/example_branch_python_dop_operator_3.py took 0.045 seconds
[2025-10-15T17:22:46.810+0000] {processor.py:161} INFO - Started process (PID=413) to work on /home/airflow/.local/lib/python3.12/site-packages/airflow/example_dags/example_branch_python_dop_operator_3.py
[2025-10-15T17:22:46.811+0000] {processor.py:830} INFO - Processing file /home/airflow/.local/lib/python3.12/site-packages/airflow/example_dags/example_branch_python_dop_operator_3.py for tasks to queue
[2025-10-15T17:22:46.812+0000] {logging_mixin.py:188} INFO - [2025-10-15T17:22:46.812+0000] {dagbag.py:545} INFO - Filling up the DagBag from /home/airflow/.local/lib/python3.12/site-packages/airflow/example_dags/example_branch_python_dop_operator_3.py
[2025-10-15T17:22:46.817+0000] {processor.py:840} INFO - DAG(s) 'example_branch_dop_operator_v3' retrieved from /home/airflow/.local/lib/python3.12/site-packages/airflow/example_dags/example_branch_python_dop_operator_3.py
[2025-10-15T17:22:46.829+0000] {logging_mixin.py:188} INFO - [2025-10-15T17:22:46.829+0000] {dag.py:3089} INFO - Sync 1 DAGs
[2025-10-15T17:22:46.842+0000] {logging_mixin.py:188} INFO - [2025-10-15T17:22:46.842+0000] {dag.py:3947} INFO - Setting next_dagrun for example_branch_dop_operator_v3 to 2025-10-15 17:21:00+00:00, run_after=2025-10-15 17:22:00+00:00
[2025-10-15T17:22:46.851+0000] {processor.py:183} INFO - Processing /home/airflow/.local/lib/python3.12/site-packages/airflow/example_dags/example_branch_python_dop_operator_3.py took 0.046 seconds
[2025-10-15T17:23:16.955+0000] {processor.py:161} INFO - Started process (PID=471) to work on /home/airflow/.local/lib/python3.12/site-packages/airflow/example_dags/example_branch_python_dop_operator_3.py
[2025-10-15T17:23:16.956+0000] {processor.py:830} INFO - Processing file /home/airflow/.local/lib/python3.12/site-packages/airflow/example_dags/example_branch_python_dop_operator_3.py for tasks to queue
[2025-10-15T17:23:16.957+0000] {logging_mixin.py:188} INFO - [2025-10-15T17:23:16.957+0000] {dagbag.py:545} INFO - Filling up the DagBag from /home/airflow/.local/lib/python3.12/site-packages/airflow/example_dags/example_branch_python_dop_operator_3.py
[2025-10-15T17:23:16.964+0000] {processor.py:840} INFO - DAG(s) 'example_branch_dop_operator_v3' retrieved from /home/airflow/.local/lib/python3.12/site-packages/airflow/example_dags/example_branch_python_dop_operator_3.py
[2025-10-15T17:23:16.980+0000] {logging_mixin.py:188} INFO - [2025-10-15T17:23:16.980+0000] {dag.py:3089} INFO - Sync 1 DAGs
[2025-10-15T17:23:16.996+0000] {logging_mixin.py:188} INFO - [2025-10-15T17:23:16.996+0000] {dag.py:3947} INFO - Setting next_dagrun for example_branch_dop_operator_v3 to 2025-10-15 17:22:00+00:00, run_after=2025-10-15 17:23:00+00:00
[2025-10-15T17:23:17.009+0000] {processor.py:183} INFO - Processing /home/airflow/.local/lib/python3.12/site-packages/airflow/example_dags/example_branch_python_dop_operator_3.py took 0.057 seconds
[2025-10-15T17:23:47.328+0000] {processor.py:161} INFO - Started process (PID=529) to work on /home/airflow/.local/lib/python3.12/site-packages/airflow/example_dags/example_branch_python_dop_operator_3.py
[2025-10-15T17:23:47.328+0000] {processor.py:830} INFO - Processing file /home/airflow/.local/lib/python3.12/site-packages/airflow/example_dags/example_branch_python_dop_operator_3.py for tasks to queue
[2025-10-15T17:23:47.329+0000] {logging_mixin.py:188} INFO - [2025-10-15T17:23:47.329+0000] {dagbag.py:545} INFO - Filling up the DagBag from /home/airflow/.local/lib/python3.12/site-packages/airflow/example_dags/example_branch_python_dop_operator_3.py
[2025-10-15T17:23:47.334+0000] {processor.py:840} INFO - DAG(s) 'example_branch_dop_operator_v3' retrieved from /home/airflow/.local/lib/python3.12/site-packages/airflow/example_dags/example_branch_python_dop_operator_3.py
[2025-10-15T17:23:47.345+0000] {logging_mixin.py:188} INFO - [2025-10-15T17:23:47.345+0000] {dag.py:3089} INFO - Sync 1 DAGs
[2025-10-15T17:23:47.359+0000] {logging_mixin.py:188} INFO - [2025-10-15T17:23:47.358+0000] {dag.py:3947} INFO - Setting next_dagrun for example_branch_dop_operator_v3 to 2025-10-15 17:22:00+00:00, run_after=2025-10-15 17:23:00+00:00
[2025-10-15T17:23:47.368+0000] {processor.py:183} INFO - Processing /home/airflow/.local/lib/python3.12/site-packages/airflow/example_dags/example_branch_python_dop_operator_3.py took 0.045 seconds
[2025-10-15T17:24:18.049+0000] {processor.py:161} INFO - Started process (PID=587) to work on /home/airflow/.local/lib/python3.12/site-packages/airflow/example_dags/example_branch_python_dop_operator_3.py
[2025-10-15T17:24:18.050+0000] {processor.py:830} INFO - Processing file /home/airflow/.local/lib/python3.12/site-packages/airflow/example_dags/example_branch_python_dop_operator_3.py for tasks to queue
[2025-10-15T17:24:18.052+0000] {logging_mixin.py:188} INFO - [2025-10-15T17:24:18.051+0000] {dagbag.py:545} INFO - Filling up the DagBag from /home/airflow/.local/lib/python3.12/site-packages/airflow/example_dags/example_branch_python_dop_operator_3.py
[2025-10-15T17:24:18.057+0000] {processor.py:840} INFO - DAG(s) 'example_branch_dop_operator_v3' retrieved from /home/airflow/.local/lib/python3.12/site-packages/airflow/example_dags/example_branch_python_dop_operator_3.py
[2025-10-15T17:24:18.069+0000] {logging_mixin.py:188} INFO - [2025-10-15T17:24:18.069+0000] {dag.py:3089} INFO - Sync 1 DAGs
[2025-10-15T17:24:18.083+0000] {logging_mixin.py:188} INFO - [2025-10-15T17:24:18.083+0000] {dag.py:3947} INFO - Setting next_dagrun for example_branch_dop_operator_v3 to 2025-10-15 17:23:00+00:00, run_after=2025-10-15 17:24:00+00:00
[2025-10-15T17:24:18.092+0000] {processor.py:183} INFO - Processing /home/airflow/.local/lib/python3.12/site-packages/airflow/example_dags/example_branch_python_dop_operator_3.py took 0.050 seconds
