[2025-10-15T17:08:09.172+0000] {processor.py:161} INFO - Started process (PID=84) to work on /home/airflow/.local/lib/python3.12/site-packages/airflow/example_dags/example_dag_decorator.py
[2025-10-15T17:08:09.172+0000] {processor.py:830} INFO - Processing file /home/airflow/.local/lib/python3.12/site-packages/airflow/example_dags/example_dag_decorator.py for tasks to queue
[2025-10-15T17:08:09.174+0000] {logging_mixin.py:188} INFO - [2025-10-15T17:08:09.173+0000] {dagbag.py:545} INFO - Filling up the DagBag from /home/airflow/.local/lib/python3.12/site-packages/airflow/example_dags/example_dag_decorator.py
[2025-10-15T17:08:09.800+0000] {processor.py:840} INFO - DAG(s) 'example_dag_decorator' retrieved from /home/airflow/.local/lib/python3.12/site-packages/airflow/example_dags/example_dag_decorator.py
[2025-10-15T17:08:09.982+0000] {logging_mixin.py:188} INFO - [2025-10-15T17:08:09.981+0000] {override.py:1858} INFO - Created Permission View: can edit on DAG:example_dag_decorator
[2025-10-15T17:08:10.008+0000] {logging_mixin.py:188} INFO - [2025-10-15T17:08:10.007+0000] {override.py:1858} INFO - Created Permission View: can delete on DAG:example_dag_decorator
[2025-10-15T17:08:10.015+0000] {logging_mixin.py:188} INFO - [2025-10-15T17:08:10.014+0000] {override.py:1858} INFO - Created Permission View: can read on DAG:example_dag_decorator
[2025-10-15T17:08:10.016+0000] {logging_mixin.py:188} INFO - [2025-10-15T17:08:10.016+0000] {dag.py:3089} INFO - Sync 1 DAGs
[2025-10-15T17:08:10.030+0000] {logging_mixin.py:188} INFO - [2025-10-15T17:08:10.030+0000] {dag.py:3111} INFO - Creating ORM DAG for example_dag_decorator
[2025-10-15T17:08:10.034+0000] {logging_mixin.py:188} INFO - [2025-10-15T17:08:10.034+0000] {dag.py:3947} INFO - Setting next_dagrun for example_dag_decorator to None, run_after=None
[2025-10-15T17:08:10.055+0000] {processor.py:183} INFO - Processing /home/airflow/.local/lib/python3.12/site-packages/airflow/example_dags/example_dag_decorator.py took 0.887 seconds
[2025-10-15T17:08:40.212+0000] {processor.py:161} INFO - Started process (PID=144) to work on /home/airflow/.local/lib/python3.12/site-packages/airflow/example_dags/example_dag_decorator.py
[2025-10-15T17:08:40.213+0000] {processor.py:830} INFO - Processing file /home/airflow/.local/lib/python3.12/site-packages/airflow/example_dags/example_dag_decorator.py for tasks to queue
[2025-10-15T17:08:40.215+0000] {logging_mixin.py:188} INFO - [2025-10-15T17:08:40.214+0000] {dagbag.py:545} INFO - Filling up the DagBag from /home/airflow/.local/lib/python3.12/site-packages/airflow/example_dags/example_dag_decorator.py
[2025-10-15T17:08:40.290+0000] {processor.py:840} INFO - DAG(s) 'example_dag_decorator' retrieved from /home/airflow/.local/lib/python3.12/site-packages/airflow/example_dags/example_dag_decorator.py
[2025-10-15T17:08:40.363+0000] {logging_mixin.py:188} INFO - [2025-10-15T17:08:40.362+0000] {dag.py:3089} INFO - Sync 1 DAGs
[2025-10-15T17:08:40.368+0000] {logging_mixin.py:188} INFO - [2025-10-15T17:08:40.368+0000] {dag.py:3947} INFO - Setting next_dagrun for example_dag_decorator to None, run_after=None
[2025-10-15T17:08:40.378+0000] {processor.py:183} INFO - Processing /home/airflow/.local/lib/python3.12/site-packages/airflow/example_dags/example_dag_decorator.py took 0.169 seconds
[2025-10-15T17:09:11.000+0000] {processor.py:161} INFO - Started process (PID=200) to work on /home/airflow/.local/lib/python3.12/site-packages/airflow/example_dags/example_dag_decorator.py
[2025-10-15T17:09:11.001+0000] {processor.py:830} INFO - Processing file /home/airflow/.local/lib/python3.12/site-packages/airflow/example_dags/example_dag_decorator.py for tasks to queue
[2025-10-15T17:09:11.004+0000] {logging_mixin.py:188} INFO - [2025-10-15T17:09:11.003+0000] {dagbag.py:545} INFO - Filling up the DagBag from /home/airflow/.local/lib/python3.12/site-packages/airflow/example_dags/example_dag_decorator.py
[2025-10-15T17:09:11.148+0000] {processor.py:840} INFO - DAG(s) 'example_dag_decorator' retrieved from /home/airflow/.local/lib/python3.12/site-packages/airflow/example_dags/example_dag_decorator.py
[2025-10-15T17:09:11.308+0000] {logging_mixin.py:188} INFO - [2025-10-15T17:09:11.307+0000] {dag.py:3089} INFO - Sync 1 DAGs
[2025-10-15T17:09:11.320+0000] {logging_mixin.py:188} INFO - [2025-10-15T17:09:11.319+0000] {dag.py:3947} INFO - Setting next_dagrun for example_dag_decorator to None, run_after=None
[2025-10-15T17:09:11.348+0000] {processor.py:183} INFO - Processing /home/airflow/.local/lib/python3.12/site-packages/airflow/example_dags/example_dag_decorator.py took 0.353 seconds
[2025-10-15T17:09:41.693+0000] {processor.py:161} INFO - Started process (PID=258) to work on /home/airflow/.local/lib/python3.12/site-packages/airflow/example_dags/example_dag_decorator.py
[2025-10-15T17:09:41.694+0000] {processor.py:830} INFO - Processing file /home/airflow/.local/lib/python3.12/site-packages/airflow/example_dags/example_dag_decorator.py for tasks to queue
[2025-10-15T17:09:41.695+0000] {logging_mixin.py:188} INFO - [2025-10-15T17:09:41.695+0000] {dagbag.py:545} INFO - Filling up the DagBag from /home/airflow/.local/lib/python3.12/site-packages/airflow/example_dags/example_dag_decorator.py
[2025-10-15T17:09:41.784+0000] {processor.py:840} INFO - DAG(s) 'example_dag_decorator' retrieved from /home/airflow/.local/lib/python3.12/site-packages/airflow/example_dags/example_dag_decorator.py
[2025-10-15T17:09:41.876+0000] {logging_mixin.py:188} INFO - [2025-10-15T17:09:41.875+0000] {dag.py:3089} INFO - Sync 1 DAGs
[2025-10-15T17:09:41.882+0000] {logging_mixin.py:188} INFO - [2025-10-15T17:09:41.882+0000] {dag.py:3947} INFO - Setting next_dagrun for example_dag_decorator to None, run_after=None
[2025-10-15T17:09:41.900+0000] {processor.py:183} INFO - Processing /home/airflow/.local/lib/python3.12/site-packages/airflow/example_dags/example_dag_decorator.py took 0.212 seconds
[2025-10-15T17:10:12.420+0000] {processor.py:161} INFO - Started process (PID=316) to work on /home/airflow/.local/lib/python3.12/site-packages/airflow/example_dags/example_dag_decorator.py
[2025-10-15T17:10:12.424+0000] {processor.py:830} INFO - Processing file /home/airflow/.local/lib/python3.12/site-packages/airflow/example_dags/example_dag_decorator.py for tasks to queue
[2025-10-15T17:10:12.426+0000] {logging_mixin.py:188} INFO - [2025-10-15T17:10:12.426+0000] {dagbag.py:545} INFO - Filling up the DagBag from /home/airflow/.local/lib/python3.12/site-packages/airflow/example_dags/example_dag_decorator.py
[2025-10-15T17:10:12.509+0000] {processor.py:840} INFO - DAG(s) 'example_dag_decorator' retrieved from /home/airflow/.local/lib/python3.12/site-packages/airflow/example_dags/example_dag_decorator.py
[2025-10-15T17:10:12.613+0000] {logging_mixin.py:188} INFO - [2025-10-15T17:10:12.613+0000] {dag.py:3089} INFO - Sync 1 DAGs
[2025-10-15T17:10:12.622+0000] {logging_mixin.py:188} INFO - [2025-10-15T17:10:12.622+0000] {dag.py:3947} INFO - Setting next_dagrun for example_dag_decorator to None, run_after=None
[2025-10-15T17:10:12.641+0000] {processor.py:183} INFO - Processing /home/airflow/.local/lib/python3.12/site-packages/airflow/example_dags/example_dag_decorator.py took 0.226 seconds
[2025-10-15T17:10:42.658+0000] {processor.py:161} INFO - Started process (PID=376) to work on /home/airflow/.local/lib/python3.12/site-packages/airflow/example_dags/example_dag_decorator.py
[2025-10-15T17:10:42.658+0000] {processor.py:830} INFO - Processing file /home/airflow/.local/lib/python3.12/site-packages/airflow/example_dags/example_dag_decorator.py for tasks to queue
[2025-10-15T17:10:42.659+0000] {logging_mixin.py:188} INFO - [2025-10-15T17:10:42.659+0000] {dagbag.py:545} INFO - Filling up the DagBag from /home/airflow/.local/lib/python3.12/site-packages/airflow/example_dags/example_dag_decorator.py
[2025-10-15T17:10:42.715+0000] {processor.py:840} INFO - DAG(s) 'example_dag_decorator' retrieved from /home/airflow/.local/lib/python3.12/site-packages/airflow/example_dags/example_dag_decorator.py
[2025-10-15T17:10:42.771+0000] {logging_mixin.py:188} INFO - [2025-10-15T17:10:42.771+0000] {dag.py:3089} INFO - Sync 1 DAGs
[2025-10-15T17:10:42.776+0000] {logging_mixin.py:188} INFO - [2025-10-15T17:10:42.776+0000] {dag.py:3947} INFO - Setting next_dagrun for example_dag_decorator to None, run_after=None
[2025-10-15T17:10:42.786+0000] {processor.py:183} INFO - Processing /home/airflow/.local/lib/python3.12/site-packages/airflow/example_dags/example_dag_decorator.py took 0.132 seconds
[2025-10-15T17:11:12.993+0000] {processor.py:161} INFO - Started process (PID=432) to work on /home/airflow/.local/lib/python3.12/site-packages/airflow/example_dags/example_dag_decorator.py
[2025-10-15T17:11:12.993+0000] {processor.py:830} INFO - Processing file /home/airflow/.local/lib/python3.12/site-packages/airflow/example_dags/example_dag_decorator.py for tasks to queue
[2025-10-15T17:11:12.995+0000] {logging_mixin.py:188} INFO - [2025-10-15T17:11:12.995+0000] {dagbag.py:545} INFO - Filling up the DagBag from /home/airflow/.local/lib/python3.12/site-packages/airflow/example_dags/example_dag_decorator.py
[2025-10-15T17:11:13.064+0000] {processor.py:840} INFO - DAG(s) 'example_dag_decorator' retrieved from /home/airflow/.local/lib/python3.12/site-packages/airflow/example_dags/example_dag_decorator.py
[2025-10-15T17:11:13.147+0000] {logging_mixin.py:188} INFO - [2025-10-15T17:11:13.147+0000] {dag.py:3089} INFO - Sync 1 DAGs
[2025-10-15T17:11:13.155+0000] {logging_mixin.py:188} INFO - [2025-10-15T17:11:13.155+0000] {dag.py:3947} INFO - Setting next_dagrun for example_dag_decorator to None, run_after=None
[2025-10-15T17:11:13.178+0000] {processor.py:183} INFO - Processing /home/airflow/.local/lib/python3.12/site-packages/airflow/example_dags/example_dag_decorator.py took 0.190 seconds
[2025-10-15T17:11:43.438+0000] {processor.py:161} INFO - Started process (PID=490) to work on /home/airflow/.local/lib/python3.12/site-packages/airflow/example_dags/example_dag_decorator.py
[2025-10-15T17:11:43.439+0000] {processor.py:830} INFO - Processing file /home/airflow/.local/lib/python3.12/site-packages/airflow/example_dags/example_dag_decorator.py for tasks to queue
[2025-10-15T17:11:43.441+0000] {logging_mixin.py:188} INFO - [2025-10-15T17:11:43.441+0000] {dagbag.py:545} INFO - Filling up the DagBag from /home/airflow/.local/lib/python3.12/site-packages/airflow/example_dags/example_dag_decorator.py
[2025-10-15T17:11:43.540+0000] {processor.py:840} INFO - DAG(s) 'example_dag_decorator' retrieved from /home/airflow/.local/lib/python3.12/site-packages/airflow/example_dags/example_dag_decorator.py
[2025-10-15T17:11:43.641+0000] {logging_mixin.py:188} INFO - [2025-10-15T17:11:43.641+0000] {dag.py:3089} INFO - Sync 1 DAGs
[2025-10-15T17:11:43.650+0000] {logging_mixin.py:188} INFO - [2025-10-15T17:11:43.650+0000] {dag.py:3947} INFO - Setting next_dagrun for example_dag_decorator to None, run_after=None
[2025-10-15T17:11:43.669+0000] {processor.py:183} INFO - Processing /home/airflow/.local/lib/python3.12/site-packages/airflow/example_dags/example_dag_decorator.py took 0.239 seconds
[2025-10-15T17:12:13.788+0000] {processor.py:161} INFO - Started process (PID=548) to work on /home/airflow/.local/lib/python3.12/site-packages/airflow/example_dags/example_dag_decorator.py
[2025-10-15T17:12:13.789+0000] {processor.py:830} INFO - Processing file /home/airflow/.local/lib/python3.12/site-packages/airflow/example_dags/example_dag_decorator.py for tasks to queue
[2025-10-15T17:12:13.790+0000] {logging_mixin.py:188} INFO - [2025-10-15T17:12:13.790+0000] {dagbag.py:545} INFO - Filling up the DagBag from /home/airflow/.local/lib/python3.12/site-packages/airflow/example_dags/example_dag_decorator.py
[2025-10-15T17:12:13.868+0000] {processor.py:840} INFO - DAG(s) 'example_dag_decorator' retrieved from /home/airflow/.local/lib/python3.12/site-packages/airflow/example_dags/example_dag_decorator.py
[2025-10-15T17:12:13.955+0000] {logging_mixin.py:188} INFO - [2025-10-15T17:12:13.955+0000] {dag.py:3089} INFO - Sync 1 DAGs
[2025-10-15T17:12:13.963+0000] {logging_mixin.py:188} INFO - [2025-10-15T17:12:13.963+0000] {dag.py:3947} INFO - Setting next_dagrun for example_dag_decorator to None, run_after=None
[2025-10-15T17:12:13.978+0000] {processor.py:183} INFO - Processing /home/airflow/.local/lib/python3.12/site-packages/airflow/example_dags/example_dag_decorator.py took 0.194 seconds
[2025-10-15T17:12:44.375+0000] {processor.py:161} INFO - Started process (PID=606) to work on /home/airflow/.local/lib/python3.12/site-packages/airflow/example_dags/example_dag_decorator.py
[2025-10-15T17:12:44.379+0000] {processor.py:830} INFO - Processing file /home/airflow/.local/lib/python3.12/site-packages/airflow/example_dags/example_dag_decorator.py for tasks to queue
[2025-10-15T17:12:44.380+0000] {logging_mixin.py:188} INFO - [2025-10-15T17:12:44.380+0000] {dagbag.py:545} INFO - Filling up the DagBag from /home/airflow/.local/lib/python3.12/site-packages/airflow/example_dags/example_dag_decorator.py
[2025-10-15T17:12:44.462+0000] {processor.py:840} INFO - DAG(s) 'example_dag_decorator' retrieved from /home/airflow/.local/lib/python3.12/site-packages/airflow/example_dags/example_dag_decorator.py
[2025-10-15T17:12:44.556+0000] {logging_mixin.py:188} INFO - [2025-10-15T17:12:44.556+0000] {dag.py:3089} INFO - Sync 1 DAGs
[2025-10-15T17:12:44.753+0000] {logging_mixin.py:188} INFO - [2025-10-15T17:12:44.753+0000] {dag.py:3947} INFO - Setting next_dagrun for example_dag_decorator to None, run_after=None
[2025-10-15T17:12:44.767+0000] {processor.py:183} INFO - Processing /home/airflow/.local/lib/python3.12/site-packages/airflow/example_dags/example_dag_decorator.py took 0.397 seconds
[2025-10-15T17:13:14.798+0000] {processor.py:161} INFO - Started process (PID=667) to work on /home/airflow/.local/lib/python3.12/site-packages/airflow/example_dags/example_dag_decorator.py
[2025-10-15T17:13:14.798+0000] {processor.py:830} INFO - Processing file /home/airflow/.local/lib/python3.12/site-packages/airflow/example_dags/example_dag_decorator.py for tasks to queue
[2025-10-15T17:13:14.800+0000] {logging_mixin.py:188} INFO - [2025-10-15T17:13:14.799+0000] {dagbag.py:545} INFO - Filling up the DagBag from /home/airflow/.local/lib/python3.12/site-packages/airflow/example_dags/example_dag_decorator.py
[2025-10-15T17:13:14.873+0000] {processor.py:840} INFO - DAG(s) 'example_dag_decorator' retrieved from /home/airflow/.local/lib/python3.12/site-packages/airflow/example_dags/example_dag_decorator.py
[2025-10-15T17:13:14.945+0000] {logging_mixin.py:188} INFO - [2025-10-15T17:13:14.945+0000] {dag.py:3089} INFO - Sync 1 DAGs
[2025-10-15T17:13:15.111+0000] {logging_mixin.py:188} INFO - [2025-10-15T17:13:15.111+0000] {dag.py:3947} INFO - Setting next_dagrun for example_dag_decorator to None, run_after=None
[2025-10-15T17:13:15.121+0000] {processor.py:183} INFO - Processing /home/airflow/.local/lib/python3.12/site-packages/airflow/example_dags/example_dag_decorator.py took 0.328 seconds
[2025-10-15T17:13:45.730+0000] {processor.py:161} INFO - Started process (PID=722) to work on /home/airflow/.local/lib/python3.12/site-packages/airflow/example_dags/example_dag_decorator.py
[2025-10-15T17:13:45.731+0000] {processor.py:830} INFO - Processing file /home/airflow/.local/lib/python3.12/site-packages/airflow/example_dags/example_dag_decorator.py for tasks to queue
[2025-10-15T17:13:45.732+0000] {logging_mixin.py:188} INFO - [2025-10-15T17:13:45.732+0000] {dagbag.py:545} INFO - Filling up the DagBag from /home/airflow/.local/lib/python3.12/site-packages/airflow/example_dags/example_dag_decorator.py
[2025-10-15T17:13:45.818+0000] {processor.py:840} INFO - DAG(s) 'example_dag_decorator' retrieved from /home/airflow/.local/lib/python3.12/site-packages/airflow/example_dags/example_dag_decorator.py
[2025-10-15T17:13:45.833+0000] {logging_mixin.py:188} INFO - [2025-10-15T17:13:45.833+0000] {dag.py:3089} INFO - Sync 1 DAGs
[2025-10-15T17:13:45.841+0000] {logging_mixin.py:188} INFO - [2025-10-15T17:13:45.841+0000] {dag.py:3947} INFO - Setting next_dagrun for example_dag_decorator to None, run_after=None
[2025-10-15T17:13:45.852+0000] {processor.py:183} INFO - Processing /home/airflow/.local/lib/python3.12/site-packages/airflow/example_dags/example_dag_decorator.py took 0.126 seconds
[2025-10-15T17:14:16.144+0000] {processor.py:161} INFO - Started process (PID=780) to work on /home/airflow/.local/lib/python3.12/site-packages/airflow/example_dags/example_dag_decorator.py
[2025-10-15T17:14:16.148+0000] {processor.py:830} INFO - Processing file /home/airflow/.local/lib/python3.12/site-packages/airflow/example_dags/example_dag_decorator.py for tasks to queue
[2025-10-15T17:14:16.149+0000] {logging_mixin.py:188} INFO - [2025-10-15T17:14:16.149+0000] {dagbag.py:545} INFO - Filling up the DagBag from /home/airflow/.local/lib/python3.12/site-packages/airflow/example_dags/example_dag_decorator.py
[2025-10-15T17:14:16.215+0000] {processor.py:840} INFO - DAG(s) 'example_dag_decorator' retrieved from /home/airflow/.local/lib/python3.12/site-packages/airflow/example_dags/example_dag_decorator.py
[2025-10-15T17:14:16.279+0000] {logging_mixin.py:188} INFO - [2025-10-15T17:14:16.279+0000] {dag.py:3089} INFO - Sync 1 DAGs
[2025-10-15T17:14:16.284+0000] {logging_mixin.py:188} INFO - [2025-10-15T17:14:16.284+0000] {dag.py:3947} INFO - Setting next_dagrun for example_dag_decorator to None, run_after=None
[2025-10-15T17:14:16.294+0000] {processor.py:183} INFO - Processing /home/airflow/.local/lib/python3.12/site-packages/airflow/example_dags/example_dag_decorator.py took 0.154 seconds
[2025-10-15T17:14:46.326+0000] {processor.py:161} INFO - Started process (PID=840) to work on /home/airflow/.local/lib/python3.12/site-packages/airflow/example_dags/example_dag_decorator.py
[2025-10-15T17:14:46.326+0000] {processor.py:830} INFO - Processing file /home/airflow/.local/lib/python3.12/site-packages/airflow/example_dags/example_dag_decorator.py for tasks to queue
[2025-10-15T17:14:46.327+0000] {logging_mixin.py:188} INFO - [2025-10-15T17:14:46.327+0000] {dagbag.py:545} INFO - Filling up the DagBag from /home/airflow/.local/lib/python3.12/site-packages/airflow/example_dags/example_dag_decorator.py
[2025-10-15T17:14:46.384+0000] {processor.py:840} INFO - DAG(s) 'example_dag_decorator' retrieved from /home/airflow/.local/lib/python3.12/site-packages/airflow/example_dags/example_dag_decorator.py
[2025-10-15T17:14:46.582+0000] {logging_mixin.py:188} INFO - [2025-10-15T17:14:46.582+0000] {dag.py:3089} INFO - Sync 1 DAGs
[2025-10-15T17:14:46.587+0000] {logging_mixin.py:188} INFO - [2025-10-15T17:14:46.587+0000] {dag.py:3947} INFO - Setting next_dagrun for example_dag_decorator to None, run_after=None
[2025-10-15T17:14:46.596+0000] {processor.py:183} INFO - Processing /home/airflow/.local/lib/python3.12/site-packages/airflow/example_dags/example_dag_decorator.py took 0.274 seconds
[2025-10-15T17:15:16.622+0000] {processor.py:161} INFO - Started process (PID=898) to work on /home/airflow/.local/lib/python3.12/site-packages/airflow/example_dags/example_dag_decorator.py
[2025-10-15T17:15:16.622+0000] {processor.py:830} INFO - Processing file /home/airflow/.local/lib/python3.12/site-packages/airflow/example_dags/example_dag_decorator.py for tasks to queue
[2025-10-15T17:15:16.623+0000] {logging_mixin.py:188} INFO - [2025-10-15T17:15:16.623+0000] {dagbag.py:545} INFO - Filling up the DagBag from /home/airflow/.local/lib/python3.12/site-packages/airflow/example_dags/example_dag_decorator.py
[2025-10-15T17:15:16.684+0000] {processor.py:840} INFO - DAG(s) 'example_dag_decorator' retrieved from /home/airflow/.local/lib/python3.12/site-packages/airflow/example_dags/example_dag_decorator.py
[2025-10-15T17:15:16.848+0000] {logging_mixin.py:188} INFO - [2025-10-15T17:15:16.848+0000] {dag.py:3089} INFO - Sync 1 DAGs
[2025-10-15T17:15:16.854+0000] {logging_mixin.py:188} INFO - [2025-10-15T17:15:16.854+0000] {dag.py:3947} INFO - Setting next_dagrun for example_dag_decorator to None, run_after=None
[2025-10-15T17:15:16.863+0000] {processor.py:183} INFO - Processing /home/airflow/.local/lib/python3.12/site-packages/airflow/example_dags/example_dag_decorator.py took 0.245 seconds
[2025-10-15T17:19:47.518+0000] {processor.py:161} INFO - Started process (PID=79) to work on /home/airflow/.local/lib/python3.12/site-packages/airflow/example_dags/example_dag_decorator.py
[2025-10-15T17:19:47.520+0000] {processor.py:830} INFO - Processing file /home/airflow/.local/lib/python3.12/site-packages/airflow/example_dags/example_dag_decorator.py for tasks to queue
[2025-10-15T17:19:47.522+0000] {logging_mixin.py:188} INFO - [2025-10-15T17:19:47.521+0000] {dagbag.py:545} INFO - Filling up the DagBag from /home/airflow/.local/lib/python3.12/site-packages/airflow/example_dags/example_dag_decorator.py
[2025-10-15T17:19:48.071+0000] {processor.py:840} INFO - DAG(s) 'example_dag_decorator' retrieved from /home/airflow/.local/lib/python3.12/site-packages/airflow/example_dags/example_dag_decorator.py
[2025-10-15T17:19:48.181+0000] {logging_mixin.py:188} INFO - [2025-10-15T17:19:48.181+0000] {dag.py:3089} INFO - Sync 1 DAGs
[2025-10-15T17:19:48.193+0000] {logging_mixin.py:188} INFO - [2025-10-15T17:19:48.193+0000] {dag.py:3947} INFO - Setting next_dagrun for example_dag_decorator to None, run_after=None
[2025-10-15T17:19:48.214+0000] {processor.py:183} INFO - Processing /home/airflow/.local/lib/python3.12/site-packages/airflow/example_dags/example_dag_decorator.py took 0.704 seconds
[2025-10-15T17:20:19.131+0000] {processor.py:161} INFO - Started process (PID=137) to work on /home/airflow/.local/lib/python3.12/site-packages/airflow/example_dags/example_dag_decorator.py
[2025-10-15T17:20:19.132+0000] {processor.py:830} INFO - Processing file /home/airflow/.local/lib/python3.12/site-packages/airflow/example_dags/example_dag_decorator.py for tasks to queue
[2025-10-15T17:20:19.136+0000] {logging_mixin.py:188} INFO - [2025-10-15T17:20:19.135+0000] {dagbag.py:545} INFO - Filling up the DagBag from /home/airflow/.local/lib/python3.12/site-packages/airflow/example_dags/example_dag_decorator.py
[2025-10-15T17:20:19.289+0000] {processor.py:840} INFO - DAG(s) 'example_dag_decorator' retrieved from /home/airflow/.local/lib/python3.12/site-packages/airflow/example_dags/example_dag_decorator.py
[2025-10-15T17:20:19.539+0000] {logging_mixin.py:188} INFO - [2025-10-15T17:20:19.539+0000] {dag.py:3089} INFO - Sync 1 DAGs
[2025-10-15T17:20:19.554+0000] {logging_mixin.py:188} INFO - [2025-10-15T17:20:19.554+0000] {dag.py:3947} INFO - Setting next_dagrun for example_dag_decorator to None, run_after=None
[2025-10-15T17:20:19.591+0000] {processor.py:183} INFO - Processing /home/airflow/.local/lib/python3.12/site-packages/airflow/example_dags/example_dag_decorator.py took 0.468 seconds
[2025-10-15T17:20:50.294+0000] {processor.py:161} INFO - Started process (PID=196) to work on /home/airflow/.local/lib/python3.12/site-packages/airflow/example_dags/example_dag_decorator.py
[2025-10-15T17:20:50.295+0000] {processor.py:830} INFO - Processing file /home/airflow/.local/lib/python3.12/site-packages/airflow/example_dags/example_dag_decorator.py for tasks to queue
[2025-10-15T17:20:50.297+0000] {logging_mixin.py:188} INFO - [2025-10-15T17:20:50.296+0000] {dagbag.py:545} INFO - Filling up the DagBag from /home/airflow/.local/lib/python3.12/site-packages/airflow/example_dags/example_dag_decorator.py
[2025-10-15T17:20:50.373+0000] {processor.py:840} INFO - DAG(s) 'example_dag_decorator' retrieved from /home/airflow/.local/lib/python3.12/site-packages/airflow/example_dags/example_dag_decorator.py
[2025-10-15T17:20:50.451+0000] {logging_mixin.py:188} INFO - [2025-10-15T17:20:50.451+0000] {dag.py:3089} INFO - Sync 1 DAGs
[2025-10-15T17:20:50.459+0000] {logging_mixin.py:188} INFO - [2025-10-15T17:20:50.459+0000] {dag.py:3947} INFO - Setting next_dagrun for example_dag_decorator to None, run_after=None
[2025-10-15T17:20:50.476+0000] {processor.py:183} INFO - Processing /home/airflow/.local/lib/python3.12/site-packages/airflow/example_dags/example_dag_decorator.py took 0.186 seconds
[2025-10-15T17:21:21.142+0000] {processor.py:161} INFO - Started process (PID=254) to work on /home/airflow/.local/lib/python3.12/site-packages/airflow/example_dags/example_dag_decorator.py
[2025-10-15T17:21:21.143+0000] {processor.py:830} INFO - Processing file /home/airflow/.local/lib/python3.12/site-packages/airflow/example_dags/example_dag_decorator.py for tasks to queue
[2025-10-15T17:21:21.144+0000] {logging_mixin.py:188} INFO - [2025-10-15T17:21:21.144+0000] {dagbag.py:545} INFO - Filling up the DagBag from /home/airflow/.local/lib/python3.12/site-packages/airflow/example_dags/example_dag_decorator.py
[2025-10-15T17:21:21.237+0000] {processor.py:840} INFO - DAG(s) 'example_dag_decorator' retrieved from /home/airflow/.local/lib/python3.12/site-packages/airflow/example_dags/example_dag_decorator.py
[2025-10-15T17:21:21.336+0000] {logging_mixin.py:188} INFO - [2025-10-15T17:21:21.336+0000] {dag.py:3089} INFO - Sync 1 DAGs
[2025-10-15T17:21:21.347+0000] {logging_mixin.py:188} INFO - [2025-10-15T17:21:21.347+0000] {dag.py:3947} INFO - Setting next_dagrun for example_dag_decorator to None, run_after=None
[2025-10-15T17:21:21.369+0000] {processor.py:183} INFO - Processing /home/airflow/.local/lib/python3.12/site-packages/airflow/example_dags/example_dag_decorator.py took 0.233 seconds
[2025-10-15T17:21:52.166+0000] {processor.py:161} INFO - Started process (PID=312) to work on /home/airflow/.local/lib/python3.12/site-packages/airflow/example_dags/example_dag_decorator.py
[2025-10-15T17:21:52.166+0000] {processor.py:830} INFO - Processing file /home/airflow/.local/lib/python3.12/site-packages/airflow/example_dags/example_dag_decorator.py for tasks to queue
[2025-10-15T17:21:52.168+0000] {logging_mixin.py:188} INFO - [2025-10-15T17:21:52.168+0000] {dagbag.py:545} INFO - Filling up the DagBag from /home/airflow/.local/lib/python3.12/site-packages/airflow/example_dags/example_dag_decorator.py
[2025-10-15T17:21:52.256+0000] {processor.py:840} INFO - DAG(s) 'example_dag_decorator' retrieved from /home/airflow/.local/lib/python3.12/site-packages/airflow/example_dags/example_dag_decorator.py
[2025-10-15T17:21:52.335+0000] {logging_mixin.py:188} INFO - [2025-10-15T17:21:52.334+0000] {dag.py:3089} INFO - Sync 1 DAGs
[2025-10-15T17:21:52.342+0000] {logging_mixin.py:188} INFO - [2025-10-15T17:21:52.342+0000] {dag.py:3947} INFO - Setting next_dagrun for example_dag_decorator to None, run_after=None
[2025-10-15T17:21:52.359+0000] {processor.py:183} INFO - Processing /home/airflow/.local/lib/python3.12/site-packages/airflow/example_dags/example_dag_decorator.py took 0.197 seconds
[2025-10-15T17:22:23.312+0000] {processor.py:161} INFO - Started process (PID=371) to work on /home/airflow/.local/lib/python3.12/site-packages/airflow/example_dags/example_dag_decorator.py
[2025-10-15T17:22:23.312+0000] {processor.py:830} INFO - Processing file /home/airflow/.local/lib/python3.12/site-packages/airflow/example_dags/example_dag_decorator.py for tasks to queue
[2025-10-15T17:22:23.314+0000] {logging_mixin.py:188} INFO - [2025-10-15T17:22:23.314+0000] {dagbag.py:545} INFO - Filling up the DagBag from /home/airflow/.local/lib/python3.12/site-packages/airflow/example_dags/example_dag_decorator.py
[2025-10-15T17:22:23.389+0000] {processor.py:840} INFO - DAG(s) 'example_dag_decorator' retrieved from /home/airflow/.local/lib/python3.12/site-packages/airflow/example_dags/example_dag_decorator.py
[2025-10-15T17:22:23.465+0000] {logging_mixin.py:188} INFO - [2025-10-15T17:22:23.465+0000] {dag.py:3089} INFO - Sync 1 DAGs
[2025-10-15T17:22:23.474+0000] {logging_mixin.py:188} INFO - [2025-10-15T17:22:23.474+0000] {dag.py:3947} INFO - Setting next_dagrun for example_dag_decorator to None, run_after=None
[2025-10-15T17:22:23.490+0000] {processor.py:183} INFO - Processing /home/airflow/.local/lib/python3.12/site-packages/airflow/example_dags/example_dag_decorator.py took 0.184 seconds
[2025-10-15T17:22:53.565+0000] {processor.py:161} INFO - Started process (PID=431) to work on /home/airflow/.local/lib/python3.12/site-packages/airflow/example_dags/example_dag_decorator.py
[2025-10-15T17:22:53.566+0000] {processor.py:830} INFO - Processing file /home/airflow/.local/lib/python3.12/site-packages/airflow/example_dags/example_dag_decorator.py for tasks to queue
[2025-10-15T17:22:53.567+0000] {logging_mixin.py:188} INFO - [2025-10-15T17:22:53.567+0000] {dagbag.py:545} INFO - Filling up the DagBag from /home/airflow/.local/lib/python3.12/site-packages/airflow/example_dags/example_dag_decorator.py
[2025-10-15T17:22:53.632+0000] {processor.py:840} INFO - DAG(s) 'example_dag_decorator' retrieved from /home/airflow/.local/lib/python3.12/site-packages/airflow/example_dags/example_dag_decorator.py
[2025-10-15T17:22:53.704+0000] {logging_mixin.py:188} INFO - [2025-10-15T17:22:53.703+0000] {dag.py:3089} INFO - Sync 1 DAGs
[2025-10-15T17:22:53.831+0000] {logging_mixin.py:188} INFO - [2025-10-15T17:22:53.831+0000] {dag.py:3947} INFO - Setting next_dagrun for example_dag_decorator to None, run_after=None
[2025-10-15T17:22:53.847+0000] {processor.py:183} INFO - Processing /home/airflow/.local/lib/python3.12/site-packages/airflow/example_dags/example_dag_decorator.py took 0.286 seconds
[2025-10-15T17:23:24.537+0000] {processor.py:161} INFO - Started process (PID=487) to work on /home/airflow/.local/lib/python3.12/site-packages/airflow/example_dags/example_dag_decorator.py
[2025-10-15T17:23:24.538+0000] {processor.py:830} INFO - Processing file /home/airflow/.local/lib/python3.12/site-packages/airflow/example_dags/example_dag_decorator.py for tasks to queue
[2025-10-15T17:23:24.541+0000] {logging_mixin.py:188} INFO - [2025-10-15T17:23:24.540+0000] {dagbag.py:545} INFO - Filling up the DagBag from /home/airflow/.local/lib/python3.12/site-packages/airflow/example_dags/example_dag_decorator.py
[2025-10-15T17:23:24.635+0000] {processor.py:840} INFO - DAG(s) 'example_dag_decorator' retrieved from /home/airflow/.local/lib/python3.12/site-packages/airflow/example_dags/example_dag_decorator.py
[2025-10-15T17:23:24.705+0000] {logging_mixin.py:188} INFO - [2025-10-15T17:23:24.705+0000] {dag.py:3089} INFO - Sync 1 DAGs
[2025-10-15T17:23:24.712+0000] {logging_mixin.py:188} INFO - [2025-10-15T17:23:24.711+0000] {dag.py:3947} INFO - Setting next_dagrun for example_dag_decorator to None, run_after=None
[2025-10-15T17:23:24.724+0000] {processor.py:183} INFO - Processing /home/airflow/.local/lib/python3.12/site-packages/airflow/example_dags/example_dag_decorator.py took 0.194 seconds
[2025-10-15T17:23:54.853+0000] {processor.py:161} INFO - Started process (PID=545) to work on /home/airflow/.local/lib/python3.12/site-packages/airflow/example_dags/example_dag_decorator.py
[2025-10-15T17:23:54.854+0000] {processor.py:830} INFO - Processing file /home/airflow/.local/lib/python3.12/site-packages/airflow/example_dags/example_dag_decorator.py for tasks to queue
[2025-10-15T17:23:54.856+0000] {logging_mixin.py:188} INFO - [2025-10-15T17:23:54.855+0000] {dagbag.py:545} INFO - Filling up the DagBag from /home/airflow/.local/lib/python3.12/site-packages/airflow/example_dags/example_dag_decorator.py
[2025-10-15T17:23:54.930+0000] {processor.py:840} INFO - DAG(s) 'example_dag_decorator' retrieved from /home/airflow/.local/lib/python3.12/site-packages/airflow/example_dags/example_dag_decorator.py
[2025-10-15T17:23:55.004+0000] {logging_mixin.py:188} INFO - [2025-10-15T17:23:55.004+0000] {dag.py:3089} INFO - Sync 1 DAGs
[2025-10-15T17:23:55.012+0000] {logging_mixin.py:188} INFO - [2025-10-15T17:23:55.012+0000] {dag.py:3947} INFO - Setting next_dagrun for example_dag_decorator to None, run_after=None
[2025-10-15T17:23:55.029+0000] {processor.py:183} INFO - Processing /home/airflow/.local/lib/python3.12/site-packages/airflow/example_dags/example_dag_decorator.py took 0.180 seconds
[2025-10-15T17:24:25.677+0000] {processor.py:161} INFO - Started process (PID=603) to work on /home/airflow/.local/lib/python3.12/site-packages/airflow/example_dags/example_dag_decorator.py
[2025-10-15T17:24:25.678+0000] {processor.py:830} INFO - Processing file /home/airflow/.local/lib/python3.12/site-packages/airflow/example_dags/example_dag_decorator.py for tasks to queue
[2025-10-15T17:24:25.679+0000] {logging_mixin.py:188} INFO - [2025-10-15T17:24:25.679+0000] {dagbag.py:545} INFO - Filling up the DagBag from /home/airflow/.local/lib/python3.12/site-packages/airflow/example_dags/example_dag_decorator.py
[2025-10-15T17:24:25.775+0000] {processor.py:840} INFO - DAG(s) 'example_dag_decorator' retrieved from /home/airflow/.local/lib/python3.12/site-packages/airflow/example_dags/example_dag_decorator.py
[2025-10-15T17:24:25.861+0000] {logging_mixin.py:188} INFO - [2025-10-15T17:24:25.861+0000] {dag.py:3089} INFO - Sync 1 DAGs
[2025-10-15T17:24:25.868+0000] {logging_mixin.py:188} INFO - [2025-10-15T17:24:25.867+0000] {dag.py:3947} INFO - Setting next_dagrun for example_dag_decorator to None, run_after=None
[2025-10-15T17:24:25.883+0000] {processor.py:183} INFO - Processing /home/airflow/.local/lib/python3.12/site-packages/airflow/example_dags/example_dag_decorator.py took 0.211 seconds
