[2025-10-15T17:08:11.250+0000] {processor.py:161} INFO - Started process (PID=95) to work on /home/airflow/.local/lib/python3.12/site-packages/airflow/example_dags/example_branch_operator_decorator.py
[2025-10-15T17:08:11.251+0000] {processor.py:830} INFO - Processing file /home/airflow/.local/lib/python3.12/site-packages/airflow/example_dags/example_branch_operator_decorator.py for tasks to queue
[2025-10-15T17:08:11.254+0000] {logging_mixin.py:188} INFO - [2025-10-15T17:08:11.254+0000] {dagbag.py:545} INFO - Filling up the DagBag from /home/airflow/.local/lib/python3.12/site-packages/airflow/example_dags/example_branch_operator_decorator.py
[2025-10-15T17:08:11.283+0000] {processor.py:840} INFO - DAG(s) 'example_branch_python_operator_decorator' retrieved from /home/airflow/.local/lib/python3.12/site-packages/airflow/example_dags/example_branch_operator_decorator.py
[2025-10-15T17:08:11.404+0000] {logging_mixin.py:188} INFO - [2025-10-15T17:08:11.403+0000] {override.py:1858} INFO - Created Permission View: can edit on DAG:example_branch_python_operator_decorator
[2025-10-15T17:08:11.425+0000] {logging_mixin.py:188} INFO - [2025-10-15T17:08:11.425+0000] {override.py:1858} INFO - Created Permission View: can delete on DAG:example_branch_python_operator_decorator
[2025-10-15T17:08:11.428+0000] {logging_mixin.py:188} INFO - [2025-10-15T17:08:11.428+0000] {override.py:1858} INFO - Created Permission View: can read on DAG:example_branch_python_operator_decorator
[2025-10-15T17:08:11.428+0000] {logging_mixin.py:188} INFO - [2025-10-15T17:08:11.428+0000] {dag.py:3089} INFO - Sync 1 DAGs
[2025-10-15T17:08:11.438+0000] {logging_mixin.py:188} INFO - [2025-10-15T17:08:11.438+0000] {dag.py:3111} INFO - Creating ORM DAG for example_branch_python_operator_decorator
[2025-10-15T17:08:11.446+0000] {logging_mixin.py:188} INFO - [2025-10-15T17:08:11.446+0000] {dag.py:3947} INFO - Setting next_dagrun for example_branch_python_operator_decorator to 2025-10-14 00:00:00+00:00, run_after=2025-10-15 00:00:00+00:00
[2025-10-15T17:08:11.458+0000] {processor.py:183} INFO - Processing /home/airflow/.local/lib/python3.12/site-packages/airflow/example_dags/example_branch_operator_decorator.py took 0.218 seconds
[2025-10-15T17:08:41.672+0000] {processor.py:161} INFO - Started process (PID=153) to work on /home/airflow/.local/lib/python3.12/site-packages/airflow/example_dags/example_branch_operator_decorator.py
[2025-10-15T17:08:41.673+0000] {processor.py:830} INFO - Processing file /home/airflow/.local/lib/python3.12/site-packages/airflow/example_dags/example_branch_operator_decorator.py for tasks to queue
[2025-10-15T17:08:41.675+0000] {logging_mixin.py:188} INFO - [2025-10-15T17:08:41.675+0000] {dagbag.py:545} INFO - Filling up the DagBag from /home/airflow/.local/lib/python3.12/site-packages/airflow/example_dags/example_branch_operator_decorator.py
[2025-10-15T17:08:41.688+0000] {processor.py:840} INFO - DAG(s) 'example_branch_python_operator_decorator' retrieved from /home/airflow/.local/lib/python3.12/site-packages/airflow/example_dags/example_branch_operator_decorator.py
[2025-10-15T17:08:41.708+0000] {logging_mixin.py:188} INFO - [2025-10-15T17:08:41.707+0000] {dag.py:3089} INFO - Sync 1 DAGs
[2025-10-15T17:08:41.723+0000] {logging_mixin.py:188} INFO - [2025-10-15T17:08:41.723+0000] {dag.py:3947} INFO - Setting next_dagrun for example_branch_python_operator_decorator to 2025-10-14 00:00:00+00:00, run_after=2025-10-15 00:00:00+00:00
[2025-10-15T17:08:41.734+0000] {processor.py:183} INFO - Processing /home/airflow/.local/lib/python3.12/site-packages/airflow/example_dags/example_branch_operator_decorator.py took 0.065 seconds
[2025-10-15T17:09:12.637+0000] {processor.py:161} INFO - Started process (PID=211) to work on /home/airflow/.local/lib/python3.12/site-packages/airflow/example_dags/example_branch_operator_decorator.py
[2025-10-15T17:09:12.639+0000] {processor.py:830} INFO - Processing file /home/airflow/.local/lib/python3.12/site-packages/airflow/example_dags/example_branch_operator_decorator.py for tasks to queue
[2025-10-15T17:09:12.642+0000] {logging_mixin.py:188} INFO - [2025-10-15T17:09:12.642+0000] {dagbag.py:545} INFO - Filling up the DagBag from /home/airflow/.local/lib/python3.12/site-packages/airflow/example_dags/example_branch_operator_decorator.py
[2025-10-15T17:09:12.662+0000] {processor.py:840} INFO - DAG(s) 'example_branch_python_operator_decorator' retrieved from /home/airflow/.local/lib/python3.12/site-packages/airflow/example_dags/example_branch_operator_decorator.py
[2025-10-15T17:09:12.685+0000] {logging_mixin.py:188} INFO - [2025-10-15T17:09:12.684+0000] {dag.py:3089} INFO - Sync 1 DAGs
[2025-10-15T17:09:12.703+0000] {logging_mixin.py:188} INFO - [2025-10-15T17:09:12.703+0000] {dag.py:3947} INFO - Setting next_dagrun for example_branch_python_operator_decorator to 2025-10-14 00:00:00+00:00, run_after=2025-10-15 00:00:00+00:00
[2025-10-15T17:09:12.715+0000] {processor.py:183} INFO - Processing /home/airflow/.local/lib/python3.12/site-packages/airflow/example_dags/example_branch_operator_decorator.py took 0.082 seconds
[2025-10-15T17:09:43.596+0000] {processor.py:161} INFO - Started process (PID=269) to work on /home/airflow/.local/lib/python3.12/site-packages/airflow/example_dags/example_branch_operator_decorator.py
[2025-10-15T17:09:43.597+0000] {processor.py:830} INFO - Processing file /home/airflow/.local/lib/python3.12/site-packages/airflow/example_dags/example_branch_operator_decorator.py for tasks to queue
[2025-10-15T17:09:43.600+0000] {logging_mixin.py:188} INFO - [2025-10-15T17:09:43.600+0000] {dagbag.py:545} INFO - Filling up the DagBag from /home/airflow/.local/lib/python3.12/site-packages/airflow/example_dags/example_branch_operator_decorator.py
[2025-10-15T17:09:43.624+0000] {processor.py:840} INFO - DAG(s) 'example_branch_python_operator_decorator' retrieved from /home/airflow/.local/lib/python3.12/site-packages/airflow/example_dags/example_branch_operator_decorator.py
[2025-10-15T17:09:43.664+0000] {logging_mixin.py:188} INFO - [2025-10-15T17:09:43.663+0000] {dag.py:3089} INFO - Sync 1 DAGs
[2025-10-15T17:09:43.709+0000] {logging_mixin.py:188} INFO - [2025-10-15T17:09:43.708+0000] {dag.py:3947} INFO - Setting next_dagrun for example_branch_python_operator_decorator to 2025-10-14 00:00:00+00:00, run_after=2025-10-15 00:00:00+00:00
[2025-10-15T17:09:43.747+0000] {processor.py:183} INFO - Processing /home/airflow/.local/lib/python3.12/site-packages/airflow/example_dags/example_branch_operator_decorator.py took 0.163 seconds
[2025-10-15T17:10:13.954+0000] {processor.py:161} INFO - Started process (PID=327) to work on /home/airflow/.local/lib/python3.12/site-packages/airflow/example_dags/example_branch_operator_decorator.py
[2025-10-15T17:10:13.958+0000] {processor.py:830} INFO - Processing file /home/airflow/.local/lib/python3.12/site-packages/airflow/example_dags/example_branch_operator_decorator.py for tasks to queue
[2025-10-15T17:10:13.959+0000] {logging_mixin.py:188} INFO - [2025-10-15T17:10:13.959+0000] {dagbag.py:545} INFO - Filling up the DagBag from /home/airflow/.local/lib/python3.12/site-packages/airflow/example_dags/example_branch_operator_decorator.py
[2025-10-15T17:10:13.974+0000] {processor.py:840} INFO - DAG(s) 'example_branch_python_operator_decorator' retrieved from /home/airflow/.local/lib/python3.12/site-packages/airflow/example_dags/example_branch_operator_decorator.py
[2025-10-15T17:10:14.002+0000] {logging_mixin.py:188} INFO - [2025-10-15T17:10:14.002+0000] {dag.py:3089} INFO - Sync 1 DAGs
[2025-10-15T17:10:14.024+0000] {logging_mixin.py:188} INFO - [2025-10-15T17:10:14.024+0000] {dag.py:3947} INFO - Setting next_dagrun for example_branch_python_operator_decorator to 2025-10-14 00:00:00+00:00, run_after=2025-10-15 00:00:00+00:00
[2025-10-15T17:10:14.044+0000] {processor.py:183} INFO - Processing /home/airflow/.local/lib/python3.12/site-packages/airflow/example_dags/example_branch_operator_decorator.py took 0.095 seconds
[2025-10-15T17:10:44.071+0000] {processor.py:161} INFO - Started process (PID=385) to work on /home/airflow/.local/lib/python3.12/site-packages/airflow/example_dags/example_branch_operator_decorator.py
[2025-10-15T17:10:44.073+0000] {processor.py:830} INFO - Processing file /home/airflow/.local/lib/python3.12/site-packages/airflow/example_dags/example_branch_operator_decorator.py for tasks to queue
[2025-10-15T17:10:44.076+0000] {logging_mixin.py:188} INFO - [2025-10-15T17:10:44.076+0000] {dagbag.py:545} INFO - Filling up the DagBag from /home/airflow/.local/lib/python3.12/site-packages/airflow/example_dags/example_branch_operator_decorator.py
[2025-10-15T17:10:44.089+0000] {processor.py:840} INFO - DAG(s) 'example_branch_python_operator_decorator' retrieved from /home/airflow/.local/lib/python3.12/site-packages/airflow/example_dags/example_branch_operator_decorator.py
[2025-10-15T17:10:44.111+0000] {logging_mixin.py:188} INFO - [2025-10-15T17:10:44.110+0000] {dag.py:3089} INFO - Sync 1 DAGs
[2025-10-15T17:10:44.125+0000] {logging_mixin.py:188} INFO - [2025-10-15T17:10:44.125+0000] {dag.py:3947} INFO - Setting next_dagrun for example_branch_python_operator_decorator to 2025-10-14 00:00:00+00:00, run_after=2025-10-15 00:00:00+00:00
[2025-10-15T17:10:44.137+0000] {processor.py:183} INFO - Processing /home/airflow/.local/lib/python3.12/site-packages/airflow/example_dags/example_branch_operator_decorator.py took 0.070 seconds
[2025-10-15T17:11:14.455+0000] {processor.py:161} INFO - Started process (PID=443) to work on /home/airflow/.local/lib/python3.12/site-packages/airflow/example_dags/example_branch_operator_decorator.py
[2025-10-15T17:11:14.457+0000] {processor.py:830} INFO - Processing file /home/airflow/.local/lib/python3.12/site-packages/airflow/example_dags/example_branch_operator_decorator.py for tasks to queue
[2025-10-15T17:11:14.458+0000] {logging_mixin.py:188} INFO - [2025-10-15T17:11:14.458+0000] {dagbag.py:545} INFO - Filling up the DagBag from /home/airflow/.local/lib/python3.12/site-packages/airflow/example_dags/example_branch_operator_decorator.py
[2025-10-15T17:11:14.471+0000] {processor.py:840} INFO - DAG(s) 'example_branch_python_operator_decorator' retrieved from /home/airflow/.local/lib/python3.12/site-packages/airflow/example_dags/example_branch_operator_decorator.py
[2025-10-15T17:11:14.493+0000] {logging_mixin.py:188} INFO - [2025-10-15T17:11:14.493+0000] {dag.py:3089} INFO - Sync 1 DAGs
[2025-10-15T17:11:14.507+0000] {logging_mixin.py:188} INFO - [2025-10-15T17:11:14.507+0000] {dag.py:3947} INFO - Setting next_dagrun for example_branch_python_operator_decorator to 2025-10-14 00:00:00+00:00, run_after=2025-10-15 00:00:00+00:00
[2025-10-15T17:11:14.517+0000] {processor.py:183} INFO - Processing /home/airflow/.local/lib/python3.12/site-packages/airflow/example_dags/example_branch_operator_decorator.py took 0.066 seconds
[2025-10-15T17:11:44.983+0000] {processor.py:161} INFO - Started process (PID=501) to work on /home/airflow/.local/lib/python3.12/site-packages/airflow/example_dags/example_branch_operator_decorator.py
[2025-10-15T17:11:44.984+0000] {processor.py:830} INFO - Processing file /home/airflow/.local/lib/python3.12/site-packages/airflow/example_dags/example_branch_operator_decorator.py for tasks to queue
[2025-10-15T17:11:44.985+0000] {logging_mixin.py:188} INFO - [2025-10-15T17:11:44.985+0000] {dagbag.py:545} INFO - Filling up the DagBag from /home/airflow/.local/lib/python3.12/site-packages/airflow/example_dags/example_branch_operator_decorator.py
[2025-10-15T17:11:44.996+0000] {processor.py:840} INFO - DAG(s) 'example_branch_python_operator_decorator' retrieved from /home/airflow/.local/lib/python3.12/site-packages/airflow/example_dags/example_branch_operator_decorator.py
[2025-10-15T17:11:45.014+0000] {logging_mixin.py:188} INFO - [2025-10-15T17:11:45.013+0000] {dag.py:3089} INFO - Sync 1 DAGs
[2025-10-15T17:11:45.027+0000] {logging_mixin.py:188} INFO - [2025-10-15T17:11:45.027+0000] {dag.py:3947} INFO - Setting next_dagrun for example_branch_python_operator_decorator to 2025-10-14 00:00:00+00:00, run_after=2025-10-15 00:00:00+00:00
[2025-10-15T17:11:45.041+0000] {processor.py:183} INFO - Processing /home/airflow/.local/lib/python3.12/site-packages/airflow/example_dags/example_branch_operator_decorator.py took 0.061 seconds
[2025-10-15T17:12:15.319+0000] {processor.py:161} INFO - Started process (PID=559) to work on /home/airflow/.local/lib/python3.12/site-packages/airflow/example_dags/example_branch_operator_decorator.py
[2025-10-15T17:12:15.322+0000] {processor.py:830} INFO - Processing file /home/airflow/.local/lib/python3.12/site-packages/airflow/example_dags/example_branch_operator_decorator.py for tasks to queue
[2025-10-15T17:12:15.324+0000] {logging_mixin.py:188} INFO - [2025-10-15T17:12:15.324+0000] {dagbag.py:545} INFO - Filling up the DagBag from /home/airflow/.local/lib/python3.12/site-packages/airflow/example_dags/example_branch_operator_decorator.py
[2025-10-15T17:12:15.340+0000] {processor.py:840} INFO - DAG(s) 'example_branch_python_operator_decorator' retrieved from /home/airflow/.local/lib/python3.12/site-packages/airflow/example_dags/example_branch_operator_decorator.py
[2025-10-15T17:12:15.364+0000] {logging_mixin.py:188} INFO - [2025-10-15T17:12:15.364+0000] {dag.py:3089} INFO - Sync 1 DAGs
[2025-10-15T17:12:15.382+0000] {logging_mixin.py:188} INFO - [2025-10-15T17:12:15.382+0000] {dag.py:3947} INFO - Setting next_dagrun for example_branch_python_operator_decorator to 2025-10-14 00:00:00+00:00, run_after=2025-10-15 00:00:00+00:00
[2025-10-15T17:12:15.398+0000] {processor.py:183} INFO - Processing /home/airflow/.local/lib/python3.12/site-packages/airflow/example_dags/example_branch_operator_decorator.py took 0.088 seconds
[2025-10-15T17:12:46.028+0000] {processor.py:161} INFO - Started process (PID=617) to work on /home/airflow/.local/lib/python3.12/site-packages/airflow/example_dags/example_branch_operator_decorator.py
[2025-10-15T17:12:46.030+0000] {processor.py:830} INFO - Processing file /home/airflow/.local/lib/python3.12/site-packages/airflow/example_dags/example_branch_operator_decorator.py for tasks to queue
[2025-10-15T17:12:46.032+0000] {logging_mixin.py:188} INFO - [2025-10-15T17:12:46.032+0000] {dagbag.py:545} INFO - Filling up the DagBag from /home/airflow/.local/lib/python3.12/site-packages/airflow/example_dags/example_branch_operator_decorator.py
[2025-10-15T17:12:46.057+0000] {processor.py:840} INFO - DAG(s) 'example_branch_python_operator_decorator' retrieved from /home/airflow/.local/lib/python3.12/site-packages/airflow/example_dags/example_branch_operator_decorator.py
[2025-10-15T17:12:46.089+0000] {logging_mixin.py:188} INFO - [2025-10-15T17:12:46.088+0000] {dag.py:3089} INFO - Sync 1 DAGs
[2025-10-15T17:12:46.113+0000] {logging_mixin.py:188} INFO - [2025-10-15T17:12:46.112+0000] {dag.py:3947} INFO - Setting next_dagrun for example_branch_python_operator_decorator to 2025-10-14 00:00:00+00:00, run_after=2025-10-15 00:00:00+00:00
[2025-10-15T17:12:46.129+0000] {processor.py:183} INFO - Processing /home/airflow/.local/lib/python3.12/site-packages/airflow/example_dags/example_branch_operator_decorator.py took 0.105 seconds
[2025-10-15T17:13:16.148+0000] {processor.py:161} INFO - Started process (PID=675) to work on /home/airflow/.local/lib/python3.12/site-packages/airflow/example_dags/example_branch_operator_decorator.py
[2025-10-15T17:13:16.151+0000] {processor.py:830} INFO - Processing file /home/airflow/.local/lib/python3.12/site-packages/airflow/example_dags/example_branch_operator_decorator.py for tasks to queue
[2025-10-15T17:13:16.152+0000] {logging_mixin.py:188} INFO - [2025-10-15T17:13:16.152+0000] {dagbag.py:545} INFO - Filling up the DagBag from /home/airflow/.local/lib/python3.12/site-packages/airflow/example_dags/example_branch_operator_decorator.py
[2025-10-15T17:13:16.165+0000] {processor.py:840} INFO - DAG(s) 'example_branch_python_operator_decorator' retrieved from /home/airflow/.local/lib/python3.12/site-packages/airflow/example_dags/example_branch_operator_decorator.py
[2025-10-15T17:13:16.184+0000] {logging_mixin.py:188} INFO - [2025-10-15T17:13:16.184+0000] {dag.py:3089} INFO - Sync 1 DAGs
[2025-10-15T17:13:16.198+0000] {logging_mixin.py:188} INFO - [2025-10-15T17:13:16.198+0000] {dag.py:3947} INFO - Setting next_dagrun for example_branch_python_operator_decorator to 2025-10-14 00:00:00+00:00, run_after=2025-10-15 00:00:00+00:00
[2025-10-15T17:13:16.209+0000] {processor.py:183} INFO - Processing /home/airflow/.local/lib/python3.12/site-packages/airflow/example_dags/example_branch_operator_decorator.py took 0.065 seconds
[2025-10-15T17:13:47.153+0000] {processor.py:161} INFO - Started process (PID=733) to work on /home/airflow/.local/lib/python3.12/site-packages/airflow/example_dags/example_branch_operator_decorator.py
[2025-10-15T17:13:47.155+0000] {processor.py:830} INFO - Processing file /home/airflow/.local/lib/python3.12/site-packages/airflow/example_dags/example_branch_operator_decorator.py for tasks to queue
[2025-10-15T17:13:47.156+0000] {logging_mixin.py:188} INFO - [2025-10-15T17:13:47.156+0000] {dagbag.py:545} INFO - Filling up the DagBag from /home/airflow/.local/lib/python3.12/site-packages/airflow/example_dags/example_branch_operator_decorator.py
[2025-10-15T17:13:47.169+0000] {processor.py:840} INFO - DAG(s) 'example_branch_python_operator_decorator' retrieved from /home/airflow/.local/lib/python3.12/site-packages/airflow/example_dags/example_branch_operator_decorator.py
[2025-10-15T17:13:47.188+0000] {logging_mixin.py:188} INFO - [2025-10-15T17:13:47.188+0000] {dag.py:3089} INFO - Sync 1 DAGs
[2025-10-15T17:13:47.202+0000] {logging_mixin.py:188} INFO - [2025-10-15T17:13:47.201+0000] {dag.py:3947} INFO - Setting next_dagrun for example_branch_python_operator_decorator to 2025-10-14 00:00:00+00:00, run_after=2025-10-15 00:00:00+00:00
[2025-10-15T17:13:47.216+0000] {processor.py:183} INFO - Processing /home/airflow/.local/lib/python3.12/site-packages/airflow/example_dags/example_branch_operator_decorator.py took 0.067 seconds
[2025-10-15T17:14:17.526+0000] {processor.py:161} INFO - Started process (PID=791) to work on /home/airflow/.local/lib/python3.12/site-packages/airflow/example_dags/example_branch_operator_decorator.py
[2025-10-15T17:14:17.529+0000] {processor.py:830} INFO - Processing file /home/airflow/.local/lib/python3.12/site-packages/airflow/example_dags/example_branch_operator_decorator.py for tasks to queue
[2025-10-15T17:14:17.530+0000] {logging_mixin.py:188} INFO - [2025-10-15T17:14:17.530+0000] {dagbag.py:545} INFO - Filling up the DagBag from /home/airflow/.local/lib/python3.12/site-packages/airflow/example_dags/example_branch_operator_decorator.py
[2025-10-15T17:14:17.541+0000] {processor.py:840} INFO - DAG(s) 'example_branch_python_operator_decorator' retrieved from /home/airflow/.local/lib/python3.12/site-packages/airflow/example_dags/example_branch_operator_decorator.py
[2025-10-15T17:14:17.559+0000] {logging_mixin.py:188} INFO - [2025-10-15T17:14:17.559+0000] {dag.py:3089} INFO - Sync 1 DAGs
[2025-10-15T17:14:17.572+0000] {logging_mixin.py:188} INFO - [2025-10-15T17:14:17.572+0000] {dag.py:3947} INFO - Setting next_dagrun for example_branch_python_operator_decorator to 2025-10-14 00:00:00+00:00, run_after=2025-10-15 00:00:00+00:00
[2025-10-15T17:14:17.582+0000] {processor.py:183} INFO - Processing /home/airflow/.local/lib/python3.12/site-packages/airflow/example_dags/example_branch_operator_decorator.py took 0.059 seconds
[2025-10-15T17:14:47.810+0000] {processor.py:161} INFO - Started process (PID=849) to work on /home/airflow/.local/lib/python3.12/site-packages/airflow/example_dags/example_branch_operator_decorator.py
[2025-10-15T17:14:47.811+0000] {processor.py:830} INFO - Processing file /home/airflow/.local/lib/python3.12/site-packages/airflow/example_dags/example_branch_operator_decorator.py for tasks to queue
[2025-10-15T17:14:47.813+0000] {logging_mixin.py:188} INFO - [2025-10-15T17:14:47.812+0000] {dagbag.py:545} INFO - Filling up the DagBag from /home/airflow/.local/lib/python3.12/site-packages/airflow/example_dags/example_branch_operator_decorator.py
[2025-10-15T17:14:47.824+0000] {processor.py:840} INFO - DAG(s) 'example_branch_python_operator_decorator' retrieved from /home/airflow/.local/lib/python3.12/site-packages/airflow/example_dags/example_branch_operator_decorator.py
[2025-10-15T17:14:47.841+0000] {logging_mixin.py:188} INFO - [2025-10-15T17:14:47.841+0000] {dag.py:3089} INFO - Sync 1 DAGs
[2025-10-15T17:14:47.855+0000] {logging_mixin.py:188} INFO - [2025-10-15T17:14:47.854+0000] {dag.py:3947} INFO - Setting next_dagrun for example_branch_python_operator_decorator to 2025-10-14 00:00:00+00:00, run_after=2025-10-15 00:00:00+00:00
[2025-10-15T17:14:47.864+0000] {processor.py:183} INFO - Processing /home/airflow/.local/lib/python3.12/site-packages/airflow/example_dags/example_branch_operator_decorator.py took 0.058 seconds
[2025-10-15T17:15:18.129+0000] {processor.py:161} INFO - Started process (PID=907) to work on /home/airflow/.local/lib/python3.12/site-packages/airflow/example_dags/example_branch_operator_decorator.py
[2025-10-15T17:15:18.132+0000] {processor.py:830} INFO - Processing file /home/airflow/.local/lib/python3.12/site-packages/airflow/example_dags/example_branch_operator_decorator.py for tasks to queue
[2025-10-15T17:15:18.134+0000] {logging_mixin.py:188} INFO - [2025-10-15T17:15:18.134+0000] {dagbag.py:545} INFO - Filling up the DagBag from /home/airflow/.local/lib/python3.12/site-packages/airflow/example_dags/example_branch_operator_decorator.py
[2025-10-15T17:15:18.146+0000] {processor.py:840} INFO - DAG(s) 'example_branch_python_operator_decorator' retrieved from /home/airflow/.local/lib/python3.12/site-packages/airflow/example_dags/example_branch_operator_decorator.py
[2025-10-15T17:15:18.162+0000] {logging_mixin.py:188} INFO - [2025-10-15T17:15:18.162+0000] {dag.py:3089} INFO - Sync 1 DAGs
[2025-10-15T17:15:18.176+0000] {logging_mixin.py:188} INFO - [2025-10-15T17:15:18.175+0000] {dag.py:3947} INFO - Setting next_dagrun for example_branch_python_operator_decorator to 2025-10-14 00:00:00+00:00, run_after=2025-10-15 00:00:00+00:00
[2025-10-15T17:15:18.185+0000] {processor.py:183} INFO - Processing /home/airflow/.local/lib/python3.12/site-packages/airflow/example_dags/example_branch_operator_decorator.py took 0.059 seconds
[2025-10-15T17:19:48.910+0000] {processor.py:161} INFO - Started process (PID=90) to work on /home/airflow/.local/lib/python3.12/site-packages/airflow/example_dags/example_branch_operator_decorator.py
[2025-10-15T17:19:48.911+0000] {processor.py:830} INFO - Processing file /home/airflow/.local/lib/python3.12/site-packages/airflow/example_dags/example_branch_operator_decorator.py for tasks to queue
[2025-10-15T17:19:48.913+0000] {logging_mixin.py:188} INFO - [2025-10-15T17:19:48.912+0000] {dagbag.py:545} INFO - Filling up the DagBag from /home/airflow/.local/lib/python3.12/site-packages/airflow/example_dags/example_branch_operator_decorator.py
[2025-10-15T17:19:48.931+0000] {processor.py:840} INFO - DAG(s) 'example_branch_python_operator_decorator' retrieved from /home/airflow/.local/lib/python3.12/site-packages/airflow/example_dags/example_branch_operator_decorator.py
[2025-10-15T17:19:49.037+0000] {logging_mixin.py:188} INFO - [2025-10-15T17:19:49.037+0000] {dag.py:3089} INFO - Sync 1 DAGs
[2025-10-15T17:19:49.053+0000] {logging_mixin.py:188} INFO - [2025-10-15T17:19:49.053+0000] {dag.py:3947} INFO - Setting next_dagrun for example_branch_python_operator_decorator to 2025-10-14 00:00:00+00:00, run_after=2025-10-15 00:00:00+00:00
[2025-10-15T17:19:49.071+0000] {processor.py:183} INFO - Processing /home/airflow/.local/lib/python3.12/site-packages/airflow/example_dags/example_branch_operator_decorator.py took 0.166 seconds
[2025-10-15T17:20:19.964+0000] {processor.py:161} INFO - Started process (PID=148) to work on /home/airflow/.local/lib/python3.12/site-packages/airflow/example_dags/example_branch_operator_decorator.py
[2025-10-15T17:20:19.965+0000] {processor.py:830} INFO - Processing file /home/airflow/.local/lib/python3.12/site-packages/airflow/example_dags/example_branch_operator_decorator.py for tasks to queue
[2025-10-15T17:20:19.967+0000] {logging_mixin.py:188} INFO - [2025-10-15T17:20:19.967+0000] {dagbag.py:545} INFO - Filling up the DagBag from /home/airflow/.local/lib/python3.12/site-packages/airflow/example_dags/example_branch_operator_decorator.py
[2025-10-15T17:20:19.986+0000] {processor.py:840} INFO - DAG(s) 'example_branch_python_operator_decorator' retrieved from /home/airflow/.local/lib/python3.12/site-packages/airflow/example_dags/example_branch_operator_decorator.py
[2025-10-15T17:20:20.015+0000] {logging_mixin.py:188} INFO - [2025-10-15T17:20:20.015+0000] {dag.py:3089} INFO - Sync 1 DAGs
[2025-10-15T17:20:20.044+0000] {logging_mixin.py:188} INFO - [2025-10-15T17:20:20.043+0000] {dag.py:3947} INFO - Setting next_dagrun for example_branch_python_operator_decorator to 2025-10-14 00:00:00+00:00, run_after=2025-10-15 00:00:00+00:00
[2025-10-15T17:20:20.068+0000] {processor.py:183} INFO - Processing /home/airflow/.local/lib/python3.12/site-packages/airflow/example_dags/example_branch_operator_decorator.py took 0.109 seconds
[2025-10-15T17:20:50.713+0000] {processor.py:161} INFO - Started process (PID=206) to work on /home/airflow/.local/lib/python3.12/site-packages/airflow/example_dags/example_branch_operator_decorator.py
[2025-10-15T17:20:50.714+0000] {processor.py:830} INFO - Processing file /home/airflow/.local/lib/python3.12/site-packages/airflow/example_dags/example_branch_operator_decorator.py for tasks to queue
[2025-10-15T17:20:50.715+0000] {logging_mixin.py:188} INFO - [2025-10-15T17:20:50.715+0000] {dagbag.py:545} INFO - Filling up the DagBag from /home/airflow/.local/lib/python3.12/site-packages/airflow/example_dags/example_branch_operator_decorator.py
[2025-10-15T17:20:50.727+0000] {processor.py:840} INFO - DAG(s) 'example_branch_python_operator_decorator' retrieved from /home/airflow/.local/lib/python3.12/site-packages/airflow/example_dags/example_branch_operator_decorator.py
[2025-10-15T17:20:50.752+0000] {logging_mixin.py:188} INFO - [2025-10-15T17:20:50.751+0000] {dag.py:3089} INFO - Sync 1 DAGs
[2025-10-15T17:20:50.771+0000] {logging_mixin.py:188} INFO - [2025-10-15T17:20:50.771+0000] {dag.py:3947} INFO - Setting next_dagrun for example_branch_python_operator_decorator to 2025-10-14 00:00:00+00:00, run_after=2025-10-15 00:00:00+00:00
[2025-10-15T17:20:50.786+0000] {processor.py:183} INFO - Processing /home/airflow/.local/lib/python3.12/site-packages/airflow/example_dags/example_branch_operator_decorator.py took 0.076 seconds
[2025-10-15T17:21:21.644+0000] {processor.py:161} INFO - Started process (PID=264) to work on /home/airflow/.local/lib/python3.12/site-packages/airflow/example_dags/example_branch_operator_decorator.py
[2025-10-15T17:21:21.645+0000] {processor.py:830} INFO - Processing file /home/airflow/.local/lib/python3.12/site-packages/airflow/example_dags/example_branch_operator_decorator.py for tasks to queue
[2025-10-15T17:21:21.646+0000] {logging_mixin.py:188} INFO - [2025-10-15T17:21:21.645+0000] {dagbag.py:545} INFO - Filling up the DagBag from /home/airflow/.local/lib/python3.12/site-packages/airflow/example_dags/example_branch_operator_decorator.py
[2025-10-15T17:21:21.658+0000] {processor.py:840} INFO - DAG(s) 'example_branch_python_operator_decorator' retrieved from /home/airflow/.local/lib/python3.12/site-packages/airflow/example_dags/example_branch_operator_decorator.py
[2025-10-15T17:21:21.675+0000] {logging_mixin.py:188} INFO - [2025-10-15T17:21:21.675+0000] {dag.py:3089} INFO - Sync 1 DAGs
[2025-10-15T17:21:21.688+0000] {logging_mixin.py:188} INFO - [2025-10-15T17:21:21.688+0000] {dag.py:3947} INFO - Setting next_dagrun for example_branch_python_operator_decorator to 2025-10-14 00:00:00+00:00, run_after=2025-10-15 00:00:00+00:00
[2025-10-15T17:21:21.698+0000] {processor.py:183} INFO - Processing /home/airflow/.local/lib/python3.12/site-packages/airflow/example_dags/example_branch_operator_decorator.py took 0.058 seconds
[2025-10-15T17:21:52.746+0000] {processor.py:161} INFO - Started process (PID=322) to work on /home/airflow/.local/lib/python3.12/site-packages/airflow/example_dags/example_branch_operator_decorator.py
[2025-10-15T17:21:52.747+0000] {processor.py:830} INFO - Processing file /home/airflow/.local/lib/python3.12/site-packages/airflow/example_dags/example_branch_operator_decorator.py for tasks to queue
[2025-10-15T17:21:52.751+0000] {logging_mixin.py:188} INFO - [2025-10-15T17:21:52.750+0000] {dagbag.py:545} INFO - Filling up the DagBag from /home/airflow/.local/lib/python3.12/site-packages/airflow/example_dags/example_branch_operator_decorator.py
[2025-10-15T17:21:52.777+0000] {processor.py:840} INFO - DAG(s) 'example_branch_python_operator_decorator' retrieved from /home/airflow/.local/lib/python3.12/site-packages/airflow/example_dags/example_branch_operator_decorator.py
[2025-10-15T17:21:52.803+0000] {logging_mixin.py:188} INFO - [2025-10-15T17:21:52.803+0000] {dag.py:3089} INFO - Sync 1 DAGs
[2025-10-15T17:21:52.819+0000] {logging_mixin.py:188} INFO - [2025-10-15T17:21:52.819+0000] {dag.py:3947} INFO - Setting next_dagrun for example_branch_python_operator_decorator to 2025-10-14 00:00:00+00:00, run_after=2025-10-15 00:00:00+00:00
[2025-10-15T17:21:52.840+0000] {processor.py:183} INFO - Processing /home/airflow/.local/lib/python3.12/site-packages/airflow/example_dags/example_branch_operator_decorator.py took 0.099 seconds
[2025-10-15T17:22:23.671+0000] {processor.py:161} INFO - Started process (PID=380) to work on /home/airflow/.local/lib/python3.12/site-packages/airflow/example_dags/example_branch_operator_decorator.py
[2025-10-15T17:22:23.672+0000] {processor.py:830} INFO - Processing file /home/airflow/.local/lib/python3.12/site-packages/airflow/example_dags/example_branch_operator_decorator.py for tasks to queue
[2025-10-15T17:22:23.673+0000] {logging_mixin.py:188} INFO - [2025-10-15T17:22:23.673+0000] {dagbag.py:545} INFO - Filling up the DagBag from /home/airflow/.local/lib/python3.12/site-packages/airflow/example_dags/example_branch_operator_decorator.py
[2025-10-15T17:22:23.689+0000] {processor.py:840} INFO - DAG(s) 'example_branch_python_operator_decorator' retrieved from /home/airflow/.local/lib/python3.12/site-packages/airflow/example_dags/example_branch_operator_decorator.py
[2025-10-15T17:22:23.706+0000] {logging_mixin.py:188} INFO - [2025-10-15T17:22:23.705+0000] {dag.py:3089} INFO - Sync 1 DAGs
[2025-10-15T17:22:23.720+0000] {logging_mixin.py:188} INFO - [2025-10-15T17:22:23.720+0000] {dag.py:3947} INFO - Setting next_dagrun for example_branch_python_operator_decorator to 2025-10-14 00:00:00+00:00, run_after=2025-10-15 00:00:00+00:00
[2025-10-15T17:22:23.733+0000] {processor.py:183} INFO - Processing /home/airflow/.local/lib/python3.12/site-packages/airflow/example_dags/example_branch_operator_decorator.py took 0.066 seconds
[2025-10-15T17:22:53.938+0000] {processor.py:161} INFO - Started process (PID=438) to work on /home/airflow/.local/lib/python3.12/site-packages/airflow/example_dags/example_branch_operator_decorator.py
[2025-10-15T17:22:53.938+0000] {processor.py:830} INFO - Processing file /home/airflow/.local/lib/python3.12/site-packages/airflow/example_dags/example_branch_operator_decorator.py for tasks to queue
[2025-10-15T17:22:53.940+0000] {logging_mixin.py:188} INFO - [2025-10-15T17:22:53.940+0000] {dagbag.py:545} INFO - Filling up the DagBag from /home/airflow/.local/lib/python3.12/site-packages/airflow/example_dags/example_branch_operator_decorator.py
[2025-10-15T17:22:53.960+0000] {processor.py:840} INFO - DAG(s) 'example_branch_python_operator_decorator' retrieved from /home/airflow/.local/lib/python3.12/site-packages/airflow/example_dags/example_branch_operator_decorator.py
[2025-10-15T17:22:53.989+0000] {logging_mixin.py:188} INFO - [2025-10-15T17:22:53.989+0000] {dag.py:3089} INFO - Sync 1 DAGs
[2025-10-15T17:22:54.016+0000] {logging_mixin.py:188} INFO - [2025-10-15T17:22:54.016+0000] {dag.py:3947} INFO - Setting next_dagrun for example_branch_python_operator_decorator to 2025-10-14 00:00:00+00:00, run_after=2025-10-15 00:00:00+00:00
[2025-10-15T17:22:54.040+0000] {processor.py:183} INFO - Processing /home/airflow/.local/lib/python3.12/site-packages/airflow/example_dags/example_branch_operator_decorator.py took 0.110 seconds
[2025-10-15T17:23:24.911+0000] {processor.py:161} INFO - Started process (PID=496) to work on /home/airflow/.local/lib/python3.12/site-packages/airflow/example_dags/example_branch_operator_decorator.py
[2025-10-15T17:23:24.912+0000] {processor.py:830} INFO - Processing file /home/airflow/.local/lib/python3.12/site-packages/airflow/example_dags/example_branch_operator_decorator.py for tasks to queue
[2025-10-15T17:23:24.913+0000] {logging_mixin.py:188} INFO - [2025-10-15T17:23:24.913+0000] {dagbag.py:545} INFO - Filling up the DagBag from /home/airflow/.local/lib/python3.12/site-packages/airflow/example_dags/example_branch_operator_decorator.py
[2025-10-15T17:23:24.925+0000] {processor.py:840} INFO - DAG(s) 'example_branch_python_operator_decorator' retrieved from /home/airflow/.local/lib/python3.12/site-packages/airflow/example_dags/example_branch_operator_decorator.py
[2025-10-15T17:23:24.941+0000] {logging_mixin.py:188} INFO - [2025-10-15T17:23:24.941+0000] {dag.py:3089} INFO - Sync 1 DAGs
[2025-10-15T17:23:24.954+0000] {logging_mixin.py:188} INFO - [2025-10-15T17:23:24.954+0000] {dag.py:3947} INFO - Setting next_dagrun for example_branch_python_operator_decorator to 2025-10-14 00:00:00+00:00, run_after=2025-10-15 00:00:00+00:00
[2025-10-15T17:23:24.975+0000] {processor.py:183} INFO - Processing /home/airflow/.local/lib/python3.12/site-packages/airflow/example_dags/example_branch_operator_decorator.py took 0.067 seconds
[2025-10-15T17:23:55.312+0000] {processor.py:161} INFO - Started process (PID=554) to work on /home/airflow/.local/lib/python3.12/site-packages/airflow/example_dags/example_branch_operator_decorator.py
[2025-10-15T17:23:55.313+0000] {processor.py:830} INFO - Processing file /home/airflow/.local/lib/python3.12/site-packages/airflow/example_dags/example_branch_operator_decorator.py for tasks to queue
[2025-10-15T17:23:55.314+0000] {logging_mixin.py:188} INFO - [2025-10-15T17:23:55.313+0000] {dagbag.py:545} INFO - Filling up the DagBag from /home/airflow/.local/lib/python3.12/site-packages/airflow/example_dags/example_branch_operator_decorator.py
[2025-10-15T17:23:55.327+0000] {processor.py:840} INFO - DAG(s) 'example_branch_python_operator_decorator' retrieved from /home/airflow/.local/lib/python3.12/site-packages/airflow/example_dags/example_branch_operator_decorator.py
[2025-10-15T17:23:55.350+0000] {logging_mixin.py:188} INFO - [2025-10-15T17:23:55.350+0000] {dag.py:3089} INFO - Sync 1 DAGs
[2025-10-15T17:23:55.366+0000] {logging_mixin.py:188} INFO - [2025-10-15T17:23:55.366+0000] {dag.py:3947} INFO - Setting next_dagrun for example_branch_python_operator_decorator to 2025-10-14 00:00:00+00:00, run_after=2025-10-15 00:00:00+00:00
[2025-10-15T17:23:55.383+0000] {processor.py:183} INFO - Processing /home/airflow/.local/lib/python3.12/site-packages/airflow/example_dags/example_branch_operator_decorator.py took 0.075 seconds
[2025-10-15T17:24:26.078+0000] {processor.py:161} INFO - Started process (PID=612) to work on /home/airflow/.local/lib/python3.12/site-packages/airflow/example_dags/example_branch_operator_decorator.py
[2025-10-15T17:24:26.080+0000] {processor.py:830} INFO - Processing file /home/airflow/.local/lib/python3.12/site-packages/airflow/example_dags/example_branch_operator_decorator.py for tasks to queue
[2025-10-15T17:24:26.081+0000] {logging_mixin.py:188} INFO - [2025-10-15T17:24:26.081+0000] {dagbag.py:545} INFO - Filling up the DagBag from /home/airflow/.local/lib/python3.12/site-packages/airflow/example_dags/example_branch_operator_decorator.py
[2025-10-15T17:24:26.093+0000] {processor.py:840} INFO - DAG(s) 'example_branch_python_operator_decorator' retrieved from /home/airflow/.local/lib/python3.12/site-packages/airflow/example_dags/example_branch_operator_decorator.py
[2025-10-15T17:24:26.111+0000] {logging_mixin.py:188} INFO - [2025-10-15T17:24:26.111+0000] {dag.py:3089} INFO - Sync 1 DAGs
[2025-10-15T17:24:26.132+0000] {logging_mixin.py:188} INFO - [2025-10-15T17:24:26.132+0000] {dag.py:3947} INFO - Setting next_dagrun for example_branch_python_operator_decorator to 2025-10-14 00:00:00+00:00, run_after=2025-10-15 00:00:00+00:00
[2025-10-15T17:24:26.156+0000] {processor.py:183} INFO - Processing /home/airflow/.local/lib/python3.12/site-packages/airflow/example_dags/example_branch_operator_decorator.py took 0.081 seconds
