[2025-10-15T17:08:09.921+0000] {processor.py:161} INFO - Started process (PID=87) to work on /home/airflow/.local/lib/python3.12/site-packages/airflow/example_dags/example_branch_operator.py
[2025-10-15T17:08:09.922+0000] {processor.py:830} INFO - Processing file /home/airflow/.local/lib/python3.12/site-packages/airflow/example_dags/example_branch_operator.py for tasks to queue
[2025-10-15T17:08:09.925+0000] {logging_mixin.py:188} INFO - [2025-10-15T17:08:09.925+0000] {dagbag.py:545} INFO - Filling up the DagBag from /home/airflow/.local/lib/python3.12/site-packages/airflow/example_dags/example_branch_operator.py
[2025-10-15T17:08:09.954+0000] {processor.py:840} INFO - DAG(s) 'example_branch_operator' retrieved from /home/airflow/.local/lib/python3.12/site-packages/airflow/example_dags/example_branch_operator.py
[2025-10-15T17:08:10.117+0000] {logging_mixin.py:188} INFO - [2025-10-15T17:08:10.116+0000] {override.py:1858} INFO - Created Permission View: can edit on DAG:example_branch_operator
[2025-10-15T17:08:10.135+0000] {logging_mixin.py:188} INFO - [2025-10-15T17:08:10.134+0000] {override.py:1858} INFO - Created Permission View: can delete on DAG:example_branch_operator
[2025-10-15T17:08:10.150+0000] {logging_mixin.py:188} INFO - [2025-10-15T17:08:10.150+0000] {override.py:1858} INFO - Created Permission View: can read on DAG:example_branch_operator
[2025-10-15T17:08:10.151+0000] {logging_mixin.py:188} INFO - [2025-10-15T17:08:10.151+0000] {dag.py:3089} INFO - Sync 1 DAGs
[2025-10-15T17:08:10.167+0000] {logging_mixin.py:188} INFO - [2025-10-15T17:08:10.167+0000] {dag.py:3111} INFO - Creating ORM DAG for example_branch_operator
[2025-10-15T17:08:10.185+0000] {logging_mixin.py:188} INFO - [2025-10-15T17:08:10.185+0000] {dag.py:3947} INFO - Setting next_dagrun for example_branch_operator to 2025-10-14 00:00:00+00:00, run_after=2025-10-15 00:00:00+00:00
[2025-10-15T17:08:10.208+0000] {processor.py:183} INFO - Processing /home/airflow/.local/lib/python3.12/site-packages/airflow/example_dags/example_branch_operator.py took 0.294 seconds
[2025-10-15T17:08:40.242+0000] {processor.py:161} INFO - Started process (PID=145) to work on /home/airflow/.local/lib/python3.12/site-packages/airflow/example_dags/example_branch_operator.py
[2025-10-15T17:08:40.243+0000] {processor.py:830} INFO - Processing file /home/airflow/.local/lib/python3.12/site-packages/airflow/example_dags/example_branch_operator.py for tasks to queue
[2025-10-15T17:08:40.244+0000] {logging_mixin.py:188} INFO - [2025-10-15T17:08:40.244+0000] {dagbag.py:545} INFO - Filling up the DagBag from /home/airflow/.local/lib/python3.12/site-packages/airflow/example_dags/example_branch_operator.py
[2025-10-15T17:08:40.254+0000] {processor.py:840} INFO - DAG(s) 'example_branch_operator' retrieved from /home/airflow/.local/lib/python3.12/site-packages/airflow/example_dags/example_branch_operator.py
[2025-10-15T17:08:40.272+0000] {logging_mixin.py:188} INFO - [2025-10-15T17:08:40.271+0000] {dag.py:3089} INFO - Sync 1 DAGs
[2025-10-15T17:08:40.288+0000] {logging_mixin.py:188} INFO - [2025-10-15T17:08:40.288+0000] {dag.py:3947} INFO - Setting next_dagrun for example_branch_operator to 2025-10-14 00:00:00+00:00, run_after=2025-10-15 00:00:00+00:00
[2025-10-15T17:08:40.308+0000] {processor.py:183} INFO - Processing /home/airflow/.local/lib/python3.12/site-packages/airflow/example_dags/example_branch_operator.py took 0.069 seconds
[2025-10-15T17:09:11.314+0000] {processor.py:161} INFO - Started process (PID=203) to work on /home/airflow/.local/lib/python3.12/site-packages/airflow/example_dags/example_branch_operator.py
[2025-10-15T17:09:11.316+0000] {processor.py:830} INFO - Processing file /home/airflow/.local/lib/python3.12/site-packages/airflow/example_dags/example_branch_operator.py for tasks to queue
[2025-10-15T17:09:11.320+0000] {logging_mixin.py:188} INFO - [2025-10-15T17:09:11.320+0000] {dagbag.py:545} INFO - Filling up the DagBag from /home/airflow/.local/lib/python3.12/site-packages/airflow/example_dags/example_branch_operator.py
[2025-10-15T17:09:11.347+0000] {processor.py:840} INFO - DAG(s) 'example_branch_operator' retrieved from /home/airflow/.local/lib/python3.12/site-packages/airflow/example_dags/example_branch_operator.py
[2025-10-15T17:09:11.380+0000] {logging_mixin.py:188} INFO - [2025-10-15T17:09:11.380+0000] {dag.py:3089} INFO - Sync 1 DAGs
[2025-10-15T17:09:11.398+0000] {logging_mixin.py:188} INFO - [2025-10-15T17:09:11.398+0000] {dag.py:3947} INFO - Setting next_dagrun for example_branch_operator to 2025-10-14 00:00:00+00:00, run_after=2025-10-15 00:00:00+00:00
[2025-10-15T17:09:11.412+0000] {processor.py:183} INFO - Processing /home/airflow/.local/lib/python3.12/site-packages/airflow/example_dags/example_branch_operator.py took 0.105 seconds
[2025-10-15T17:09:41.874+0000] {processor.py:161} INFO - Started process (PID=261) to work on /home/airflow/.local/lib/python3.12/site-packages/airflow/example_dags/example_branch_operator.py
[2025-10-15T17:09:41.874+0000] {processor.py:830} INFO - Processing file /home/airflow/.local/lib/python3.12/site-packages/airflow/example_dags/example_branch_operator.py for tasks to queue
[2025-10-15T17:09:41.877+0000] {logging_mixin.py:188} INFO - [2025-10-15T17:09:41.877+0000] {dagbag.py:545} INFO - Filling up the DagBag from /home/airflow/.local/lib/python3.12/site-packages/airflow/example_dags/example_branch_operator.py
[2025-10-15T17:09:41.891+0000] {processor.py:840} INFO - DAG(s) 'example_branch_operator' retrieved from /home/airflow/.local/lib/python3.12/site-packages/airflow/example_dags/example_branch_operator.py
[2025-10-15T17:09:41.915+0000] {logging_mixin.py:188} INFO - [2025-10-15T17:09:41.914+0000] {dag.py:3089} INFO - Sync 1 DAGs
[2025-10-15T17:09:41.938+0000] {logging_mixin.py:188} INFO - [2025-10-15T17:09:41.938+0000] {dag.py:3947} INFO - Setting next_dagrun for example_branch_operator to 2025-10-14 00:00:00+00:00, run_after=2025-10-15 00:00:00+00:00
[2025-10-15T17:09:41.968+0000] {processor.py:183} INFO - Processing /home/airflow/.local/lib/python3.12/site-packages/airflow/example_dags/example_branch_operator.py took 0.100 seconds
[2025-10-15T17:10:12.598+0000] {processor.py:161} INFO - Started process (PID=319) to work on /home/airflow/.local/lib/python3.12/site-packages/airflow/example_dags/example_branch_operator.py
[2025-10-15T17:10:12.599+0000] {processor.py:830} INFO - Processing file /home/airflow/.local/lib/python3.12/site-packages/airflow/example_dags/example_branch_operator.py for tasks to queue
[2025-10-15T17:10:12.602+0000] {logging_mixin.py:188} INFO - [2025-10-15T17:10:12.602+0000] {dagbag.py:545} INFO - Filling up the DagBag from /home/airflow/.local/lib/python3.12/site-packages/airflow/example_dags/example_branch_operator.py
[2025-10-15T17:10:12.620+0000] {processor.py:840} INFO - DAG(s) 'example_branch_operator' retrieved from /home/airflow/.local/lib/python3.12/site-packages/airflow/example_dags/example_branch_operator.py
[2025-10-15T17:10:12.650+0000] {logging_mixin.py:188} INFO - [2025-10-15T17:10:12.650+0000] {dag.py:3089} INFO - Sync 1 DAGs
[2025-10-15T17:10:12.665+0000] {logging_mixin.py:188} INFO - [2025-10-15T17:10:12.665+0000] {dag.py:3947} INFO - Setting next_dagrun for example_branch_operator to 2025-10-14 00:00:00+00:00, run_after=2025-10-15 00:00:00+00:00
[2025-10-15T17:10:12.689+0000] {processor.py:183} INFO - Processing /home/airflow/.local/lib/python3.12/site-packages/airflow/example_dags/example_branch_operator.py took 0.096 seconds
[2025-10-15T17:10:42.800+0000] {processor.py:161} INFO - Started process (PID=377) to work on /home/airflow/.local/lib/python3.12/site-packages/airflow/example_dags/example_branch_operator.py
[2025-10-15T17:10:42.801+0000] {processor.py:830} INFO - Processing file /home/airflow/.local/lib/python3.12/site-packages/airflow/example_dags/example_branch_operator.py for tasks to queue
[2025-10-15T17:10:42.802+0000] {logging_mixin.py:188} INFO - [2025-10-15T17:10:42.802+0000] {dagbag.py:545} INFO - Filling up the DagBag from /home/airflow/.local/lib/python3.12/site-packages/airflow/example_dags/example_branch_operator.py
[2025-10-15T17:10:42.814+0000] {processor.py:840} INFO - DAG(s) 'example_branch_operator' retrieved from /home/airflow/.local/lib/python3.12/site-packages/airflow/example_dags/example_branch_operator.py
[2025-10-15T17:10:42.838+0000] {logging_mixin.py:188} INFO - [2025-10-15T17:10:42.838+0000] {dag.py:3089} INFO - Sync 1 DAGs
[2025-10-15T17:10:42.852+0000] {logging_mixin.py:188} INFO - [2025-10-15T17:10:42.851+0000] {dag.py:3947} INFO - Setting next_dagrun for example_branch_operator to 2025-10-14 00:00:00+00:00, run_after=2025-10-15 00:00:00+00:00
[2025-10-15T17:10:42.865+0000] {processor.py:183} INFO - Processing /home/airflow/.local/lib/python3.12/site-packages/airflow/example_dags/example_branch_operator.py took 0.069 seconds
[2025-10-15T17:11:13.134+0000] {processor.py:161} INFO - Started process (PID=435) to work on /home/airflow/.local/lib/python3.12/site-packages/airflow/example_dags/example_branch_operator.py
[2025-10-15T17:11:13.135+0000] {processor.py:830} INFO - Processing file /home/airflow/.local/lib/python3.12/site-packages/airflow/example_dags/example_branch_operator.py for tasks to queue
[2025-10-15T17:11:13.138+0000] {logging_mixin.py:188} INFO - [2025-10-15T17:11:13.138+0000] {dagbag.py:545} INFO - Filling up the DagBag from /home/airflow/.local/lib/python3.12/site-packages/airflow/example_dags/example_branch_operator.py
[2025-10-15T17:11:13.151+0000] {processor.py:840} INFO - DAG(s) 'example_branch_operator' retrieved from /home/airflow/.local/lib/python3.12/site-packages/airflow/example_dags/example_branch_operator.py
[2025-10-15T17:11:13.175+0000] {logging_mixin.py:188} INFO - [2025-10-15T17:11:13.173+0000] {dag.py:3089} INFO - Sync 1 DAGs
[2025-10-15T17:11:13.193+0000] {logging_mixin.py:188} INFO - [2025-10-15T17:11:13.193+0000] {dag.py:3947} INFO - Setting next_dagrun for example_branch_operator to 2025-10-14 00:00:00+00:00, run_after=2025-10-15 00:00:00+00:00
[2025-10-15T17:11:13.206+0000] {processor.py:183} INFO - Processing /home/airflow/.local/lib/python3.12/site-packages/airflow/example_dags/example_branch_operator.py took 0.075 seconds
[2025-10-15T17:11:43.635+0000] {processor.py:161} INFO - Started process (PID=493) to work on /home/airflow/.local/lib/python3.12/site-packages/airflow/example_dags/example_branch_operator.py
[2025-10-15T17:11:43.636+0000] {processor.py:830} INFO - Processing file /home/airflow/.local/lib/python3.12/site-packages/airflow/example_dags/example_branch_operator.py for tasks to queue
[2025-10-15T17:11:43.637+0000] {logging_mixin.py:188} INFO - [2025-10-15T17:11:43.637+0000] {dagbag.py:545} INFO - Filling up the DagBag from /home/airflow/.local/lib/python3.12/site-packages/airflow/example_dags/example_branch_operator.py
[2025-10-15T17:11:43.650+0000] {processor.py:840} INFO - DAG(s) 'example_branch_operator' retrieved from /home/airflow/.local/lib/python3.12/site-packages/airflow/example_dags/example_branch_operator.py
[2025-10-15T17:11:43.679+0000] {logging_mixin.py:188} INFO - [2025-10-15T17:11:43.678+0000] {dag.py:3089} INFO - Sync 1 DAGs
[2025-10-15T17:11:43.701+0000] {logging_mixin.py:188} INFO - [2025-10-15T17:11:43.700+0000] {dag.py:3947} INFO - Setting next_dagrun for example_branch_operator to 2025-10-14 00:00:00+00:00, run_after=2025-10-15 00:00:00+00:00
[2025-10-15T17:11:43.719+0000] {processor.py:183} INFO - Processing /home/airflow/.local/lib/python3.12/site-packages/airflow/example_dags/example_branch_operator.py took 0.088 seconds
[2025-10-15T17:12:13.944+0000] {processor.py:161} INFO - Started process (PID=551) to work on /home/airflow/.local/lib/python3.12/site-packages/airflow/example_dags/example_branch_operator.py
[2025-10-15T17:12:13.945+0000] {processor.py:830} INFO - Processing file /home/airflow/.local/lib/python3.12/site-packages/airflow/example_dags/example_branch_operator.py for tasks to queue
[2025-10-15T17:12:13.946+0000] {logging_mixin.py:188} INFO - [2025-10-15T17:12:13.946+0000] {dagbag.py:545} INFO - Filling up the DagBag from /home/airflow/.local/lib/python3.12/site-packages/airflow/example_dags/example_branch_operator.py
[2025-10-15T17:12:13.960+0000] {processor.py:840} INFO - DAG(s) 'example_branch_operator' retrieved from /home/airflow/.local/lib/python3.12/site-packages/airflow/example_dags/example_branch_operator.py
[2025-10-15T17:12:13.985+0000] {logging_mixin.py:188} INFO - [2025-10-15T17:12:13.984+0000] {dag.py:3089} INFO - Sync 1 DAGs
[2025-10-15T17:12:14.003+0000] {logging_mixin.py:188} INFO - [2025-10-15T17:12:14.002+0000] {dag.py:3947} INFO - Setting next_dagrun for example_branch_operator to 2025-10-14 00:00:00+00:00, run_after=2025-10-15 00:00:00+00:00
[2025-10-15T17:12:14.019+0000] {processor.py:183} INFO - Processing /home/airflow/.local/lib/python3.12/site-packages/airflow/example_dags/example_branch_operator.py took 0.079 seconds
[2025-10-15T17:12:44.531+0000] {processor.py:161} INFO - Started process (PID=609) to work on /home/airflow/.local/lib/python3.12/site-packages/airflow/example_dags/example_branch_operator.py
[2025-10-15T17:12:44.532+0000] {processor.py:830} INFO - Processing file /home/airflow/.local/lib/python3.12/site-packages/airflow/example_dags/example_branch_operator.py for tasks to queue
[2025-10-15T17:12:44.534+0000] {logging_mixin.py:188} INFO - [2025-10-15T17:12:44.534+0000] {dagbag.py:545} INFO - Filling up the DagBag from /home/airflow/.local/lib/python3.12/site-packages/airflow/example_dags/example_branch_operator.py
[2025-10-15T17:12:44.545+0000] {processor.py:840} INFO - DAG(s) 'example_branch_operator' retrieved from /home/airflow/.local/lib/python3.12/site-packages/airflow/example_dags/example_branch_operator.py
[2025-10-15T17:12:44.566+0000] {logging_mixin.py:188} INFO - [2025-10-15T17:12:44.566+0000] {dag.py:3089} INFO - Sync 1 DAGs
[2025-10-15T17:12:44.589+0000] {logging_mixin.py:188} INFO - [2025-10-15T17:12:44.589+0000] {dag.py:3947} INFO - Setting next_dagrun for example_branch_operator to 2025-10-14 00:00:00+00:00, run_after=2025-10-15 00:00:00+00:00
[2025-10-15T17:12:44.604+0000] {processor.py:183} INFO - Processing /home/airflow/.local/lib/python3.12/site-packages/airflow/example_dags/example_branch_operator.py took 0.077 seconds
[2025-10-15T17:13:14.778+0000] {processor.py:161} INFO - Started process (PID=666) to work on /home/airflow/.local/lib/python3.12/site-packages/airflow/example_dags/example_branch_operator.py
[2025-10-15T17:13:14.781+0000] {processor.py:830} INFO - Processing file /home/airflow/.local/lib/python3.12/site-packages/airflow/example_dags/example_branch_operator.py for tasks to queue
[2025-10-15T17:13:14.782+0000] {logging_mixin.py:188} INFO - [2025-10-15T17:13:14.782+0000] {dagbag.py:545} INFO - Filling up the DagBag from /home/airflow/.local/lib/python3.12/site-packages/airflow/example_dags/example_branch_operator.py
[2025-10-15T17:13:14.792+0000] {processor.py:840} INFO - DAG(s) 'example_branch_operator' retrieved from /home/airflow/.local/lib/python3.12/site-packages/airflow/example_dags/example_branch_operator.py
[2025-10-15T17:13:14.810+0000] {logging_mixin.py:188} INFO - [2025-10-15T17:13:14.810+0000] {dag.py:3089} INFO - Sync 1 DAGs
[2025-10-15T17:13:14.824+0000] {logging_mixin.py:188} INFO - [2025-10-15T17:13:14.824+0000] {dag.py:3947} INFO - Setting next_dagrun for example_branch_operator to 2025-10-14 00:00:00+00:00, run_after=2025-10-15 00:00:00+00:00
[2025-10-15T17:13:14.834+0000] {processor.py:183} INFO - Processing /home/airflow/.local/lib/python3.12/site-packages/airflow/example_dags/example_branch_operator.py took 0.059 seconds
[2025-10-15T17:13:45.871+0000] {processor.py:161} INFO - Started process (PID=725) to work on /home/airflow/.local/lib/python3.12/site-packages/airflow/example_dags/example_branch_operator.py
[2025-10-15T17:13:45.874+0000] {processor.py:830} INFO - Processing file /home/airflow/.local/lib/python3.12/site-packages/airflow/example_dags/example_branch_operator.py for tasks to queue
[2025-10-15T17:13:45.876+0000] {logging_mixin.py:188} INFO - [2025-10-15T17:13:45.875+0000] {dagbag.py:545} INFO - Filling up the DagBag from /home/airflow/.local/lib/python3.12/site-packages/airflow/example_dags/example_branch_operator.py
[2025-10-15T17:13:45.888+0000] {processor.py:840} INFO - DAG(s) 'example_branch_operator' retrieved from /home/airflow/.local/lib/python3.12/site-packages/airflow/example_dags/example_branch_operator.py
[2025-10-15T17:13:45.905+0000] {logging_mixin.py:188} INFO - [2025-10-15T17:13:45.904+0000] {dag.py:3089} INFO - Sync 1 DAGs
[2025-10-15T17:13:45.917+0000] {logging_mixin.py:188} INFO - [2025-10-15T17:13:45.917+0000] {dag.py:3947} INFO - Setting next_dagrun for example_branch_operator to 2025-10-14 00:00:00+00:00, run_after=2025-10-15 00:00:00+00:00
[2025-10-15T17:13:45.927+0000] {processor.py:183} INFO - Processing /home/airflow/.local/lib/python3.12/site-packages/airflow/example_dags/example_branch_operator.py took 0.061 seconds
[2025-10-15T17:14:16.274+0000] {processor.py:161} INFO - Started process (PID=783) to work on /home/airflow/.local/lib/python3.12/site-packages/airflow/example_dags/example_branch_operator.py
[2025-10-15T17:14:16.276+0000] {processor.py:830} INFO - Processing file /home/airflow/.local/lib/python3.12/site-packages/airflow/example_dags/example_branch_operator.py for tasks to queue
[2025-10-15T17:14:16.277+0000] {logging_mixin.py:188} INFO - [2025-10-15T17:14:16.277+0000] {dagbag.py:545} INFO - Filling up the DagBag from /home/airflow/.local/lib/python3.12/site-packages/airflow/example_dags/example_branch_operator.py
[2025-10-15T17:14:16.287+0000] {processor.py:840} INFO - DAG(s) 'example_branch_operator' retrieved from /home/airflow/.local/lib/python3.12/site-packages/airflow/example_dags/example_branch_operator.py
[2025-10-15T17:14:16.303+0000] {logging_mixin.py:188} INFO - [2025-10-15T17:14:16.303+0000] {dag.py:3089} INFO - Sync 1 DAGs
[2025-10-15T17:14:16.316+0000] {logging_mixin.py:188} INFO - [2025-10-15T17:14:16.316+0000] {dag.py:3947} INFO - Setting next_dagrun for example_branch_operator to 2025-10-14 00:00:00+00:00, run_after=2025-10-15 00:00:00+00:00
[2025-10-15T17:14:16.327+0000] {processor.py:183} INFO - Processing /home/airflow/.local/lib/python3.12/site-packages/airflow/example_dags/example_branch_operator.py took 0.057 seconds
[2025-10-15T17:14:46.613+0000] {processor.py:161} INFO - Started process (PID=841) to work on /home/airflow/.local/lib/python3.12/site-packages/airflow/example_dags/example_branch_operator.py
[2025-10-15T17:14:46.613+0000] {processor.py:830} INFO - Processing file /home/airflow/.local/lib/python3.12/site-packages/airflow/example_dags/example_branch_operator.py for tasks to queue
[2025-10-15T17:14:46.615+0000] {logging_mixin.py:188} INFO - [2025-10-15T17:14:46.614+0000] {dagbag.py:545} INFO - Filling up the DagBag from /home/airflow/.local/lib/python3.12/site-packages/airflow/example_dags/example_branch_operator.py
[2025-10-15T17:14:46.624+0000] {processor.py:840} INFO - DAG(s) 'example_branch_operator' retrieved from /home/airflow/.local/lib/python3.12/site-packages/airflow/example_dags/example_branch_operator.py
[2025-10-15T17:14:46.640+0000] {logging_mixin.py:188} INFO - [2025-10-15T17:14:46.640+0000] {dag.py:3089} INFO - Sync 1 DAGs
[2025-10-15T17:14:46.653+0000] {logging_mixin.py:188} INFO - [2025-10-15T17:14:46.652+0000] {dag.py:3947} INFO - Setting next_dagrun for example_branch_operator to 2025-10-14 00:00:00+00:00, run_after=2025-10-15 00:00:00+00:00
[2025-10-15T17:14:46.662+0000] {processor.py:183} INFO - Processing /home/airflow/.local/lib/python3.12/site-packages/airflow/example_dags/example_branch_operator.py took 0.053 seconds
[2025-10-15T17:15:16.879+0000] {processor.py:161} INFO - Started process (PID=899) to work on /home/airflow/.local/lib/python3.12/site-packages/airflow/example_dags/example_branch_operator.py
[2025-10-15T17:15:16.879+0000] {processor.py:830} INFO - Processing file /home/airflow/.local/lib/python3.12/site-packages/airflow/example_dags/example_branch_operator.py for tasks to queue
[2025-10-15T17:15:16.881+0000] {logging_mixin.py:188} INFO - [2025-10-15T17:15:16.880+0000] {dagbag.py:545} INFO - Filling up the DagBag from /home/airflow/.local/lib/python3.12/site-packages/airflow/example_dags/example_branch_operator.py
[2025-10-15T17:15:16.890+0000] {processor.py:840} INFO - DAG(s) 'example_branch_operator' retrieved from /home/airflow/.local/lib/python3.12/site-packages/airflow/example_dags/example_branch_operator.py
[2025-10-15T17:15:16.906+0000] {logging_mixin.py:188} INFO - [2025-10-15T17:15:16.906+0000] {dag.py:3089} INFO - Sync 1 DAGs
[2025-10-15T17:15:16.918+0000] {logging_mixin.py:188} INFO - [2025-10-15T17:15:16.918+0000] {dag.py:3947} INFO - Setting next_dagrun for example_branch_operator to 2025-10-14 00:00:00+00:00, run_after=2025-10-15 00:00:00+00:00
[2025-10-15T17:15:16.929+0000] {processor.py:183} INFO - Processing /home/airflow/.local/lib/python3.12/site-packages/airflow/example_dags/example_branch_operator.py took 0.053 seconds
[2025-10-15T17:19:48.120+0000] {processor.py:161} INFO - Started process (PID=82) to work on /home/airflow/.local/lib/python3.12/site-packages/airflow/example_dags/example_branch_operator.py
[2025-10-15T17:19:48.124+0000] {processor.py:830} INFO - Processing file /home/airflow/.local/lib/python3.12/site-packages/airflow/example_dags/example_branch_operator.py for tasks to queue
[2025-10-15T17:19:48.126+0000] {logging_mixin.py:188} INFO - [2025-10-15T17:19:48.125+0000] {dagbag.py:545} INFO - Filling up the DagBag from /home/airflow/.local/lib/python3.12/site-packages/airflow/example_dags/example_branch_operator.py
[2025-10-15T17:19:48.147+0000] {processor.py:840} INFO - DAG(s) 'example_branch_operator' retrieved from /home/airflow/.local/lib/python3.12/site-packages/airflow/example_dags/example_branch_operator.py
[2025-10-15T17:19:48.267+0000] {logging_mixin.py:188} INFO - [2025-10-15T17:19:48.267+0000] {dag.py:3089} INFO - Sync 1 DAGs
[2025-10-15T17:19:48.294+0000] {logging_mixin.py:188} INFO - [2025-10-15T17:19:48.294+0000] {dag.py:3947} INFO - Setting next_dagrun for example_branch_operator to 2025-10-14 00:00:00+00:00, run_after=2025-10-15 00:00:00+00:00
[2025-10-15T17:19:48.309+0000] {processor.py:183} INFO - Processing /home/airflow/.local/lib/python3.12/site-packages/airflow/example_dags/example_branch_operator.py took 0.194 seconds
[2025-10-15T17:20:19.531+0000] {processor.py:161} INFO - Started process (PID=140) to work on /home/airflow/.local/lib/python3.12/site-packages/airflow/example_dags/example_branch_operator.py
[2025-10-15T17:20:19.533+0000] {processor.py:830} INFO - Processing file /home/airflow/.local/lib/python3.12/site-packages/airflow/example_dags/example_branch_operator.py for tasks to queue
[2025-10-15T17:20:19.536+0000] {logging_mixin.py:188} INFO - [2025-10-15T17:20:19.535+0000] {dagbag.py:545} INFO - Filling up the DagBag from /home/airflow/.local/lib/python3.12/site-packages/airflow/example_dags/example_branch_operator.py
[2025-10-15T17:20:19.560+0000] {processor.py:840} INFO - DAG(s) 'example_branch_operator' retrieved from /home/airflow/.local/lib/python3.12/site-packages/airflow/example_dags/example_branch_operator.py
[2025-10-15T17:20:19.601+0000] {logging_mixin.py:188} INFO - [2025-10-15T17:20:19.601+0000] {dag.py:3089} INFO - Sync 1 DAGs
[2025-10-15T17:20:19.627+0000] {logging_mixin.py:188} INFO - [2025-10-15T17:20:19.626+0000] {dag.py:3947} INFO - Setting next_dagrun for example_branch_operator to 2025-10-14 00:00:00+00:00, run_after=2025-10-15 00:00:00+00:00
[2025-10-15T17:20:19.657+0000] {processor.py:183} INFO - Processing /home/airflow/.local/lib/python3.12/site-packages/airflow/example_dags/example_branch_operator.py took 0.134 seconds
[2025-10-15T17:20:50.365+0000] {processor.py:161} INFO - Started process (PID=198) to work on /home/airflow/.local/lib/python3.12/site-packages/airflow/example_dags/example_branch_operator.py
[2025-10-15T17:20:50.365+0000] {processor.py:830} INFO - Processing file /home/airflow/.local/lib/python3.12/site-packages/airflow/example_dags/example_branch_operator.py for tasks to queue
[2025-10-15T17:20:50.367+0000] {logging_mixin.py:188} INFO - [2025-10-15T17:20:50.367+0000] {dagbag.py:545} INFO - Filling up the DagBag from /home/airflow/.local/lib/python3.12/site-packages/airflow/example_dags/example_branch_operator.py
[2025-10-15T17:20:50.377+0000] {processor.py:840} INFO - DAG(s) 'example_branch_operator' retrieved from /home/airflow/.local/lib/python3.12/site-packages/airflow/example_dags/example_branch_operator.py
[2025-10-15T17:20:50.401+0000] {logging_mixin.py:188} INFO - [2025-10-15T17:20:50.400+0000] {dag.py:3089} INFO - Sync 1 DAGs
[2025-10-15T17:20:50.422+0000] {logging_mixin.py:188} INFO - [2025-10-15T17:20:50.422+0000] {dag.py:3947} INFO - Setting next_dagrun for example_branch_operator to 2025-10-14 00:00:00+00:00, run_after=2025-10-15 00:00:00+00:00
[2025-10-15T17:20:50.433+0000] {processor.py:183} INFO - Processing /home/airflow/.local/lib/python3.12/site-packages/airflow/example_dags/example_branch_operator.py took 0.074 seconds
[2025-10-15T17:21:21.229+0000] {processor.py:161} INFO - Started process (PID=256) to work on /home/airflow/.local/lib/python3.12/site-packages/airflow/example_dags/example_branch_operator.py
[2025-10-15T17:21:21.230+0000] {processor.py:830} INFO - Processing file /home/airflow/.local/lib/python3.12/site-packages/airflow/example_dags/example_branch_operator.py for tasks to queue
[2025-10-15T17:21:21.231+0000] {logging_mixin.py:188} INFO - [2025-10-15T17:21:21.231+0000] {dagbag.py:545} INFO - Filling up the DagBag from /home/airflow/.local/lib/python3.12/site-packages/airflow/example_dags/example_branch_operator.py
[2025-10-15T17:21:21.243+0000] {processor.py:840} INFO - DAG(s) 'example_branch_operator' retrieved from /home/airflow/.local/lib/python3.12/site-packages/airflow/example_dags/example_branch_operator.py
[2025-10-15T17:21:21.265+0000] {logging_mixin.py:188} INFO - [2025-10-15T17:21:21.265+0000] {dag.py:3089} INFO - Sync 1 DAGs
[2025-10-15T17:21:21.278+0000] {logging_mixin.py:188} INFO - [2025-10-15T17:21:21.278+0000] {dag.py:3947} INFO - Setting next_dagrun for example_branch_operator to 2025-10-14 00:00:00+00:00, run_after=2025-10-15 00:00:00+00:00
[2025-10-15T17:21:21.293+0000] {processor.py:183} INFO - Processing /home/airflow/.local/lib/python3.12/site-packages/airflow/example_dags/example_branch_operator.py took 0.070 seconds
[2025-10-15T17:21:52.253+0000] {processor.py:161} INFO - Started process (PID=314) to work on /home/airflow/.local/lib/python3.12/site-packages/airflow/example_dags/example_branch_operator.py
[2025-10-15T17:21:52.256+0000] {processor.py:830} INFO - Processing file /home/airflow/.local/lib/python3.12/site-packages/airflow/example_dags/example_branch_operator.py for tasks to queue
[2025-10-15T17:21:52.257+0000] {logging_mixin.py:188} INFO - [2025-10-15T17:21:52.257+0000] {dagbag.py:545} INFO - Filling up the DagBag from /home/airflow/.local/lib/python3.12/site-packages/airflow/example_dags/example_branch_operator.py
[2025-10-15T17:21:52.272+0000] {processor.py:840} INFO - DAG(s) 'example_branch_operator' retrieved from /home/airflow/.local/lib/python3.12/site-packages/airflow/example_dags/example_branch_operator.py
[2025-10-15T17:21:52.295+0000] {logging_mixin.py:188} INFO - [2025-10-15T17:21:52.295+0000] {dag.py:3089} INFO - Sync 1 DAGs
[2025-10-15T17:21:52.311+0000] {logging_mixin.py:188} INFO - [2025-10-15T17:21:52.311+0000] {dag.py:3947} INFO - Setting next_dagrun for example_branch_operator to 2025-10-14 00:00:00+00:00, run_after=2025-10-15 00:00:00+00:00
[2025-10-15T17:21:52.323+0000] {processor.py:183} INFO - Processing /home/airflow/.local/lib/python3.12/site-packages/airflow/example_dags/example_branch_operator.py took 0.075 seconds
[2025-10-15T17:22:23.318+0000] {processor.py:161} INFO - Started process (PID=372) to work on /home/airflow/.local/lib/python3.12/site-packages/airflow/example_dags/example_branch_operator.py
[2025-10-15T17:22:23.322+0000] {processor.py:830} INFO - Processing file /home/airflow/.local/lib/python3.12/site-packages/airflow/example_dags/example_branch_operator.py for tasks to queue
[2025-10-15T17:22:23.325+0000] {logging_mixin.py:188} INFO - [2025-10-15T17:22:23.325+0000] {dagbag.py:545} INFO - Filling up the DagBag from /home/airflow/.local/lib/python3.12/site-packages/airflow/example_dags/example_branch_operator.py
[2025-10-15T17:22:23.337+0000] {processor.py:840} INFO - DAG(s) 'example_branch_operator' retrieved from /home/airflow/.local/lib/python3.12/site-packages/airflow/example_dags/example_branch_operator.py
[2025-10-15T17:22:23.360+0000] {logging_mixin.py:188} INFO - [2025-10-15T17:22:23.360+0000] {dag.py:3089} INFO - Sync 1 DAGs
[2025-10-15T17:22:23.373+0000] {logging_mixin.py:188} INFO - [2025-10-15T17:22:23.373+0000] {dag.py:3947} INFO - Setting next_dagrun for example_branch_operator to 2025-10-14 00:00:00+00:00, run_after=2025-10-15 00:00:00+00:00
[2025-10-15T17:22:23.384+0000] {processor.py:183} INFO - Processing /home/airflow/.local/lib/python3.12/site-packages/airflow/example_dags/example_branch_operator.py took 0.070 seconds
[2025-10-15T17:22:53.487+0000] {processor.py:161} INFO - Started process (PID=429) to work on /home/airflow/.local/lib/python3.12/site-packages/airflow/example_dags/example_branch_operator.py
[2025-10-15T17:22:53.491+0000] {processor.py:830} INFO - Processing file /home/airflow/.local/lib/python3.12/site-packages/airflow/example_dags/example_branch_operator.py for tasks to queue
[2025-10-15T17:22:53.492+0000] {logging_mixin.py:188} INFO - [2025-10-15T17:22:53.492+0000] {dagbag.py:545} INFO - Filling up the DagBag from /home/airflow/.local/lib/python3.12/site-packages/airflow/example_dags/example_branch_operator.py
[2025-10-15T17:22:53.508+0000] {processor.py:840} INFO - DAG(s) 'example_branch_operator' retrieved from /home/airflow/.local/lib/python3.12/site-packages/airflow/example_dags/example_branch_operator.py
[2025-10-15T17:22:53.530+0000] {logging_mixin.py:188} INFO - [2025-10-15T17:22:53.530+0000] {dag.py:3089} INFO - Sync 1 DAGs
[2025-10-15T17:22:53.543+0000] {logging_mixin.py:188} INFO - [2025-10-15T17:22:53.543+0000] {dag.py:3947} INFO - Setting next_dagrun for example_branch_operator to 2025-10-14 00:00:00+00:00, run_after=2025-10-15 00:00:00+00:00
[2025-10-15T17:22:53.556+0000] {processor.py:183} INFO - Processing /home/airflow/.local/lib/python3.12/site-packages/airflow/example_dags/example_branch_operator.py took 0.075 seconds
[2025-10-15T17:23:24.540+0000] {processor.py:161} INFO - Started process (PID=488) to work on /home/airflow/.local/lib/python3.12/site-packages/airflow/example_dags/example_branch_operator.py
[2025-10-15T17:23:24.541+0000] {processor.py:830} INFO - Processing file /home/airflow/.local/lib/python3.12/site-packages/airflow/example_dags/example_branch_operator.py for tasks to queue
[2025-10-15T17:23:24.543+0000] {logging_mixin.py:188} INFO - [2025-10-15T17:23:24.543+0000] {dagbag.py:545} INFO - Filling up the DagBag from /home/airflow/.local/lib/python3.12/site-packages/airflow/example_dags/example_branch_operator.py
[2025-10-15T17:23:24.563+0000] {processor.py:840} INFO - DAG(s) 'example_branch_operator' retrieved from /home/airflow/.local/lib/python3.12/site-packages/airflow/example_dags/example_branch_operator.py
[2025-10-15T17:23:24.595+0000] {logging_mixin.py:188} INFO - [2025-10-15T17:23:24.595+0000] {dag.py:3089} INFO - Sync 1 DAGs
[2025-10-15T17:23:24.613+0000] {logging_mixin.py:188} INFO - [2025-10-15T17:23:24.613+0000] {dag.py:3947} INFO - Setting next_dagrun for example_branch_operator to 2025-10-14 00:00:00+00:00, run_after=2025-10-15 00:00:00+00:00
[2025-10-15T17:23:24.631+0000] {processor.py:183} INFO - Processing /home/airflow/.local/lib/python3.12/site-packages/airflow/example_dags/example_branch_operator.py took 0.096 seconds
[2025-10-15T17:23:54.858+0000] {processor.py:161} INFO - Started process (PID=546) to work on /home/airflow/.local/lib/python3.12/site-packages/airflow/example_dags/example_branch_operator.py
[2025-10-15T17:23:54.860+0000] {processor.py:830} INFO - Processing file /home/airflow/.local/lib/python3.12/site-packages/airflow/example_dags/example_branch_operator.py for tasks to queue
[2025-10-15T17:23:54.862+0000] {logging_mixin.py:188} INFO - [2025-10-15T17:23:54.862+0000] {dagbag.py:545} INFO - Filling up the DagBag from /home/airflow/.local/lib/python3.12/site-packages/airflow/example_dags/example_branch_operator.py
[2025-10-15T17:23:54.876+0000] {processor.py:840} INFO - DAG(s) 'example_branch_operator' retrieved from /home/airflow/.local/lib/python3.12/site-packages/airflow/example_dags/example_branch_operator.py
[2025-10-15T17:23:54.907+0000] {logging_mixin.py:188} INFO - [2025-10-15T17:23:54.907+0000] {dag.py:3089} INFO - Sync 1 DAGs
[2025-10-15T17:23:54.925+0000] {logging_mixin.py:188} INFO - [2025-10-15T17:23:54.924+0000] {dag.py:3947} INFO - Setting next_dagrun for example_branch_operator to 2025-10-14 00:00:00+00:00, run_after=2025-10-15 00:00:00+00:00
[2025-10-15T17:23:54.942+0000] {processor.py:183} INFO - Processing /home/airflow/.local/lib/python3.12/site-packages/airflow/example_dags/example_branch_operator.py took 0.088 seconds
[2025-10-15T17:24:25.686+0000] {processor.py:161} INFO - Started process (PID=604) to work on /home/airflow/.local/lib/python3.12/site-packages/airflow/example_dags/example_branch_operator.py
[2025-10-15T17:24:25.690+0000] {processor.py:830} INFO - Processing file /home/airflow/.local/lib/python3.12/site-packages/airflow/example_dags/example_branch_operator.py for tasks to queue
[2025-10-15T17:24:25.693+0000] {logging_mixin.py:188} INFO - [2025-10-15T17:24:25.693+0000] {dagbag.py:545} INFO - Filling up the DagBag from /home/airflow/.local/lib/python3.12/site-packages/airflow/example_dags/example_branch_operator.py
[2025-10-15T17:24:25.709+0000] {processor.py:840} INFO - DAG(s) 'example_branch_operator' retrieved from /home/airflow/.local/lib/python3.12/site-packages/airflow/example_dags/example_branch_operator.py
[2025-10-15T17:24:25.746+0000] {logging_mixin.py:188} INFO - [2025-10-15T17:24:25.745+0000] {dag.py:3089} INFO - Sync 1 DAGs
[2025-10-15T17:24:25.764+0000] {logging_mixin.py:188} INFO - [2025-10-15T17:24:25.763+0000] {dag.py:3947} INFO - Setting next_dagrun for example_branch_operator to 2025-10-14 00:00:00+00:00, run_after=2025-10-15 00:00:00+00:00
[2025-10-15T17:24:25.777+0000] {processor.py:183} INFO - Processing /home/airflow/.local/lib/python3.12/site-packages/airflow/example_dags/example_branch_operator.py took 0.097 seconds
