[2025-10-15T17:08:08.790+0000] {processor.py:161} INFO - Started process (PID=80) to work on /home/airflow/.local/lib/python3.12/site-packages/airflow/example_dags/example_kubernetes_executor.py
[2025-10-15T17:08:08.791+0000] {processor.py:830} INFO - Processing file /home/airflow/.local/lib/python3.12/site-packages/airflow/example_dags/example_kubernetes_executor.py for tasks to queue
[2025-10-15T17:08:08.793+0000] {logging_mixin.py:188} INFO - [2025-10-15T17:08:08.792+0000] {dagbag.py:545} INFO - Filling up the DagBag from /home/airflow/.local/lib/python3.12/site-packages/airflow/example_dags/example_kubernetes_executor.py
[2025-10-15T17:08:08.812+0000] {processor.py:840} INFO - DAG(s) 'example_kubernetes_executor' retrieved from /home/airflow/.local/lib/python3.12/site-packages/airflow/example_dags/example_kubernetes_executor.py
[2025-10-15T17:08:08.933+0000] {logging_mixin.py:188} INFO - [2025-10-15T17:08:08.933+0000] {override.py:1858} INFO - Created Permission View: can edit on DAG:example_kubernetes_executor
[2025-10-15T17:08:08.943+0000] {logging_mixin.py:188} INFO - [2025-10-15T17:08:08.942+0000] {override.py:1858} INFO - Created Permission View: can delete on DAG:example_kubernetes_executor
[2025-10-15T17:08:08.948+0000] {logging_mixin.py:188} INFO - [2025-10-15T17:08:08.948+0000] {override.py:1858} INFO - Created Permission View: can read on DAG:example_kubernetes_executor
[2025-10-15T17:08:08.949+0000] {logging_mixin.py:188} INFO - [2025-10-15T17:08:08.949+0000] {dag.py:3089} INFO - Sync 1 DAGs
[2025-10-15T17:08:08.962+0000] {logging_mixin.py:188} INFO - [2025-10-15T17:08:08.962+0000] {dag.py:3111} INFO - Creating ORM DAG for example_kubernetes_executor
[2025-10-15T17:08:08.963+0000] {logging_mixin.py:188} INFO - [2025-10-15T17:08:08.963+0000] {dag.py:3947} INFO - Setting next_dagrun for example_kubernetes_executor to None, run_after=None
[2025-10-15T17:08:08.980+0000] {processor.py:183} INFO - Processing /home/airflow/.local/lib/python3.12/site-packages/airflow/example_dags/example_kubernetes_executor.py took 0.197 seconds
[2025-10-15T17:08:38.995+0000] {processor.py:161} INFO - Started process (PID=138) to work on /home/airflow/.local/lib/python3.12/site-packages/airflow/example_dags/example_kubernetes_executor.py
[2025-10-15T17:08:38.996+0000] {processor.py:830} INFO - Processing file /home/airflow/.local/lib/python3.12/site-packages/airflow/example_dags/example_kubernetes_executor.py for tasks to queue
[2025-10-15T17:08:38.997+0000] {logging_mixin.py:188} INFO - [2025-10-15T17:08:38.996+0000] {dagbag.py:545} INFO - Filling up the DagBag from /home/airflow/.local/lib/python3.12/site-packages/airflow/example_dags/example_kubernetes_executor.py
[2025-10-15T17:08:39.004+0000] {processor.py:840} INFO - DAG(s) 'example_kubernetes_executor' retrieved from /home/airflow/.local/lib/python3.12/site-packages/airflow/example_dags/example_kubernetes_executor.py
[2025-10-15T17:08:39.027+0000] {logging_mixin.py:188} INFO - [2025-10-15T17:08:39.027+0000] {dag.py:3089} INFO - Sync 1 DAGs
[2025-10-15T17:08:39.035+0000] {logging_mixin.py:188} INFO - [2025-10-15T17:08:39.034+0000] {dag.py:3947} INFO - Setting next_dagrun for example_kubernetes_executor to None, run_after=None
[2025-10-15T17:08:39.044+0000] {processor.py:183} INFO - Processing /home/airflow/.local/lib/python3.12/site-packages/airflow/example_dags/example_kubernetes_executor.py took 0.053 seconds
[2025-10-15T17:09:09.652+0000] {processor.py:161} INFO - Started process (PID=196) to work on /home/airflow/.local/lib/python3.12/site-packages/airflow/example_dags/example_kubernetes_executor.py
[2025-10-15T17:09:09.653+0000] {processor.py:830} INFO - Processing file /home/airflow/.local/lib/python3.12/site-packages/airflow/example_dags/example_kubernetes_executor.py for tasks to queue
[2025-10-15T17:09:09.654+0000] {logging_mixin.py:188} INFO - [2025-10-15T17:09:09.654+0000] {dagbag.py:545} INFO - Filling up the DagBag from /home/airflow/.local/lib/python3.12/site-packages/airflow/example_dags/example_kubernetes_executor.py
[2025-10-15T17:09:09.666+0000] {processor.py:840} INFO - DAG(s) 'example_kubernetes_executor' retrieved from /home/airflow/.local/lib/python3.12/site-packages/airflow/example_dags/example_kubernetes_executor.py
[2025-10-15T17:09:09.697+0000] {logging_mixin.py:188} INFO - [2025-10-15T17:09:09.697+0000] {dag.py:3089} INFO - Sync 1 DAGs
[2025-10-15T17:09:09.707+0000] {logging_mixin.py:188} INFO - [2025-10-15T17:09:09.707+0000] {dag.py:3947} INFO - Setting next_dagrun for example_kubernetes_executor to None, run_after=None
[2025-10-15T17:09:09.723+0000] {processor.py:183} INFO - Processing /home/airflow/.local/lib/python3.12/site-packages/airflow/example_dags/example_kubernetes_executor.py took 0.074 seconds
[2025-10-15T17:09:40.456+0000] {processor.py:161} INFO - Started process (PID=254) to work on /home/airflow/.local/lib/python3.12/site-packages/airflow/example_dags/example_kubernetes_executor.py
[2025-10-15T17:09:40.457+0000] {processor.py:830} INFO - Processing file /home/airflow/.local/lib/python3.12/site-packages/airflow/example_dags/example_kubernetes_executor.py for tasks to queue
[2025-10-15T17:09:40.459+0000] {logging_mixin.py:188} INFO - [2025-10-15T17:09:40.458+0000] {dagbag.py:545} INFO - Filling up the DagBag from /home/airflow/.local/lib/python3.12/site-packages/airflow/example_dags/example_kubernetes_executor.py
[2025-10-15T17:09:40.476+0000] {processor.py:840} INFO - DAG(s) 'example_kubernetes_executor' retrieved from /home/airflow/.local/lib/python3.12/site-packages/airflow/example_dags/example_kubernetes_executor.py
[2025-10-15T17:09:40.525+0000] {logging_mixin.py:188} INFO - [2025-10-15T17:09:40.525+0000] {dag.py:3089} INFO - Sync 1 DAGs
[2025-10-15T17:09:40.549+0000] {logging_mixin.py:188} INFO - [2025-10-15T17:09:40.549+0000] {dag.py:3947} INFO - Setting next_dagrun for example_kubernetes_executor to None, run_after=None
[2025-10-15T17:09:40.590+0000] {processor.py:183} INFO - Processing /home/airflow/.local/lib/python3.12/site-packages/airflow/example_dags/example_kubernetes_executor.py took 0.140 seconds
[2025-10-15T17:10:11.232+0000] {processor.py:161} INFO - Started process (PID=312) to work on /home/airflow/.local/lib/python3.12/site-packages/airflow/example_dags/example_kubernetes_executor.py
[2025-10-15T17:10:11.233+0000] {processor.py:830} INFO - Processing file /home/airflow/.local/lib/python3.12/site-packages/airflow/example_dags/example_kubernetes_executor.py for tasks to queue
[2025-10-15T17:10:11.234+0000] {logging_mixin.py:188} INFO - [2025-10-15T17:10:11.234+0000] {dagbag.py:545} INFO - Filling up the DagBag from /home/airflow/.local/lib/python3.12/site-packages/airflow/example_dags/example_kubernetes_executor.py
[2025-10-15T17:10:11.243+0000] {processor.py:840} INFO - DAG(s) 'example_kubernetes_executor' retrieved from /home/airflow/.local/lib/python3.12/site-packages/airflow/example_dags/example_kubernetes_executor.py
[2025-10-15T17:10:11.280+0000] {logging_mixin.py:188} INFO - [2025-10-15T17:10:11.280+0000] {dag.py:3089} INFO - Sync 1 DAGs
[2025-10-15T17:10:11.289+0000] {logging_mixin.py:188} INFO - [2025-10-15T17:10:11.288+0000] {dag.py:3947} INFO - Setting next_dagrun for example_kubernetes_executor to None, run_after=None
[2025-10-15T17:10:11.308+0000] {processor.py:183} INFO - Processing /home/airflow/.local/lib/python3.12/site-packages/airflow/example_dags/example_kubernetes_executor.py took 0.080 seconds
[2025-10-15T17:10:41.438+0000] {processor.py:161} INFO - Started process (PID=370) to work on /home/airflow/.local/lib/python3.12/site-packages/airflow/example_dags/example_kubernetes_executor.py
[2025-10-15T17:10:41.439+0000] {processor.py:830} INFO - Processing file /home/airflow/.local/lib/python3.12/site-packages/airflow/example_dags/example_kubernetes_executor.py for tasks to queue
[2025-10-15T17:10:41.441+0000] {logging_mixin.py:188} INFO - [2025-10-15T17:10:41.441+0000] {dagbag.py:545} INFO - Filling up the DagBag from /home/airflow/.local/lib/python3.12/site-packages/airflow/example_dags/example_kubernetes_executor.py
[2025-10-15T17:10:41.448+0000] {processor.py:840} INFO - DAG(s) 'example_kubernetes_executor' retrieved from /home/airflow/.local/lib/python3.12/site-packages/airflow/example_dags/example_kubernetes_executor.py
[2025-10-15T17:10:41.472+0000] {logging_mixin.py:188} INFO - [2025-10-15T17:10:41.471+0000] {dag.py:3089} INFO - Sync 1 DAGs
[2025-10-15T17:10:41.479+0000] {logging_mixin.py:188} INFO - [2025-10-15T17:10:41.479+0000] {dag.py:3947} INFO - Setting next_dagrun for example_kubernetes_executor to None, run_after=None
[2025-10-15T17:10:41.489+0000] {processor.py:183} INFO - Processing /home/airflow/.local/lib/python3.12/site-packages/airflow/example_dags/example_kubernetes_executor.py took 0.054 seconds
[2025-10-15T17:11:11.827+0000] {processor.py:161} INFO - Started process (PID=428) to work on /home/airflow/.local/lib/python3.12/site-packages/airflow/example_dags/example_kubernetes_executor.py
[2025-10-15T17:11:11.828+0000] {processor.py:830} INFO - Processing file /home/airflow/.local/lib/python3.12/site-packages/airflow/example_dags/example_kubernetes_executor.py for tasks to queue
[2025-10-15T17:11:11.829+0000] {logging_mixin.py:188} INFO - [2025-10-15T17:11:11.829+0000] {dagbag.py:545} INFO - Filling up the DagBag from /home/airflow/.local/lib/python3.12/site-packages/airflow/example_dags/example_kubernetes_executor.py
[2025-10-15T17:11:11.837+0000] {processor.py:840} INFO - DAG(s) 'example_kubernetes_executor' retrieved from /home/airflow/.local/lib/python3.12/site-packages/airflow/example_dags/example_kubernetes_executor.py
[2025-10-15T17:11:11.862+0000] {logging_mixin.py:188} INFO - [2025-10-15T17:11:11.861+0000] {dag.py:3089} INFO - Sync 1 DAGs
[2025-10-15T17:11:11.870+0000] {logging_mixin.py:188} INFO - [2025-10-15T17:11:11.870+0000] {dag.py:3947} INFO - Setting next_dagrun for example_kubernetes_executor to None, run_after=None
[2025-10-15T17:11:11.880+0000] {processor.py:183} INFO - Processing /home/airflow/.local/lib/python3.12/site-packages/airflow/example_dags/example_kubernetes_executor.py took 0.057 seconds
[2025-10-15T17:11:42.126+0000] {processor.py:161} INFO - Started process (PID=486) to work on /home/airflow/.local/lib/python3.12/site-packages/airflow/example_dags/example_kubernetes_executor.py
[2025-10-15T17:11:42.127+0000] {processor.py:830} INFO - Processing file /home/airflow/.local/lib/python3.12/site-packages/airflow/example_dags/example_kubernetes_executor.py for tasks to queue
[2025-10-15T17:11:42.128+0000] {logging_mixin.py:188} INFO - [2025-10-15T17:11:42.128+0000] {dagbag.py:545} INFO - Filling up the DagBag from /home/airflow/.local/lib/python3.12/site-packages/airflow/example_dags/example_kubernetes_executor.py
[2025-10-15T17:11:42.141+0000] {processor.py:840} INFO - DAG(s) 'example_kubernetes_executor' retrieved from /home/airflow/.local/lib/python3.12/site-packages/airflow/example_dags/example_kubernetes_executor.py
[2025-10-15T17:11:42.173+0000] {logging_mixin.py:188} INFO - [2025-10-15T17:11:42.170+0000] {dag.py:3089} INFO - Sync 1 DAGs
[2025-10-15T17:11:42.261+0000] {logging_mixin.py:188} INFO - [2025-10-15T17:11:42.261+0000] {dag.py:3947} INFO - Setting next_dagrun for example_kubernetes_executor to None, run_after=None
[2025-10-15T17:11:42.290+0000] {processor.py:183} INFO - Processing /home/airflow/.local/lib/python3.12/site-packages/airflow/example_dags/example_kubernetes_executor.py took 0.168 seconds
[2025-10-15T17:12:12.633+0000] {processor.py:161} INFO - Started process (PID=544) to work on /home/airflow/.local/lib/python3.12/site-packages/airflow/example_dags/example_kubernetes_executor.py
[2025-10-15T17:12:12.634+0000] {processor.py:830} INFO - Processing file /home/airflow/.local/lib/python3.12/site-packages/airflow/example_dags/example_kubernetes_executor.py for tasks to queue
[2025-10-15T17:12:12.635+0000] {logging_mixin.py:188} INFO - [2025-10-15T17:12:12.634+0000] {dagbag.py:545} INFO - Filling up the DagBag from /home/airflow/.local/lib/python3.12/site-packages/airflow/example_dags/example_kubernetes_executor.py
[2025-10-15T17:12:12.642+0000] {processor.py:840} INFO - DAG(s) 'example_kubernetes_executor' retrieved from /home/airflow/.local/lib/python3.12/site-packages/airflow/example_dags/example_kubernetes_executor.py
[2025-10-15T17:12:12.664+0000] {logging_mixin.py:188} INFO - [2025-10-15T17:12:12.663+0000] {dag.py:3089} INFO - Sync 1 DAGs
[2025-10-15T17:12:12.670+0000] {logging_mixin.py:188} INFO - [2025-10-15T17:12:12.670+0000] {dag.py:3947} INFO - Setting next_dagrun for example_kubernetes_executor to None, run_after=None
[2025-10-15T17:12:12.680+0000] {processor.py:183} INFO - Processing /home/airflow/.local/lib/python3.12/site-packages/airflow/example_dags/example_kubernetes_executor.py took 0.052 seconds
[2025-10-15T17:12:43.189+0000] {processor.py:161} INFO - Started process (PID=602) to work on /home/airflow/.local/lib/python3.12/site-packages/airflow/example_dags/example_kubernetes_executor.py
[2025-10-15T17:12:43.190+0000] {processor.py:830} INFO - Processing file /home/airflow/.local/lib/python3.12/site-packages/airflow/example_dags/example_kubernetes_executor.py for tasks to queue
[2025-10-15T17:12:43.191+0000] {logging_mixin.py:188} INFO - [2025-10-15T17:12:43.191+0000] {dagbag.py:545} INFO - Filling up the DagBag from /home/airflow/.local/lib/python3.12/site-packages/airflow/example_dags/example_kubernetes_executor.py
[2025-10-15T17:12:43.198+0000] {processor.py:840} INFO - DAG(s) 'example_kubernetes_executor' retrieved from /home/airflow/.local/lib/python3.12/site-packages/airflow/example_dags/example_kubernetes_executor.py
[2025-10-15T17:12:43.221+0000] {logging_mixin.py:188} INFO - [2025-10-15T17:12:43.221+0000] {dag.py:3089} INFO - Sync 1 DAGs
[2025-10-15T17:12:43.229+0000] {logging_mixin.py:188} INFO - [2025-10-15T17:12:43.229+0000] {dag.py:3947} INFO - Setting next_dagrun for example_kubernetes_executor to None, run_after=None
[2025-10-15T17:12:43.240+0000] {processor.py:183} INFO - Processing /home/airflow/.local/lib/python3.12/site-packages/airflow/example_dags/example_kubernetes_executor.py took 0.054 seconds
[2025-10-15T17:13:13.462+0000] {processor.py:161} INFO - Started process (PID=660) to work on /home/airflow/.local/lib/python3.12/site-packages/airflow/example_dags/example_kubernetes_executor.py
[2025-10-15T17:13:13.463+0000] {processor.py:830} INFO - Processing file /home/airflow/.local/lib/python3.12/site-packages/airflow/example_dags/example_kubernetes_executor.py for tasks to queue
[2025-10-15T17:13:13.464+0000] {logging_mixin.py:188} INFO - [2025-10-15T17:13:13.464+0000] {dagbag.py:545} INFO - Filling up the DagBag from /home/airflow/.local/lib/python3.12/site-packages/airflow/example_dags/example_kubernetes_executor.py
[2025-10-15T17:13:13.472+0000] {processor.py:840} INFO - DAG(s) 'example_kubernetes_executor' retrieved from /home/airflow/.local/lib/python3.12/site-packages/airflow/example_dags/example_kubernetes_executor.py
[2025-10-15T17:13:13.584+0000] {logging_mixin.py:188} INFO - [2025-10-15T17:13:13.583+0000] {dag.py:3089} INFO - Sync 1 DAGs
[2025-10-15T17:13:13.597+0000] {logging_mixin.py:188} INFO - [2025-10-15T17:13:13.597+0000] {dag.py:3947} INFO - Setting next_dagrun for example_kubernetes_executor to None, run_after=None
[2025-10-15T17:13:13.614+0000] {processor.py:183} INFO - Processing /home/airflow/.local/lib/python3.12/site-packages/airflow/example_dags/example_kubernetes_executor.py took 0.155 seconds
[2025-10-15T17:13:44.602+0000] {processor.py:161} INFO - Started process (PID=718) to work on /home/airflow/.local/lib/python3.12/site-packages/airflow/example_dags/example_kubernetes_executor.py
[2025-10-15T17:13:44.602+0000] {processor.py:830} INFO - Processing file /home/airflow/.local/lib/python3.12/site-packages/airflow/example_dags/example_kubernetes_executor.py for tasks to queue
[2025-10-15T17:13:44.604+0000] {logging_mixin.py:188} INFO - [2025-10-15T17:13:44.603+0000] {dagbag.py:545} INFO - Filling up the DagBag from /home/airflow/.local/lib/python3.12/site-packages/airflow/example_dags/example_kubernetes_executor.py
[2025-10-15T17:13:44.612+0000] {processor.py:840} INFO - DAG(s) 'example_kubernetes_executor' retrieved from /home/airflow/.local/lib/python3.12/site-packages/airflow/example_dags/example_kubernetes_executor.py
[2025-10-15T17:13:44.638+0000] {logging_mixin.py:188} INFO - [2025-10-15T17:13:44.638+0000] {dag.py:3089} INFO - Sync 1 DAGs
[2025-10-15T17:13:44.644+0000] {logging_mixin.py:188} INFO - [2025-10-15T17:13:44.644+0000] {dag.py:3947} INFO - Setting next_dagrun for example_kubernetes_executor to None, run_after=None
[2025-10-15T17:13:44.654+0000] {processor.py:183} INFO - Processing /home/airflow/.local/lib/python3.12/site-packages/airflow/example_dags/example_kubernetes_executor.py took 0.057 seconds
[2025-10-15T17:14:15.015+0000] {processor.py:161} INFO - Started process (PID=776) to work on /home/airflow/.local/lib/python3.12/site-packages/airflow/example_dags/example_kubernetes_executor.py
[2025-10-15T17:14:15.017+0000] {processor.py:830} INFO - Processing file /home/airflow/.local/lib/python3.12/site-packages/airflow/example_dags/example_kubernetes_executor.py for tasks to queue
[2025-10-15T17:14:15.018+0000] {logging_mixin.py:188} INFO - [2025-10-15T17:14:15.018+0000] {dagbag.py:545} INFO - Filling up the DagBag from /home/airflow/.local/lib/python3.12/site-packages/airflow/example_dags/example_kubernetes_executor.py
[2025-10-15T17:14:15.025+0000] {processor.py:840} INFO - DAG(s) 'example_kubernetes_executor' retrieved from /home/airflow/.local/lib/python3.12/site-packages/airflow/example_dags/example_kubernetes_executor.py
[2025-10-15T17:14:15.047+0000] {logging_mixin.py:188} INFO - [2025-10-15T17:14:15.047+0000] {dag.py:3089} INFO - Sync 1 DAGs
[2025-10-15T17:14:15.054+0000] {logging_mixin.py:188} INFO - [2025-10-15T17:14:15.054+0000] {dag.py:3947} INFO - Setting next_dagrun for example_kubernetes_executor to None, run_after=None
[2025-10-15T17:14:15.064+0000] {processor.py:183} INFO - Processing /home/airflow/.local/lib/python3.12/site-packages/airflow/example_dags/example_kubernetes_executor.py took 0.054 seconds
[2025-10-15T17:14:45.139+0000] {processor.py:161} INFO - Started process (PID=834) to work on /home/airflow/.local/lib/python3.12/site-packages/airflow/example_dags/example_kubernetes_executor.py
[2025-10-15T17:14:45.140+0000] {processor.py:830} INFO - Processing file /home/airflow/.local/lib/python3.12/site-packages/airflow/example_dags/example_kubernetes_executor.py for tasks to queue
[2025-10-15T17:14:45.141+0000] {logging_mixin.py:188} INFO - [2025-10-15T17:14:45.141+0000] {dagbag.py:545} INFO - Filling up the DagBag from /home/airflow/.local/lib/python3.12/site-packages/airflow/example_dags/example_kubernetes_executor.py
[2025-10-15T17:14:45.150+0000] {processor.py:840} INFO - DAG(s) 'example_kubernetes_executor' retrieved from /home/airflow/.local/lib/python3.12/site-packages/airflow/example_dags/example_kubernetes_executor.py
[2025-10-15T17:14:45.175+0000] {logging_mixin.py:188} INFO - [2025-10-15T17:14:45.175+0000] {dag.py:3089} INFO - Sync 1 DAGs
[2025-10-15T17:14:45.182+0000] {logging_mixin.py:188} INFO - [2025-10-15T17:14:45.182+0000] {dag.py:3947} INFO - Setting next_dagrun for example_kubernetes_executor to None, run_after=None
[2025-10-15T17:14:45.194+0000] {processor.py:183} INFO - Processing /home/airflow/.local/lib/python3.12/site-packages/airflow/example_dags/example_kubernetes_executor.py took 0.060 seconds
[2025-10-15T17:15:15.433+0000] {processor.py:161} INFO - Started process (PID=892) to work on /home/airflow/.local/lib/python3.12/site-packages/airflow/example_dags/example_kubernetes_executor.py
[2025-10-15T17:15:15.434+0000] {processor.py:830} INFO - Processing file /home/airflow/.local/lib/python3.12/site-packages/airflow/example_dags/example_kubernetes_executor.py for tasks to queue
[2025-10-15T17:15:15.435+0000] {logging_mixin.py:188} INFO - [2025-10-15T17:15:15.435+0000] {dagbag.py:545} INFO - Filling up the DagBag from /home/airflow/.local/lib/python3.12/site-packages/airflow/example_dags/example_kubernetes_executor.py
[2025-10-15T17:15:15.442+0000] {processor.py:840} INFO - DAG(s) 'example_kubernetes_executor' retrieved from /home/airflow/.local/lib/python3.12/site-packages/airflow/example_dags/example_kubernetes_executor.py
[2025-10-15T17:15:15.465+0000] {logging_mixin.py:188} INFO - [2025-10-15T17:15:15.465+0000] {dag.py:3089} INFO - Sync 1 DAGs
[2025-10-15T17:15:15.472+0000] {logging_mixin.py:188} INFO - [2025-10-15T17:15:15.472+0000] {dag.py:3947} INFO - Setting next_dagrun for example_kubernetes_executor to None, run_after=None
[2025-10-15T17:15:15.482+0000] {processor.py:183} INFO - Processing /home/airflow/.local/lib/python3.12/site-packages/airflow/example_dags/example_kubernetes_executor.py took 0.054 seconds
[2025-10-15T17:19:46.669+0000] {processor.py:161} INFO - Started process (PID=75) to work on /home/airflow/.local/lib/python3.12/site-packages/airflow/example_dags/example_kubernetes_executor.py
[2025-10-15T17:19:46.670+0000] {processor.py:830} INFO - Processing file /home/airflow/.local/lib/python3.12/site-packages/airflow/example_dags/example_kubernetes_executor.py for tasks to queue
[2025-10-15T17:19:46.673+0000] {logging_mixin.py:188} INFO - [2025-10-15T17:19:46.673+0000] {dagbag.py:545} INFO - Filling up the DagBag from /home/airflow/.local/lib/python3.12/site-packages/airflow/example_dags/example_kubernetes_executor.py
[2025-10-15T17:19:46.698+0000] {processor.py:840} INFO - DAG(s) 'example_kubernetes_executor' retrieved from /home/airflow/.local/lib/python3.12/site-packages/airflow/example_dags/example_kubernetes_executor.py
[2025-10-15T17:19:46.929+0000] {logging_mixin.py:188} INFO - [2025-10-15T17:19:46.929+0000] {dag.py:3089} INFO - Sync 1 DAGs
[2025-10-15T17:19:46.948+0000] {logging_mixin.py:188} INFO - [2025-10-15T17:19:46.948+0000] {dag.py:3947} INFO - Setting next_dagrun for example_kubernetes_executor to None, run_after=None
[2025-10-15T17:19:46.984+0000] {processor.py:183} INFO - Processing /home/airflow/.local/lib/python3.12/site-packages/airflow/example_dags/example_kubernetes_executor.py took 0.322 seconds
[2025-10-15T17:20:17.318+0000] {processor.py:161} INFO - Started process (PID=133) to work on /home/airflow/.local/lib/python3.12/site-packages/airflow/example_dags/example_kubernetes_executor.py
[2025-10-15T17:20:17.319+0000] {processor.py:830} INFO - Processing file /home/airflow/.local/lib/python3.12/site-packages/airflow/example_dags/example_kubernetes_executor.py for tasks to queue
[2025-10-15T17:20:17.321+0000] {logging_mixin.py:188} INFO - [2025-10-15T17:20:17.321+0000] {dagbag.py:545} INFO - Filling up the DagBag from /home/airflow/.local/lib/python3.12/site-packages/airflow/example_dags/example_kubernetes_executor.py
[2025-10-15T17:20:17.333+0000] {processor.py:840} INFO - DAG(s) 'example_kubernetes_executor' retrieved from /home/airflow/.local/lib/python3.12/site-packages/airflow/example_dags/example_kubernetes_executor.py
[2025-10-15T17:20:17.364+0000] {logging_mixin.py:188} INFO - [2025-10-15T17:20:17.364+0000] {dag.py:3089} INFO - Sync 1 DAGs
[2025-10-15T17:20:17.374+0000] {logging_mixin.py:188} INFO - [2025-10-15T17:20:17.374+0000] {dag.py:3947} INFO - Setting next_dagrun for example_kubernetes_executor to None, run_after=None
[2025-10-15T17:20:17.386+0000] {processor.py:183} INFO - Processing /home/airflow/.local/lib/python3.12/site-packages/airflow/example_dags/example_kubernetes_executor.py took 0.072 seconds
[2025-10-15T17:20:48.055+0000] {processor.py:161} INFO - Started process (PID=191) to work on /home/airflow/.local/lib/python3.12/site-packages/airflow/example_dags/example_kubernetes_executor.py
[2025-10-15T17:20:48.056+0000] {processor.py:830} INFO - Processing file /home/airflow/.local/lib/python3.12/site-packages/airflow/example_dags/example_kubernetes_executor.py for tasks to queue
[2025-10-15T17:20:48.058+0000] {logging_mixin.py:188} INFO - [2025-10-15T17:20:48.057+0000] {dagbag.py:545} INFO - Filling up the DagBag from /home/airflow/.local/lib/python3.12/site-packages/airflow/example_dags/example_kubernetes_executor.py
[2025-10-15T17:20:48.066+0000] {processor.py:840} INFO - DAG(s) 'example_kubernetes_executor' retrieved from /home/airflow/.local/lib/python3.12/site-packages/airflow/example_dags/example_kubernetes_executor.py
[2025-10-15T17:20:48.103+0000] {logging_mixin.py:188} INFO - [2025-10-15T17:20:48.103+0000] {dag.py:3089} INFO - Sync 1 DAGs
[2025-10-15T17:20:48.116+0000] {logging_mixin.py:188} INFO - [2025-10-15T17:20:48.116+0000] {dag.py:3947} INFO - Setting next_dagrun for example_kubernetes_executor to None, run_after=None
[2025-10-15T17:20:48.130+0000] {processor.py:183} INFO - Processing /home/airflow/.local/lib/python3.12/site-packages/airflow/example_dags/example_kubernetes_executor.py took 0.079 seconds
[2025-10-15T17:21:18.925+0000] {processor.py:161} INFO - Started process (PID=249) to work on /home/airflow/.local/lib/python3.12/site-packages/airflow/example_dags/example_kubernetes_executor.py
[2025-10-15T17:21:18.927+0000] {processor.py:830} INFO - Processing file /home/airflow/.local/lib/python3.12/site-packages/airflow/example_dags/example_kubernetes_executor.py for tasks to queue
[2025-10-15T17:21:18.931+0000] {logging_mixin.py:188} INFO - [2025-10-15T17:21:18.930+0000] {dagbag.py:545} INFO - Filling up the DagBag from /home/airflow/.local/lib/python3.12/site-packages/airflow/example_dags/example_kubernetes_executor.py
[2025-10-15T17:21:18.942+0000] {processor.py:840} INFO - DAG(s) 'example_kubernetes_executor' retrieved from /home/airflow/.local/lib/python3.12/site-packages/airflow/example_dags/example_kubernetes_executor.py
[2025-10-15T17:21:18.982+0000] {logging_mixin.py:188} INFO - [2025-10-15T17:21:18.981+0000] {dag.py:3089} INFO - Sync 1 DAGs
[2025-10-15T17:21:18.996+0000] {logging_mixin.py:188} INFO - [2025-10-15T17:21:18.996+0000] {dag.py:3947} INFO - Setting next_dagrun for example_kubernetes_executor to None, run_after=None
[2025-10-15T17:21:19.009+0000] {processor.py:183} INFO - Processing /home/airflow/.local/lib/python3.12/site-packages/airflow/example_dags/example_kubernetes_executor.py took 0.087 seconds
[2025-10-15T17:21:49.960+0000] {processor.py:161} INFO - Started process (PID=307) to work on /home/airflow/.local/lib/python3.12/site-packages/airflow/example_dags/example_kubernetes_executor.py
[2025-10-15T17:21:49.960+0000] {processor.py:830} INFO - Processing file /home/airflow/.local/lib/python3.12/site-packages/airflow/example_dags/example_kubernetes_executor.py for tasks to queue
[2025-10-15T17:21:49.962+0000] {logging_mixin.py:188} INFO - [2025-10-15T17:21:49.962+0000] {dagbag.py:545} INFO - Filling up the DagBag from /home/airflow/.local/lib/python3.12/site-packages/airflow/example_dags/example_kubernetes_executor.py
[2025-10-15T17:21:49.974+0000] {processor.py:840} INFO - DAG(s) 'example_kubernetes_executor' retrieved from /home/airflow/.local/lib/python3.12/site-packages/airflow/example_dags/example_kubernetes_executor.py
[2025-10-15T17:21:50.000+0000] {logging_mixin.py:188} INFO - [2025-10-15T17:21:50.000+0000] {dag.py:3089} INFO - Sync 1 DAGs
[2025-10-15T17:21:50.007+0000] {logging_mixin.py:188} INFO - [2025-10-15T17:21:50.007+0000] {dag.py:3947} INFO - Setting next_dagrun for example_kubernetes_executor to None, run_after=None
[2025-10-15T17:21:50.026+0000] {processor.py:183} INFO - Processing /home/airflow/.local/lib/python3.12/site-packages/airflow/example_dags/example_kubernetes_executor.py took 0.070 seconds
[2025-10-15T17:22:20.076+0000] {processor.py:161} INFO - Started process (PID=365) to work on /home/airflow/.local/lib/python3.12/site-packages/airflow/example_dags/example_kubernetes_executor.py
[2025-10-15T17:22:20.077+0000] {processor.py:830} INFO - Processing file /home/airflow/.local/lib/python3.12/site-packages/airflow/example_dags/example_kubernetes_executor.py for tasks to queue
[2025-10-15T17:22:20.078+0000] {logging_mixin.py:188} INFO - [2025-10-15T17:22:20.078+0000] {dagbag.py:545} INFO - Filling up the DagBag from /home/airflow/.local/lib/python3.12/site-packages/airflow/example_dags/example_kubernetes_executor.py
[2025-10-15T17:22:20.088+0000] {processor.py:840} INFO - DAG(s) 'example_kubernetes_executor' retrieved from /home/airflow/.local/lib/python3.12/site-packages/airflow/example_dags/example_kubernetes_executor.py
[2025-10-15T17:22:20.116+0000] {logging_mixin.py:188} INFO - [2025-10-15T17:22:20.116+0000] {dag.py:3089} INFO - Sync 1 DAGs
[2025-10-15T17:22:20.125+0000] {logging_mixin.py:188} INFO - [2025-10-15T17:22:20.124+0000] {dag.py:3947} INFO - Setting next_dagrun for example_kubernetes_executor to None, run_after=None
[2025-10-15T17:22:20.138+0000] {processor.py:183} INFO - Processing /home/airflow/.local/lib/python3.12/site-packages/airflow/example_dags/example_kubernetes_executor.py took 0.066 seconds
[2025-10-15T17:22:50.204+0000] {processor.py:161} INFO - Started process (PID=423) to work on /home/airflow/.local/lib/python3.12/site-packages/airflow/example_dags/example_kubernetes_executor.py
[2025-10-15T17:22:50.205+0000] {processor.py:830} INFO - Processing file /home/airflow/.local/lib/python3.12/site-packages/airflow/example_dags/example_kubernetes_executor.py for tasks to queue
[2025-10-15T17:22:50.206+0000] {logging_mixin.py:188} INFO - [2025-10-15T17:22:50.206+0000] {dagbag.py:545} INFO - Filling up the DagBag from /home/airflow/.local/lib/python3.12/site-packages/airflow/example_dags/example_kubernetes_executor.py
[2025-10-15T17:22:50.218+0000] {processor.py:840} INFO - DAG(s) 'example_kubernetes_executor' retrieved from /home/airflow/.local/lib/python3.12/site-packages/airflow/example_dags/example_kubernetes_executor.py
[2025-10-15T17:22:50.248+0000] {logging_mixin.py:188} INFO - [2025-10-15T17:22:50.248+0000] {dag.py:3089} INFO - Sync 1 DAGs
[2025-10-15T17:22:50.260+0000] {logging_mixin.py:188} INFO - [2025-10-15T17:22:50.260+0000] {dag.py:3947} INFO - Setting next_dagrun for example_kubernetes_executor to None, run_after=None
[2025-10-15T17:22:50.278+0000] {processor.py:183} INFO - Processing /home/airflow/.local/lib/python3.12/site-packages/airflow/example_dags/example_kubernetes_executor.py took 0.079 seconds
[2025-10-15T17:23:20.309+0000] {processor.py:161} INFO - Started process (PID=481) to work on /home/airflow/.local/lib/python3.12/site-packages/airflow/example_dags/example_kubernetes_executor.py
[2025-10-15T17:23:20.309+0000] {processor.py:830} INFO - Processing file /home/airflow/.local/lib/python3.12/site-packages/airflow/example_dags/example_kubernetes_executor.py for tasks to queue
[2025-10-15T17:23:20.311+0000] {logging_mixin.py:188} INFO - [2025-10-15T17:23:20.311+0000] {dagbag.py:545} INFO - Filling up the DagBag from /home/airflow/.local/lib/python3.12/site-packages/airflow/example_dags/example_kubernetes_executor.py
[2025-10-15T17:23:20.321+0000] {processor.py:840} INFO - DAG(s) 'example_kubernetes_executor' retrieved from /home/airflow/.local/lib/python3.12/site-packages/airflow/example_dags/example_kubernetes_executor.py
[2025-10-15T17:23:20.352+0000] {logging_mixin.py:188} INFO - [2025-10-15T17:23:20.351+0000] {dag.py:3089} INFO - Sync 1 DAGs
[2025-10-15T17:23:20.359+0000] {logging_mixin.py:188} INFO - [2025-10-15T17:23:20.359+0000] {dag.py:3947} INFO - Setting next_dagrun for example_kubernetes_executor to None, run_after=None
[2025-10-15T17:23:20.370+0000] {processor.py:183} INFO - Processing /home/airflow/.local/lib/python3.12/site-packages/airflow/example_dags/example_kubernetes_executor.py took 0.065 seconds
[2025-10-15T17:23:50.638+0000] {processor.py:161} INFO - Started process (PID=539) to work on /home/airflow/.local/lib/python3.12/site-packages/airflow/example_dags/example_kubernetes_executor.py
[2025-10-15T17:23:50.639+0000] {processor.py:830} INFO - Processing file /home/airflow/.local/lib/python3.12/site-packages/airflow/example_dags/example_kubernetes_executor.py for tasks to queue
[2025-10-15T17:23:50.641+0000] {logging_mixin.py:188} INFO - [2025-10-15T17:23:50.641+0000] {dagbag.py:545} INFO - Filling up the DagBag from /home/airflow/.local/lib/python3.12/site-packages/airflow/example_dags/example_kubernetes_executor.py
[2025-10-15T17:23:50.649+0000] {processor.py:840} INFO - DAG(s) 'example_kubernetes_executor' retrieved from /home/airflow/.local/lib/python3.12/site-packages/airflow/example_dags/example_kubernetes_executor.py
[2025-10-15T17:23:50.673+0000] {logging_mixin.py:188} INFO - [2025-10-15T17:23:50.673+0000] {dag.py:3089} INFO - Sync 1 DAGs
[2025-10-15T17:23:50.680+0000] {logging_mixin.py:188} INFO - [2025-10-15T17:23:50.680+0000] {dag.py:3947} INFO - Setting next_dagrun for example_kubernetes_executor to None, run_after=None
[2025-10-15T17:23:50.692+0000] {processor.py:183} INFO - Processing /home/airflow/.local/lib/python3.12/site-packages/airflow/example_dags/example_kubernetes_executor.py took 0.057 seconds
[2025-10-15T17:24:21.397+0000] {processor.py:161} INFO - Started process (PID=597) to work on /home/airflow/.local/lib/python3.12/site-packages/airflow/example_dags/example_kubernetes_executor.py
[2025-10-15T17:24:21.398+0000] {processor.py:830} INFO - Processing file /home/airflow/.local/lib/python3.12/site-packages/airflow/example_dags/example_kubernetes_executor.py for tasks to queue
[2025-10-15T17:24:21.399+0000] {logging_mixin.py:188} INFO - [2025-10-15T17:24:21.399+0000] {dagbag.py:545} INFO - Filling up the DagBag from /home/airflow/.local/lib/python3.12/site-packages/airflow/example_dags/example_kubernetes_executor.py
[2025-10-15T17:24:21.412+0000] {processor.py:840} INFO - DAG(s) 'example_kubernetes_executor' retrieved from /home/airflow/.local/lib/python3.12/site-packages/airflow/example_dags/example_kubernetes_executor.py
[2025-10-15T17:24:21.444+0000] {logging_mixin.py:188} INFO - [2025-10-15T17:24:21.443+0000] {dag.py:3089} INFO - Sync 1 DAGs
[2025-10-15T17:24:21.452+0000] {logging_mixin.py:188} INFO - [2025-10-15T17:24:21.452+0000] {dag.py:3947} INFO - Setting next_dagrun for example_kubernetes_executor to None, run_after=None
[2025-10-15T17:24:21.464+0000] {processor.py:183} INFO - Processing /home/airflow/.local/lib/python3.12/site-packages/airflow/example_dags/example_kubernetes_executor.py took 0.071 seconds
