[2025-10-15T17:08:13.628+0000] {processor.py:161} INFO - Started process (PID=104) to work on /home/airflow/.local/lib/python3.12/site-packages/airflow/example_dags/example_xcom.py
[2025-10-15T17:08:13.632+0000] {processor.py:830} INFO - Processing file /home/airflow/.local/lib/python3.12/site-packages/airflow/example_dags/example_xcom.py for tasks to queue
[2025-10-15T17:08:13.636+0000] {logging_mixin.py:188} INFO - [2025-10-15T17:08:13.635+0000] {dagbag.py:545} INFO - Filling up the DagBag from /home/airflow/.local/lib/python3.12/site-packages/airflow/example_dags/example_xcom.py
[2025-10-15T17:08:13.665+0000] {processor.py:840} INFO - DAG(s) 'example_xcom' retrieved from /home/airflow/.local/lib/python3.12/site-packages/airflow/example_dags/example_xcom.py
[2025-10-15T17:08:13.886+0000] {logging_mixin.py:188} INFO - [2025-10-15T17:08:13.885+0000] {override.py:1858} INFO - Created Permission View: can edit on DAG:example_xcom
[2025-10-15T17:08:13.908+0000] {logging_mixin.py:188} INFO - [2025-10-15T17:08:13.908+0000] {override.py:1858} INFO - Created Permission View: can delete on DAG:example_xcom
[2025-10-15T17:08:13.920+0000] {logging_mixin.py:188} INFO - [2025-10-15T17:08:13.920+0000] {override.py:1858} INFO - Created Permission View: can read on DAG:example_xcom
[2025-10-15T17:08:13.921+0000] {logging_mixin.py:188} INFO - [2025-10-15T17:08:13.921+0000] {dag.py:3089} INFO - Sync 1 DAGs
[2025-10-15T17:08:13.942+0000] {logging_mixin.py:188} INFO - [2025-10-15T17:08:13.942+0000] {dag.py:3111} INFO - Creating ORM DAG for example_xcom
[2025-10-15T17:08:13.962+0000] {logging_mixin.py:188} INFO - [2025-10-15T17:08:13.961+0000] {dag.py:3947} INFO - Setting next_dagrun for example_xcom to 2021-01-01 00:00:00+00:00, run_after=2021-01-01 00:00:00+00:00
[2025-10-15T17:08:13.996+0000] {processor.py:183} INFO - Processing /home/airflow/.local/lib/python3.12/site-packages/airflow/example_dags/example_xcom.py took 0.381 seconds
[2025-10-15T17:08:44.081+0000] {processor.py:161} INFO - Started process (PID=162) to work on /home/airflow/.local/lib/python3.12/site-packages/airflow/example_dags/example_xcom.py
[2025-10-15T17:08:44.082+0000] {processor.py:830} INFO - Processing file /home/airflow/.local/lib/python3.12/site-packages/airflow/example_dags/example_xcom.py for tasks to queue
[2025-10-15T17:08:44.084+0000] {logging_mixin.py:188} INFO - [2025-10-15T17:08:44.083+0000] {dagbag.py:545} INFO - Filling up the DagBag from /home/airflow/.local/lib/python3.12/site-packages/airflow/example_dags/example_xcom.py
[2025-10-15T17:08:44.088+0000] {processor.py:840} INFO - DAG(s) 'example_xcom' retrieved from /home/airflow/.local/lib/python3.12/site-packages/airflow/example_dags/example_xcom.py
[2025-10-15T17:08:44.101+0000] {logging_mixin.py:188} INFO - [2025-10-15T17:08:44.101+0000] {dag.py:3089} INFO - Sync 1 DAGs
[2025-10-15T17:08:44.117+0000] {logging_mixin.py:188} INFO - [2025-10-15T17:08:44.117+0000] {dag.py:3947} INFO - Setting next_dagrun for example_xcom to 2021-01-01 00:00:00+00:00, run_after=2021-01-01 00:00:00+00:00
[2025-10-15T17:08:44.133+0000] {processor.py:183} INFO - Processing /home/airflow/.local/lib/python3.12/site-packages/airflow/example_dags/example_xcom.py took 0.056 seconds
[2025-10-15T17:09:15.033+0000] {processor.py:161} INFO - Started process (PID=220) to work on /home/airflow/.local/lib/python3.12/site-packages/airflow/example_dags/example_xcom.py
[2025-10-15T17:09:15.033+0000] {processor.py:830} INFO - Processing file /home/airflow/.local/lib/python3.12/site-packages/airflow/example_dags/example_xcom.py for tasks to queue
[2025-10-15T17:09:15.036+0000] {logging_mixin.py:188} INFO - [2025-10-15T17:09:15.036+0000] {dagbag.py:545} INFO - Filling up the DagBag from /home/airflow/.local/lib/python3.12/site-packages/airflow/example_dags/example_xcom.py
[2025-10-15T17:09:15.043+0000] {processor.py:840} INFO - DAG(s) 'example_xcom' retrieved from /home/airflow/.local/lib/python3.12/site-packages/airflow/example_dags/example_xcom.py
[2025-10-15T17:09:15.061+0000] {logging_mixin.py:188} INFO - [2025-10-15T17:09:15.061+0000] {dag.py:3089} INFO - Sync 1 DAGs
[2025-10-15T17:09:15.074+0000] {logging_mixin.py:188} INFO - [2025-10-15T17:09:15.073+0000] {dag.py:3947} INFO - Setting next_dagrun for example_xcom to 2021-01-01 00:00:00+00:00, run_after=2021-01-01 00:00:00+00:00
[2025-10-15T17:09:15.083+0000] {processor.py:183} INFO - Processing /home/airflow/.local/lib/python3.12/site-packages/airflow/example_dags/example_xcom.py took 0.054 seconds
[2025-10-15T17:09:45.112+0000] {processor.py:161} INFO - Started process (PID=278) to work on /home/airflow/.local/lib/python3.12/site-packages/airflow/example_dags/example_xcom.py
[2025-10-15T17:09:45.115+0000] {processor.py:830} INFO - Processing file /home/airflow/.local/lib/python3.12/site-packages/airflow/example_dags/example_xcom.py for tasks to queue
[2025-10-15T17:09:45.119+0000] {logging_mixin.py:188} INFO - [2025-10-15T17:09:45.119+0000] {dagbag.py:545} INFO - Filling up the DagBag from /home/airflow/.local/lib/python3.12/site-packages/airflow/example_dags/example_xcom.py
[2025-10-15T17:09:45.124+0000] {processor.py:840} INFO - DAG(s) 'example_xcom' retrieved from /home/airflow/.local/lib/python3.12/site-packages/airflow/example_dags/example_xcom.py
[2025-10-15T17:09:45.145+0000] {logging_mixin.py:188} INFO - [2025-10-15T17:09:45.145+0000] {dag.py:3089} INFO - Sync 1 DAGs
[2025-10-15T17:09:45.160+0000] {logging_mixin.py:188} INFO - [2025-10-15T17:09:45.160+0000] {dag.py:3947} INFO - Setting next_dagrun for example_xcom to 2021-01-01 00:00:00+00:00, run_after=2021-01-01 00:00:00+00:00
[2025-10-15T17:09:45.174+0000] {processor.py:183} INFO - Processing /home/airflow/.local/lib/python3.12/site-packages/airflow/example_dags/example_xcom.py took 0.065 seconds
[2025-10-15T17:10:15.362+0000] {processor.py:161} INFO - Started process (PID=336) to work on /home/airflow/.local/lib/python3.12/site-packages/airflow/example_dags/example_xcom.py
[2025-10-15T17:10:15.367+0000] {processor.py:830} INFO - Processing file /home/airflow/.local/lib/python3.12/site-packages/airflow/example_dags/example_xcom.py for tasks to queue
[2025-10-15T17:10:15.369+0000] {logging_mixin.py:188} INFO - [2025-10-15T17:10:15.369+0000] {dagbag.py:545} INFO - Filling up the DagBag from /home/airflow/.local/lib/python3.12/site-packages/airflow/example_dags/example_xcom.py
[2025-10-15T17:10:15.374+0000] {processor.py:840} INFO - DAG(s) 'example_xcom' retrieved from /home/airflow/.local/lib/python3.12/site-packages/airflow/example_dags/example_xcom.py
[2025-10-15T17:10:15.394+0000] {logging_mixin.py:188} INFO - [2025-10-15T17:10:15.394+0000] {dag.py:3089} INFO - Sync 1 DAGs
[2025-10-15T17:10:15.410+0000] {logging_mixin.py:188} INFO - [2025-10-15T17:10:15.410+0000] {dag.py:3947} INFO - Setting next_dagrun for example_xcom to 2021-01-01 00:00:00+00:00, run_after=2021-01-01 00:00:00+00:00
[2025-10-15T17:10:15.429+0000] {processor.py:183} INFO - Processing /home/airflow/.local/lib/python3.12/site-packages/airflow/example_dags/example_xcom.py took 0.070 seconds
[2025-10-15T17:10:45.465+0000] {processor.py:161} INFO - Started process (PID=393) to work on /home/airflow/.local/lib/python3.12/site-packages/airflow/example_dags/example_xcom.py
[2025-10-15T17:10:45.466+0000] {processor.py:830} INFO - Processing file /home/airflow/.local/lib/python3.12/site-packages/airflow/example_dags/example_xcom.py for tasks to queue
[2025-10-15T17:10:45.467+0000] {logging_mixin.py:188} INFO - [2025-10-15T17:10:45.467+0000] {dagbag.py:545} INFO - Filling up the DagBag from /home/airflow/.local/lib/python3.12/site-packages/airflow/example_dags/example_xcom.py
[2025-10-15T17:10:45.472+0000] {processor.py:840} INFO - DAG(s) 'example_xcom' retrieved from /home/airflow/.local/lib/python3.12/site-packages/airflow/example_dags/example_xcom.py
[2025-10-15T17:10:45.484+0000] {logging_mixin.py:188} INFO - [2025-10-15T17:10:45.483+0000] {dag.py:3089} INFO - Sync 1 DAGs
[2025-10-15T17:10:45.495+0000] {logging_mixin.py:188} INFO - [2025-10-15T17:10:45.495+0000] {dag.py:3947} INFO - Setting next_dagrun for example_xcom to 2021-01-01 00:00:00+00:00, run_after=2021-01-01 00:00:00+00:00
[2025-10-15T17:10:45.503+0000] {processor.py:183} INFO - Processing /home/airflow/.local/lib/python3.12/site-packages/airflow/example_dags/example_xcom.py took 0.041 seconds
[2025-10-15T17:11:16.225+0000] {processor.py:161} INFO - Started process (PID=451) to work on /home/airflow/.local/lib/python3.12/site-packages/airflow/example_dags/example_xcom.py
[2025-10-15T17:11:16.226+0000] {processor.py:830} INFO - Processing file /home/airflow/.local/lib/python3.12/site-packages/airflow/example_dags/example_xcom.py for tasks to queue
[2025-10-15T17:11:16.228+0000] {logging_mixin.py:188} INFO - [2025-10-15T17:11:16.227+0000] {dagbag.py:545} INFO - Filling up the DagBag from /home/airflow/.local/lib/python3.12/site-packages/airflow/example_dags/example_xcom.py
[2025-10-15T17:11:16.234+0000] {processor.py:840} INFO - DAG(s) 'example_xcom' retrieved from /home/airflow/.local/lib/python3.12/site-packages/airflow/example_dags/example_xcom.py
[2025-10-15T17:11:16.262+0000] {logging_mixin.py:188} INFO - [2025-10-15T17:11:16.262+0000] {dag.py:3089} INFO - Sync 1 DAGs
[2025-10-15T17:11:16.295+0000] {logging_mixin.py:188} INFO - [2025-10-15T17:11:16.294+0000] {dag.py:3947} INFO - Setting next_dagrun for example_xcom to 2021-01-01 00:00:00+00:00, run_after=2021-01-01 00:00:00+00:00
[2025-10-15T17:11:16.319+0000] {processor.py:183} INFO - Processing /home/airflow/.local/lib/python3.12/site-packages/airflow/example_dags/example_xcom.py took 0.099 seconds
[2025-10-15T17:11:46.344+0000] {processor.py:161} INFO - Started process (PID=509) to work on /home/airflow/.local/lib/python3.12/site-packages/airflow/example_dags/example_xcom.py
[2025-10-15T17:11:46.344+0000] {processor.py:830} INFO - Processing file /home/airflow/.local/lib/python3.12/site-packages/airflow/example_dags/example_xcom.py for tasks to queue
[2025-10-15T17:11:46.346+0000] {logging_mixin.py:188} INFO - [2025-10-15T17:11:46.345+0000] {dagbag.py:545} INFO - Filling up the DagBag from /home/airflow/.local/lib/python3.12/site-packages/airflow/example_dags/example_xcom.py
[2025-10-15T17:11:46.350+0000] {processor.py:840} INFO - DAG(s) 'example_xcom' retrieved from /home/airflow/.local/lib/python3.12/site-packages/airflow/example_dags/example_xcom.py
[2025-10-15T17:11:46.364+0000] {logging_mixin.py:188} INFO - [2025-10-15T17:11:46.364+0000] {dag.py:3089} INFO - Sync 1 DAGs
[2025-10-15T17:11:46.377+0000] {logging_mixin.py:188} INFO - [2025-10-15T17:11:46.377+0000] {dag.py:3947} INFO - Setting next_dagrun for example_xcom to 2021-01-01 00:00:00+00:00, run_after=2021-01-01 00:00:00+00:00
[2025-10-15T17:11:46.390+0000] {processor.py:183} INFO - Processing /home/airflow/.local/lib/python3.12/site-packages/airflow/example_dags/example_xcom.py took 0.050 seconds
[2025-10-15T17:12:16.657+0000] {processor.py:161} INFO - Started process (PID=567) to work on /home/airflow/.local/lib/python3.12/site-packages/airflow/example_dags/example_xcom.py
[2025-10-15T17:12:16.660+0000] {processor.py:830} INFO - Processing file /home/airflow/.local/lib/python3.12/site-packages/airflow/example_dags/example_xcom.py for tasks to queue
[2025-10-15T17:12:16.661+0000] {logging_mixin.py:188} INFO - [2025-10-15T17:12:16.661+0000] {dagbag.py:545} INFO - Filling up the DagBag from /home/airflow/.local/lib/python3.12/site-packages/airflow/example_dags/example_xcom.py
[2025-10-15T17:12:16.668+0000] {processor.py:840} INFO - DAG(s) 'example_xcom' retrieved from /home/airflow/.local/lib/python3.12/site-packages/airflow/example_dags/example_xcom.py
[2025-10-15T17:12:16.691+0000] {logging_mixin.py:188} INFO - [2025-10-15T17:12:16.691+0000] {dag.py:3089} INFO - Sync 1 DAGs
[2025-10-15T17:12:16.706+0000] {logging_mixin.py:188} INFO - [2025-10-15T17:12:16.705+0000] {dag.py:3947} INFO - Setting next_dagrun for example_xcom to 2021-01-01 00:00:00+00:00, run_after=2021-01-01 00:00:00+00:00
[2025-10-15T17:12:16.717+0000] {processor.py:183} INFO - Processing /home/airflow/.local/lib/python3.12/site-packages/airflow/example_dags/example_xcom.py took 0.065 seconds
[2025-10-15T17:12:47.371+0000] {processor.py:161} INFO - Started process (PID=625) to work on /home/airflow/.local/lib/python3.12/site-packages/airflow/example_dags/example_xcom.py
[2025-10-15T17:12:47.375+0000] {processor.py:830} INFO - Processing file /home/airflow/.local/lib/python3.12/site-packages/airflow/example_dags/example_xcom.py for tasks to queue
[2025-10-15T17:12:47.376+0000] {logging_mixin.py:188} INFO - [2025-10-15T17:12:47.376+0000] {dagbag.py:545} INFO - Filling up the DagBag from /home/airflow/.local/lib/python3.12/site-packages/airflow/example_dags/example_xcom.py
[2025-10-15T17:12:47.381+0000] {processor.py:840} INFO - DAG(s) 'example_xcom' retrieved from /home/airflow/.local/lib/python3.12/site-packages/airflow/example_dags/example_xcom.py
[2025-10-15T17:12:47.400+0000] {logging_mixin.py:188} INFO - [2025-10-15T17:12:47.400+0000] {dag.py:3089} INFO - Sync 1 DAGs
[2025-10-15T17:12:47.415+0000] {logging_mixin.py:188} INFO - [2025-10-15T17:12:47.415+0000] {dag.py:3947} INFO - Setting next_dagrun for example_xcom to 2021-01-01 00:00:00+00:00, run_after=2021-01-01 00:00:00+00:00
[2025-10-15T17:12:47.433+0000] {processor.py:183} INFO - Processing /home/airflow/.local/lib/python3.12/site-packages/airflow/example_dags/example_xcom.py took 0.066 seconds
[2025-10-15T17:13:18.420+0000] {processor.py:161} INFO - Started process (PID=683) to work on /home/airflow/.local/lib/python3.12/site-packages/airflow/example_dags/example_xcom.py
[2025-10-15T17:13:18.422+0000] {processor.py:830} INFO - Processing file /home/airflow/.local/lib/python3.12/site-packages/airflow/example_dags/example_xcom.py for tasks to queue
[2025-10-15T17:13:18.423+0000] {logging_mixin.py:188} INFO - [2025-10-15T17:13:18.423+0000] {dagbag.py:545} INFO - Filling up the DagBag from /home/airflow/.local/lib/python3.12/site-packages/airflow/example_dags/example_xcom.py
[2025-10-15T17:13:18.428+0000] {processor.py:840} INFO - DAG(s) 'example_xcom' retrieved from /home/airflow/.local/lib/python3.12/site-packages/airflow/example_dags/example_xcom.py
[2025-10-15T17:13:18.442+0000] {logging_mixin.py:188} INFO - [2025-10-15T17:13:18.442+0000] {dag.py:3089} INFO - Sync 1 DAGs
[2025-10-15T17:13:18.455+0000] {logging_mixin.py:188} INFO - [2025-10-15T17:13:18.454+0000] {dag.py:3947} INFO - Setting next_dagrun for example_xcom to 2021-01-01 00:00:00+00:00, run_after=2021-01-01 00:00:00+00:00
[2025-10-15T17:13:18.466+0000] {processor.py:183} INFO - Processing /home/airflow/.local/lib/python3.12/site-packages/airflow/example_dags/example_xcom.py took 0.049 seconds
[2025-10-15T17:13:49.442+0000] {processor.py:161} INFO - Started process (PID=741) to work on /home/airflow/.local/lib/python3.12/site-packages/airflow/example_dags/example_xcom.py
[2025-10-15T17:13:49.443+0000] {processor.py:830} INFO - Processing file /home/airflow/.local/lib/python3.12/site-packages/airflow/example_dags/example_xcom.py for tasks to queue
[2025-10-15T17:13:49.444+0000] {logging_mixin.py:188} INFO - [2025-10-15T17:13:49.444+0000] {dagbag.py:545} INFO - Filling up the DagBag from /home/airflow/.local/lib/python3.12/site-packages/airflow/example_dags/example_xcom.py
[2025-10-15T17:13:49.449+0000] {processor.py:840} INFO - DAG(s) 'example_xcom' retrieved from /home/airflow/.local/lib/python3.12/site-packages/airflow/example_dags/example_xcom.py
[2025-10-15T17:13:49.463+0000] {logging_mixin.py:188} INFO - [2025-10-15T17:13:49.463+0000] {dag.py:3089} INFO - Sync 1 DAGs
[2025-10-15T17:13:49.478+0000] {logging_mixin.py:188} INFO - [2025-10-15T17:13:49.478+0000] {dag.py:3947} INFO - Setting next_dagrun for example_xcom to 2021-01-01 00:00:00+00:00, run_after=2021-01-01 00:00:00+00:00
[2025-10-15T17:13:49.491+0000] {processor.py:183} INFO - Processing /home/airflow/.local/lib/python3.12/site-packages/airflow/example_dags/example_xcom.py took 0.053 seconds
[2025-10-15T17:14:19.782+0000] {processor.py:161} INFO - Started process (PID=799) to work on /home/airflow/.local/lib/python3.12/site-packages/airflow/example_dags/example_xcom.py
[2025-10-15T17:14:19.786+0000] {processor.py:830} INFO - Processing file /home/airflow/.local/lib/python3.12/site-packages/airflow/example_dags/example_xcom.py for tasks to queue
[2025-10-15T17:14:19.787+0000] {logging_mixin.py:188} INFO - [2025-10-15T17:14:19.787+0000] {dagbag.py:545} INFO - Filling up the DagBag from /home/airflow/.local/lib/python3.12/site-packages/airflow/example_dags/example_xcom.py
[2025-10-15T17:14:19.792+0000] {processor.py:840} INFO - DAG(s) 'example_xcom' retrieved from /home/airflow/.local/lib/python3.12/site-packages/airflow/example_dags/example_xcom.py
[2025-10-15T17:14:19.805+0000] {logging_mixin.py:188} INFO - [2025-10-15T17:14:19.805+0000] {dag.py:3089} INFO - Sync 1 DAGs
[2025-10-15T17:14:19.820+0000] {logging_mixin.py:188} INFO - [2025-10-15T17:14:19.819+0000] {dag.py:3947} INFO - Setting next_dagrun for example_xcom to 2021-01-01 00:00:00+00:00, run_after=2021-01-01 00:00:00+00:00
[2025-10-15T17:14:19.829+0000] {processor.py:183} INFO - Processing /home/airflow/.local/lib/python3.12/site-packages/airflow/example_dags/example_xcom.py took 0.051 seconds
[2025-10-15T17:14:50.043+0000] {processor.py:161} INFO - Started process (PID=857) to work on /home/airflow/.local/lib/python3.12/site-packages/airflow/example_dags/example_xcom.py
[2025-10-15T17:14:50.043+0000] {processor.py:830} INFO - Processing file /home/airflow/.local/lib/python3.12/site-packages/airflow/example_dags/example_xcom.py for tasks to queue
[2025-10-15T17:14:50.047+0000] {logging_mixin.py:188} INFO - [2025-10-15T17:14:50.047+0000] {dagbag.py:545} INFO - Filling up the DagBag from /home/airflow/.local/lib/python3.12/site-packages/airflow/example_dags/example_xcom.py
[2025-10-15T17:14:50.052+0000] {processor.py:840} INFO - DAG(s) 'example_xcom' retrieved from /home/airflow/.local/lib/python3.12/site-packages/airflow/example_dags/example_xcom.py
[2025-10-15T17:14:50.063+0000] {logging_mixin.py:188} INFO - [2025-10-15T17:14:50.063+0000] {dag.py:3089} INFO - Sync 1 DAGs
[2025-10-15T17:14:50.075+0000] {logging_mixin.py:188} INFO - [2025-10-15T17:14:50.074+0000] {dag.py:3947} INFO - Setting next_dagrun for example_xcom to 2021-01-01 00:00:00+00:00, run_after=2021-01-01 00:00:00+00:00
[2025-10-15T17:14:50.084+0000] {processor.py:183} INFO - Processing /home/airflow/.local/lib/python3.12/site-packages/airflow/example_dags/example_xcom.py took 0.045 seconds
[2025-10-15T17:15:20.363+0000] {processor.py:161} INFO - Started process (PID=915) to work on /home/airflow/.local/lib/python3.12/site-packages/airflow/example_dags/example_xcom.py
[2025-10-15T17:15:20.366+0000] {processor.py:830} INFO - Processing file /home/airflow/.local/lib/python3.12/site-packages/airflow/example_dags/example_xcom.py for tasks to queue
[2025-10-15T17:15:20.367+0000] {logging_mixin.py:188} INFO - [2025-10-15T17:15:20.367+0000] {dagbag.py:545} INFO - Filling up the DagBag from /home/airflow/.local/lib/python3.12/site-packages/airflow/example_dags/example_xcom.py
[2025-10-15T17:15:20.373+0000] {processor.py:840} INFO - DAG(s) 'example_xcom' retrieved from /home/airflow/.local/lib/python3.12/site-packages/airflow/example_dags/example_xcom.py
[2025-10-15T17:15:20.385+0000] {logging_mixin.py:188} INFO - [2025-10-15T17:15:20.385+0000] {dag.py:3089} INFO - Sync 1 DAGs
[2025-10-15T17:15:20.396+0000] {logging_mixin.py:188} INFO - [2025-10-15T17:15:20.396+0000] {dag.py:3947} INFO - Setting next_dagrun for example_xcom to 2021-01-01 00:00:00+00:00, run_after=2021-01-01 00:00:00+00:00
[2025-10-15T17:15:20.407+0000] {processor.py:183} INFO - Processing /home/airflow/.local/lib/python3.12/site-packages/airflow/example_dags/example_xcom.py took 0.047 seconds
[2025-10-15T17:19:49.925+0000] {processor.py:161} INFO - Started process (PID=99) to work on /home/airflow/.local/lib/python3.12/site-packages/airflow/example_dags/example_xcom.py
[2025-10-15T17:19:49.926+0000] {processor.py:830} INFO - Processing file /home/airflow/.local/lib/python3.12/site-packages/airflow/example_dags/example_xcom.py for tasks to queue
[2025-10-15T17:19:49.927+0000] {logging_mixin.py:188} INFO - [2025-10-15T17:19:49.927+0000] {dagbag.py:545} INFO - Filling up the DagBag from /home/airflow/.local/lib/python3.12/site-packages/airflow/example_dags/example_xcom.py
[2025-10-15T17:19:49.937+0000] {processor.py:840} INFO - DAG(s) 'example_xcom' retrieved from /home/airflow/.local/lib/python3.12/site-packages/airflow/example_dags/example_xcom.py
[2025-10-15T17:19:50.018+0000] {logging_mixin.py:188} INFO - [2025-10-15T17:19:50.017+0000] {dag.py:3089} INFO - Sync 1 DAGs
[2025-10-15T17:19:50.031+0000] {logging_mixin.py:188} INFO - [2025-10-15T17:19:50.031+0000] {dag.py:3947} INFO - Setting next_dagrun for example_xcom to 2021-01-01 00:00:00+00:00, run_after=2021-01-01 00:00:00+00:00
[2025-10-15T17:19:50.050+0000] {processor.py:183} INFO - Processing /home/airflow/.local/lib/python3.12/site-packages/airflow/example_dags/example_xcom.py took 0.132 seconds
[2025-10-15T17:20:20.482+0000] {processor.py:161} INFO - Started process (PID=157) to work on /home/airflow/.local/lib/python3.12/site-packages/airflow/example_dags/example_xcom.py
[2025-10-15T17:20:20.483+0000] {processor.py:830} INFO - Processing file /home/airflow/.local/lib/python3.12/site-packages/airflow/example_dags/example_xcom.py for tasks to queue
[2025-10-15T17:20:20.485+0000] {logging_mixin.py:188} INFO - [2025-10-15T17:20:20.484+0000] {dagbag.py:545} INFO - Filling up the DagBag from /home/airflow/.local/lib/python3.12/site-packages/airflow/example_dags/example_xcom.py
[2025-10-15T17:20:20.490+0000] {processor.py:840} INFO - DAG(s) 'example_xcom' retrieved from /home/airflow/.local/lib/python3.12/site-packages/airflow/example_dags/example_xcom.py
[2025-10-15T17:20:20.509+0000] {logging_mixin.py:188} INFO - [2025-10-15T17:20:20.509+0000] {dag.py:3089} INFO - Sync 1 DAGs
[2025-10-15T17:20:20.528+0000] {logging_mixin.py:188} INFO - [2025-10-15T17:20:20.528+0000] {dag.py:3947} INFO - Setting next_dagrun for example_xcom to 2021-01-01 00:00:00+00:00, run_after=2021-01-01 00:00:00+00:00
[2025-10-15T17:20:20.588+0000] {processor.py:183} INFO - Processing /home/airflow/.local/lib/python3.12/site-packages/airflow/example_dags/example_xcom.py took 0.111 seconds
[2025-10-15T17:20:51.145+0000] {processor.py:161} INFO - Started process (PID=215) to work on /home/airflow/.local/lib/python3.12/site-packages/airflow/example_dags/example_xcom.py
[2025-10-15T17:20:51.148+0000] {processor.py:830} INFO - Processing file /home/airflow/.local/lib/python3.12/site-packages/airflow/example_dags/example_xcom.py for tasks to queue
[2025-10-15T17:20:51.150+0000] {logging_mixin.py:188} INFO - [2025-10-15T17:20:51.149+0000] {dagbag.py:545} INFO - Filling up the DagBag from /home/airflow/.local/lib/python3.12/site-packages/airflow/example_dags/example_xcom.py
[2025-10-15T17:20:51.157+0000] {processor.py:840} INFO - DAG(s) 'example_xcom' retrieved from /home/airflow/.local/lib/python3.12/site-packages/airflow/example_dags/example_xcom.py
[2025-10-15T17:20:51.179+0000] {logging_mixin.py:188} INFO - [2025-10-15T17:20:51.179+0000] {dag.py:3089} INFO - Sync 1 DAGs
[2025-10-15T17:20:51.196+0000] {logging_mixin.py:188} INFO - [2025-10-15T17:20:51.196+0000] {dag.py:3947} INFO - Setting next_dagrun for example_xcom to 2021-01-01 00:00:00+00:00, run_after=2021-01-01 00:00:00+00:00
[2025-10-15T17:20:51.211+0000] {processor.py:183} INFO - Processing /home/airflow/.local/lib/python3.12/site-packages/airflow/example_dags/example_xcom.py took 0.070 seconds
[2025-10-15T17:21:22.108+0000] {processor.py:161} INFO - Started process (PID=273) to work on /home/airflow/.local/lib/python3.12/site-packages/airflow/example_dags/example_xcom.py
[2025-10-15T17:21:22.111+0000] {processor.py:830} INFO - Processing file /home/airflow/.local/lib/python3.12/site-packages/airflow/example_dags/example_xcom.py for tasks to queue
[2025-10-15T17:21:22.114+0000] {logging_mixin.py:188} INFO - [2025-10-15T17:21:22.113+0000] {dagbag.py:545} INFO - Filling up the DagBag from /home/airflow/.local/lib/python3.12/site-packages/airflow/example_dags/example_xcom.py
[2025-10-15T17:21:22.120+0000] {processor.py:840} INFO - DAG(s) 'example_xcom' retrieved from /home/airflow/.local/lib/python3.12/site-packages/airflow/example_dags/example_xcom.py
[2025-10-15T17:21:22.138+0000] {logging_mixin.py:188} INFO - [2025-10-15T17:21:22.138+0000] {dag.py:3089} INFO - Sync 1 DAGs
[2025-10-15T17:21:22.153+0000] {logging_mixin.py:188} INFO - [2025-10-15T17:21:22.152+0000] {dag.py:3947} INFO - Setting next_dagrun for example_xcom to 2021-01-01 00:00:00+00:00, run_after=2021-01-01 00:00:00+00:00
[2025-10-15T17:21:22.169+0000] {processor.py:183} INFO - Processing /home/airflow/.local/lib/python3.12/site-packages/airflow/example_dags/example_xcom.py took 0.069 seconds
[2025-10-15T17:21:53.346+0000] {processor.py:161} INFO - Started process (PID=331) to work on /home/airflow/.local/lib/python3.12/site-packages/airflow/example_dags/example_xcom.py
[2025-10-15T17:21:53.350+0000] {processor.py:830} INFO - Processing file /home/airflow/.local/lib/python3.12/site-packages/airflow/example_dags/example_xcom.py for tasks to queue
[2025-10-15T17:21:53.352+0000] {logging_mixin.py:188} INFO - [2025-10-15T17:21:53.352+0000] {dagbag.py:545} INFO - Filling up the DagBag from /home/airflow/.local/lib/python3.12/site-packages/airflow/example_dags/example_xcom.py
[2025-10-15T17:21:53.360+0000] {processor.py:840} INFO - DAG(s) 'example_xcom' retrieved from /home/airflow/.local/lib/python3.12/site-packages/airflow/example_dags/example_xcom.py
[2025-10-15T17:21:53.384+0000] {logging_mixin.py:188} INFO - [2025-10-15T17:21:53.384+0000] {dag.py:3089} INFO - Sync 1 DAGs
[2025-10-15T17:21:53.405+0000] {logging_mixin.py:188} INFO - [2025-10-15T17:21:53.405+0000] {dag.py:3947} INFO - Setting next_dagrun for example_xcom to 2021-01-01 00:00:00+00:00, run_after=2021-01-01 00:00:00+00:00
[2025-10-15T17:21:53.423+0000] {processor.py:183} INFO - Processing /home/airflow/.local/lib/python3.12/site-packages/airflow/example_dags/example_xcom.py took 0.082 seconds
[2025-10-15T17:22:24.016+0000] {processor.py:161} INFO - Started process (PID=389) to work on /home/airflow/.local/lib/python3.12/site-packages/airflow/example_dags/example_xcom.py
[2025-10-15T17:22:24.017+0000] {processor.py:830} INFO - Processing file /home/airflow/.local/lib/python3.12/site-packages/airflow/example_dags/example_xcom.py for tasks to queue
[2025-10-15T17:22:24.019+0000] {logging_mixin.py:188} INFO - [2025-10-15T17:22:24.018+0000] {dagbag.py:545} INFO - Filling up the DagBag from /home/airflow/.local/lib/python3.12/site-packages/airflow/example_dags/example_xcom.py
[2025-10-15T17:22:24.023+0000] {processor.py:840} INFO - DAG(s) 'example_xcom' retrieved from /home/airflow/.local/lib/python3.12/site-packages/airflow/example_dags/example_xcom.py
[2025-10-15T17:22:24.043+0000] {logging_mixin.py:188} INFO - [2025-10-15T17:22:24.042+0000] {dag.py:3089} INFO - Sync 1 DAGs
[2025-10-15T17:22:24.055+0000] {logging_mixin.py:188} INFO - [2025-10-15T17:22:24.055+0000] {dag.py:3947} INFO - Setting next_dagrun for example_xcom to 2021-01-01 00:00:00+00:00, run_after=2021-01-01 00:00:00+00:00
[2025-10-15T17:22:24.067+0000] {processor.py:183} INFO - Processing /home/airflow/.local/lib/python3.12/site-packages/airflow/example_dags/example_xcom.py took 0.055 seconds
[2025-10-15T17:22:54.481+0000] {processor.py:161} INFO - Started process (PID=447) to work on /home/airflow/.local/lib/python3.12/site-packages/airflow/example_dags/example_xcom.py
[2025-10-15T17:22:54.483+0000] {processor.py:830} INFO - Processing file /home/airflow/.local/lib/python3.12/site-packages/airflow/example_dags/example_xcom.py for tasks to queue
[2025-10-15T17:22:54.486+0000] {logging_mixin.py:188} INFO - [2025-10-15T17:22:54.486+0000] {dagbag.py:545} INFO - Filling up the DagBag from /home/airflow/.local/lib/python3.12/site-packages/airflow/example_dags/example_xcom.py
[2025-10-15T17:22:54.496+0000] {processor.py:840} INFO - DAG(s) 'example_xcom' retrieved from /home/airflow/.local/lib/python3.12/site-packages/airflow/example_dags/example_xcom.py
[2025-10-15T17:22:54.530+0000] {logging_mixin.py:188} INFO - [2025-10-15T17:22:54.530+0000] {dag.py:3089} INFO - Sync 1 DAGs
[2025-10-15T17:22:54.545+0000] {logging_mixin.py:188} INFO - [2025-10-15T17:22:54.545+0000] {dag.py:3947} INFO - Setting next_dagrun for example_xcom to 2021-01-01 00:00:00+00:00, run_after=2021-01-01 00:00:00+00:00
[2025-10-15T17:22:54.560+0000] {processor.py:183} INFO - Processing /home/airflow/.local/lib/python3.12/site-packages/airflow/example_dags/example_xcom.py took 0.088 seconds
[2025-10-15T17:23:25.263+0000] {processor.py:161} INFO - Started process (PID=505) to work on /home/airflow/.local/lib/python3.12/site-packages/airflow/example_dags/example_xcom.py
[2025-10-15T17:23:25.264+0000] {processor.py:830} INFO - Processing file /home/airflow/.local/lib/python3.12/site-packages/airflow/example_dags/example_xcom.py for tasks to queue
[2025-10-15T17:23:25.265+0000] {logging_mixin.py:188} INFO - [2025-10-15T17:23:25.265+0000] {dagbag.py:545} INFO - Filling up the DagBag from /home/airflow/.local/lib/python3.12/site-packages/airflow/example_dags/example_xcom.py
[2025-10-15T17:23:25.270+0000] {processor.py:840} INFO - DAG(s) 'example_xcom' retrieved from /home/airflow/.local/lib/python3.12/site-packages/airflow/example_dags/example_xcom.py
[2025-10-15T17:23:25.283+0000] {logging_mixin.py:188} INFO - [2025-10-15T17:23:25.283+0000] {dag.py:3089} INFO - Sync 1 DAGs
[2025-10-15T17:23:25.298+0000] {logging_mixin.py:188} INFO - [2025-10-15T17:23:25.298+0000] {dag.py:3947} INFO - Setting next_dagrun for example_xcom to 2021-01-01 00:00:00+00:00, run_after=2021-01-01 00:00:00+00:00
[2025-10-15T17:23:25.314+0000] {processor.py:183} INFO - Processing /home/airflow/.local/lib/python3.12/site-packages/airflow/example_dags/example_xcom.py took 0.055 seconds
[2025-10-15T17:23:55.726+0000] {processor.py:161} INFO - Started process (PID=563) to work on /home/airflow/.local/lib/python3.12/site-packages/airflow/example_dags/example_xcom.py
[2025-10-15T17:23:55.727+0000] {processor.py:830} INFO - Processing file /home/airflow/.local/lib/python3.12/site-packages/airflow/example_dags/example_xcom.py for tasks to queue
[2025-10-15T17:23:55.728+0000] {logging_mixin.py:188} INFO - [2025-10-15T17:23:55.728+0000] {dagbag.py:545} INFO - Filling up the DagBag from /home/airflow/.local/lib/python3.12/site-packages/airflow/example_dags/example_xcom.py
[2025-10-15T17:23:55.734+0000] {processor.py:840} INFO - DAG(s) 'example_xcom' retrieved from /home/airflow/.local/lib/python3.12/site-packages/airflow/example_dags/example_xcom.py
[2025-10-15T17:23:55.751+0000] {logging_mixin.py:188} INFO - [2025-10-15T17:23:55.751+0000] {dag.py:3089} INFO - Sync 1 DAGs
[2025-10-15T17:23:55.767+0000] {logging_mixin.py:188} INFO - [2025-10-15T17:23:55.766+0000] {dag.py:3947} INFO - Setting next_dagrun for example_xcom to 2021-01-01 00:00:00+00:00, run_after=2021-01-01 00:00:00+00:00
[2025-10-15T17:23:55.785+0000] {processor.py:183} INFO - Processing /home/airflow/.local/lib/python3.12/site-packages/airflow/example_dags/example_xcom.py took 0.064 seconds
[2025-10-15T17:24:26.827+0000] {processor.py:161} INFO - Started process (PID=621) to work on /home/airflow/.local/lib/python3.12/site-packages/airflow/example_dags/example_xcom.py
[2025-10-15T17:24:26.828+0000] {processor.py:830} INFO - Processing file /home/airflow/.local/lib/python3.12/site-packages/airflow/example_dags/example_xcom.py for tasks to queue
[2025-10-15T17:24:26.830+0000] {logging_mixin.py:188} INFO - [2025-10-15T17:24:26.829+0000] {dagbag.py:545} INFO - Filling up the DagBag from /home/airflow/.local/lib/python3.12/site-packages/airflow/example_dags/example_xcom.py
[2025-10-15T17:24:26.839+0000] {processor.py:840} INFO - DAG(s) 'example_xcom' retrieved from /home/airflow/.local/lib/python3.12/site-packages/airflow/example_dags/example_xcom.py
[2025-10-15T17:24:26.868+0000] {logging_mixin.py:188} INFO - [2025-10-15T17:24:26.868+0000] {dag.py:3089} INFO - Sync 1 DAGs
[2025-10-15T17:24:26.890+0000] {logging_mixin.py:188} INFO - [2025-10-15T17:24:26.890+0000] {dag.py:3947} INFO - Setting next_dagrun for example_xcom to 2021-01-01 00:00:00+00:00, run_after=2021-01-01 00:00:00+00:00
[2025-10-15T17:24:26.917+0000] {processor.py:183} INFO - Processing /home/airflow/.local/lib/python3.12/site-packages/airflow/example_dags/example_xcom.py took 0.095 seconds
