[2025-10-15T17:08:12.108+0000] {processor.py:161} INFO - Started process (PID=102) to work on /home/airflow/.local/lib/python3.12/site-packages/airflow/example_dags/example_datasets.py
[2025-10-15T17:08:12.110+0000] {processor.py:830} INFO - Processing file /home/airflow/.local/lib/python3.12/site-packages/airflow/example_dags/example_datasets.py for tasks to queue
[2025-10-15T17:08:12.113+0000] {logging_mixin.py:188} INFO - [2025-10-15T17:08:12.112+0000] {dagbag.py:545} INFO - Filling up the DagBag from /home/airflow/.local/lib/python3.12/site-packages/airflow/example_dags/example_datasets.py
[2025-10-15T17:08:12.139+0000] {processor.py:840} INFO - DAG(s) 'dataset_consumes_1', 'consume_1_or_2_with_dataset_expressions', 'dataset_produces_1', 'dataset_produces_2', 'dataset_consumes_1_and_2', 'consume_1_and_2_with_dataset_expressions', 'dataset_consumes_1_never_scheduled', 'consume_1_or_both_2_and_3_with_dataset_expressions', 'dataset_consumes_unknown_never_scheduled', 'conditional_dataset_and_time_based_timetable' retrieved from /home/airflow/.local/lib/python3.12/site-packages/airflow/example_dags/example_datasets.py
[2025-10-15T17:08:12.245+0000] {logging_mixin.py:188} INFO - [2025-10-15T17:08:12.244+0000] {override.py:1858} INFO - Created Permission View: can edit on DAG:dataset_consumes_1
[2025-10-15T17:08:12.256+0000] {logging_mixin.py:188} INFO - [2025-10-15T17:08:12.256+0000] {override.py:1858} INFO - Created Permission View: can delete on DAG:dataset_consumes_1
[2025-10-15T17:08:12.273+0000] {logging_mixin.py:188} INFO - [2025-10-15T17:08:12.273+0000] {override.py:1858} INFO - Created Permission View: can read on DAG:dataset_consumes_1
[2025-10-15T17:08:12.299+0000] {logging_mixin.py:188} INFO - [2025-10-15T17:08:12.299+0000] {override.py:1858} INFO - Created Permission View: can edit on DAG:consume_1_or_2_with_dataset_expressions
[2025-10-15T17:08:12.350+0000] {logging_mixin.py:188} INFO - [2025-10-15T17:08:12.349+0000] {override.py:1858} INFO - Created Permission View: can delete on DAG:consume_1_or_2_with_dataset_expressions
[2025-10-15T17:08:12.474+0000] {logging_mixin.py:188} INFO - [2025-10-15T17:08:12.473+0000] {override.py:1858} INFO - Created Permission View: can read on DAG:consume_1_or_2_with_dataset_expressions
[2025-10-15T17:08:12.749+0000] {logging_mixin.py:188} INFO - [2025-10-15T17:08:12.749+0000] {override.py:1858} INFO - Created Permission View: can edit on DAG:dataset_produces_1
[2025-10-15T17:08:12.767+0000] {logging_mixin.py:188} INFO - [2025-10-15T17:08:12.765+0000] {override.py:1858} INFO - Created Permission View: can delete on DAG:dataset_produces_1
[2025-10-15T17:08:12.885+0000] {logging_mixin.py:188} INFO - [2025-10-15T17:08:12.884+0000] {override.py:1858} INFO - Created Permission View: can read on DAG:dataset_produces_1
[2025-10-15T17:08:13.290+0000] {logging_mixin.py:188} INFO - [2025-10-15T17:08:13.288+0000] {override.py:1858} INFO - Created Permission View: can edit on DAG:dataset_produces_2
[2025-10-15T17:08:13.359+0000] {logging_mixin.py:188} INFO - [2025-10-15T17:08:13.358+0000] {override.py:1858} INFO - Created Permission View: can delete on DAG:dataset_produces_2
[2025-10-15T17:08:13.398+0000] {logging_mixin.py:188} INFO - [2025-10-15T17:08:13.398+0000] {override.py:1858} INFO - Created Permission View: can read on DAG:dataset_produces_2
[2025-10-15T17:08:13.482+0000] {logging_mixin.py:188} INFO - [2025-10-15T17:08:13.478+0000] {override.py:1858} INFO - Created Permission View: can edit on DAG:dataset_consumes_1_and_2
[2025-10-15T17:08:13.523+0000] {logging_mixin.py:188} INFO - [2025-10-15T17:08:13.521+0000] {override.py:1858} INFO - Created Permission View: can delete on DAG:dataset_consumes_1_and_2
[2025-10-15T17:08:13.542+0000] {logging_mixin.py:188} INFO - [2025-10-15T17:08:13.542+0000] {override.py:1858} INFO - Created Permission View: can read on DAG:dataset_consumes_1_and_2
[2025-10-15T17:08:13.570+0000] {logging_mixin.py:188} INFO - [2025-10-15T17:08:13.570+0000] {override.py:1858} INFO - Created Permission View: can edit on DAG:consume_1_and_2_with_dataset_expressions
[2025-10-15T17:08:13.586+0000] {logging_mixin.py:188} INFO - [2025-10-15T17:08:13.586+0000] {override.py:1858} INFO - Created Permission View: can delete on DAG:consume_1_and_2_with_dataset_expressions
[2025-10-15T17:08:13.600+0000] {logging_mixin.py:188} INFO - [2025-10-15T17:08:13.600+0000] {override.py:1858} INFO - Created Permission View: can read on DAG:consume_1_and_2_with_dataset_expressions
[2025-10-15T17:08:13.619+0000] {logging_mixin.py:188} INFO - [2025-10-15T17:08:13.618+0000] {override.py:1858} INFO - Created Permission View: can edit on DAG:dataset_consumes_1_never_scheduled
[2025-10-15T17:08:13.633+0000] {logging_mixin.py:188} INFO - [2025-10-15T17:08:13.633+0000] {override.py:1858} INFO - Created Permission View: can delete on DAG:dataset_consumes_1_never_scheduled
[2025-10-15T17:08:13.654+0000] {logging_mixin.py:188} INFO - [2025-10-15T17:08:13.652+0000] {override.py:1858} INFO - Created Permission View: can read on DAG:dataset_consumes_1_never_scheduled
[2025-10-15T17:08:13.700+0000] {logging_mixin.py:188} INFO - [2025-10-15T17:08:13.699+0000] {override.py:1858} INFO - Created Permission View: can edit on DAG:consume_1_or_both_2_and_3_with_dataset_expressions
[2025-10-15T17:08:13.722+0000] {logging_mixin.py:188} INFO - [2025-10-15T17:08:13.722+0000] {override.py:1858} INFO - Created Permission View: can delete on DAG:consume_1_or_both_2_and_3_with_dataset_expressions
[2025-10-15T17:08:13.740+0000] {logging_mixin.py:188} INFO - [2025-10-15T17:08:13.739+0000] {override.py:1858} INFO - Created Permission View: can read on DAG:consume_1_or_both_2_and_3_with_dataset_expressions
[2025-10-15T17:08:13.765+0000] {logging_mixin.py:188} INFO - [2025-10-15T17:08:13.764+0000] {override.py:1858} INFO - Created Permission View: can edit on DAG:dataset_consumes_unknown_never_scheduled
[2025-10-15T17:08:13.777+0000] {logging_mixin.py:188} INFO - [2025-10-15T17:08:13.776+0000] {override.py:1858} INFO - Created Permission View: can delete on DAG:dataset_consumes_unknown_never_scheduled
[2025-10-15T17:08:13.790+0000] {logging_mixin.py:188} INFO - [2025-10-15T17:08:13.789+0000] {override.py:1858} INFO - Created Permission View: can read on DAG:dataset_consumes_unknown_never_scheduled
[2025-10-15T17:08:13.810+0000] {logging_mixin.py:188} INFO - [2025-10-15T17:08:13.809+0000] {override.py:1858} INFO - Created Permission View: can edit on DAG:conditional_dataset_and_time_based_timetable
[2025-10-15T17:08:13.822+0000] {logging_mixin.py:188} INFO - [2025-10-15T17:08:13.822+0000] {override.py:1858} INFO - Created Permission View: can delete on DAG:conditional_dataset_and_time_based_timetable
[2025-10-15T17:08:13.835+0000] {logging_mixin.py:188} INFO - [2025-10-15T17:08:13.834+0000] {override.py:1858} INFO - Created Permission View: can read on DAG:conditional_dataset_and_time_based_timetable
[2025-10-15T17:08:13.836+0000] {logging_mixin.py:188} INFO - [2025-10-15T17:08:13.835+0000] {dag.py:3089} INFO - Sync 10 DAGs
[2025-10-15T17:08:13.856+0000] {logging_mixin.py:188} INFO - [2025-10-15T17:08:13.855+0000] {dag.py:3111} INFO - Creating ORM DAG for dataset_consumes_1_never_scheduled
[2025-10-15T17:08:13.857+0000] {logging_mixin.py:188} INFO - [2025-10-15T17:08:13.856+0000] {dag.py:3111} INFO - Creating ORM DAG for dataset_consumes_1_and_2
[2025-10-15T17:08:13.858+0000] {logging_mixin.py:188} INFO - [2025-10-15T17:08:13.857+0000] {dag.py:3111} INFO - Creating ORM DAG for dataset_consumes_unknown_never_scheduled
[2025-10-15T17:08:13.858+0000] {logging_mixin.py:188} INFO - [2025-10-15T17:08:13.858+0000] {dag.py:3111} INFO - Creating ORM DAG for conditional_dataset_and_time_based_timetable
[2025-10-15T17:08:13.861+0000] {logging_mixin.py:188} INFO - [2025-10-15T17:08:13.861+0000] {dag.py:3111} INFO - Creating ORM DAG for consume_1_and_2_with_dataset_expressions
[2025-10-15T17:08:13.865+0000] {logging_mixin.py:188} INFO - [2025-10-15T17:08:13.864+0000] {dag.py:3111} INFO - Creating ORM DAG for consume_1_or_both_2_and_3_with_dataset_expressions
[2025-10-15T17:08:13.866+0000] {logging_mixin.py:188} INFO - [2025-10-15T17:08:13.865+0000] {dag.py:3111} INFO - Creating ORM DAG for dataset_produces_1
[2025-10-15T17:08:13.867+0000] {logging_mixin.py:188} INFO - [2025-10-15T17:08:13.867+0000] {dag.py:3111} INFO - Creating ORM DAG for dataset_consumes_1
[2025-10-15T17:08:13.868+0000] {logging_mixin.py:188} INFO - [2025-10-15T17:08:13.868+0000] {dag.py:3111} INFO - Creating ORM DAG for consume_1_or_2_with_dataset_expressions
[2025-10-15T17:08:13.868+0000] {logging_mixin.py:188} INFO - [2025-10-15T17:08:13.868+0000] {dag.py:3111} INFO - Creating ORM DAG for dataset_produces_2
[2025-10-15T17:08:13.889+0000] {logging_mixin.py:188} INFO - [2025-10-15T17:08:13.889+0000] {dag.py:3947} INFO - Setting next_dagrun for conditional_dataset_and_time_based_timetable to 2025-10-15 01:00:00+00:00, run_after=2025-10-15 01:00:00+00:00
[2025-10-15T17:08:13.890+0000] {logging_mixin.py:188} INFO - [2025-10-15T17:08:13.890+0000] {dag.py:3947} INFO - Setting next_dagrun for consume_1_and_2_with_dataset_expressions to None, run_after=None
[2025-10-15T17:08:13.892+0000] {logging_mixin.py:188} INFO - [2025-10-15T17:08:13.892+0000] {dag.py:3947} INFO - Setting next_dagrun for consume_1_or_2_with_dataset_expressions to None, run_after=None
[2025-10-15T17:08:13.897+0000] {logging_mixin.py:188} INFO - [2025-10-15T17:08:13.896+0000] {dag.py:3947} INFO - Setting next_dagrun for consume_1_or_both_2_and_3_with_dataset_expressions to None, run_after=None
[2025-10-15T17:08:13.898+0000] {logging_mixin.py:188} INFO - [2025-10-15T17:08:13.897+0000] {dag.py:3947} INFO - Setting next_dagrun for dataset_consumes_1 to None, run_after=None
[2025-10-15T17:08:13.899+0000] {logging_mixin.py:188} INFO - [2025-10-15T17:08:13.898+0000] {dag.py:3947} INFO - Setting next_dagrun for dataset_consumes_1_and_2 to None, run_after=None
[2025-10-15T17:08:13.899+0000] {logging_mixin.py:188} INFO - [2025-10-15T17:08:13.899+0000] {dag.py:3947} INFO - Setting next_dagrun for dataset_consumes_1_never_scheduled to None, run_after=None
[2025-10-15T17:08:13.901+0000] {logging_mixin.py:188} INFO - [2025-10-15T17:08:13.901+0000] {dag.py:3947} INFO - Setting next_dagrun for dataset_consumes_unknown_never_scheduled to None, run_after=None
[2025-10-15T17:08:13.903+0000] {logging_mixin.py:188} INFO - [2025-10-15T17:08:13.903+0000] {dag.py:3947} INFO - Setting next_dagrun for dataset_produces_1 to 2025-10-14 00:00:00+00:00, run_after=2025-10-15 00:00:00+00:00
[2025-10-15T17:08:13.904+0000] {logging_mixin.py:188} INFO - [2025-10-15T17:08:13.904+0000] {dag.py:3947} INFO - Setting next_dagrun for dataset_produces_2 to None, run_after=None
[2025-10-15T17:08:14.022+0000] {processor.py:183} INFO - Processing /home/airflow/.local/lib/python3.12/site-packages/airflow/example_dags/example_datasets.py took 1.919 seconds
[2025-10-15T17:08:44.048+0000] {processor.py:161} INFO - Started process (PID=161) to work on /home/airflow/.local/lib/python3.12/site-packages/airflow/example_dags/example_datasets.py
[2025-10-15T17:08:44.049+0000] {processor.py:830} INFO - Processing file /home/airflow/.local/lib/python3.12/site-packages/airflow/example_dags/example_datasets.py for tasks to queue
[2025-10-15T17:08:44.052+0000] {logging_mixin.py:188} INFO - [2025-10-15T17:08:44.052+0000] {dagbag.py:545} INFO - Filling up the DagBag from /home/airflow/.local/lib/python3.12/site-packages/airflow/example_dags/example_datasets.py
[2025-10-15T17:08:44.064+0000] {processor.py:840} INFO - DAG(s) 'dataset_consumes_1', 'consume_1_or_both_2_and_3_with_dataset_expressions', 'dataset_consumes_unknown_never_scheduled', 'dataset_consumes_1_never_scheduled', 'consume_1_or_2_with_dataset_expressions', 'dataset_produces_2', 'conditional_dataset_and_time_based_timetable', 'dataset_produces_1', 'consume_1_and_2_with_dataset_expressions', 'dataset_consumes_1_and_2' retrieved from /home/airflow/.local/lib/python3.12/site-packages/airflow/example_dags/example_datasets.py
[2025-10-15T17:08:44.092+0000] {logging_mixin.py:188} INFO - [2025-10-15T17:08:44.092+0000] {dag.py:3089} INFO - Sync 10 DAGs
[2025-10-15T17:08:44.106+0000] {logging_mixin.py:188} INFO - [2025-10-15T17:08:44.106+0000] {dag.py:3947} INFO - Setting next_dagrun for conditional_dataset_and_time_based_timetable to 2025-10-15 01:00:00+00:00, run_after=2025-10-15 01:00:00+00:00
[2025-10-15T17:08:44.110+0000] {logging_mixin.py:188} INFO - [2025-10-15T17:08:44.110+0000] {dag.py:3947} INFO - Setting next_dagrun for consume_1_and_2_with_dataset_expressions to None, run_after=None
[2025-10-15T17:08:44.113+0000] {logging_mixin.py:188} INFO - [2025-10-15T17:08:44.113+0000] {dag.py:3947} INFO - Setting next_dagrun for consume_1_or_2_with_dataset_expressions to None, run_after=None
[2025-10-15T17:08:44.114+0000] {logging_mixin.py:188} INFO - [2025-10-15T17:08:44.114+0000] {dag.py:3947} INFO - Setting next_dagrun for consume_1_or_both_2_and_3_with_dataset_expressions to None, run_after=None
[2025-10-15T17:08:44.115+0000] {logging_mixin.py:188} INFO - [2025-10-15T17:08:44.115+0000] {dag.py:3947} INFO - Setting next_dagrun for dataset_consumes_1 to None, run_after=None
[2025-10-15T17:08:44.117+0000] {logging_mixin.py:188} INFO - [2025-10-15T17:08:44.117+0000] {dag.py:3947} INFO - Setting next_dagrun for dataset_consumes_1_and_2 to None, run_after=None
[2025-10-15T17:08:44.119+0000] {logging_mixin.py:188} INFO - [2025-10-15T17:08:44.119+0000] {dag.py:3947} INFO - Setting next_dagrun for dataset_consumes_1_never_scheduled to None, run_after=None
[2025-10-15T17:08:44.119+0000] {logging_mixin.py:188} INFO - [2025-10-15T17:08:44.119+0000] {dag.py:3947} INFO - Setting next_dagrun for dataset_consumes_unknown_never_scheduled to None, run_after=None
[2025-10-15T17:08:44.120+0000] {logging_mixin.py:188} INFO - [2025-10-15T17:08:44.120+0000] {dag.py:3947} INFO - Setting next_dagrun for dataset_produces_1 to 2025-10-14 00:00:00+00:00, run_after=2025-10-15 00:00:00+00:00
[2025-10-15T17:08:44.123+0000] {logging_mixin.py:188} INFO - [2025-10-15T17:08:44.123+0000] {dag.py:3947} INFO - Setting next_dagrun for dataset_produces_2 to None, run_after=None
[2025-10-15T17:08:44.145+0000] {processor.py:183} INFO - Processing /home/airflow/.local/lib/python3.12/site-packages/airflow/example_dags/example_datasets.py took 0.101 seconds
[2025-10-15T17:09:14.949+0000] {processor.py:161} INFO - Started process (PID=218) to work on /home/airflow/.local/lib/python3.12/site-packages/airflow/example_dags/example_datasets.py
[2025-10-15T17:09:14.950+0000] {processor.py:830} INFO - Processing file /home/airflow/.local/lib/python3.12/site-packages/airflow/example_dags/example_datasets.py for tasks to queue
[2025-10-15T17:09:14.952+0000] {logging_mixin.py:188} INFO - [2025-10-15T17:09:14.952+0000] {dagbag.py:545} INFO - Filling up the DagBag from /home/airflow/.local/lib/python3.12/site-packages/airflow/example_dags/example_datasets.py
[2025-10-15T17:09:14.964+0000] {processor.py:840} INFO - DAG(s) 'dataset_produces_1', 'dataset_consumes_unknown_never_scheduled', 'dataset_consumes_1', 'dataset_consumes_1_and_2', 'consume_1_or_both_2_and_3_with_dataset_expressions', 'consume_1_and_2_with_dataset_expressions', 'dataset_produces_2', 'consume_1_or_2_with_dataset_expressions', 'conditional_dataset_and_time_based_timetable', 'dataset_consumes_1_never_scheduled' retrieved from /home/airflow/.local/lib/python3.12/site-packages/airflow/example_dags/example_datasets.py
[2025-10-15T17:09:15.002+0000] {logging_mixin.py:188} INFO - [2025-10-15T17:09:15.002+0000] {dag.py:3089} INFO - Sync 10 DAGs
[2025-10-15T17:09:15.018+0000] {logging_mixin.py:188} INFO - [2025-10-15T17:09:15.018+0000] {dag.py:3947} INFO - Setting next_dagrun for conditional_dataset_and_time_based_timetable to 2025-10-15 01:00:00+00:00, run_after=2025-10-15 01:00:00+00:00
[2025-10-15T17:09:15.022+0000] {logging_mixin.py:188} INFO - [2025-10-15T17:09:15.022+0000] {dag.py:3947} INFO - Setting next_dagrun for consume_1_and_2_with_dataset_expressions to None, run_after=None
[2025-10-15T17:09:15.023+0000] {logging_mixin.py:188} INFO - [2025-10-15T17:09:15.023+0000] {dag.py:3947} INFO - Setting next_dagrun for consume_1_or_2_with_dataset_expressions to None, run_after=None
[2025-10-15T17:09:15.024+0000] {logging_mixin.py:188} INFO - [2025-10-15T17:09:15.024+0000] {dag.py:3947} INFO - Setting next_dagrun for consume_1_or_both_2_and_3_with_dataset_expressions to None, run_after=None
[2025-10-15T17:09:15.024+0000] {logging_mixin.py:188} INFO - [2025-10-15T17:09:15.024+0000] {dag.py:3947} INFO - Setting next_dagrun for dataset_consumes_1 to None, run_after=None
[2025-10-15T17:09:15.025+0000] {logging_mixin.py:188} INFO - [2025-10-15T17:09:15.025+0000] {dag.py:3947} INFO - Setting next_dagrun for dataset_consumes_1_and_2 to None, run_after=None
[2025-10-15T17:09:15.026+0000] {logging_mixin.py:188} INFO - [2025-10-15T17:09:15.026+0000] {dag.py:3947} INFO - Setting next_dagrun for dataset_consumes_1_never_scheduled to None, run_after=None
[2025-10-15T17:09:15.026+0000] {logging_mixin.py:188} INFO - [2025-10-15T17:09:15.026+0000] {dag.py:3947} INFO - Setting next_dagrun for dataset_consumes_unknown_never_scheduled to None, run_after=None
[2025-10-15T17:09:15.028+0000] {logging_mixin.py:188} INFO - [2025-10-15T17:09:15.028+0000] {dag.py:3947} INFO - Setting next_dagrun for dataset_produces_1 to 2025-10-14 00:00:00+00:00, run_after=2025-10-15 00:00:00+00:00
[2025-10-15T17:09:15.028+0000] {logging_mixin.py:188} INFO - [2025-10-15T17:09:15.028+0000] {dag.py:3947} INFO - Setting next_dagrun for dataset_produces_2 to None, run_after=None
[2025-10-15T17:09:15.050+0000] {processor.py:183} INFO - Processing /home/airflow/.local/lib/python3.12/site-packages/airflow/example_dags/example_datasets.py took 0.106 seconds
[2025-10-15T17:09:45.109+0000] {processor.py:161} INFO - Started process (PID=277) to work on /home/airflow/.local/lib/python3.12/site-packages/airflow/example_dags/example_datasets.py
[2025-10-15T17:09:45.109+0000] {processor.py:830} INFO - Processing file /home/airflow/.local/lib/python3.12/site-packages/airflow/example_dags/example_datasets.py for tasks to queue
[2025-10-15T17:09:45.111+0000] {logging_mixin.py:188} INFO - [2025-10-15T17:09:45.110+0000] {dagbag.py:545} INFO - Filling up the DagBag from /home/airflow/.local/lib/python3.12/site-packages/airflow/example_dags/example_datasets.py
[2025-10-15T17:09:45.123+0000] {processor.py:840} INFO - DAG(s) 'dataset_produces_2', 'consume_1_or_both_2_and_3_with_dataset_expressions', 'dataset_consumes_1', 'dataset_consumes_unknown_never_scheduled', 'dataset_consumes_1_never_scheduled', 'consume_1_or_2_with_dataset_expressions', 'dataset_consumes_1_and_2', 'conditional_dataset_and_time_based_timetable', 'consume_1_and_2_with_dataset_expressions', 'dataset_produces_1' retrieved from /home/airflow/.local/lib/python3.12/site-packages/airflow/example_dags/example_datasets.py
[2025-10-15T17:09:45.165+0000] {logging_mixin.py:188} INFO - [2025-10-15T17:09:45.165+0000] {dag.py:3089} INFO - Sync 10 DAGs
[2025-10-15T17:09:45.181+0000] {logging_mixin.py:188} INFO - [2025-10-15T17:09:45.181+0000] {dag.py:3947} INFO - Setting next_dagrun for conditional_dataset_and_time_based_timetable to 2025-10-15 01:00:00+00:00, run_after=2025-10-15 01:00:00+00:00
[2025-10-15T17:09:45.183+0000] {logging_mixin.py:188} INFO - [2025-10-15T17:09:45.183+0000] {dag.py:3947} INFO - Setting next_dagrun for consume_1_and_2_with_dataset_expressions to None, run_after=None
[2025-10-15T17:09:45.184+0000] {logging_mixin.py:188} INFO - [2025-10-15T17:09:45.184+0000] {dag.py:3947} INFO - Setting next_dagrun for consume_1_or_2_with_dataset_expressions to None, run_after=None
[2025-10-15T17:09:45.184+0000] {logging_mixin.py:188} INFO - [2025-10-15T17:09:45.184+0000] {dag.py:3947} INFO - Setting next_dagrun for consume_1_or_both_2_and_3_with_dataset_expressions to None, run_after=None
[2025-10-15T17:09:45.185+0000] {logging_mixin.py:188} INFO - [2025-10-15T17:09:45.185+0000] {dag.py:3947} INFO - Setting next_dagrun for dataset_consumes_1 to None, run_after=None
[2025-10-15T17:09:45.186+0000] {logging_mixin.py:188} INFO - [2025-10-15T17:09:45.186+0000] {dag.py:3947} INFO - Setting next_dagrun for dataset_consumes_1_and_2 to None, run_after=None
[2025-10-15T17:09:45.187+0000] {logging_mixin.py:188} INFO - [2025-10-15T17:09:45.187+0000] {dag.py:3947} INFO - Setting next_dagrun for dataset_consumes_1_never_scheduled to None, run_after=None
[2025-10-15T17:09:45.188+0000] {logging_mixin.py:188} INFO - [2025-10-15T17:09:45.188+0000] {dag.py:3947} INFO - Setting next_dagrun for dataset_consumes_unknown_never_scheduled to None, run_after=None
[2025-10-15T17:09:45.189+0000] {logging_mixin.py:188} INFO - [2025-10-15T17:09:45.189+0000] {dag.py:3947} INFO - Setting next_dagrun for dataset_produces_1 to 2025-10-14 00:00:00+00:00, run_after=2025-10-15 00:00:00+00:00
[2025-10-15T17:09:45.190+0000] {logging_mixin.py:188} INFO - [2025-10-15T17:09:45.190+0000] {dag.py:3947} INFO - Setting next_dagrun for dataset_produces_2 to None, run_after=None
[2025-10-15T17:09:45.210+0000] {processor.py:183} INFO - Processing /home/airflow/.local/lib/python3.12/site-packages/airflow/example_dags/example_datasets.py took 0.105 seconds
[2025-10-15T17:10:15.359+0000] {processor.py:161} INFO - Started process (PID=335) to work on /home/airflow/.local/lib/python3.12/site-packages/airflow/example_dags/example_datasets.py
[2025-10-15T17:10:15.360+0000] {processor.py:830} INFO - Processing file /home/airflow/.local/lib/python3.12/site-packages/airflow/example_dags/example_datasets.py for tasks to queue
[2025-10-15T17:10:15.361+0000] {logging_mixin.py:188} INFO - [2025-10-15T17:10:15.361+0000] {dagbag.py:545} INFO - Filling up the DagBag from /home/airflow/.local/lib/python3.12/site-packages/airflow/example_dags/example_datasets.py
[2025-10-15T17:10:15.371+0000] {processor.py:840} INFO - DAG(s) 'dataset_consumes_unknown_never_scheduled', 'dataset_consumes_1', 'consume_1_and_2_with_dataset_expressions', 'consume_1_or_both_2_and_3_with_dataset_expressions', 'conditional_dataset_and_time_based_timetable', 'dataset_consumes_1_and_2', 'dataset_produces_1', 'consume_1_or_2_with_dataset_expressions', 'dataset_produces_2', 'dataset_consumes_1_never_scheduled' retrieved from /home/airflow/.local/lib/python3.12/site-packages/airflow/example_dags/example_datasets.py
[2025-10-15T17:10:15.414+0000] {logging_mixin.py:188} INFO - [2025-10-15T17:10:15.414+0000] {dag.py:3089} INFO - Sync 10 DAGs
[2025-10-15T17:10:15.432+0000] {logging_mixin.py:188} INFO - [2025-10-15T17:10:15.432+0000] {dag.py:3947} INFO - Setting next_dagrun for conditional_dataset_and_time_based_timetable to 2025-10-15 01:00:00+00:00, run_after=2025-10-15 01:00:00+00:00
[2025-10-15T17:10:15.435+0000] {logging_mixin.py:188} INFO - [2025-10-15T17:10:15.435+0000] {dag.py:3947} INFO - Setting next_dagrun for consume_1_and_2_with_dataset_expressions to None, run_after=None
[2025-10-15T17:10:15.436+0000] {logging_mixin.py:188} INFO - [2025-10-15T17:10:15.436+0000] {dag.py:3947} INFO - Setting next_dagrun for consume_1_or_2_with_dataset_expressions to None, run_after=None
[2025-10-15T17:10:15.437+0000] {logging_mixin.py:188} INFO - [2025-10-15T17:10:15.437+0000] {dag.py:3947} INFO - Setting next_dagrun for consume_1_or_both_2_and_3_with_dataset_expressions to None, run_after=None
[2025-10-15T17:10:15.437+0000] {logging_mixin.py:188} INFO - [2025-10-15T17:10:15.437+0000] {dag.py:3947} INFO - Setting next_dagrun for dataset_consumes_1 to None, run_after=None
[2025-10-15T17:10:15.438+0000] {logging_mixin.py:188} INFO - [2025-10-15T17:10:15.438+0000] {dag.py:3947} INFO - Setting next_dagrun for dataset_consumes_1_and_2 to None, run_after=None
[2025-10-15T17:10:15.438+0000] {logging_mixin.py:188} INFO - [2025-10-15T17:10:15.438+0000] {dag.py:3947} INFO - Setting next_dagrun for dataset_consumes_1_never_scheduled to None, run_after=None
[2025-10-15T17:10:15.439+0000] {logging_mixin.py:188} INFO - [2025-10-15T17:10:15.439+0000] {dag.py:3947} INFO - Setting next_dagrun for dataset_consumes_unknown_never_scheduled to None, run_after=None
[2025-10-15T17:10:15.441+0000] {logging_mixin.py:188} INFO - [2025-10-15T17:10:15.441+0000] {dag.py:3947} INFO - Setting next_dagrun for dataset_produces_1 to 2025-10-14 00:00:00+00:00, run_after=2025-10-15 00:00:00+00:00
[2025-10-15T17:10:15.441+0000] {logging_mixin.py:188} INFO - [2025-10-15T17:10:15.441+0000] {dag.py:3947} INFO - Setting next_dagrun for dataset_produces_2 to None, run_after=None
[2025-10-15T17:10:15.461+0000] {processor.py:183} INFO - Processing /home/airflow/.local/lib/python3.12/site-packages/airflow/example_dags/example_datasets.py took 0.106 seconds
[2025-10-15T17:10:45.519+0000] {processor.py:161} INFO - Started process (PID=394) to work on /home/airflow/.local/lib/python3.12/site-packages/airflow/example_dags/example_datasets.py
[2025-10-15T17:10:45.519+0000] {processor.py:830} INFO - Processing file /home/airflow/.local/lib/python3.12/site-packages/airflow/example_dags/example_datasets.py for tasks to queue
[2025-10-15T17:10:45.521+0000] {logging_mixin.py:188} INFO - [2025-10-15T17:10:45.520+0000] {dagbag.py:545} INFO - Filling up the DagBag from /home/airflow/.local/lib/python3.12/site-packages/airflow/example_dags/example_datasets.py
[2025-10-15T17:10:45.529+0000] {processor.py:840} INFO - DAG(s) 'dataset_produces_2', 'dataset_produces_1', 'consume_1_or_both_2_and_3_with_dataset_expressions', 'consume_1_or_2_with_dataset_expressions', 'conditional_dataset_and_time_based_timetable', 'dataset_consumes_1_and_2', 'dataset_consumes_1_never_scheduled', 'dataset_consumes_1', 'consume_1_and_2_with_dataset_expressions', 'dataset_consumes_unknown_never_scheduled' retrieved from /home/airflow/.local/lib/python3.12/site-packages/airflow/example_dags/example_datasets.py
[2025-10-15T17:10:45.589+0000] {logging_mixin.py:188} INFO - [2025-10-15T17:10:45.589+0000] {dag.py:3089} INFO - Sync 10 DAGs
[2025-10-15T17:10:45.624+0000] {logging_mixin.py:188} INFO - [2025-10-15T17:10:45.624+0000] {dag.py:3947} INFO - Setting next_dagrun for conditional_dataset_and_time_based_timetable to 2025-10-15 01:00:00+00:00, run_after=2025-10-15 01:00:00+00:00
[2025-10-15T17:10:45.629+0000] {logging_mixin.py:188} INFO - [2025-10-15T17:10:45.629+0000] {dag.py:3947} INFO - Setting next_dagrun for consume_1_and_2_with_dataset_expressions to None, run_after=None
[2025-10-15T17:10:45.631+0000] {logging_mixin.py:188} INFO - [2025-10-15T17:10:45.631+0000] {dag.py:3947} INFO - Setting next_dagrun for consume_1_or_2_with_dataset_expressions to None, run_after=None
[2025-10-15T17:10:45.632+0000] {logging_mixin.py:188} INFO - [2025-10-15T17:10:45.632+0000] {dag.py:3947} INFO - Setting next_dagrun for consume_1_or_both_2_and_3_with_dataset_expressions to None, run_after=None
[2025-10-15T17:10:45.633+0000] {logging_mixin.py:188} INFO - [2025-10-15T17:10:45.633+0000] {dag.py:3947} INFO - Setting next_dagrun for dataset_consumes_1 to None, run_after=None
[2025-10-15T17:10:45.634+0000] {logging_mixin.py:188} INFO - [2025-10-15T17:10:45.634+0000] {dag.py:3947} INFO - Setting next_dagrun for dataset_consumes_1_and_2 to None, run_after=None
[2025-10-15T17:10:45.635+0000] {logging_mixin.py:188} INFO - [2025-10-15T17:10:45.635+0000] {dag.py:3947} INFO - Setting next_dagrun for dataset_consumes_1_never_scheduled to None, run_after=None
[2025-10-15T17:10:45.636+0000] {logging_mixin.py:188} INFO - [2025-10-15T17:10:45.636+0000] {dag.py:3947} INFO - Setting next_dagrun for dataset_consumes_unknown_never_scheduled to None, run_after=None
[2025-10-15T17:10:45.637+0000] {logging_mixin.py:188} INFO - [2025-10-15T17:10:45.637+0000] {dag.py:3947} INFO - Setting next_dagrun for dataset_produces_1 to 2025-10-14 00:00:00+00:00, run_after=2025-10-15 00:00:00+00:00
[2025-10-15T17:10:45.638+0000] {logging_mixin.py:188} INFO - [2025-10-15T17:10:45.638+0000] {dag.py:3947} INFO - Setting next_dagrun for dataset_produces_2 to None, run_after=None
[2025-10-15T17:10:45.661+0000] {processor.py:183} INFO - Processing /home/airflow/.local/lib/python3.12/site-packages/airflow/example_dags/example_datasets.py took 0.146 seconds
[2025-10-15T17:11:16.265+0000] {processor.py:161} INFO - Started process (PID=452) to work on /home/airflow/.local/lib/python3.12/site-packages/airflow/example_dags/example_datasets.py
[2025-10-15T17:11:16.273+0000] {processor.py:830} INFO - Processing file /home/airflow/.local/lib/python3.12/site-packages/airflow/example_dags/example_datasets.py for tasks to queue
[2025-10-15T17:11:16.279+0000] {logging_mixin.py:188} INFO - [2025-10-15T17:11:16.279+0000] {dagbag.py:545} INFO - Filling up the DagBag from /home/airflow/.local/lib/python3.12/site-packages/airflow/example_dags/example_datasets.py
[2025-10-15T17:11:16.301+0000] {processor.py:840} INFO - DAG(s) 'dataset_consumes_1_never_scheduled', 'conditional_dataset_and_time_based_timetable', 'dataset_consumes_1', 'dataset_produces_2', 'dataset_produces_1', 'consume_1_or_2_with_dataset_expressions', 'consume_1_or_both_2_and_3_with_dataset_expressions', 'dataset_consumes_unknown_never_scheduled', 'dataset_consumes_1_and_2', 'consume_1_and_2_with_dataset_expressions' retrieved from /home/airflow/.local/lib/python3.12/site-packages/airflow/example_dags/example_datasets.py
[2025-10-15T17:11:16.351+0000] {logging_mixin.py:188} INFO - [2025-10-15T17:11:16.351+0000] {dag.py:3089} INFO - Sync 10 DAGs
[2025-10-15T17:11:16.383+0000] {logging_mixin.py:188} INFO - [2025-10-15T17:11:16.383+0000] {dag.py:3947} INFO - Setting next_dagrun for conditional_dataset_and_time_based_timetable to 2025-10-15 01:00:00+00:00, run_after=2025-10-15 01:00:00+00:00
[2025-10-15T17:11:16.388+0000] {logging_mixin.py:188} INFO - [2025-10-15T17:11:16.388+0000] {dag.py:3947} INFO - Setting next_dagrun for consume_1_and_2_with_dataset_expressions to None, run_after=None
[2025-10-15T17:11:16.392+0000] {logging_mixin.py:188} INFO - [2025-10-15T17:11:16.392+0000] {dag.py:3947} INFO - Setting next_dagrun for consume_1_or_2_with_dataset_expressions to None, run_after=None
[2025-10-15T17:11:16.393+0000] {logging_mixin.py:188} INFO - [2025-10-15T17:11:16.393+0000] {dag.py:3947} INFO - Setting next_dagrun for consume_1_or_both_2_and_3_with_dataset_expressions to None, run_after=None
[2025-10-15T17:11:16.395+0000] {logging_mixin.py:188} INFO - [2025-10-15T17:11:16.394+0000] {dag.py:3947} INFO - Setting next_dagrun for dataset_consumes_1 to None, run_after=None
[2025-10-15T17:11:16.396+0000] {logging_mixin.py:188} INFO - [2025-10-15T17:11:16.396+0000] {dag.py:3947} INFO - Setting next_dagrun for dataset_consumes_1_and_2 to None, run_after=None
[2025-10-15T17:11:16.397+0000] {logging_mixin.py:188} INFO - [2025-10-15T17:11:16.397+0000] {dag.py:3947} INFO - Setting next_dagrun for dataset_consumes_1_never_scheduled to None, run_after=None
[2025-10-15T17:11:16.399+0000] {logging_mixin.py:188} INFO - [2025-10-15T17:11:16.398+0000] {dag.py:3947} INFO - Setting next_dagrun for dataset_consumes_unknown_never_scheduled to None, run_after=None
[2025-10-15T17:11:16.401+0000] {logging_mixin.py:188} INFO - [2025-10-15T17:11:16.401+0000] {dag.py:3947} INFO - Setting next_dagrun for dataset_produces_1 to 2025-10-14 00:00:00+00:00, run_after=2025-10-15 00:00:00+00:00
[2025-10-15T17:11:16.402+0000] {logging_mixin.py:188} INFO - [2025-10-15T17:11:16.402+0000] {dag.py:3947} INFO - Setting next_dagrun for dataset_produces_2 to None, run_after=None
[2025-10-15T17:11:16.444+0000] {processor.py:183} INFO - Processing /home/airflow/.local/lib/python3.12/site-packages/airflow/example_dags/example_datasets.py took 0.185 seconds
[2025-10-15T17:11:47.361+0000] {processor.py:161} INFO - Started process (PID=510) to work on /home/airflow/.local/lib/python3.12/site-packages/airflow/example_dags/example_datasets.py
[2025-10-15T17:11:47.363+0000] {processor.py:830} INFO - Processing file /home/airflow/.local/lib/python3.12/site-packages/airflow/example_dags/example_datasets.py for tasks to queue
[2025-10-15T17:11:47.364+0000] {logging_mixin.py:188} INFO - [2025-10-15T17:11:47.364+0000] {dagbag.py:545} INFO - Filling up the DagBag from /home/airflow/.local/lib/python3.12/site-packages/airflow/example_dags/example_datasets.py
[2025-10-15T17:11:47.373+0000] {processor.py:840} INFO - DAG(s) 'dataset_consumes_1_never_scheduled', 'consume_1_or_both_2_and_3_with_dataset_expressions', 'consume_1_or_2_with_dataset_expressions', 'dataset_consumes_unknown_never_scheduled', 'conditional_dataset_and_time_based_timetable', 'dataset_produces_2', 'dataset_consumes_1', 'dataset_consumes_1_and_2', 'dataset_produces_1', 'consume_1_and_2_with_dataset_expressions' retrieved from /home/airflow/.local/lib/python3.12/site-packages/airflow/example_dags/example_datasets.py
[2025-10-15T17:11:47.399+0000] {logging_mixin.py:188} INFO - [2025-10-15T17:11:47.399+0000] {dag.py:3089} INFO - Sync 10 DAGs
[2025-10-15T17:11:47.413+0000] {logging_mixin.py:188} INFO - [2025-10-15T17:11:47.413+0000] {dag.py:3947} INFO - Setting next_dagrun for conditional_dataset_and_time_based_timetable to 2025-10-15 01:00:00+00:00, run_after=2025-10-15 01:00:00+00:00
[2025-10-15T17:11:47.416+0000] {logging_mixin.py:188} INFO - [2025-10-15T17:11:47.416+0000] {dag.py:3947} INFO - Setting next_dagrun for consume_1_and_2_with_dataset_expressions to None, run_after=None
[2025-10-15T17:11:47.416+0000] {logging_mixin.py:188} INFO - [2025-10-15T17:11:47.416+0000] {dag.py:3947} INFO - Setting next_dagrun for consume_1_or_2_with_dataset_expressions to None, run_after=None
[2025-10-15T17:11:47.417+0000] {logging_mixin.py:188} INFO - [2025-10-15T17:11:47.417+0000] {dag.py:3947} INFO - Setting next_dagrun for consume_1_or_both_2_and_3_with_dataset_expressions to None, run_after=None
[2025-10-15T17:11:47.418+0000] {logging_mixin.py:188} INFO - [2025-10-15T17:11:47.418+0000] {dag.py:3947} INFO - Setting next_dagrun for dataset_consumes_1 to None, run_after=None
[2025-10-15T17:11:47.418+0000] {logging_mixin.py:188} INFO - [2025-10-15T17:11:47.418+0000] {dag.py:3947} INFO - Setting next_dagrun for dataset_consumes_1_and_2 to None, run_after=None
[2025-10-15T17:11:47.419+0000] {logging_mixin.py:188} INFO - [2025-10-15T17:11:47.419+0000] {dag.py:3947} INFO - Setting next_dagrun for dataset_consumes_1_never_scheduled to None, run_after=None
[2025-10-15T17:11:47.421+0000] {logging_mixin.py:188} INFO - [2025-10-15T17:11:47.421+0000] {dag.py:3947} INFO - Setting next_dagrun for dataset_consumes_unknown_never_scheduled to None, run_after=None
[2025-10-15T17:11:47.423+0000] {logging_mixin.py:188} INFO - [2025-10-15T17:11:47.422+0000] {dag.py:3947} INFO - Setting next_dagrun for dataset_produces_1 to 2025-10-14 00:00:00+00:00, run_after=2025-10-15 00:00:00+00:00
[2025-10-15T17:11:47.424+0000] {logging_mixin.py:188} INFO - [2025-10-15T17:11:47.424+0000] {dag.py:3947} INFO - Setting next_dagrun for dataset_produces_2 to None, run_after=None
[2025-10-15T17:11:47.446+0000] {processor.py:183} INFO - Processing /home/airflow/.local/lib/python3.12/site-packages/airflow/example_dags/example_datasets.py took 0.089 seconds
[2025-10-15T17:12:17.740+0000] {processor.py:161} INFO - Started process (PID=568) to work on /home/airflow/.local/lib/python3.12/site-packages/airflow/example_dags/example_datasets.py
[2025-10-15T17:12:17.741+0000] {processor.py:830} INFO - Processing file /home/airflow/.local/lib/python3.12/site-packages/airflow/example_dags/example_datasets.py for tasks to queue
[2025-10-15T17:12:17.742+0000] {logging_mixin.py:188} INFO - [2025-10-15T17:12:17.742+0000] {dagbag.py:545} INFO - Filling up the DagBag from /home/airflow/.local/lib/python3.12/site-packages/airflow/example_dags/example_datasets.py
[2025-10-15T17:12:17.751+0000] {processor.py:840} INFO - DAG(s) 'consume_1_or_2_with_dataset_expressions', 'dataset_produces_2', 'dataset_produces_1', 'dataset_consumes_1_and_2', 'dataset_consumes_1', 'conditional_dataset_and_time_based_timetable', 'dataset_consumes_1_never_scheduled', 'dataset_consumes_unknown_never_scheduled', 'consume_1_or_both_2_and_3_with_dataset_expressions', 'consume_1_and_2_with_dataset_expressions' retrieved from /home/airflow/.local/lib/python3.12/site-packages/airflow/example_dags/example_datasets.py
[2025-10-15T17:12:17.779+0000] {logging_mixin.py:188} INFO - [2025-10-15T17:12:17.779+0000] {dag.py:3089} INFO - Sync 10 DAGs
[2025-10-15T17:12:17.795+0000] {logging_mixin.py:188} INFO - [2025-10-15T17:12:17.794+0000] {dag.py:3947} INFO - Setting next_dagrun for conditional_dataset_and_time_based_timetable to 2025-10-15 01:00:00+00:00, run_after=2025-10-15 01:00:00+00:00
[2025-10-15T17:12:17.797+0000] {logging_mixin.py:188} INFO - [2025-10-15T17:12:17.797+0000] {dag.py:3947} INFO - Setting next_dagrun for consume_1_and_2_with_dataset_expressions to None, run_after=None
[2025-10-15T17:12:17.798+0000] {logging_mixin.py:188} INFO - [2025-10-15T17:12:17.798+0000] {dag.py:3947} INFO - Setting next_dagrun for consume_1_or_2_with_dataset_expressions to None, run_after=None
[2025-10-15T17:12:17.799+0000] {logging_mixin.py:188} INFO - [2025-10-15T17:12:17.799+0000] {dag.py:3947} INFO - Setting next_dagrun for consume_1_or_both_2_and_3_with_dataset_expressions to None, run_after=None
[2025-10-15T17:12:17.799+0000] {logging_mixin.py:188} INFO - [2025-10-15T17:12:17.799+0000] {dag.py:3947} INFO - Setting next_dagrun for dataset_consumes_1 to None, run_after=None
[2025-10-15T17:12:17.800+0000] {logging_mixin.py:188} INFO - [2025-10-15T17:12:17.800+0000] {dag.py:3947} INFO - Setting next_dagrun for dataset_consumes_1_and_2 to None, run_after=None
[2025-10-15T17:12:17.800+0000] {logging_mixin.py:188} INFO - [2025-10-15T17:12:17.800+0000] {dag.py:3947} INFO - Setting next_dagrun for dataset_consumes_1_never_scheduled to None, run_after=None
[2025-10-15T17:12:17.801+0000] {logging_mixin.py:188} INFO - [2025-10-15T17:12:17.801+0000] {dag.py:3947} INFO - Setting next_dagrun for dataset_consumes_unknown_never_scheduled to None, run_after=None
[2025-10-15T17:12:17.802+0000] {logging_mixin.py:188} INFO - [2025-10-15T17:12:17.802+0000] {dag.py:3947} INFO - Setting next_dagrun for dataset_produces_1 to 2025-10-14 00:00:00+00:00, run_after=2025-10-15 00:00:00+00:00
[2025-10-15T17:12:17.803+0000] {logging_mixin.py:188} INFO - [2025-10-15T17:12:17.803+0000] {dag.py:3947} INFO - Setting next_dagrun for dataset_produces_2 to None, run_after=None
[2025-10-15T17:12:17.820+0000] {processor.py:183} INFO - Processing /home/airflow/.local/lib/python3.12/site-packages/airflow/example_dags/example_datasets.py took 0.085 seconds
[2025-10-15T17:12:48.453+0000] {processor.py:161} INFO - Started process (PID=626) to work on /home/airflow/.local/lib/python3.12/site-packages/airflow/example_dags/example_datasets.py
[2025-10-15T17:12:48.455+0000] {processor.py:830} INFO - Processing file /home/airflow/.local/lib/python3.12/site-packages/airflow/example_dags/example_datasets.py for tasks to queue
[2025-10-15T17:12:48.457+0000] {logging_mixin.py:188} INFO - [2025-10-15T17:12:48.456+0000] {dagbag.py:545} INFO - Filling up the DagBag from /home/airflow/.local/lib/python3.12/site-packages/airflow/example_dags/example_datasets.py
[2025-10-15T17:12:48.467+0000] {processor.py:840} INFO - DAG(s) 'dataset_consumes_1', 'consume_1_and_2_with_dataset_expressions', 'dataset_consumes_1_and_2', 'dataset_produces_1', 'dataset_consumes_unknown_never_scheduled', 'consume_1_or_both_2_and_3_with_dataset_expressions', 'conditional_dataset_and_time_based_timetable', 'consume_1_or_2_with_dataset_expressions', 'dataset_consumes_1_never_scheduled', 'dataset_produces_2' retrieved from /home/airflow/.local/lib/python3.12/site-packages/airflow/example_dags/example_datasets.py
[2025-10-15T17:12:48.495+0000] {logging_mixin.py:188} INFO - [2025-10-15T17:12:48.495+0000] {dag.py:3089} INFO - Sync 10 DAGs
[2025-10-15T17:12:48.514+0000] {logging_mixin.py:188} INFO - [2025-10-15T17:12:48.514+0000] {dag.py:3947} INFO - Setting next_dagrun for conditional_dataset_and_time_based_timetable to 2025-10-15 01:00:00+00:00, run_after=2025-10-15 01:00:00+00:00
[2025-10-15T17:12:48.517+0000] {logging_mixin.py:188} INFO - [2025-10-15T17:12:48.517+0000] {dag.py:3947} INFO - Setting next_dagrun for consume_1_and_2_with_dataset_expressions to None, run_after=None
[2025-10-15T17:12:48.518+0000] {logging_mixin.py:188} INFO - [2025-10-15T17:12:48.518+0000] {dag.py:3947} INFO - Setting next_dagrun for consume_1_or_2_with_dataset_expressions to None, run_after=None
[2025-10-15T17:12:48.518+0000] {logging_mixin.py:188} INFO - [2025-10-15T17:12:48.518+0000] {dag.py:3947} INFO - Setting next_dagrun for consume_1_or_both_2_and_3_with_dataset_expressions to None, run_after=None
[2025-10-15T17:12:48.519+0000] {logging_mixin.py:188} INFO - [2025-10-15T17:12:48.519+0000] {dag.py:3947} INFO - Setting next_dagrun for dataset_consumes_1 to None, run_after=None
[2025-10-15T17:12:48.520+0000] {logging_mixin.py:188} INFO - [2025-10-15T17:12:48.520+0000] {dag.py:3947} INFO - Setting next_dagrun for dataset_consumes_1_and_2 to None, run_after=None
[2025-10-15T17:12:48.520+0000] {logging_mixin.py:188} INFO - [2025-10-15T17:12:48.520+0000] {dag.py:3947} INFO - Setting next_dagrun for dataset_consumes_1_never_scheduled to None, run_after=None
[2025-10-15T17:12:48.521+0000] {logging_mixin.py:188} INFO - [2025-10-15T17:12:48.521+0000] {dag.py:3947} INFO - Setting next_dagrun for dataset_consumes_unknown_never_scheduled to None, run_after=None
[2025-10-15T17:12:48.523+0000] {logging_mixin.py:188} INFO - [2025-10-15T17:12:48.522+0000] {dag.py:3947} INFO - Setting next_dagrun for dataset_produces_1 to 2025-10-14 00:00:00+00:00, run_after=2025-10-15 00:00:00+00:00
[2025-10-15T17:12:48.523+0000] {logging_mixin.py:188} INFO - [2025-10-15T17:12:48.523+0000] {dag.py:3947} INFO - Setting next_dagrun for dataset_produces_2 to None, run_after=None
[2025-10-15T17:12:48.545+0000] {processor.py:183} INFO - Processing /home/airflow/.local/lib/python3.12/site-packages/airflow/example_dags/example_datasets.py took 0.096 seconds
[2025-10-15T17:13:19.485+0000] {processor.py:161} INFO - Started process (PID=684) to work on /home/airflow/.local/lib/python3.12/site-packages/airflow/example_dags/example_datasets.py
[2025-10-15T17:13:19.486+0000] {processor.py:830} INFO - Processing file /home/airflow/.local/lib/python3.12/site-packages/airflow/example_dags/example_datasets.py for tasks to queue
[2025-10-15T17:13:19.487+0000] {logging_mixin.py:188} INFO - [2025-10-15T17:13:19.487+0000] {dagbag.py:545} INFO - Filling up the DagBag from /home/airflow/.local/lib/python3.12/site-packages/airflow/example_dags/example_datasets.py
[2025-10-15T17:13:19.495+0000] {processor.py:840} INFO - DAG(s) 'consume_1_or_both_2_and_3_with_dataset_expressions', 'consume_1_and_2_with_dataset_expressions', 'dataset_consumes_unknown_never_scheduled', 'dataset_produces_2', 'dataset_consumes_1_never_scheduled', 'dataset_consumes_1_and_2', 'dataset_consumes_1', 'consume_1_or_2_with_dataset_expressions', 'dataset_produces_1', 'conditional_dataset_and_time_based_timetable' retrieved from /home/airflow/.local/lib/python3.12/site-packages/airflow/example_dags/example_datasets.py
[2025-10-15T17:13:19.520+0000] {logging_mixin.py:188} INFO - [2025-10-15T17:13:19.520+0000] {dag.py:3089} INFO - Sync 10 DAGs
[2025-10-15T17:13:19.534+0000] {logging_mixin.py:188} INFO - [2025-10-15T17:13:19.534+0000] {dag.py:3947} INFO - Setting next_dagrun for conditional_dataset_and_time_based_timetable to 2025-10-15 01:00:00+00:00, run_after=2025-10-15 01:00:00+00:00
[2025-10-15T17:13:19.536+0000] {logging_mixin.py:188} INFO - [2025-10-15T17:13:19.536+0000] {dag.py:3947} INFO - Setting next_dagrun for consume_1_and_2_with_dataset_expressions to None, run_after=None
[2025-10-15T17:13:19.537+0000] {logging_mixin.py:188} INFO - [2025-10-15T17:13:19.537+0000] {dag.py:3947} INFO - Setting next_dagrun for consume_1_or_2_with_dataset_expressions to None, run_after=None
[2025-10-15T17:13:19.538+0000] {logging_mixin.py:188} INFO - [2025-10-15T17:13:19.538+0000] {dag.py:3947} INFO - Setting next_dagrun for consume_1_or_both_2_and_3_with_dataset_expressions to None, run_after=None
[2025-10-15T17:13:19.538+0000] {logging_mixin.py:188} INFO - [2025-10-15T17:13:19.538+0000] {dag.py:3947} INFO - Setting next_dagrun for dataset_consumes_1 to None, run_after=None
[2025-10-15T17:13:19.539+0000] {logging_mixin.py:188} INFO - [2025-10-15T17:13:19.539+0000] {dag.py:3947} INFO - Setting next_dagrun for dataset_consumes_1_and_2 to None, run_after=None
[2025-10-15T17:13:19.539+0000] {logging_mixin.py:188} INFO - [2025-10-15T17:13:19.539+0000] {dag.py:3947} INFO - Setting next_dagrun for dataset_consumes_1_never_scheduled to None, run_after=None
[2025-10-15T17:13:19.540+0000] {logging_mixin.py:188} INFO - [2025-10-15T17:13:19.540+0000] {dag.py:3947} INFO - Setting next_dagrun for dataset_consumes_unknown_never_scheduled to None, run_after=None
[2025-10-15T17:13:19.541+0000] {logging_mixin.py:188} INFO - [2025-10-15T17:13:19.541+0000] {dag.py:3947} INFO - Setting next_dagrun for dataset_produces_1 to 2025-10-14 00:00:00+00:00, run_after=2025-10-15 00:00:00+00:00
[2025-10-15T17:13:19.542+0000] {logging_mixin.py:188} INFO - [2025-10-15T17:13:19.542+0000] {dag.py:3947} INFO - Setting next_dagrun for dataset_produces_2 to None, run_after=None
[2025-10-15T17:13:19.560+0000] {processor.py:183} INFO - Processing /home/airflow/.local/lib/python3.12/site-packages/airflow/example_dags/example_datasets.py took 0.078 seconds
[2025-10-15T17:13:50.527+0000] {processor.py:161} INFO - Started process (PID=742) to work on /home/airflow/.local/lib/python3.12/site-packages/airflow/example_dags/example_datasets.py
[2025-10-15T17:13:50.528+0000] {processor.py:830} INFO - Processing file /home/airflow/.local/lib/python3.12/site-packages/airflow/example_dags/example_datasets.py for tasks to queue
[2025-10-15T17:13:50.529+0000] {logging_mixin.py:188} INFO - [2025-10-15T17:13:50.529+0000] {dagbag.py:545} INFO - Filling up the DagBag from /home/airflow/.local/lib/python3.12/site-packages/airflow/example_dags/example_datasets.py
[2025-10-15T17:13:50.539+0000] {processor.py:840} INFO - DAG(s) 'consume_1_and_2_with_dataset_expressions', 'dataset_consumes_unknown_never_scheduled', 'conditional_dataset_and_time_based_timetable', 'consume_1_or_both_2_and_3_with_dataset_expressions', 'dataset_produces_1', 'dataset_consumes_1', 'dataset_consumes_1_and_2', 'dataset_produces_2', 'consume_1_or_2_with_dataset_expressions', 'dataset_consumes_1_never_scheduled' retrieved from /home/airflow/.local/lib/python3.12/site-packages/airflow/example_dags/example_datasets.py
[2025-10-15T17:13:50.566+0000] {logging_mixin.py:188} INFO - [2025-10-15T17:13:50.565+0000] {dag.py:3089} INFO - Sync 10 DAGs
[2025-10-15T17:13:50.582+0000] {logging_mixin.py:188} INFO - [2025-10-15T17:13:50.581+0000] {dag.py:3947} INFO - Setting next_dagrun for conditional_dataset_and_time_based_timetable to 2025-10-15 01:00:00+00:00, run_after=2025-10-15 01:00:00+00:00
[2025-10-15T17:13:50.584+0000] {logging_mixin.py:188} INFO - [2025-10-15T17:13:50.584+0000] {dag.py:3947} INFO - Setting next_dagrun for consume_1_and_2_with_dataset_expressions to None, run_after=None
[2025-10-15T17:13:50.585+0000] {logging_mixin.py:188} INFO - [2025-10-15T17:13:50.585+0000] {dag.py:3947} INFO - Setting next_dagrun for consume_1_or_2_with_dataset_expressions to None, run_after=None
[2025-10-15T17:13:50.586+0000] {logging_mixin.py:188} INFO - [2025-10-15T17:13:50.586+0000] {dag.py:3947} INFO - Setting next_dagrun for consume_1_or_both_2_and_3_with_dataset_expressions to None, run_after=None
[2025-10-15T17:13:50.587+0000] {logging_mixin.py:188} INFO - [2025-10-15T17:13:50.587+0000] {dag.py:3947} INFO - Setting next_dagrun for dataset_consumes_1 to None, run_after=None
[2025-10-15T17:13:50.587+0000] {logging_mixin.py:188} INFO - [2025-10-15T17:13:50.587+0000] {dag.py:3947} INFO - Setting next_dagrun for dataset_consumes_1_and_2 to None, run_after=None
[2025-10-15T17:13:50.588+0000] {logging_mixin.py:188} INFO - [2025-10-15T17:13:50.588+0000] {dag.py:3947} INFO - Setting next_dagrun for dataset_consumes_1_never_scheduled to None, run_after=None
[2025-10-15T17:13:50.589+0000] {logging_mixin.py:188} INFO - [2025-10-15T17:13:50.589+0000] {dag.py:3947} INFO - Setting next_dagrun for dataset_consumes_unknown_never_scheduled to None, run_after=None
[2025-10-15T17:13:50.590+0000] {logging_mixin.py:188} INFO - [2025-10-15T17:13:50.590+0000] {dag.py:3947} INFO - Setting next_dagrun for dataset_produces_1 to 2025-10-14 00:00:00+00:00, run_after=2025-10-15 00:00:00+00:00
[2025-10-15T17:13:50.591+0000] {logging_mixin.py:188} INFO - [2025-10-15T17:13:50.590+0000] {dag.py:3947} INFO - Setting next_dagrun for dataset_produces_2 to None, run_after=None
[2025-10-15T17:13:50.618+0000] {processor.py:183} INFO - Processing /home/airflow/.local/lib/python3.12/site-packages/airflow/example_dags/example_datasets.py took 0.097 seconds
[2025-10-15T17:14:20.862+0000] {processor.py:161} INFO - Started process (PID=800) to work on /home/airflow/.local/lib/python3.12/site-packages/airflow/example_dags/example_datasets.py
[2025-10-15T17:14:20.863+0000] {processor.py:830} INFO - Processing file /home/airflow/.local/lib/python3.12/site-packages/airflow/example_dags/example_datasets.py for tasks to queue
[2025-10-15T17:14:20.864+0000] {logging_mixin.py:188} INFO - [2025-10-15T17:14:20.864+0000] {dagbag.py:545} INFO - Filling up the DagBag from /home/airflow/.local/lib/python3.12/site-packages/airflow/example_dags/example_datasets.py
[2025-10-15T17:14:20.873+0000] {processor.py:840} INFO - DAG(s) 'dataset_consumes_1_and_2', 'consume_1_or_both_2_and_3_with_dataset_expressions', 'dataset_consumes_1', 'dataset_consumes_1_never_scheduled', 'dataset_consumes_unknown_never_scheduled', 'conditional_dataset_and_time_based_timetable', 'dataset_produces_2', 'consume_1_and_2_with_dataset_expressions', 'consume_1_or_2_with_dataset_expressions', 'dataset_produces_1' retrieved from /home/airflow/.local/lib/python3.12/site-packages/airflow/example_dags/example_datasets.py
[2025-10-15T17:14:20.899+0000] {logging_mixin.py:188} INFO - [2025-10-15T17:14:20.899+0000] {dag.py:3089} INFO - Sync 10 DAGs
[2025-10-15T17:14:20.913+0000] {logging_mixin.py:188} INFO - [2025-10-15T17:14:20.913+0000] {dag.py:3947} INFO - Setting next_dagrun for conditional_dataset_and_time_based_timetable to 2025-10-15 01:00:00+00:00, run_after=2025-10-15 01:00:00+00:00
[2025-10-15T17:14:20.916+0000] {logging_mixin.py:188} INFO - [2025-10-15T17:14:20.915+0000] {dag.py:3947} INFO - Setting next_dagrun for consume_1_and_2_with_dataset_expressions to None, run_after=None
[2025-10-15T17:14:20.917+0000] {logging_mixin.py:188} INFO - [2025-10-15T17:14:20.917+0000] {dag.py:3947} INFO - Setting next_dagrun for consume_1_or_2_with_dataset_expressions to None, run_after=None
[2025-10-15T17:14:20.918+0000] {logging_mixin.py:188} INFO - [2025-10-15T17:14:20.918+0000] {dag.py:3947} INFO - Setting next_dagrun for consume_1_or_both_2_and_3_with_dataset_expressions to None, run_after=None
[2025-10-15T17:14:20.919+0000] {logging_mixin.py:188} INFO - [2025-10-15T17:14:20.919+0000] {dag.py:3947} INFO - Setting next_dagrun for dataset_consumes_1 to None, run_after=None
[2025-10-15T17:14:20.920+0000] {logging_mixin.py:188} INFO - [2025-10-15T17:14:20.920+0000] {dag.py:3947} INFO - Setting next_dagrun for dataset_consumes_1_and_2 to None, run_after=None
[2025-10-15T17:14:20.920+0000] {logging_mixin.py:188} INFO - [2025-10-15T17:14:20.920+0000] {dag.py:3947} INFO - Setting next_dagrun for dataset_consumes_1_never_scheduled to None, run_after=None
[2025-10-15T17:14:20.921+0000] {logging_mixin.py:188} INFO - [2025-10-15T17:14:20.921+0000] {dag.py:3947} INFO - Setting next_dagrun for dataset_consumes_unknown_never_scheduled to None, run_after=None
[2025-10-15T17:14:20.922+0000] {logging_mixin.py:188} INFO - [2025-10-15T17:14:20.922+0000] {dag.py:3947} INFO - Setting next_dagrun for dataset_produces_1 to 2025-10-14 00:00:00+00:00, run_after=2025-10-15 00:00:00+00:00
[2025-10-15T17:14:20.923+0000] {logging_mixin.py:188} INFO - [2025-10-15T17:14:20.923+0000] {dag.py:3947} INFO - Setting next_dagrun for dataset_produces_2 to None, run_after=None
[2025-10-15T17:14:20.941+0000] {processor.py:183} INFO - Processing /home/airflow/.local/lib/python3.12/site-packages/airflow/example_dags/example_datasets.py took 0.083 seconds
[2025-10-15T17:14:51.093+0000] {processor.py:161} INFO - Started process (PID=858) to work on /home/airflow/.local/lib/python3.12/site-packages/airflow/example_dags/example_datasets.py
[2025-10-15T17:14:51.095+0000] {processor.py:830} INFO - Processing file /home/airflow/.local/lib/python3.12/site-packages/airflow/example_dags/example_datasets.py for tasks to queue
[2025-10-15T17:14:51.096+0000] {logging_mixin.py:188} INFO - [2025-10-15T17:14:51.096+0000] {dagbag.py:545} INFO - Filling up the DagBag from /home/airflow/.local/lib/python3.12/site-packages/airflow/example_dags/example_datasets.py
[2025-10-15T17:14:51.105+0000] {processor.py:840} INFO - DAG(s) 'dataset_consumes_1_never_scheduled', 'dataset_produces_1', 'conditional_dataset_and_time_based_timetable', 'consume_1_or_2_with_dataset_expressions', 'dataset_produces_2', 'dataset_consumes_unknown_never_scheduled', 'consume_1_and_2_with_dataset_expressions', 'dataset_consumes_1_and_2', 'consume_1_or_both_2_and_3_with_dataset_expressions', 'dataset_consumes_1' retrieved from /home/airflow/.local/lib/python3.12/site-packages/airflow/example_dags/example_datasets.py
[2025-10-15T17:14:51.130+0000] {logging_mixin.py:188} INFO - [2025-10-15T17:14:51.129+0000] {dag.py:3089} INFO - Sync 10 DAGs
[2025-10-15T17:14:51.147+0000] {logging_mixin.py:188} INFO - [2025-10-15T17:14:51.146+0000] {dag.py:3947} INFO - Setting next_dagrun for conditional_dataset_and_time_based_timetable to 2025-10-15 01:00:00+00:00, run_after=2025-10-15 01:00:00+00:00
[2025-10-15T17:14:51.151+0000] {logging_mixin.py:188} INFO - [2025-10-15T17:14:51.150+0000] {dag.py:3947} INFO - Setting next_dagrun for consume_1_and_2_with_dataset_expressions to None, run_after=None
[2025-10-15T17:14:51.151+0000] {logging_mixin.py:188} INFO - [2025-10-15T17:14:51.151+0000] {dag.py:3947} INFO - Setting next_dagrun for consume_1_or_2_with_dataset_expressions to None, run_after=None
[2025-10-15T17:14:51.152+0000] {logging_mixin.py:188} INFO - [2025-10-15T17:14:51.152+0000] {dag.py:3947} INFO - Setting next_dagrun for consume_1_or_both_2_and_3_with_dataset_expressions to None, run_after=None
[2025-10-15T17:14:51.152+0000] {logging_mixin.py:188} INFO - [2025-10-15T17:14:51.152+0000] {dag.py:3947} INFO - Setting next_dagrun for dataset_consumes_1 to None, run_after=None
[2025-10-15T17:14:51.153+0000] {logging_mixin.py:188} INFO - [2025-10-15T17:14:51.153+0000] {dag.py:3947} INFO - Setting next_dagrun for dataset_consumes_1_and_2 to None, run_after=None
[2025-10-15T17:14:51.154+0000] {logging_mixin.py:188} INFO - [2025-10-15T17:14:51.153+0000] {dag.py:3947} INFO - Setting next_dagrun for dataset_consumes_1_never_scheduled to None, run_after=None
[2025-10-15T17:14:51.154+0000] {logging_mixin.py:188} INFO - [2025-10-15T17:14:51.154+0000] {dag.py:3947} INFO - Setting next_dagrun for dataset_consumes_unknown_never_scheduled to None, run_after=None
[2025-10-15T17:14:51.155+0000] {logging_mixin.py:188} INFO - [2025-10-15T17:14:51.155+0000] {dag.py:3947} INFO - Setting next_dagrun for dataset_produces_1 to 2025-10-14 00:00:00+00:00, run_after=2025-10-15 00:00:00+00:00
[2025-10-15T17:14:51.156+0000] {logging_mixin.py:188} INFO - [2025-10-15T17:14:51.156+0000] {dag.py:3947} INFO - Setting next_dagrun for dataset_produces_2 to None, run_after=None
[2025-10-15T17:14:51.175+0000] {processor.py:183} INFO - Processing /home/airflow/.local/lib/python3.12/site-packages/airflow/example_dags/example_datasets.py took 0.087 seconds
[2025-10-15T17:15:21.441+0000] {processor.py:161} INFO - Started process (PID=916) to work on /home/airflow/.local/lib/python3.12/site-packages/airflow/example_dags/example_datasets.py
[2025-10-15T17:15:21.442+0000] {processor.py:830} INFO - Processing file /home/airflow/.local/lib/python3.12/site-packages/airflow/example_dags/example_datasets.py for tasks to queue
[2025-10-15T17:15:21.443+0000] {logging_mixin.py:188} INFO - [2025-10-15T17:15:21.443+0000] {dagbag.py:545} INFO - Filling up the DagBag from /home/airflow/.local/lib/python3.12/site-packages/airflow/example_dags/example_datasets.py
[2025-10-15T17:15:21.452+0000] {processor.py:840} INFO - DAG(s) 'dataset_produces_1', 'consume_1_or_2_with_dataset_expressions', 'dataset_produces_2', 'dataset_consumes_1_never_scheduled', 'dataset_consumes_1', 'conditional_dataset_and_time_based_timetable', 'consume_1_or_both_2_and_3_with_dataset_expressions', 'dataset_consumes_1_and_2', 'dataset_consumes_unknown_never_scheduled', 'consume_1_and_2_with_dataset_expressions' retrieved from /home/airflow/.local/lib/python3.12/site-packages/airflow/example_dags/example_datasets.py
[2025-10-15T17:15:21.478+0000] {logging_mixin.py:188} INFO - [2025-10-15T17:15:21.478+0000] {dag.py:3089} INFO - Sync 10 DAGs
[2025-10-15T17:15:21.492+0000] {logging_mixin.py:188} INFO - [2025-10-15T17:15:21.492+0000] {dag.py:3947} INFO - Setting next_dagrun for conditional_dataset_and_time_based_timetable to 2025-10-15 01:00:00+00:00, run_after=2025-10-15 01:00:00+00:00
[2025-10-15T17:15:21.495+0000] {logging_mixin.py:188} INFO - [2025-10-15T17:15:21.495+0000] {dag.py:3947} INFO - Setting next_dagrun for consume_1_and_2_with_dataset_expressions to None, run_after=None
[2025-10-15T17:15:21.496+0000] {logging_mixin.py:188} INFO - [2025-10-15T17:15:21.495+0000] {dag.py:3947} INFO - Setting next_dagrun for consume_1_or_2_with_dataset_expressions to None, run_after=None
[2025-10-15T17:15:21.497+0000] {logging_mixin.py:188} INFO - [2025-10-15T17:15:21.497+0000] {dag.py:3947} INFO - Setting next_dagrun for consume_1_or_both_2_and_3_with_dataset_expressions to None, run_after=None
[2025-10-15T17:15:21.498+0000] {logging_mixin.py:188} INFO - [2025-10-15T17:15:21.497+0000] {dag.py:3947} INFO - Setting next_dagrun for dataset_consumes_1 to None, run_after=None
[2025-10-15T17:15:21.499+0000] {logging_mixin.py:188} INFO - [2025-10-15T17:15:21.499+0000] {dag.py:3947} INFO - Setting next_dagrun for dataset_consumes_1_and_2 to None, run_after=None
[2025-10-15T17:15:21.500+0000] {logging_mixin.py:188} INFO - [2025-10-15T17:15:21.500+0000] {dag.py:3947} INFO - Setting next_dagrun for dataset_consumes_1_never_scheduled to None, run_after=None
[2025-10-15T17:15:21.501+0000] {logging_mixin.py:188} INFO - [2025-10-15T17:15:21.501+0000] {dag.py:3947} INFO - Setting next_dagrun for dataset_consumes_unknown_never_scheduled to None, run_after=None
[2025-10-15T17:15:21.502+0000] {logging_mixin.py:188} INFO - [2025-10-15T17:15:21.502+0000] {dag.py:3947} INFO - Setting next_dagrun for dataset_produces_1 to 2025-10-14 00:00:00+00:00, run_after=2025-10-15 00:00:00+00:00
[2025-10-15T17:15:21.503+0000] {logging_mixin.py:188} INFO - [2025-10-15T17:15:21.502+0000] {dag.py:3947} INFO - Setting next_dagrun for dataset_produces_2 to None, run_after=None
[2025-10-15T17:15:21.520+0000] {processor.py:183} INFO - Processing /home/airflow/.local/lib/python3.12/site-packages/airflow/example_dags/example_datasets.py took 0.085 seconds
[2025-10-15T17:19:49.560+0000] {processor.py:161} INFO - Started process (PID=97) to work on /home/airflow/.local/lib/python3.12/site-packages/airflow/example_dags/example_datasets.py
[2025-10-15T17:19:49.562+0000] {processor.py:830} INFO - Processing file /home/airflow/.local/lib/python3.12/site-packages/airflow/example_dags/example_datasets.py for tasks to queue
[2025-10-15T17:19:49.566+0000] {logging_mixin.py:188} INFO - [2025-10-15T17:19:49.565+0000] {dagbag.py:545} INFO - Filling up the DagBag from /home/airflow/.local/lib/python3.12/site-packages/airflow/example_dags/example_datasets.py
[2025-10-15T17:19:49.595+0000] {processor.py:840} INFO - DAG(s) 'consume_1_or_2_with_dataset_expressions', 'dataset_consumes_1_and_2', 'dataset_consumes_unknown_never_scheduled', 'dataset_consumes_1', 'consume_1_or_both_2_and_3_with_dataset_expressions', 'dataset_produces_1', 'consume_1_and_2_with_dataset_expressions', 'dataset_consumes_1_never_scheduled', 'dataset_produces_2', 'conditional_dataset_and_time_based_timetable' retrieved from /home/airflow/.local/lib/python3.12/site-packages/airflow/example_dags/example_datasets.py
[2025-10-15T17:19:49.847+0000] {logging_mixin.py:188} INFO - [2025-10-15T17:19:49.846+0000] {dag.py:3089} INFO - Sync 10 DAGs
[2025-10-15T17:19:49.866+0000] {logging_mixin.py:188} INFO - [2025-10-15T17:19:49.866+0000] {dag.py:3947} INFO - Setting next_dagrun for conditional_dataset_and_time_based_timetable to 2025-10-15 01:00:00+00:00, run_after=2025-10-15 01:00:00+00:00
[2025-10-15T17:19:49.871+0000] {logging_mixin.py:188} INFO - [2025-10-15T17:19:49.871+0000] {dag.py:3947} INFO - Setting next_dagrun for consume_1_and_2_with_dataset_expressions to None, run_after=None
[2025-10-15T17:19:49.872+0000] {logging_mixin.py:188} INFO - [2025-10-15T17:19:49.872+0000] {dag.py:3947} INFO - Setting next_dagrun for consume_1_or_2_with_dataset_expressions to None, run_after=None
[2025-10-15T17:19:49.874+0000] {logging_mixin.py:188} INFO - [2025-10-15T17:19:49.874+0000] {dag.py:3947} INFO - Setting next_dagrun for consume_1_or_both_2_and_3_with_dataset_expressions to None, run_after=None
[2025-10-15T17:19:49.875+0000] {logging_mixin.py:188} INFO - [2025-10-15T17:19:49.875+0000] {dag.py:3947} INFO - Setting next_dagrun for dataset_consumes_1 to None, run_after=None
[2025-10-15T17:19:49.878+0000] {logging_mixin.py:188} INFO - [2025-10-15T17:19:49.878+0000] {dag.py:3947} INFO - Setting next_dagrun for dataset_consumes_1_and_2 to None, run_after=None
[2025-10-15T17:19:49.880+0000] {logging_mixin.py:188} INFO - [2025-10-15T17:19:49.880+0000] {dag.py:3947} INFO - Setting next_dagrun for dataset_consumes_1_never_scheduled to None, run_after=None
[2025-10-15T17:19:49.881+0000] {logging_mixin.py:188} INFO - [2025-10-15T17:19:49.880+0000] {dag.py:3947} INFO - Setting next_dagrun for dataset_consumes_unknown_never_scheduled to None, run_after=None
[2025-10-15T17:19:49.883+0000] {logging_mixin.py:188} INFO - [2025-10-15T17:19:49.883+0000] {dag.py:3947} INFO - Setting next_dagrun for dataset_produces_1 to 2025-10-14 00:00:00+00:00, run_after=2025-10-15 00:00:00+00:00
[2025-10-15T17:19:49.884+0000] {logging_mixin.py:188} INFO - [2025-10-15T17:19:49.884+0000] {dag.py:3947} INFO - Setting next_dagrun for dataset_produces_2 to None, run_after=None
[2025-10-15T17:19:49.917+0000] {processor.py:183} INFO - Processing /home/airflow/.local/lib/python3.12/site-packages/airflow/example_dags/example_datasets.py took 0.368 seconds
[2025-10-15T17:20:20.350+0000] {processor.py:161} INFO - Started process (PID=155) to work on /home/airflow/.local/lib/python3.12/site-packages/airflow/example_dags/example_datasets.py
[2025-10-15T17:20:20.351+0000] {processor.py:830} INFO - Processing file /home/airflow/.local/lib/python3.12/site-packages/airflow/example_dags/example_datasets.py for tasks to queue
[2025-10-15T17:20:20.353+0000] {logging_mixin.py:188} INFO - [2025-10-15T17:20:20.353+0000] {dagbag.py:545} INFO - Filling up the DagBag from /home/airflow/.local/lib/python3.12/site-packages/airflow/example_dags/example_datasets.py
[2025-10-15T17:20:20.367+0000] {processor.py:840} INFO - DAG(s) 'consume_1_and_2_with_dataset_expressions', 'dataset_consumes_1', 'consume_1_or_2_with_dataset_expressions', 'dataset_consumes_1_never_scheduled', 'dataset_produces_2', 'dataset_consumes_unknown_never_scheduled', 'dataset_consumes_1_and_2', 'conditional_dataset_and_time_based_timetable', 'dataset_produces_1', 'consume_1_or_both_2_and_3_with_dataset_expressions' retrieved from /home/airflow/.local/lib/python3.12/site-packages/airflow/example_dags/example_datasets.py
[2025-10-15T17:20:20.405+0000] {logging_mixin.py:188} INFO - [2025-10-15T17:20:20.405+0000] {dag.py:3089} INFO - Sync 10 DAGs
[2025-10-15T17:20:20.422+0000] {logging_mixin.py:188} INFO - [2025-10-15T17:20:20.422+0000] {dag.py:3947} INFO - Setting next_dagrun for conditional_dataset_and_time_based_timetable to 2025-10-15 01:00:00+00:00, run_after=2025-10-15 01:00:00+00:00
[2025-10-15T17:20:20.424+0000] {logging_mixin.py:188} INFO - [2025-10-15T17:20:20.424+0000] {dag.py:3947} INFO - Setting next_dagrun for consume_1_and_2_with_dataset_expressions to None, run_after=None
[2025-10-15T17:20:20.425+0000] {logging_mixin.py:188} INFO - [2025-10-15T17:20:20.425+0000] {dag.py:3947} INFO - Setting next_dagrun for consume_1_or_2_with_dataset_expressions to None, run_after=None
[2025-10-15T17:20:20.425+0000] {logging_mixin.py:188} INFO - [2025-10-15T17:20:20.425+0000] {dag.py:3947} INFO - Setting next_dagrun for consume_1_or_both_2_and_3_with_dataset_expressions to None, run_after=None
[2025-10-15T17:20:20.426+0000] {logging_mixin.py:188} INFO - [2025-10-15T17:20:20.426+0000] {dag.py:3947} INFO - Setting next_dagrun for dataset_consumes_1 to None, run_after=None
[2025-10-15T17:20:20.427+0000] {logging_mixin.py:188} INFO - [2025-10-15T17:20:20.426+0000] {dag.py:3947} INFO - Setting next_dagrun for dataset_consumes_1_and_2 to None, run_after=None
[2025-10-15T17:20:20.427+0000] {logging_mixin.py:188} INFO - [2025-10-15T17:20:20.427+0000] {dag.py:3947} INFO - Setting next_dagrun for dataset_consumes_1_never_scheduled to None, run_after=None
[2025-10-15T17:20:20.428+0000] {logging_mixin.py:188} INFO - [2025-10-15T17:20:20.428+0000] {dag.py:3947} INFO - Setting next_dagrun for dataset_consumes_unknown_never_scheduled to None, run_after=None
[2025-10-15T17:20:20.429+0000] {logging_mixin.py:188} INFO - [2025-10-15T17:20:20.429+0000] {dag.py:3947} INFO - Setting next_dagrun for dataset_produces_1 to 2025-10-14 00:00:00+00:00, run_after=2025-10-15 00:00:00+00:00
[2025-10-15T17:20:20.431+0000] {logging_mixin.py:188} INFO - [2025-10-15T17:20:20.430+0000] {dag.py:3947} INFO - Setting next_dagrun for dataset_produces_2 to None, run_after=None
[2025-10-15T17:20:20.463+0000] {processor.py:183} INFO - Processing /home/airflow/.local/lib/python3.12/site-packages/airflow/example_dags/example_datasets.py took 0.120 seconds
[2025-10-15T17:20:51.016+0000] {processor.py:161} INFO - Started process (PID=213) to work on /home/airflow/.local/lib/python3.12/site-packages/airflow/example_dags/example_datasets.py
[2025-10-15T17:20:51.017+0000] {processor.py:830} INFO - Processing file /home/airflow/.local/lib/python3.12/site-packages/airflow/example_dags/example_datasets.py for tasks to queue
[2025-10-15T17:20:51.019+0000] {logging_mixin.py:188} INFO - [2025-10-15T17:20:51.018+0000] {dagbag.py:545} INFO - Filling up the DagBag from /home/airflow/.local/lib/python3.12/site-packages/airflow/example_dags/example_datasets.py
[2025-10-15T17:20:51.030+0000] {processor.py:840} INFO - DAG(s) 'dataset_consumes_1', 'conditional_dataset_and_time_based_timetable', 'dataset_produces_2', 'consume_1_and_2_with_dataset_expressions', 'consume_1_or_2_with_dataset_expressions', 'consume_1_or_both_2_and_3_with_dataset_expressions', 'dataset_consumes_1_and_2', 'dataset_consumes_1_never_scheduled', 'dataset_consumes_unknown_never_scheduled', 'dataset_produces_1' retrieved from /home/airflow/.local/lib/python3.12/site-packages/airflow/example_dags/example_datasets.py
[2025-10-15T17:20:51.071+0000] {logging_mixin.py:188} INFO - [2025-10-15T17:20:51.071+0000] {dag.py:3089} INFO - Sync 10 DAGs
[2025-10-15T17:20:51.091+0000] {logging_mixin.py:188} INFO - [2025-10-15T17:20:51.091+0000] {dag.py:3947} INFO - Setting next_dagrun for conditional_dataset_and_time_based_timetable to 2025-10-15 01:00:00+00:00, run_after=2025-10-15 01:00:00+00:00
[2025-10-15T17:20:51.094+0000] {logging_mixin.py:188} INFO - [2025-10-15T17:20:51.094+0000] {dag.py:3947} INFO - Setting next_dagrun for consume_1_and_2_with_dataset_expressions to None, run_after=None
[2025-10-15T17:20:51.095+0000] {logging_mixin.py:188} INFO - [2025-10-15T17:20:51.095+0000] {dag.py:3947} INFO - Setting next_dagrun for consume_1_or_2_with_dataset_expressions to None, run_after=None
[2025-10-15T17:20:51.096+0000] {logging_mixin.py:188} INFO - [2025-10-15T17:20:51.096+0000] {dag.py:3947} INFO - Setting next_dagrun for consume_1_or_both_2_and_3_with_dataset_expressions to None, run_after=None
[2025-10-15T17:20:51.097+0000] {logging_mixin.py:188} INFO - [2025-10-15T17:20:51.097+0000] {dag.py:3947} INFO - Setting next_dagrun for dataset_consumes_1 to None, run_after=None
[2025-10-15T17:20:51.098+0000] {logging_mixin.py:188} INFO - [2025-10-15T17:20:51.098+0000] {dag.py:3947} INFO - Setting next_dagrun for dataset_consumes_1_and_2 to None, run_after=None
[2025-10-15T17:20:51.099+0000] {logging_mixin.py:188} INFO - [2025-10-15T17:20:51.099+0000] {dag.py:3947} INFO - Setting next_dagrun for dataset_consumes_1_never_scheduled to None, run_after=None
[2025-10-15T17:20:51.100+0000] {logging_mixin.py:188} INFO - [2025-10-15T17:20:51.100+0000] {dag.py:3947} INFO - Setting next_dagrun for dataset_consumes_unknown_never_scheduled to None, run_after=None
[2025-10-15T17:20:51.101+0000] {logging_mixin.py:188} INFO - [2025-10-15T17:20:51.101+0000] {dag.py:3947} INFO - Setting next_dagrun for dataset_produces_1 to 2025-10-14 00:00:00+00:00, run_after=2025-10-15 00:00:00+00:00
[2025-10-15T17:20:51.102+0000] {logging_mixin.py:188} INFO - [2025-10-15T17:20:51.102+0000] {dag.py:3947} INFO - Setting next_dagrun for dataset_produces_2 to None, run_after=None
[2025-10-15T17:20:51.125+0000] {processor.py:183} INFO - Processing /home/airflow/.local/lib/python3.12/site-packages/airflow/example_dags/example_datasets.py took 0.114 seconds
[2025-10-15T17:21:22.004+0000] {processor.py:161} INFO - Started process (PID=271) to work on /home/airflow/.local/lib/python3.12/site-packages/airflow/example_dags/example_datasets.py
[2025-10-15T17:21:22.006+0000] {processor.py:830} INFO - Processing file /home/airflow/.local/lib/python3.12/site-packages/airflow/example_dags/example_datasets.py for tasks to queue
[2025-10-15T17:21:22.007+0000] {logging_mixin.py:188} INFO - [2025-10-15T17:21:22.007+0000] {dagbag.py:545} INFO - Filling up the DagBag from /home/airflow/.local/lib/python3.12/site-packages/airflow/example_dags/example_datasets.py
[2025-10-15T17:21:22.016+0000] {processor.py:840} INFO - DAG(s) 'dataset_consumes_1_never_scheduled', 'dataset_consumes_1', 'dataset_consumes_unknown_never_scheduled', 'consume_1_and_2_with_dataset_expressions', 'consume_1_or_2_with_dataset_expressions', 'consume_1_or_both_2_and_3_with_dataset_expressions', 'conditional_dataset_and_time_based_timetable', 'dataset_consumes_1_and_2', 'dataset_produces_1', 'dataset_produces_2' retrieved from /home/airflow/.local/lib/python3.12/site-packages/airflow/example_dags/example_datasets.py
[2025-10-15T17:21:22.043+0000] {logging_mixin.py:188} INFO - [2025-10-15T17:21:22.043+0000] {dag.py:3089} INFO - Sync 10 DAGs
[2025-10-15T17:21:22.058+0000] {logging_mixin.py:188} INFO - [2025-10-15T17:21:22.057+0000] {dag.py:3947} INFO - Setting next_dagrun for conditional_dataset_and_time_based_timetable to 2025-10-15 01:00:00+00:00, run_after=2025-10-15 01:00:00+00:00
[2025-10-15T17:21:22.060+0000] {logging_mixin.py:188} INFO - [2025-10-15T17:21:22.060+0000] {dag.py:3947} INFO - Setting next_dagrun for consume_1_and_2_with_dataset_expressions to None, run_after=None
[2025-10-15T17:21:22.061+0000] {logging_mixin.py:188} INFO - [2025-10-15T17:21:22.060+0000] {dag.py:3947} INFO - Setting next_dagrun for consume_1_or_2_with_dataset_expressions to None, run_after=None
[2025-10-15T17:21:22.061+0000] {logging_mixin.py:188} INFO - [2025-10-15T17:21:22.061+0000] {dag.py:3947} INFO - Setting next_dagrun for consume_1_or_both_2_and_3_with_dataset_expressions to None, run_after=None
[2025-10-15T17:21:22.062+0000] {logging_mixin.py:188} INFO - [2025-10-15T17:21:22.062+0000] {dag.py:3947} INFO - Setting next_dagrun for dataset_consumes_1 to None, run_after=None
[2025-10-15T17:21:22.062+0000] {logging_mixin.py:188} INFO - [2025-10-15T17:21:22.062+0000] {dag.py:3947} INFO - Setting next_dagrun for dataset_consumes_1_and_2 to None, run_after=None
[2025-10-15T17:21:22.063+0000] {logging_mixin.py:188} INFO - [2025-10-15T17:21:22.063+0000] {dag.py:3947} INFO - Setting next_dagrun for dataset_consumes_1_never_scheduled to None, run_after=None
[2025-10-15T17:21:22.064+0000] {logging_mixin.py:188} INFO - [2025-10-15T17:21:22.064+0000] {dag.py:3947} INFO - Setting next_dagrun for dataset_consumes_unknown_never_scheduled to None, run_after=None
[2025-10-15T17:21:22.065+0000] {logging_mixin.py:188} INFO - [2025-10-15T17:21:22.065+0000] {dag.py:3947} INFO - Setting next_dagrun for dataset_produces_1 to 2025-10-14 00:00:00+00:00, run_after=2025-10-15 00:00:00+00:00
[2025-10-15T17:21:22.065+0000] {logging_mixin.py:188} INFO - [2025-10-15T17:21:22.065+0000] {dag.py:3947} INFO - Setting next_dagrun for dataset_produces_2 to None, run_after=None
[2025-10-15T17:21:22.083+0000] {processor.py:183} INFO - Processing /home/airflow/.local/lib/python3.12/site-packages/airflow/example_dags/example_datasets.py took 0.084 seconds
[2025-10-15T17:21:53.140+0000] {processor.py:161} INFO - Started process (PID=329) to work on /home/airflow/.local/lib/python3.12/site-packages/airflow/example_dags/example_datasets.py
[2025-10-15T17:21:53.141+0000] {processor.py:830} INFO - Processing file /home/airflow/.local/lib/python3.12/site-packages/airflow/example_dags/example_datasets.py for tasks to queue
[2025-10-15T17:21:53.143+0000] {logging_mixin.py:188} INFO - [2025-10-15T17:21:53.142+0000] {dagbag.py:545} INFO - Filling up the DagBag from /home/airflow/.local/lib/python3.12/site-packages/airflow/example_dags/example_datasets.py
[2025-10-15T17:21:53.160+0000] {processor.py:840} INFO - DAG(s) 'dataset_consumes_1_and_2', 'conditional_dataset_and_time_based_timetable', 'dataset_consumes_unknown_never_scheduled', 'dataset_consumes_1_never_scheduled', 'consume_1_or_2_with_dataset_expressions', 'dataset_produces_2', 'dataset_consumes_1', 'dataset_produces_1', 'consume_1_or_both_2_and_3_with_dataset_expressions', 'consume_1_and_2_with_dataset_expressions' retrieved from /home/airflow/.local/lib/python3.12/site-packages/airflow/example_dags/example_datasets.py
[2025-10-15T17:21:53.211+0000] {logging_mixin.py:188} INFO - [2025-10-15T17:21:53.211+0000] {dag.py:3089} INFO - Sync 10 DAGs
[2025-10-15T17:21:53.253+0000] {logging_mixin.py:188} INFO - [2025-10-15T17:21:53.252+0000] {dag.py:3947} INFO - Setting next_dagrun for conditional_dataset_and_time_based_timetable to 2025-10-15 01:00:00+00:00, run_after=2025-10-15 01:00:00+00:00
[2025-10-15T17:21:53.258+0000] {logging_mixin.py:188} INFO - [2025-10-15T17:21:53.258+0000] {dag.py:3947} INFO - Setting next_dagrun for consume_1_and_2_with_dataset_expressions to None, run_after=None
[2025-10-15T17:21:53.259+0000] {logging_mixin.py:188} INFO - [2025-10-15T17:21:53.259+0000] {dag.py:3947} INFO - Setting next_dagrun for consume_1_or_2_with_dataset_expressions to None, run_after=None
[2025-10-15T17:21:53.260+0000] {logging_mixin.py:188} INFO - [2025-10-15T17:21:53.260+0000] {dag.py:3947} INFO - Setting next_dagrun for consume_1_or_both_2_and_3_with_dataset_expressions to None, run_after=None
[2025-10-15T17:21:53.261+0000] {logging_mixin.py:188} INFO - [2025-10-15T17:21:53.261+0000] {dag.py:3947} INFO - Setting next_dagrun for dataset_consumes_1 to None, run_after=None
[2025-10-15T17:21:53.262+0000] {logging_mixin.py:188} INFO - [2025-10-15T17:21:53.262+0000] {dag.py:3947} INFO - Setting next_dagrun for dataset_consumes_1_and_2 to None, run_after=None
[2025-10-15T17:21:53.263+0000] {logging_mixin.py:188} INFO - [2025-10-15T17:21:53.263+0000] {dag.py:3947} INFO - Setting next_dagrun for dataset_consumes_1_never_scheduled to None, run_after=None
[2025-10-15T17:21:53.266+0000] {logging_mixin.py:188} INFO - [2025-10-15T17:21:53.265+0000] {dag.py:3947} INFO - Setting next_dagrun for dataset_consumes_unknown_never_scheduled to None, run_after=None
[2025-10-15T17:21:53.268+0000] {logging_mixin.py:188} INFO - [2025-10-15T17:21:53.268+0000] {dag.py:3947} INFO - Setting next_dagrun for dataset_produces_1 to 2025-10-14 00:00:00+00:00, run_after=2025-10-15 00:00:00+00:00
[2025-10-15T17:21:53.270+0000] {logging_mixin.py:188} INFO - [2025-10-15T17:21:53.270+0000] {dag.py:3947} INFO - Setting next_dagrun for dataset_produces_2 to None, run_after=None
[2025-10-15T17:21:53.306+0000] {processor.py:183} INFO - Processing /home/airflow/.local/lib/python3.12/site-packages/airflow/example_dags/example_datasets.py took 0.172 seconds
[2025-10-15T17:22:23.931+0000] {processor.py:161} INFO - Started process (PID=387) to work on /home/airflow/.local/lib/python3.12/site-packages/airflow/example_dags/example_datasets.py
[2025-10-15T17:22:23.932+0000] {processor.py:830} INFO - Processing file /home/airflow/.local/lib/python3.12/site-packages/airflow/example_dags/example_datasets.py for tasks to queue
[2025-10-15T17:22:23.934+0000] {logging_mixin.py:188} INFO - [2025-10-15T17:22:23.934+0000] {dagbag.py:545} INFO - Filling up the DagBag from /home/airflow/.local/lib/python3.12/site-packages/airflow/example_dags/example_datasets.py
[2025-10-15T17:22:23.946+0000] {processor.py:840} INFO - DAG(s) 'conditional_dataset_and_time_based_timetable', 'consume_1_or_2_with_dataset_expressions', 'dataset_produces_2', 'dataset_consumes_1', 'dataset_consumes_1_and_2', 'consume_1_and_2_with_dataset_expressions', 'dataset_consumes_unknown_never_scheduled', 'consume_1_or_both_2_and_3_with_dataset_expressions', 'dataset_consumes_1_never_scheduled', 'dataset_produces_1' retrieved from /home/airflow/.local/lib/python3.12/site-packages/airflow/example_dags/example_datasets.py
[2025-10-15T17:22:23.986+0000] {logging_mixin.py:188} INFO - [2025-10-15T17:22:23.986+0000] {dag.py:3089} INFO - Sync 10 DAGs
[2025-10-15T17:22:24.004+0000] {logging_mixin.py:188} INFO - [2025-10-15T17:22:24.004+0000] {dag.py:3947} INFO - Setting next_dagrun for conditional_dataset_and_time_based_timetable to 2025-10-15 01:00:00+00:00, run_after=2025-10-15 01:00:00+00:00
[2025-10-15T17:22:24.007+0000] {logging_mixin.py:188} INFO - [2025-10-15T17:22:24.007+0000] {dag.py:3947} INFO - Setting next_dagrun for consume_1_and_2_with_dataset_expressions to None, run_after=None
[2025-10-15T17:22:24.008+0000] {logging_mixin.py:188} INFO - [2025-10-15T17:22:24.008+0000] {dag.py:3947} INFO - Setting next_dagrun for consume_1_or_2_with_dataset_expressions to None, run_after=None
[2025-10-15T17:22:24.009+0000] {logging_mixin.py:188} INFO - [2025-10-15T17:22:24.009+0000] {dag.py:3947} INFO - Setting next_dagrun for consume_1_or_both_2_and_3_with_dataset_expressions to None, run_after=None
[2025-10-15T17:22:24.010+0000] {logging_mixin.py:188} INFO - [2025-10-15T17:22:24.010+0000] {dag.py:3947} INFO - Setting next_dagrun for dataset_consumes_1 to None, run_after=None
[2025-10-15T17:22:24.010+0000] {logging_mixin.py:188} INFO - [2025-10-15T17:22:24.010+0000] {dag.py:3947} INFO - Setting next_dagrun for dataset_consumes_1_and_2 to None, run_after=None
[2025-10-15T17:22:24.011+0000] {logging_mixin.py:188} INFO - [2025-10-15T17:22:24.011+0000] {dag.py:3947} INFO - Setting next_dagrun for dataset_consumes_1_never_scheduled to None, run_after=None
[2025-10-15T17:22:24.012+0000] {logging_mixin.py:188} INFO - [2025-10-15T17:22:24.012+0000] {dag.py:3947} INFO - Setting next_dagrun for dataset_consumes_unknown_never_scheduled to None, run_after=None
[2025-10-15T17:22:24.013+0000] {logging_mixin.py:188} INFO - [2025-10-15T17:22:24.013+0000] {dag.py:3947} INFO - Setting next_dagrun for dataset_produces_1 to 2025-10-14 00:00:00+00:00, run_after=2025-10-15 00:00:00+00:00
[2025-10-15T17:22:24.014+0000] {logging_mixin.py:188} INFO - [2025-10-15T17:22:24.014+0000] {dag.py:3947} INFO - Setting next_dagrun for dataset_produces_2 to None, run_after=None
[2025-10-15T17:22:24.048+0000] {processor.py:183} INFO - Processing /home/airflow/.local/lib/python3.12/site-packages/airflow/example_dags/example_datasets.py took 0.121 seconds
[2025-10-15T17:22:54.312+0000] {processor.py:161} INFO - Started process (PID=445) to work on /home/airflow/.local/lib/python3.12/site-packages/airflow/example_dags/example_datasets.py
[2025-10-15T17:22:54.312+0000] {processor.py:830} INFO - Processing file /home/airflow/.local/lib/python3.12/site-packages/airflow/example_dags/example_datasets.py for tasks to queue
[2025-10-15T17:22:54.313+0000] {logging_mixin.py:188} INFO - [2025-10-15T17:22:54.313+0000] {dagbag.py:545} INFO - Filling up the DagBag from /home/airflow/.local/lib/python3.12/site-packages/airflow/example_dags/example_datasets.py
[2025-10-15T17:22:54.321+0000] {processor.py:840} INFO - DAG(s) 'conditional_dataset_and_time_based_timetable', 'dataset_produces_1', 'consume_1_and_2_with_dataset_expressions', 'dataset_consumes_1_never_scheduled', 'dataset_consumes_1_and_2', 'dataset_consumes_unknown_never_scheduled', 'consume_1_or_2_with_dataset_expressions', 'dataset_produces_2', 'consume_1_or_both_2_and_3_with_dataset_expressions', 'dataset_consumes_1' retrieved from /home/airflow/.local/lib/python3.12/site-packages/airflow/example_dags/example_datasets.py
[2025-10-15T17:22:54.346+0000] {logging_mixin.py:188} INFO - [2025-10-15T17:22:54.346+0000] {dag.py:3089} INFO - Sync 10 DAGs
[2025-10-15T17:22:54.373+0000] {logging_mixin.py:188} INFO - [2025-10-15T17:22:54.372+0000] {dag.py:3947} INFO - Setting next_dagrun for conditional_dataset_and_time_based_timetable to 2025-10-15 01:00:00+00:00, run_after=2025-10-15 01:00:00+00:00
[2025-10-15T17:22:54.381+0000] {logging_mixin.py:188} INFO - [2025-10-15T17:22:54.380+0000] {dag.py:3947} INFO - Setting next_dagrun for consume_1_and_2_with_dataset_expressions to None, run_after=None
[2025-10-15T17:22:54.383+0000] {logging_mixin.py:188} INFO - [2025-10-15T17:22:54.383+0000] {dag.py:3947} INFO - Setting next_dagrun for consume_1_or_2_with_dataset_expressions to None, run_after=None
[2025-10-15T17:22:54.387+0000] {logging_mixin.py:188} INFO - [2025-10-15T17:22:54.387+0000] {dag.py:3947} INFO - Setting next_dagrun for consume_1_or_both_2_and_3_with_dataset_expressions to None, run_after=None
[2025-10-15T17:22:54.389+0000] {logging_mixin.py:188} INFO - [2025-10-15T17:22:54.389+0000] {dag.py:3947} INFO - Setting next_dagrun for dataset_consumes_1 to None, run_after=None
[2025-10-15T17:22:54.392+0000] {logging_mixin.py:188} INFO - [2025-10-15T17:22:54.392+0000] {dag.py:3947} INFO - Setting next_dagrun for dataset_consumes_1_and_2 to None, run_after=None
[2025-10-15T17:22:54.395+0000] {logging_mixin.py:188} INFO - [2025-10-15T17:22:54.395+0000] {dag.py:3947} INFO - Setting next_dagrun for dataset_consumes_1_never_scheduled to None, run_after=None
[2025-10-15T17:22:54.401+0000] {logging_mixin.py:188} INFO - [2025-10-15T17:22:54.400+0000] {dag.py:3947} INFO - Setting next_dagrun for dataset_consumes_unknown_never_scheduled to None, run_after=None
[2025-10-15T17:22:54.405+0000] {logging_mixin.py:188} INFO - [2025-10-15T17:22:54.404+0000] {dag.py:3947} INFO - Setting next_dagrun for dataset_produces_1 to 2025-10-14 00:00:00+00:00, run_after=2025-10-15 00:00:00+00:00
[2025-10-15T17:22:54.408+0000] {logging_mixin.py:188} INFO - [2025-10-15T17:22:54.407+0000] {dag.py:3947} INFO - Setting next_dagrun for dataset_produces_2 to None, run_after=None
[2025-10-15T17:22:54.449+0000] {processor.py:183} INFO - Processing /home/airflow/.local/lib/python3.12/site-packages/airflow/example_dags/example_datasets.py took 0.141 seconds
[2025-10-15T17:23:25.145+0000] {processor.py:161} INFO - Started process (PID=503) to work on /home/airflow/.local/lib/python3.12/site-packages/airflow/example_dags/example_datasets.py
[2025-10-15T17:23:25.145+0000] {processor.py:830} INFO - Processing file /home/airflow/.local/lib/python3.12/site-packages/airflow/example_dags/example_datasets.py for tasks to queue
[2025-10-15T17:23:25.146+0000] {logging_mixin.py:188} INFO - [2025-10-15T17:23:25.146+0000] {dagbag.py:545} INFO - Filling up the DagBag from /home/airflow/.local/lib/python3.12/site-packages/airflow/example_dags/example_datasets.py
[2025-10-15T17:23:25.156+0000] {processor.py:840} INFO - DAG(s) 'dataset_consumes_1_and_2', 'dataset_consumes_1_never_scheduled', 'consume_1_or_2_with_dataset_expressions', 'dataset_produces_1', 'consume_1_or_both_2_and_3_with_dataset_expressions', 'conditional_dataset_and_time_based_timetable', 'dataset_consumes_1', 'dataset_consumes_unknown_never_scheduled', 'dataset_produces_2', 'consume_1_and_2_with_dataset_expressions' retrieved from /home/airflow/.local/lib/python3.12/site-packages/airflow/example_dags/example_datasets.py
[2025-10-15T17:23:25.192+0000] {logging_mixin.py:188} INFO - [2025-10-15T17:23:25.192+0000] {dag.py:3089} INFO - Sync 10 DAGs
[2025-10-15T17:23:25.208+0000] {logging_mixin.py:188} INFO - [2025-10-15T17:23:25.208+0000] {dag.py:3947} INFO - Setting next_dagrun for conditional_dataset_and_time_based_timetable to 2025-10-15 01:00:00+00:00, run_after=2025-10-15 01:00:00+00:00
[2025-10-15T17:23:25.210+0000] {logging_mixin.py:188} INFO - [2025-10-15T17:23:25.210+0000] {dag.py:3947} INFO - Setting next_dagrun for consume_1_and_2_with_dataset_expressions to None, run_after=None
[2025-10-15T17:23:25.214+0000] {logging_mixin.py:188} INFO - [2025-10-15T17:23:25.214+0000] {dag.py:3947} INFO - Setting next_dagrun for consume_1_or_2_with_dataset_expressions to None, run_after=None
[2025-10-15T17:23:25.216+0000] {logging_mixin.py:188} INFO - [2025-10-15T17:23:25.216+0000] {dag.py:3947} INFO - Setting next_dagrun for consume_1_or_both_2_and_3_with_dataset_expressions to None, run_after=None
[2025-10-15T17:23:25.216+0000] {logging_mixin.py:188} INFO - [2025-10-15T17:23:25.216+0000] {dag.py:3947} INFO - Setting next_dagrun for dataset_consumes_1 to None, run_after=None
[2025-10-15T17:23:25.218+0000] {logging_mixin.py:188} INFO - [2025-10-15T17:23:25.218+0000] {dag.py:3947} INFO - Setting next_dagrun for dataset_consumes_1_and_2 to None, run_after=None
[2025-10-15T17:23:25.219+0000] {logging_mixin.py:188} INFO - [2025-10-15T17:23:25.219+0000] {dag.py:3947} INFO - Setting next_dagrun for dataset_consumes_1_never_scheduled to None, run_after=None
[2025-10-15T17:23:25.220+0000] {logging_mixin.py:188} INFO - [2025-10-15T17:23:25.220+0000] {dag.py:3947} INFO - Setting next_dagrun for dataset_consumes_unknown_never_scheduled to None, run_after=None
[2025-10-15T17:23:25.221+0000] {logging_mixin.py:188} INFO - [2025-10-15T17:23:25.221+0000] {dag.py:3947} INFO - Setting next_dagrun for dataset_produces_1 to 2025-10-14 00:00:00+00:00, run_after=2025-10-15 00:00:00+00:00
[2025-10-15T17:23:25.222+0000] {logging_mixin.py:188} INFO - [2025-10-15T17:23:25.222+0000] {dag.py:3947} INFO - Setting next_dagrun for dataset_produces_2 to None, run_after=None
[2025-10-15T17:23:25.246+0000] {processor.py:183} INFO - Processing /home/airflow/.local/lib/python3.12/site-packages/airflow/example_dags/example_datasets.py took 0.105 seconds
[2025-10-15T17:23:55.621+0000] {processor.py:161} INFO - Started process (PID=561) to work on /home/airflow/.local/lib/python3.12/site-packages/airflow/example_dags/example_datasets.py
[2025-10-15T17:23:55.622+0000] {processor.py:830} INFO - Processing file /home/airflow/.local/lib/python3.12/site-packages/airflow/example_dags/example_datasets.py for tasks to queue
[2025-10-15T17:23:55.624+0000] {logging_mixin.py:188} INFO - [2025-10-15T17:23:55.623+0000] {dagbag.py:545} INFO - Filling up the DagBag from /home/airflow/.local/lib/python3.12/site-packages/airflow/example_dags/example_datasets.py
[2025-10-15T17:23:55.634+0000] {processor.py:840} INFO - DAG(s) 'consume_1_and_2_with_dataset_expressions', 'consume_1_or_2_with_dataset_expressions', 'dataset_produces_2', 'conditional_dataset_and_time_based_timetable', 'dataset_consumes_unknown_never_scheduled', 'dataset_consumes_1', 'dataset_consumes_1_and_2', 'consume_1_or_both_2_and_3_with_dataset_expressions', 'dataset_consumes_1_never_scheduled', 'dataset_produces_1' retrieved from /home/airflow/.local/lib/python3.12/site-packages/airflow/example_dags/example_datasets.py
[2025-10-15T17:23:55.666+0000] {logging_mixin.py:188} INFO - [2025-10-15T17:23:55.666+0000] {dag.py:3089} INFO - Sync 10 DAGs
[2025-10-15T17:23:55.685+0000] {logging_mixin.py:188} INFO - [2025-10-15T17:23:55.685+0000] {dag.py:3947} INFO - Setting next_dagrun for conditional_dataset_and_time_based_timetable to 2025-10-15 01:00:00+00:00, run_after=2025-10-15 01:00:00+00:00
[2025-10-15T17:23:55.688+0000] {logging_mixin.py:188} INFO - [2025-10-15T17:23:55.688+0000] {dag.py:3947} INFO - Setting next_dagrun for consume_1_and_2_with_dataset_expressions to None, run_after=None
[2025-10-15T17:23:55.690+0000] {logging_mixin.py:188} INFO - [2025-10-15T17:23:55.690+0000] {dag.py:3947} INFO - Setting next_dagrun for consume_1_or_2_with_dataset_expressions to None, run_after=None
[2025-10-15T17:23:55.692+0000] {logging_mixin.py:188} INFO - [2025-10-15T17:23:55.692+0000] {dag.py:3947} INFO - Setting next_dagrun for consume_1_or_both_2_and_3_with_dataset_expressions to None, run_after=None
[2025-10-15T17:23:55.693+0000] {logging_mixin.py:188} INFO - [2025-10-15T17:23:55.693+0000] {dag.py:3947} INFO - Setting next_dagrun for dataset_consumes_1 to None, run_after=None
[2025-10-15T17:23:55.695+0000] {logging_mixin.py:188} INFO - [2025-10-15T17:23:55.695+0000] {dag.py:3947} INFO - Setting next_dagrun for dataset_consumes_1_and_2 to None, run_after=None
[2025-10-15T17:23:55.696+0000] {logging_mixin.py:188} INFO - [2025-10-15T17:23:55.696+0000] {dag.py:3947} INFO - Setting next_dagrun for dataset_consumes_1_never_scheduled to None, run_after=None
[2025-10-15T17:23:55.697+0000] {logging_mixin.py:188} INFO - [2025-10-15T17:23:55.697+0000] {dag.py:3947} INFO - Setting next_dagrun for dataset_consumes_unknown_never_scheduled to None, run_after=None
[2025-10-15T17:23:55.699+0000] {logging_mixin.py:188} INFO - [2025-10-15T17:23:55.698+0000] {dag.py:3947} INFO - Setting next_dagrun for dataset_produces_1 to 2025-10-14 00:00:00+00:00, run_after=2025-10-15 00:00:00+00:00
[2025-10-15T17:23:55.700+0000] {logging_mixin.py:188} INFO - [2025-10-15T17:23:55.700+0000] {dag.py:3947} INFO - Setting next_dagrun for dataset_produces_2 to None, run_after=None
[2025-10-15T17:23:55.731+0000] {processor.py:183} INFO - Processing /home/airflow/.local/lib/python3.12/site-packages/airflow/example_dags/example_datasets.py took 0.114 seconds
[2025-10-15T17:24:26.547+0000] {processor.py:161} INFO - Started process (PID=619) to work on /home/airflow/.local/lib/python3.12/site-packages/airflow/example_dags/example_datasets.py
[2025-10-15T17:24:26.609+0000] {processor.py:830} INFO - Processing file /home/airflow/.local/lib/python3.12/site-packages/airflow/example_dags/example_datasets.py for tasks to queue
[2025-10-15T17:24:26.613+0000] {logging_mixin.py:188} INFO - [2025-10-15T17:24:26.613+0000] {dagbag.py:545} INFO - Filling up the DagBag from /home/airflow/.local/lib/python3.12/site-packages/airflow/example_dags/example_datasets.py
[2025-10-15T17:24:26.685+0000] {processor.py:840} INFO - DAG(s) 'dataset_consumes_unknown_never_scheduled', 'dataset_consumes_1_and_2', 'dataset_produces_2', 'consume_1_or_2_with_dataset_expressions', 'conditional_dataset_and_time_based_timetable', 'dataset_consumes_1', 'consume_1_or_both_2_and_3_with_dataset_expressions', 'dataset_produces_1', 'consume_1_and_2_with_dataset_expressions', 'dataset_consumes_1_never_scheduled' retrieved from /home/airflow/.local/lib/python3.12/site-packages/airflow/example_dags/example_datasets.py
[2025-10-15T17:24:26.795+0000] {logging_mixin.py:188} INFO - [2025-10-15T17:24:26.794+0000] {dag.py:3089} INFO - Sync 10 DAGs
[2025-10-15T17:24:26.820+0000] {logging_mixin.py:188} INFO - [2025-10-15T17:24:26.820+0000] {dag.py:3947} INFO - Setting next_dagrun for conditional_dataset_and_time_based_timetable to 2025-10-15 01:00:00+00:00, run_after=2025-10-15 01:00:00+00:00
[2025-10-15T17:24:26.824+0000] {logging_mixin.py:188} INFO - [2025-10-15T17:24:26.824+0000] {dag.py:3947} INFO - Setting next_dagrun for consume_1_and_2_with_dataset_expressions to None, run_after=None
[2025-10-15T17:24:26.826+0000] {logging_mixin.py:188} INFO - [2025-10-15T17:24:26.826+0000] {dag.py:3947} INFO - Setting next_dagrun for consume_1_or_2_with_dataset_expressions to None, run_after=None
[2025-10-15T17:24:26.827+0000] {logging_mixin.py:188} INFO - [2025-10-15T17:24:26.827+0000] {dag.py:3947} INFO - Setting next_dagrun for consume_1_or_both_2_and_3_with_dataset_expressions to None, run_after=None
[2025-10-15T17:24:26.829+0000] {logging_mixin.py:188} INFO - [2025-10-15T17:24:26.829+0000] {dag.py:3947} INFO - Setting next_dagrun for dataset_consumes_1 to None, run_after=None
[2025-10-15T17:24:26.835+0000] {logging_mixin.py:188} INFO - [2025-10-15T17:24:26.835+0000] {dag.py:3947} INFO - Setting next_dagrun for dataset_consumes_1_and_2 to None, run_after=None
[2025-10-15T17:24:26.839+0000] {logging_mixin.py:188} INFO - [2025-10-15T17:24:26.839+0000] {dag.py:3947} INFO - Setting next_dagrun for dataset_consumes_1_never_scheduled to None, run_after=None
[2025-10-15T17:24:26.840+0000] {logging_mixin.py:188} INFO - [2025-10-15T17:24:26.839+0000] {dag.py:3947} INFO - Setting next_dagrun for dataset_consumes_unknown_never_scheduled to None, run_after=None
[2025-10-15T17:24:26.841+0000] {logging_mixin.py:188} INFO - [2025-10-15T17:24:26.841+0000] {dag.py:3947} INFO - Setting next_dagrun for dataset_produces_1 to 2025-10-14 00:00:00+00:00, run_after=2025-10-15 00:00:00+00:00
[2025-10-15T17:24:26.844+0000] {logging_mixin.py:188} INFO - [2025-10-15T17:24:26.844+0000] {dag.py:3947} INFO - Setting next_dagrun for dataset_produces_2 to None, run_after=None
[2025-10-15T17:24:26.891+0000] {processor.py:183} INFO - Processing /home/airflow/.local/lib/python3.12/site-packages/airflow/example_dags/example_datasets.py took 0.361 seconds
