[2025-10-15T17:08:14.332+0000] {processor.py:161} INFO - Started process (PID=107) to work on /home/airflow/.local/lib/python3.12/site-packages/airflow/example_dags/example_task_group.py
[2025-10-15T17:08:14.333+0000] {processor.py:830} INFO - Processing file /home/airflow/.local/lib/python3.12/site-packages/airflow/example_dags/example_task_group.py for tasks to queue
[2025-10-15T17:08:14.335+0000] {logging_mixin.py:188} INFO - [2025-10-15T17:08:14.335+0000] {dagbag.py:545} INFO - Filling up the DagBag from /home/airflow/.local/lib/python3.12/site-packages/airflow/example_dags/example_task_group.py
[2025-10-15T17:08:14.345+0000] {processor.py:840} INFO - DAG(s) 'example_task_group' retrieved from /home/airflow/.local/lib/python3.12/site-packages/airflow/example_dags/example_task_group.py
[2025-10-15T17:08:14.455+0000] {logging_mixin.py:188} INFO - [2025-10-15T17:08:14.455+0000] {override.py:1858} INFO - Created Permission View: can edit on DAG:example_task_group
[2025-10-15T17:08:14.464+0000] {logging_mixin.py:188} INFO - [2025-10-15T17:08:14.463+0000] {override.py:1858} INFO - Created Permission View: can delete on DAG:example_task_group
[2025-10-15T17:08:14.469+0000] {logging_mixin.py:188} INFO - [2025-10-15T17:08:14.469+0000] {override.py:1858} INFO - Created Permission View: can read on DAG:example_task_group
[2025-10-15T17:08:14.470+0000] {logging_mixin.py:188} INFO - [2025-10-15T17:08:14.469+0000] {dag.py:3089} INFO - Sync 1 DAGs
[2025-10-15T17:08:14.481+0000] {logging_mixin.py:188} INFO - [2025-10-15T17:08:14.481+0000] {dag.py:3111} INFO - Creating ORM DAG for example_task_group
[2025-10-15T17:08:14.494+0000] {logging_mixin.py:188} INFO - [2025-10-15T17:08:14.494+0000] {dag.py:3947} INFO - Setting next_dagrun for example_task_group to 2025-10-14 00:00:00+00:00, run_after=2025-10-15 00:00:00+00:00
[2025-10-15T17:08:14.515+0000] {processor.py:183} INFO - Processing /home/airflow/.local/lib/python3.12/site-packages/airflow/example_dags/example_task_group.py took 0.188 seconds
[2025-10-15T17:08:45.262+0000] {processor.py:161} INFO - Started process (PID=165) to work on /home/airflow/.local/lib/python3.12/site-packages/airflow/example_dags/example_task_group.py
[2025-10-15T17:08:45.263+0000] {processor.py:830} INFO - Processing file /home/airflow/.local/lib/python3.12/site-packages/airflow/example_dags/example_task_group.py for tasks to queue
[2025-10-15T17:08:45.265+0000] {logging_mixin.py:188} INFO - [2025-10-15T17:08:45.265+0000] {dagbag.py:545} INFO - Filling up the DagBag from /home/airflow/.local/lib/python3.12/site-packages/airflow/example_dags/example_task_group.py
[2025-10-15T17:08:45.270+0000] {processor.py:840} INFO - DAG(s) 'example_task_group' retrieved from /home/airflow/.local/lib/python3.12/site-packages/airflow/example_dags/example_task_group.py
[2025-10-15T17:08:45.293+0000] {logging_mixin.py:188} INFO - [2025-10-15T17:08:45.292+0000] {dag.py:3089} INFO - Sync 1 DAGs
[2025-10-15T17:08:45.318+0000] {logging_mixin.py:188} INFO - [2025-10-15T17:08:45.318+0000] {dag.py:3947} INFO - Setting next_dagrun for example_task_group to 2025-10-14 00:00:00+00:00, run_after=2025-10-15 00:00:00+00:00
[2025-10-15T17:08:45.340+0000] {processor.py:183} INFO - Processing /home/airflow/.local/lib/python3.12/site-packages/airflow/example_dags/example_task_group.py took 0.085 seconds
[2025-10-15T17:09:17.065+0000] {processor.py:161} INFO - Started process (PID=223) to work on /home/airflow/.local/lib/python3.12/site-packages/airflow/example_dags/example_task_group.py
[2025-10-15T17:09:17.066+0000] {processor.py:830} INFO - Processing file /home/airflow/.local/lib/python3.12/site-packages/airflow/example_dags/example_task_group.py for tasks to queue
[2025-10-15T17:09:17.070+0000] {logging_mixin.py:188} INFO - [2025-10-15T17:09:17.070+0000] {dagbag.py:545} INFO - Filling up the DagBag from /home/airflow/.local/lib/python3.12/site-packages/airflow/example_dags/example_task_group.py
[2025-10-15T17:09:17.078+0000] {processor.py:840} INFO - DAG(s) 'example_task_group' retrieved from /home/airflow/.local/lib/python3.12/site-packages/airflow/example_dags/example_task_group.py
[2025-10-15T17:09:17.113+0000] {logging_mixin.py:188} INFO - [2025-10-15T17:09:17.113+0000] {dag.py:3089} INFO - Sync 1 DAGs
[2025-10-15T17:09:17.171+0000] {logging_mixin.py:188} INFO - [2025-10-15T17:09:17.170+0000] {dag.py:3947} INFO - Setting next_dagrun for example_task_group to 2025-10-14 00:00:00+00:00, run_after=2025-10-15 00:00:00+00:00
[2025-10-15T17:09:17.194+0000] {processor.py:183} INFO - Processing /home/airflow/.local/lib/python3.12/site-packages/airflow/example_dags/example_task_group.py took 0.135 seconds
[2025-10-15T17:09:47.282+0000] {processor.py:161} INFO - Started process (PID=281) to work on /home/airflow/.local/lib/python3.12/site-packages/airflow/example_dags/example_task_group.py
[2025-10-15T17:09:47.282+0000] {processor.py:830} INFO - Processing file /home/airflow/.local/lib/python3.12/site-packages/airflow/example_dags/example_task_group.py for tasks to queue
[2025-10-15T17:09:47.284+0000] {logging_mixin.py:188} INFO - [2025-10-15T17:09:47.283+0000] {dagbag.py:545} INFO - Filling up the DagBag from /home/airflow/.local/lib/python3.12/site-packages/airflow/example_dags/example_task_group.py
[2025-10-15T17:09:47.288+0000] {processor.py:840} INFO - DAG(s) 'example_task_group' retrieved from /home/airflow/.local/lib/python3.12/site-packages/airflow/example_dags/example_task_group.py
[2025-10-15T17:09:47.305+0000] {logging_mixin.py:188} INFO - [2025-10-15T17:09:47.304+0000] {dag.py:3089} INFO - Sync 1 DAGs
[2025-10-15T17:09:47.320+0000] {logging_mixin.py:188} INFO - [2025-10-15T17:09:47.320+0000] {dag.py:3947} INFO - Setting next_dagrun for example_task_group to 2025-10-14 00:00:00+00:00, run_after=2025-10-15 00:00:00+00:00
[2025-10-15T17:09:47.336+0000] {processor.py:183} INFO - Processing /home/airflow/.local/lib/python3.12/site-packages/airflow/example_dags/example_task_group.py took 0.058 seconds
[2025-10-15T17:10:17.540+0000] {processor.py:161} INFO - Started process (PID=339) to work on /home/airflow/.local/lib/python3.12/site-packages/airflow/example_dags/example_task_group.py
[2025-10-15T17:10:17.541+0000] {processor.py:830} INFO - Processing file /home/airflow/.local/lib/python3.12/site-packages/airflow/example_dags/example_task_group.py for tasks to queue
[2025-10-15T17:10:17.542+0000] {logging_mixin.py:188} INFO - [2025-10-15T17:10:17.542+0000] {dagbag.py:545} INFO - Filling up the DagBag from /home/airflow/.local/lib/python3.12/site-packages/airflow/example_dags/example_task_group.py
[2025-10-15T17:10:17.547+0000] {processor.py:840} INFO - DAG(s) 'example_task_group' retrieved from /home/airflow/.local/lib/python3.12/site-packages/airflow/example_dags/example_task_group.py
[2025-10-15T17:10:17.567+0000] {logging_mixin.py:188} INFO - [2025-10-15T17:10:17.567+0000] {dag.py:3089} INFO - Sync 1 DAGs
[2025-10-15T17:10:17.583+0000] {logging_mixin.py:188} INFO - [2025-10-15T17:10:17.583+0000] {dag.py:3947} INFO - Setting next_dagrun for example_task_group to 2025-10-14 00:00:00+00:00, run_after=2025-10-15 00:00:00+00:00
[2025-10-15T17:10:17.598+0000] {processor.py:183} INFO - Processing /home/airflow/.local/lib/python3.12/site-packages/airflow/example_dags/example_task_group.py took 0.061 seconds
[2025-10-15T17:10:47.777+0000] {processor.py:161} INFO - Started process (PID=397) to work on /home/airflow/.local/lib/python3.12/site-packages/airflow/example_dags/example_task_group.py
[2025-10-15T17:10:47.779+0000] {processor.py:830} INFO - Processing file /home/airflow/.local/lib/python3.12/site-packages/airflow/example_dags/example_task_group.py for tasks to queue
[2025-10-15T17:10:47.780+0000] {logging_mixin.py:188} INFO - [2025-10-15T17:10:47.780+0000] {dagbag.py:545} INFO - Filling up the DagBag from /home/airflow/.local/lib/python3.12/site-packages/airflow/example_dags/example_task_group.py
[2025-10-15T17:10:47.784+0000] {processor.py:840} INFO - DAG(s) 'example_task_group' retrieved from /home/airflow/.local/lib/python3.12/site-packages/airflow/example_dags/example_task_group.py
[2025-10-15T17:10:47.804+0000] {logging_mixin.py:188} INFO - [2025-10-15T17:10:47.804+0000] {dag.py:3089} INFO - Sync 1 DAGs
[2025-10-15T17:10:47.821+0000] {logging_mixin.py:188} INFO - [2025-10-15T17:10:47.821+0000] {dag.py:3947} INFO - Setting next_dagrun for example_task_group to 2025-10-14 00:00:00+00:00, run_after=2025-10-15 00:00:00+00:00
[2025-10-15T17:10:47.836+0000] {processor.py:183} INFO - Processing /home/airflow/.local/lib/python3.12/site-packages/airflow/example_dags/example_task_group.py took 0.064 seconds
[2025-10-15T17:11:18.434+0000] {processor.py:161} INFO - Started process (PID=455) to work on /home/airflow/.local/lib/python3.12/site-packages/airflow/example_dags/example_task_group.py
[2025-10-15T17:11:18.435+0000] {processor.py:830} INFO - Processing file /home/airflow/.local/lib/python3.12/site-packages/airflow/example_dags/example_task_group.py for tasks to queue
[2025-10-15T17:11:18.436+0000] {logging_mixin.py:188} INFO - [2025-10-15T17:11:18.435+0000] {dagbag.py:545} INFO - Filling up the DagBag from /home/airflow/.local/lib/python3.12/site-packages/airflow/example_dags/example_task_group.py
[2025-10-15T17:11:18.440+0000] {processor.py:840} INFO - DAG(s) 'example_task_group' retrieved from /home/airflow/.local/lib/python3.12/site-packages/airflow/example_dags/example_task_group.py
[2025-10-15T17:11:18.453+0000] {logging_mixin.py:188} INFO - [2025-10-15T17:11:18.453+0000] {dag.py:3089} INFO - Sync 1 DAGs
[2025-10-15T17:11:18.472+0000] {logging_mixin.py:188} INFO - [2025-10-15T17:11:18.472+0000] {dag.py:3947} INFO - Setting next_dagrun for example_task_group to 2025-10-14 00:00:00+00:00, run_after=2025-10-15 00:00:00+00:00
[2025-10-15T17:11:18.490+0000] {processor.py:183} INFO - Processing /home/airflow/.local/lib/python3.12/site-packages/airflow/example_dags/example_task_group.py took 0.060 seconds
[2025-10-15T17:11:48.559+0000] {processor.py:161} INFO - Started process (PID=513) to work on /home/airflow/.local/lib/python3.12/site-packages/airflow/example_dags/example_task_group.py
[2025-10-15T17:11:48.560+0000] {processor.py:830} INFO - Processing file /home/airflow/.local/lib/python3.12/site-packages/airflow/example_dags/example_task_group.py for tasks to queue
[2025-10-15T17:11:48.562+0000] {logging_mixin.py:188} INFO - [2025-10-15T17:11:48.561+0000] {dagbag.py:545} INFO - Filling up the DagBag from /home/airflow/.local/lib/python3.12/site-packages/airflow/example_dags/example_task_group.py
[2025-10-15T17:11:48.566+0000] {processor.py:840} INFO - DAG(s) 'example_task_group' retrieved from /home/airflow/.local/lib/python3.12/site-packages/airflow/example_dags/example_task_group.py
[2025-10-15T17:11:48.582+0000] {logging_mixin.py:188} INFO - [2025-10-15T17:11:48.581+0000] {dag.py:3089} INFO - Sync 1 DAGs
[2025-10-15T17:11:48.596+0000] {logging_mixin.py:188} INFO - [2025-10-15T17:11:48.596+0000] {dag.py:3947} INFO - Setting next_dagrun for example_task_group to 2025-10-14 00:00:00+00:00, run_after=2025-10-15 00:00:00+00:00
[2025-10-15T17:11:48.610+0000] {processor.py:183} INFO - Processing /home/airflow/.local/lib/python3.12/site-packages/airflow/example_dags/example_task_group.py took 0.055 seconds
[2025-10-15T17:12:18.824+0000] {processor.py:161} INFO - Started process (PID=571) to work on /home/airflow/.local/lib/python3.12/site-packages/airflow/example_dags/example_task_group.py
[2025-10-15T17:12:18.825+0000] {processor.py:830} INFO - Processing file /home/airflow/.local/lib/python3.12/site-packages/airflow/example_dags/example_task_group.py for tasks to queue
[2025-10-15T17:12:18.826+0000] {logging_mixin.py:188} INFO - [2025-10-15T17:12:18.826+0000] {dagbag.py:545} INFO - Filling up the DagBag from /home/airflow/.local/lib/python3.12/site-packages/airflow/example_dags/example_task_group.py
[2025-10-15T17:12:18.830+0000] {processor.py:840} INFO - DAG(s) 'example_task_group' retrieved from /home/airflow/.local/lib/python3.12/site-packages/airflow/example_dags/example_task_group.py
[2025-10-15T17:12:18.848+0000] {logging_mixin.py:188} INFO - [2025-10-15T17:12:18.848+0000] {dag.py:3089} INFO - Sync 1 DAGs
[2025-10-15T17:12:18.864+0000] {logging_mixin.py:188} INFO - [2025-10-15T17:12:18.863+0000] {dag.py:3947} INFO - Setting next_dagrun for example_task_group to 2025-10-14 00:00:00+00:00, run_after=2025-10-15 00:00:00+00:00
[2025-10-15T17:12:18.879+0000] {processor.py:183} INFO - Processing /home/airflow/.local/lib/python3.12/site-packages/airflow/example_dags/example_task_group.py took 0.058 seconds
[2025-10-15T17:12:49.546+0000] {processor.py:161} INFO - Started process (PID=629) to work on /home/airflow/.local/lib/python3.12/site-packages/airflow/example_dags/example_task_group.py
[2025-10-15T17:12:49.546+0000] {processor.py:830} INFO - Processing file /home/airflow/.local/lib/python3.12/site-packages/airflow/example_dags/example_task_group.py for tasks to queue
[2025-10-15T17:12:49.547+0000] {logging_mixin.py:188} INFO - [2025-10-15T17:12:49.547+0000] {dagbag.py:545} INFO - Filling up the DagBag from /home/airflow/.local/lib/python3.12/site-packages/airflow/example_dags/example_task_group.py
[2025-10-15T17:12:49.552+0000] {processor.py:840} INFO - DAG(s) 'example_task_group' retrieved from /home/airflow/.local/lib/python3.12/site-packages/airflow/example_dags/example_task_group.py
[2025-10-15T17:12:49.570+0000] {logging_mixin.py:188} INFO - [2025-10-15T17:12:49.570+0000] {dag.py:3089} INFO - Sync 1 DAGs
[2025-10-15T17:12:49.585+0000] {logging_mixin.py:188} INFO - [2025-10-15T17:12:49.585+0000] {dag.py:3947} INFO - Setting next_dagrun for example_task_group to 2025-10-14 00:00:00+00:00, run_after=2025-10-15 00:00:00+00:00
[2025-10-15T17:12:49.601+0000] {processor.py:183} INFO - Processing /home/airflow/.local/lib/python3.12/site-packages/airflow/example_dags/example_task_group.py took 0.060 seconds
[2025-10-15T17:13:19.638+0000] {processor.py:161} INFO - Started process (PID=687) to work on /home/airflow/.local/lib/python3.12/site-packages/airflow/example_dags/example_task_group.py
[2025-10-15T17:13:19.639+0000] {processor.py:830} INFO - Processing file /home/airflow/.local/lib/python3.12/site-packages/airflow/example_dags/example_task_group.py for tasks to queue
[2025-10-15T17:13:19.640+0000] {logging_mixin.py:188} INFO - [2025-10-15T17:13:19.640+0000] {dagbag.py:545} INFO - Filling up the DagBag from /home/airflow/.local/lib/python3.12/site-packages/airflow/example_dags/example_task_group.py
[2025-10-15T17:13:19.645+0000] {processor.py:840} INFO - DAG(s) 'example_task_group' retrieved from /home/airflow/.local/lib/python3.12/site-packages/airflow/example_dags/example_task_group.py
[2025-10-15T17:13:19.662+0000] {logging_mixin.py:188} INFO - [2025-10-15T17:13:19.661+0000] {dag.py:3089} INFO - Sync 1 DAGs
[2025-10-15T17:13:19.674+0000] {logging_mixin.py:188} INFO - [2025-10-15T17:13:19.674+0000] {dag.py:3947} INFO - Setting next_dagrun for example_task_group to 2025-10-14 00:00:00+00:00, run_after=2025-10-15 00:00:00+00:00
[2025-10-15T17:13:19.685+0000] {processor.py:183} INFO - Processing /home/airflow/.local/lib/python3.12/site-packages/airflow/example_dags/example_task_group.py took 0.053 seconds
[2025-10-15T17:13:50.640+0000] {processor.py:161} INFO - Started process (PID=745) to work on /home/airflow/.local/lib/python3.12/site-packages/airflow/example_dags/example_task_group.py
[2025-10-15T17:13:50.640+0000] {processor.py:830} INFO - Processing file /home/airflow/.local/lib/python3.12/site-packages/airflow/example_dags/example_task_group.py for tasks to queue
[2025-10-15T17:13:50.642+0000] {logging_mixin.py:188} INFO - [2025-10-15T17:13:50.642+0000] {dagbag.py:545} INFO - Filling up the DagBag from /home/airflow/.local/lib/python3.12/site-packages/airflow/example_dags/example_task_group.py
[2025-10-15T17:13:50.648+0000] {processor.py:840} INFO - DAG(s) 'example_task_group' retrieved from /home/airflow/.local/lib/python3.12/site-packages/airflow/example_dags/example_task_group.py
[2025-10-15T17:13:50.663+0000] {logging_mixin.py:188} INFO - [2025-10-15T17:13:50.663+0000] {dag.py:3089} INFO - Sync 1 DAGs
[2025-10-15T17:13:50.677+0000] {logging_mixin.py:188} INFO - [2025-10-15T17:13:50.677+0000] {dag.py:3947} INFO - Setting next_dagrun for example_task_group to 2025-10-14 00:00:00+00:00, run_after=2025-10-15 00:00:00+00:00
[2025-10-15T17:13:50.687+0000] {processor.py:183} INFO - Processing /home/airflow/.local/lib/python3.12/site-packages/airflow/example_dags/example_task_group.py took 0.051 seconds
[2025-10-15T17:14:20.955+0000] {processor.py:161} INFO - Started process (PID=803) to work on /home/airflow/.local/lib/python3.12/site-packages/airflow/example_dags/example_task_group.py
[2025-10-15T17:14:20.956+0000] {processor.py:830} INFO - Processing file /home/airflow/.local/lib/python3.12/site-packages/airflow/example_dags/example_task_group.py for tasks to queue
[2025-10-15T17:14:20.957+0000] {logging_mixin.py:188} INFO - [2025-10-15T17:14:20.957+0000] {dagbag.py:545} INFO - Filling up the DagBag from /home/airflow/.local/lib/python3.12/site-packages/airflow/example_dags/example_task_group.py
[2025-10-15T17:14:20.962+0000] {processor.py:840} INFO - DAG(s) 'example_task_group' retrieved from /home/airflow/.local/lib/python3.12/site-packages/airflow/example_dags/example_task_group.py
[2025-10-15T17:14:20.978+0000] {logging_mixin.py:188} INFO - [2025-10-15T17:14:20.978+0000] {dag.py:3089} INFO - Sync 1 DAGs
[2025-10-15T17:14:20.991+0000] {logging_mixin.py:188} INFO - [2025-10-15T17:14:20.991+0000] {dag.py:3947} INFO - Setting next_dagrun for example_task_group to 2025-10-14 00:00:00+00:00, run_after=2025-10-15 00:00:00+00:00
[2025-10-15T17:14:21.001+0000] {processor.py:183} INFO - Processing /home/airflow/.local/lib/python3.12/site-packages/airflow/example_dags/example_task_group.py took 0.049 seconds
[2025-10-15T17:14:51.191+0000] {processor.py:161} INFO - Started process (PID=861) to work on /home/airflow/.local/lib/python3.12/site-packages/airflow/example_dags/example_task_group.py
[2025-10-15T17:14:51.192+0000] {processor.py:830} INFO - Processing file /home/airflow/.local/lib/python3.12/site-packages/airflow/example_dags/example_task_group.py for tasks to queue
[2025-10-15T17:14:51.193+0000] {logging_mixin.py:188} INFO - [2025-10-15T17:14:51.193+0000] {dagbag.py:545} INFO - Filling up the DagBag from /home/airflow/.local/lib/python3.12/site-packages/airflow/example_dags/example_task_group.py
[2025-10-15T17:14:51.197+0000] {processor.py:840} INFO - DAG(s) 'example_task_group' retrieved from /home/airflow/.local/lib/python3.12/site-packages/airflow/example_dags/example_task_group.py
[2025-10-15T17:14:51.211+0000] {logging_mixin.py:188} INFO - [2025-10-15T17:14:51.211+0000] {dag.py:3089} INFO - Sync 1 DAGs
[2025-10-15T17:14:51.225+0000] {logging_mixin.py:188} INFO - [2025-10-15T17:14:51.224+0000] {dag.py:3947} INFO - Setting next_dagrun for example_task_group to 2025-10-14 00:00:00+00:00, run_after=2025-10-15 00:00:00+00:00
[2025-10-15T17:14:51.236+0000] {processor.py:183} INFO - Processing /home/airflow/.local/lib/python3.12/site-packages/airflow/example_dags/example_task_group.py took 0.048 seconds
[2025-10-15T17:15:21.541+0000] {processor.py:161} INFO - Started process (PID=919) to work on /home/airflow/.local/lib/python3.12/site-packages/airflow/example_dags/example_task_group.py
[2025-10-15T17:15:21.542+0000] {processor.py:830} INFO - Processing file /home/airflow/.local/lib/python3.12/site-packages/airflow/example_dags/example_task_group.py for tasks to queue
[2025-10-15T17:15:21.544+0000] {logging_mixin.py:188} INFO - [2025-10-15T17:15:21.544+0000] {dagbag.py:545} INFO - Filling up the DagBag from /home/airflow/.local/lib/python3.12/site-packages/airflow/example_dags/example_task_group.py
[2025-10-15T17:15:21.551+0000] {processor.py:840} INFO - DAG(s) 'example_task_group' retrieved from /home/airflow/.local/lib/python3.12/site-packages/airflow/example_dags/example_task_group.py
[2025-10-15T17:15:21.564+0000] {logging_mixin.py:188} INFO - [2025-10-15T17:15:21.564+0000] {dag.py:3089} INFO - Sync 1 DAGs
[2025-10-15T17:15:21.583+0000] {logging_mixin.py:188} INFO - [2025-10-15T17:15:21.583+0000] {dag.py:3947} INFO - Setting next_dagrun for example_task_group to 2025-10-14 00:00:00+00:00, run_after=2025-10-15 00:00:00+00:00
[2025-10-15T17:15:21.595+0000] {processor.py:183} INFO - Processing /home/airflow/.local/lib/python3.12/site-packages/airflow/example_dags/example_task_group.py took 0.060 seconds
[2025-10-15T17:19:50.098+0000] {processor.py:161} INFO - Started process (PID=102) to work on /home/airflow/.local/lib/python3.12/site-packages/airflow/example_dags/example_task_group.py
[2025-10-15T17:19:50.101+0000] {processor.py:830} INFO - Processing file /home/airflow/.local/lib/python3.12/site-packages/airflow/example_dags/example_task_group.py for tasks to queue
[2025-10-15T17:19:50.104+0000] {logging_mixin.py:188} INFO - [2025-10-15T17:19:50.104+0000] {dagbag.py:545} INFO - Filling up the DagBag from /home/airflow/.local/lib/python3.12/site-packages/airflow/example_dags/example_task_group.py
[2025-10-15T17:19:50.112+0000] {processor.py:840} INFO - DAG(s) 'example_task_group' retrieved from /home/airflow/.local/lib/python3.12/site-packages/airflow/example_dags/example_task_group.py
[2025-10-15T17:19:50.206+0000] {logging_mixin.py:188} INFO - [2025-10-15T17:19:50.206+0000] {dag.py:3089} INFO - Sync 1 DAGs
[2025-10-15T17:19:50.224+0000] {logging_mixin.py:188} INFO - [2025-10-15T17:19:50.224+0000] {dag.py:3947} INFO - Setting next_dagrun for example_task_group to 2025-10-14 00:00:00+00:00, run_after=2025-10-15 00:00:00+00:00
[2025-10-15T17:19:50.248+0000] {processor.py:183} INFO - Processing /home/airflow/.local/lib/python3.12/site-packages/airflow/example_dags/example_task_group.py took 0.155 seconds
[2025-10-15T17:20:20.689+0000] {processor.py:161} INFO - Started process (PID=160) to work on /home/airflow/.local/lib/python3.12/site-packages/airflow/example_dags/example_task_group.py
[2025-10-15T17:20:20.693+0000] {processor.py:830} INFO - Processing file /home/airflow/.local/lib/python3.12/site-packages/airflow/example_dags/example_task_group.py for tasks to queue
[2025-10-15T17:20:20.700+0000] {logging_mixin.py:188} INFO - [2025-10-15T17:20:20.700+0000] {dagbag.py:545} INFO - Filling up the DagBag from /home/airflow/.local/lib/python3.12/site-packages/airflow/example_dags/example_task_group.py
[2025-10-15T17:20:20.710+0000] {processor.py:840} INFO - DAG(s) 'example_task_group' retrieved from /home/airflow/.local/lib/python3.12/site-packages/airflow/example_dags/example_task_group.py
[2025-10-15T17:20:20.744+0000] {logging_mixin.py:188} INFO - [2025-10-15T17:20:20.744+0000] {dag.py:3089} INFO - Sync 1 DAGs
[2025-10-15T17:20:20.787+0000] {logging_mixin.py:188} INFO - [2025-10-15T17:20:20.786+0000] {dag.py:3947} INFO - Setting next_dagrun for example_task_group to 2025-10-14 00:00:00+00:00, run_after=2025-10-15 00:00:00+00:00
[2025-10-15T17:20:20.825+0000] {processor.py:183} INFO - Processing /home/airflow/.local/lib/python3.12/site-packages/airflow/example_dags/example_task_group.py took 0.144 seconds
[2025-10-15T17:20:51.306+0000] {processor.py:161} INFO - Started process (PID=218) to work on /home/airflow/.local/lib/python3.12/site-packages/airflow/example_dags/example_task_group.py
[2025-10-15T17:20:51.307+0000] {processor.py:830} INFO - Processing file /home/airflow/.local/lib/python3.12/site-packages/airflow/example_dags/example_task_group.py for tasks to queue
[2025-10-15T17:20:51.309+0000] {logging_mixin.py:188} INFO - [2025-10-15T17:20:51.309+0000] {dagbag.py:545} INFO - Filling up the DagBag from /home/airflow/.local/lib/python3.12/site-packages/airflow/example_dags/example_task_group.py
[2025-10-15T17:20:51.313+0000] {processor.py:840} INFO - DAG(s) 'example_task_group' retrieved from /home/airflow/.local/lib/python3.12/site-packages/airflow/example_dags/example_task_group.py
[2025-10-15T17:20:51.327+0000] {logging_mixin.py:188} INFO - [2025-10-15T17:20:51.327+0000] {dag.py:3089} INFO - Sync 1 DAGs
[2025-10-15T17:20:51.340+0000] {logging_mixin.py:188} INFO - [2025-10-15T17:20:51.340+0000] {dag.py:3947} INFO - Setting next_dagrun for example_task_group to 2025-10-14 00:00:00+00:00, run_after=2025-10-15 00:00:00+00:00
[2025-10-15T17:20:51.350+0000] {processor.py:183} INFO - Processing /home/airflow/.local/lib/python3.12/site-packages/airflow/example_dags/example_task_group.py took 0.047 seconds
[2025-10-15T17:21:22.274+0000] {processor.py:161} INFO - Started process (PID=276) to work on /home/airflow/.local/lib/python3.12/site-packages/airflow/example_dags/example_task_group.py
[2025-10-15T17:21:22.280+0000] {processor.py:830} INFO - Processing file /home/airflow/.local/lib/python3.12/site-packages/airflow/example_dags/example_task_group.py for tasks to queue
[2025-10-15T17:21:22.291+0000] {logging_mixin.py:188} INFO - [2025-10-15T17:21:22.291+0000] {dagbag.py:545} INFO - Filling up the DagBag from /home/airflow/.local/lib/python3.12/site-packages/airflow/example_dags/example_task_group.py
[2025-10-15T17:21:22.317+0000] {processor.py:840} INFO - DAG(s) 'example_task_group' retrieved from /home/airflow/.local/lib/python3.12/site-packages/airflow/example_dags/example_task_group.py
[2025-10-15T17:21:22.503+0000] {logging_mixin.py:188} INFO - [2025-10-15T17:21:22.503+0000] {dag.py:3089} INFO - Sync 1 DAGs
[2025-10-15T17:21:22.531+0000] {logging_mixin.py:188} INFO - [2025-10-15T17:21:22.530+0000] {dag.py:3947} INFO - Setting next_dagrun for example_task_group to 2025-10-14 00:00:00+00:00, run_after=2025-10-15 00:00:00+00:00
[2025-10-15T17:21:22.553+0000] {processor.py:183} INFO - Processing /home/airflow/.local/lib/python3.12/site-packages/airflow/example_dags/example_task_group.py took 0.290 seconds
[2025-10-15T17:21:53.500+0000] {processor.py:161} INFO - Started process (PID=334) to work on /home/airflow/.local/lib/python3.12/site-packages/airflow/example_dags/example_task_group.py
[2025-10-15T17:21:53.504+0000] {processor.py:830} INFO - Processing file /home/airflow/.local/lib/python3.12/site-packages/airflow/example_dags/example_task_group.py for tasks to queue
[2025-10-15T17:21:53.507+0000] {logging_mixin.py:188} INFO - [2025-10-15T17:21:53.506+0000] {dagbag.py:545} INFO - Filling up the DagBag from /home/airflow/.local/lib/python3.12/site-packages/airflow/example_dags/example_task_group.py
[2025-10-15T17:21:53.511+0000] {processor.py:840} INFO - DAG(s) 'example_task_group' retrieved from /home/airflow/.local/lib/python3.12/site-packages/airflow/example_dags/example_task_group.py
[2025-10-15T17:21:53.531+0000] {logging_mixin.py:188} INFO - [2025-10-15T17:21:53.531+0000] {dag.py:3089} INFO - Sync 1 DAGs
[2025-10-15T17:21:53.545+0000] {logging_mixin.py:188} INFO - [2025-10-15T17:21:53.545+0000] {dag.py:3947} INFO - Setting next_dagrun for example_task_group to 2025-10-14 00:00:00+00:00, run_after=2025-10-15 00:00:00+00:00
[2025-10-15T17:21:53.564+0000] {processor.py:183} INFO - Processing /home/airflow/.local/lib/python3.12/site-packages/airflow/example_dags/example_task_group.py took 0.067 seconds
[2025-10-15T17:22:24.142+0000] {processor.py:161} INFO - Started process (PID=392) to work on /home/airflow/.local/lib/python3.12/site-packages/airflow/example_dags/example_task_group.py
[2025-10-15T17:22:24.144+0000] {processor.py:830} INFO - Processing file /home/airflow/.local/lib/python3.12/site-packages/airflow/example_dags/example_task_group.py for tasks to queue
[2025-10-15T17:22:24.146+0000] {logging_mixin.py:188} INFO - [2025-10-15T17:22:24.145+0000] {dagbag.py:545} INFO - Filling up the DagBag from /home/airflow/.local/lib/python3.12/site-packages/airflow/example_dags/example_task_group.py
[2025-10-15T17:22:24.150+0000] {processor.py:840} INFO - DAG(s) 'example_task_group' retrieved from /home/airflow/.local/lib/python3.12/site-packages/airflow/example_dags/example_task_group.py
[2025-10-15T17:22:24.165+0000] {logging_mixin.py:188} INFO - [2025-10-15T17:22:24.165+0000] {dag.py:3089} INFO - Sync 1 DAGs
[2025-10-15T17:22:24.177+0000] {logging_mixin.py:188} INFO - [2025-10-15T17:22:24.177+0000] {dag.py:3947} INFO - Setting next_dagrun for example_task_group to 2025-10-14 00:00:00+00:00, run_after=2025-10-15 00:00:00+00:00
[2025-10-15T17:22:24.188+0000] {processor.py:183} INFO - Processing /home/airflow/.local/lib/python3.12/site-packages/airflow/example_dags/example_task_group.py took 0.050 seconds
[2025-10-15T17:22:54.672+0000] {processor.py:161} INFO - Started process (PID=450) to work on /home/airflow/.local/lib/python3.12/site-packages/airflow/example_dags/example_task_group.py
[2025-10-15T17:22:54.673+0000] {processor.py:830} INFO - Processing file /home/airflow/.local/lib/python3.12/site-packages/airflow/example_dags/example_task_group.py for tasks to queue
[2025-10-15T17:22:54.675+0000] {logging_mixin.py:188} INFO - [2025-10-15T17:22:54.674+0000] {dagbag.py:545} INFO - Filling up the DagBag from /home/airflow/.local/lib/python3.12/site-packages/airflow/example_dags/example_task_group.py
[2025-10-15T17:22:54.681+0000] {processor.py:840} INFO - DAG(s) 'example_task_group' retrieved from /home/airflow/.local/lib/python3.12/site-packages/airflow/example_dags/example_task_group.py
[2025-10-15T17:22:54.700+0000] {logging_mixin.py:188} INFO - [2025-10-15T17:22:54.700+0000] {dag.py:3089} INFO - Sync 1 DAGs
[2025-10-15T17:22:54.720+0000] {logging_mixin.py:188} INFO - [2025-10-15T17:22:54.720+0000] {dag.py:3947} INFO - Setting next_dagrun for example_task_group to 2025-10-14 00:00:00+00:00, run_after=2025-10-15 00:00:00+00:00
[2025-10-15T17:22:54.735+0000] {processor.py:183} INFO - Processing /home/airflow/.local/lib/python3.12/site-packages/airflow/example_dags/example_task_group.py took 0.068 seconds
[2025-10-15T17:23:25.344+0000] {processor.py:161} INFO - Started process (PID=508) to work on /home/airflow/.local/lib/python3.12/site-packages/airflow/example_dags/example_task_group.py
[2025-10-15T17:23:25.347+0000] {processor.py:830} INFO - Processing file /home/airflow/.local/lib/python3.12/site-packages/airflow/example_dags/example_task_group.py for tasks to queue
[2025-10-15T17:23:25.349+0000] {logging_mixin.py:188} INFO - [2025-10-15T17:23:25.348+0000] {dagbag.py:545} INFO - Filling up the DagBag from /home/airflow/.local/lib/python3.12/site-packages/airflow/example_dags/example_task_group.py
[2025-10-15T17:23:25.353+0000] {processor.py:840} INFO - DAG(s) 'example_task_group' retrieved from /home/airflow/.local/lib/python3.12/site-packages/airflow/example_dags/example_task_group.py
[2025-10-15T17:23:25.368+0000] {logging_mixin.py:188} INFO - [2025-10-15T17:23:25.368+0000] {dag.py:3089} INFO - Sync 1 DAGs
[2025-10-15T17:23:25.381+0000] {logging_mixin.py:188} INFO - [2025-10-15T17:23:25.381+0000] {dag.py:3947} INFO - Setting next_dagrun for example_task_group to 2025-10-14 00:00:00+00:00, run_after=2025-10-15 00:00:00+00:00
[2025-10-15T17:23:25.392+0000] {processor.py:183} INFO - Processing /home/airflow/.local/lib/python3.12/site-packages/airflow/example_dags/example_task_group.py took 0.051 seconds
[2025-10-15T17:23:55.833+0000] {processor.py:161} INFO - Started process (PID=566) to work on /home/airflow/.local/lib/python3.12/site-packages/airflow/example_dags/example_task_group.py
[2025-10-15T17:23:55.833+0000] {processor.py:830} INFO - Processing file /home/airflow/.local/lib/python3.12/site-packages/airflow/example_dags/example_task_group.py for tasks to queue
[2025-10-15T17:23:55.834+0000] {logging_mixin.py:188} INFO - [2025-10-15T17:23:55.834+0000] {dagbag.py:545} INFO - Filling up the DagBag from /home/airflow/.local/lib/python3.12/site-packages/airflow/example_dags/example_task_group.py
[2025-10-15T17:23:55.840+0000] {processor.py:840} INFO - DAG(s) 'example_task_group' retrieved from /home/airflow/.local/lib/python3.12/site-packages/airflow/example_dags/example_task_group.py
[2025-10-15T17:23:55.862+0000] {logging_mixin.py:188} INFO - [2025-10-15T17:23:55.862+0000] {dag.py:3089} INFO - Sync 1 DAGs
[2025-10-15T17:23:55.880+0000] {logging_mixin.py:188} INFO - [2025-10-15T17:23:55.880+0000] {dag.py:3947} INFO - Setting next_dagrun for example_task_group to 2025-10-14 00:00:00+00:00, run_after=2025-10-15 00:00:00+00:00
[2025-10-15T17:23:55.896+0000] {processor.py:183} INFO - Processing /home/airflow/.local/lib/python3.12/site-packages/airflow/example_dags/example_task_group.py took 0.069 seconds
[2025-10-15T17:24:27.021+0000] {processor.py:161} INFO - Started process (PID=624) to work on /home/airflow/.local/lib/python3.12/site-packages/airflow/example_dags/example_task_group.py
[2025-10-15T17:24:27.021+0000] {processor.py:830} INFO - Processing file /home/airflow/.local/lib/python3.12/site-packages/airflow/example_dags/example_task_group.py for tasks to queue
[2025-10-15T17:24:27.023+0000] {logging_mixin.py:188} INFO - [2025-10-15T17:24:27.023+0000] {dagbag.py:545} INFO - Filling up the DagBag from /home/airflow/.local/lib/python3.12/site-packages/airflow/example_dags/example_task_group.py
[2025-10-15T17:24:27.029+0000] {processor.py:840} INFO - DAG(s) 'example_task_group' retrieved from /home/airflow/.local/lib/python3.12/site-packages/airflow/example_dags/example_task_group.py
[2025-10-15T17:24:27.050+0000] {logging_mixin.py:188} INFO - [2025-10-15T17:24:27.050+0000] {dag.py:3089} INFO - Sync 1 DAGs
[2025-10-15T17:24:27.070+0000] {logging_mixin.py:188} INFO - [2025-10-15T17:24:27.070+0000] {dag.py:3947} INFO - Setting next_dagrun for example_task_group to 2025-10-14 00:00:00+00:00, run_after=2025-10-15 00:00:00+00:00
[2025-10-15T17:24:27.092+0000] {processor.py:183} INFO - Processing /home/airflow/.local/lib/python3.12/site-packages/airflow/example_dags/example_task_group.py took 0.076 seconds
