[2025-10-15T17:08:08.802+0000] {processor.py:161} INFO - Started process (PID=81) to work on /home/airflow/.local/lib/python3.12/site-packages/airflow/example_dags/example_xcomargs.py
[2025-10-15T17:08:08.805+0000] {processor.py:830} INFO - Processing file /home/airflow/.local/lib/python3.12/site-packages/airflow/example_dags/example_xcomargs.py for tasks to queue
[2025-10-15T17:08:08.807+0000] {logging_mixin.py:188} INFO - [2025-10-15T17:08:08.807+0000] {dagbag.py:545} INFO - Filling up the DagBag from /home/airflow/.local/lib/python3.12/site-packages/airflow/example_dags/example_xcomargs.py
[2025-10-15T17:08:08.817+0000] {processor.py:840} INFO - DAG(s) 'example_xcom_args', 'example_xcom_args_with_operators' retrieved from /home/airflow/.local/lib/python3.12/site-packages/airflow/example_dags/example_xcomargs.py
[2025-10-15T17:08:08.932+0000] {logging_mixin.py:188} INFO - [2025-10-15T17:08:08.932+0000] {override.py:1858} INFO - Created Permission View: can edit on DAG:example_xcom_args
[2025-10-15T17:08:08.941+0000] {logging_mixin.py:188} INFO - [2025-10-15T17:08:08.940+0000] {override.py:1858} INFO - Created Permission View: can delete on DAG:example_xcom_args
[2025-10-15T17:08:08.946+0000] {logging_mixin.py:188} INFO - [2025-10-15T17:08:08.946+0000] {override.py:1858} INFO - Created Permission View: can read on DAG:example_xcom_args
[2025-10-15T17:08:08.960+0000] {logging_mixin.py:188} INFO - [2025-10-15T17:08:08.960+0000] {override.py:1858} INFO - Created Permission View: can edit on DAG:example_xcom_args_with_operators
[2025-10-15T17:08:08.968+0000] {logging_mixin.py:188} INFO - [2025-10-15T17:08:08.968+0000] {override.py:1858} INFO - Created Permission View: can delete on DAG:example_xcom_args_with_operators
[2025-10-15T17:08:08.974+0000] {logging_mixin.py:188} INFO - [2025-10-15T17:08:08.974+0000] {override.py:1858} INFO - Created Permission View: can read on DAG:example_xcom_args_with_operators
[2025-10-15T17:08:08.975+0000] {logging_mixin.py:188} INFO - [2025-10-15T17:08:08.975+0000] {dag.py:3089} INFO - Sync 2 DAGs
[2025-10-15T17:08:08.987+0000] {logging_mixin.py:188} INFO - [2025-10-15T17:08:08.987+0000] {dag.py:3111} INFO - Creating ORM DAG for example_xcom_args_with_operators
[2025-10-15T17:08:08.988+0000] {logging_mixin.py:188} INFO - [2025-10-15T17:08:08.988+0000] {dag.py:3111} INFO - Creating ORM DAG for example_xcom_args
[2025-10-15T17:08:08.988+0000] {logging_mixin.py:188} INFO - [2025-10-15T17:08:08.988+0000] {dag.py:3947} INFO - Setting next_dagrun for example_xcom_args to None, run_after=None
[2025-10-15T17:08:08.989+0000] {logging_mixin.py:188} INFO - [2025-10-15T17:08:08.989+0000] {dag.py:3947} INFO - Setting next_dagrun for example_xcom_args_with_operators to None, run_after=None
[2025-10-15T17:08:09.001+0000] {processor.py:183} INFO - Processing /home/airflow/.local/lib/python3.12/site-packages/airflow/example_dags/example_xcomargs.py took 0.204 seconds
[2025-10-15T17:08:39.058+0000] {processor.py:161} INFO - Started process (PID=139) to work on /home/airflow/.local/lib/python3.12/site-packages/airflow/example_dags/example_xcomargs.py
[2025-10-15T17:08:39.058+0000] {processor.py:830} INFO - Processing file /home/airflow/.local/lib/python3.12/site-packages/airflow/example_dags/example_xcomargs.py for tasks to queue
[2025-10-15T17:08:39.060+0000] {logging_mixin.py:188} INFO - [2025-10-15T17:08:39.059+0000] {dagbag.py:545} INFO - Filling up the DagBag from /home/airflow/.local/lib/python3.12/site-packages/airflow/example_dags/example_xcomargs.py
[2025-10-15T17:08:39.065+0000] {processor.py:840} INFO - DAG(s) 'example_xcom_args', 'example_xcom_args_with_operators' retrieved from /home/airflow/.local/lib/python3.12/site-packages/airflow/example_dags/example_xcomargs.py
[2025-10-15T17:08:39.078+0000] {logging_mixin.py:188} INFO - [2025-10-15T17:08:39.078+0000] {dag.py:3089} INFO - Sync 2 DAGs
[2025-10-15T17:08:39.085+0000] {logging_mixin.py:188} INFO - [2025-10-15T17:08:39.085+0000] {dag.py:3947} INFO - Setting next_dagrun for example_xcom_args to None, run_after=None
[2025-10-15T17:08:39.087+0000] {logging_mixin.py:188} INFO - [2025-10-15T17:08:39.087+0000] {dag.py:3947} INFO - Setting next_dagrun for example_xcom_args_with_operators to None, run_after=None
[2025-10-15T17:08:39.096+0000] {processor.py:183} INFO - Processing /home/airflow/.local/lib/python3.12/site-packages/airflow/example_dags/example_xcomargs.py took 0.041 seconds
[2025-10-15T17:09:09.656+0000] {processor.py:161} INFO - Started process (PID=197) to work on /home/airflow/.local/lib/python3.12/site-packages/airflow/example_dags/example_xcomargs.py
[2025-10-15T17:09:09.658+0000] {processor.py:830} INFO - Processing file /home/airflow/.local/lib/python3.12/site-packages/airflow/example_dags/example_xcomargs.py for tasks to queue
[2025-10-15T17:09:09.662+0000] {logging_mixin.py:188} INFO - [2025-10-15T17:09:09.662+0000] {dagbag.py:545} INFO - Filling up the DagBag from /home/airflow/.local/lib/python3.12/site-packages/airflow/example_dags/example_xcomargs.py
[2025-10-15T17:09:09.667+0000] {processor.py:840} INFO - DAG(s) 'example_xcom_args', 'example_xcom_args_with_operators' retrieved from /home/airflow/.local/lib/python3.12/site-packages/airflow/example_dags/example_xcomargs.py
[2025-10-15T17:09:09.687+0000] {logging_mixin.py:188} INFO - [2025-10-15T17:09:09.687+0000] {dag.py:3089} INFO - Sync 2 DAGs
[2025-10-15T17:09:09.697+0000] {logging_mixin.py:188} INFO - [2025-10-15T17:09:09.696+0000] {dag.py:3947} INFO - Setting next_dagrun for example_xcom_args to None, run_after=None
[2025-10-15T17:09:09.703+0000] {logging_mixin.py:188} INFO - [2025-10-15T17:09:09.703+0000] {dag.py:3947} INFO - Setting next_dagrun for example_xcom_args_with_operators to None, run_after=None
[2025-10-15T17:09:09.716+0000] {processor.py:183} INFO - Processing /home/airflow/.local/lib/python3.12/site-packages/airflow/example_dags/example_xcomargs.py took 0.063 seconds
[2025-10-15T17:09:40.459+0000] {processor.py:161} INFO - Started process (PID=255) to work on /home/airflow/.local/lib/python3.12/site-packages/airflow/example_dags/example_xcomargs.py
[2025-10-15T17:09:40.464+0000] {processor.py:830} INFO - Processing file /home/airflow/.local/lib/python3.12/site-packages/airflow/example_dags/example_xcomargs.py for tasks to queue
[2025-10-15T17:09:40.467+0000] {logging_mixin.py:188} INFO - [2025-10-15T17:09:40.467+0000] {dagbag.py:545} INFO - Filling up the DagBag from /home/airflow/.local/lib/python3.12/site-packages/airflow/example_dags/example_xcomargs.py
[2025-10-15T17:09:40.478+0000] {processor.py:840} INFO - DAG(s) 'example_xcom_args_with_operators', 'example_xcom_args' retrieved from /home/airflow/.local/lib/python3.12/site-packages/airflow/example_dags/example_xcomargs.py
[2025-10-15T17:09:40.507+0000] {logging_mixin.py:188} INFO - [2025-10-15T17:09:40.507+0000] {dag.py:3089} INFO - Sync 2 DAGs
[2025-10-15T17:09:40.525+0000] {logging_mixin.py:188} INFO - [2025-10-15T17:09:40.525+0000] {dag.py:3947} INFO - Setting next_dagrun for example_xcom_args to None, run_after=None
[2025-10-15T17:09:40.533+0000] {logging_mixin.py:188} INFO - [2025-10-15T17:09:40.533+0000] {dag.py:3947} INFO - Setting next_dagrun for example_xcom_args_with_operators to None, run_after=None
[2025-10-15T17:09:40.573+0000] {processor.py:183} INFO - Processing /home/airflow/.local/lib/python3.12/site-packages/airflow/example_dags/example_xcomargs.py took 0.119 seconds
[2025-10-15T17:10:11.238+0000] {processor.py:161} INFO - Started process (PID=313) to work on /home/airflow/.local/lib/python3.12/site-packages/airflow/example_dags/example_xcomargs.py
[2025-10-15T17:10:11.244+0000] {processor.py:830} INFO - Processing file /home/airflow/.local/lib/python3.12/site-packages/airflow/example_dags/example_xcomargs.py for tasks to queue
[2025-10-15T17:10:11.245+0000] {logging_mixin.py:188} INFO - [2025-10-15T17:10:11.245+0000] {dagbag.py:545} INFO - Filling up the DagBag from /home/airflow/.local/lib/python3.12/site-packages/airflow/example_dags/example_xcomargs.py
[2025-10-15T17:10:11.250+0000] {processor.py:840} INFO - DAG(s) 'example_xcom_args_with_operators', 'example_xcom_args' retrieved from /home/airflow/.local/lib/python3.12/site-packages/airflow/example_dags/example_xcomargs.py
[2025-10-15T17:10:11.270+0000] {logging_mixin.py:188} INFO - [2025-10-15T17:10:11.270+0000] {dag.py:3089} INFO - Sync 2 DAGs
[2025-10-15T17:10:11.279+0000] {logging_mixin.py:188} INFO - [2025-10-15T17:10:11.279+0000] {dag.py:3947} INFO - Setting next_dagrun for example_xcom_args to None, run_after=None
[2025-10-15T17:10:11.282+0000] {logging_mixin.py:188} INFO - [2025-10-15T17:10:11.282+0000] {dag.py:3947} INFO - Setting next_dagrun for example_xcom_args_with_operators to None, run_after=None
[2025-10-15T17:10:11.298+0000] {processor.py:183} INFO - Processing /home/airflow/.local/lib/python3.12/site-packages/airflow/example_dags/example_xcomargs.py took 0.064 seconds
[2025-10-15T17:10:41.503+0000] {processor.py:161} INFO - Started process (PID=371) to work on /home/airflow/.local/lib/python3.12/site-packages/airflow/example_dags/example_xcomargs.py
[2025-10-15T17:10:41.503+0000] {processor.py:830} INFO - Processing file /home/airflow/.local/lib/python3.12/site-packages/airflow/example_dags/example_xcomargs.py for tasks to queue
[2025-10-15T17:10:41.504+0000] {logging_mixin.py:188} INFO - [2025-10-15T17:10:41.504+0000] {dagbag.py:545} INFO - Filling up the DagBag from /home/airflow/.local/lib/python3.12/site-packages/airflow/example_dags/example_xcomargs.py
[2025-10-15T17:10:41.510+0000] {processor.py:840} INFO - DAG(s) 'example_xcom_args_with_operators', 'example_xcom_args' retrieved from /home/airflow/.local/lib/python3.12/site-packages/airflow/example_dags/example_xcomargs.py
[2025-10-15T17:10:41.524+0000] {logging_mixin.py:188} INFO - [2025-10-15T17:10:41.524+0000] {dag.py:3089} INFO - Sync 2 DAGs
[2025-10-15T17:10:41.532+0000] {logging_mixin.py:188} INFO - [2025-10-15T17:10:41.532+0000] {dag.py:3947} INFO - Setting next_dagrun for example_xcom_args to None, run_after=None
[2025-10-15T17:10:41.534+0000] {logging_mixin.py:188} INFO - [2025-10-15T17:10:41.534+0000] {dag.py:3947} INFO - Setting next_dagrun for example_xcom_args_with_operators to None, run_after=None
[2025-10-15T17:10:41.543+0000] {processor.py:183} INFO - Processing /home/airflow/.local/lib/python3.12/site-packages/airflow/example_dags/example_xcomargs.py took 0.043 seconds
[2025-10-15T17:11:11.896+0000] {processor.py:161} INFO - Started process (PID=429) to work on /home/airflow/.local/lib/python3.12/site-packages/airflow/example_dags/example_xcomargs.py
[2025-10-15T17:11:11.897+0000] {processor.py:830} INFO - Processing file /home/airflow/.local/lib/python3.12/site-packages/airflow/example_dags/example_xcomargs.py for tasks to queue
[2025-10-15T17:11:11.898+0000] {logging_mixin.py:188} INFO - [2025-10-15T17:11:11.898+0000] {dagbag.py:545} INFO - Filling up the DagBag from /home/airflow/.local/lib/python3.12/site-packages/airflow/example_dags/example_xcomargs.py
[2025-10-15T17:11:11.904+0000] {processor.py:840} INFO - DAG(s) 'example_xcom_args_with_operators', 'example_xcom_args' retrieved from /home/airflow/.local/lib/python3.12/site-packages/airflow/example_dags/example_xcomargs.py
[2025-10-15T17:11:11.918+0000] {logging_mixin.py:188} INFO - [2025-10-15T17:11:11.918+0000] {dag.py:3089} INFO - Sync 2 DAGs
[2025-10-15T17:11:11.926+0000] {logging_mixin.py:188} INFO - [2025-10-15T17:11:11.926+0000] {dag.py:3947} INFO - Setting next_dagrun for example_xcom_args to None, run_after=None
[2025-10-15T17:11:11.928+0000] {logging_mixin.py:188} INFO - [2025-10-15T17:11:11.928+0000] {dag.py:3947} INFO - Setting next_dagrun for example_xcom_args_with_operators to None, run_after=None
[2025-10-15T17:11:11.937+0000] {processor.py:183} INFO - Processing /home/airflow/.local/lib/python3.12/site-packages/airflow/example_dags/example_xcomargs.py took 0.046 seconds
[2025-10-15T17:11:42.306+0000] {processor.py:161} INFO - Started process (PID=487) to work on /home/airflow/.local/lib/python3.12/site-packages/airflow/example_dags/example_xcomargs.py
[2025-10-15T17:11:42.307+0000] {processor.py:830} INFO - Processing file /home/airflow/.local/lib/python3.12/site-packages/airflow/example_dags/example_xcomargs.py for tasks to queue
[2025-10-15T17:11:42.309+0000] {logging_mixin.py:188} INFO - [2025-10-15T17:11:42.308+0000] {dagbag.py:545} INFO - Filling up the DagBag from /home/airflow/.local/lib/python3.12/site-packages/airflow/example_dags/example_xcomargs.py
[2025-10-15T17:11:42.314+0000] {processor.py:840} INFO - DAG(s) 'example_xcom_args', 'example_xcom_args_with_operators' retrieved from /home/airflow/.local/lib/python3.12/site-packages/airflow/example_dags/example_xcomargs.py
[2025-10-15T17:11:42.339+0000] {logging_mixin.py:188} INFO - [2025-10-15T17:11:42.338+0000] {dag.py:3089} INFO - Sync 2 DAGs
[2025-10-15T17:11:42.348+0000] {logging_mixin.py:188} INFO - [2025-10-15T17:11:42.348+0000] {dag.py:3947} INFO - Setting next_dagrun for example_xcom_args to None, run_after=None
[2025-10-15T17:11:42.351+0000] {logging_mixin.py:188} INFO - [2025-10-15T17:11:42.351+0000] {dag.py:3947} INFO - Setting next_dagrun for example_xcom_args_with_operators to None, run_after=None
[2025-10-15T17:11:42.364+0000] {processor.py:183} INFO - Processing /home/airflow/.local/lib/python3.12/site-packages/airflow/example_dags/example_xcomargs.py took 0.062 seconds
[2025-10-15T17:12:12.694+0000] {processor.py:161} INFO - Started process (PID=545) to work on /home/airflow/.local/lib/python3.12/site-packages/airflow/example_dags/example_xcomargs.py
[2025-10-15T17:12:12.694+0000] {processor.py:830} INFO - Processing file /home/airflow/.local/lib/python3.12/site-packages/airflow/example_dags/example_xcomargs.py for tasks to queue
[2025-10-15T17:12:12.695+0000] {logging_mixin.py:188} INFO - [2025-10-15T17:12:12.695+0000] {dagbag.py:545} INFO - Filling up the DagBag from /home/airflow/.local/lib/python3.12/site-packages/airflow/example_dags/example_xcomargs.py
[2025-10-15T17:12:12.700+0000] {processor.py:840} INFO - DAG(s) 'example_xcom_args_with_operators', 'example_xcom_args' retrieved from /home/airflow/.local/lib/python3.12/site-packages/airflow/example_dags/example_xcomargs.py
[2025-10-15T17:12:12.714+0000] {logging_mixin.py:188} INFO - [2025-10-15T17:12:12.714+0000] {dag.py:3089} INFO - Sync 2 DAGs
[2025-10-15T17:12:12.721+0000] {logging_mixin.py:188} INFO - [2025-10-15T17:12:12.721+0000] {dag.py:3947} INFO - Setting next_dagrun for example_xcom_args to None, run_after=None
[2025-10-15T17:12:12.723+0000] {logging_mixin.py:188} INFO - [2025-10-15T17:12:12.723+0000] {dag.py:3947} INFO - Setting next_dagrun for example_xcom_args_with_operators to None, run_after=None
[2025-10-15T17:12:12.732+0000] {processor.py:183} INFO - Processing /home/airflow/.local/lib/python3.12/site-packages/airflow/example_dags/example_xcomargs.py took 0.042 seconds
[2025-10-15T17:12:43.264+0000] {processor.py:161} INFO - Started process (PID=603) to work on /home/airflow/.local/lib/python3.12/site-packages/airflow/example_dags/example_xcomargs.py
[2025-10-15T17:12:43.265+0000] {processor.py:830} INFO - Processing file /home/airflow/.local/lib/python3.12/site-packages/airflow/example_dags/example_xcomargs.py for tasks to queue
[2025-10-15T17:12:43.266+0000] {logging_mixin.py:188} INFO - [2025-10-15T17:12:43.266+0000] {dagbag.py:545} INFO - Filling up the DagBag from /home/airflow/.local/lib/python3.12/site-packages/airflow/example_dags/example_xcomargs.py
[2025-10-15T17:12:43.273+0000] {processor.py:840} INFO - DAG(s) 'example_xcom_args', 'example_xcom_args_with_operators' retrieved from /home/airflow/.local/lib/python3.12/site-packages/airflow/example_dags/example_xcomargs.py
[2025-10-15T17:12:43.296+0000] {logging_mixin.py:188} INFO - [2025-10-15T17:12:43.295+0000] {dag.py:3089} INFO - Sync 2 DAGs
[2025-10-15T17:12:43.307+0000] {logging_mixin.py:188} INFO - [2025-10-15T17:12:43.307+0000] {dag.py:3947} INFO - Setting next_dagrun for example_xcom_args to None, run_after=None
[2025-10-15T17:12:43.310+0000] {logging_mixin.py:188} INFO - [2025-10-15T17:12:43.309+0000] {dag.py:3947} INFO - Setting next_dagrun for example_xcom_args_with_operators to None, run_after=None
[2025-10-15T17:12:43.319+0000] {processor.py:183} INFO - Processing /home/airflow/.local/lib/python3.12/site-packages/airflow/example_dags/example_xcomargs.py took 0.059 seconds
[2025-10-15T17:13:13.638+0000] {processor.py:161} INFO - Started process (PID=661) to work on /home/airflow/.local/lib/python3.12/site-packages/airflow/example_dags/example_xcomargs.py
[2025-10-15T17:13:13.639+0000] {processor.py:830} INFO - Processing file /home/airflow/.local/lib/python3.12/site-packages/airflow/example_dags/example_xcomargs.py for tasks to queue
[2025-10-15T17:13:13.641+0000] {logging_mixin.py:188} INFO - [2025-10-15T17:13:13.641+0000] {dagbag.py:545} INFO - Filling up the DagBag from /home/airflow/.local/lib/python3.12/site-packages/airflow/example_dags/example_xcomargs.py
[2025-10-15T17:13:13.652+0000] {processor.py:840} INFO - DAG(s) 'example_xcom_args', 'example_xcom_args_with_operators' retrieved from /home/airflow/.local/lib/python3.12/site-packages/airflow/example_dags/example_xcomargs.py
[2025-10-15T17:13:13.675+0000] {logging_mixin.py:188} INFO - [2025-10-15T17:13:13.675+0000] {dag.py:3089} INFO - Sync 2 DAGs
[2025-10-15T17:13:13.685+0000] {logging_mixin.py:188} INFO - [2025-10-15T17:13:13.685+0000] {dag.py:3947} INFO - Setting next_dagrun for example_xcom_args to None, run_after=None
[2025-10-15T17:13:13.688+0000] {logging_mixin.py:188} INFO - [2025-10-15T17:13:13.688+0000] {dag.py:3947} INFO - Setting next_dagrun for example_xcom_args_with_operators to None, run_after=None
[2025-10-15T17:13:13.701+0000] {processor.py:183} INFO - Processing /home/airflow/.local/lib/python3.12/site-packages/airflow/example_dags/example_xcomargs.py took 0.071 seconds
[2025-10-15T17:13:44.602+0000] {processor.py:161} INFO - Started process (PID=719) to work on /home/airflow/.local/lib/python3.12/site-packages/airflow/example_dags/example_xcomargs.py
[2025-10-15T17:13:44.602+0000] {processor.py:830} INFO - Processing file /home/airflow/.local/lib/python3.12/site-packages/airflow/example_dags/example_xcomargs.py for tasks to queue
[2025-10-15T17:13:44.604+0000] {logging_mixin.py:188} INFO - [2025-10-15T17:13:44.603+0000] {dagbag.py:545} INFO - Filling up the DagBag from /home/airflow/.local/lib/python3.12/site-packages/airflow/example_dags/example_xcomargs.py
[2025-10-15T17:13:44.610+0000] {processor.py:840} INFO - DAG(s) 'example_xcom_args_with_operators', 'example_xcom_args' retrieved from /home/airflow/.local/lib/python3.12/site-packages/airflow/example_dags/example_xcomargs.py
[2025-10-15T17:13:44.628+0000] {logging_mixin.py:188} INFO - [2025-10-15T17:13:44.628+0000] {dag.py:3089} INFO - Sync 2 DAGs
[2025-10-15T17:13:44.639+0000] {logging_mixin.py:188} INFO - [2025-10-15T17:13:44.639+0000] {dag.py:3947} INFO - Setting next_dagrun for example_xcom_args to None, run_after=None
[2025-10-15T17:13:44.644+0000] {logging_mixin.py:188} INFO - [2025-10-15T17:13:44.644+0000] {dag.py:3947} INFO - Setting next_dagrun for example_xcom_args_with_operators to None, run_after=None
[2025-10-15T17:13:44.653+0000] {processor.py:183} INFO - Processing /home/airflow/.local/lib/python3.12/site-packages/airflow/example_dags/example_xcomargs.py took 0.055 seconds
[2025-10-15T17:14:15.016+0000] {processor.py:161} INFO - Started process (PID=777) to work on /home/airflow/.local/lib/python3.12/site-packages/airflow/example_dags/example_xcomargs.py
[2025-10-15T17:14:15.017+0000] {processor.py:830} INFO - Processing file /home/airflow/.local/lib/python3.12/site-packages/airflow/example_dags/example_xcomargs.py for tasks to queue
[2025-10-15T17:14:15.018+0000] {logging_mixin.py:188} INFO - [2025-10-15T17:14:15.018+0000] {dagbag.py:545} INFO - Filling up the DagBag from /home/airflow/.local/lib/python3.12/site-packages/airflow/example_dags/example_xcomargs.py
[2025-10-15T17:14:15.023+0000] {processor.py:840} INFO - DAG(s) 'example_xcom_args_with_operators', 'example_xcom_args' retrieved from /home/airflow/.local/lib/python3.12/site-packages/airflow/example_dags/example_xcomargs.py
[2025-10-15T17:14:15.038+0000] {logging_mixin.py:188} INFO - [2025-10-15T17:14:15.038+0000] {dag.py:3089} INFO - Sync 2 DAGs
[2025-10-15T17:14:15.046+0000] {logging_mixin.py:188} INFO - [2025-10-15T17:14:15.046+0000] {dag.py:3947} INFO - Setting next_dagrun for example_xcom_args to None, run_after=None
[2025-10-15T17:14:15.048+0000] {logging_mixin.py:188} INFO - [2025-10-15T17:14:15.048+0000] {dag.py:3947} INFO - Setting next_dagrun for example_xcom_args_with_operators to None, run_after=None
[2025-10-15T17:14:15.057+0000] {processor.py:183} INFO - Processing /home/airflow/.local/lib/python3.12/site-packages/airflow/example_dags/example_xcomargs.py took 0.045 seconds
[2025-10-15T17:14:45.141+0000] {processor.py:161} INFO - Started process (PID=835) to work on /home/airflow/.local/lib/python3.12/site-packages/airflow/example_dags/example_xcomargs.py
[2025-10-15T17:14:45.145+0000] {processor.py:830} INFO - Processing file /home/airflow/.local/lib/python3.12/site-packages/airflow/example_dags/example_xcomargs.py for tasks to queue
[2025-10-15T17:14:45.146+0000] {logging_mixin.py:188} INFO - [2025-10-15T17:14:45.146+0000] {dagbag.py:545} INFO - Filling up the DagBag from /home/airflow/.local/lib/python3.12/site-packages/airflow/example_dags/example_xcomargs.py
[2025-10-15T17:14:45.152+0000] {processor.py:840} INFO - DAG(s) 'example_xcom_args_with_operators', 'example_xcom_args' retrieved from /home/airflow/.local/lib/python3.12/site-packages/airflow/example_dags/example_xcomargs.py
[2025-10-15T17:14:45.167+0000] {logging_mixin.py:188} INFO - [2025-10-15T17:14:45.167+0000] {dag.py:3089} INFO - Sync 2 DAGs
[2025-10-15T17:14:45.176+0000] {logging_mixin.py:188} INFO - [2025-10-15T17:14:45.176+0000] {dag.py:3947} INFO - Setting next_dagrun for example_xcom_args to None, run_after=None
[2025-10-15T17:14:45.181+0000] {logging_mixin.py:188} INFO - [2025-10-15T17:14:45.181+0000] {dag.py:3947} INFO - Setting next_dagrun for example_xcom_args_with_operators to None, run_after=None
[2025-10-15T17:14:45.193+0000] {processor.py:183} INFO - Processing /home/airflow/.local/lib/python3.12/site-packages/airflow/example_dags/example_xcomargs.py took 0.055 seconds
[2025-10-15T17:15:15.436+0000] {processor.py:161} INFO - Started process (PID=893) to work on /home/airflow/.local/lib/python3.12/site-packages/airflow/example_dags/example_xcomargs.py
[2025-10-15T17:15:15.439+0000] {processor.py:830} INFO - Processing file /home/airflow/.local/lib/python3.12/site-packages/airflow/example_dags/example_xcomargs.py for tasks to queue
[2025-10-15T17:15:15.440+0000] {logging_mixin.py:188} INFO - [2025-10-15T17:15:15.440+0000] {dagbag.py:545} INFO - Filling up the DagBag from /home/airflow/.local/lib/python3.12/site-packages/airflow/example_dags/example_xcomargs.py
[2025-10-15T17:15:15.445+0000] {processor.py:840} INFO - DAG(s) 'example_xcom_args', 'example_xcom_args_with_operators' retrieved from /home/airflow/.local/lib/python3.12/site-packages/airflow/example_dags/example_xcomargs.py
[2025-10-15T17:15:15.457+0000] {logging_mixin.py:188} INFO - [2025-10-15T17:15:15.457+0000] {dag.py:3089} INFO - Sync 2 DAGs
[2025-10-15T17:15:15.465+0000] {logging_mixin.py:188} INFO - [2025-10-15T17:15:15.465+0000] {dag.py:3947} INFO - Setting next_dagrun for example_xcom_args to None, run_after=None
[2025-10-15T17:15:15.467+0000] {logging_mixin.py:188} INFO - [2025-10-15T17:15:15.467+0000] {dag.py:3947} INFO - Setting next_dagrun for example_xcom_args_with_operators to None, run_after=None
[2025-10-15T17:15:15.477+0000] {processor.py:183} INFO - Processing /home/airflow/.local/lib/python3.12/site-packages/airflow/example_dags/example_xcomargs.py took 0.045 seconds
[2025-10-15T17:19:46.813+0000] {processor.py:161} INFO - Started process (PID=76) to work on /home/airflow/.local/lib/python3.12/site-packages/airflow/example_dags/example_xcomargs.py
[2025-10-15T17:19:46.816+0000] {processor.py:830} INFO - Processing file /home/airflow/.local/lib/python3.12/site-packages/airflow/example_dags/example_xcomargs.py for tasks to queue
[2025-10-15T17:19:46.822+0000] {logging_mixin.py:188} INFO - [2025-10-15T17:19:46.821+0000] {dagbag.py:545} INFO - Filling up the DagBag from /home/airflow/.local/lib/python3.12/site-packages/airflow/example_dags/example_xcomargs.py
[2025-10-15T17:19:46.834+0000] {processor.py:840} INFO - DAG(s) 'example_xcom_args_with_operators', 'example_xcom_args' retrieved from /home/airflow/.local/lib/python3.12/site-packages/airflow/example_dags/example_xcomargs.py
[2025-10-15T17:19:47.138+0000] {logging_mixin.py:188} INFO - [2025-10-15T17:19:47.137+0000] {dag.py:3089} INFO - Sync 2 DAGs
[2025-10-15T17:19:47.172+0000] {logging_mixin.py:188} INFO - [2025-10-15T17:19:47.172+0000] {dag.py:3947} INFO - Setting next_dagrun for example_xcom_args to None, run_after=None
[2025-10-15T17:19:47.183+0000] {logging_mixin.py:188} INFO - [2025-10-15T17:19:47.182+0000] {dag.py:3947} INFO - Setting next_dagrun for example_xcom_args_with_operators to None, run_after=None
[2025-10-15T17:19:47.246+0000] {processor.py:183} INFO - Processing /home/airflow/.local/lib/python3.12/site-packages/airflow/example_dags/example_xcomargs.py took 0.446 seconds
[2025-10-15T17:20:17.382+0000] {processor.py:161} INFO - Started process (PID=134) to work on /home/airflow/.local/lib/python3.12/site-packages/airflow/example_dags/example_xcomargs.py
[2025-10-15T17:20:17.383+0000] {processor.py:830} INFO - Processing file /home/airflow/.local/lib/python3.12/site-packages/airflow/example_dags/example_xcomargs.py for tasks to queue
[2025-10-15T17:20:17.384+0000] {logging_mixin.py:188} INFO - [2025-10-15T17:20:17.384+0000] {dagbag.py:545} INFO - Filling up the DagBag from /home/airflow/.local/lib/python3.12/site-packages/airflow/example_dags/example_xcomargs.py
[2025-10-15T17:20:17.389+0000] {processor.py:840} INFO - DAG(s) 'example_xcom_args', 'example_xcom_args_with_operators' retrieved from /home/airflow/.local/lib/python3.12/site-packages/airflow/example_dags/example_xcomargs.py
[2025-10-15T17:20:17.403+0000] {logging_mixin.py:188} INFO - [2025-10-15T17:20:17.403+0000] {dag.py:3089} INFO - Sync 2 DAGs
[2025-10-15T17:20:17.411+0000] {logging_mixin.py:188} INFO - [2025-10-15T17:20:17.411+0000] {dag.py:3947} INFO - Setting next_dagrun for example_xcom_args to None, run_after=None
[2025-10-15T17:20:17.413+0000] {logging_mixin.py:188} INFO - [2025-10-15T17:20:17.413+0000] {dag.py:3947} INFO - Setting next_dagrun for example_xcom_args_with_operators to None, run_after=None
[2025-10-15T17:20:17.421+0000] {processor.py:183} INFO - Processing /home/airflow/.local/lib/python3.12/site-packages/airflow/example_dags/example_xcomargs.py took 0.046 seconds
[2025-10-15T17:20:48.060+0000] {processor.py:161} INFO - Started process (PID=192) to work on /home/airflow/.local/lib/python3.12/site-packages/airflow/example_dags/example_xcomargs.py
[2025-10-15T17:20:48.064+0000] {processor.py:830} INFO - Processing file /home/airflow/.local/lib/python3.12/site-packages/airflow/example_dags/example_xcomargs.py for tasks to queue
[2025-10-15T17:20:48.066+0000] {logging_mixin.py:188} INFO - [2025-10-15T17:20:48.066+0000] {dagbag.py:545} INFO - Filling up the DagBag from /home/airflow/.local/lib/python3.12/site-packages/airflow/example_dags/example_xcomargs.py
[2025-10-15T17:20:48.071+0000] {processor.py:840} INFO - DAG(s) 'example_xcom_args', 'example_xcom_args_with_operators' retrieved from /home/airflow/.local/lib/python3.12/site-packages/airflow/example_dags/example_xcomargs.py
[2025-10-15T17:20:48.092+0000] {logging_mixin.py:188} INFO - [2025-10-15T17:20:48.092+0000] {dag.py:3089} INFO - Sync 2 DAGs
[2025-10-15T17:20:48.100+0000] {logging_mixin.py:188} INFO - [2025-10-15T17:20:48.100+0000] {dag.py:3947} INFO - Setting next_dagrun for example_xcom_args to None, run_after=None
[2025-10-15T17:20:48.103+0000] {logging_mixin.py:188} INFO - [2025-10-15T17:20:48.103+0000] {dag.py:3947} INFO - Setting next_dagrun for example_xcom_args_with_operators to None, run_after=None
[2025-10-15T17:20:48.120+0000] {processor.py:183} INFO - Processing /home/airflow/.local/lib/python3.12/site-packages/airflow/example_dags/example_xcomargs.py took 0.064 seconds
[2025-10-15T17:21:19.011+0000] {processor.py:161} INFO - Started process (PID=250) to work on /home/airflow/.local/lib/python3.12/site-packages/airflow/example_dags/example_xcomargs.py
[2025-10-15T17:21:19.012+0000] {processor.py:830} INFO - Processing file /home/airflow/.local/lib/python3.12/site-packages/airflow/example_dags/example_xcomargs.py for tasks to queue
[2025-10-15T17:21:19.014+0000] {logging_mixin.py:188} INFO - [2025-10-15T17:21:19.013+0000] {dagbag.py:545} INFO - Filling up the DagBag from /home/airflow/.local/lib/python3.12/site-packages/airflow/example_dags/example_xcomargs.py
[2025-10-15T17:21:19.019+0000] {processor.py:840} INFO - DAG(s) 'example_xcom_args_with_operators', 'example_xcom_args' retrieved from /home/airflow/.local/lib/python3.12/site-packages/airflow/example_dags/example_xcomargs.py
[2025-10-15T17:21:19.034+0000] {logging_mixin.py:188} INFO - [2025-10-15T17:21:19.034+0000] {dag.py:3089} INFO - Sync 2 DAGs
[2025-10-15T17:21:19.042+0000] {logging_mixin.py:188} INFO - [2025-10-15T17:21:19.042+0000] {dag.py:3947} INFO - Setting next_dagrun for example_xcom_args to None, run_after=None
[2025-10-15T17:21:19.044+0000] {logging_mixin.py:188} INFO - [2025-10-15T17:21:19.044+0000] {dag.py:3947} INFO - Setting next_dagrun for example_xcom_args_with_operators to None, run_after=None
[2025-10-15T17:21:19.053+0000] {processor.py:183} INFO - Processing /home/airflow/.local/lib/python3.12/site-packages/airflow/example_dags/example_xcomargs.py took 0.047 seconds
[2025-10-15T17:21:49.960+0000] {processor.py:161} INFO - Started process (PID=308) to work on /home/airflow/.local/lib/python3.12/site-packages/airflow/example_dags/example_xcomargs.py
[2025-10-15T17:21:49.961+0000] {processor.py:830} INFO - Processing file /home/airflow/.local/lib/python3.12/site-packages/airflow/example_dags/example_xcomargs.py for tasks to queue
[2025-10-15T17:21:49.963+0000] {logging_mixin.py:188} INFO - [2025-10-15T17:21:49.963+0000] {dagbag.py:545} INFO - Filling up the DagBag from /home/airflow/.local/lib/python3.12/site-packages/airflow/example_dags/example_xcomargs.py
[2025-10-15T17:21:49.970+0000] {processor.py:840} INFO - DAG(s) 'example_xcom_args_with_operators', 'example_xcom_args' retrieved from /home/airflow/.local/lib/python3.12/site-packages/airflow/example_dags/example_xcomargs.py
[2025-10-15T17:21:49.989+0000] {logging_mixin.py:188} INFO - [2025-10-15T17:21:49.989+0000] {dag.py:3089} INFO - Sync 2 DAGs
[2025-10-15T17:21:50.004+0000] {logging_mixin.py:188} INFO - [2025-10-15T17:21:50.004+0000] {dag.py:3947} INFO - Setting next_dagrun for example_xcom_args to None, run_after=None
[2025-10-15T17:21:50.008+0000] {logging_mixin.py:188} INFO - [2025-10-15T17:21:50.008+0000] {dag.py:3947} INFO - Setting next_dagrun for example_xcom_args_with_operators to None, run_after=None
[2025-10-15T17:21:50.022+0000] {processor.py:183} INFO - Processing /home/airflow/.local/lib/python3.12/site-packages/airflow/example_dags/example_xcomargs.py took 0.065 seconds
[2025-10-15T17:22:20.081+0000] {processor.py:161} INFO - Started process (PID=366) to work on /home/airflow/.local/lib/python3.12/site-packages/airflow/example_dags/example_xcomargs.py
[2025-10-15T17:22:20.082+0000] {processor.py:830} INFO - Processing file /home/airflow/.local/lib/python3.12/site-packages/airflow/example_dags/example_xcomargs.py for tasks to queue
[2025-10-15T17:22:20.086+0000] {logging_mixin.py:188} INFO - [2025-10-15T17:22:20.086+0000] {dagbag.py:545} INFO - Filling up the DagBag from /home/airflow/.local/lib/python3.12/site-packages/airflow/example_dags/example_xcomargs.py
[2025-10-15T17:22:20.092+0000] {processor.py:840} INFO - DAG(s) 'example_xcom_args_with_operators', 'example_xcom_args' retrieved from /home/airflow/.local/lib/python3.12/site-packages/airflow/example_dags/example_xcomargs.py
[2025-10-15T17:22:20.110+0000] {logging_mixin.py:188} INFO - [2025-10-15T17:22:20.110+0000] {dag.py:3089} INFO - Sync 2 DAGs
[2025-10-15T17:22:20.121+0000] {logging_mixin.py:188} INFO - [2025-10-15T17:22:20.121+0000] {dag.py:3947} INFO - Setting next_dagrun for example_xcom_args to None, run_after=None
[2025-10-15T17:22:20.124+0000] {logging_mixin.py:188} INFO - [2025-10-15T17:22:20.124+0000] {dag.py:3947} INFO - Setting next_dagrun for example_xcom_args_with_operators to None, run_after=None
[2025-10-15T17:22:20.137+0000] {processor.py:183} INFO - Processing /home/airflow/.local/lib/python3.12/site-packages/airflow/example_dags/example_xcomargs.py took 0.060 seconds
[2025-10-15T17:22:50.207+0000] {processor.py:161} INFO - Started process (PID=424) to work on /home/airflow/.local/lib/python3.12/site-packages/airflow/example_dags/example_xcomargs.py
[2025-10-15T17:22:50.214+0000] {processor.py:830} INFO - Processing file /home/airflow/.local/lib/python3.12/site-packages/airflow/example_dags/example_xcomargs.py for tasks to queue
[2025-10-15T17:22:50.215+0000] {logging_mixin.py:188} INFO - [2025-10-15T17:22:50.215+0000] {dagbag.py:545} INFO - Filling up the DagBag from /home/airflow/.local/lib/python3.12/site-packages/airflow/example_dags/example_xcomargs.py
[2025-10-15T17:22:50.220+0000] {processor.py:840} INFO - DAG(s) 'example_xcom_args', 'example_xcom_args_with_operators' retrieved from /home/airflow/.local/lib/python3.12/site-packages/airflow/example_dags/example_xcomargs.py
[2025-10-15T17:22:50.241+0000] {logging_mixin.py:188} INFO - [2025-10-15T17:22:50.241+0000] {dag.py:3089} INFO - Sync 2 DAGs
[2025-10-15T17:22:50.253+0000] {logging_mixin.py:188} INFO - [2025-10-15T17:22:50.253+0000] {dag.py:3947} INFO - Setting next_dagrun for example_xcom_args to None, run_after=None
[2025-10-15T17:22:50.258+0000] {logging_mixin.py:188} INFO - [2025-10-15T17:22:50.258+0000] {dag.py:3947} INFO - Setting next_dagrun for example_xcom_args_with_operators to None, run_after=None
[2025-10-15T17:22:50.274+0000] {processor.py:183} INFO - Processing /home/airflow/.local/lib/python3.12/site-packages/airflow/example_dags/example_xcomargs.py took 0.071 seconds
[2025-10-15T17:23:20.363+0000] {processor.py:161} INFO - Started process (PID=482) to work on /home/airflow/.local/lib/python3.12/site-packages/airflow/example_dags/example_xcomargs.py
[2025-10-15T17:23:20.365+0000] {processor.py:830} INFO - Processing file /home/airflow/.local/lib/python3.12/site-packages/airflow/example_dags/example_xcomargs.py for tasks to queue
[2025-10-15T17:23:20.366+0000] {logging_mixin.py:188} INFO - [2025-10-15T17:23:20.366+0000] {dagbag.py:545} INFO - Filling up the DagBag from /home/airflow/.local/lib/python3.12/site-packages/airflow/example_dags/example_xcomargs.py
[2025-10-15T17:23:20.371+0000] {processor.py:840} INFO - DAG(s) 'example_xcom_args_with_operators', 'example_xcom_args' retrieved from /home/airflow/.local/lib/python3.12/site-packages/airflow/example_dags/example_xcomargs.py
[2025-10-15T17:23:20.386+0000] {logging_mixin.py:188} INFO - [2025-10-15T17:23:20.386+0000] {dag.py:3089} INFO - Sync 2 DAGs
[2025-10-15T17:23:20.393+0000] {logging_mixin.py:188} INFO - [2025-10-15T17:23:20.393+0000] {dag.py:3947} INFO - Setting next_dagrun for example_xcom_args to None, run_after=None
[2025-10-15T17:23:20.395+0000] {logging_mixin.py:188} INFO - [2025-10-15T17:23:20.395+0000] {dag.py:3947} INFO - Setting next_dagrun for example_xcom_args_with_operators to None, run_after=None
[2025-10-15T17:23:20.404+0000] {processor.py:183} INFO - Processing /home/airflow/.local/lib/python3.12/site-packages/airflow/example_dags/example_xcomargs.py took 0.045 seconds
[2025-10-15T17:23:50.694+0000] {processor.py:161} INFO - Started process (PID=540) to work on /home/airflow/.local/lib/python3.12/site-packages/airflow/example_dags/example_xcomargs.py
[2025-10-15T17:23:50.696+0000] {processor.py:830} INFO - Processing file /home/airflow/.local/lib/python3.12/site-packages/airflow/example_dags/example_xcomargs.py for tasks to queue
[2025-10-15T17:23:50.697+0000] {logging_mixin.py:188} INFO - [2025-10-15T17:23:50.697+0000] {dagbag.py:545} INFO - Filling up the DagBag from /home/airflow/.local/lib/python3.12/site-packages/airflow/example_dags/example_xcomargs.py
[2025-10-15T17:23:50.702+0000] {processor.py:840} INFO - DAG(s) 'example_xcom_args', 'example_xcom_args_with_operators' retrieved from /home/airflow/.local/lib/python3.12/site-packages/airflow/example_dags/example_xcomargs.py
[2025-10-15T17:23:50.714+0000] {logging_mixin.py:188} INFO - [2025-10-15T17:23:50.714+0000] {dag.py:3089} INFO - Sync 2 DAGs
[2025-10-15T17:23:50.722+0000] {logging_mixin.py:188} INFO - [2025-10-15T17:23:50.722+0000] {dag.py:3947} INFO - Setting next_dagrun for example_xcom_args to None, run_after=None
[2025-10-15T17:23:50.724+0000] {logging_mixin.py:188} INFO - [2025-10-15T17:23:50.724+0000] {dag.py:3947} INFO - Setting next_dagrun for example_xcom_args_with_operators to None, run_after=None
[2025-10-15T17:23:50.731+0000] {processor.py:183} INFO - Processing /home/airflow/.local/lib/python3.12/site-packages/airflow/example_dags/example_xcomargs.py took 0.041 seconds
[2025-10-15T17:24:21.464+0000] {processor.py:161} INFO - Started process (PID=598) to work on /home/airflow/.local/lib/python3.12/site-packages/airflow/example_dags/example_xcomargs.py
[2025-10-15T17:24:21.467+0000] {processor.py:830} INFO - Processing file /home/airflow/.local/lib/python3.12/site-packages/airflow/example_dags/example_xcomargs.py for tasks to queue
[2025-10-15T17:24:21.470+0000] {logging_mixin.py:188} INFO - [2025-10-15T17:24:21.469+0000] {dagbag.py:545} INFO - Filling up the DagBag from /home/airflow/.local/lib/python3.12/site-packages/airflow/example_dags/example_xcomargs.py
[2025-10-15T17:24:21.479+0000] {processor.py:840} INFO - DAG(s) 'example_xcom_args', 'example_xcom_args_with_operators' retrieved from /home/airflow/.local/lib/python3.12/site-packages/airflow/example_dags/example_xcomargs.py
[2025-10-15T17:24:21.494+0000] {logging_mixin.py:188} INFO - [2025-10-15T17:24:21.494+0000] {dag.py:3089} INFO - Sync 2 DAGs
[2025-10-15T17:24:21.501+0000] {logging_mixin.py:188} INFO - [2025-10-15T17:24:21.501+0000] {dag.py:3947} INFO - Setting next_dagrun for example_xcom_args to None, run_after=None
[2025-10-15T17:24:21.504+0000] {logging_mixin.py:188} INFO - [2025-10-15T17:24:21.503+0000] {dag.py:3947} INFO - Setting next_dagrun for example_xcom_args_with_operators to None, run_after=None
[2025-10-15T17:24:21.512+0000] {processor.py:183} INFO - Processing /home/airflow/.local/lib/python3.12/site-packages/airflow/example_dags/example_xcomargs.py took 0.053 seconds
