[2025-10-15T17:08:10.088+0000] {processor.py:161} INFO - Started process (PID=88) to work on /home/airflow/.local/lib/python3.12/site-packages/airflow/example_dags/example_python_operator.py
[2025-10-15T17:08:10.089+0000] {processor.py:830} INFO - Processing file /home/airflow/.local/lib/python3.12/site-packages/airflow/example_dags/example_python_operator.py for tasks to queue
[2025-10-15T17:08:10.092+0000] {logging_mixin.py:188} INFO - [2025-10-15T17:08:10.092+0000] {dagbag.py:545} INFO - Filling up the DagBag from /home/airflow/.local/lib/python3.12/site-packages/airflow/example_dags/example_python_operator.py
[2025-10-15T17:08:10.110+0000] {processor.py:840} INFO - DAG(s) 'example_python_operator' retrieved from /home/airflow/.local/lib/python3.12/site-packages/airflow/example_dags/example_python_operator.py
[2025-10-15T17:08:10.274+0000] {logging_mixin.py:188} INFO - [2025-10-15T17:08:10.273+0000] {override.py:1858} INFO - Created Permission View: can edit on DAG:example_python_operator
[2025-10-15T17:08:10.297+0000] {logging_mixin.py:188} INFO - [2025-10-15T17:08:10.296+0000] {override.py:1858} INFO - Created Permission View: can delete on DAG:example_python_operator
[2025-10-15T17:08:10.342+0000] {logging_mixin.py:188} INFO - [2025-10-15T17:08:10.341+0000] {override.py:1858} INFO - Created Permission View: can read on DAG:example_python_operator
[2025-10-15T17:08:10.344+0000] {logging_mixin.py:188} INFO - [2025-10-15T17:08:10.344+0000] {dag.py:3089} INFO - Sync 1 DAGs
[2025-10-15T17:08:10.362+0000] {logging_mixin.py:188} INFO - [2025-10-15T17:08:10.362+0000] {dag.py:3111} INFO - Creating ORM DAG for example_python_operator
[2025-10-15T17:08:10.364+0000] {logging_mixin.py:188} INFO - [2025-10-15T17:08:10.364+0000] {dag.py:3947} INFO - Setting next_dagrun for example_python_operator to None, run_after=None
[2025-10-15T17:08:10.392+0000] {processor.py:183} INFO - Processing /home/airflow/.local/lib/python3.12/site-packages/airflow/example_dags/example_python_operator.py took 0.311 seconds
[2025-10-15T17:08:41.335+0000] {processor.py:161} INFO - Started process (PID=146) to work on /home/airflow/.local/lib/python3.12/site-packages/airflow/example_dags/example_python_operator.py
[2025-10-15T17:08:41.336+0000] {processor.py:830} INFO - Processing file /home/airflow/.local/lib/python3.12/site-packages/airflow/example_dags/example_python_operator.py for tasks to queue
[2025-10-15T17:08:41.337+0000] {logging_mixin.py:188} INFO - [2025-10-15T17:08:41.337+0000] {dagbag.py:545} INFO - Filling up the DagBag from /home/airflow/.local/lib/python3.12/site-packages/airflow/example_dags/example_python_operator.py
[2025-10-15T17:08:41.344+0000] {processor.py:840} INFO - DAG(s) 'example_python_operator' retrieved from /home/airflow/.local/lib/python3.12/site-packages/airflow/example_dags/example_python_operator.py
[2025-10-15T17:08:41.367+0000] {logging_mixin.py:188} INFO - [2025-10-15T17:08:41.367+0000] {dag.py:3089} INFO - Sync 1 DAGs
[2025-10-15T17:08:41.378+0000] {logging_mixin.py:188} INFO - [2025-10-15T17:08:41.378+0000] {dag.py:3947} INFO - Setting next_dagrun for example_python_operator to None, run_after=None
[2025-10-15T17:08:41.396+0000] {processor.py:183} INFO - Processing /home/airflow/.local/lib/python3.12/site-packages/airflow/example_dags/example_python_operator.py took 0.065 seconds
[2025-10-15T17:09:11.429+0000] {processor.py:161} INFO - Started process (PID=204) to work on /home/airflow/.local/lib/python3.12/site-packages/airflow/example_dags/example_python_operator.py
[2025-10-15T17:09:11.429+0000] {processor.py:830} INFO - Processing file /home/airflow/.local/lib/python3.12/site-packages/airflow/example_dags/example_python_operator.py for tasks to queue
[2025-10-15T17:09:11.431+0000] {logging_mixin.py:188} INFO - [2025-10-15T17:09:11.431+0000] {dagbag.py:545} INFO - Filling up the DagBag from /home/airflow/.local/lib/python3.12/site-packages/airflow/example_dags/example_python_operator.py
[2025-10-15T17:09:11.437+0000] {processor.py:840} INFO - DAG(s) 'example_python_operator' retrieved from /home/airflow/.local/lib/python3.12/site-packages/airflow/example_dags/example_python_operator.py
[2025-10-15T17:09:11.452+0000] {logging_mixin.py:188} INFO - [2025-10-15T17:09:11.452+0000] {dag.py:3089} INFO - Sync 1 DAGs
[2025-10-15T17:09:11.460+0000] {logging_mixin.py:188} INFO - [2025-10-15T17:09:11.459+0000] {dag.py:3947} INFO - Setting next_dagrun for example_python_operator to None, run_after=None
[2025-10-15T17:09:11.476+0000] {processor.py:183} INFO - Processing /home/airflow/.local/lib/python3.12/site-packages/airflow/example_dags/example_python_operator.py took 0.051 seconds
[2025-10-15T17:09:41.935+0000] {processor.py:161} INFO - Started process (PID=262) to work on /home/airflow/.local/lib/python3.12/site-packages/airflow/example_dags/example_python_operator.py
[2025-10-15T17:09:41.937+0000] {processor.py:830} INFO - Processing file /home/airflow/.local/lib/python3.12/site-packages/airflow/example_dags/example_python_operator.py for tasks to queue
[2025-10-15T17:09:41.939+0000] {logging_mixin.py:188} INFO - [2025-10-15T17:09:41.939+0000] {dagbag.py:545} INFO - Filling up the DagBag from /home/airflow/.local/lib/python3.12/site-packages/airflow/example_dags/example_python_operator.py
[2025-10-15T17:09:41.954+0000] {processor.py:840} INFO - DAG(s) 'example_python_operator' retrieved from /home/airflow/.local/lib/python3.12/site-packages/airflow/example_dags/example_python_operator.py
[2025-10-15T17:09:41.985+0000] {logging_mixin.py:188} INFO - [2025-10-15T17:09:41.984+0000] {dag.py:3089} INFO - Sync 1 DAGs
[2025-10-15T17:09:42.001+0000] {logging_mixin.py:188} INFO - [2025-10-15T17:09:42.001+0000] {dag.py:3947} INFO - Setting next_dagrun for example_python_operator to None, run_after=None
[2025-10-15T17:09:42.028+0000] {processor.py:183} INFO - Processing /home/airflow/.local/lib/python3.12/site-packages/airflow/example_dags/example_python_operator.py took 0.099 seconds
[2025-10-15T17:10:12.662+0000] {processor.py:161} INFO - Started process (PID=320) to work on /home/airflow/.local/lib/python3.12/site-packages/airflow/example_dags/example_python_operator.py
[2025-10-15T17:10:12.662+0000] {processor.py:830} INFO - Processing file /home/airflow/.local/lib/python3.12/site-packages/airflow/example_dags/example_python_operator.py for tasks to queue
[2025-10-15T17:10:12.663+0000] {logging_mixin.py:188} INFO - [2025-10-15T17:10:12.663+0000] {dagbag.py:545} INFO - Filling up the DagBag from /home/airflow/.local/lib/python3.12/site-packages/airflow/example_dags/example_python_operator.py
[2025-10-15T17:10:12.670+0000] {processor.py:840} INFO - DAG(s) 'example_python_operator' retrieved from /home/airflow/.local/lib/python3.12/site-packages/airflow/example_dags/example_python_operator.py
[2025-10-15T17:10:12.695+0000] {logging_mixin.py:188} INFO - [2025-10-15T17:10:12.695+0000] {dag.py:3089} INFO - Sync 1 DAGs
[2025-10-15T17:10:12.708+0000] {logging_mixin.py:188} INFO - [2025-10-15T17:10:12.708+0000] {dag.py:3947} INFO - Setting next_dagrun for example_python_operator to None, run_after=None
[2025-10-15T17:10:12.735+0000] {processor.py:183} INFO - Processing /home/airflow/.local/lib/python3.12/site-packages/airflow/example_dags/example_python_operator.py took 0.077 seconds
[2025-10-15T17:10:42.804+0000] {processor.py:161} INFO - Started process (PID=378) to work on /home/airflow/.local/lib/python3.12/site-packages/airflow/example_dags/example_python_operator.py
[2025-10-15T17:10:42.810+0000] {processor.py:830} INFO - Processing file /home/airflow/.local/lib/python3.12/site-packages/airflow/example_dags/example_python_operator.py for tasks to queue
[2025-10-15T17:10:42.811+0000] {logging_mixin.py:188} INFO - [2025-10-15T17:10:42.811+0000] {dagbag.py:545} INFO - Filling up the DagBag from /home/airflow/.local/lib/python3.12/site-packages/airflow/example_dags/example_python_operator.py
[2025-10-15T17:10:42.817+0000] {processor.py:840} INFO - DAG(s) 'example_python_operator' retrieved from /home/airflow/.local/lib/python3.12/site-packages/airflow/example_dags/example_python_operator.py
[2025-10-15T17:10:42.832+0000] {logging_mixin.py:188} INFO - [2025-10-15T17:10:42.832+0000] {dag.py:3089} INFO - Sync 1 DAGs
[2025-10-15T17:10:42.839+0000] {logging_mixin.py:188} INFO - [2025-10-15T17:10:42.839+0000] {dag.py:3947} INFO - Setting next_dagrun for example_python_operator to None, run_after=None
[2025-10-15T17:10:42.855+0000] {processor.py:183} INFO - Processing /home/airflow/.local/lib/python3.12/site-packages/airflow/example_dags/example_python_operator.py took 0.054 seconds
[2025-10-15T17:11:13.198+0000] {processor.py:161} INFO - Started process (PID=436) to work on /home/airflow/.local/lib/python3.12/site-packages/airflow/example_dags/example_python_operator.py
[2025-10-15T17:11:13.199+0000] {processor.py:830} INFO - Processing file /home/airflow/.local/lib/python3.12/site-packages/airflow/example_dags/example_python_operator.py for tasks to queue
[2025-10-15T17:11:13.200+0000] {logging_mixin.py:188} INFO - [2025-10-15T17:11:13.200+0000] {dagbag.py:545} INFO - Filling up the DagBag from /home/airflow/.local/lib/python3.12/site-packages/airflow/example_dags/example_python_operator.py
[2025-10-15T17:11:13.207+0000] {processor.py:840} INFO - DAG(s) 'example_python_operator' retrieved from /home/airflow/.local/lib/python3.12/site-packages/airflow/example_dags/example_python_operator.py
[2025-10-15T17:11:13.223+0000] {logging_mixin.py:188} INFO - [2025-10-15T17:11:13.223+0000] {dag.py:3089} INFO - Sync 1 DAGs
[2025-10-15T17:11:13.236+0000] {logging_mixin.py:188} INFO - [2025-10-15T17:11:13.236+0000] {dag.py:3947} INFO - Setting next_dagrun for example_python_operator to None, run_after=None
[2025-10-15T17:11:13.251+0000] {processor.py:183} INFO - Processing /home/airflow/.local/lib/python3.12/site-packages/airflow/example_dags/example_python_operator.py took 0.058 seconds
[2025-10-15T17:11:43.695+0000] {processor.py:161} INFO - Started process (PID=494) to work on /home/airflow/.local/lib/python3.12/site-packages/airflow/example_dags/example_python_operator.py
[2025-10-15T17:11:43.696+0000] {processor.py:830} INFO - Processing file /home/airflow/.local/lib/python3.12/site-packages/airflow/example_dags/example_python_operator.py for tasks to queue
[2025-10-15T17:11:43.698+0000] {logging_mixin.py:188} INFO - [2025-10-15T17:11:43.698+0000] {dagbag.py:545} INFO - Filling up the DagBag from /home/airflow/.local/lib/python3.12/site-packages/airflow/example_dags/example_python_operator.py
[2025-10-15T17:11:43.708+0000] {processor.py:840} INFO - DAG(s) 'example_python_operator' retrieved from /home/airflow/.local/lib/python3.12/site-packages/airflow/example_dags/example_python_operator.py
[2025-10-15T17:11:43.729+0000] {logging_mixin.py:188} INFO - [2025-10-15T17:11:43.729+0000] {dag.py:3089} INFO - Sync 1 DAGs
[2025-10-15T17:11:43.738+0000] {logging_mixin.py:188} INFO - [2025-10-15T17:11:43.738+0000] {dag.py:3947} INFO - Setting next_dagrun for example_python_operator to None, run_after=None
[2025-10-15T17:11:43.758+0000] {processor.py:183} INFO - Processing /home/airflow/.local/lib/python3.12/site-packages/airflow/example_dags/example_python_operator.py took 0.073 seconds
[2025-10-15T17:12:14.004+0000] {processor.py:161} INFO - Started process (PID=552) to work on /home/airflow/.local/lib/python3.12/site-packages/airflow/example_dags/example_python_operator.py
[2025-10-15T17:12:14.005+0000] {processor.py:830} INFO - Processing file /home/airflow/.local/lib/python3.12/site-packages/airflow/example_dags/example_python_operator.py for tasks to queue
[2025-10-15T17:12:14.007+0000] {logging_mixin.py:188} INFO - [2025-10-15T17:12:14.007+0000] {dagbag.py:545} INFO - Filling up the DagBag from /home/airflow/.local/lib/python3.12/site-packages/airflow/example_dags/example_python_operator.py
[2025-10-15T17:12:14.016+0000] {processor.py:840} INFO - DAG(s) 'example_python_operator' retrieved from /home/airflow/.local/lib/python3.12/site-packages/airflow/example_dags/example_python_operator.py
[2025-10-15T17:12:14.041+0000] {logging_mixin.py:188} INFO - [2025-10-15T17:12:14.041+0000] {dag.py:3089} INFO - Sync 1 DAGs
[2025-10-15T17:12:14.058+0000] {logging_mixin.py:188} INFO - [2025-10-15T17:12:14.057+0000] {dag.py:3947} INFO - Setting next_dagrun for example_python_operator to None, run_after=None
[2025-10-15T17:12:14.084+0000] {processor.py:183} INFO - Processing /home/airflow/.local/lib/python3.12/site-packages/airflow/example_dags/example_python_operator.py took 0.085 seconds
[2025-10-15T17:12:44.623+0000] {processor.py:161} INFO - Started process (PID=610) to work on /home/airflow/.local/lib/python3.12/site-packages/airflow/example_dags/example_python_operator.py
[2025-10-15T17:12:44.624+0000] {processor.py:830} INFO - Processing file /home/airflow/.local/lib/python3.12/site-packages/airflow/example_dags/example_python_operator.py for tasks to queue
[2025-10-15T17:12:44.626+0000] {logging_mixin.py:188} INFO - [2025-10-15T17:12:44.625+0000] {dagbag.py:545} INFO - Filling up the DagBag from /home/airflow/.local/lib/python3.12/site-packages/airflow/example_dags/example_python_operator.py
[2025-10-15T17:12:44.635+0000] {processor.py:840} INFO - DAG(s) 'example_python_operator' retrieved from /home/airflow/.local/lib/python3.12/site-packages/airflow/example_dags/example_python_operator.py
[2025-10-15T17:12:44.655+0000] {logging_mixin.py:188} INFO - [2025-10-15T17:12:44.654+0000] {dag.py:3089} INFO - Sync 1 DAGs
[2025-10-15T17:12:44.666+0000] {logging_mixin.py:188} INFO - [2025-10-15T17:12:44.665+0000] {dag.py:3947} INFO - Setting next_dagrun for example_python_operator to None, run_after=None
[2025-10-15T17:12:44.678+0000] {processor.py:183} INFO - Processing /home/airflow/.local/lib/python3.12/site-packages/airflow/example_dags/example_python_operator.py took 0.059 seconds
[2025-10-15T17:13:14.850+0000] {processor.py:161} INFO - Started process (PID=668) to work on /home/airflow/.local/lib/python3.12/site-packages/airflow/example_dags/example_python_operator.py
[2025-10-15T17:13:14.851+0000] {processor.py:830} INFO - Processing file /home/airflow/.local/lib/python3.12/site-packages/airflow/example_dags/example_python_operator.py for tasks to queue
[2025-10-15T17:13:14.852+0000] {logging_mixin.py:188} INFO - [2025-10-15T17:13:14.852+0000] {dagbag.py:545} INFO - Filling up the DagBag from /home/airflow/.local/lib/python3.12/site-packages/airflow/example_dags/example_python_operator.py
[2025-10-15T17:13:14.859+0000] {processor.py:840} INFO - DAG(s) 'example_python_operator' retrieved from /home/airflow/.local/lib/python3.12/site-packages/airflow/example_dags/example_python_operator.py
[2025-10-15T17:13:14.873+0000] {logging_mixin.py:188} INFO - [2025-10-15T17:13:14.873+0000] {dag.py:3089} INFO - Sync 1 DAGs
[2025-10-15T17:13:14.880+0000] {logging_mixin.py:188} INFO - [2025-10-15T17:13:14.880+0000] {dag.py:3947} INFO - Setting next_dagrun for example_python_operator to None, run_after=None
[2025-10-15T17:13:14.889+0000] {processor.py:183} INFO - Processing /home/airflow/.local/lib/python3.12/site-packages/airflow/example_dags/example_python_operator.py took 0.043 seconds
[2025-10-15T17:13:45.887+0000] {processor.py:161} INFO - Started process (PID=726) to work on /home/airflow/.local/lib/python3.12/site-packages/airflow/example_dags/example_python_operator.py
[2025-10-15T17:13:45.888+0000] {processor.py:830} INFO - Processing file /home/airflow/.local/lib/python3.12/site-packages/airflow/example_dags/example_python_operator.py for tasks to queue
[2025-10-15T17:13:45.890+0000] {logging_mixin.py:188} INFO - [2025-10-15T17:13:45.890+0000] {dagbag.py:545} INFO - Filling up the DagBag from /home/airflow/.local/lib/python3.12/site-packages/airflow/example_dags/example_python_operator.py
[2025-10-15T17:13:45.897+0000] {processor.py:840} INFO - DAG(s) 'example_python_operator' retrieved from /home/airflow/.local/lib/python3.12/site-packages/airflow/example_dags/example_python_operator.py
[2025-10-15T17:13:45.911+0000] {logging_mixin.py:188} INFO - [2025-10-15T17:13:45.911+0000] {dag.py:3089} INFO - Sync 1 DAGs
[2025-10-15T17:13:45.921+0000] {logging_mixin.py:188} INFO - [2025-10-15T17:13:45.921+0000] {dag.py:3947} INFO - Setting next_dagrun for example_python_operator to None, run_after=None
[2025-10-15T17:13:45.931+0000] {processor.py:183} INFO - Processing /home/airflow/.local/lib/python3.12/site-packages/airflow/example_dags/example_python_operator.py took 0.047 seconds
[2025-10-15T17:14:16.310+0000] {processor.py:161} INFO - Started process (PID=784) to work on /home/airflow/.local/lib/python3.12/site-packages/airflow/example_dags/example_python_operator.py
[2025-10-15T17:14:16.311+0000] {processor.py:830} INFO - Processing file /home/airflow/.local/lib/python3.12/site-packages/airflow/example_dags/example_python_operator.py for tasks to queue
[2025-10-15T17:14:16.313+0000] {logging_mixin.py:188} INFO - [2025-10-15T17:14:16.313+0000] {dagbag.py:545} INFO - Filling up the DagBag from /home/airflow/.local/lib/python3.12/site-packages/airflow/example_dags/example_python_operator.py
[2025-10-15T17:14:16.320+0000] {processor.py:840} INFO - DAG(s) 'example_python_operator' retrieved from /home/airflow/.local/lib/python3.12/site-packages/airflow/example_dags/example_python_operator.py
[2025-10-15T17:14:16.333+0000] {logging_mixin.py:188} INFO - [2025-10-15T17:14:16.332+0000] {dag.py:3089} INFO - Sync 1 DAGs
[2025-10-15T17:14:16.341+0000] {logging_mixin.py:188} INFO - [2025-10-15T17:14:16.341+0000] {dag.py:3947} INFO - Setting next_dagrun for example_python_operator to None, run_after=None
[2025-10-15T17:14:16.351+0000] {processor.py:183} INFO - Processing /home/airflow/.local/lib/python3.12/site-packages/airflow/example_dags/example_python_operator.py took 0.045 seconds
[2025-10-15T17:14:46.616+0000] {processor.py:161} INFO - Started process (PID=842) to work on /home/airflow/.local/lib/python3.12/site-packages/airflow/example_dags/example_python_operator.py
[2025-10-15T17:14:46.618+0000] {processor.py:830} INFO - Processing file /home/airflow/.local/lib/python3.12/site-packages/airflow/example_dags/example_python_operator.py for tasks to queue
[2025-10-15T17:14:46.619+0000] {logging_mixin.py:188} INFO - [2025-10-15T17:14:46.619+0000] {dagbag.py:545} INFO - Filling up the DagBag from /home/airflow/.local/lib/python3.12/site-packages/airflow/example_dags/example_python_operator.py
[2025-10-15T17:14:46.625+0000] {processor.py:840} INFO - DAG(s) 'example_python_operator' retrieved from /home/airflow/.local/lib/python3.12/site-packages/airflow/example_dags/example_python_operator.py
[2025-10-15T17:14:46.638+0000] {logging_mixin.py:188} INFO - [2025-10-15T17:14:46.638+0000] {dag.py:3089} INFO - Sync 1 DAGs
[2025-10-15T17:14:46.646+0000] {logging_mixin.py:188} INFO - [2025-10-15T17:14:46.646+0000] {dag.py:3947} INFO - Setting next_dagrun for example_python_operator to None, run_after=None
[2025-10-15T17:14:46.659+0000] {processor.py:183} INFO - Processing /home/airflow/.local/lib/python3.12/site-packages/airflow/example_dags/example_python_operator.py took 0.047 seconds
[2025-10-15T17:15:16.882+0000] {processor.py:161} INFO - Started process (PID=900) to work on /home/airflow/.local/lib/python3.12/site-packages/airflow/example_dags/example_python_operator.py
[2025-10-15T17:15:16.883+0000] {processor.py:830} INFO - Processing file /home/airflow/.local/lib/python3.12/site-packages/airflow/example_dags/example_python_operator.py for tasks to queue
[2025-10-15T17:15:16.884+0000] {logging_mixin.py:188} INFO - [2025-10-15T17:15:16.884+0000] {dagbag.py:545} INFO - Filling up the DagBag from /home/airflow/.local/lib/python3.12/site-packages/airflow/example_dags/example_python_operator.py
[2025-10-15T17:15:16.890+0000] {processor.py:840} INFO - DAG(s) 'example_python_operator' retrieved from /home/airflow/.local/lib/python3.12/site-packages/airflow/example_dags/example_python_operator.py
[2025-10-15T17:15:16.903+0000] {logging_mixin.py:188} INFO - [2025-10-15T17:15:16.903+0000] {dag.py:3089} INFO - Sync 1 DAGs
[2025-10-15T17:15:16.911+0000] {logging_mixin.py:188} INFO - [2025-10-15T17:15:16.910+0000] {dag.py:3947} INFO - Setting next_dagrun for example_python_operator to None, run_after=None
[2025-10-15T17:15:16.922+0000] {processor.py:183} INFO - Processing /home/airflow/.local/lib/python3.12/site-packages/airflow/example_dags/example_python_operator.py took 0.043 seconds
[2025-10-15T17:19:48.234+0000] {processor.py:161} INFO - Started process (PID=83) to work on /home/airflow/.local/lib/python3.12/site-packages/airflow/example_dags/example_python_operator.py
[2025-10-15T17:19:48.235+0000] {processor.py:830} INFO - Processing file /home/airflow/.local/lib/python3.12/site-packages/airflow/example_dags/example_python_operator.py for tasks to queue
[2025-10-15T17:19:48.237+0000] {logging_mixin.py:188} INFO - [2025-10-15T17:19:48.236+0000] {dagbag.py:545} INFO - Filling up the DagBag from /home/airflow/.local/lib/python3.12/site-packages/airflow/example_dags/example_python_operator.py
[2025-10-15T17:19:48.250+0000] {processor.py:840} INFO - DAG(s) 'example_python_operator' retrieved from /home/airflow/.local/lib/python3.12/site-packages/airflow/example_dags/example_python_operator.py
[2025-10-15T17:19:48.365+0000] {logging_mixin.py:188} INFO - [2025-10-15T17:19:48.364+0000] {dag.py:3089} INFO - Sync 1 DAGs
[2025-10-15T17:19:48.373+0000] {logging_mixin.py:188} INFO - [2025-10-15T17:19:48.373+0000] {dag.py:3947} INFO - Setting next_dagrun for example_python_operator to None, run_after=None
[2025-10-15T17:19:48.388+0000] {processor.py:183} INFO - Processing /home/airflow/.local/lib/python3.12/site-packages/airflow/example_dags/example_python_operator.py took 0.160 seconds
[2025-10-15T17:20:19.626+0000] {processor.py:161} INFO - Started process (PID=141) to work on /home/airflow/.local/lib/python3.12/site-packages/airflow/example_dags/example_python_operator.py
[2025-10-15T17:20:19.627+0000] {processor.py:830} INFO - Processing file /home/airflow/.local/lib/python3.12/site-packages/airflow/example_dags/example_python_operator.py for tasks to queue
[2025-10-15T17:20:19.629+0000] {logging_mixin.py:188} INFO - [2025-10-15T17:20:19.628+0000] {dagbag.py:545} INFO - Filling up the DagBag from /home/airflow/.local/lib/python3.12/site-packages/airflow/example_dags/example_python_operator.py
[2025-10-15T17:20:19.644+0000] {processor.py:840} INFO - DAG(s) 'example_python_operator' retrieved from /home/airflow/.local/lib/python3.12/site-packages/airflow/example_dags/example_python_operator.py
[2025-10-15T17:20:19.676+0000] {logging_mixin.py:188} INFO - [2025-10-15T17:20:19.676+0000] {dag.py:3089} INFO - Sync 1 DAGs
[2025-10-15T17:20:19.690+0000] {logging_mixin.py:188} INFO - [2025-10-15T17:20:19.689+0000] {dag.py:3947} INFO - Setting next_dagrun for example_python_operator to None, run_after=None
[2025-10-15T17:20:19.711+0000] {processor.py:183} INFO - Processing /home/airflow/.local/lib/python3.12/site-packages/airflow/example_dags/example_python_operator.py took 0.092 seconds
[2025-10-15T17:20:50.450+0000] {processor.py:161} INFO - Started process (PID=199) to work on /home/airflow/.local/lib/python3.12/site-packages/airflow/example_dags/example_python_operator.py
[2025-10-15T17:20:50.451+0000] {processor.py:830} INFO - Processing file /home/airflow/.local/lib/python3.12/site-packages/airflow/example_dags/example_python_operator.py for tasks to queue
[2025-10-15T17:20:50.456+0000] {logging_mixin.py:188} INFO - [2025-10-15T17:20:50.456+0000] {dagbag.py:545} INFO - Filling up the DagBag from /home/airflow/.local/lib/python3.12/site-packages/airflow/example_dags/example_python_operator.py
[2025-10-15T17:20:50.463+0000] {processor.py:840} INFO - DAG(s) 'example_python_operator' retrieved from /home/airflow/.local/lib/python3.12/site-packages/airflow/example_dags/example_python_operator.py
[2025-10-15T17:20:50.484+0000] {logging_mixin.py:188} INFO - [2025-10-15T17:20:50.484+0000] {dag.py:3089} INFO - Sync 1 DAGs
[2025-10-15T17:20:50.494+0000] {logging_mixin.py:188} INFO - [2025-10-15T17:20:50.494+0000] {dag.py:3947} INFO - Setting next_dagrun for example_python_operator to None, run_after=None
[2025-10-15T17:20:50.506+0000] {processor.py:183} INFO - Processing /home/airflow/.local/lib/python3.12/site-packages/airflow/example_dags/example_python_operator.py took 0.060 seconds
[2025-10-15T17:21:21.313+0000] {processor.py:161} INFO - Started process (PID=257) to work on /home/airflow/.local/lib/python3.12/site-packages/airflow/example_dags/example_python_operator.py
[2025-10-15T17:21:21.314+0000] {processor.py:830} INFO - Processing file /home/airflow/.local/lib/python3.12/site-packages/airflow/example_dags/example_python_operator.py for tasks to queue
[2025-10-15T17:21:21.316+0000] {logging_mixin.py:188} INFO - [2025-10-15T17:21:21.315+0000] {dagbag.py:545} INFO - Filling up the DagBag from /home/airflow/.local/lib/python3.12/site-packages/airflow/example_dags/example_python_operator.py
[2025-10-15T17:21:21.325+0000] {processor.py:840} INFO - DAG(s) 'example_python_operator' retrieved from /home/airflow/.local/lib/python3.12/site-packages/airflow/example_dags/example_python_operator.py
[2025-10-15T17:21:21.351+0000] {logging_mixin.py:188} INFO - [2025-10-15T17:21:21.351+0000] {dag.py:3089} INFO - Sync 1 DAGs
[2025-10-15T17:21:21.359+0000] {logging_mixin.py:188} INFO - [2025-10-15T17:21:21.359+0000] {dag.py:3947} INFO - Setting next_dagrun for example_python_operator to None, run_after=None
[2025-10-15T17:21:21.377+0000] {processor.py:183} INFO - Processing /home/airflow/.local/lib/python3.12/site-packages/airflow/example_dags/example_python_operator.py took 0.070 seconds
[2025-10-15T17:21:52.340+0000] {processor.py:161} INFO - Started process (PID=315) to work on /home/airflow/.local/lib/python3.12/site-packages/airflow/example_dags/example_python_operator.py
[2025-10-15T17:21:52.340+0000] {processor.py:830} INFO - Processing file /home/airflow/.local/lib/python3.12/site-packages/airflow/example_dags/example_python_operator.py for tasks to queue
[2025-10-15T17:21:52.342+0000] {logging_mixin.py:188} INFO - [2025-10-15T17:21:52.342+0000] {dagbag.py:545} INFO - Filling up the DagBag from /home/airflow/.local/lib/python3.12/site-packages/airflow/example_dags/example_python_operator.py
[2025-10-15T17:21:52.353+0000] {processor.py:840} INFO - DAG(s) 'example_python_operator' retrieved from /home/airflow/.local/lib/python3.12/site-packages/airflow/example_dags/example_python_operator.py
[2025-10-15T17:21:52.373+0000] {logging_mixin.py:188} INFO - [2025-10-15T17:21:52.373+0000] {dag.py:3089} INFO - Sync 1 DAGs
[2025-10-15T17:21:52.386+0000] {logging_mixin.py:188} INFO - [2025-10-15T17:21:52.385+0000] {dag.py:3947} INFO - Setting next_dagrun for example_python_operator to None, run_after=None
[2025-10-15T17:21:52.406+0000] {processor.py:183} INFO - Processing /home/airflow/.local/lib/python3.12/site-packages/airflow/example_dags/example_python_operator.py took 0.070 seconds
[2025-10-15T17:22:23.400+0000] {processor.py:161} INFO - Started process (PID=373) to work on /home/airflow/.local/lib/python3.12/site-packages/airflow/example_dags/example_python_operator.py
[2025-10-15T17:22:23.401+0000] {processor.py:830} INFO - Processing file /home/airflow/.local/lib/python3.12/site-packages/airflow/example_dags/example_python_operator.py for tasks to queue
[2025-10-15T17:22:23.403+0000] {logging_mixin.py:188} INFO - [2025-10-15T17:22:23.403+0000] {dagbag.py:545} INFO - Filling up the DagBag from /home/airflow/.local/lib/python3.12/site-packages/airflow/example_dags/example_python_operator.py
[2025-10-15T17:22:23.413+0000] {processor.py:840} INFO - DAG(s) 'example_python_operator' retrieved from /home/airflow/.local/lib/python3.12/site-packages/airflow/example_dags/example_python_operator.py
[2025-10-15T17:22:23.432+0000] {logging_mixin.py:188} INFO - [2025-10-15T17:22:23.431+0000] {dag.py:3089} INFO - Sync 1 DAGs
[2025-10-15T17:22:23.439+0000] {logging_mixin.py:188} INFO - [2025-10-15T17:22:23.439+0000] {dag.py:3947} INFO - Setting next_dagrun for example_python_operator to None, run_after=None
[2025-10-15T17:22:23.450+0000] {processor.py:183} INFO - Processing /home/airflow/.local/lib/python3.12/site-packages/airflow/example_dags/example_python_operator.py took 0.054 seconds
[2025-10-15T17:22:53.491+0000] {processor.py:161} INFO - Started process (PID=430) to work on /home/airflow/.local/lib/python3.12/site-packages/airflow/example_dags/example_python_operator.py
[2025-10-15T17:22:53.493+0000] {processor.py:830} INFO - Processing file /home/airflow/.local/lib/python3.12/site-packages/airflow/example_dags/example_python_operator.py for tasks to queue
[2025-10-15T17:22:53.497+0000] {logging_mixin.py:188} INFO - [2025-10-15T17:22:53.497+0000] {dagbag.py:545} INFO - Filling up the DagBag from /home/airflow/.local/lib/python3.12/site-packages/airflow/example_dags/example_python_operator.py
[2025-10-15T17:22:53.505+0000] {processor.py:840} INFO - DAG(s) 'example_python_operator' retrieved from /home/airflow/.local/lib/python3.12/site-packages/airflow/example_dags/example_python_operator.py
[2025-10-15T17:22:53.523+0000] {logging_mixin.py:188} INFO - [2025-10-15T17:22:53.523+0000] {dag.py:3089} INFO - Sync 1 DAGs
[2025-10-15T17:22:53.533+0000] {logging_mixin.py:188} INFO - [2025-10-15T17:22:53.533+0000] {dag.py:3947} INFO - Setting next_dagrun for example_python_operator to None, run_after=None
[2025-10-15T17:22:53.548+0000] {processor.py:183} INFO - Processing /home/airflow/.local/lib/python3.12/site-packages/airflow/example_dags/example_python_operator.py took 0.061 seconds
[2025-10-15T17:23:24.650+0000] {processor.py:161} INFO - Started process (PID=489) to work on /home/airflow/.local/lib/python3.12/site-packages/airflow/example_dags/example_python_operator.py
[2025-10-15T17:23:24.651+0000] {processor.py:830} INFO - Processing file /home/airflow/.local/lib/python3.12/site-packages/airflow/example_dags/example_python_operator.py for tasks to queue
[2025-10-15T17:23:24.656+0000] {logging_mixin.py:188} INFO - [2025-10-15T17:23:24.656+0000] {dagbag.py:545} INFO - Filling up the DagBag from /home/airflow/.local/lib/python3.12/site-packages/airflow/example_dags/example_python_operator.py
[2025-10-15T17:23:24.665+0000] {processor.py:840} INFO - DAG(s) 'example_python_operator' retrieved from /home/airflow/.local/lib/python3.12/site-packages/airflow/example_dags/example_python_operator.py
[2025-10-15T17:23:24.681+0000] {logging_mixin.py:188} INFO - [2025-10-15T17:23:24.681+0000] {dag.py:3089} INFO - Sync 1 DAGs
[2025-10-15T17:23:24.690+0000] {logging_mixin.py:188} INFO - [2025-10-15T17:23:24.690+0000] {dag.py:3947} INFO - Setting next_dagrun for example_python_operator to None, run_after=None
[2025-10-15T17:23:24.703+0000] {processor.py:183} INFO - Processing /home/airflow/.local/lib/python3.12/site-packages/airflow/example_dags/example_python_operator.py took 0.057 seconds
[2025-10-15T17:23:54.959+0000] {processor.py:161} INFO - Started process (PID=547) to work on /home/airflow/.local/lib/python3.12/site-packages/airflow/example_dags/example_python_operator.py
[2025-10-15T17:23:54.961+0000] {processor.py:830} INFO - Processing file /home/airflow/.local/lib/python3.12/site-packages/airflow/example_dags/example_python_operator.py for tasks to queue
[2025-10-15T17:23:54.963+0000] {logging_mixin.py:188} INFO - [2025-10-15T17:23:54.963+0000] {dagbag.py:545} INFO - Filling up the DagBag from /home/airflow/.local/lib/python3.12/site-packages/airflow/example_dags/example_python_operator.py
[2025-10-15T17:23:54.972+0000] {processor.py:840} INFO - DAG(s) 'example_python_operator' retrieved from /home/airflow/.local/lib/python3.12/site-packages/airflow/example_dags/example_python_operator.py
[2025-10-15T17:23:54.995+0000] {logging_mixin.py:188} INFO - [2025-10-15T17:23:54.995+0000] {dag.py:3089} INFO - Sync 1 DAGs
[2025-10-15T17:23:55.004+0000] {logging_mixin.py:188} INFO - [2025-10-15T17:23:55.004+0000] {dag.py:3947} INFO - Setting next_dagrun for example_python_operator to None, run_after=None
[2025-10-15T17:23:55.019+0000] {processor.py:183} INFO - Processing /home/airflow/.local/lib/python3.12/site-packages/airflow/example_dags/example_python_operator.py took 0.064 seconds
[2025-10-15T17:24:25.799+0000] {processor.py:161} INFO - Started process (PID=605) to work on /home/airflow/.local/lib/python3.12/site-packages/airflow/example_dags/example_python_operator.py
[2025-10-15T17:24:25.800+0000] {processor.py:830} INFO - Processing file /home/airflow/.local/lib/python3.12/site-packages/airflow/example_dags/example_python_operator.py for tasks to queue
[2025-10-15T17:24:25.804+0000] {logging_mixin.py:188} INFO - [2025-10-15T17:24:25.804+0000] {dagbag.py:545} INFO - Filling up the DagBag from /home/airflow/.local/lib/python3.12/site-packages/airflow/example_dags/example_python_operator.py
[2025-10-15T17:24:25.812+0000] {processor.py:840} INFO - DAG(s) 'example_python_operator' retrieved from /home/airflow/.local/lib/python3.12/site-packages/airflow/example_dags/example_python_operator.py
[2025-10-15T17:24:25.833+0000] {logging_mixin.py:188} INFO - [2025-10-15T17:24:25.833+0000] {dag.py:3089} INFO - Sync 1 DAGs
[2025-10-15T17:24:25.843+0000] {logging_mixin.py:188} INFO - [2025-10-15T17:24:25.843+0000] {dag.py:3947} INFO - Setting next_dagrun for example_python_operator to None, run_after=None
[2025-10-15T17:24:25.857+0000] {processor.py:183} INFO - Processing /home/airflow/.local/lib/python3.12/site-packages/airflow/example_dags/example_python_operator.py took 0.064 seconds
