[2025-10-15T17:08:08.497+0000] {processor.py:161} INFO - Started process (PID=78) to work on /home/airflow/.local/lib/python3.12/site-packages/airflow/example_dags/example_complex.py
[2025-10-15T17:08:08.499+0000] {processor.py:830} INFO - Processing file /home/airflow/.local/lib/python3.12/site-packages/airflow/example_dags/example_complex.py for tasks to queue
[2025-10-15T17:08:08.505+0000] {logging_mixin.py:188} INFO - [2025-10-15T17:08:08.504+0000] {dagbag.py:545} INFO - Filling up the DagBag from /home/airflow/.local/lib/python3.12/site-packages/airflow/example_dags/example_complex.py
[2025-10-15T17:08:08.530+0000] {processor.py:840} INFO - DAG(s) 'example_complex' retrieved from /home/airflow/.local/lib/python3.12/site-packages/airflow/example_dags/example_complex.py
[2025-10-15T17:08:08.686+0000] {logging_mixin.py:188} INFO - [2025-10-15T17:08:08.685+0000] {override.py:1858} INFO - Created Permission View: can edit on DAG:example_complex
[2025-10-15T17:08:08.697+0000] {logging_mixin.py:188} INFO - [2025-10-15T17:08:08.697+0000] {override.py:1858} INFO - Created Permission View: can delete on DAG:example_complex
[2025-10-15T17:08:08.704+0000] {logging_mixin.py:188} INFO - [2025-10-15T17:08:08.704+0000] {override.py:1858} INFO - Created Permission View: can read on DAG:example_complex
[2025-10-15T17:08:08.706+0000] {logging_mixin.py:188} INFO - [2025-10-15T17:08:08.706+0000] {dag.py:3089} INFO - Sync 1 DAGs
[2025-10-15T17:08:08.723+0000] {logging_mixin.py:188} INFO - [2025-10-15T17:08:08.722+0000] {dag.py:3111} INFO - Creating ORM DAG for example_complex
[2025-10-15T17:08:08.724+0000] {logging_mixin.py:188} INFO - [2025-10-15T17:08:08.724+0000] {dag.py:3947} INFO - Setting next_dagrun for example_complex to None, run_after=None
[2025-10-15T17:08:08.756+0000] {processor.py:183} INFO - Processing /home/airflow/.local/lib/python3.12/site-packages/airflow/example_dags/example_complex.py took 0.271 seconds
[2025-10-15T17:08:38.887+0000] {processor.py:161} INFO - Started process (PID=136) to work on /home/airflow/.local/lib/python3.12/site-packages/airflow/example_dags/example_complex.py
[2025-10-15T17:08:38.888+0000] {processor.py:830} INFO - Processing file /home/airflow/.local/lib/python3.12/site-packages/airflow/example_dags/example_complex.py for tasks to queue
[2025-10-15T17:08:38.889+0000] {logging_mixin.py:188} INFO - [2025-10-15T17:08:38.889+0000] {dagbag.py:545} INFO - Filling up the DagBag from /home/airflow/.local/lib/python3.12/site-packages/airflow/example_dags/example_complex.py
[2025-10-15T17:08:38.896+0000] {processor.py:840} INFO - DAG(s) 'example_complex' retrieved from /home/airflow/.local/lib/python3.12/site-packages/airflow/example_dags/example_complex.py
[2025-10-15T17:08:38.913+0000] {logging_mixin.py:188} INFO - [2025-10-15T17:08:38.913+0000] {dag.py:3089} INFO - Sync 1 DAGs
[2025-10-15T17:08:38.920+0000] {logging_mixin.py:188} INFO - [2025-10-15T17:08:38.920+0000] {dag.py:3947} INFO - Setting next_dagrun for example_complex to None, run_after=None
[2025-10-15T17:08:38.929+0000] {processor.py:183} INFO - Processing /home/airflow/.local/lib/python3.12/site-packages/airflow/example_dags/example_complex.py took 0.045 seconds
[2025-10-15T17:09:09.519+0000] {processor.py:161} INFO - Started process (PID=194) to work on /home/airflow/.local/lib/python3.12/site-packages/airflow/example_dags/example_complex.py
[2025-10-15T17:09:09.523+0000] {processor.py:830} INFO - Processing file /home/airflow/.local/lib/python3.12/site-packages/airflow/example_dags/example_complex.py for tasks to queue
[2025-10-15T17:09:09.524+0000] {logging_mixin.py:188} INFO - [2025-10-15T17:09:09.524+0000] {dagbag.py:545} INFO - Filling up the DagBag from /home/airflow/.local/lib/python3.12/site-packages/airflow/example_dags/example_complex.py
[2025-10-15T17:09:09.533+0000] {processor.py:840} INFO - DAG(s) 'example_complex' retrieved from /home/airflow/.local/lib/python3.12/site-packages/airflow/example_dags/example_complex.py
[2025-10-15T17:09:09.558+0000] {logging_mixin.py:188} INFO - [2025-10-15T17:09:09.558+0000] {dag.py:3089} INFO - Sync 1 DAGs
[2025-10-15T17:09:09.567+0000] {logging_mixin.py:188} INFO - [2025-10-15T17:09:09.567+0000] {dag.py:3947} INFO - Setting next_dagrun for example_complex to None, run_after=None
[2025-10-15T17:09:09.584+0000] {processor.py:183} INFO - Processing /home/airflow/.local/lib/python3.12/site-packages/airflow/example_dags/example_complex.py took 0.069 seconds
[2025-10-15T17:09:39.999+0000] {processor.py:161} INFO - Started process (PID=252) to work on /home/airflow/.local/lib/python3.12/site-packages/airflow/example_dags/example_complex.py
[2025-10-15T17:09:40.001+0000] {processor.py:830} INFO - Processing file /home/airflow/.local/lib/python3.12/site-packages/airflow/example_dags/example_complex.py for tasks to queue
[2025-10-15T17:09:40.006+0000] {logging_mixin.py:188} INFO - [2025-10-15T17:09:40.005+0000] {dagbag.py:545} INFO - Filling up the DagBag from /home/airflow/.local/lib/python3.12/site-packages/airflow/example_dags/example_complex.py
[2025-10-15T17:09:40.100+0000] {processor.py:840} INFO - DAG(s) 'example_complex' retrieved from /home/airflow/.local/lib/python3.12/site-packages/airflow/example_dags/example_complex.py
[2025-10-15T17:09:40.246+0000] {logging_mixin.py:188} INFO - [2025-10-15T17:09:40.246+0000] {dag.py:3089} INFO - Sync 1 DAGs
[2025-10-15T17:09:40.277+0000] {logging_mixin.py:188} INFO - [2025-10-15T17:09:40.276+0000] {dag.py:3947} INFO - Setting next_dagrun for example_complex to None, run_after=None
[2025-10-15T17:09:40.316+0000] {processor.py:183} INFO - Processing /home/airflow/.local/lib/python3.12/site-packages/airflow/example_dags/example_complex.py took 0.327 seconds
[2025-10-15T17:10:11.148+0000] {processor.py:161} INFO - Started process (PID=310) to work on /home/airflow/.local/lib/python3.12/site-packages/airflow/example_dags/example_complex.py
[2025-10-15T17:10:11.149+0000] {processor.py:830} INFO - Processing file /home/airflow/.local/lib/python3.12/site-packages/airflow/example_dags/example_complex.py for tasks to queue
[2025-10-15T17:10:11.150+0000] {logging_mixin.py:188} INFO - [2025-10-15T17:10:11.150+0000] {dagbag.py:545} INFO - Filling up the DagBag from /home/airflow/.local/lib/python3.12/site-packages/airflow/example_dags/example_complex.py
[2025-10-15T17:10:11.162+0000] {processor.py:840} INFO - DAG(s) 'example_complex' retrieved from /home/airflow/.local/lib/python3.12/site-packages/airflow/example_dags/example_complex.py
[2025-10-15T17:10:11.187+0000] {logging_mixin.py:188} INFO - [2025-10-15T17:10:11.187+0000] {dag.py:3089} INFO - Sync 1 DAGs
[2025-10-15T17:10:11.196+0000] {logging_mixin.py:188} INFO - [2025-10-15T17:10:11.196+0000] {dag.py:3947} INFO - Setting next_dagrun for example_complex to None, run_after=None
[2025-10-15T17:10:11.214+0000] {processor.py:183} INFO - Processing /home/airflow/.local/lib/python3.12/site-packages/airflow/example_dags/example_complex.py took 0.070 seconds
[2025-10-15T17:10:41.362+0000] {processor.py:161} INFO - Started process (PID=368) to work on /home/airflow/.local/lib/python3.12/site-packages/airflow/example_dags/example_complex.py
[2025-10-15T17:10:41.363+0000] {processor.py:830} INFO - Processing file /home/airflow/.local/lib/python3.12/site-packages/airflow/example_dags/example_complex.py for tasks to queue
[2025-10-15T17:10:41.365+0000] {logging_mixin.py:188} INFO - [2025-10-15T17:10:41.364+0000] {dagbag.py:545} INFO - Filling up the DagBag from /home/airflow/.local/lib/python3.12/site-packages/airflow/example_dags/example_complex.py
[2025-10-15T17:10:41.371+0000] {processor.py:840} INFO - DAG(s) 'example_complex' retrieved from /home/airflow/.local/lib/python3.12/site-packages/airflow/example_dags/example_complex.py
[2025-10-15T17:10:41.400+0000] {logging_mixin.py:188} INFO - [2025-10-15T17:10:41.400+0000] {dag.py:3089} INFO - Sync 1 DAGs
[2025-10-15T17:10:41.408+0000] {logging_mixin.py:188} INFO - [2025-10-15T17:10:41.408+0000] {dag.py:3947} INFO - Setting next_dagrun for example_complex to None, run_after=None
[2025-10-15T17:10:41.424+0000] {processor.py:183} INFO - Processing /home/airflow/.local/lib/python3.12/site-packages/airflow/example_dags/example_complex.py took 0.066 seconds
[2025-10-15T17:11:11.747+0000] {processor.py:161} INFO - Started process (PID=426) to work on /home/airflow/.local/lib/python3.12/site-packages/airflow/example_dags/example_complex.py
[2025-10-15T17:11:11.749+0000] {processor.py:830} INFO - Processing file /home/airflow/.local/lib/python3.12/site-packages/airflow/example_dags/example_complex.py for tasks to queue
[2025-10-15T17:11:11.751+0000] {logging_mixin.py:188} INFO - [2025-10-15T17:11:11.750+0000] {dagbag.py:545} INFO - Filling up the DagBag from /home/airflow/.local/lib/python3.12/site-packages/airflow/example_dags/example_complex.py
[2025-10-15T17:11:11.758+0000] {processor.py:840} INFO - DAG(s) 'example_complex' retrieved from /home/airflow/.local/lib/python3.12/site-packages/airflow/example_dags/example_complex.py
[2025-10-15T17:11:11.783+0000] {logging_mixin.py:188} INFO - [2025-10-15T17:11:11.783+0000] {dag.py:3089} INFO - Sync 1 DAGs
[2025-10-15T17:11:11.794+0000] {logging_mixin.py:188} INFO - [2025-10-15T17:11:11.794+0000] {dag.py:3947} INFO - Setting next_dagrun for example_complex to None, run_after=None
[2025-10-15T17:11:11.811+0000] {processor.py:183} INFO - Processing /home/airflow/.local/lib/python3.12/site-packages/airflow/example_dags/example_complex.py took 0.070 seconds
[2025-10-15T17:11:42.015+0000] {processor.py:161} INFO - Started process (PID=484) to work on /home/airflow/.local/lib/python3.12/site-packages/airflow/example_dags/example_complex.py
[2025-10-15T17:11:42.016+0000] {processor.py:830} INFO - Processing file /home/airflow/.local/lib/python3.12/site-packages/airflow/example_dags/example_complex.py for tasks to queue
[2025-10-15T17:11:42.018+0000] {logging_mixin.py:188} INFO - [2025-10-15T17:11:42.018+0000] {dagbag.py:545} INFO - Filling up the DagBag from /home/airflow/.local/lib/python3.12/site-packages/airflow/example_dags/example_complex.py
[2025-10-15T17:11:42.026+0000] {processor.py:840} INFO - DAG(s) 'example_complex' retrieved from /home/airflow/.local/lib/python3.12/site-packages/airflow/example_dags/example_complex.py
[2025-10-15T17:11:42.060+0000] {logging_mixin.py:188} INFO - [2025-10-15T17:11:42.059+0000] {dag.py:3089} INFO - Sync 1 DAGs
[2025-10-15T17:11:42.070+0000] {logging_mixin.py:188} INFO - [2025-10-15T17:11:42.070+0000] {dag.py:3947} INFO - Setting next_dagrun for example_complex to None, run_after=None
[2025-10-15T17:11:42.102+0000] {processor.py:183} INFO - Processing /home/airflow/.local/lib/python3.12/site-packages/airflow/example_dags/example_complex.py took 0.092 seconds
[2025-10-15T17:12:12.559+0000] {processor.py:161} INFO - Started process (PID=542) to work on /home/airflow/.local/lib/python3.12/site-packages/airflow/example_dags/example_complex.py
[2025-10-15T17:12:12.562+0000] {processor.py:830} INFO - Processing file /home/airflow/.local/lib/python3.12/site-packages/airflow/example_dags/example_complex.py for tasks to queue
[2025-10-15T17:12:12.564+0000] {logging_mixin.py:188} INFO - [2025-10-15T17:12:12.563+0000] {dagbag.py:545} INFO - Filling up the DagBag from /home/airflow/.local/lib/python3.12/site-packages/airflow/example_dags/example_complex.py
[2025-10-15T17:12:12.570+0000] {processor.py:840} INFO - DAG(s) 'example_complex' retrieved from /home/airflow/.local/lib/python3.12/site-packages/airflow/example_dags/example_complex.py
[2025-10-15T17:12:12.593+0000] {logging_mixin.py:188} INFO - [2025-10-15T17:12:12.593+0000] {dag.py:3089} INFO - Sync 1 DAGs
[2025-10-15T17:12:12.600+0000] {logging_mixin.py:188} INFO - [2025-10-15T17:12:12.600+0000] {dag.py:3947} INFO - Setting next_dagrun for example_complex to None, run_after=None
[2025-10-15T17:12:12.616+0000] {processor.py:183} INFO - Processing /home/airflow/.local/lib/python3.12/site-packages/airflow/example_dags/example_complex.py took 0.060 seconds
[2025-10-15T17:12:43.114+0000] {processor.py:161} INFO - Started process (PID=600) to work on /home/airflow/.local/lib/python3.12/site-packages/airflow/example_dags/example_complex.py
[2025-10-15T17:12:43.115+0000] {processor.py:830} INFO - Processing file /home/airflow/.local/lib/python3.12/site-packages/airflow/example_dags/example_complex.py for tasks to queue
[2025-10-15T17:12:43.116+0000] {logging_mixin.py:188} INFO - [2025-10-15T17:12:43.116+0000] {dagbag.py:545} INFO - Filling up the DagBag from /home/airflow/.local/lib/python3.12/site-packages/airflow/example_dags/example_complex.py
[2025-10-15T17:12:43.123+0000] {processor.py:840} INFO - DAG(s) 'example_complex' retrieved from /home/airflow/.local/lib/python3.12/site-packages/airflow/example_dags/example_complex.py
[2025-10-15T17:12:43.150+0000] {logging_mixin.py:188} INFO - [2025-10-15T17:12:43.149+0000] {dag.py:3089} INFO - Sync 1 DAGs
[2025-10-15T17:12:43.160+0000] {logging_mixin.py:188} INFO - [2025-10-15T17:12:43.160+0000] {dag.py:3947} INFO - Setting next_dagrun for example_complex to None, run_after=None
[2025-10-15T17:12:43.177+0000] {processor.py:183} INFO - Processing /home/airflow/.local/lib/python3.12/site-packages/airflow/example_dags/example_complex.py took 0.067 seconds
[2025-10-15T17:13:13.405+0000] {processor.py:161} INFO - Started process (PID=658) to work on /home/airflow/.local/lib/python3.12/site-packages/airflow/example_dags/example_complex.py
[2025-10-15T17:13:13.406+0000] {processor.py:830} INFO - Processing file /home/airflow/.local/lib/python3.12/site-packages/airflow/example_dags/example_complex.py for tasks to queue
[2025-10-15T17:13:13.407+0000] {logging_mixin.py:188} INFO - [2025-10-15T17:13:13.407+0000] {dagbag.py:545} INFO - Filling up the DagBag from /home/airflow/.local/lib/python3.12/site-packages/airflow/example_dags/example_complex.py
[2025-10-15T17:13:13.414+0000] {processor.py:840} INFO - DAG(s) 'example_complex' retrieved from /home/airflow/.local/lib/python3.12/site-packages/airflow/example_dags/example_complex.py
[2025-10-15T17:13:13.432+0000] {logging_mixin.py:188} INFO - [2025-10-15T17:13:13.432+0000] {dag.py:3089} INFO - Sync 1 DAGs
[2025-10-15T17:13:13.441+0000] {logging_mixin.py:188} INFO - [2025-10-15T17:13:13.441+0000] {dag.py:3947} INFO - Setting next_dagrun for example_complex to None, run_after=None
[2025-10-15T17:13:13.452+0000] {processor.py:183} INFO - Processing /home/airflow/.local/lib/python3.12/site-packages/airflow/example_dags/example_complex.py took 0.052 seconds
[2025-10-15T17:13:43.524+0000] {processor.py:161} INFO - Started process (PID=716) to work on /home/airflow/.local/lib/python3.12/site-packages/airflow/example_dags/example_complex.py
[2025-10-15T17:13:43.525+0000] {processor.py:830} INFO - Processing file /home/airflow/.local/lib/python3.12/site-packages/airflow/example_dags/example_complex.py for tasks to queue
[2025-10-15T17:13:43.526+0000] {logging_mixin.py:188} INFO - [2025-10-15T17:13:43.526+0000] {dagbag.py:545} INFO - Filling up the DagBag from /home/airflow/.local/lib/python3.12/site-packages/airflow/example_dags/example_complex.py
[2025-10-15T17:13:43.533+0000] {processor.py:840} INFO - DAG(s) 'example_complex' retrieved from /home/airflow/.local/lib/python3.12/site-packages/airflow/example_dags/example_complex.py
[2025-10-15T17:13:43.551+0000] {logging_mixin.py:188} INFO - [2025-10-15T17:13:43.551+0000] {dag.py:3089} INFO - Sync 1 DAGs
[2025-10-15T17:13:43.558+0000] {logging_mixin.py:188} INFO - [2025-10-15T17:13:43.558+0000] {dag.py:3947} INFO - Setting next_dagrun for example_complex to None, run_after=None
[2025-10-15T17:13:43.569+0000] {processor.py:183} INFO - Processing /home/airflow/.local/lib/python3.12/site-packages/airflow/example_dags/example_complex.py took 0.049 seconds
[2025-10-15T17:14:13.954+0000] {processor.py:161} INFO - Started process (PID=774) to work on /home/airflow/.local/lib/python3.12/site-packages/airflow/example_dags/example_complex.py
[2025-10-15T17:14:13.955+0000] {processor.py:830} INFO - Processing file /home/airflow/.local/lib/python3.12/site-packages/airflow/example_dags/example_complex.py for tasks to queue
[2025-10-15T17:14:13.956+0000] {logging_mixin.py:188} INFO - [2025-10-15T17:14:13.956+0000] {dagbag.py:545} INFO - Filling up the DagBag from /home/airflow/.local/lib/python3.12/site-packages/airflow/example_dags/example_complex.py
[2025-10-15T17:14:13.963+0000] {processor.py:840} INFO - DAG(s) 'example_complex' retrieved from /home/airflow/.local/lib/python3.12/site-packages/airflow/example_dags/example_complex.py
[2025-10-15T17:14:13.985+0000] {logging_mixin.py:188} INFO - [2025-10-15T17:14:13.985+0000] {dag.py:3089} INFO - Sync 1 DAGs
[2025-10-15T17:14:13.994+0000] {logging_mixin.py:188} INFO - [2025-10-15T17:14:13.994+0000] {dag.py:3947} INFO - Setting next_dagrun for example_complex to None, run_after=None
[2025-10-15T17:14:14.008+0000] {processor.py:183} INFO - Processing /home/airflow/.local/lib/python3.12/site-packages/airflow/example_dags/example_complex.py took 0.058 seconds
[2025-10-15T17:14:44.057+0000] {processor.py:161} INFO - Started process (PID=832) to work on /home/airflow/.local/lib/python3.12/site-packages/airflow/example_dags/example_complex.py
[2025-10-15T17:14:44.058+0000] {processor.py:830} INFO - Processing file /home/airflow/.local/lib/python3.12/site-packages/airflow/example_dags/example_complex.py for tasks to queue
[2025-10-15T17:14:44.060+0000] {logging_mixin.py:188} INFO - [2025-10-15T17:14:44.059+0000] {dagbag.py:545} INFO - Filling up the DagBag from /home/airflow/.local/lib/python3.12/site-packages/airflow/example_dags/example_complex.py
[2025-10-15T17:14:44.066+0000] {processor.py:840} INFO - DAG(s) 'example_complex' retrieved from /home/airflow/.local/lib/python3.12/site-packages/airflow/example_dags/example_complex.py
[2025-10-15T17:14:44.084+0000] {logging_mixin.py:188} INFO - [2025-10-15T17:14:44.084+0000] {dag.py:3089} INFO - Sync 1 DAGs
[2025-10-15T17:14:44.092+0000] {logging_mixin.py:188} INFO - [2025-10-15T17:14:44.091+0000] {dag.py:3947} INFO - Setting next_dagrun for example_complex to None, run_after=None
[2025-10-15T17:14:44.101+0000] {processor.py:183} INFO - Processing /home/airflow/.local/lib/python3.12/site-packages/airflow/example_dags/example_complex.py took 0.049 seconds
[2025-10-15T17:15:14.358+0000] {processor.py:161} INFO - Started process (PID=890) to work on /home/airflow/.local/lib/python3.12/site-packages/airflow/example_dags/example_complex.py
[2025-10-15T17:15:14.359+0000] {processor.py:830} INFO - Processing file /home/airflow/.local/lib/python3.12/site-packages/airflow/example_dags/example_complex.py for tasks to queue
[2025-10-15T17:15:14.360+0000] {logging_mixin.py:188} INFO - [2025-10-15T17:15:14.360+0000] {dagbag.py:545} INFO - Filling up the DagBag from /home/airflow/.local/lib/python3.12/site-packages/airflow/example_dags/example_complex.py
[2025-10-15T17:15:14.366+0000] {processor.py:840} INFO - DAG(s) 'example_complex' retrieved from /home/airflow/.local/lib/python3.12/site-packages/airflow/example_dags/example_complex.py
[2025-10-15T17:15:14.385+0000] {logging_mixin.py:188} INFO - [2025-10-15T17:15:14.385+0000] {dag.py:3089} INFO - Sync 1 DAGs
[2025-10-15T17:15:14.392+0000] {logging_mixin.py:188} INFO - [2025-10-15T17:15:14.392+0000] {dag.py:3947} INFO - Setting next_dagrun for example_complex to None, run_after=None
[2025-10-15T17:15:14.403+0000] {processor.py:183} INFO - Processing /home/airflow/.local/lib/python3.12/site-packages/airflow/example_dags/example_complex.py took 0.050 seconds
[2025-10-15T17:19:46.169+0000] {processor.py:161} INFO - Started process (PID=73) to work on /home/airflow/.local/lib/python3.12/site-packages/airflow/example_dags/example_complex.py
[2025-10-15T17:19:46.172+0000] {processor.py:830} INFO - Processing file /home/airflow/.local/lib/python3.12/site-packages/airflow/example_dags/example_complex.py for tasks to queue
[2025-10-15T17:19:46.177+0000] {logging_mixin.py:188} INFO - [2025-10-15T17:19:46.177+0000] {dagbag.py:545} INFO - Filling up the DagBag from /home/airflow/.local/lib/python3.12/site-packages/airflow/example_dags/example_complex.py
[2025-10-15T17:19:46.207+0000] {processor.py:840} INFO - DAG(s) 'example_complex' retrieved from /home/airflow/.local/lib/python3.12/site-packages/airflow/example_dags/example_complex.py
[2025-10-15T17:19:46.523+0000] {logging_mixin.py:188} INFO - [2025-10-15T17:19:46.523+0000] {dag.py:3089} INFO - Sync 1 DAGs
[2025-10-15T17:19:46.555+0000] {logging_mixin.py:188} INFO - [2025-10-15T17:19:46.555+0000] {dag.py:3947} INFO - Setting next_dagrun for example_complex to None, run_after=None
[2025-10-15T17:19:46.631+0000] {processor.py:183} INFO - Processing /home/airflow/.local/lib/python3.12/site-packages/airflow/example_dags/example_complex.py took 0.472 seconds
[2025-10-15T17:20:17.213+0000] {processor.py:161} INFO - Started process (PID=131) to work on /home/airflow/.local/lib/python3.12/site-packages/airflow/example_dags/example_complex.py
[2025-10-15T17:20:17.218+0000] {processor.py:830} INFO - Processing file /home/airflow/.local/lib/python3.12/site-packages/airflow/example_dags/example_complex.py for tasks to queue
[2025-10-15T17:20:17.222+0000] {logging_mixin.py:188} INFO - [2025-10-15T17:20:17.221+0000] {dagbag.py:545} INFO - Filling up the DagBag from /home/airflow/.local/lib/python3.12/site-packages/airflow/example_dags/example_complex.py
[2025-10-15T17:20:17.232+0000] {processor.py:840} INFO - DAG(s) 'example_complex' retrieved from /home/airflow/.local/lib/python3.12/site-packages/airflow/example_dags/example_complex.py
[2025-10-15T17:20:17.266+0000] {logging_mixin.py:188} INFO - [2025-10-15T17:20:17.266+0000] {dag.py:3089} INFO - Sync 1 DAGs
[2025-10-15T17:20:17.278+0000] {logging_mixin.py:188} INFO - [2025-10-15T17:20:17.278+0000] {dag.py:3947} INFO - Setting next_dagrun for example_complex to None, run_after=None
[2025-10-15T17:20:17.298+0000] {processor.py:183} INFO - Processing /home/airflow/.local/lib/python3.12/site-packages/airflow/example_dags/example_complex.py took 0.093 seconds
[2025-10-15T17:20:47.866+0000] {processor.py:161} INFO - Started process (PID=189) to work on /home/airflow/.local/lib/python3.12/site-packages/airflow/example_dags/example_complex.py
[2025-10-15T17:20:47.867+0000] {processor.py:830} INFO - Processing file /home/airflow/.local/lib/python3.12/site-packages/airflow/example_dags/example_complex.py for tasks to queue
[2025-10-15T17:20:47.870+0000] {logging_mixin.py:188} INFO - [2025-10-15T17:20:47.869+0000] {dagbag.py:545} INFO - Filling up the DagBag from /home/airflow/.local/lib/python3.12/site-packages/airflow/example_dags/example_complex.py
[2025-10-15T17:20:47.881+0000] {processor.py:840} INFO - DAG(s) 'example_complex' retrieved from /home/airflow/.local/lib/python3.12/site-packages/airflow/example_dags/example_complex.py
[2025-10-15T17:20:47.914+0000] {logging_mixin.py:188} INFO - [2025-10-15T17:20:47.914+0000] {dag.py:3089} INFO - Sync 1 DAGs
[2025-10-15T17:20:47.926+0000] {logging_mixin.py:188} INFO - [2025-10-15T17:20:47.926+0000] {dag.py:3947} INFO - Setting next_dagrun for example_complex to None, run_after=None
[2025-10-15T17:20:47.947+0000] {processor.py:183} INFO - Processing /home/airflow/.local/lib/python3.12/site-packages/airflow/example_dags/example_complex.py took 0.087 seconds
[2025-10-15T17:21:18.843+0000] {processor.py:161} INFO - Started process (PID=247) to work on /home/airflow/.local/lib/python3.12/site-packages/airflow/example_dags/example_complex.py
[2025-10-15T17:21:18.844+0000] {processor.py:830} INFO - Processing file /home/airflow/.local/lib/python3.12/site-packages/airflow/example_dags/example_complex.py for tasks to queue
[2025-10-15T17:21:18.845+0000] {logging_mixin.py:188} INFO - [2025-10-15T17:21:18.845+0000] {dagbag.py:545} INFO - Filling up the DagBag from /home/airflow/.local/lib/python3.12/site-packages/airflow/example_dags/example_complex.py
[2025-10-15T17:21:18.853+0000] {processor.py:840} INFO - DAG(s) 'example_complex' retrieved from /home/airflow/.local/lib/python3.12/site-packages/airflow/example_dags/example_complex.py
[2025-10-15T17:21:18.881+0000] {logging_mixin.py:188} INFO - [2025-10-15T17:21:18.880+0000] {dag.py:3089} INFO - Sync 1 DAGs
[2025-10-15T17:21:18.891+0000] {logging_mixin.py:188} INFO - [2025-10-15T17:21:18.891+0000] {dag.py:3947} INFO - Setting next_dagrun for example_complex to None, run_after=None
[2025-10-15T17:21:18.906+0000] {processor.py:183} INFO - Processing /home/airflow/.local/lib/python3.12/site-packages/airflow/example_dags/example_complex.py took 0.068 seconds
[2025-10-15T17:21:49.833+0000] {processor.py:161} INFO - Started process (PID=305) to work on /home/airflow/.local/lib/python3.12/site-packages/airflow/example_dags/example_complex.py
[2025-10-15T17:21:49.837+0000] {processor.py:830} INFO - Processing file /home/airflow/.local/lib/python3.12/site-packages/airflow/example_dags/example_complex.py for tasks to queue
[2025-10-15T17:21:49.840+0000] {logging_mixin.py:188} INFO - [2025-10-15T17:21:49.839+0000] {dagbag.py:545} INFO - Filling up the DagBag from /home/airflow/.local/lib/python3.12/site-packages/airflow/example_dags/example_complex.py
[2025-10-15T17:21:49.845+0000] {processor.py:840} INFO - DAG(s) 'example_complex' retrieved from /home/airflow/.local/lib/python3.12/site-packages/airflow/example_dags/example_complex.py
[2025-10-15T17:21:49.870+0000] {logging_mixin.py:188} INFO - [2025-10-15T17:21:49.870+0000] {dag.py:3089} INFO - Sync 1 DAGs
[2025-10-15T17:21:49.879+0000] {logging_mixin.py:188} INFO - [2025-10-15T17:21:49.879+0000] {dag.py:3947} INFO - Setting next_dagrun for example_complex to None, run_after=None
[2025-10-15T17:21:49.893+0000] {processor.py:183} INFO - Processing /home/airflow/.local/lib/python3.12/site-packages/airflow/example_dags/example_complex.py took 0.065 seconds
[2025-10-15T17:22:19.946+0000] {processor.py:161} INFO - Started process (PID=363) to work on /home/airflow/.local/lib/python3.12/site-packages/airflow/example_dags/example_complex.py
[2025-10-15T17:22:19.952+0000] {processor.py:830} INFO - Processing file /home/airflow/.local/lib/python3.12/site-packages/airflow/example_dags/example_complex.py for tasks to queue
[2025-10-15T17:22:19.953+0000] {logging_mixin.py:188} INFO - [2025-10-15T17:22:19.952+0000] {dagbag.py:545} INFO - Filling up the DagBag from /home/airflow/.local/lib/python3.12/site-packages/airflow/example_dags/example_complex.py
[2025-10-15T17:22:19.959+0000] {processor.py:840} INFO - DAG(s) 'example_complex' retrieved from /home/airflow/.local/lib/python3.12/site-packages/airflow/example_dags/example_complex.py
[2025-10-15T17:22:19.983+0000] {logging_mixin.py:188} INFO - [2025-10-15T17:22:19.983+0000] {dag.py:3089} INFO - Sync 1 DAGs
[2025-10-15T17:22:19.994+0000] {logging_mixin.py:188} INFO - [2025-10-15T17:22:19.994+0000] {dag.py:3947} INFO - Setting next_dagrun for example_complex to None, run_after=None
[2025-10-15T17:22:20.009+0000] {processor.py:183} INFO - Processing /home/airflow/.local/lib/python3.12/site-packages/airflow/example_dags/example_complex.py took 0.067 seconds
[2025-10-15T17:22:50.057+0000] {processor.py:161} INFO - Started process (PID=421) to work on /home/airflow/.local/lib/python3.12/site-packages/airflow/example_dags/example_complex.py
[2025-10-15T17:22:50.064+0000] {processor.py:830} INFO - Processing file /home/airflow/.local/lib/python3.12/site-packages/airflow/example_dags/example_complex.py for tasks to queue
[2025-10-15T17:22:50.065+0000] {logging_mixin.py:188} INFO - [2025-10-15T17:22:50.065+0000] {dagbag.py:545} INFO - Filling up the DagBag from /home/airflow/.local/lib/python3.12/site-packages/airflow/example_dags/example_complex.py
[2025-10-15T17:22:50.073+0000] {processor.py:840} INFO - DAG(s) 'example_complex' retrieved from /home/airflow/.local/lib/python3.12/site-packages/airflow/example_dags/example_complex.py
[2025-10-15T17:22:50.101+0000] {logging_mixin.py:188} INFO - [2025-10-15T17:22:50.100+0000] {dag.py:3089} INFO - Sync 1 DAGs
[2025-10-15T17:22:50.110+0000] {logging_mixin.py:188} INFO - [2025-10-15T17:22:50.109+0000] {dag.py:3947} INFO - Setting next_dagrun for example_complex to None, run_after=None
[2025-10-15T17:22:50.127+0000] {processor.py:183} INFO - Processing /home/airflow/.local/lib/python3.12/site-packages/airflow/example_dags/example_complex.py took 0.073 seconds
[2025-10-15T17:23:20.230+0000] {processor.py:161} INFO - Started process (PID=479) to work on /home/airflow/.local/lib/python3.12/site-packages/airflow/example_dags/example_complex.py
[2025-10-15T17:23:20.235+0000] {processor.py:830} INFO - Processing file /home/airflow/.local/lib/python3.12/site-packages/airflow/example_dags/example_complex.py for tasks to queue
[2025-10-15T17:23:20.236+0000] {logging_mixin.py:188} INFO - [2025-10-15T17:23:20.236+0000] {dagbag.py:545} INFO - Filling up the DagBag from /home/airflow/.local/lib/python3.12/site-packages/airflow/example_dags/example_complex.py
[2025-10-15T17:23:20.244+0000] {processor.py:840} INFO - DAG(s) 'example_complex' retrieved from /home/airflow/.local/lib/python3.12/site-packages/airflow/example_dags/example_complex.py
[2025-10-15T17:23:20.269+0000] {logging_mixin.py:188} INFO - [2025-10-15T17:23:20.269+0000] {dag.py:3089} INFO - Sync 1 DAGs
[2025-10-15T17:23:20.279+0000] {logging_mixin.py:188} INFO - [2025-10-15T17:23:20.279+0000] {dag.py:3947} INFO - Setting next_dagrun for example_complex to None, run_after=None
[2025-10-15T17:23:20.290+0000] {processor.py:183} INFO - Processing /home/airflow/.local/lib/python3.12/site-packages/airflow/example_dags/example_complex.py took 0.065 seconds
[2025-10-15T17:23:50.566+0000] {processor.py:161} INFO - Started process (PID=537) to work on /home/airflow/.local/lib/python3.12/site-packages/airflow/example_dags/example_complex.py
[2025-10-15T17:23:50.568+0000] {processor.py:830} INFO - Processing file /home/airflow/.local/lib/python3.12/site-packages/airflow/example_dags/example_complex.py for tasks to queue
[2025-10-15T17:23:50.569+0000] {logging_mixin.py:188} INFO - [2025-10-15T17:23:50.569+0000] {dagbag.py:545} INFO - Filling up the DagBag from /home/airflow/.local/lib/python3.12/site-packages/airflow/example_dags/example_complex.py
[2025-10-15T17:23:50.574+0000] {processor.py:840} INFO - DAG(s) 'example_complex' retrieved from /home/airflow/.local/lib/python3.12/site-packages/airflow/example_dags/example_complex.py
[2025-10-15T17:23:50.593+0000] {logging_mixin.py:188} INFO - [2025-10-15T17:23:50.593+0000] {dag.py:3089} INFO - Sync 1 DAGs
[2025-10-15T17:23:50.602+0000] {logging_mixin.py:188} INFO - [2025-10-15T17:23:50.601+0000] {dag.py:3947} INFO - Setting next_dagrun for example_complex to None, run_after=None
[2025-10-15T17:23:50.615+0000] {processor.py:183} INFO - Processing /home/airflow/.local/lib/python3.12/site-packages/airflow/example_dags/example_complex.py took 0.055 seconds
[2025-10-15T17:24:21.308+0000] {processor.py:161} INFO - Started process (PID=595) to work on /home/airflow/.local/lib/python3.12/site-packages/airflow/example_dags/example_complex.py
[2025-10-15T17:24:21.311+0000] {processor.py:830} INFO - Processing file /home/airflow/.local/lib/python3.12/site-packages/airflow/example_dags/example_complex.py for tasks to queue
[2025-10-15T17:24:21.314+0000] {logging_mixin.py:188} INFO - [2025-10-15T17:24:21.314+0000] {dagbag.py:545} INFO - Filling up the DagBag from /home/airflow/.local/lib/python3.12/site-packages/airflow/example_dags/example_complex.py
[2025-10-15T17:24:21.324+0000] {processor.py:840} INFO - DAG(s) 'example_complex' retrieved from /home/airflow/.local/lib/python3.12/site-packages/airflow/example_dags/example_complex.py
[2025-10-15T17:24:21.350+0000] {logging_mixin.py:188} INFO - [2025-10-15T17:24:21.350+0000] {dag.py:3089} INFO - Sync 1 DAGs
[2025-10-15T17:24:21.359+0000] {logging_mixin.py:188} INFO - [2025-10-15T17:24:21.359+0000] {dag.py:3947} INFO - Setting next_dagrun for example_complex to None, run_after=None
[2025-10-15T17:24:21.376+0000] {processor.py:183} INFO - Processing /home/airflow/.local/lib/python3.12/site-packages/airflow/example_dags/example_complex.py took 0.073 seconds
