[2025-10-15T17:08:08.194+0000] {processor.py:161} INFO - Started process (PID=77) to work on /home/airflow/.local/lib/python3.12/site-packages/airflow/example_dags/example_bash_operator.py
[2025-10-15T17:08:08.198+0000] {processor.py:830} INFO - Processing file /home/airflow/.local/lib/python3.12/site-packages/airflow/example_dags/example_bash_operator.py for tasks to queue
[2025-10-15T17:08:08.201+0000] {logging_mixin.py:188} INFO - [2025-10-15T17:08:08.200+0000] {dagbag.py:545} INFO - Filling up the DagBag from /home/airflow/.local/lib/python3.12/site-packages/airflow/example_dags/example_bash_operator.py
[2025-10-15T17:08:08.227+0000] {processor.py:840} INFO - DAG(s) 'example_bash_operator' retrieved from /home/airflow/.local/lib/python3.12/site-packages/airflow/example_dags/example_bash_operator.py
[2025-10-15T17:08:08.418+0000] {logging_mixin.py:188} INFO - [2025-10-15T17:08:08.417+0000] {override.py:1858} INFO - Created Permission View: can edit on DAG:example_bash_operator
[2025-10-15T17:08:08.430+0000] {logging_mixin.py:188} INFO - [2025-10-15T17:08:08.430+0000] {override.py:1858} INFO - Created Permission View: can delete on DAG:example_bash_operator
[2025-10-15T17:08:08.438+0000] {logging_mixin.py:188} INFO - [2025-10-15T17:08:08.437+0000] {override.py:1858} INFO - Created Permission View: can read on DAG:example_bash_operator
[2025-10-15T17:08:08.438+0000] {logging_mixin.py:188} INFO - [2025-10-15T17:08:08.438+0000] {dag.py:3089} INFO - Sync 1 DAGs
[2025-10-15T17:08:08.460+0000] {logging_mixin.py:188} INFO - [2025-10-15T17:08:08.460+0000] {dag.py:3111} INFO - Creating ORM DAG for example_bash_operator
[2025-10-15T17:08:08.482+0000] {logging_mixin.py:188} INFO - [2025-10-15T17:08:08.482+0000] {dag.py:3947} INFO - Setting next_dagrun for example_bash_operator to 2025-10-14 00:00:00+00:00, run_after=2025-10-15 00:00:00+00:00
[2025-10-15T17:08:08.519+0000] {processor.py:183} INFO - Processing /home/airflow/.local/lib/python3.12/site-packages/airflow/example_dags/example_bash_operator.py took 0.333 seconds
[2025-10-15T17:08:38.810+0000] {processor.py:161} INFO - Started process (PID=135) to work on /home/airflow/.local/lib/python3.12/site-packages/airflow/example_dags/example_bash_operator.py
[2025-10-15T17:08:38.812+0000] {processor.py:830} INFO - Processing file /home/airflow/.local/lib/python3.12/site-packages/airflow/example_dags/example_bash_operator.py for tasks to queue
[2025-10-15T17:08:38.815+0000] {logging_mixin.py:188} INFO - [2025-10-15T17:08:38.815+0000] {dagbag.py:545} INFO - Filling up the DagBag from /home/airflow/.local/lib/python3.12/site-packages/airflow/example_dags/example_bash_operator.py
[2025-10-15T17:08:38.823+0000] {processor.py:840} INFO - DAG(s) 'example_bash_operator' retrieved from /home/airflow/.local/lib/python3.12/site-packages/airflow/example_dags/example_bash_operator.py
[2025-10-15T17:08:38.845+0000] {logging_mixin.py:188} INFO - [2025-10-15T17:08:38.845+0000] {dag.py:3089} INFO - Sync 1 DAGs
[2025-10-15T17:08:38.857+0000] {logging_mixin.py:188} INFO - [2025-10-15T17:08:38.857+0000] {dag.py:3947} INFO - Setting next_dagrun for example_bash_operator to 2025-10-14 00:00:00+00:00, run_after=2025-10-15 00:00:00+00:00
[2025-10-15T17:08:38.874+0000] {processor.py:183} INFO - Processing /home/airflow/.local/lib/python3.12/site-packages/airflow/example_dags/example_bash_operator.py took 0.068 seconds
[2025-10-15T17:09:09.514+0000] {processor.py:161} INFO - Started process (PID=193) to work on /home/airflow/.local/lib/python3.12/site-packages/airflow/example_dags/example_bash_operator.py
[2025-10-15T17:09:09.515+0000] {processor.py:830} INFO - Processing file /home/airflow/.local/lib/python3.12/site-packages/airflow/example_dags/example_bash_operator.py for tasks to queue
[2025-10-15T17:09:09.516+0000] {logging_mixin.py:188} INFO - [2025-10-15T17:09:09.516+0000] {dagbag.py:545} INFO - Filling up the DagBag from /home/airflow/.local/lib/python3.12/site-packages/airflow/example_dags/example_bash_operator.py
[2025-10-15T17:09:09.524+0000] {processor.py:840} INFO - DAG(s) 'example_bash_operator' retrieved from /home/airflow/.local/lib/python3.12/site-packages/airflow/example_dags/example_bash_operator.py
[2025-10-15T17:09:09.553+0000] {logging_mixin.py:188} INFO - [2025-10-15T17:09:09.552+0000] {dag.py:3089} INFO - Sync 1 DAGs
[2025-10-15T17:09:09.572+0000] {logging_mixin.py:188} INFO - [2025-10-15T17:09:09.572+0000] {dag.py:3947} INFO - Setting next_dagrun for example_bash_operator to 2025-10-14 00:00:00+00:00, run_after=2025-10-15 00:00:00+00:00
[2025-10-15T17:09:09.588+0000] {processor.py:183} INFO - Processing /home/airflow/.local/lib/python3.12/site-packages/airflow/example_dags/example_bash_operator.py took 0.080 seconds
[2025-10-15T17:09:39.803+0000] {processor.py:161} INFO - Started process (PID=251) to work on /home/airflow/.local/lib/python3.12/site-packages/airflow/example_dags/example_bash_operator.py
[2025-10-15T17:09:39.807+0000] {processor.py:830} INFO - Processing file /home/airflow/.local/lib/python3.12/site-packages/airflow/example_dags/example_bash_operator.py for tasks to queue
[2025-10-15T17:09:39.808+0000] {logging_mixin.py:188} INFO - [2025-10-15T17:09:39.808+0000] {dagbag.py:545} INFO - Filling up the DagBag from /home/airflow/.local/lib/python3.12/site-packages/airflow/example_dags/example_bash_operator.py
[2025-10-15T17:09:39.817+0000] {processor.py:840} INFO - DAG(s) 'example_bash_operator' retrieved from /home/airflow/.local/lib/python3.12/site-packages/airflow/example_dags/example_bash_operator.py
[2025-10-15T17:09:39.854+0000] {logging_mixin.py:188} INFO - [2025-10-15T17:09:39.854+0000] {dag.py:3089} INFO - Sync 1 DAGs
[2025-10-15T17:09:39.896+0000] {logging_mixin.py:188} INFO - [2025-10-15T17:09:39.896+0000] {dag.py:3947} INFO - Setting next_dagrun for example_bash_operator to 2025-10-14 00:00:00+00:00, run_after=2025-10-15 00:00:00+00:00
[2025-10-15T17:09:39.945+0000] {processor.py:183} INFO - Processing /home/airflow/.local/lib/python3.12/site-packages/airflow/example_dags/example_bash_operator.py took 0.147 seconds
[2025-10-15T17:10:10.135+0000] {processor.py:161} INFO - Started process (PID=309) to work on /home/airflow/.local/lib/python3.12/site-packages/airflow/example_dags/example_bash_operator.py
[2025-10-15T17:10:10.135+0000] {processor.py:830} INFO - Processing file /home/airflow/.local/lib/python3.12/site-packages/airflow/example_dags/example_bash_operator.py for tasks to queue
[2025-10-15T17:10:10.136+0000] {logging_mixin.py:188} INFO - [2025-10-15T17:10:10.136+0000] {dagbag.py:545} INFO - Filling up the DagBag from /home/airflow/.local/lib/python3.12/site-packages/airflow/example_dags/example_bash_operator.py
[2025-10-15T17:10:10.143+0000] {processor.py:840} INFO - DAG(s) 'example_bash_operator' retrieved from /home/airflow/.local/lib/python3.12/site-packages/airflow/example_dags/example_bash_operator.py
[2025-10-15T17:10:10.160+0000] {logging_mixin.py:188} INFO - [2025-10-15T17:10:10.160+0000] {dag.py:3089} INFO - Sync 1 DAGs
[2025-10-15T17:10:10.173+0000] {logging_mixin.py:188} INFO - [2025-10-15T17:10:10.173+0000] {dag.py:3947} INFO - Setting next_dagrun for example_bash_operator to 2025-10-14 00:00:00+00:00, run_after=2025-10-15 00:00:00+00:00
[2025-10-15T17:10:10.183+0000] {processor.py:183} INFO - Processing /home/airflow/.local/lib/python3.12/site-packages/airflow/example_dags/example_bash_operator.py took 0.051 seconds
[2025-10-15T17:10:40.271+0000] {processor.py:161} INFO - Started process (PID=367) to work on /home/airflow/.local/lib/python3.12/site-packages/airflow/example_dags/example_bash_operator.py
[2025-10-15T17:10:40.272+0000] {processor.py:830} INFO - Processing file /home/airflow/.local/lib/python3.12/site-packages/airflow/example_dags/example_bash_operator.py for tasks to queue
[2025-10-15T17:10:40.274+0000] {logging_mixin.py:188} INFO - [2025-10-15T17:10:40.274+0000] {dagbag.py:545} INFO - Filling up the DagBag from /home/airflow/.local/lib/python3.12/site-packages/airflow/example_dags/example_bash_operator.py
[2025-10-15T17:10:40.281+0000] {processor.py:840} INFO - DAG(s) 'example_bash_operator' retrieved from /home/airflow/.local/lib/python3.12/site-packages/airflow/example_dags/example_bash_operator.py
[2025-10-15T17:10:40.305+0000] {logging_mixin.py:188} INFO - [2025-10-15T17:10:40.305+0000] {dag.py:3089} INFO - Sync 1 DAGs
[2025-10-15T17:10:40.321+0000] {logging_mixin.py:188} INFO - [2025-10-15T17:10:40.321+0000] {dag.py:3947} INFO - Setting next_dagrun for example_bash_operator to 2025-10-14 00:00:00+00:00, run_after=2025-10-15 00:00:00+00:00
[2025-10-15T17:10:40.336+0000] {processor.py:183} INFO - Processing /home/airflow/.local/lib/python3.12/site-packages/airflow/example_dags/example_bash_operator.py took 0.069 seconds
[2025-10-15T17:11:10.660+0000] {processor.py:161} INFO - Started process (PID=425) to work on /home/airflow/.local/lib/python3.12/site-packages/airflow/example_dags/example_bash_operator.py
[2025-10-15T17:11:10.662+0000] {processor.py:830} INFO - Processing file /home/airflow/.local/lib/python3.12/site-packages/airflow/example_dags/example_bash_operator.py for tasks to queue
[2025-10-15T17:11:10.664+0000] {logging_mixin.py:188} INFO - [2025-10-15T17:11:10.664+0000] {dagbag.py:545} INFO - Filling up the DagBag from /home/airflow/.local/lib/python3.12/site-packages/airflow/example_dags/example_bash_operator.py
[2025-10-15T17:11:10.674+0000] {processor.py:840} INFO - DAG(s) 'example_bash_operator' retrieved from /home/airflow/.local/lib/python3.12/site-packages/airflow/example_dags/example_bash_operator.py
[2025-10-15T17:11:10.702+0000] {logging_mixin.py:188} INFO - [2025-10-15T17:11:10.701+0000] {dag.py:3089} INFO - Sync 1 DAGs
[2025-10-15T17:11:10.720+0000] {logging_mixin.py:188} INFO - [2025-10-15T17:11:10.720+0000] {dag.py:3947} INFO - Setting next_dagrun for example_bash_operator to 2025-10-14 00:00:00+00:00, run_after=2025-10-15 00:00:00+00:00
[2025-10-15T17:11:10.731+0000] {processor.py:183} INFO - Processing /home/airflow/.local/lib/python3.12/site-packages/airflow/example_dags/example_bash_operator.py took 0.077 seconds
[2025-10-15T17:11:41.004+0000] {processor.py:161} INFO - Started process (PID=483) to work on /home/airflow/.local/lib/python3.12/site-packages/airflow/example_dags/example_bash_operator.py
[2025-10-15T17:11:41.004+0000] {processor.py:830} INFO - Processing file /home/airflow/.local/lib/python3.12/site-packages/airflow/example_dags/example_bash_operator.py for tasks to queue
[2025-10-15T17:11:41.006+0000] {logging_mixin.py:188} INFO - [2025-10-15T17:11:41.005+0000] {dagbag.py:545} INFO - Filling up the DagBag from /home/airflow/.local/lib/python3.12/site-packages/airflow/example_dags/example_bash_operator.py
[2025-10-15T17:11:41.013+0000] {processor.py:840} INFO - DAG(s) 'example_bash_operator' retrieved from /home/airflow/.local/lib/python3.12/site-packages/airflow/example_dags/example_bash_operator.py
[2025-10-15T17:11:41.029+0000] {logging_mixin.py:188} INFO - [2025-10-15T17:11:41.028+0000] {dag.py:3089} INFO - Sync 1 DAGs
[2025-10-15T17:11:41.041+0000] {logging_mixin.py:188} INFO - [2025-10-15T17:11:41.041+0000] {dag.py:3947} INFO - Setting next_dagrun for example_bash_operator to 2025-10-14 00:00:00+00:00, run_after=2025-10-15 00:00:00+00:00
[2025-10-15T17:11:41.051+0000] {processor.py:183} INFO - Processing /home/airflow/.local/lib/python3.12/site-packages/airflow/example_dags/example_bash_operator.py took 0.051 seconds
[2025-10-15T17:12:11.548+0000] {processor.py:161} INFO - Started process (PID=541) to work on /home/airflow/.local/lib/python3.12/site-packages/airflow/example_dags/example_bash_operator.py
[2025-10-15T17:12:11.549+0000] {processor.py:830} INFO - Processing file /home/airflow/.local/lib/python3.12/site-packages/airflow/example_dags/example_bash_operator.py for tasks to queue
[2025-10-15T17:12:11.550+0000] {logging_mixin.py:188} INFO - [2025-10-15T17:12:11.550+0000] {dagbag.py:545} INFO - Filling up the DagBag from /home/airflow/.local/lib/python3.12/site-packages/airflow/example_dags/example_bash_operator.py
[2025-10-15T17:12:11.557+0000] {processor.py:840} INFO - DAG(s) 'example_bash_operator' retrieved from /home/airflow/.local/lib/python3.12/site-packages/airflow/example_dags/example_bash_operator.py
[2025-10-15T17:12:11.573+0000] {logging_mixin.py:188} INFO - [2025-10-15T17:12:11.573+0000] {dag.py:3089} INFO - Sync 1 DAGs
[2025-10-15T17:12:11.586+0000] {logging_mixin.py:188} INFO - [2025-10-15T17:12:11.586+0000] {dag.py:3947} INFO - Setting next_dagrun for example_bash_operator to 2025-10-14 00:00:00+00:00, run_after=2025-10-15 00:00:00+00:00
[2025-10-15T17:12:11.596+0000] {processor.py:183} INFO - Processing /home/airflow/.local/lib/python3.12/site-packages/airflow/example_dags/example_bash_operator.py took 0.052 seconds
[2025-10-15T17:12:42.091+0000] {processor.py:161} INFO - Started process (PID=599) to work on /home/airflow/.local/lib/python3.12/site-packages/airflow/example_dags/example_bash_operator.py
[2025-10-15T17:12:42.091+0000] {processor.py:830} INFO - Processing file /home/airflow/.local/lib/python3.12/site-packages/airflow/example_dags/example_bash_operator.py for tasks to queue
[2025-10-15T17:12:42.093+0000] {logging_mixin.py:188} INFO - [2025-10-15T17:12:42.092+0000] {dagbag.py:545} INFO - Filling up the DagBag from /home/airflow/.local/lib/python3.12/site-packages/airflow/example_dags/example_bash_operator.py
[2025-10-15T17:12:42.099+0000] {processor.py:840} INFO - DAG(s) 'example_bash_operator' retrieved from /home/airflow/.local/lib/python3.12/site-packages/airflow/example_dags/example_bash_operator.py
[2025-10-15T17:12:42.117+0000] {logging_mixin.py:188} INFO - [2025-10-15T17:12:42.117+0000] {dag.py:3089} INFO - Sync 1 DAGs
[2025-10-15T17:12:42.132+0000] {logging_mixin.py:188} INFO - [2025-10-15T17:12:42.132+0000] {dag.py:3947} INFO - Setting next_dagrun for example_bash_operator to 2025-10-14 00:00:00+00:00, run_after=2025-10-15 00:00:00+00:00
[2025-10-15T17:12:42.142+0000] {processor.py:183} INFO - Processing /home/airflow/.local/lib/python3.12/site-packages/airflow/example_dags/example_bash_operator.py took 0.055 seconds
[2025-10-15T17:13:12.384+0000] {processor.py:161} INFO - Started process (PID=657) to work on /home/airflow/.local/lib/python3.12/site-packages/airflow/example_dags/example_bash_operator.py
[2025-10-15T17:13:12.384+0000] {processor.py:830} INFO - Processing file /home/airflow/.local/lib/python3.12/site-packages/airflow/example_dags/example_bash_operator.py for tasks to queue
[2025-10-15T17:13:12.385+0000] {logging_mixin.py:188} INFO - [2025-10-15T17:13:12.385+0000] {dagbag.py:545} INFO - Filling up the DagBag from /home/airflow/.local/lib/python3.12/site-packages/airflow/example_dags/example_bash_operator.py
[2025-10-15T17:13:12.393+0000] {processor.py:840} INFO - DAG(s) 'example_bash_operator' retrieved from /home/airflow/.local/lib/python3.12/site-packages/airflow/example_dags/example_bash_operator.py
[2025-10-15T17:13:12.408+0000] {logging_mixin.py:188} INFO - [2025-10-15T17:13:12.408+0000] {dag.py:3089} INFO - Sync 1 DAGs
[2025-10-15T17:13:12.420+0000] {logging_mixin.py:188} INFO - [2025-10-15T17:13:12.420+0000] {dag.py:3947} INFO - Setting next_dagrun for example_bash_operator to 2025-10-14 00:00:00+00:00, run_after=2025-10-15 00:00:00+00:00
[2025-10-15T17:13:12.430+0000] {processor.py:183} INFO - Processing /home/airflow/.local/lib/python3.12/site-packages/airflow/example_dags/example_bash_operator.py took 0.050 seconds
[2025-10-15T17:13:42.448+0000] {processor.py:161} INFO - Started process (PID=715) to work on /home/airflow/.local/lib/python3.12/site-packages/airflow/example_dags/example_bash_operator.py
[2025-10-15T17:13:42.449+0000] {processor.py:830} INFO - Processing file /home/airflow/.local/lib/python3.12/site-packages/airflow/example_dags/example_bash_operator.py for tasks to queue
[2025-10-15T17:13:42.450+0000] {logging_mixin.py:188} INFO - [2025-10-15T17:13:42.450+0000] {dagbag.py:545} INFO - Filling up the DagBag from /home/airflow/.local/lib/python3.12/site-packages/airflow/example_dags/example_bash_operator.py
[2025-10-15T17:13:42.457+0000] {processor.py:840} INFO - DAG(s) 'example_bash_operator' retrieved from /home/airflow/.local/lib/python3.12/site-packages/airflow/example_dags/example_bash_operator.py
[2025-10-15T17:13:42.474+0000] {logging_mixin.py:188} INFO - [2025-10-15T17:13:42.474+0000] {dag.py:3089} INFO - Sync 1 DAGs
[2025-10-15T17:13:42.490+0000] {logging_mixin.py:188} INFO - [2025-10-15T17:13:42.490+0000] {dag.py:3947} INFO - Setting next_dagrun for example_bash_operator to 2025-10-14 00:00:00+00:00, run_after=2025-10-15 00:00:00+00:00
[2025-10-15T17:13:42.500+0000] {processor.py:183} INFO - Processing /home/airflow/.local/lib/python3.12/site-packages/airflow/example_dags/example_bash_operator.py took 0.056 seconds
[2025-10-15T17:14:12.929+0000] {processor.py:161} INFO - Started process (PID=773) to work on /home/airflow/.local/lib/python3.12/site-packages/airflow/example_dags/example_bash_operator.py
[2025-10-15T17:14:12.930+0000] {processor.py:830} INFO - Processing file /home/airflow/.local/lib/python3.12/site-packages/airflow/example_dags/example_bash_operator.py for tasks to queue
[2025-10-15T17:14:12.931+0000] {logging_mixin.py:188} INFO - [2025-10-15T17:14:12.931+0000] {dagbag.py:545} INFO - Filling up the DagBag from /home/airflow/.local/lib/python3.12/site-packages/airflow/example_dags/example_bash_operator.py
[2025-10-15T17:14:12.938+0000] {processor.py:840} INFO - DAG(s) 'example_bash_operator' retrieved from /home/airflow/.local/lib/python3.12/site-packages/airflow/example_dags/example_bash_operator.py
[2025-10-15T17:14:12.953+0000] {logging_mixin.py:188} INFO - [2025-10-15T17:14:12.952+0000] {dag.py:3089} INFO - Sync 1 DAGs
[2025-10-15T17:14:12.964+0000] {logging_mixin.py:188} INFO - [2025-10-15T17:14:12.964+0000] {dag.py:3947} INFO - Setting next_dagrun for example_bash_operator to 2025-10-14 00:00:00+00:00, run_after=2025-10-15 00:00:00+00:00
[2025-10-15T17:14:12.975+0000] {processor.py:183} INFO - Processing /home/airflow/.local/lib/python3.12/site-packages/airflow/example_dags/example_bash_operator.py took 0.049 seconds
[2025-10-15T17:14:43.036+0000] {processor.py:161} INFO - Started process (PID=831) to work on /home/airflow/.local/lib/python3.12/site-packages/airflow/example_dags/example_bash_operator.py
[2025-10-15T17:14:43.037+0000] {processor.py:830} INFO - Processing file /home/airflow/.local/lib/python3.12/site-packages/airflow/example_dags/example_bash_operator.py for tasks to queue
[2025-10-15T17:14:43.038+0000] {logging_mixin.py:188} INFO - [2025-10-15T17:14:43.037+0000] {dagbag.py:545} INFO - Filling up the DagBag from /home/airflow/.local/lib/python3.12/site-packages/airflow/example_dags/example_bash_operator.py
[2025-10-15T17:14:43.044+0000] {processor.py:840} INFO - DAG(s) 'example_bash_operator' retrieved from /home/airflow/.local/lib/python3.12/site-packages/airflow/example_dags/example_bash_operator.py
[2025-10-15T17:14:43.059+0000] {logging_mixin.py:188} INFO - [2025-10-15T17:14:43.059+0000] {dag.py:3089} INFO - Sync 1 DAGs
[2025-10-15T17:14:43.071+0000] {logging_mixin.py:188} INFO - [2025-10-15T17:14:43.071+0000] {dag.py:3947} INFO - Setting next_dagrun for example_bash_operator to 2025-10-14 00:00:00+00:00, run_after=2025-10-15 00:00:00+00:00
[2025-10-15T17:14:43.080+0000] {processor.py:183} INFO - Processing /home/airflow/.local/lib/python3.12/site-packages/airflow/example_dags/example_bash_operator.py took 0.048 seconds
[2025-10-15T17:15:13.280+0000] {processor.py:161} INFO - Started process (PID=889) to work on /home/airflow/.local/lib/python3.12/site-packages/airflow/example_dags/example_bash_operator.py
[2025-10-15T17:15:13.284+0000] {processor.py:830} INFO - Processing file /home/airflow/.local/lib/python3.12/site-packages/airflow/example_dags/example_bash_operator.py for tasks to queue
[2025-10-15T17:15:13.285+0000] {logging_mixin.py:188} INFO - [2025-10-15T17:15:13.285+0000] {dagbag.py:545} INFO - Filling up the DagBag from /home/airflow/.local/lib/python3.12/site-packages/airflow/example_dags/example_bash_operator.py
[2025-10-15T17:15:13.291+0000] {processor.py:840} INFO - DAG(s) 'example_bash_operator' retrieved from /home/airflow/.local/lib/python3.12/site-packages/airflow/example_dags/example_bash_operator.py
[2025-10-15T17:15:13.307+0000] {logging_mixin.py:188} INFO - [2025-10-15T17:15:13.307+0000] {dag.py:3089} INFO - Sync 1 DAGs
[2025-10-15T17:15:13.320+0000] {logging_mixin.py:188} INFO - [2025-10-15T17:15:13.320+0000] {dag.py:3947} INFO - Setting next_dagrun for example_bash_operator to 2025-10-14 00:00:00+00:00, run_after=2025-10-15 00:00:00+00:00
[2025-10-15T17:15:13.329+0000] {processor.py:183} INFO - Processing /home/airflow/.local/lib/python3.12/site-packages/airflow/example_dags/example_bash_operator.py took 0.053 seconds
[2025-10-15T17:19:45.798+0000] {processor.py:161} INFO - Started process (PID=72) to work on /home/airflow/.local/lib/python3.12/site-packages/airflow/example_dags/example_bash_operator.py
[2025-10-15T17:19:45.801+0000] {processor.py:830} INFO - Processing file /home/airflow/.local/lib/python3.12/site-packages/airflow/example_dags/example_bash_operator.py for tasks to queue
[2025-10-15T17:19:45.807+0000] {logging_mixin.py:188} INFO - [2025-10-15T17:19:45.806+0000] {dagbag.py:545} INFO - Filling up the DagBag from /home/airflow/.local/lib/python3.12/site-packages/airflow/example_dags/example_bash_operator.py
[2025-10-15T17:19:45.826+0000] {processor.py:840} INFO - DAG(s) 'example_bash_operator' retrieved from /home/airflow/.local/lib/python3.12/site-packages/airflow/example_dags/example_bash_operator.py
[2025-10-15T17:19:46.149+0000] {logging_mixin.py:188} INFO - [2025-10-15T17:19:46.149+0000] {dag.py:3089} INFO - Sync 1 DAGs
[2025-10-15T17:19:46.176+0000] {logging_mixin.py:188} INFO - [2025-10-15T17:19:46.176+0000] {dag.py:3947} INFO - Setting next_dagrun for example_bash_operator to 2025-10-14 00:00:00+00:00, run_after=2025-10-15 00:00:00+00:00
[2025-10-15T17:19:46.231+0000] {processor.py:183} INFO - Processing /home/airflow/.local/lib/python3.12/site-packages/airflow/example_dags/example_bash_operator.py took 0.440 seconds
[2025-10-15T17:20:17.204+0000] {processor.py:161} INFO - Started process (PID=130) to work on /home/airflow/.local/lib/python3.12/site-packages/airflow/example_dags/example_bash_operator.py
[2025-10-15T17:20:17.205+0000] {processor.py:830} INFO - Processing file /home/airflow/.local/lib/python3.12/site-packages/airflow/example_dags/example_bash_operator.py for tasks to queue
[2025-10-15T17:20:17.208+0000] {logging_mixin.py:188} INFO - [2025-10-15T17:20:17.207+0000] {dagbag.py:545} INFO - Filling up the DagBag from /home/airflow/.local/lib/python3.12/site-packages/airflow/example_dags/example_bash_operator.py
[2025-10-15T17:20:17.225+0000] {processor.py:840} INFO - DAG(s) 'example_bash_operator' retrieved from /home/airflow/.local/lib/python3.12/site-packages/airflow/example_dags/example_bash_operator.py
[2025-10-15T17:20:17.257+0000] {logging_mixin.py:188} INFO - [2025-10-15T17:20:17.256+0000] {dag.py:3089} INFO - Sync 1 DAGs
[2025-10-15T17:20:17.277+0000] {logging_mixin.py:188} INFO - [2025-10-15T17:20:17.277+0000] {dag.py:3947} INFO - Setting next_dagrun for example_bash_operator to 2025-10-14 00:00:00+00:00, run_after=2025-10-15 00:00:00+00:00
[2025-10-15T17:20:17.293+0000] {processor.py:183} INFO - Processing /home/airflow/.local/lib/python3.12/site-packages/airflow/example_dags/example_bash_operator.py took 0.096 seconds
[2025-10-15T17:20:47.861+0000] {processor.py:161} INFO - Started process (PID=188) to work on /home/airflow/.local/lib/python3.12/site-packages/airflow/example_dags/example_bash_operator.py
[2025-10-15T17:20:47.866+0000] {processor.py:830} INFO - Processing file /home/airflow/.local/lib/python3.12/site-packages/airflow/example_dags/example_bash_operator.py for tasks to queue
[2025-10-15T17:20:47.869+0000] {logging_mixin.py:188} INFO - [2025-10-15T17:20:47.869+0000] {dagbag.py:545} INFO - Filling up the DagBag from /home/airflow/.local/lib/python3.12/site-packages/airflow/example_dags/example_bash_operator.py
[2025-10-15T17:20:47.885+0000] {processor.py:840} INFO - DAG(s) 'example_bash_operator' retrieved from /home/airflow/.local/lib/python3.12/site-packages/airflow/example_dags/example_bash_operator.py
[2025-10-15T17:20:47.910+0000] {logging_mixin.py:188} INFO - [2025-10-15T17:20:47.910+0000] {dag.py:3089} INFO - Sync 1 DAGs
[2025-10-15T17:20:47.930+0000] {logging_mixin.py:188} INFO - [2025-10-15T17:20:47.930+0000] {dag.py:3947} INFO - Setting next_dagrun for example_bash_operator to 2025-10-14 00:00:00+00:00, run_after=2025-10-15 00:00:00+00:00
[2025-10-15T17:20:47.951+0000] {processor.py:183} INFO - Processing /home/airflow/.local/lib/python3.12/site-packages/airflow/example_dags/example_bash_operator.py took 0.097 seconds
[2025-10-15T17:21:18.832+0000] {processor.py:161} INFO - Started process (PID=246) to work on /home/airflow/.local/lib/python3.12/site-packages/airflow/example_dags/example_bash_operator.py
[2025-10-15T17:21:18.833+0000] {processor.py:830} INFO - Processing file /home/airflow/.local/lib/python3.12/site-packages/airflow/example_dags/example_bash_operator.py for tasks to queue
[2025-10-15T17:21:18.835+0000] {logging_mixin.py:188} INFO - [2025-10-15T17:21:18.834+0000] {dagbag.py:545} INFO - Filling up the DagBag from /home/airflow/.local/lib/python3.12/site-packages/airflow/example_dags/example_bash_operator.py
[2025-10-15T17:21:18.843+0000] {processor.py:840} INFO - DAG(s) 'example_bash_operator' retrieved from /home/airflow/.local/lib/python3.12/site-packages/airflow/example_dags/example_bash_operator.py
[2025-10-15T17:21:18.871+0000] {logging_mixin.py:188} INFO - [2025-10-15T17:21:18.871+0000] {dag.py:3089} INFO - Sync 1 DAGs
[2025-10-15T17:21:18.890+0000] {logging_mixin.py:188} INFO - [2025-10-15T17:21:18.890+0000] {dag.py:3947} INFO - Setting next_dagrun for example_bash_operator to 2025-10-14 00:00:00+00:00, run_after=2025-10-15 00:00:00+00:00
[2025-10-15T17:21:18.907+0000] {processor.py:183} INFO - Processing /home/airflow/.local/lib/python3.12/site-packages/airflow/example_dags/example_bash_operator.py took 0.080 seconds
[2025-10-15T17:21:49.829+0000] {processor.py:161} INFO - Started process (PID=304) to work on /home/airflow/.local/lib/python3.12/site-packages/airflow/example_dags/example_bash_operator.py
[2025-10-15T17:21:49.831+0000] {processor.py:830} INFO - Processing file /home/airflow/.local/lib/python3.12/site-packages/airflow/example_dags/example_bash_operator.py for tasks to queue
[2025-10-15T17:21:49.832+0000] {logging_mixin.py:188} INFO - [2025-10-15T17:21:49.832+0000] {dagbag.py:545} INFO - Filling up the DagBag from /home/airflow/.local/lib/python3.12/site-packages/airflow/example_dags/example_bash_operator.py
[2025-10-15T17:21:49.839+0000] {processor.py:840} INFO - DAG(s) 'example_bash_operator' retrieved from /home/airflow/.local/lib/python3.12/site-packages/airflow/example_dags/example_bash_operator.py
[2025-10-15T17:21:49.864+0000] {logging_mixin.py:188} INFO - [2025-10-15T17:21:49.864+0000] {dag.py:3089} INFO - Sync 1 DAGs
[2025-10-15T17:21:49.880+0000] {logging_mixin.py:188} INFO - [2025-10-15T17:21:49.880+0000] {dag.py:3947} INFO - Setting next_dagrun for example_bash_operator to 2025-10-14 00:00:00+00:00, run_after=2025-10-15 00:00:00+00:00
[2025-10-15T17:21:49.897+0000] {processor.py:183} INFO - Processing /home/airflow/.local/lib/python3.12/site-packages/airflow/example_dags/example_bash_operator.py took 0.076 seconds
[2025-10-15T17:22:19.940+0000] {processor.py:161} INFO - Started process (PID=362) to work on /home/airflow/.local/lib/python3.12/site-packages/airflow/example_dags/example_bash_operator.py
[2025-10-15T17:22:19.941+0000] {processor.py:830} INFO - Processing file /home/airflow/.local/lib/python3.12/site-packages/airflow/example_dags/example_bash_operator.py for tasks to queue
[2025-10-15T17:22:19.943+0000] {logging_mixin.py:188} INFO - [2025-10-15T17:22:19.943+0000] {dagbag.py:545} INFO - Filling up the DagBag from /home/airflow/.local/lib/python3.12/site-packages/airflow/example_dags/example_bash_operator.py
[2025-10-15T17:22:19.951+0000] {processor.py:840} INFO - DAG(s) 'example_bash_operator' retrieved from /home/airflow/.local/lib/python3.12/site-packages/airflow/example_dags/example_bash_operator.py
[2025-10-15T17:22:19.979+0000] {logging_mixin.py:188} INFO - [2025-10-15T17:22:19.978+0000] {dag.py:3089} INFO - Sync 1 DAGs
[2025-10-15T17:22:19.997+0000] {logging_mixin.py:188} INFO - [2025-10-15T17:22:19.996+0000] {dag.py:3947} INFO - Setting next_dagrun for example_bash_operator to 2025-10-14 00:00:00+00:00, run_after=2025-10-15 00:00:00+00:00
[2025-10-15T17:22:20.009+0000] {processor.py:183} INFO - Processing /home/airflow/.local/lib/python3.12/site-packages/airflow/example_dags/example_bash_operator.py took 0.074 seconds
[2025-10-15T17:22:50.050+0000] {processor.py:161} INFO - Started process (PID=420) to work on /home/airflow/.local/lib/python3.12/site-packages/airflow/example_dags/example_bash_operator.py
[2025-10-15T17:22:50.051+0000] {processor.py:830} INFO - Processing file /home/airflow/.local/lib/python3.12/site-packages/airflow/example_dags/example_bash_operator.py for tasks to queue
[2025-10-15T17:22:50.052+0000] {logging_mixin.py:188} INFO - [2025-10-15T17:22:50.052+0000] {dagbag.py:545} INFO - Filling up the DagBag from /home/airflow/.local/lib/python3.12/site-packages/airflow/example_dags/example_bash_operator.py
[2025-10-15T17:22:50.067+0000] {processor.py:840} INFO - DAG(s) 'example_bash_operator' retrieved from /home/airflow/.local/lib/python3.12/site-packages/airflow/example_dags/example_bash_operator.py
[2025-10-15T17:22:50.092+0000] {logging_mixin.py:188} INFO - [2025-10-15T17:22:50.092+0000] {dag.py:3089} INFO - Sync 1 DAGs
[2025-10-15T17:22:50.110+0000] {logging_mixin.py:188} INFO - [2025-10-15T17:22:50.110+0000] {dag.py:3947} INFO - Setting next_dagrun for example_bash_operator to 2025-10-14 00:00:00+00:00, run_after=2025-10-15 00:00:00+00:00
[2025-10-15T17:22:50.126+0000] {processor.py:183} INFO - Processing /home/airflow/.local/lib/python3.12/site-packages/airflow/example_dags/example_bash_operator.py took 0.081 seconds
[2025-10-15T17:23:20.224+0000] {processor.py:161} INFO - Started process (PID=478) to work on /home/airflow/.local/lib/python3.12/site-packages/airflow/example_dags/example_bash_operator.py
[2025-10-15T17:23:20.225+0000] {processor.py:830} INFO - Processing file /home/airflow/.local/lib/python3.12/site-packages/airflow/example_dags/example_bash_operator.py for tasks to queue
[2025-10-15T17:23:20.226+0000] {logging_mixin.py:188} INFO - [2025-10-15T17:23:20.226+0000] {dagbag.py:545} INFO - Filling up the DagBag from /home/airflow/.local/lib/python3.12/site-packages/airflow/example_dags/example_bash_operator.py
[2025-10-15T17:23:20.234+0000] {processor.py:840} INFO - DAG(s) 'example_bash_operator' retrieved from /home/airflow/.local/lib/python3.12/site-packages/airflow/example_dags/example_bash_operator.py
[2025-10-15T17:23:20.255+0000] {logging_mixin.py:188} INFO - [2025-10-15T17:23:20.255+0000] {dag.py:3089} INFO - Sync 1 DAGs
[2025-10-15T17:23:20.269+0000] {logging_mixin.py:188} INFO - [2025-10-15T17:23:20.269+0000] {dag.py:3947} INFO - Setting next_dagrun for example_bash_operator to 2025-10-14 00:00:00+00:00, run_after=2025-10-15 00:00:00+00:00
[2025-10-15T17:23:20.283+0000] {processor.py:183} INFO - Processing /home/airflow/.local/lib/python3.12/site-packages/airflow/example_dags/example_bash_operator.py took 0.064 seconds
[2025-10-15T17:23:50.558+0000] {processor.py:161} INFO - Started process (PID=536) to work on /home/airflow/.local/lib/python3.12/site-packages/airflow/example_dags/example_bash_operator.py
[2025-10-15T17:23:50.559+0000] {processor.py:830} INFO - Processing file /home/airflow/.local/lib/python3.12/site-packages/airflow/example_dags/example_bash_operator.py for tasks to queue
[2025-10-15T17:23:50.561+0000] {logging_mixin.py:188} INFO - [2025-10-15T17:23:50.561+0000] {dagbag.py:545} INFO - Filling up the DagBag from /home/airflow/.local/lib/python3.12/site-packages/airflow/example_dags/example_bash_operator.py
[2025-10-15T17:23:50.571+0000] {processor.py:840} INFO - DAG(s) 'example_bash_operator' retrieved from /home/airflow/.local/lib/python3.12/site-packages/airflow/example_dags/example_bash_operator.py
[2025-10-15T17:23:50.592+0000] {logging_mixin.py:188} INFO - [2025-10-15T17:23:50.592+0000] {dag.py:3089} INFO - Sync 1 DAGs
[2025-10-15T17:23:50.607+0000] {logging_mixin.py:188} INFO - [2025-10-15T17:23:50.607+0000] {dag.py:3947} INFO - Setting next_dagrun for example_bash_operator to 2025-10-14 00:00:00+00:00, run_after=2025-10-15 00:00:00+00:00
[2025-10-15T17:23:50.621+0000] {processor.py:183} INFO - Processing /home/airflow/.local/lib/python3.12/site-packages/airflow/example_dags/example_bash_operator.py took 0.067 seconds
[2025-10-15T17:24:21.304+0000] {processor.py:161} INFO - Started process (PID=594) to work on /home/airflow/.local/lib/python3.12/site-packages/airflow/example_dags/example_bash_operator.py
[2025-10-15T17:24:21.305+0000] {processor.py:830} INFO - Processing file /home/airflow/.local/lib/python3.12/site-packages/airflow/example_dags/example_bash_operator.py for tasks to queue
[2025-10-15T17:24:21.307+0000] {logging_mixin.py:188} INFO - [2025-10-15T17:24:21.306+0000] {dagbag.py:545} INFO - Filling up the DagBag from /home/airflow/.local/lib/python3.12/site-packages/airflow/example_dags/example_bash_operator.py
[2025-10-15T17:24:21.316+0000] {processor.py:840} INFO - DAG(s) 'example_bash_operator' retrieved from /home/airflow/.local/lib/python3.12/site-packages/airflow/example_dags/example_bash_operator.py
[2025-10-15T17:24:21.340+0000] {logging_mixin.py:188} INFO - [2025-10-15T17:24:21.340+0000] {dag.py:3089} INFO - Sync 1 DAGs
[2025-10-15T17:24:21.356+0000] {logging_mixin.py:188} INFO - [2025-10-15T17:24:21.356+0000] {dag.py:3947} INFO - Setting next_dagrun for example_bash_operator to 2025-10-14 00:00:00+00:00, run_after=2025-10-15 00:00:00+00:00
[2025-10-15T17:24:21.372+0000] {processor.py:183} INFO - Processing /home/airflow/.local/lib/python3.12/site-packages/airflow/example_dags/example_bash_operator.py took 0.073 seconds
