[2025-10-15T17:08:14.039+0000] {processor.py:161} INFO - Started process (PID=105) to work on /home/airflow/.local/lib/python3.12/site-packages/airflow/example_dags/example_short_circuit_decorator.py
[2025-10-15T17:08:14.042+0000] {processor.py:830} INFO - Processing file /home/airflow/.local/lib/python3.12/site-packages/airflow/example_dags/example_short_circuit_decorator.py for tasks to queue
[2025-10-15T17:08:14.045+0000] {logging_mixin.py:188} INFO - [2025-10-15T17:08:14.045+0000] {dagbag.py:545} INFO - Filling up the DagBag from /home/airflow/.local/lib/python3.12/site-packages/airflow/example_dags/example_short_circuit_decorator.py
[2025-10-15T17:08:14.063+0000] {processor.py:840} INFO - DAG(s) 'example_short_circuit_decorator' retrieved from /home/airflow/.local/lib/python3.12/site-packages/airflow/example_dags/example_short_circuit_decorator.py
[2025-10-15T17:08:14.231+0000] {logging_mixin.py:188} INFO - [2025-10-15T17:08:14.228+0000] {override.py:1858} INFO - Created Permission View: can edit on DAG:example_short_circuit_decorator
[2025-10-15T17:08:14.248+0000] {logging_mixin.py:188} INFO - [2025-10-15T17:08:14.248+0000] {override.py:1858} INFO - Created Permission View: can delete on DAG:example_short_circuit_decorator
[2025-10-15T17:08:14.257+0000] {logging_mixin.py:188} INFO - [2025-10-15T17:08:14.257+0000] {override.py:1858} INFO - Created Permission View: can read on DAG:example_short_circuit_decorator
[2025-10-15T17:08:14.258+0000] {logging_mixin.py:188} INFO - [2025-10-15T17:08:14.258+0000] {dag.py:3089} INFO - Sync 1 DAGs
[2025-10-15T17:08:14.277+0000] {logging_mixin.py:188} INFO - [2025-10-15T17:08:14.276+0000] {dag.py:3111} INFO - Creating ORM DAG for example_short_circuit_decorator
[2025-10-15T17:08:14.289+0000] {logging_mixin.py:188} INFO - [2025-10-15T17:08:14.289+0000] {dag.py:3947} INFO - Setting next_dagrun for example_short_circuit_decorator to 2025-10-14 00:00:00+00:00, run_after=2025-10-15 00:00:00+00:00
[2025-10-15T17:08:14.314+0000] {processor.py:183} INFO - Processing /home/airflow/.local/lib/python3.12/site-packages/airflow/example_dags/example_short_circuit_decorator.py took 0.282 seconds
[2025-10-15T17:08:45.162+0000] {processor.py:161} INFO - Started process (PID=163) to work on /home/airflow/.local/lib/python3.12/site-packages/airflow/example_dags/example_short_circuit_decorator.py
[2025-10-15T17:08:45.163+0000] {processor.py:830} INFO - Processing file /home/airflow/.local/lib/python3.12/site-packages/airflow/example_dags/example_short_circuit_decorator.py for tasks to queue
[2025-10-15T17:08:45.164+0000] {logging_mixin.py:188} INFO - [2025-10-15T17:08:45.164+0000] {dagbag.py:545} INFO - Filling up the DagBag from /home/airflow/.local/lib/python3.12/site-packages/airflow/example_dags/example_short_circuit_decorator.py
[2025-10-15T17:08:45.171+0000] {processor.py:840} INFO - DAG(s) 'example_short_circuit_decorator' retrieved from /home/airflow/.local/lib/python3.12/site-packages/airflow/example_dags/example_short_circuit_decorator.py
[2025-10-15T17:08:45.197+0000] {logging_mixin.py:188} INFO - [2025-10-15T17:08:45.197+0000] {dag.py:3089} INFO - Sync 1 DAGs
[2025-10-15T17:08:45.224+0000] {logging_mixin.py:188} INFO - [2025-10-15T17:08:45.224+0000] {dag.py:3947} INFO - Setting next_dagrun for example_short_circuit_decorator to 2025-10-14 00:00:00+00:00, run_after=2025-10-15 00:00:00+00:00
[2025-10-15T17:08:45.248+0000] {processor.py:183} INFO - Processing /home/airflow/.local/lib/python3.12/site-packages/airflow/example_dags/example_short_circuit_decorator.py took 0.094 seconds
[2025-10-15T17:09:16.728+0000] {processor.py:161} INFO - Started process (PID=221) to work on /home/airflow/.local/lib/python3.12/site-packages/airflow/example_dags/example_short_circuit_decorator.py
[2025-10-15T17:09:16.744+0000] {processor.py:830} INFO - Processing file /home/airflow/.local/lib/python3.12/site-packages/airflow/example_dags/example_short_circuit_decorator.py for tasks to queue
[2025-10-15T17:09:16.753+0000] {logging_mixin.py:188} INFO - [2025-10-15T17:09:16.752+0000] {dagbag.py:545} INFO - Filling up the DagBag from /home/airflow/.local/lib/python3.12/site-packages/airflow/example_dags/example_short_circuit_decorator.py
[2025-10-15T17:09:16.852+0000] {processor.py:840} INFO - DAG(s) 'example_short_circuit_decorator' retrieved from /home/airflow/.local/lib/python3.12/site-packages/airflow/example_dags/example_short_circuit_decorator.py
[2025-10-15T17:09:17.003+0000] {logging_mixin.py:188} INFO - [2025-10-15T17:09:17.003+0000] {dag.py:3089} INFO - Sync 1 DAGs
[2025-10-15T17:09:17.046+0000] {logging_mixin.py:188} INFO - [2025-10-15T17:09:17.046+0000] {dag.py:3947} INFO - Setting next_dagrun for example_short_circuit_decorator to 2025-10-14 00:00:00+00:00, run_after=2025-10-15 00:00:00+00:00
[2025-10-15T17:09:17.075+0000] {processor.py:183} INFO - Processing /home/airflow/.local/lib/python3.12/site-packages/airflow/example_dags/example_short_circuit_decorator.py took 0.375 seconds
[2025-10-15T17:09:47.213+0000] {processor.py:161} INFO - Started process (PID=279) to work on /home/airflow/.local/lib/python3.12/site-packages/airflow/example_dags/example_short_circuit_decorator.py
[2025-10-15T17:09:47.217+0000] {processor.py:830} INFO - Processing file /home/airflow/.local/lib/python3.12/site-packages/airflow/example_dags/example_short_circuit_decorator.py for tasks to queue
[2025-10-15T17:09:47.218+0000] {logging_mixin.py:188} INFO - [2025-10-15T17:09:47.218+0000] {dagbag.py:545} INFO - Filling up the DagBag from /home/airflow/.local/lib/python3.12/site-packages/airflow/example_dags/example_short_circuit_decorator.py
[2025-10-15T17:09:47.228+0000] {processor.py:840} INFO - DAG(s) 'example_short_circuit_decorator' retrieved from /home/airflow/.local/lib/python3.12/site-packages/airflow/example_dags/example_short_circuit_decorator.py
[2025-10-15T17:09:47.246+0000] {logging_mixin.py:188} INFO - [2025-10-15T17:09:47.246+0000] {dag.py:3089} INFO - Sync 1 DAGs
[2025-10-15T17:09:47.263+0000] {logging_mixin.py:188} INFO - [2025-10-15T17:09:47.263+0000] {dag.py:3947} INFO - Setting next_dagrun for example_short_circuit_decorator to 2025-10-14 00:00:00+00:00, run_after=2025-10-15 00:00:00+00:00
[2025-10-15T17:09:47.277+0000] {processor.py:183} INFO - Processing /home/airflow/.local/lib/python3.12/site-packages/airflow/example_dags/example_short_circuit_decorator.py took 0.070 seconds
[2025-10-15T17:10:17.472+0000] {processor.py:161} INFO - Started process (PID=337) to work on /home/airflow/.local/lib/python3.12/site-packages/airflow/example_dags/example_short_circuit_decorator.py
[2025-10-15T17:10:17.473+0000] {processor.py:830} INFO - Processing file /home/airflow/.local/lib/python3.12/site-packages/airflow/example_dags/example_short_circuit_decorator.py for tasks to queue
[2025-10-15T17:10:17.475+0000] {logging_mixin.py:188} INFO - [2025-10-15T17:10:17.474+0000] {dagbag.py:545} INFO - Filling up the DagBag from /home/airflow/.local/lib/python3.12/site-packages/airflow/example_dags/example_short_circuit_decorator.py
[2025-10-15T17:10:17.483+0000] {processor.py:840} INFO - DAG(s) 'example_short_circuit_decorator' retrieved from /home/airflow/.local/lib/python3.12/site-packages/airflow/example_dags/example_short_circuit_decorator.py
[2025-10-15T17:10:17.504+0000] {logging_mixin.py:188} INFO - [2025-10-15T17:10:17.504+0000] {dag.py:3089} INFO - Sync 1 DAGs
[2025-10-15T17:10:17.516+0000] {logging_mixin.py:188} INFO - [2025-10-15T17:10:17.516+0000] {dag.py:3947} INFO - Setting next_dagrun for example_short_circuit_decorator to 2025-10-14 00:00:00+00:00, run_after=2025-10-15 00:00:00+00:00
[2025-10-15T17:10:17.531+0000] {processor.py:183} INFO - Processing /home/airflow/.local/lib/python3.12/site-packages/airflow/example_dags/example_short_circuit_decorator.py took 0.063 seconds
[2025-10-15T17:10:47.701+0000] {processor.py:161} INFO - Started process (PID=395) to work on /home/airflow/.local/lib/python3.12/site-packages/airflow/example_dags/example_short_circuit_decorator.py
[2025-10-15T17:10:47.705+0000] {processor.py:830} INFO - Processing file /home/airflow/.local/lib/python3.12/site-packages/airflow/example_dags/example_short_circuit_decorator.py for tasks to queue
[2025-10-15T17:10:47.709+0000] {logging_mixin.py:188} INFO - [2025-10-15T17:10:47.708+0000] {dagbag.py:545} INFO - Filling up the DagBag from /home/airflow/.local/lib/python3.12/site-packages/airflow/example_dags/example_short_circuit_decorator.py
[2025-10-15T17:10:47.718+0000] {processor.py:840} INFO - DAG(s) 'example_short_circuit_decorator' retrieved from /home/airflow/.local/lib/python3.12/site-packages/airflow/example_dags/example_short_circuit_decorator.py
[2025-10-15T17:10:47.733+0000] {logging_mixin.py:188} INFO - [2025-10-15T17:10:47.732+0000] {dag.py:3089} INFO - Sync 1 DAGs
[2025-10-15T17:10:47.750+0000] {logging_mixin.py:188} INFO - [2025-10-15T17:10:47.750+0000] {dag.py:3947} INFO - Setting next_dagrun for example_short_circuit_decorator to 2025-10-14 00:00:00+00:00, run_after=2025-10-15 00:00:00+00:00
[2025-10-15T17:10:47.768+0000] {processor.py:183} INFO - Processing /home/airflow/.local/lib/python3.12/site-packages/airflow/example_dags/example_short_circuit_decorator.py took 0.073 seconds
[2025-10-15T17:11:18.364+0000] {processor.py:161} INFO - Started process (PID=453) to work on /home/airflow/.local/lib/python3.12/site-packages/airflow/example_dags/example_short_circuit_decorator.py
[2025-10-15T17:11:18.365+0000] {processor.py:830} INFO - Processing file /home/airflow/.local/lib/python3.12/site-packages/airflow/example_dags/example_short_circuit_decorator.py for tasks to queue
[2025-10-15T17:11:18.366+0000] {logging_mixin.py:188} INFO - [2025-10-15T17:11:18.366+0000] {dagbag.py:545} INFO - Filling up the DagBag from /home/airflow/.local/lib/python3.12/site-packages/airflow/example_dags/example_short_circuit_decorator.py
[2025-10-15T17:11:18.373+0000] {processor.py:840} INFO - DAG(s) 'example_short_circuit_decorator' retrieved from /home/airflow/.local/lib/python3.12/site-packages/airflow/example_dags/example_short_circuit_decorator.py
[2025-10-15T17:11:18.397+0000] {logging_mixin.py:188} INFO - [2025-10-15T17:11:18.396+0000] {dag.py:3089} INFO - Sync 1 DAGs
[2025-10-15T17:11:18.413+0000] {logging_mixin.py:188} INFO - [2025-10-15T17:11:18.413+0000] {dag.py:3947} INFO - Setting next_dagrun for example_short_circuit_decorator to 2025-10-14 00:00:00+00:00, run_after=2025-10-15 00:00:00+00:00
[2025-10-15T17:11:18.425+0000] {processor.py:183} INFO - Processing /home/airflow/.local/lib/python3.12/site-packages/airflow/example_dags/example_short_circuit_decorator.py took 0.067 seconds
[2025-10-15T17:11:48.468+0000] {processor.py:161} INFO - Started process (PID=511) to work on /home/airflow/.local/lib/python3.12/site-packages/airflow/example_dags/example_short_circuit_decorator.py
[2025-10-15T17:11:48.468+0000] {processor.py:830} INFO - Processing file /home/airflow/.local/lib/python3.12/site-packages/airflow/example_dags/example_short_circuit_decorator.py for tasks to queue
[2025-10-15T17:11:48.470+0000] {logging_mixin.py:188} INFO - [2025-10-15T17:11:48.470+0000] {dagbag.py:545} INFO - Filling up the DagBag from /home/airflow/.local/lib/python3.12/site-packages/airflow/example_dags/example_short_circuit_decorator.py
[2025-10-15T17:11:48.476+0000] {processor.py:840} INFO - DAG(s) 'example_short_circuit_decorator' retrieved from /home/airflow/.local/lib/python3.12/site-packages/airflow/example_dags/example_short_circuit_decorator.py
[2025-10-15T17:11:48.497+0000] {logging_mixin.py:188} INFO - [2025-10-15T17:11:48.497+0000] {dag.py:3089} INFO - Sync 1 DAGs
[2025-10-15T17:11:48.518+0000] {logging_mixin.py:188} INFO - [2025-10-15T17:11:48.518+0000] {dag.py:3947} INFO - Setting next_dagrun for example_short_circuit_decorator to 2025-10-14 00:00:00+00:00, run_after=2025-10-15 00:00:00+00:00
[2025-10-15T17:11:48.536+0000] {processor.py:183} INFO - Processing /home/airflow/.local/lib/python3.12/site-packages/airflow/example_dags/example_short_circuit_decorator.py took 0.073 seconds
[2025-10-15T17:12:18.756+0000] {processor.py:161} INFO - Started process (PID=569) to work on /home/airflow/.local/lib/python3.12/site-packages/airflow/example_dags/example_short_circuit_decorator.py
[2025-10-15T17:12:18.757+0000] {processor.py:830} INFO - Processing file /home/airflow/.local/lib/python3.12/site-packages/airflow/example_dags/example_short_circuit_decorator.py for tasks to queue
[2025-10-15T17:12:18.758+0000] {logging_mixin.py:188} INFO - [2025-10-15T17:12:18.758+0000] {dagbag.py:545} INFO - Filling up the DagBag from /home/airflow/.local/lib/python3.12/site-packages/airflow/example_dags/example_short_circuit_decorator.py
[2025-10-15T17:12:18.768+0000] {processor.py:840} INFO - DAG(s) 'example_short_circuit_decorator' retrieved from /home/airflow/.local/lib/python3.12/site-packages/airflow/example_dags/example_short_circuit_decorator.py
[2025-10-15T17:12:18.784+0000] {logging_mixin.py:188} INFO - [2025-10-15T17:12:18.783+0000] {dag.py:3089} INFO - Sync 1 DAGs
[2025-10-15T17:12:18.801+0000] {logging_mixin.py:188} INFO - [2025-10-15T17:12:18.801+0000] {dag.py:3947} INFO - Setting next_dagrun for example_short_circuit_decorator to 2025-10-14 00:00:00+00:00, run_after=2025-10-15 00:00:00+00:00
[2025-10-15T17:12:18.816+0000] {processor.py:183} INFO - Processing /home/airflow/.local/lib/python3.12/site-packages/airflow/example_dags/example_short_circuit_decorator.py took 0.064 seconds
[2025-10-15T17:12:49.471+0000] {processor.py:161} INFO - Started process (PID=627) to work on /home/airflow/.local/lib/python3.12/site-packages/airflow/example_dags/example_short_circuit_decorator.py
[2025-10-15T17:12:49.476+0000] {processor.py:830} INFO - Processing file /home/airflow/.local/lib/python3.12/site-packages/airflow/example_dags/example_short_circuit_decorator.py for tasks to queue
[2025-10-15T17:12:49.478+0000] {logging_mixin.py:188} INFO - [2025-10-15T17:12:49.477+0000] {dagbag.py:545} INFO - Filling up the DagBag from /home/airflow/.local/lib/python3.12/site-packages/airflow/example_dags/example_short_circuit_decorator.py
[2025-10-15T17:12:49.487+0000] {processor.py:840} INFO - DAG(s) 'example_short_circuit_decorator' retrieved from /home/airflow/.local/lib/python3.12/site-packages/airflow/example_dags/example_short_circuit_decorator.py
[2025-10-15T17:12:49.502+0000] {logging_mixin.py:188} INFO - [2025-10-15T17:12:49.502+0000] {dag.py:3089} INFO - Sync 1 DAGs
[2025-10-15T17:12:49.521+0000] {logging_mixin.py:188} INFO - [2025-10-15T17:12:49.520+0000] {dag.py:3947} INFO - Setting next_dagrun for example_short_circuit_decorator to 2025-10-14 00:00:00+00:00, run_after=2025-10-15 00:00:00+00:00
[2025-10-15T17:12:49.536+0000] {processor.py:183} INFO - Processing /home/airflow/.local/lib/python3.12/site-packages/airflow/example_dags/example_short_circuit_decorator.py took 0.070 seconds
[2025-10-15T17:13:19.576+0000] {processor.py:161} INFO - Started process (PID=685) to work on /home/airflow/.local/lib/python3.12/site-packages/airflow/example_dags/example_short_circuit_decorator.py
[2025-10-15T17:13:19.577+0000] {processor.py:830} INFO - Processing file /home/airflow/.local/lib/python3.12/site-packages/airflow/example_dags/example_short_circuit_decorator.py for tasks to queue
[2025-10-15T17:13:19.579+0000] {logging_mixin.py:188} INFO - [2025-10-15T17:13:19.579+0000] {dagbag.py:545} INFO - Filling up the DagBag from /home/airflow/.local/lib/python3.12/site-packages/airflow/example_dags/example_short_circuit_decorator.py
[2025-10-15T17:13:19.586+0000] {processor.py:840} INFO - DAG(s) 'example_short_circuit_decorator' retrieved from /home/airflow/.local/lib/python3.12/site-packages/airflow/example_dags/example_short_circuit_decorator.py
[2025-10-15T17:13:19.600+0000] {logging_mixin.py:188} INFO - [2025-10-15T17:13:19.599+0000] {dag.py:3089} INFO - Sync 1 DAGs
[2025-10-15T17:13:19.615+0000] {logging_mixin.py:188} INFO - [2025-10-15T17:13:19.615+0000] {dag.py:3947} INFO - Setting next_dagrun for example_short_circuit_decorator to 2025-10-14 00:00:00+00:00, run_after=2025-10-15 00:00:00+00:00
[2025-10-15T17:13:19.627+0000] {processor.py:183} INFO - Processing /home/airflow/.local/lib/python3.12/site-packages/airflow/example_dags/example_short_circuit_decorator.py took 0.057 seconds
[2025-10-15T17:13:50.530+0000] {processor.py:161} INFO - Started process (PID=743) to work on /home/airflow/.local/lib/python3.12/site-packages/airflow/example_dags/example_short_circuit_decorator.py
[2025-10-15T17:13:50.531+0000] {processor.py:830} INFO - Processing file /home/airflow/.local/lib/python3.12/site-packages/airflow/example_dags/example_short_circuit_decorator.py for tasks to queue
[2025-10-15T17:13:50.532+0000] {logging_mixin.py:188} INFO - [2025-10-15T17:13:50.532+0000] {dagbag.py:545} INFO - Filling up the DagBag from /home/airflow/.local/lib/python3.12/site-packages/airflow/example_dags/example_short_circuit_decorator.py
[2025-10-15T17:13:50.538+0000] {processor.py:840} INFO - DAG(s) 'example_short_circuit_decorator' retrieved from /home/airflow/.local/lib/python3.12/site-packages/airflow/example_dags/example_short_circuit_decorator.py
[2025-10-15T17:13:50.553+0000] {logging_mixin.py:188} INFO - [2025-10-15T17:13:50.553+0000] {dag.py:3089} INFO - Sync 1 DAGs
[2025-10-15T17:13:50.566+0000] {logging_mixin.py:188} INFO - [2025-10-15T17:13:50.566+0000] {dag.py:3947} INFO - Setting next_dagrun for example_short_circuit_decorator to 2025-10-14 00:00:00+00:00, run_after=2025-10-15 00:00:00+00:00
[2025-10-15T17:13:50.578+0000] {processor.py:183} INFO - Processing /home/airflow/.local/lib/python3.12/site-packages/airflow/example_dags/example_short_circuit_decorator.py took 0.052 seconds
[2025-10-15T17:14:20.863+0000] {processor.py:161} INFO - Started process (PID=801) to work on /home/airflow/.local/lib/python3.12/site-packages/airflow/example_dags/example_short_circuit_decorator.py
[2025-10-15T17:14:20.863+0000] {processor.py:830} INFO - Processing file /home/airflow/.local/lib/python3.12/site-packages/airflow/example_dags/example_short_circuit_decorator.py for tasks to queue
[2025-10-15T17:14:20.868+0000] {logging_mixin.py:188} INFO - [2025-10-15T17:14:20.868+0000] {dagbag.py:545} INFO - Filling up the DagBag from /home/airflow/.local/lib/python3.12/site-packages/airflow/example_dags/example_short_circuit_decorator.py
[2025-10-15T17:14:20.874+0000] {processor.py:840} INFO - DAG(s) 'example_short_circuit_decorator' retrieved from /home/airflow/.local/lib/python3.12/site-packages/airflow/example_dags/example_short_circuit_decorator.py
[2025-10-15T17:14:20.887+0000] {logging_mixin.py:188} INFO - [2025-10-15T17:14:20.887+0000] {dag.py:3089} INFO - Sync 1 DAGs
[2025-10-15T17:14:20.899+0000] {logging_mixin.py:188} INFO - [2025-10-15T17:14:20.898+0000] {dag.py:3947} INFO - Setting next_dagrun for example_short_circuit_decorator to 2025-10-14 00:00:00+00:00, run_after=2025-10-15 00:00:00+00:00
[2025-10-15T17:14:20.909+0000] {processor.py:183} INFO - Processing /home/airflow/.local/lib/python3.12/site-packages/airflow/example_dags/example_short_circuit_decorator.py took 0.050 seconds
[2025-10-15T17:14:51.094+0000] {processor.py:161} INFO - Started process (PID=859) to work on /home/airflow/.local/lib/python3.12/site-packages/airflow/example_dags/example_short_circuit_decorator.py
[2025-10-15T17:14:51.096+0000] {processor.py:830} INFO - Processing file /home/airflow/.local/lib/python3.12/site-packages/airflow/example_dags/example_short_circuit_decorator.py for tasks to queue
[2025-10-15T17:14:51.097+0000] {logging_mixin.py:188} INFO - [2025-10-15T17:14:51.096+0000] {dagbag.py:545} INFO - Filling up the DagBag from /home/airflow/.local/lib/python3.12/site-packages/airflow/example_dags/example_short_circuit_decorator.py
[2025-10-15T17:14:51.102+0000] {processor.py:840} INFO - DAG(s) 'example_short_circuit_decorator' retrieved from /home/airflow/.local/lib/python3.12/site-packages/airflow/example_dags/example_short_circuit_decorator.py
[2025-10-15T17:14:51.117+0000] {logging_mixin.py:188} INFO - [2025-10-15T17:14:51.117+0000] {dag.py:3089} INFO - Sync 1 DAGs
[2025-10-15T17:14:51.129+0000] {logging_mixin.py:188} INFO - [2025-10-15T17:14:51.129+0000] {dag.py:3947} INFO - Setting next_dagrun for example_short_circuit_decorator to 2025-10-14 00:00:00+00:00, run_after=2025-10-15 00:00:00+00:00
[2025-10-15T17:14:51.140+0000] {processor.py:183} INFO - Processing /home/airflow/.local/lib/python3.12/site-packages/airflow/example_dags/example_short_circuit_decorator.py took 0.050 seconds
[2025-10-15T17:15:21.443+0000] {processor.py:161} INFO - Started process (PID=917) to work on /home/airflow/.local/lib/python3.12/site-packages/airflow/example_dags/example_short_circuit_decorator.py
[2025-10-15T17:15:21.447+0000] {processor.py:830} INFO - Processing file /home/airflow/.local/lib/python3.12/site-packages/airflow/example_dags/example_short_circuit_decorator.py for tasks to queue
[2025-10-15T17:15:21.448+0000] {logging_mixin.py:188} INFO - [2025-10-15T17:15:21.448+0000] {dagbag.py:545} INFO - Filling up the DagBag from /home/airflow/.local/lib/python3.12/site-packages/airflow/example_dags/example_short_circuit_decorator.py
[2025-10-15T17:15:21.453+0000] {processor.py:840} INFO - DAG(s) 'example_short_circuit_decorator' retrieved from /home/airflow/.local/lib/python3.12/site-packages/airflow/example_dags/example_short_circuit_decorator.py
[2025-10-15T17:15:21.466+0000] {logging_mixin.py:188} INFO - [2025-10-15T17:15:21.466+0000] {dag.py:3089} INFO - Sync 1 DAGs
[2025-10-15T17:15:21.480+0000] {logging_mixin.py:188} INFO - [2025-10-15T17:15:21.480+0000] {dag.py:3947} INFO - Setting next_dagrun for example_short_circuit_decorator to 2025-10-14 00:00:00+00:00, run_after=2025-10-15 00:00:00+00:00
[2025-10-15T17:15:21.492+0000] {processor.py:183} INFO - Processing /home/airflow/.local/lib/python3.12/site-packages/airflow/example_dags/example_short_circuit_decorator.py took 0.053 seconds
[2025-10-15T17:19:49.943+0000] {processor.py:161} INFO - Started process (PID=100) to work on /home/airflow/.local/lib/python3.12/site-packages/airflow/example_dags/example_short_circuit_decorator.py
[2025-10-15T17:19:49.944+0000] {processor.py:830} INFO - Processing file /home/airflow/.local/lib/python3.12/site-packages/airflow/example_dags/example_short_circuit_decorator.py for tasks to queue
[2025-10-15T17:19:49.947+0000] {logging_mixin.py:188} INFO - [2025-10-15T17:19:49.946+0000] {dagbag.py:545} INFO - Filling up the DagBag from /home/airflow/.local/lib/python3.12/site-packages/airflow/example_dags/example_short_circuit_decorator.py
[2025-10-15T17:19:49.955+0000] {processor.py:840} INFO - DAG(s) 'example_short_circuit_decorator' retrieved from /home/airflow/.local/lib/python3.12/site-packages/airflow/example_dags/example_short_circuit_decorator.py
[2025-10-15T17:19:50.045+0000] {logging_mixin.py:188} INFO - [2025-10-15T17:19:50.045+0000] {dag.py:3089} INFO - Sync 1 DAGs
[2025-10-15T17:19:50.061+0000] {logging_mixin.py:188} INFO - [2025-10-15T17:19:50.061+0000] {dag.py:3947} INFO - Setting next_dagrun for example_short_circuit_decorator to 2025-10-14 00:00:00+00:00, run_after=2025-10-15 00:00:00+00:00
[2025-10-15T17:19:50.077+0000] {processor.py:183} INFO - Processing /home/airflow/.local/lib/python3.12/site-packages/airflow/example_dags/example_short_circuit_decorator.py took 0.140 seconds
[2025-10-15T17:20:20.498+0000] {processor.py:161} INFO - Started process (PID=158) to work on /home/airflow/.local/lib/python3.12/site-packages/airflow/example_dags/example_short_circuit_decorator.py
[2025-10-15T17:20:20.499+0000] {processor.py:830} INFO - Processing file /home/airflow/.local/lib/python3.12/site-packages/airflow/example_dags/example_short_circuit_decorator.py for tasks to queue
[2025-10-15T17:20:20.502+0000] {logging_mixin.py:188} INFO - [2025-10-15T17:20:20.501+0000] {dagbag.py:545} INFO - Filling up the DagBag from /home/airflow/.local/lib/python3.12/site-packages/airflow/example_dags/example_short_circuit_decorator.py
[2025-10-15T17:20:20.507+0000] {processor.py:840} INFO - DAG(s) 'example_short_circuit_decorator' retrieved from /home/airflow/.local/lib/python3.12/site-packages/airflow/example_dags/example_short_circuit_decorator.py
[2025-10-15T17:20:20.529+0000] {logging_mixin.py:188} INFO - [2025-10-15T17:20:20.529+0000] {dag.py:3089} INFO - Sync 1 DAGs
[2025-10-15T17:20:20.579+0000] {logging_mixin.py:188} INFO - [2025-10-15T17:20:20.578+0000] {dag.py:3947} INFO - Setting next_dagrun for example_short_circuit_decorator to 2025-10-14 00:00:00+00:00, run_after=2025-10-15 00:00:00+00:00
[2025-10-15T17:20:20.634+0000] {processor.py:183} INFO - Processing /home/airflow/.local/lib/python3.12/site-packages/airflow/example_dags/example_short_circuit_decorator.py took 0.140 seconds
[2025-10-15T17:20:51.221+0000] {processor.py:161} INFO - Started process (PID=216) to work on /home/airflow/.local/lib/python3.12/site-packages/airflow/example_dags/example_short_circuit_decorator.py
[2025-10-15T17:20:51.222+0000] {processor.py:830} INFO - Processing file /home/airflow/.local/lib/python3.12/site-packages/airflow/example_dags/example_short_circuit_decorator.py for tasks to queue
[2025-10-15T17:20:51.223+0000] {logging_mixin.py:188} INFO - [2025-10-15T17:20:51.223+0000] {dagbag.py:545} INFO - Filling up the DagBag from /home/airflow/.local/lib/python3.12/site-packages/airflow/example_dags/example_short_circuit_decorator.py
[2025-10-15T17:20:51.229+0000] {processor.py:840} INFO - DAG(s) 'example_short_circuit_decorator' retrieved from /home/airflow/.local/lib/python3.12/site-packages/airflow/example_dags/example_short_circuit_decorator.py
[2025-10-15T17:20:51.250+0000] {logging_mixin.py:188} INFO - [2025-10-15T17:20:51.249+0000] {dag.py:3089} INFO - Sync 1 DAGs
[2025-10-15T17:20:51.270+0000] {logging_mixin.py:188} INFO - [2025-10-15T17:20:51.270+0000] {dag.py:3947} INFO - Setting next_dagrun for example_short_circuit_decorator to 2025-10-14 00:00:00+00:00, run_after=2025-10-15 00:00:00+00:00
[2025-10-15T17:20:51.292+0000] {processor.py:183} INFO - Processing /home/airflow/.local/lib/python3.12/site-packages/airflow/example_dags/example_short_circuit_decorator.py took 0.075 seconds
[2025-10-15T17:21:22.185+0000] {processor.py:161} INFO - Started process (PID=274) to work on /home/airflow/.local/lib/python3.12/site-packages/airflow/example_dags/example_short_circuit_decorator.py
[2025-10-15T17:21:22.186+0000] {processor.py:830} INFO - Processing file /home/airflow/.local/lib/python3.12/site-packages/airflow/example_dags/example_short_circuit_decorator.py for tasks to queue
[2025-10-15T17:21:22.187+0000] {logging_mixin.py:188} INFO - [2025-10-15T17:21:22.187+0000] {dagbag.py:545} INFO - Filling up the DagBag from /home/airflow/.local/lib/python3.12/site-packages/airflow/example_dags/example_short_circuit_decorator.py
[2025-10-15T17:21:22.194+0000] {processor.py:840} INFO - DAG(s) 'example_short_circuit_decorator' retrieved from /home/airflow/.local/lib/python3.12/site-packages/airflow/example_dags/example_short_circuit_decorator.py
[2025-10-15T17:21:22.211+0000] {logging_mixin.py:188} INFO - [2025-10-15T17:21:22.210+0000] {dag.py:3089} INFO - Sync 1 DAGs
[2025-10-15T17:21:22.226+0000] {logging_mixin.py:188} INFO - [2025-10-15T17:21:22.226+0000] {dag.py:3947} INFO - Setting next_dagrun for example_short_circuit_decorator to 2025-10-14 00:00:00+00:00, run_after=2025-10-15 00:00:00+00:00
[2025-10-15T17:21:22.237+0000] {processor.py:183} INFO - Processing /home/airflow/.local/lib/python3.12/site-packages/airflow/example_dags/example_short_circuit_decorator.py took 0.056 seconds
[2025-10-15T17:21:53.438+0000] {processor.py:161} INFO - Started process (PID=332) to work on /home/airflow/.local/lib/python3.12/site-packages/airflow/example_dags/example_short_circuit_decorator.py
[2025-10-15T17:21:53.438+0000] {processor.py:830} INFO - Processing file /home/airflow/.local/lib/python3.12/site-packages/airflow/example_dags/example_short_circuit_decorator.py for tasks to queue
[2025-10-15T17:21:53.440+0000] {logging_mixin.py:188} INFO - [2025-10-15T17:21:53.439+0000] {dagbag.py:545} INFO - Filling up the DagBag from /home/airflow/.local/lib/python3.12/site-packages/airflow/example_dags/example_short_circuit_decorator.py
[2025-10-15T17:21:53.445+0000] {processor.py:840} INFO - DAG(s) 'example_short_circuit_decorator' retrieved from /home/airflow/.local/lib/python3.12/site-packages/airflow/example_dags/example_short_circuit_decorator.py
[2025-10-15T17:21:53.459+0000] {logging_mixin.py:188} INFO - [2025-10-15T17:21:53.459+0000] {dag.py:3089} INFO - Sync 1 DAGs
[2025-10-15T17:21:53.472+0000] {logging_mixin.py:188} INFO - [2025-10-15T17:21:53.472+0000] {dag.py:3947} INFO - Setting next_dagrun for example_short_circuit_decorator to 2025-10-14 00:00:00+00:00, run_after=2025-10-15 00:00:00+00:00
[2025-10-15T17:21:53.483+0000] {processor.py:183} INFO - Processing /home/airflow/.local/lib/python3.12/site-packages/airflow/example_dags/example_short_circuit_decorator.py took 0.049 seconds
[2025-10-15T17:22:24.065+0000] {processor.py:161} INFO - Started process (PID=390) to work on /home/airflow/.local/lib/python3.12/site-packages/airflow/example_dags/example_short_circuit_decorator.py
[2025-10-15T17:22:24.066+0000] {processor.py:830} INFO - Processing file /home/airflow/.local/lib/python3.12/site-packages/airflow/example_dags/example_short_circuit_decorator.py for tasks to queue
[2025-10-15T17:22:24.070+0000] {logging_mixin.py:188} INFO - [2025-10-15T17:22:24.070+0000] {dagbag.py:545} INFO - Filling up the DagBag from /home/airflow/.local/lib/python3.12/site-packages/airflow/example_dags/example_short_circuit_decorator.py
[2025-10-15T17:22:24.076+0000] {processor.py:840} INFO - DAG(s) 'example_short_circuit_decorator' retrieved from /home/airflow/.local/lib/python3.12/site-packages/airflow/example_dags/example_short_circuit_decorator.py
[2025-10-15T17:22:24.091+0000] {logging_mixin.py:188} INFO - [2025-10-15T17:22:24.091+0000] {dag.py:3089} INFO - Sync 1 DAGs
[2025-10-15T17:22:24.107+0000] {logging_mixin.py:188} INFO - [2025-10-15T17:22:24.106+0000] {dag.py:3947} INFO - Setting next_dagrun for example_short_circuit_decorator to 2025-10-14 00:00:00+00:00, run_after=2025-10-15 00:00:00+00:00
[2025-10-15T17:22:24.125+0000] {processor.py:183} INFO - Processing /home/airflow/.local/lib/python3.12/site-packages/airflow/example_dags/example_short_circuit_decorator.py took 0.064 seconds
[2025-10-15T17:22:54.577+0000] {processor.py:161} INFO - Started process (PID=448) to work on /home/airflow/.local/lib/python3.12/site-packages/airflow/example_dags/example_short_circuit_decorator.py
[2025-10-15T17:22:54.578+0000] {processor.py:830} INFO - Processing file /home/airflow/.local/lib/python3.12/site-packages/airflow/example_dags/example_short_circuit_decorator.py for tasks to queue
[2025-10-15T17:22:54.581+0000] {logging_mixin.py:188} INFO - [2025-10-15T17:22:54.581+0000] {dagbag.py:545} INFO - Filling up the DagBag from /home/airflow/.local/lib/python3.12/site-packages/airflow/example_dags/example_short_circuit_decorator.py
[2025-10-15T17:22:54.588+0000] {processor.py:840} INFO - DAG(s) 'example_short_circuit_decorator' retrieved from /home/airflow/.local/lib/python3.12/site-packages/airflow/example_dags/example_short_circuit_decorator.py
[2025-10-15T17:22:54.608+0000] {logging_mixin.py:188} INFO - [2025-10-15T17:22:54.608+0000] {dag.py:3089} INFO - Sync 1 DAGs
[2025-10-15T17:22:54.629+0000] {logging_mixin.py:188} INFO - [2025-10-15T17:22:54.629+0000] {dag.py:3947} INFO - Setting next_dagrun for example_short_circuit_decorator to 2025-10-14 00:00:00+00:00, run_after=2025-10-15 00:00:00+00:00
[2025-10-15T17:22:54.650+0000] {processor.py:183} INFO - Processing /home/airflow/.local/lib/python3.12/site-packages/airflow/example_dags/example_short_circuit_decorator.py took 0.077 seconds
[2025-10-15T17:23:25.277+0000] {processor.py:161} INFO - Started process (PID=506) to work on /home/airflow/.local/lib/python3.12/site-packages/airflow/example_dags/example_short_circuit_decorator.py
[2025-10-15T17:23:25.277+0000] {processor.py:830} INFO - Processing file /home/airflow/.local/lib/python3.12/site-packages/airflow/example_dags/example_short_circuit_decorator.py for tasks to queue
[2025-10-15T17:23:25.278+0000] {logging_mixin.py:188} INFO - [2025-10-15T17:23:25.278+0000] {dagbag.py:545} INFO - Filling up the DagBag from /home/airflow/.local/lib/python3.12/site-packages/airflow/example_dags/example_short_circuit_decorator.py
[2025-10-15T17:23:25.284+0000] {processor.py:840} INFO - DAG(s) 'example_short_circuit_decorator' retrieved from /home/airflow/.local/lib/python3.12/site-packages/airflow/example_dags/example_short_circuit_decorator.py
[2025-10-15T17:23:25.304+0000] {logging_mixin.py:188} INFO - [2025-10-15T17:23:25.304+0000] {dag.py:3089} INFO - Sync 1 DAGs
[2025-10-15T17:23:25.319+0000] {logging_mixin.py:188} INFO - [2025-10-15T17:23:25.319+0000] {dag.py:3947} INFO - Setting next_dagrun for example_short_circuit_decorator to 2025-10-14 00:00:00+00:00, run_after=2025-10-15 00:00:00+00:00
[2025-10-15T17:23:25.329+0000] {processor.py:183} INFO - Processing /home/airflow/.local/lib/python3.12/site-packages/airflow/example_dags/example_short_circuit_decorator.py took 0.056 seconds
[2025-10-15T17:23:55.750+0000] {processor.py:161} INFO - Started process (PID=564) to work on /home/airflow/.local/lib/python3.12/site-packages/airflow/example_dags/example_short_circuit_decorator.py
[2025-10-15T17:23:55.751+0000] {processor.py:830} INFO - Processing file /home/airflow/.local/lib/python3.12/site-packages/airflow/example_dags/example_short_circuit_decorator.py for tasks to queue
[2025-10-15T17:23:55.752+0000] {logging_mixin.py:188} INFO - [2025-10-15T17:23:55.752+0000] {dagbag.py:545} INFO - Filling up the DagBag from /home/airflow/.local/lib/python3.12/site-packages/airflow/example_dags/example_short_circuit_decorator.py
[2025-10-15T17:23:55.758+0000] {processor.py:840} INFO - DAG(s) 'example_short_circuit_decorator' retrieved from /home/airflow/.local/lib/python3.12/site-packages/airflow/example_dags/example_short_circuit_decorator.py
[2025-10-15T17:23:55.780+0000] {logging_mixin.py:188} INFO - [2025-10-15T17:23:55.780+0000] {dag.py:3089} INFO - Sync 1 DAGs
[2025-10-15T17:23:55.798+0000] {logging_mixin.py:188} INFO - [2025-10-15T17:23:55.798+0000] {dag.py:3947} INFO - Setting next_dagrun for example_short_circuit_decorator to 2025-10-14 00:00:00+00:00, run_after=2025-10-15 00:00:00+00:00
[2025-10-15T17:23:55.815+0000] {processor.py:183} INFO - Processing /home/airflow/.local/lib/python3.12/site-packages/airflow/example_dags/example_short_circuit_decorator.py took 0.069 seconds
[2025-10-15T17:24:26.925+0000] {processor.py:161} INFO - Started process (PID=622) to work on /home/airflow/.local/lib/python3.12/site-packages/airflow/example_dags/example_short_circuit_decorator.py
[2025-10-15T17:24:26.926+0000] {processor.py:830} INFO - Processing file /home/airflow/.local/lib/python3.12/site-packages/airflow/example_dags/example_short_circuit_decorator.py for tasks to queue
[2025-10-15T17:24:26.929+0000] {logging_mixin.py:188} INFO - [2025-10-15T17:24:26.928+0000] {dagbag.py:545} INFO - Filling up the DagBag from /home/airflow/.local/lib/python3.12/site-packages/airflow/example_dags/example_short_circuit_decorator.py
[2025-10-15T17:24:26.941+0000] {processor.py:840} INFO - DAG(s) 'example_short_circuit_decorator' retrieved from /home/airflow/.local/lib/python3.12/site-packages/airflow/example_dags/example_short_circuit_decorator.py
[2025-10-15T17:24:26.971+0000] {logging_mixin.py:188} INFO - [2025-10-15T17:24:26.970+0000] {dag.py:3089} INFO - Sync 1 DAGs
[2025-10-15T17:24:26.989+0000] {logging_mixin.py:188} INFO - [2025-10-15T17:24:26.989+0000] {dag.py:3947} INFO - Setting next_dagrun for example_short_circuit_decorator to 2025-10-14 00:00:00+00:00, run_after=2025-10-15 00:00:00+00:00
[2025-10-15T17:24:27.008+0000] {processor.py:183} INFO - Processing /home/airflow/.local/lib/python3.12/site-packages/airflow/example_dags/example_short_circuit_decorator.py took 0.094 seconds
