[2025-10-15T17:08:09.398+0000] {processor.py:161} INFO - Started process (PID=86) to work on /home/airflow/.local/lib/python3.12/site-packages/airflow/example_dags/example_short_circuit_operator.py
[2025-10-15T17:08:09.399+0000] {processor.py:830} INFO - Processing file /home/airflow/.local/lib/python3.12/site-packages/airflow/example_dags/example_short_circuit_operator.py for tasks to queue
[2025-10-15T17:08:09.402+0000] {logging_mixin.py:188} INFO - [2025-10-15T17:08:09.402+0000] {dagbag.py:545} INFO - Filling up the DagBag from /home/airflow/.local/lib/python3.12/site-packages/airflow/example_dags/example_short_circuit_operator.py
[2025-10-15T17:08:09.414+0000] {processor.py:840} INFO - DAG(s) 'example_short_circuit_operator' retrieved from /home/airflow/.local/lib/python3.12/site-packages/airflow/example_dags/example_short_circuit_operator.py
[2025-10-15T17:08:09.765+0000] {logging_mixin.py:188} INFO - [2025-10-15T17:08:09.764+0000] {override.py:1858} INFO - Created Permission View: can edit on DAG:example_short_circuit_operator
[2025-10-15T17:08:09.788+0000] {logging_mixin.py:188} INFO - [2025-10-15T17:08:09.788+0000] {override.py:1858} INFO - Created Permission View: can delete on DAG:example_short_circuit_operator
[2025-10-15T17:08:09.798+0000] {logging_mixin.py:188} INFO - [2025-10-15T17:08:09.798+0000] {override.py:1858} INFO - Created Permission View: can read on DAG:example_short_circuit_operator
[2025-10-15T17:08:09.799+0000] {logging_mixin.py:188} INFO - [2025-10-15T17:08:09.799+0000] {dag.py:3089} INFO - Sync 1 DAGs
[2025-10-15T17:08:09.826+0000] {logging_mixin.py:188} INFO - [2025-10-15T17:08:09.825+0000] {dag.py:3111} INFO - Creating ORM DAG for example_short_circuit_operator
[2025-10-15T17:08:09.854+0000] {logging_mixin.py:188} INFO - [2025-10-15T17:08:09.854+0000] {dag.py:3947} INFO - Setting next_dagrun for example_short_circuit_operator to 2025-10-14 00:00:00+00:00, run_after=2025-10-15 00:00:00+00:00
[2025-10-15T17:08:09.886+0000] {processor.py:183} INFO - Processing /home/airflow/.local/lib/python3.12/site-packages/airflow/example_dags/example_short_circuit_operator.py took 0.494 seconds
[2025-10-15T17:08:40.159+0000] {processor.py:161} INFO - Started process (PID=143) to work on /home/airflow/.local/lib/python3.12/site-packages/airflow/example_dags/example_short_circuit_operator.py
[2025-10-15T17:08:40.159+0000] {processor.py:830} INFO - Processing file /home/airflow/.local/lib/python3.12/site-packages/airflow/example_dags/example_short_circuit_operator.py for tasks to queue
[2025-10-15T17:08:40.164+0000] {logging_mixin.py:188} INFO - [2025-10-15T17:08:40.164+0000] {dagbag.py:545} INFO - Filling up the DagBag from /home/airflow/.local/lib/python3.12/site-packages/airflow/example_dags/example_short_circuit_operator.py
[2025-10-15T17:08:40.173+0000] {processor.py:840} INFO - DAG(s) 'example_short_circuit_operator' retrieved from /home/airflow/.local/lib/python3.12/site-packages/airflow/example_dags/example_short_circuit_operator.py
[2025-10-15T17:08:40.191+0000] {logging_mixin.py:188} INFO - [2025-10-15T17:08:40.191+0000] {dag.py:3089} INFO - Sync 1 DAGs
[2025-10-15T17:08:40.209+0000] {logging_mixin.py:188} INFO - [2025-10-15T17:08:40.209+0000] {dag.py:3947} INFO - Setting next_dagrun for example_short_circuit_operator to 2025-10-14 00:00:00+00:00, run_after=2025-10-15 00:00:00+00:00
[2025-10-15T17:08:40.219+0000] {processor.py:183} INFO - Processing /home/airflow/.local/lib/python3.12/site-packages/airflow/example_dags/example_short_circuit_operator.py took 0.064 seconds
[2025-10-15T17:09:11.170+0000] {processor.py:161} INFO - Started process (PID=202) to work on /home/airflow/.local/lib/python3.12/site-packages/airflow/example_dags/example_short_circuit_operator.py
[2025-10-15T17:09:11.172+0000] {processor.py:830} INFO - Processing file /home/airflow/.local/lib/python3.12/site-packages/airflow/example_dags/example_short_circuit_operator.py for tasks to queue
[2025-10-15T17:09:11.177+0000] {logging_mixin.py:188} INFO - [2025-10-15T17:09:11.176+0000] {dagbag.py:545} INFO - Filling up the DagBag from /home/airflow/.local/lib/python3.12/site-packages/airflow/example_dags/example_short_circuit_operator.py
[2025-10-15T17:09:11.185+0000] {processor.py:840} INFO - DAG(s) 'example_short_circuit_operator' retrieved from /home/airflow/.local/lib/python3.12/site-packages/airflow/example_dags/example_short_circuit_operator.py
[2025-10-15T17:09:11.215+0000] {logging_mixin.py:188} INFO - [2025-10-15T17:09:11.215+0000] {dag.py:3089} INFO - Sync 1 DAGs
[2025-10-15T17:09:11.241+0000] {logging_mixin.py:188} INFO - [2025-10-15T17:09:11.240+0000] {dag.py:3947} INFO - Setting next_dagrun for example_short_circuit_operator to 2025-10-14 00:00:00+00:00, run_after=2025-10-15 00:00:00+00:00
[2025-10-15T17:09:11.271+0000] {processor.py:183} INFO - Processing /home/airflow/.local/lib/python3.12/site-packages/airflow/example_dags/example_short_circuit_operator.py took 0.109 seconds
[2025-10-15T17:09:41.784+0000] {processor.py:161} INFO - Started process (PID=260) to work on /home/airflow/.local/lib/python3.12/site-packages/airflow/example_dags/example_short_circuit_operator.py
[2025-10-15T17:09:41.784+0000] {processor.py:830} INFO - Processing file /home/airflow/.local/lib/python3.12/site-packages/airflow/example_dags/example_short_circuit_operator.py for tasks to queue
[2025-10-15T17:09:41.788+0000] {logging_mixin.py:188} INFO - [2025-10-15T17:09:41.788+0000] {dagbag.py:545} INFO - Filling up the DagBag from /home/airflow/.local/lib/python3.12/site-packages/airflow/example_dags/example_short_circuit_operator.py
[2025-10-15T17:09:41.793+0000] {processor.py:840} INFO - DAG(s) 'example_short_circuit_operator' retrieved from /home/airflow/.local/lib/python3.12/site-packages/airflow/example_dags/example_short_circuit_operator.py
[2025-10-15T17:09:41.816+0000] {logging_mixin.py:188} INFO - [2025-10-15T17:09:41.816+0000] {dag.py:3089} INFO - Sync 1 DAGs
[2025-10-15T17:09:41.837+0000] {logging_mixin.py:188} INFO - [2025-10-15T17:09:41.837+0000] {dag.py:3947} INFO - Setting next_dagrun for example_short_circuit_operator to 2025-10-14 00:00:00+00:00, run_after=2025-10-15 00:00:00+00:00
[2025-10-15T17:09:41.852+0000] {processor.py:183} INFO - Processing /home/airflow/.local/lib/python3.12/site-packages/airflow/example_dags/example_short_circuit_operator.py took 0.072 seconds
[2025-10-15T17:10:12.506+0000] {processor.py:161} INFO - Started process (PID=318) to work on /home/airflow/.local/lib/python3.12/site-packages/airflow/example_dags/example_short_circuit_operator.py
[2025-10-15T17:10:12.506+0000] {processor.py:830} INFO - Processing file /home/airflow/.local/lib/python3.12/site-packages/airflow/example_dags/example_short_circuit_operator.py for tasks to queue
[2025-10-15T17:10:12.508+0000] {logging_mixin.py:188} INFO - [2025-10-15T17:10:12.508+0000] {dagbag.py:545} INFO - Filling up the DagBag from /home/airflow/.local/lib/python3.12/site-packages/airflow/example_dags/example_short_circuit_operator.py
[2025-10-15T17:10:12.514+0000] {processor.py:840} INFO - DAG(s) 'example_short_circuit_operator' retrieved from /home/airflow/.local/lib/python3.12/site-packages/airflow/example_dags/example_short_circuit_operator.py
[2025-10-15T17:10:12.536+0000] {logging_mixin.py:188} INFO - [2025-10-15T17:10:12.535+0000] {dag.py:3089} INFO - Sync 1 DAGs
[2025-10-15T17:10:12.557+0000] {logging_mixin.py:188} INFO - [2025-10-15T17:10:12.557+0000] {dag.py:3947} INFO - Setting next_dagrun for example_short_circuit_operator to 2025-10-14 00:00:00+00:00, run_after=2025-10-15 00:00:00+00:00
[2025-10-15T17:10:12.577+0000] {processor.py:183} INFO - Processing /home/airflow/.local/lib/python3.12/site-packages/airflow/example_dags/example_short_circuit_operator.py took 0.077 seconds
[2025-10-15T17:10:42.594+0000] {processor.py:161} INFO - Started process (PID=375) to work on /home/airflow/.local/lib/python3.12/site-packages/airflow/example_dags/example_short_circuit_operator.py
[2025-10-15T17:10:42.595+0000] {processor.py:830} INFO - Processing file /home/airflow/.local/lib/python3.12/site-packages/airflow/example_dags/example_short_circuit_operator.py for tasks to queue
[2025-10-15T17:10:42.597+0000] {logging_mixin.py:188} INFO - [2025-10-15T17:10:42.597+0000] {dagbag.py:545} INFO - Filling up the DagBag from /home/airflow/.local/lib/python3.12/site-packages/airflow/example_dags/example_short_circuit_operator.py
[2025-10-15T17:10:42.601+0000] {processor.py:840} INFO - DAG(s) 'example_short_circuit_operator' retrieved from /home/airflow/.local/lib/python3.12/site-packages/airflow/example_dags/example_short_circuit_operator.py
[2025-10-15T17:10:42.620+0000] {logging_mixin.py:188} INFO - [2025-10-15T17:10:42.620+0000] {dag.py:3089} INFO - Sync 1 DAGs
[2025-10-15T17:10:42.632+0000] {logging_mixin.py:188} INFO - [2025-10-15T17:10:42.632+0000] {dag.py:3947} INFO - Setting next_dagrun for example_short_circuit_operator to 2025-10-14 00:00:00+00:00, run_after=2025-10-15 00:00:00+00:00
[2025-10-15T17:10:42.645+0000] {processor.py:183} INFO - Processing /home/airflow/.local/lib/python3.12/site-packages/airflow/example_dags/example_short_circuit_operator.py took 0.055 seconds
[2025-10-15T17:11:13.061+0000] {processor.py:161} INFO - Started process (PID=434) to work on /home/airflow/.local/lib/python3.12/site-packages/airflow/example_dags/example_short_circuit_operator.py
[2025-10-15T17:11:13.062+0000] {processor.py:830} INFO - Processing file /home/airflow/.local/lib/python3.12/site-packages/airflow/example_dags/example_short_circuit_operator.py for tasks to queue
[2025-10-15T17:11:13.063+0000] {logging_mixin.py:188} INFO - [2025-10-15T17:11:13.063+0000] {dagbag.py:545} INFO - Filling up the DagBag from /home/airflow/.local/lib/python3.12/site-packages/airflow/example_dags/example_short_circuit_operator.py
[2025-10-15T17:11:13.067+0000] {processor.py:840} INFO - DAG(s) 'example_short_circuit_operator' retrieved from /home/airflow/.local/lib/python3.12/site-packages/airflow/example_dags/example_short_circuit_operator.py
[2025-10-15T17:11:13.084+0000] {logging_mixin.py:188} INFO - [2025-10-15T17:11:13.084+0000] {dag.py:3089} INFO - Sync 1 DAGs
[2025-10-15T17:11:13.105+0000] {logging_mixin.py:188} INFO - [2025-10-15T17:11:13.105+0000] {dag.py:3947} INFO - Setting next_dagrun for example_short_circuit_operator to 2025-10-14 00:00:00+00:00, run_after=2025-10-15 00:00:00+00:00
[2025-10-15T17:11:13.118+0000] {processor.py:183} INFO - Processing /home/airflow/.local/lib/python3.12/site-packages/airflow/example_dags/example_short_circuit_operator.py took 0.061 seconds
[2025-10-15T17:11:43.538+0000] {processor.py:161} INFO - Started process (PID=492) to work on /home/airflow/.local/lib/python3.12/site-packages/airflow/example_dags/example_short_circuit_operator.py
[2025-10-15T17:11:43.539+0000] {processor.py:830} INFO - Processing file /home/airflow/.local/lib/python3.12/site-packages/airflow/example_dags/example_short_circuit_operator.py for tasks to queue
[2025-10-15T17:11:43.540+0000] {logging_mixin.py:188} INFO - [2025-10-15T17:11:43.540+0000] {dagbag.py:545} INFO - Filling up the DagBag from /home/airflow/.local/lib/python3.12/site-packages/airflow/example_dags/example_short_circuit_operator.py
[2025-10-15T17:11:43.548+0000] {processor.py:840} INFO - DAG(s) 'example_short_circuit_operator' retrieved from /home/airflow/.local/lib/python3.12/site-packages/airflow/example_dags/example_short_circuit_operator.py
[2025-10-15T17:11:43.569+0000] {logging_mixin.py:188} INFO - [2025-10-15T17:11:43.569+0000] {dag.py:3089} INFO - Sync 1 DAGs
[2025-10-15T17:11:43.590+0000] {logging_mixin.py:188} INFO - [2025-10-15T17:11:43.589+0000] {dag.py:3947} INFO - Setting next_dagrun for example_short_circuit_operator to 2025-10-14 00:00:00+00:00, run_after=2025-10-15 00:00:00+00:00
[2025-10-15T17:11:43.613+0000] {processor.py:183} INFO - Processing /home/airflow/.local/lib/python3.12/site-packages/airflow/example_dags/example_short_circuit_operator.py took 0.083 seconds
[2025-10-15T17:12:13.867+0000] {processor.py:161} INFO - Started process (PID=550) to work on /home/airflow/.local/lib/python3.12/site-packages/airflow/example_dags/example_short_circuit_operator.py
[2025-10-15T17:12:13.868+0000] {processor.py:830} INFO - Processing file /home/airflow/.local/lib/python3.12/site-packages/airflow/example_dags/example_short_circuit_operator.py for tasks to queue
[2025-10-15T17:12:13.870+0000] {logging_mixin.py:188} INFO - [2025-10-15T17:12:13.870+0000] {dagbag.py:545} INFO - Filling up the DagBag from /home/airflow/.local/lib/python3.12/site-packages/airflow/example_dags/example_short_circuit_operator.py
[2025-10-15T17:12:13.877+0000] {processor.py:840} INFO - DAG(s) 'example_short_circuit_operator' retrieved from /home/airflow/.local/lib/python3.12/site-packages/airflow/example_dags/example_short_circuit_operator.py
[2025-10-15T17:12:13.900+0000] {logging_mixin.py:188} INFO - [2025-10-15T17:12:13.900+0000] {dag.py:3089} INFO - Sync 1 DAGs
[2025-10-15T17:12:13.914+0000] {logging_mixin.py:188} INFO - [2025-10-15T17:12:13.914+0000] {dag.py:3947} INFO - Setting next_dagrun for example_short_circuit_operator to 2025-10-14 00:00:00+00:00, run_after=2025-10-15 00:00:00+00:00
[2025-10-15T17:12:13.926+0000] {processor.py:183} INFO - Processing /home/airflow/.local/lib/python3.12/site-packages/airflow/example_dags/example_short_circuit_operator.py took 0.063 seconds
[2025-10-15T17:12:44.464+0000] {processor.py:161} INFO - Started process (PID=608) to work on /home/airflow/.local/lib/python3.12/site-packages/airflow/example_dags/example_short_circuit_operator.py
[2025-10-15T17:12:44.465+0000] {processor.py:830} INFO - Processing file /home/airflow/.local/lib/python3.12/site-packages/airflow/example_dags/example_short_circuit_operator.py for tasks to queue
[2025-10-15T17:12:44.466+0000] {logging_mixin.py:188} INFO - [2025-10-15T17:12:44.465+0000] {dagbag.py:545} INFO - Filling up the DagBag from /home/airflow/.local/lib/python3.12/site-packages/airflow/example_dags/example_short_circuit_operator.py
[2025-10-15T17:12:44.471+0000] {processor.py:840} INFO - DAG(s) 'example_short_circuit_operator' retrieved from /home/airflow/.local/lib/python3.12/site-packages/airflow/example_dags/example_short_circuit_operator.py
[2025-10-15T17:12:44.489+0000] {logging_mixin.py:188} INFO - [2025-10-15T17:12:44.489+0000] {dag.py:3089} INFO - Sync 1 DAGs
[2025-10-15T17:12:44.503+0000] {logging_mixin.py:188} INFO - [2025-10-15T17:12:44.503+0000] {dag.py:3947} INFO - Setting next_dagrun for example_short_circuit_operator to 2025-10-14 00:00:00+00:00, run_after=2025-10-15 00:00:00+00:00
[2025-10-15T17:12:44.514+0000] {processor.py:183} INFO - Processing /home/airflow/.local/lib/python3.12/site-packages/airflow/example_dags/example_short_circuit_operator.py took 0.054 seconds
[2025-10-15T17:13:14.729+0000] {processor.py:161} INFO - Started process (PID=665) to work on /home/airflow/.local/lib/python3.12/site-packages/airflow/example_dags/example_short_circuit_operator.py
[2025-10-15T17:13:14.732+0000] {processor.py:830} INFO - Processing file /home/airflow/.local/lib/python3.12/site-packages/airflow/example_dags/example_short_circuit_operator.py for tasks to queue
[2025-10-15T17:13:14.733+0000] {logging_mixin.py:188} INFO - [2025-10-15T17:13:14.733+0000] {dagbag.py:545} INFO - Filling up the DagBag from /home/airflow/.local/lib/python3.12/site-packages/airflow/example_dags/example_short_circuit_operator.py
[2025-10-15T17:13:14.738+0000] {processor.py:840} INFO - DAG(s) 'example_short_circuit_operator' retrieved from /home/airflow/.local/lib/python3.12/site-packages/airflow/example_dags/example_short_circuit_operator.py
[2025-10-15T17:13:14.751+0000] {logging_mixin.py:188} INFO - [2025-10-15T17:13:14.751+0000] {dag.py:3089} INFO - Sync 1 DAGs
[2025-10-15T17:13:14.766+0000] {logging_mixin.py:188} INFO - [2025-10-15T17:13:14.766+0000] {dag.py:3947} INFO - Setting next_dagrun for example_short_circuit_operator to 2025-10-14 00:00:00+00:00, run_after=2025-10-15 00:00:00+00:00
[2025-10-15T17:13:14.777+0000] {processor.py:183} INFO - Processing /home/airflow/.local/lib/python3.12/site-packages/airflow/example_dags/example_short_circuit_operator.py took 0.052 seconds
[2025-10-15T17:13:45.821+0000] {processor.py:161} INFO - Started process (PID=724) to work on /home/airflow/.local/lib/python3.12/site-packages/airflow/example_dags/example_short_circuit_operator.py
[2025-10-15T17:13:45.822+0000] {processor.py:830} INFO - Processing file /home/airflow/.local/lib/python3.12/site-packages/airflow/example_dags/example_short_circuit_operator.py for tasks to queue
[2025-10-15T17:13:45.823+0000] {logging_mixin.py:188} INFO - [2025-10-15T17:13:45.823+0000] {dagbag.py:545} INFO - Filling up the DagBag from /home/airflow/.local/lib/python3.12/site-packages/airflow/example_dags/example_short_circuit_operator.py
[2025-10-15T17:13:45.828+0000] {processor.py:840} INFO - DAG(s) 'example_short_circuit_operator' retrieved from /home/airflow/.local/lib/python3.12/site-packages/airflow/example_dags/example_short_circuit_operator.py
[2025-10-15T17:13:45.844+0000] {logging_mixin.py:188} INFO - [2025-10-15T17:13:45.843+0000] {dag.py:3089} INFO - Sync 1 DAGs
[2025-10-15T17:13:45.857+0000] {logging_mixin.py:188} INFO - [2025-10-15T17:13:45.857+0000] {dag.py:3947} INFO - Setting next_dagrun for example_short_circuit_operator to 2025-10-14 00:00:00+00:00, run_after=2025-10-15 00:00:00+00:00
[2025-10-15T17:13:45.870+0000] {processor.py:183} INFO - Processing /home/airflow/.local/lib/python3.12/site-packages/airflow/example_dags/example_short_circuit_operator.py took 0.054 seconds
[2025-10-15T17:14:16.212+0000] {processor.py:161} INFO - Started process (PID=782) to work on /home/airflow/.local/lib/python3.12/site-packages/airflow/example_dags/example_short_circuit_operator.py
[2025-10-15T17:14:16.212+0000] {processor.py:830} INFO - Processing file /home/airflow/.local/lib/python3.12/site-packages/airflow/example_dags/example_short_circuit_operator.py for tasks to queue
[2025-10-15T17:14:16.214+0000] {logging_mixin.py:188} INFO - [2025-10-15T17:14:16.213+0000] {dagbag.py:545} INFO - Filling up the DagBag from /home/airflow/.local/lib/python3.12/site-packages/airflow/example_dags/example_short_circuit_operator.py
[2025-10-15T17:14:16.218+0000] {processor.py:840} INFO - DAG(s) 'example_short_circuit_operator' retrieved from /home/airflow/.local/lib/python3.12/site-packages/airflow/example_dags/example_short_circuit_operator.py
[2025-10-15T17:14:16.232+0000] {logging_mixin.py:188} INFO - [2025-10-15T17:14:16.232+0000] {dag.py:3089} INFO - Sync 1 DAGs
[2025-10-15T17:14:16.248+0000] {logging_mixin.py:188} INFO - [2025-10-15T17:14:16.248+0000] {dag.py:3947} INFO - Setting next_dagrun for example_short_circuit_operator to 2025-10-14 00:00:00+00:00, run_after=2025-10-15 00:00:00+00:00
[2025-10-15T17:14:16.258+0000] {processor.py:183} INFO - Processing /home/airflow/.local/lib/python3.12/site-packages/airflow/example_dags/example_short_circuit_operator.py took 0.050 seconds
[2025-10-15T17:14:46.271+0000] {processor.py:161} INFO - Started process (PID=839) to work on /home/airflow/.local/lib/python3.12/site-packages/airflow/example_dags/example_short_circuit_operator.py
[2025-10-15T17:14:46.272+0000] {processor.py:830} INFO - Processing file /home/airflow/.local/lib/python3.12/site-packages/airflow/example_dags/example_short_circuit_operator.py for tasks to queue
[2025-10-15T17:14:46.273+0000] {logging_mixin.py:188} INFO - [2025-10-15T17:14:46.273+0000] {dagbag.py:545} INFO - Filling up the DagBag from /home/airflow/.local/lib/python3.12/site-packages/airflow/example_dags/example_short_circuit_operator.py
[2025-10-15T17:14:46.277+0000] {processor.py:840} INFO - DAG(s) 'example_short_circuit_operator' retrieved from /home/airflow/.local/lib/python3.12/site-packages/airflow/example_dags/example_short_circuit_operator.py
[2025-10-15T17:14:46.290+0000] {logging_mixin.py:188} INFO - [2025-10-15T17:14:46.290+0000] {dag.py:3089} INFO - Sync 1 DAGs
[2025-10-15T17:14:46.302+0000] {logging_mixin.py:188} INFO - [2025-10-15T17:14:46.302+0000] {dag.py:3947} INFO - Setting next_dagrun for example_short_circuit_operator to 2025-10-14 00:00:00+00:00, run_after=2025-10-15 00:00:00+00:00
[2025-10-15T17:14:46.312+0000] {processor.py:183} INFO - Processing /home/airflow/.local/lib/python3.12/site-packages/airflow/example_dags/example_short_circuit_operator.py took 0.044 seconds
[2025-10-15T17:15:16.585+0000] {processor.py:161} INFO - Started process (PID=897) to work on /home/airflow/.local/lib/python3.12/site-packages/airflow/example_dags/example_short_circuit_operator.py
[2025-10-15T17:15:16.588+0000] {processor.py:830} INFO - Processing file /home/airflow/.local/lib/python3.12/site-packages/airflow/example_dags/example_short_circuit_operator.py for tasks to queue
[2025-10-15T17:15:16.589+0000] {logging_mixin.py:188} INFO - [2025-10-15T17:15:16.589+0000] {dagbag.py:545} INFO - Filling up the DagBag from /home/airflow/.local/lib/python3.12/site-packages/airflow/example_dags/example_short_circuit_operator.py
[2025-10-15T17:15:16.593+0000] {processor.py:840} INFO - DAG(s) 'example_short_circuit_operator' retrieved from /home/airflow/.local/lib/python3.12/site-packages/airflow/example_dags/example_short_circuit_operator.py
[2025-10-15T17:15:16.608+0000] {logging_mixin.py:188} INFO - [2025-10-15T17:15:16.608+0000] {dag.py:3089} INFO - Sync 1 DAGs
[2025-10-15T17:15:16.623+0000] {logging_mixin.py:188} INFO - [2025-10-15T17:15:16.623+0000] {dag.py:3947} INFO - Setting next_dagrun for example_short_circuit_operator to 2025-10-14 00:00:00+00:00, run_after=2025-10-15 00:00:00+00:00
[2025-10-15T17:15:16.634+0000] {processor.py:183} INFO - Processing /home/airflow/.local/lib/python3.12/site-packages/airflow/example_dags/example_short_circuit_operator.py took 0.053 seconds
[2025-10-15T17:19:47.950+0000] {processor.py:161} INFO - Started process (PID=81) to work on /home/airflow/.local/lib/python3.12/site-packages/airflow/example_dags/example_short_circuit_operator.py
[2025-10-15T17:19:47.951+0000] {processor.py:830} INFO - Processing file /home/airflow/.local/lib/python3.12/site-packages/airflow/example_dags/example_short_circuit_operator.py for tasks to queue
[2025-10-15T17:19:47.952+0000] {logging_mixin.py:188} INFO - [2025-10-15T17:19:47.952+0000] {dagbag.py:545} INFO - Filling up the DagBag from /home/airflow/.local/lib/python3.12/site-packages/airflow/example_dags/example_short_circuit_operator.py
[2025-10-15T17:19:47.961+0000] {processor.py:840} INFO - DAG(s) 'example_short_circuit_operator' retrieved from /home/airflow/.local/lib/python3.12/site-packages/airflow/example_dags/example_short_circuit_operator.py
[2025-10-15T17:19:48.054+0000] {logging_mixin.py:188} INFO - [2025-10-15T17:19:48.053+0000] {dag.py:3089} INFO - Sync 1 DAGs
[2025-10-15T17:19:48.072+0000] {logging_mixin.py:188} INFO - [2025-10-15T17:19:48.072+0000] {dag.py:3947} INFO - Setting next_dagrun for example_short_circuit_operator to 2025-10-14 00:00:00+00:00, run_after=2025-10-15 00:00:00+00:00
[2025-10-15T17:19:48.095+0000] {processor.py:183} INFO - Processing /home/airflow/.local/lib/python3.12/site-packages/airflow/example_dags/example_short_circuit_operator.py took 0.151 seconds
[2025-10-15T17:20:19.290+0000] {processor.py:161} INFO - Started process (PID=139) to work on /home/airflow/.local/lib/python3.12/site-packages/airflow/example_dags/example_short_circuit_operator.py
[2025-10-15T17:20:19.292+0000] {processor.py:830} INFO - Processing file /home/airflow/.local/lib/python3.12/site-packages/airflow/example_dags/example_short_circuit_operator.py for tasks to queue
[2025-10-15T17:20:19.294+0000] {logging_mixin.py:188} INFO - [2025-10-15T17:20:19.294+0000] {dagbag.py:545} INFO - Filling up the DagBag from /home/airflow/.local/lib/python3.12/site-packages/airflow/example_dags/example_short_circuit_operator.py
[2025-10-15T17:20:19.307+0000] {processor.py:840} INFO - DAG(s) 'example_short_circuit_operator' retrieved from /home/airflow/.local/lib/python3.12/site-packages/airflow/example_dags/example_short_circuit_operator.py
[2025-10-15T17:20:19.350+0000] {logging_mixin.py:188} INFO - [2025-10-15T17:20:19.350+0000] {dag.py:3089} INFO - Sync 1 DAGs
[2025-10-15T17:20:19.431+0000] {logging_mixin.py:188} INFO - [2025-10-15T17:20:19.431+0000] {dag.py:3947} INFO - Setting next_dagrun for example_short_circuit_operator to 2025-10-14 00:00:00+00:00, run_after=2025-10-15 00:00:00+00:00
[2025-10-15T17:20:19.489+0000] {processor.py:183} INFO - Processing /home/airflow/.local/lib/python3.12/site-packages/airflow/example_dags/example_short_circuit_operator.py took 0.208 seconds
[2025-10-15T17:20:50.295+0000] {processor.py:161} INFO - Started process (PID=197) to work on /home/airflow/.local/lib/python3.12/site-packages/airflow/example_dags/example_short_circuit_operator.py
[2025-10-15T17:20:50.296+0000] {processor.py:830} INFO - Processing file /home/airflow/.local/lib/python3.12/site-packages/airflow/example_dags/example_short_circuit_operator.py for tasks to queue
[2025-10-15T17:20:50.298+0000] {logging_mixin.py:188} INFO - [2025-10-15T17:20:50.298+0000] {dagbag.py:545} INFO - Filling up the DagBag from /home/airflow/.local/lib/python3.12/site-packages/airflow/example_dags/example_short_circuit_operator.py
[2025-10-15T17:20:50.305+0000] {processor.py:840} INFO - DAG(s) 'example_short_circuit_operator' retrieved from /home/airflow/.local/lib/python3.12/site-packages/airflow/example_dags/example_short_circuit_operator.py
[2025-10-15T17:20:50.321+0000] {logging_mixin.py:188} INFO - [2025-10-15T17:20:50.320+0000] {dag.py:3089} INFO - Sync 1 DAGs
[2025-10-15T17:20:50.333+0000] {logging_mixin.py:188} INFO - [2025-10-15T17:20:50.333+0000] {dag.py:3947} INFO - Setting next_dagrun for example_short_circuit_operator to 2025-10-14 00:00:00+00:00, run_after=2025-10-15 00:00:00+00:00
[2025-10-15T17:20:50.347+0000] {processor.py:183} INFO - Processing /home/airflow/.local/lib/python3.12/site-packages/airflow/example_dags/example_short_circuit_operator.py took 0.056 seconds
[2025-10-15T17:21:21.155+0000] {processor.py:161} INFO - Started process (PID=255) to work on /home/airflow/.local/lib/python3.12/site-packages/airflow/example_dags/example_short_circuit_operator.py
[2025-10-15T17:21:21.156+0000] {processor.py:830} INFO - Processing file /home/airflow/.local/lib/python3.12/site-packages/airflow/example_dags/example_short_circuit_operator.py for tasks to queue
[2025-10-15T17:21:21.157+0000] {logging_mixin.py:188} INFO - [2025-10-15T17:21:21.157+0000] {dagbag.py:545} INFO - Filling up the DagBag from /home/airflow/.local/lib/python3.12/site-packages/airflow/example_dags/example_short_circuit_operator.py
[2025-10-15T17:21:21.164+0000] {processor.py:840} INFO - DAG(s) 'example_short_circuit_operator' retrieved from /home/airflow/.local/lib/python3.12/site-packages/airflow/example_dags/example_short_circuit_operator.py
[2025-10-15T17:21:21.184+0000] {logging_mixin.py:188} INFO - [2025-10-15T17:21:21.183+0000] {dag.py:3089} INFO - Sync 1 DAGs
[2025-10-15T17:21:21.198+0000] {logging_mixin.py:188} INFO - [2025-10-15T17:21:21.198+0000] {dag.py:3947} INFO - Setting next_dagrun for example_short_circuit_operator to 2025-10-14 00:00:00+00:00, run_after=2025-10-15 00:00:00+00:00
[2025-10-15T17:21:21.211+0000] {processor.py:183} INFO - Processing /home/airflow/.local/lib/python3.12/site-packages/airflow/example_dags/example_short_circuit_operator.py took 0.066 seconds
[2025-10-15T17:21:52.170+0000] {processor.py:161} INFO - Started process (PID=313) to work on /home/airflow/.local/lib/python3.12/site-packages/airflow/example_dags/example_short_circuit_operator.py
[2025-10-15T17:21:52.176+0000] {processor.py:830} INFO - Processing file /home/airflow/.local/lib/python3.12/site-packages/airflow/example_dags/example_short_circuit_operator.py for tasks to queue
[2025-10-15T17:21:52.177+0000] {logging_mixin.py:188} INFO - [2025-10-15T17:21:52.177+0000] {dagbag.py:545} INFO - Filling up the DagBag from /home/airflow/.local/lib/python3.12/site-packages/airflow/example_dags/example_short_circuit_operator.py
[2025-10-15T17:21:52.181+0000] {processor.py:840} INFO - DAG(s) 'example_short_circuit_operator' retrieved from /home/airflow/.local/lib/python3.12/site-packages/airflow/example_dags/example_short_circuit_operator.py
[2025-10-15T17:21:52.198+0000] {logging_mixin.py:188} INFO - [2025-10-15T17:21:52.198+0000] {dag.py:3089} INFO - Sync 1 DAGs
[2025-10-15T17:21:52.213+0000] {logging_mixin.py:188} INFO - [2025-10-15T17:21:52.213+0000] {dag.py:3947} INFO - Setting next_dagrun for example_short_circuit_operator to 2025-10-14 00:00:00+00:00, run_after=2025-10-15 00:00:00+00:00
[2025-10-15T17:21:52.233+0000] {processor.py:183} INFO - Processing /home/airflow/.local/lib/python3.12/site-packages/airflow/example_dags/example_short_circuit_operator.py took 0.066 seconds
[2025-10-15T17:22:22.265+0000] {processor.py:161} INFO - Started process (PID=370) to work on /home/airflow/.local/lib/python3.12/site-packages/airflow/example_dags/example_short_circuit_operator.py
[2025-10-15T17:22:22.265+0000] {processor.py:830} INFO - Processing file /home/airflow/.local/lib/python3.12/site-packages/airflow/example_dags/example_short_circuit_operator.py for tasks to queue
[2025-10-15T17:22:22.267+0000] {logging_mixin.py:188} INFO - [2025-10-15T17:22:22.266+0000] {dagbag.py:545} INFO - Filling up the DagBag from /home/airflow/.local/lib/python3.12/site-packages/airflow/example_dags/example_short_circuit_operator.py
[2025-10-15T17:22:22.272+0000] {processor.py:840} INFO - DAG(s) 'example_short_circuit_operator' retrieved from /home/airflow/.local/lib/python3.12/site-packages/airflow/example_dags/example_short_circuit_operator.py
[2025-10-15T17:22:22.288+0000] {logging_mixin.py:188} INFO - [2025-10-15T17:22:22.288+0000] {dag.py:3089} INFO - Sync 1 DAGs
[2025-10-15T17:22:22.301+0000] {logging_mixin.py:188} INFO - [2025-10-15T17:22:22.301+0000] {dag.py:3947} INFO - Setting next_dagrun for example_short_circuit_operator to 2025-10-14 00:00:00+00:00, run_after=2025-10-15 00:00:00+00:00
[2025-10-15T17:22:22.311+0000] {processor.py:183} INFO - Processing /home/airflow/.local/lib/python3.12/site-packages/airflow/example_dags/example_short_circuit_operator.py took 0.051 seconds
[2025-10-15T17:22:52.471+0000] {processor.py:161} INFO - Started process (PID=428) to work on /home/airflow/.local/lib/python3.12/site-packages/airflow/example_dags/example_short_circuit_operator.py
[2025-10-15T17:22:52.472+0000] {processor.py:830} INFO - Processing file /home/airflow/.local/lib/python3.12/site-packages/airflow/example_dags/example_short_circuit_operator.py for tasks to queue
[2025-10-15T17:22:52.473+0000] {logging_mixin.py:188} INFO - [2025-10-15T17:22:52.473+0000] {dagbag.py:545} INFO - Filling up the DagBag from /home/airflow/.local/lib/python3.12/site-packages/airflow/example_dags/example_short_circuit_operator.py
[2025-10-15T17:22:52.479+0000] {processor.py:840} INFO - DAG(s) 'example_short_circuit_operator' retrieved from /home/airflow/.local/lib/python3.12/site-packages/airflow/example_dags/example_short_circuit_operator.py
[2025-10-15T17:22:52.497+0000] {logging_mixin.py:188} INFO - [2025-10-15T17:22:52.497+0000] {dag.py:3089} INFO - Sync 1 DAGs
[2025-10-15T17:22:52.512+0000] {logging_mixin.py:188} INFO - [2025-10-15T17:22:52.512+0000] {dag.py:3947} INFO - Setting next_dagrun for example_short_circuit_operator to 2025-10-14 00:00:00+00:00, run_after=2025-10-15 00:00:00+00:00
[2025-10-15T17:22:52.524+0000] {processor.py:183} INFO - Processing /home/airflow/.local/lib/python3.12/site-packages/airflow/example_dags/example_short_circuit_operator.py took 0.058 seconds
[2025-10-15T17:23:23.502+0000] {processor.py:161} INFO - Started process (PID=486) to work on /home/airflow/.local/lib/python3.12/site-packages/airflow/example_dags/example_short_circuit_operator.py
[2025-10-15T17:23:23.503+0000] {processor.py:830} INFO - Processing file /home/airflow/.local/lib/python3.12/site-packages/airflow/example_dags/example_short_circuit_operator.py for tasks to queue
[2025-10-15T17:23:23.504+0000] {logging_mixin.py:188} INFO - [2025-10-15T17:23:23.504+0000] {dagbag.py:545} INFO - Filling up the DagBag from /home/airflow/.local/lib/python3.12/site-packages/airflow/example_dags/example_short_circuit_operator.py
[2025-10-15T17:23:23.509+0000] {processor.py:840} INFO - DAG(s) 'example_short_circuit_operator' retrieved from /home/airflow/.local/lib/python3.12/site-packages/airflow/example_dags/example_short_circuit_operator.py
[2025-10-15T17:23:23.524+0000] {logging_mixin.py:188} INFO - [2025-10-15T17:23:23.524+0000] {dag.py:3089} INFO - Sync 1 DAGs
[2025-10-15T17:23:23.537+0000] {logging_mixin.py:188} INFO - [2025-10-15T17:23:23.536+0000] {dag.py:3947} INFO - Setting next_dagrun for example_short_circuit_operator to 2025-10-14 00:00:00+00:00, run_after=2025-10-15 00:00:00+00:00
[2025-10-15T17:23:23.547+0000] {processor.py:183} INFO - Processing /home/airflow/.local/lib/python3.12/site-packages/airflow/example_dags/example_short_circuit_operator.py took 0.049 seconds
[2025-10-15T17:23:53.814+0000] {processor.py:161} INFO - Started process (PID=544) to work on /home/airflow/.local/lib/python3.12/site-packages/airflow/example_dags/example_short_circuit_operator.py
[2025-10-15T17:23:53.815+0000] {processor.py:830} INFO - Processing file /home/airflow/.local/lib/python3.12/site-packages/airflow/example_dags/example_short_circuit_operator.py for tasks to queue
[2025-10-15T17:23:53.816+0000] {logging_mixin.py:188} INFO - [2025-10-15T17:23:53.816+0000] {dagbag.py:545} INFO - Filling up the DagBag from /home/airflow/.local/lib/python3.12/site-packages/airflow/example_dags/example_short_circuit_operator.py
[2025-10-15T17:23:53.823+0000] {processor.py:840} INFO - DAG(s) 'example_short_circuit_operator' retrieved from /home/airflow/.local/lib/python3.12/site-packages/airflow/example_dags/example_short_circuit_operator.py
[2025-10-15T17:23:53.839+0000] {logging_mixin.py:188} INFO - [2025-10-15T17:23:53.839+0000] {dag.py:3089} INFO - Sync 1 DAGs
[2025-10-15T17:23:53.852+0000] {logging_mixin.py:188} INFO - [2025-10-15T17:23:53.852+0000] {dag.py:3947} INFO - Setting next_dagrun for example_short_circuit_operator to 2025-10-14 00:00:00+00:00, run_after=2025-10-15 00:00:00+00:00
[2025-10-15T17:23:53.863+0000] {processor.py:183} INFO - Processing /home/airflow/.local/lib/python3.12/site-packages/airflow/example_dags/example_short_circuit_operator.py took 0.054 seconds
[2025-10-15T17:24:24.625+0000] {processor.py:161} INFO - Started process (PID=602) to work on /home/airflow/.local/lib/python3.12/site-packages/airflow/example_dags/example_short_circuit_operator.py
[2025-10-15T17:24:24.626+0000] {processor.py:830} INFO - Processing file /home/airflow/.local/lib/python3.12/site-packages/airflow/example_dags/example_short_circuit_operator.py for tasks to queue
[2025-10-15T17:24:24.628+0000] {logging_mixin.py:188} INFO - [2025-10-15T17:24:24.628+0000] {dagbag.py:545} INFO - Filling up the DagBag from /home/airflow/.local/lib/python3.12/site-packages/airflow/example_dags/example_short_circuit_operator.py
[2025-10-15T17:24:24.633+0000] {processor.py:840} INFO - DAG(s) 'example_short_circuit_operator' retrieved from /home/airflow/.local/lib/python3.12/site-packages/airflow/example_dags/example_short_circuit_operator.py
[2025-10-15T17:24:24.649+0000] {logging_mixin.py:188} INFO - [2025-10-15T17:24:24.649+0000] {dag.py:3089} INFO - Sync 1 DAGs
[2025-10-15T17:24:24.663+0000] {logging_mixin.py:188} INFO - [2025-10-15T17:24:24.663+0000] {dag.py:3947} INFO - Setting next_dagrun for example_short_circuit_operator to 2025-10-14 00:00:00+00:00, run_after=2025-10-15 00:00:00+00:00
[2025-10-15T17:24:24.673+0000] {processor.py:183} INFO - Processing /home/airflow/.local/lib/python3.12/site-packages/airflow/example_dags/example_short_circuit_operator.py took 0.054 seconds
