[2025-10-15T17:08:08.558+0000] {processor.py:161} INFO - Started process (PID=79) to work on /home/airflow/.local/lib/python3.12/site-packages/airflow/example_dags/example_latest_only.py
[2025-10-15T17:08:08.560+0000] {processor.py:830} INFO - Processing file /home/airflow/.local/lib/python3.12/site-packages/airflow/example_dags/example_latest_only.py for tasks to queue
[2025-10-15T17:08:08.565+0000] {logging_mixin.py:188} INFO - [2025-10-15T17:08:08.565+0000] {dagbag.py:545} INFO - Filling up the DagBag from /home/airflow/.local/lib/python3.12/site-packages/airflow/example_dags/example_latest_only.py
[2025-10-15T17:08:08.572+0000] {processor.py:840} INFO - DAG(s) 'latest_only' retrieved from /home/airflow/.local/lib/python3.12/site-packages/airflow/example_dags/example_latest_only.py
[2025-10-15T17:08:08.701+0000] {logging_mixin.py:188} INFO - [2025-10-15T17:08:08.700+0000] {override.py:1858} INFO - Created Permission View: can edit on DAG:latest_only
[2025-10-15T17:08:08.714+0000] {logging_mixin.py:188} INFO - [2025-10-15T17:08:08.713+0000] {override.py:1858} INFO - Created Permission View: can delete on DAG:latest_only
[2025-10-15T17:08:08.724+0000] {logging_mixin.py:188} INFO - [2025-10-15T17:08:08.723+0000] {override.py:1858} INFO - Created Permission View: can read on DAG:latest_only
[2025-10-15T17:08:08.725+0000] {logging_mixin.py:188} INFO - [2025-10-15T17:08:08.724+0000] {dag.py:3089} INFO - Sync 1 DAGs
[2025-10-15T17:08:08.740+0000] {logging_mixin.py:188} INFO - [2025-10-15T17:08:08.740+0000] {dag.py:3111} INFO - Creating ORM DAG for latest_only
[2025-10-15T17:08:08.755+0000] {logging_mixin.py:188} INFO - [2025-10-15T17:08:08.755+0000] {dag.py:3947} INFO - Setting next_dagrun for latest_only to 2025-10-15 12:00:00+00:00, run_after=2025-10-15 16:00:00+00:00
[2025-10-15T17:08:08.775+0000] {processor.py:183} INFO - Processing /home/airflow/.local/lib/python3.12/site-packages/airflow/example_dags/example_latest_only.py took 0.222 seconds
[2025-10-15T17:08:38.942+0000] {processor.py:161} INFO - Started process (PID=137) to work on /home/airflow/.local/lib/python3.12/site-packages/airflow/example_dags/example_latest_only.py
[2025-10-15T17:08:38.943+0000] {processor.py:830} INFO - Processing file /home/airflow/.local/lib/python3.12/site-packages/airflow/example_dags/example_latest_only.py for tasks to queue
[2025-10-15T17:08:38.944+0000] {logging_mixin.py:188} INFO - [2025-10-15T17:08:38.944+0000] {dagbag.py:545} INFO - Filling up the DagBag from /home/airflow/.local/lib/python3.12/site-packages/airflow/example_dags/example_latest_only.py
[2025-10-15T17:08:38.947+0000] {processor.py:840} INFO - DAG(s) 'latest_only' retrieved from /home/airflow/.local/lib/python3.12/site-packages/airflow/example_dags/example_latest_only.py
[2025-10-15T17:08:38.959+0000] {logging_mixin.py:188} INFO - [2025-10-15T17:08:38.959+0000] {dag.py:3089} INFO - Sync 1 DAGs
[2025-10-15T17:08:38.970+0000] {logging_mixin.py:188} INFO - [2025-10-15T17:08:38.970+0000] {dag.py:3947} INFO - Setting next_dagrun for latest_only to 2025-10-15 12:00:00+00:00, run_after=2025-10-15 16:00:00+00:00
[2025-10-15T17:08:38.981+0000] {processor.py:183} INFO - Processing /home/airflow/.local/lib/python3.12/site-packages/airflow/example_dags/example_latest_only.py took 0.042 seconds
[2025-10-15T17:09:09.599+0000] {processor.py:161} INFO - Started process (PID=195) to work on /home/airflow/.local/lib/python3.12/site-packages/airflow/example_dags/example_latest_only.py
[2025-10-15T17:09:09.600+0000] {processor.py:830} INFO - Processing file /home/airflow/.local/lib/python3.12/site-packages/airflow/example_dags/example_latest_only.py for tasks to queue
[2025-10-15T17:09:09.601+0000] {logging_mixin.py:188} INFO - [2025-10-15T17:09:09.601+0000] {dagbag.py:545} INFO - Filling up the DagBag from /home/airflow/.local/lib/python3.12/site-packages/airflow/example_dags/example_latest_only.py
[2025-10-15T17:09:09.604+0000] {processor.py:840} INFO - DAG(s) 'latest_only' retrieved from /home/airflow/.local/lib/python3.12/site-packages/airflow/example_dags/example_latest_only.py
[2025-10-15T17:09:09.617+0000] {logging_mixin.py:188} INFO - [2025-10-15T17:09:09.616+0000] {dag.py:3089} INFO - Sync 1 DAGs
[2025-10-15T17:09:09.629+0000] {logging_mixin.py:188} INFO - [2025-10-15T17:09:09.629+0000] {dag.py:3947} INFO - Setting next_dagrun for latest_only to 2025-10-15 12:00:00+00:00, run_after=2025-10-15 16:00:00+00:00
[2025-10-15T17:09:09.638+0000] {processor.py:183} INFO - Processing /home/airflow/.local/lib/python3.12/site-packages/airflow/example_dags/example_latest_only.py took 0.043 seconds
[2025-10-15T17:09:40.349+0000] {processor.py:161} INFO - Started process (PID=253) to work on /home/airflow/.local/lib/python3.12/site-packages/airflow/example_dags/example_latest_only.py
[2025-10-15T17:09:40.350+0000] {processor.py:830} INFO - Processing file /home/airflow/.local/lib/python3.12/site-packages/airflow/example_dags/example_latest_only.py for tasks to queue
[2025-10-15T17:09:40.354+0000] {logging_mixin.py:188} INFO - [2025-10-15T17:09:40.353+0000] {dagbag.py:545} INFO - Filling up the DagBag from /home/airflow/.local/lib/python3.12/site-packages/airflow/example_dags/example_latest_only.py
[2025-10-15T17:09:40.360+0000] {processor.py:840} INFO - DAG(s) 'latest_only' retrieved from /home/airflow/.local/lib/python3.12/site-packages/airflow/example_dags/example_latest_only.py
[2025-10-15T17:09:40.389+0000] {logging_mixin.py:188} INFO - [2025-10-15T17:09:40.388+0000] {dag.py:3089} INFO - Sync 1 DAGs
[2025-10-15T17:09:40.412+0000] {logging_mixin.py:188} INFO - [2025-10-15T17:09:40.412+0000] {dag.py:3947} INFO - Setting next_dagrun for latest_only to 2025-10-15 12:00:00+00:00, run_after=2025-10-15 16:00:00+00:00
[2025-10-15T17:09:40.431+0000] {processor.py:183} INFO - Processing /home/airflow/.local/lib/python3.12/site-packages/airflow/example_dags/example_latest_only.py took 0.088 seconds
[2025-10-15T17:10:11.152+0000] {processor.py:161} INFO - Started process (PID=311) to work on /home/airflow/.local/lib/python3.12/site-packages/airflow/example_dags/example_latest_only.py
[2025-10-15T17:10:11.156+0000] {processor.py:830} INFO - Processing file /home/airflow/.local/lib/python3.12/site-packages/airflow/example_dags/example_latest_only.py for tasks to queue
[2025-10-15T17:10:11.157+0000] {logging_mixin.py:188} INFO - [2025-10-15T17:10:11.157+0000] {dagbag.py:545} INFO - Filling up the DagBag from /home/airflow/.local/lib/python3.12/site-packages/airflow/example_dags/example_latest_only.py
[2025-10-15T17:10:11.161+0000] {processor.py:840} INFO - DAG(s) 'latest_only' retrieved from /home/airflow/.local/lib/python3.12/site-packages/airflow/example_dags/example_latest_only.py
[2025-10-15T17:10:11.185+0000] {logging_mixin.py:188} INFO - [2025-10-15T17:10:11.184+0000] {dag.py:3089} INFO - Sync 1 DAGs
[2025-10-15T17:10:11.202+0000] {logging_mixin.py:188} INFO - [2025-10-15T17:10:11.202+0000] {dag.py:3947} INFO - Setting next_dagrun for latest_only to 2025-10-15 12:00:00+00:00, run_after=2025-10-15 16:00:00+00:00
[2025-10-15T17:10:11.221+0000] {processor.py:183} INFO - Processing /home/airflow/.local/lib/python3.12/site-packages/airflow/example_dags/example_latest_only.py took 0.073 seconds
[2025-10-15T17:10:41.368+0000] {processor.py:161} INFO - Started process (PID=369) to work on /home/airflow/.local/lib/python3.12/site-packages/airflow/example_dags/example_latest_only.py
[2025-10-15T17:10:41.371+0000] {processor.py:830} INFO - Processing file /home/airflow/.local/lib/python3.12/site-packages/airflow/example_dags/example_latest_only.py for tasks to queue
[2025-10-15T17:10:41.374+0000] {logging_mixin.py:188} INFO - [2025-10-15T17:10:41.374+0000] {dagbag.py:545} INFO - Filling up the DagBag from /home/airflow/.local/lib/python3.12/site-packages/airflow/example_dags/example_latest_only.py
[2025-10-15T17:10:41.377+0000] {processor.py:840} INFO - DAG(s) 'latest_only' retrieved from /home/airflow/.local/lib/python3.12/site-packages/airflow/example_dags/example_latest_only.py
[2025-10-15T17:10:41.395+0000] {logging_mixin.py:188} INFO - [2025-10-15T17:10:41.395+0000] {dag.py:3089} INFO - Sync 1 DAGs
[2025-10-15T17:10:41.409+0000] {logging_mixin.py:188} INFO - [2025-10-15T17:10:41.409+0000] {dag.py:3947} INFO - Setting next_dagrun for latest_only to 2025-10-15 12:00:00+00:00, run_after=2025-10-15 16:00:00+00:00
[2025-10-15T17:10:41.423+0000] {processor.py:183} INFO - Processing /home/airflow/.local/lib/python3.12/site-packages/airflow/example_dags/example_latest_only.py took 0.059 seconds
[2025-10-15T17:11:11.749+0000] {processor.py:161} INFO - Started process (PID=427) to work on /home/airflow/.local/lib/python3.12/site-packages/airflow/example_dags/example_latest_only.py
[2025-10-15T17:11:11.749+0000] {processor.py:830} INFO - Processing file /home/airflow/.local/lib/python3.12/site-packages/airflow/example_dags/example_latest_only.py for tasks to queue
[2025-10-15T17:11:11.751+0000] {logging_mixin.py:188} INFO - [2025-10-15T17:11:11.751+0000] {dagbag.py:545} INFO - Filling up the DagBag from /home/airflow/.local/lib/python3.12/site-packages/airflow/example_dags/example_latest_only.py
[2025-10-15T17:11:11.757+0000] {processor.py:840} INFO - DAG(s) 'latest_only' retrieved from /home/airflow/.local/lib/python3.12/site-packages/airflow/example_dags/example_latest_only.py
[2025-10-15T17:11:11.776+0000] {logging_mixin.py:188} INFO - [2025-10-15T17:11:11.775+0000] {dag.py:3089} INFO - Sync 1 DAGs
[2025-10-15T17:11:11.795+0000] {logging_mixin.py:188} INFO - [2025-10-15T17:11:11.795+0000] {dag.py:3947} INFO - Setting next_dagrun for latest_only to 2025-10-15 12:00:00+00:00, run_after=2025-10-15 16:00:00+00:00
[2025-10-15T17:11:11.813+0000] {processor.py:183} INFO - Processing /home/airflow/.local/lib/python3.12/site-packages/airflow/example_dags/example_latest_only.py took 0.068 seconds
[2025-10-15T17:11:42.019+0000] {processor.py:161} INFO - Started process (PID=485) to work on /home/airflow/.local/lib/python3.12/site-packages/airflow/example_dags/example_latest_only.py
[2025-10-15T17:11:42.024+0000] {processor.py:830} INFO - Processing file /home/airflow/.local/lib/python3.12/site-packages/airflow/example_dags/example_latest_only.py for tasks to queue
[2025-10-15T17:11:42.027+0000] {logging_mixin.py:188} INFO - [2025-10-15T17:11:42.027+0000] {dagbag.py:545} INFO - Filling up the DagBag from /home/airflow/.local/lib/python3.12/site-packages/airflow/example_dags/example_latest_only.py
[2025-10-15T17:11:42.031+0000] {processor.py:840} INFO - DAG(s) 'latest_only' retrieved from /home/airflow/.local/lib/python3.12/site-packages/airflow/example_dags/example_latest_only.py
[2025-10-15T17:11:42.051+0000] {logging_mixin.py:188} INFO - [2025-10-15T17:11:42.051+0000] {dag.py:3089} INFO - Sync 1 DAGs
[2025-10-15T17:11:42.072+0000] {logging_mixin.py:188} INFO - [2025-10-15T17:11:42.072+0000] {dag.py:3947} INFO - Setting next_dagrun for latest_only to 2025-10-15 12:00:00+00:00, run_after=2025-10-15 16:00:00+00:00
[2025-10-15T17:11:42.100+0000] {processor.py:183} INFO - Processing /home/airflow/.local/lib/python3.12/site-packages/airflow/example_dags/example_latest_only.py took 0.087 seconds
[2025-10-15T17:12:12.561+0000] {processor.py:161} INFO - Started process (PID=543) to work on /home/airflow/.local/lib/python3.12/site-packages/airflow/example_dags/example_latest_only.py
[2025-10-15T17:12:12.563+0000] {processor.py:830} INFO - Processing file /home/airflow/.local/lib/python3.12/site-packages/airflow/example_dags/example_latest_only.py for tasks to queue
[2025-10-15T17:12:12.564+0000] {logging_mixin.py:188} INFO - [2025-10-15T17:12:12.564+0000] {dagbag.py:545} INFO - Filling up the DagBag from /home/airflow/.local/lib/python3.12/site-packages/airflow/example_dags/example_latest_only.py
[2025-10-15T17:12:12.567+0000] {processor.py:840} INFO - DAG(s) 'latest_only' retrieved from /home/airflow/.local/lib/python3.12/site-packages/airflow/example_dags/example_latest_only.py
[2025-10-15T17:12:12.583+0000] {logging_mixin.py:188} INFO - [2025-10-15T17:12:12.583+0000] {dag.py:3089} INFO - Sync 1 DAGs
[2025-10-15T17:12:12.599+0000] {logging_mixin.py:188} INFO - [2025-10-15T17:12:12.599+0000] {dag.py:3947} INFO - Setting next_dagrun for latest_only to 2025-10-15 12:00:00+00:00, run_after=2025-10-15 16:00:00+00:00
[2025-10-15T17:12:12.616+0000] {processor.py:183} INFO - Processing /home/airflow/.local/lib/python3.12/site-packages/airflow/example_dags/example_latest_only.py took 0.058 seconds
[2025-10-15T17:12:43.120+0000] {processor.py:161} INFO - Started process (PID=601) to work on /home/airflow/.local/lib/python3.12/site-packages/airflow/example_dags/example_latest_only.py
[2025-10-15T17:12:43.123+0000] {processor.py:830} INFO - Processing file /home/airflow/.local/lib/python3.12/site-packages/airflow/example_dags/example_latest_only.py for tasks to queue
[2025-10-15T17:12:43.125+0000] {logging_mixin.py:188} INFO - [2025-10-15T17:12:43.124+0000] {dagbag.py:545} INFO - Filling up the DagBag from /home/airflow/.local/lib/python3.12/site-packages/airflow/example_dags/example_latest_only.py
[2025-10-15T17:12:43.129+0000] {processor.py:840} INFO - DAG(s) 'latest_only' retrieved from /home/airflow/.local/lib/python3.12/site-packages/airflow/example_dags/example_latest_only.py
[2025-10-15T17:12:43.149+0000] {logging_mixin.py:188} INFO - [2025-10-15T17:12:43.149+0000] {dag.py:3089} INFO - Sync 1 DAGs
[2025-10-15T17:12:43.162+0000] {logging_mixin.py:188} INFO - [2025-10-15T17:12:43.162+0000] {dag.py:3947} INFO - Setting next_dagrun for latest_only to 2025-10-15 12:00:00+00:00, run_after=2025-10-15 16:00:00+00:00
[2025-10-15T17:12:43.175+0000] {processor.py:183} INFO - Processing /home/airflow/.local/lib/python3.12/site-packages/airflow/example_dags/example_latest_only.py took 0.059 seconds
[2025-10-15T17:13:13.407+0000] {processor.py:161} INFO - Started process (PID=659) to work on /home/airflow/.local/lib/python3.12/site-packages/airflow/example_dags/example_latest_only.py
[2025-10-15T17:13:13.408+0000] {processor.py:830} INFO - Processing file /home/airflow/.local/lib/python3.12/site-packages/airflow/example_dags/example_latest_only.py for tasks to queue
[2025-10-15T17:13:13.409+0000] {logging_mixin.py:188} INFO - [2025-10-15T17:13:13.409+0000] {dagbag.py:545} INFO - Filling up the DagBag from /home/airflow/.local/lib/python3.12/site-packages/airflow/example_dags/example_latest_only.py
[2025-10-15T17:13:13.412+0000] {processor.py:840} INFO - DAG(s) 'latest_only' retrieved from /home/airflow/.local/lib/python3.12/site-packages/airflow/example_dags/example_latest_only.py
[2025-10-15T17:13:13.425+0000] {logging_mixin.py:188} INFO - [2025-10-15T17:13:13.425+0000] {dag.py:3089} INFO - Sync 1 DAGs
[2025-10-15T17:13:13.437+0000] {logging_mixin.py:188} INFO - [2025-10-15T17:13:13.437+0000] {dag.py:3947} INFO - Setting next_dagrun for latest_only to 2025-10-15 12:00:00+00:00, run_after=2025-10-15 16:00:00+00:00
[2025-10-15T17:13:13.449+0000] {processor.py:183} INFO - Processing /home/airflow/.local/lib/python3.12/site-packages/airflow/example_dags/example_latest_only.py took 0.046 seconds
[2025-10-15T17:13:43.524+0000] {processor.py:161} INFO - Started process (PID=717) to work on /home/airflow/.local/lib/python3.12/site-packages/airflow/example_dags/example_latest_only.py
[2025-10-15T17:13:43.525+0000] {processor.py:830} INFO - Processing file /home/airflow/.local/lib/python3.12/site-packages/airflow/example_dags/example_latest_only.py for tasks to queue
[2025-10-15T17:13:43.526+0000] {logging_mixin.py:188} INFO - [2025-10-15T17:13:43.526+0000] {dagbag.py:545} INFO - Filling up the DagBag from /home/airflow/.local/lib/python3.12/site-packages/airflow/example_dags/example_latest_only.py
[2025-10-15T17:13:43.530+0000] {processor.py:840} INFO - DAG(s) 'latest_only' retrieved from /home/airflow/.local/lib/python3.12/site-packages/airflow/example_dags/example_latest_only.py
[2025-10-15T17:13:43.546+0000] {logging_mixin.py:188} INFO - [2025-10-15T17:13:43.546+0000] {dag.py:3089} INFO - Sync 1 DAGs
[2025-10-15T17:13:43.559+0000] {logging_mixin.py:188} INFO - [2025-10-15T17:13:43.559+0000] {dag.py:3947} INFO - Setting next_dagrun for latest_only to 2025-10-15 12:00:00+00:00, run_after=2025-10-15 16:00:00+00:00
[2025-10-15T17:13:43.570+0000] {processor.py:183} INFO - Processing /home/airflow/.local/lib/python3.12/site-packages/airflow/example_dags/example_latest_only.py took 0.049 seconds
[2025-10-15T17:14:13.956+0000] {processor.py:161} INFO - Started process (PID=775) to work on /home/airflow/.local/lib/python3.12/site-packages/airflow/example_dags/example_latest_only.py
[2025-10-15T17:14:13.957+0000] {processor.py:830} INFO - Processing file /home/airflow/.local/lib/python3.12/site-packages/airflow/example_dags/example_latest_only.py for tasks to queue
[2025-10-15T17:14:13.961+0000] {logging_mixin.py:188} INFO - [2025-10-15T17:14:13.961+0000] {dagbag.py:545} INFO - Filling up the DagBag from /home/airflow/.local/lib/python3.12/site-packages/airflow/example_dags/example_latest_only.py
[2025-10-15T17:14:13.964+0000] {processor.py:840} INFO - DAG(s) 'latest_only' retrieved from /home/airflow/.local/lib/python3.12/site-packages/airflow/example_dags/example_latest_only.py
[2025-10-15T17:14:13.978+0000] {logging_mixin.py:188} INFO - [2025-10-15T17:14:13.977+0000] {dag.py:3089} INFO - Sync 1 DAGs
[2025-10-15T17:14:13.992+0000] {logging_mixin.py:188} INFO - [2025-10-15T17:14:13.992+0000] {dag.py:3947} INFO - Setting next_dagrun for latest_only to 2025-10-15 12:00:00+00:00, run_after=2025-10-15 16:00:00+00:00
[2025-10-15T17:14:14.005+0000] {processor.py:183} INFO - Processing /home/airflow/.local/lib/python3.12/site-packages/airflow/example_dags/example_latest_only.py took 0.053 seconds
[2025-10-15T17:14:44.059+0000] {processor.py:161} INFO - Started process (PID=833) to work on /home/airflow/.local/lib/python3.12/site-packages/airflow/example_dags/example_latest_only.py
[2025-10-15T17:14:44.060+0000] {processor.py:830} INFO - Processing file /home/airflow/.local/lib/python3.12/site-packages/airflow/example_dags/example_latest_only.py for tasks to queue
[2025-10-15T17:14:44.061+0000] {logging_mixin.py:188} INFO - [2025-10-15T17:14:44.061+0000] {dagbag.py:545} INFO - Filling up the DagBag from /home/airflow/.local/lib/python3.12/site-packages/airflow/example_dags/example_latest_only.py
[2025-10-15T17:14:44.064+0000] {processor.py:840} INFO - DAG(s) 'latest_only' retrieved from /home/airflow/.local/lib/python3.12/site-packages/airflow/example_dags/example_latest_only.py
[2025-10-15T17:14:44.078+0000] {logging_mixin.py:188} INFO - [2025-10-15T17:14:44.077+0000] {dag.py:3089} INFO - Sync 1 DAGs
[2025-10-15T17:14:44.092+0000] {logging_mixin.py:188} INFO - [2025-10-15T17:14:44.092+0000] {dag.py:3947} INFO - Setting next_dagrun for latest_only to 2025-10-15 12:00:00+00:00, run_after=2025-10-15 16:00:00+00:00
[2025-10-15T17:14:44.103+0000] {processor.py:183} INFO - Processing /home/airflow/.local/lib/python3.12/site-packages/airflow/example_dags/example_latest_only.py took 0.047 seconds
[2025-10-15T17:15:14.361+0000] {processor.py:161} INFO - Started process (PID=891) to work on /home/airflow/.local/lib/python3.12/site-packages/airflow/example_dags/example_latest_only.py
[2025-10-15T17:15:14.364+0000] {processor.py:830} INFO - Processing file /home/airflow/.local/lib/python3.12/site-packages/airflow/example_dags/example_latest_only.py for tasks to queue
[2025-10-15T17:15:14.365+0000] {logging_mixin.py:188} INFO - [2025-10-15T17:15:14.365+0000] {dagbag.py:545} INFO - Filling up the DagBag from /home/airflow/.local/lib/python3.12/site-packages/airflow/example_dags/example_latest_only.py
[2025-10-15T17:15:14.367+0000] {processor.py:840} INFO - DAG(s) 'latest_only' retrieved from /home/airflow/.local/lib/python3.12/site-packages/airflow/example_dags/example_latest_only.py
[2025-10-15T17:15:14.379+0000] {logging_mixin.py:188} INFO - [2025-10-15T17:15:14.379+0000] {dag.py:3089} INFO - Sync 1 DAGs
[2025-10-15T17:15:14.393+0000] {logging_mixin.py:188} INFO - [2025-10-15T17:15:14.393+0000] {dag.py:3947} INFO - Setting next_dagrun for latest_only to 2025-10-15 12:00:00+00:00, run_after=2025-10-15 16:00:00+00:00
[2025-10-15T17:15:14.403+0000] {processor.py:183} INFO - Processing /home/airflow/.local/lib/python3.12/site-packages/airflow/example_dags/example_latest_only.py took 0.046 seconds
[2025-10-15T17:19:46.307+0000] {processor.py:161} INFO - Started process (PID=74) to work on /home/airflow/.local/lib/python3.12/site-packages/airflow/example_dags/example_latest_only.py
[2025-10-15T17:19:46.333+0000] {processor.py:830} INFO - Processing file /home/airflow/.local/lib/python3.12/site-packages/airflow/example_dags/example_latest_only.py for tasks to queue
[2025-10-15T17:19:46.345+0000] {logging_mixin.py:188} INFO - [2025-10-15T17:19:46.338+0000] {dagbag.py:545} INFO - Filling up the DagBag from /home/airflow/.local/lib/python3.12/site-packages/airflow/example_dags/example_latest_only.py
[2025-10-15T17:19:46.361+0000] {processor.py:840} INFO - DAG(s) 'latest_only' retrieved from /home/airflow/.local/lib/python3.12/site-packages/airflow/example_dags/example_latest_only.py
[2025-10-15T17:19:46.686+0000] {logging_mixin.py:188} INFO - [2025-10-15T17:19:46.686+0000] {dag.py:3089} INFO - Sync 1 DAGs
[2025-10-15T17:19:46.734+0000] {logging_mixin.py:188} INFO - [2025-10-15T17:19:46.734+0000] {dag.py:3947} INFO - Setting next_dagrun for latest_only to 2025-10-15 12:00:00+00:00, run_after=2025-10-15 16:00:00+00:00
[2025-10-15T17:19:46.769+0000] {processor.py:183} INFO - Processing /home/airflow/.local/lib/python3.12/site-packages/airflow/example_dags/example_latest_only.py took 0.489 seconds
[2025-10-15T17:20:17.309+0000] {processor.py:161} INFO - Started process (PID=132) to work on /home/airflow/.local/lib/python3.12/site-packages/airflow/example_dags/example_latest_only.py
[2025-10-15T17:20:17.309+0000] {processor.py:830} INFO - Processing file /home/airflow/.local/lib/python3.12/site-packages/airflow/example_dags/example_latest_only.py for tasks to queue
[2025-10-15T17:20:17.310+0000] {logging_mixin.py:188} INFO - [2025-10-15T17:20:17.310+0000] {dagbag.py:545} INFO - Filling up the DagBag from /home/airflow/.local/lib/python3.12/site-packages/airflow/example_dags/example_latest_only.py
[2025-10-15T17:20:17.313+0000] {processor.py:840} INFO - DAG(s) 'latest_only' retrieved from /home/airflow/.local/lib/python3.12/site-packages/airflow/example_dags/example_latest_only.py
[2025-10-15T17:20:17.331+0000] {logging_mixin.py:188} INFO - [2025-10-15T17:20:17.330+0000] {dag.py:3089} INFO - Sync 1 DAGs
[2025-10-15T17:20:17.345+0000] {logging_mixin.py:188} INFO - [2025-10-15T17:20:17.345+0000] {dag.py:3947} INFO - Setting next_dagrun for latest_only to 2025-10-15 12:00:00+00:00, run_after=2025-10-15 16:00:00+00:00
[2025-10-15T17:20:17.362+0000] {processor.py:183} INFO - Processing /home/airflow/.local/lib/python3.12/site-packages/airflow/example_dags/example_latest_only.py took 0.058 seconds
[2025-10-15T17:20:47.988+0000] {processor.py:161} INFO - Started process (PID=190) to work on /home/airflow/.local/lib/python3.12/site-packages/airflow/example_dags/example_latest_only.py
[2025-10-15T17:20:47.988+0000] {processor.py:830} INFO - Processing file /home/airflow/.local/lib/python3.12/site-packages/airflow/example_dags/example_latest_only.py for tasks to queue
[2025-10-15T17:20:47.989+0000] {logging_mixin.py:188} INFO - [2025-10-15T17:20:47.989+0000] {dagbag.py:545} INFO - Filling up the DagBag from /home/airflow/.local/lib/python3.12/site-packages/airflow/example_dags/example_latest_only.py
[2025-10-15T17:20:47.993+0000] {processor.py:840} INFO - DAG(s) 'latest_only' retrieved from /home/airflow/.local/lib/python3.12/site-packages/airflow/example_dags/example_latest_only.py
[2025-10-15T17:20:48.009+0000] {logging_mixin.py:188} INFO - [2025-10-15T17:20:48.008+0000] {dag.py:3089} INFO - Sync 1 DAGs
[2025-10-15T17:20:48.027+0000] {logging_mixin.py:188} INFO - [2025-10-15T17:20:48.027+0000] {dag.py:3947} INFO - Setting next_dagrun for latest_only to 2025-10-15 12:00:00+00:00, run_after=2025-10-15 16:00:00+00:00
[2025-10-15T17:20:48.039+0000] {processor.py:183} INFO - Processing /home/airflow/.local/lib/python3.12/site-packages/airflow/example_dags/example_latest_only.py took 0.056 seconds
[2025-10-15T17:21:18.921+0000] {processor.py:161} INFO - Started process (PID=248) to work on /home/airflow/.local/lib/python3.12/site-packages/airflow/example_dags/example_latest_only.py
[2025-10-15T17:21:18.923+0000] {processor.py:830} INFO - Processing file /home/airflow/.local/lib/python3.12/site-packages/airflow/example_dags/example_latest_only.py for tasks to queue
[2025-10-15T17:21:18.924+0000] {logging_mixin.py:188} INFO - [2025-10-15T17:21:18.924+0000] {dagbag.py:545} INFO - Filling up the DagBag from /home/airflow/.local/lib/python3.12/site-packages/airflow/example_dags/example_latest_only.py
[2025-10-15T17:21:18.927+0000] {processor.py:840} INFO - DAG(s) 'latest_only' retrieved from /home/airflow/.local/lib/python3.12/site-packages/airflow/example_dags/example_latest_only.py
[2025-10-15T17:21:18.948+0000] {logging_mixin.py:188} INFO - [2025-10-15T17:21:18.948+0000] {dag.py:3089} INFO - Sync 1 DAGs
[2025-10-15T17:21:18.968+0000] {logging_mixin.py:188} INFO - [2025-10-15T17:21:18.968+0000] {dag.py:3947} INFO - Setting next_dagrun for latest_only to 2025-10-15 12:00:00+00:00, run_after=2025-10-15 16:00:00+00:00
[2025-10-15T17:21:18.991+0000] {processor.py:183} INFO - Processing /home/airflow/.local/lib/python3.12/site-packages/airflow/example_dags/example_latest_only.py took 0.075 seconds
[2025-10-15T17:21:49.906+0000] {processor.py:161} INFO - Started process (PID=306) to work on /home/airflow/.local/lib/python3.12/site-packages/airflow/example_dags/example_latest_only.py
[2025-10-15T17:21:49.907+0000] {processor.py:830} INFO - Processing file /home/airflow/.local/lib/python3.12/site-packages/airflow/example_dags/example_latest_only.py for tasks to queue
[2025-10-15T17:21:49.908+0000] {logging_mixin.py:188} INFO - [2025-10-15T17:21:49.908+0000] {dagbag.py:545} INFO - Filling up the DagBag from /home/airflow/.local/lib/python3.12/site-packages/airflow/example_dags/example_latest_only.py
[2025-10-15T17:21:49.911+0000] {processor.py:840} INFO - DAG(s) 'latest_only' retrieved from /home/airflow/.local/lib/python3.12/site-packages/airflow/example_dags/example_latest_only.py
[2025-10-15T17:21:49.923+0000] {logging_mixin.py:188} INFO - [2025-10-15T17:21:49.923+0000] {dag.py:3089} INFO - Sync 1 DAGs
[2025-10-15T17:21:49.935+0000] {logging_mixin.py:188} INFO - [2025-10-15T17:21:49.935+0000] {dag.py:3947} INFO - Setting next_dagrun for latest_only to 2025-10-15 12:00:00+00:00, run_after=2025-10-15 16:00:00+00:00
[2025-10-15T17:21:49.944+0000] {processor.py:183} INFO - Processing /home/airflow/.local/lib/python3.12/site-packages/airflow/example_dags/example_latest_only.py took 0.041 seconds
[2025-10-15T17:22:20.023+0000] {processor.py:161} INFO - Started process (PID=364) to work on /home/airflow/.local/lib/python3.12/site-packages/airflow/example_dags/example_latest_only.py
[2025-10-15T17:22:20.023+0000] {processor.py:830} INFO - Processing file /home/airflow/.local/lib/python3.12/site-packages/airflow/example_dags/example_latest_only.py for tasks to queue
[2025-10-15T17:22:20.024+0000] {logging_mixin.py:188} INFO - [2025-10-15T17:22:20.024+0000] {dagbag.py:545} INFO - Filling up the DagBag from /home/airflow/.local/lib/python3.12/site-packages/airflow/example_dags/example_latest_only.py
[2025-10-15T17:22:20.028+0000] {processor.py:840} INFO - DAG(s) 'latest_only' retrieved from /home/airflow/.local/lib/python3.12/site-packages/airflow/example_dags/example_latest_only.py
[2025-10-15T17:22:20.040+0000] {logging_mixin.py:188} INFO - [2025-10-15T17:22:20.040+0000] {dag.py:3089} INFO - Sync 1 DAGs
[2025-10-15T17:22:20.052+0000] {logging_mixin.py:188} INFO - [2025-10-15T17:22:20.052+0000] {dag.py:3947} INFO - Setting next_dagrun for latest_only to 2025-10-15 12:00:00+00:00, run_after=2025-10-15 16:00:00+00:00
[2025-10-15T17:22:20.061+0000] {processor.py:183} INFO - Processing /home/airflow/.local/lib/python3.12/site-packages/airflow/example_dags/example_latest_only.py took 0.043 seconds
[2025-10-15T17:22:50.141+0000] {processor.py:161} INFO - Started process (PID=422) to work on /home/airflow/.local/lib/python3.12/site-packages/airflow/example_dags/example_latest_only.py
[2025-10-15T17:22:50.142+0000] {processor.py:830} INFO - Processing file /home/airflow/.local/lib/python3.12/site-packages/airflow/example_dags/example_latest_only.py for tasks to queue
[2025-10-15T17:22:50.143+0000] {logging_mixin.py:188} INFO - [2025-10-15T17:22:50.143+0000] {dagbag.py:545} INFO - Filling up the DagBag from /home/airflow/.local/lib/python3.12/site-packages/airflow/example_dags/example_latest_only.py
[2025-10-15T17:22:50.147+0000] {processor.py:840} INFO - DAG(s) 'latest_only' retrieved from /home/airflow/.local/lib/python3.12/site-packages/airflow/example_dags/example_latest_only.py
[2025-10-15T17:22:50.161+0000] {logging_mixin.py:188} INFO - [2025-10-15T17:22:50.161+0000] {dag.py:3089} INFO - Sync 1 DAGs
[2025-10-15T17:22:50.173+0000] {logging_mixin.py:188} INFO - [2025-10-15T17:22:50.173+0000] {dag.py:3947} INFO - Setting next_dagrun for latest_only to 2025-10-15 12:00:00+00:00, run_after=2025-10-15 16:00:00+00:00
[2025-10-15T17:22:50.185+0000] {processor.py:183} INFO - Processing /home/airflow/.local/lib/python3.12/site-packages/airflow/example_dags/example_latest_only.py took 0.048 seconds
[2025-10-15T17:23:20.298+0000] {processor.py:161} INFO - Started process (PID=480) to work on /home/airflow/.local/lib/python3.12/site-packages/airflow/example_dags/example_latest_only.py
[2025-10-15T17:23:20.299+0000] {processor.py:830} INFO - Processing file /home/airflow/.local/lib/python3.12/site-packages/airflow/example_dags/example_latest_only.py for tasks to queue
[2025-10-15T17:23:20.301+0000] {logging_mixin.py:188} INFO - [2025-10-15T17:23:20.300+0000] {dagbag.py:545} INFO - Filling up the DagBag from /home/airflow/.local/lib/python3.12/site-packages/airflow/example_dags/example_latest_only.py
[2025-10-15T17:23:20.304+0000] {processor.py:840} INFO - DAG(s) 'latest_only' retrieved from /home/airflow/.local/lib/python3.12/site-packages/airflow/example_dags/example_latest_only.py
[2025-10-15T17:23:20.319+0000] {logging_mixin.py:188} INFO - [2025-10-15T17:23:20.319+0000] {dag.py:3089} INFO - Sync 1 DAGs
[2025-10-15T17:23:20.334+0000] {logging_mixin.py:188} INFO - [2025-10-15T17:23:20.334+0000] {dag.py:3947} INFO - Setting next_dagrun for latest_only to 2025-10-15 12:00:00+00:00, run_after=2025-10-15 16:00:00+00:00
[2025-10-15T17:23:20.346+0000] {processor.py:183} INFO - Processing /home/airflow/.local/lib/python3.12/site-packages/airflow/example_dags/example_latest_only.py took 0.051 seconds
[2025-10-15T17:23:50.629+0000] {processor.py:161} INFO - Started process (PID=538) to work on /home/airflow/.local/lib/python3.12/site-packages/airflow/example_dags/example_latest_only.py
[2025-10-15T17:23:50.629+0000] {processor.py:830} INFO - Processing file /home/airflow/.local/lib/python3.12/site-packages/airflow/example_dags/example_latest_only.py for tasks to queue
[2025-10-15T17:23:50.630+0000] {logging_mixin.py:188} INFO - [2025-10-15T17:23:50.630+0000] {dagbag.py:545} INFO - Filling up the DagBag from /home/airflow/.local/lib/python3.12/site-packages/airflow/example_dags/example_latest_only.py
[2025-10-15T17:23:50.633+0000] {processor.py:840} INFO - DAG(s) 'latest_only' retrieved from /home/airflow/.local/lib/python3.12/site-packages/airflow/example_dags/example_latest_only.py
[2025-10-15T17:23:50.647+0000] {logging_mixin.py:188} INFO - [2025-10-15T17:23:50.646+0000] {dag.py:3089} INFO - Sync 1 DAGs
[2025-10-15T17:23:50.662+0000] {logging_mixin.py:188} INFO - [2025-10-15T17:23:50.662+0000] {dag.py:3947} INFO - Setting next_dagrun for latest_only to 2025-10-15 12:00:00+00:00, run_after=2025-10-15 16:00:00+00:00
[2025-10-15T17:23:50.679+0000] {processor.py:183} INFO - Processing /home/airflow/.local/lib/python3.12/site-packages/airflow/example_dags/example_latest_only.py took 0.054 seconds
[2025-10-15T17:24:21.386+0000] {processor.py:161} INFO - Started process (PID=596) to work on /home/airflow/.local/lib/python3.12/site-packages/airflow/example_dags/example_latest_only.py
[2025-10-15T17:24:21.386+0000] {processor.py:830} INFO - Processing file /home/airflow/.local/lib/python3.12/site-packages/airflow/example_dags/example_latest_only.py for tasks to queue
[2025-10-15T17:24:21.388+0000] {logging_mixin.py:188} INFO - [2025-10-15T17:24:21.388+0000] {dagbag.py:545} INFO - Filling up the DagBag from /home/airflow/.local/lib/python3.12/site-packages/airflow/example_dags/example_latest_only.py
[2025-10-15T17:24:21.391+0000] {processor.py:840} INFO - DAG(s) 'latest_only' retrieved from /home/airflow/.local/lib/python3.12/site-packages/airflow/example_dags/example_latest_only.py
[2025-10-15T17:24:21.405+0000] {logging_mixin.py:188} INFO - [2025-10-15T17:24:21.405+0000] {dag.py:3089} INFO - Sync 1 DAGs
[2025-10-15T17:24:21.422+0000] {logging_mixin.py:188} INFO - [2025-10-15T17:24:21.422+0000] {dag.py:3947} INFO - Setting next_dagrun for latest_only to 2025-10-15 12:00:00+00:00, run_after=2025-10-15 16:00:00+00:00
[2025-10-15T17:24:21.444+0000] {processor.py:183} INFO - Processing /home/airflow/.local/lib/python3.12/site-packages/airflow/example_dags/example_latest_only.py took 0.062 seconds
