[2025-10-15T17:08:09.233+0000] {processor.py:161} INFO - Started process (PID=85) to work on /home/airflow/.local/lib/python3.12/site-packages/airflow/example_dags/example_display_name.py
[2025-10-15T17:08:09.234+0000] {processor.py:830} INFO - Processing file /home/airflow/.local/lib/python3.12/site-packages/airflow/example_dags/example_display_name.py for tasks to queue
[2025-10-15T17:08:09.235+0000] {logging_mixin.py:188} INFO - [2025-10-15T17:08:09.235+0000] {dagbag.py:545} INFO - Filling up the DagBag from /home/airflow/.local/lib/python3.12/site-packages/airflow/example_dags/example_display_name.py
[2025-10-15T17:08:09.242+0000] {processor.py:840} INFO - DAG(s) 'example_display_name' retrieved from /home/airflow/.local/lib/python3.12/site-packages/airflow/example_dags/example_display_name.py
[2025-10-15T17:08:09.328+0000] {logging_mixin.py:188} INFO - [2025-10-15T17:08:09.327+0000] {override.py:1858} INFO - Created Permission View: can edit on DAG:example_display_name
[2025-10-15T17:08:09.336+0000] {logging_mixin.py:188} INFO - [2025-10-15T17:08:09.335+0000] {override.py:1858} INFO - Created Permission View: can delete on DAG:example_display_name
[2025-10-15T17:08:09.341+0000] {logging_mixin.py:188} INFO - [2025-10-15T17:08:09.341+0000] {override.py:1858} INFO - Created Permission View: can read on DAG:example_display_name
[2025-10-15T17:08:09.341+0000] {logging_mixin.py:188} INFO - [2025-10-15T17:08:09.341+0000] {dag.py:3089} INFO - Sync 1 DAGs
[2025-10-15T17:08:09.353+0000] {logging_mixin.py:188} INFO - [2025-10-15T17:08:09.352+0000] {dag.py:3111} INFO - Creating ORM DAG for example_display_name
[2025-10-15T17:08:09.354+0000] {logging_mixin.py:188} INFO - [2025-10-15T17:08:09.353+0000] {dag.py:3947} INFO - Setting next_dagrun for example_display_name to None, run_after=None
[2025-10-15T17:08:09.372+0000] {processor.py:183} INFO - Processing /home/airflow/.local/lib/python3.12/site-packages/airflow/example_dags/example_display_name.py took 0.144 seconds
[2025-10-15T17:08:40.147+0000] {processor.py:161} INFO - Started process (PID=142) to work on /home/airflow/.local/lib/python3.12/site-packages/airflow/example_dags/example_display_name.py
[2025-10-15T17:08:40.147+0000] {processor.py:830} INFO - Processing file /home/airflow/.local/lib/python3.12/site-packages/airflow/example_dags/example_display_name.py for tasks to queue
[2025-10-15T17:08:40.148+0000] {logging_mixin.py:188} INFO - [2025-10-15T17:08:40.148+0000] {dagbag.py:545} INFO - Filling up the DagBag from /home/airflow/.local/lib/python3.12/site-packages/airflow/example_dags/example_display_name.py
[2025-10-15T17:08:40.152+0000] {processor.py:840} INFO - DAG(s) 'example_display_name' retrieved from /home/airflow/.local/lib/python3.12/site-packages/airflow/example_dags/example_display_name.py
[2025-10-15T17:08:40.168+0000] {logging_mixin.py:188} INFO - [2025-10-15T17:08:40.168+0000] {dag.py:3089} INFO - Sync 1 DAGs
[2025-10-15T17:08:40.178+0000] {logging_mixin.py:188} INFO - [2025-10-15T17:08:40.177+0000] {dag.py:3947} INFO - Setting next_dagrun for example_display_name to None, run_after=None
[2025-10-15T17:08:40.197+0000] {processor.py:183} INFO - Processing /home/airflow/.local/lib/python3.12/site-packages/airflow/example_dags/example_display_name.py took 0.054 seconds
[2025-10-15T17:09:11.052+0000] {processor.py:161} INFO - Started process (PID=201) to work on /home/airflow/.local/lib/python3.12/site-packages/airflow/example_dags/example_display_name.py
[2025-10-15T17:09:11.053+0000] {processor.py:830} INFO - Processing file /home/airflow/.local/lib/python3.12/site-packages/airflow/example_dags/example_display_name.py for tasks to queue
[2025-10-15T17:09:11.054+0000] {logging_mixin.py:188} INFO - [2025-10-15T17:09:11.054+0000] {dagbag.py:545} INFO - Filling up the DagBag from /home/airflow/.local/lib/python3.12/site-packages/airflow/example_dags/example_display_name.py
[2025-10-15T17:09:11.060+0000] {processor.py:840} INFO - DAG(s) 'example_display_name' retrieved from /home/airflow/.local/lib/python3.12/site-packages/airflow/example_dags/example_display_name.py
[2025-10-15T17:09:11.079+0000] {logging_mixin.py:188} INFO - [2025-10-15T17:09:11.078+0000] {dag.py:3089} INFO - Sync 1 DAGs
[2025-10-15T17:09:11.090+0000] {logging_mixin.py:188} INFO - [2025-10-15T17:09:11.089+0000] {dag.py:3947} INFO - Setting next_dagrun for example_display_name to None, run_after=None
[2025-10-15T17:09:11.114+0000] {processor.py:183} INFO - Processing /home/airflow/.local/lib/python3.12/site-packages/airflow/example_dags/example_display_name.py took 0.069 seconds
[2025-10-15T17:09:41.722+0000] {processor.py:161} INFO - Started process (PID=259) to work on /home/airflow/.local/lib/python3.12/site-packages/airflow/example_dags/example_display_name.py
[2025-10-15T17:09:41.725+0000] {processor.py:830} INFO - Processing file /home/airflow/.local/lib/python3.12/site-packages/airflow/example_dags/example_display_name.py for tasks to queue
[2025-10-15T17:09:41.726+0000] {logging_mixin.py:188} INFO - [2025-10-15T17:09:41.726+0000] {dagbag.py:545} INFO - Filling up the DagBag from /home/airflow/.local/lib/python3.12/site-packages/airflow/example_dags/example_display_name.py
[2025-10-15T17:09:41.730+0000] {processor.py:840} INFO - DAG(s) 'example_display_name' retrieved from /home/airflow/.local/lib/python3.12/site-packages/airflow/example_dags/example_display_name.py
[2025-10-15T17:09:41.745+0000] {logging_mixin.py:188} INFO - [2025-10-15T17:09:41.745+0000] {dag.py:3089} INFO - Sync 1 DAGs
[2025-10-15T17:09:41.754+0000] {logging_mixin.py:188} INFO - [2025-10-15T17:09:41.754+0000] {dag.py:3947} INFO - Setting next_dagrun for example_display_name to None, run_after=None
[2025-10-15T17:09:41.766+0000] {processor.py:183} INFO - Processing /home/airflow/.local/lib/python3.12/site-packages/airflow/example_dags/example_display_name.py took 0.050 seconds
[2025-10-15T17:10:12.439+0000] {processor.py:161} INFO - Started process (PID=317) to work on /home/airflow/.local/lib/python3.12/site-packages/airflow/example_dags/example_display_name.py
[2025-10-15T17:10:12.440+0000] {processor.py:830} INFO - Processing file /home/airflow/.local/lib/python3.12/site-packages/airflow/example_dags/example_display_name.py for tasks to queue
[2025-10-15T17:10:12.445+0000] {logging_mixin.py:188} INFO - [2025-10-15T17:10:12.445+0000] {dagbag.py:545} INFO - Filling up the DagBag from /home/airflow/.local/lib/python3.12/site-packages/airflow/example_dags/example_display_name.py
[2025-10-15T17:10:12.449+0000] {processor.py:840} INFO - DAG(s) 'example_display_name' retrieved from /home/airflow/.local/lib/python3.12/site-packages/airflow/example_dags/example_display_name.py
[2025-10-15T17:10:12.464+0000] {logging_mixin.py:188} INFO - [2025-10-15T17:10:12.464+0000] {dag.py:3089} INFO - Sync 1 DAGs
[2025-10-15T17:10:12.474+0000] {logging_mixin.py:188} INFO - [2025-10-15T17:10:12.474+0000] {dag.py:3947} INFO - Setting next_dagrun for example_display_name to None, run_after=None
[2025-10-15T17:10:12.487+0000] {processor.py:183} INFO - Processing /home/airflow/.local/lib/python3.12/site-packages/airflow/example_dags/example_display_name.py took 0.051 seconds
[2025-10-15T17:10:42.588+0000] {processor.py:161} INFO - Started process (PID=374) to work on /home/airflow/.local/lib/python3.12/site-packages/airflow/example_dags/example_display_name.py
[2025-10-15T17:10:42.590+0000] {processor.py:830} INFO - Processing file /home/airflow/.local/lib/python3.12/site-packages/airflow/example_dags/example_display_name.py for tasks to queue
[2025-10-15T17:10:42.591+0000] {logging_mixin.py:188} INFO - [2025-10-15T17:10:42.591+0000] {dagbag.py:545} INFO - Filling up the DagBag from /home/airflow/.local/lib/python3.12/site-packages/airflow/example_dags/example_display_name.py
[2025-10-15T17:10:42.595+0000] {processor.py:840} INFO - DAG(s) 'example_display_name' retrieved from /home/airflow/.local/lib/python3.12/site-packages/airflow/example_dags/example_display_name.py
[2025-10-15T17:10:42.611+0000] {logging_mixin.py:188} INFO - [2025-10-15T17:10:42.611+0000] {dag.py:3089} INFO - Sync 1 DAGs
[2025-10-15T17:10:42.618+0000] {logging_mixin.py:188} INFO - [2025-10-15T17:10:42.618+0000] {dag.py:3947} INFO - Setting next_dagrun for example_display_name to None, run_after=None
[2025-10-15T17:10:42.637+0000] {processor.py:183} INFO - Processing /home/airflow/.local/lib/python3.12/site-packages/airflow/example_dags/example_display_name.py took 0.053 seconds
[2025-10-15T17:11:13.004+0000] {processor.py:161} INFO - Started process (PID=433) to work on /home/airflow/.local/lib/python3.12/site-packages/airflow/example_dags/example_display_name.py
[2025-10-15T17:11:13.005+0000] {processor.py:830} INFO - Processing file /home/airflow/.local/lib/python3.12/site-packages/airflow/example_dags/example_display_name.py for tasks to queue
[2025-10-15T17:11:13.007+0000] {logging_mixin.py:188} INFO - [2025-10-15T17:11:13.007+0000] {dagbag.py:545} INFO - Filling up the DagBag from /home/airflow/.local/lib/python3.12/site-packages/airflow/example_dags/example_display_name.py
[2025-10-15T17:11:13.012+0000] {processor.py:840} INFO - DAG(s) 'example_display_name' retrieved from /home/airflow/.local/lib/python3.12/site-packages/airflow/example_dags/example_display_name.py
[2025-10-15T17:11:13.026+0000] {logging_mixin.py:188} INFO - [2025-10-15T17:11:13.025+0000] {dag.py:3089} INFO - Sync 1 DAGs
[2025-10-15T17:11:13.033+0000] {logging_mixin.py:188} INFO - [2025-10-15T17:11:13.033+0000] {dag.py:3947} INFO - Setting next_dagrun for example_display_name to None, run_after=None
[2025-10-15T17:11:13.045+0000] {processor.py:183} INFO - Processing /home/airflow/.local/lib/python3.12/site-packages/airflow/example_dags/example_display_name.py took 0.045 seconds
[2025-10-15T17:11:43.460+0000] {processor.py:161} INFO - Started process (PID=491) to work on /home/airflow/.local/lib/python3.12/site-packages/airflow/example_dags/example_display_name.py
[2025-10-15T17:11:43.463+0000] {processor.py:830} INFO - Processing file /home/airflow/.local/lib/python3.12/site-packages/airflow/example_dags/example_display_name.py for tasks to queue
[2025-10-15T17:11:43.464+0000] {logging_mixin.py:188} INFO - [2025-10-15T17:11:43.464+0000] {dagbag.py:545} INFO - Filling up the DagBag from /home/airflow/.local/lib/python3.12/site-packages/airflow/example_dags/example_display_name.py
[2025-10-15T17:11:43.469+0000] {processor.py:840} INFO - DAG(s) 'example_display_name' retrieved from /home/airflow/.local/lib/python3.12/site-packages/airflow/example_dags/example_display_name.py
[2025-10-15T17:11:43.484+0000] {logging_mixin.py:188} INFO - [2025-10-15T17:11:43.483+0000] {dag.py:3089} INFO - Sync 1 DAGs
[2025-10-15T17:11:43.493+0000] {logging_mixin.py:188} INFO - [2025-10-15T17:11:43.493+0000] {dag.py:3947} INFO - Setting next_dagrun for example_display_name to None, run_after=None
[2025-10-15T17:11:43.511+0000] {processor.py:183} INFO - Processing /home/airflow/.local/lib/python3.12/site-packages/airflow/example_dags/example_display_name.py took 0.057 seconds
[2025-10-15T17:12:13.803+0000] {processor.py:161} INFO - Started process (PID=549) to work on /home/airflow/.local/lib/python3.12/site-packages/airflow/example_dags/example_display_name.py
[2025-10-15T17:12:13.804+0000] {processor.py:830} INFO - Processing file /home/airflow/.local/lib/python3.12/site-packages/airflow/example_dags/example_display_name.py for tasks to queue
[2025-10-15T17:12:13.806+0000] {logging_mixin.py:188} INFO - [2025-10-15T17:12:13.806+0000] {dagbag.py:545} INFO - Filling up the DagBag from /home/airflow/.local/lib/python3.12/site-packages/airflow/example_dags/example_display_name.py
[2025-10-15T17:12:13.813+0000] {processor.py:840} INFO - DAG(s) 'example_display_name' retrieved from /home/airflow/.local/lib/python3.12/site-packages/airflow/example_dags/example_display_name.py
[2025-10-15T17:12:13.830+0000] {logging_mixin.py:188} INFO - [2025-10-15T17:12:13.830+0000] {dag.py:3089} INFO - Sync 1 DAGs
[2025-10-15T17:12:13.837+0000] {logging_mixin.py:188} INFO - [2025-10-15T17:12:13.837+0000] {dag.py:3947} INFO - Setting next_dagrun for example_display_name to None, run_after=None
[2025-10-15T17:12:13.851+0000] {processor.py:183} INFO - Processing /home/airflow/.local/lib/python3.12/site-packages/airflow/example_dags/example_display_name.py took 0.052 seconds
[2025-10-15T17:12:44.397+0000] {processor.py:161} INFO - Started process (PID=607) to work on /home/airflow/.local/lib/python3.12/site-packages/airflow/example_dags/example_display_name.py
[2025-10-15T17:12:44.398+0000] {processor.py:830} INFO - Processing file /home/airflow/.local/lib/python3.12/site-packages/airflow/example_dags/example_display_name.py for tasks to queue
[2025-10-15T17:12:44.400+0000] {logging_mixin.py:188} INFO - [2025-10-15T17:12:44.399+0000] {dagbag.py:545} INFO - Filling up the DagBag from /home/airflow/.local/lib/python3.12/site-packages/airflow/example_dags/example_display_name.py
[2025-10-15T17:12:44.404+0000] {processor.py:840} INFO - DAG(s) 'example_display_name' retrieved from /home/airflow/.local/lib/python3.12/site-packages/airflow/example_dags/example_display_name.py
[2025-10-15T17:12:44.426+0000] {logging_mixin.py:188} INFO - [2025-10-15T17:12:44.426+0000] {dag.py:3089} INFO - Sync 1 DAGs
[2025-10-15T17:12:44.434+0000] {logging_mixin.py:188} INFO - [2025-10-15T17:12:44.434+0000] {dag.py:3947} INFO - Setting next_dagrun for example_display_name to None, run_after=None
[2025-10-15T17:12:44.447+0000] {processor.py:183} INFO - Processing /home/airflow/.local/lib/python3.12/site-packages/airflow/example_dags/example_display_name.py took 0.055 seconds
[2025-10-15T17:13:14.726+0000] {processor.py:161} INFO - Started process (PID=664) to work on /home/airflow/.local/lib/python3.12/site-packages/airflow/example_dags/example_display_name.py
[2025-10-15T17:13:14.727+0000] {processor.py:830} INFO - Processing file /home/airflow/.local/lib/python3.12/site-packages/airflow/example_dags/example_display_name.py for tasks to queue
[2025-10-15T17:13:14.728+0000] {logging_mixin.py:188} INFO - [2025-10-15T17:13:14.728+0000] {dagbag.py:545} INFO - Filling up the DagBag from /home/airflow/.local/lib/python3.12/site-packages/airflow/example_dags/example_display_name.py
[2025-10-15T17:13:14.732+0000] {processor.py:840} INFO - DAG(s) 'example_display_name' retrieved from /home/airflow/.local/lib/python3.12/site-packages/airflow/example_dags/example_display_name.py
[2025-10-15T17:13:14.744+0000] {logging_mixin.py:188} INFO - [2025-10-15T17:13:14.744+0000] {dag.py:3089} INFO - Sync 1 DAGs
[2025-10-15T17:13:14.752+0000] {logging_mixin.py:188} INFO - [2025-10-15T17:13:14.752+0000] {dag.py:3947} INFO - Setting next_dagrun for example_display_name to None, run_after=None
[2025-10-15T17:13:14.763+0000] {processor.py:183} INFO - Processing /home/airflow/.local/lib/python3.12/site-packages/airflow/example_dags/example_display_name.py took 0.041 seconds
[2025-10-15T17:13:45.752+0000] {processor.py:161} INFO - Started process (PID=723) to work on /home/airflow/.local/lib/python3.12/site-packages/airflow/example_dags/example_display_name.py
[2025-10-15T17:13:45.752+0000] {processor.py:830} INFO - Processing file /home/airflow/.local/lib/python3.12/site-packages/airflow/example_dags/example_display_name.py for tasks to queue
[2025-10-15T17:13:45.754+0000] {logging_mixin.py:188} INFO - [2025-10-15T17:13:45.754+0000] {dagbag.py:545} INFO - Filling up the DagBag from /home/airflow/.local/lib/python3.12/site-packages/airflow/example_dags/example_display_name.py
[2025-10-15T17:13:45.759+0000] {processor.py:840} INFO - DAG(s) 'example_display_name' retrieved from /home/airflow/.local/lib/python3.12/site-packages/airflow/example_dags/example_display_name.py
[2025-10-15T17:13:45.776+0000] {logging_mixin.py:188} INFO - [2025-10-15T17:13:45.775+0000] {dag.py:3089} INFO - Sync 1 DAGs
[2025-10-15T17:13:45.785+0000] {logging_mixin.py:188} INFO - [2025-10-15T17:13:45.785+0000] {dag.py:3947} INFO - Setting next_dagrun for example_display_name to None, run_after=None
[2025-10-15T17:13:45.804+0000] {processor.py:183} INFO - Processing /home/airflow/.local/lib/python3.12/site-packages/airflow/example_dags/example_display_name.py took 0.057 seconds
[2025-10-15T17:14:16.161+0000] {processor.py:161} INFO - Started process (PID=781) to work on /home/airflow/.local/lib/python3.12/site-packages/airflow/example_dags/example_display_name.py
[2025-10-15T17:14:16.162+0000] {processor.py:830} INFO - Processing file /home/airflow/.local/lib/python3.12/site-packages/airflow/example_dags/example_display_name.py for tasks to queue
[2025-10-15T17:14:16.163+0000] {logging_mixin.py:188} INFO - [2025-10-15T17:14:16.163+0000] {dagbag.py:545} INFO - Filling up the DagBag from /home/airflow/.local/lib/python3.12/site-packages/airflow/example_dags/example_display_name.py
[2025-10-15T17:14:16.167+0000] {processor.py:840} INFO - DAG(s) 'example_display_name' retrieved from /home/airflow/.local/lib/python3.12/site-packages/airflow/example_dags/example_display_name.py
[2025-10-15T17:14:16.178+0000] {logging_mixin.py:188} INFO - [2025-10-15T17:14:16.178+0000] {dag.py:3089} INFO - Sync 1 DAGs
[2025-10-15T17:14:16.186+0000] {logging_mixin.py:188} INFO - [2025-10-15T17:14:16.186+0000] {dag.py:3947} INFO - Setting next_dagrun for example_display_name to None, run_after=None
[2025-10-15T17:14:16.196+0000] {processor.py:183} INFO - Processing /home/airflow/.local/lib/python3.12/site-packages/airflow/example_dags/example_display_name.py took 0.039 seconds
[2025-10-15T17:14:46.226+0000] {processor.py:161} INFO - Started process (PID=838) to work on /home/airflow/.local/lib/python3.12/site-packages/airflow/example_dags/example_display_name.py
[2025-10-15T17:14:46.226+0000] {processor.py:830} INFO - Processing file /home/airflow/.local/lib/python3.12/site-packages/airflow/example_dags/example_display_name.py for tasks to queue
[2025-10-15T17:14:46.228+0000] {logging_mixin.py:188} INFO - [2025-10-15T17:14:46.227+0000] {dagbag.py:545} INFO - Filling up the DagBag from /home/airflow/.local/lib/python3.12/site-packages/airflow/example_dags/example_display_name.py
[2025-10-15T17:14:46.232+0000] {processor.py:840} INFO - DAG(s) 'example_display_name' retrieved from /home/airflow/.local/lib/python3.12/site-packages/airflow/example_dags/example_display_name.py
[2025-10-15T17:14:46.243+0000] {logging_mixin.py:188} INFO - [2025-10-15T17:14:46.242+0000] {dag.py:3089} INFO - Sync 1 DAGs
[2025-10-15T17:14:46.250+0000] {logging_mixin.py:188} INFO - [2025-10-15T17:14:46.249+0000] {dag.py:3947} INFO - Setting next_dagrun for example_display_name to None, run_after=None
[2025-10-15T17:14:46.259+0000] {processor.py:183} INFO - Processing /home/airflow/.local/lib/python3.12/site-packages/airflow/example_dags/example_display_name.py took 0.037 seconds
[2025-10-15T17:15:16.568+0000] {processor.py:161} INFO - Started process (PID=896) to work on /home/airflow/.local/lib/python3.12/site-packages/airflow/example_dags/example_display_name.py
[2025-10-15T17:15:16.568+0000] {processor.py:830} INFO - Processing file /home/airflow/.local/lib/python3.12/site-packages/airflow/example_dags/example_display_name.py for tasks to queue
[2025-10-15T17:15:16.573+0000] {logging_mixin.py:188} INFO - [2025-10-15T17:15:16.573+0000] {dagbag.py:545} INFO - Filling up the DagBag from /home/airflow/.local/lib/python3.12/site-packages/airflow/example_dags/example_display_name.py
[2025-10-15T17:15:16.577+0000] {processor.py:840} INFO - DAG(s) 'example_display_name' retrieved from /home/airflow/.local/lib/python3.12/site-packages/airflow/example_dags/example_display_name.py
[2025-10-15T17:15:16.589+0000] {logging_mixin.py:188} INFO - [2025-10-15T17:15:16.589+0000] {dag.py:3089} INFO - Sync 1 DAGs
[2025-10-15T17:15:16.596+0000] {logging_mixin.py:188} INFO - [2025-10-15T17:15:16.596+0000] {dag.py:3947} INFO - Setting next_dagrun for example_display_name to None, run_after=None
[2025-10-15T17:15:16.607+0000] {processor.py:183} INFO - Processing /home/airflow/.local/lib/python3.12/site-packages/airflow/example_dags/example_display_name.py took 0.042 seconds
[2025-10-15T17:19:47.766+0000] {processor.py:161} INFO - Started process (PID=80) to work on /home/airflow/.local/lib/python3.12/site-packages/airflow/example_dags/example_display_name.py
[2025-10-15T17:19:47.768+0000] {processor.py:830} INFO - Processing file /home/airflow/.local/lib/python3.12/site-packages/airflow/example_dags/example_display_name.py for tasks to queue
[2025-10-15T17:19:47.776+0000] {logging_mixin.py:188} INFO - [2025-10-15T17:19:47.776+0000] {dagbag.py:545} INFO - Filling up the DagBag from /home/airflow/.local/lib/python3.12/site-packages/airflow/example_dags/example_display_name.py
[2025-10-15T17:19:47.787+0000] {processor.py:840} INFO - DAG(s) 'example_display_name' retrieved from /home/airflow/.local/lib/python3.12/site-packages/airflow/example_dags/example_display_name.py
[2025-10-15T17:19:47.902+0000] {logging_mixin.py:188} INFO - [2025-10-15T17:19:47.902+0000] {dag.py:3089} INFO - Sync 1 DAGs
[2025-10-15T17:19:47.914+0000] {logging_mixin.py:188} INFO - [2025-10-15T17:19:47.914+0000] {dag.py:3947} INFO - Setting next_dagrun for example_display_name to None, run_after=None
[2025-10-15T17:19:47.930+0000] {processor.py:183} INFO - Processing /home/airflow/.local/lib/python3.12/site-packages/airflow/example_dags/example_display_name.py took 0.174 seconds
[2025-10-15T17:20:19.179+0000] {processor.py:161} INFO - Started process (PID=138) to work on /home/airflow/.local/lib/python3.12/site-packages/airflow/example_dags/example_display_name.py
[2025-10-15T17:20:19.183+0000] {processor.py:830} INFO - Processing file /home/airflow/.local/lib/python3.12/site-packages/airflow/example_dags/example_display_name.py for tasks to queue
[2025-10-15T17:20:19.185+0000] {logging_mixin.py:188} INFO - [2025-10-15T17:20:19.185+0000] {dagbag.py:545} INFO - Filling up the DagBag from /home/airflow/.local/lib/python3.12/site-packages/airflow/example_dags/example_display_name.py
[2025-10-15T17:20:19.191+0000] {processor.py:840} INFO - DAG(s) 'example_display_name' retrieved from /home/airflow/.local/lib/python3.12/site-packages/airflow/example_dags/example_display_name.py
[2025-10-15T17:20:19.213+0000] {logging_mixin.py:188} INFO - [2025-10-15T17:20:19.213+0000] {dag.py:3089} INFO - Sync 1 DAGs
[2025-10-15T17:20:19.229+0000] {logging_mixin.py:188} INFO - [2025-10-15T17:20:19.229+0000] {dag.py:3947} INFO - Setting next_dagrun for example_display_name to None, run_after=None
[2025-10-15T17:20:19.254+0000] {processor.py:183} INFO - Processing /home/airflow/.local/lib/python3.12/site-packages/airflow/example_dags/example_display_name.py took 0.081 seconds
[2025-10-15T17:20:49.288+0000] {processor.py:161} INFO - Started process (PID=195) to work on /home/airflow/.local/lib/python3.12/site-packages/airflow/example_dags/example_display_name.py
[2025-10-15T17:20:49.288+0000] {processor.py:830} INFO - Processing file /home/airflow/.local/lib/python3.12/site-packages/airflow/example_dags/example_display_name.py for tasks to queue
[2025-10-15T17:20:49.290+0000] {logging_mixin.py:188} INFO - [2025-10-15T17:20:49.289+0000] {dagbag.py:545} INFO - Filling up the DagBag from /home/airflow/.local/lib/python3.12/site-packages/airflow/example_dags/example_display_name.py
[2025-10-15T17:20:49.294+0000] {processor.py:840} INFO - DAG(s) 'example_display_name' retrieved from /home/airflow/.local/lib/python3.12/site-packages/airflow/example_dags/example_display_name.py
[2025-10-15T17:20:49.311+0000] {logging_mixin.py:188} INFO - [2025-10-15T17:20:49.310+0000] {dag.py:3089} INFO - Sync 1 DAGs
[2025-10-15T17:20:49.320+0000] {logging_mixin.py:188} INFO - [2025-10-15T17:20:49.319+0000] {dag.py:3947} INFO - Setting next_dagrun for example_display_name to None, run_after=None
[2025-10-15T17:20:49.332+0000] {processor.py:183} INFO - Processing /home/airflow/.local/lib/python3.12/site-packages/airflow/example_dags/example_display_name.py took 0.050 seconds
[2025-10-15T17:21:20.124+0000] {processor.py:161} INFO - Started process (PID=253) to work on /home/airflow/.local/lib/python3.12/site-packages/airflow/example_dags/example_display_name.py
[2025-10-15T17:21:20.124+0000] {processor.py:830} INFO - Processing file /home/airflow/.local/lib/python3.12/site-packages/airflow/example_dags/example_display_name.py for tasks to queue
[2025-10-15T17:21:20.125+0000] {logging_mixin.py:188} INFO - [2025-10-15T17:21:20.125+0000] {dagbag.py:545} INFO - Filling up the DagBag from /home/airflow/.local/lib/python3.12/site-packages/airflow/example_dags/example_display_name.py
[2025-10-15T17:21:20.129+0000] {processor.py:840} INFO - DAG(s) 'example_display_name' retrieved from /home/airflow/.local/lib/python3.12/site-packages/airflow/example_dags/example_display_name.py
[2025-10-15T17:21:20.144+0000] {logging_mixin.py:188} INFO - [2025-10-15T17:21:20.143+0000] {dag.py:3089} INFO - Sync 1 DAGs
[2025-10-15T17:21:20.152+0000] {logging_mixin.py:188} INFO - [2025-10-15T17:21:20.151+0000] {dag.py:3947} INFO - Setting next_dagrun for example_display_name to None, run_after=None
[2025-10-15T17:21:20.162+0000] {processor.py:183} INFO - Processing /home/airflow/.local/lib/python3.12/site-packages/airflow/example_dags/example_display_name.py took 0.043 seconds
[2025-10-15T17:21:51.145+0000] {processor.py:161} INFO - Started process (PID=311) to work on /home/airflow/.local/lib/python3.12/site-packages/airflow/example_dags/example_display_name.py
[2025-10-15T17:21:51.146+0000] {processor.py:830} INFO - Processing file /home/airflow/.local/lib/python3.12/site-packages/airflow/example_dags/example_display_name.py for tasks to queue
[2025-10-15T17:21:51.150+0000] {logging_mixin.py:188} INFO - [2025-10-15T17:21:51.150+0000] {dagbag.py:545} INFO - Filling up the DagBag from /home/airflow/.local/lib/python3.12/site-packages/airflow/example_dags/example_display_name.py
[2025-10-15T17:21:51.154+0000] {processor.py:840} INFO - DAG(s) 'example_display_name' retrieved from /home/airflow/.local/lib/python3.12/site-packages/airflow/example_dags/example_display_name.py
[2025-10-15T17:21:51.165+0000] {logging_mixin.py:188} INFO - [2025-10-15T17:21:51.165+0000] {dag.py:3089} INFO - Sync 1 DAGs
[2025-10-15T17:21:51.173+0000] {logging_mixin.py:188} INFO - [2025-10-15T17:21:51.172+0000] {dag.py:3947} INFO - Setting next_dagrun for example_display_name to None, run_after=None
[2025-10-15T17:21:51.182+0000] {processor.py:183} INFO - Processing /home/airflow/.local/lib/python3.12/site-packages/airflow/example_dags/example_display_name.py took 0.042 seconds
[2025-10-15T17:22:21.243+0000] {processor.py:161} INFO - Started process (PID=369) to work on /home/airflow/.local/lib/python3.12/site-packages/airflow/example_dags/example_display_name.py
[2025-10-15T17:22:21.243+0000] {processor.py:830} INFO - Processing file /home/airflow/.local/lib/python3.12/site-packages/airflow/example_dags/example_display_name.py for tasks to queue
[2025-10-15T17:22:21.245+0000] {logging_mixin.py:188} INFO - [2025-10-15T17:22:21.244+0000] {dagbag.py:545} INFO - Filling up the DagBag from /home/airflow/.local/lib/python3.12/site-packages/airflow/example_dags/example_display_name.py
[2025-10-15T17:22:21.248+0000] {processor.py:840} INFO - DAG(s) 'example_display_name' retrieved from /home/airflow/.local/lib/python3.12/site-packages/airflow/example_dags/example_display_name.py
[2025-10-15T17:22:21.259+0000] {logging_mixin.py:188} INFO - [2025-10-15T17:22:21.259+0000] {dag.py:3089} INFO - Sync 1 DAGs
[2025-10-15T17:22:21.266+0000] {logging_mixin.py:188} INFO - [2025-10-15T17:22:21.266+0000] {dag.py:3947} INFO - Setting next_dagrun for example_display_name to None, run_after=None
[2025-10-15T17:22:21.275+0000] {processor.py:183} INFO - Processing /home/airflow/.local/lib/python3.12/site-packages/airflow/example_dags/example_display_name.py took 0.036 seconds
[2025-10-15T17:22:51.389+0000] {processor.py:161} INFO - Started process (PID=427) to work on /home/airflow/.local/lib/python3.12/site-packages/airflow/example_dags/example_display_name.py
[2025-10-15T17:22:51.395+0000] {processor.py:830} INFO - Processing file /home/airflow/.local/lib/python3.12/site-packages/airflow/example_dags/example_display_name.py for tasks to queue
[2025-10-15T17:22:51.405+0000] {logging_mixin.py:188} INFO - [2025-10-15T17:22:51.405+0000] {dagbag.py:545} INFO - Filling up the DagBag from /home/airflow/.local/lib/python3.12/site-packages/airflow/example_dags/example_display_name.py
[2025-10-15T17:22:51.424+0000] {processor.py:840} INFO - DAG(s) 'example_display_name' retrieved from /home/airflow/.local/lib/python3.12/site-packages/airflow/example_dags/example_display_name.py
[2025-10-15T17:22:51.479+0000] {logging_mixin.py:188} INFO - [2025-10-15T17:22:51.478+0000] {dag.py:3089} INFO - Sync 1 DAGs
[2025-10-15T17:22:51.507+0000] {logging_mixin.py:188} INFO - [2025-10-15T17:22:51.507+0000] {dag.py:3947} INFO - Setting next_dagrun for example_display_name to None, run_after=None
[2025-10-15T17:22:51.531+0000] {processor.py:183} INFO - Processing /home/airflow/.local/lib/python3.12/site-packages/airflow/example_dags/example_display_name.py took 0.156 seconds
[2025-10-15T17:23:22.466+0000] {processor.py:161} INFO - Started process (PID=485) to work on /home/airflow/.local/lib/python3.12/site-packages/airflow/example_dags/example_display_name.py
[2025-10-15T17:23:22.467+0000] {processor.py:830} INFO - Processing file /home/airflow/.local/lib/python3.12/site-packages/airflow/example_dags/example_display_name.py for tasks to queue
[2025-10-15T17:23:22.468+0000] {logging_mixin.py:188} INFO - [2025-10-15T17:23:22.468+0000] {dagbag.py:545} INFO - Filling up the DagBag from /home/airflow/.local/lib/python3.12/site-packages/airflow/example_dags/example_display_name.py
[2025-10-15T17:23:22.472+0000] {processor.py:840} INFO - DAG(s) 'example_display_name' retrieved from /home/airflow/.local/lib/python3.12/site-packages/airflow/example_dags/example_display_name.py
[2025-10-15T17:23:22.486+0000] {logging_mixin.py:188} INFO - [2025-10-15T17:23:22.486+0000] {dag.py:3089} INFO - Sync 1 DAGs
[2025-10-15T17:23:22.494+0000] {logging_mixin.py:188} INFO - [2025-10-15T17:23:22.493+0000] {dag.py:3947} INFO - Setting next_dagrun for example_display_name to None, run_after=None
[2025-10-15T17:23:22.504+0000] {processor.py:183} INFO - Processing /home/airflow/.local/lib/python3.12/site-packages/airflow/example_dags/example_display_name.py took 0.041 seconds
[2025-10-15T17:23:52.791+0000] {processor.py:161} INFO - Started process (PID=543) to work on /home/airflow/.local/lib/python3.12/site-packages/airflow/example_dags/example_display_name.py
[2025-10-15T17:23:52.792+0000] {processor.py:830} INFO - Processing file /home/airflow/.local/lib/python3.12/site-packages/airflow/example_dags/example_display_name.py for tasks to queue
[2025-10-15T17:23:52.793+0000] {logging_mixin.py:188} INFO - [2025-10-15T17:23:52.793+0000] {dagbag.py:545} INFO - Filling up the DagBag from /home/airflow/.local/lib/python3.12/site-packages/airflow/example_dags/example_display_name.py
[2025-10-15T17:23:52.798+0000] {processor.py:840} INFO - DAG(s) 'example_display_name' retrieved from /home/airflow/.local/lib/python3.12/site-packages/airflow/example_dags/example_display_name.py
[2025-10-15T17:23:52.809+0000] {logging_mixin.py:188} INFO - [2025-10-15T17:23:52.809+0000] {dag.py:3089} INFO - Sync 1 DAGs
[2025-10-15T17:23:52.817+0000] {logging_mixin.py:188} INFO - [2025-10-15T17:23:52.817+0000] {dag.py:3947} INFO - Setting next_dagrun for example_display_name to None, run_after=None
[2025-10-15T17:23:52.826+0000] {processor.py:183} INFO - Processing /home/airflow/.local/lib/python3.12/site-packages/airflow/example_dags/example_display_name.py took 0.040 seconds
[2025-10-15T17:24:23.599+0000] {processor.py:161} INFO - Started process (PID=601) to work on /home/airflow/.local/lib/python3.12/site-packages/airflow/example_dags/example_display_name.py
[2025-10-15T17:24:23.600+0000] {processor.py:830} INFO - Processing file /home/airflow/.local/lib/python3.12/site-packages/airflow/example_dags/example_display_name.py for tasks to queue
[2025-10-15T17:24:23.601+0000] {logging_mixin.py:188} INFO - [2025-10-15T17:24:23.601+0000] {dagbag.py:545} INFO - Filling up the DagBag from /home/airflow/.local/lib/python3.12/site-packages/airflow/example_dags/example_display_name.py
[2025-10-15T17:24:23.606+0000] {processor.py:840} INFO - DAG(s) 'example_display_name' retrieved from /home/airflow/.local/lib/python3.12/site-packages/airflow/example_dags/example_display_name.py
[2025-10-15T17:24:23.619+0000] {logging_mixin.py:188} INFO - [2025-10-15T17:24:23.619+0000] {dag.py:3089} INFO - Sync 1 DAGs
[2025-10-15T17:24:23.627+0000] {logging_mixin.py:188} INFO - [2025-10-15T17:24:23.627+0000] {dag.py:3947} INFO - Setting next_dagrun for example_display_name to None, run_after=None
[2025-10-15T17:24:23.639+0000] {processor.py:183} INFO - Processing /home/airflow/.local/lib/python3.12/site-packages/airflow/example_dags/example_display_name.py took 0.044 seconds
