[2025-10-15T17:08:05.839+0000] {processor.py:161} INFO - Started process (PID=68) to work on /home/airflow/.local/lib/python3.12/site-packages/airflow/example_dags/example_params_ui_tutorial.py
[2025-10-15T17:08:05.843+0000] {processor.py:830} INFO - Processing file /home/airflow/.local/lib/python3.12/site-packages/airflow/example_dags/example_params_ui_tutorial.py for tasks to queue
[2025-10-15T17:08:05.849+0000] {logging_mixin.py:188} INFO - [2025-10-15T17:08:05.848+0000] {dagbag.py:545} INFO - Filling up the DagBag from /home/airflow/.local/lib/python3.12/site-packages/airflow/example_dags/example_params_ui_tutorial.py
[2025-10-15T17:08:05.894+0000] {processor.py:840} INFO - DAG(s) 'example_params_ui_tutorial' retrieved from /home/airflow/.local/lib/python3.12/site-packages/airflow/example_dags/example_params_ui_tutorial.py
[2025-10-15T17:08:06.275+0000] {logging_mixin.py:188} INFO - [2025-10-15T17:08:06.273+0000] {override.py:1858} INFO - Created Permission View: can edit on DAG:example_params_ui_tutorial
[2025-10-15T17:08:06.294+0000] {logging_mixin.py:188} INFO - [2025-10-15T17:08:06.293+0000] {override.py:1858} INFO - Created Permission View: can delete on DAG:example_params_ui_tutorial
[2025-10-15T17:08:06.309+0000] {logging_mixin.py:188} INFO - [2025-10-15T17:08:06.309+0000] {override.py:1858} INFO - Created Permission View: can read on DAG:example_params_ui_tutorial
[2025-10-15T17:08:06.310+0000] {logging_mixin.py:188} INFO - [2025-10-15T17:08:06.310+0000] {dag.py:3089} INFO - Sync 1 DAGs
[2025-10-15T17:08:06.329+0000] {logging_mixin.py:188} INFO - [2025-10-15T17:08:06.329+0000] {dag.py:3111} INFO - Creating ORM DAG for example_params_ui_tutorial
[2025-10-15T17:08:06.330+0000] {logging_mixin.py:188} INFO - [2025-10-15T17:08:06.330+0000] {dag.py:3947} INFO - Setting next_dagrun for example_params_ui_tutorial to None, run_after=None
[2025-10-15T17:08:06.360+0000] {processor.py:183} INFO - Processing /home/airflow/.local/lib/python3.12/site-packages/airflow/example_dags/example_params_ui_tutorial.py took 0.542 seconds
[2025-10-15T17:08:36.539+0000] {processor.py:161} INFO - Started process (PID=126) to work on /home/airflow/.local/lib/python3.12/site-packages/airflow/example_dags/example_params_ui_tutorial.py
[2025-10-15T17:08:36.539+0000] {processor.py:830} INFO - Processing file /home/airflow/.local/lib/python3.12/site-packages/airflow/example_dags/example_params_ui_tutorial.py for tasks to queue
[2025-10-15T17:08:36.540+0000] {logging_mixin.py:188} INFO - [2025-10-15T17:08:36.540+0000] {dagbag.py:545} INFO - Filling up the DagBag from /home/airflow/.local/lib/python3.12/site-packages/airflow/example_dags/example_params_ui_tutorial.py
[2025-10-15T17:08:36.545+0000] {processor.py:840} INFO - DAG(s) 'example_params_ui_tutorial' retrieved from /home/airflow/.local/lib/python3.12/site-packages/airflow/example_dags/example_params_ui_tutorial.py
[2025-10-15T17:08:36.575+0000] {logging_mixin.py:188} INFO - [2025-10-15T17:08:36.574+0000] {dag.py:3089} INFO - Sync 1 DAGs
[2025-10-15T17:08:36.583+0000] {logging_mixin.py:188} INFO - [2025-10-15T17:08:36.583+0000] {dag.py:3947} INFO - Setting next_dagrun for example_params_ui_tutorial to None, run_after=None
[2025-10-15T17:08:36.594+0000] {processor.py:183} INFO - Processing /home/airflow/.local/lib/python3.12/site-packages/airflow/example_dags/example_params_ui_tutorial.py took 0.059 seconds
[2025-10-15T17:09:07.042+0000] {processor.py:161} INFO - Started process (PID=184) to work on /home/airflow/.local/lib/python3.12/site-packages/airflow/example_dags/example_params_ui_tutorial.py
[2025-10-15T17:09:07.043+0000] {processor.py:830} INFO - Processing file /home/airflow/.local/lib/python3.12/site-packages/airflow/example_dags/example_params_ui_tutorial.py for tasks to queue
[2025-10-15T17:09:07.044+0000] {logging_mixin.py:188} INFO - [2025-10-15T17:09:07.044+0000] {dagbag.py:545} INFO - Filling up the DagBag from /home/airflow/.local/lib/python3.12/site-packages/airflow/example_dags/example_params_ui_tutorial.py
[2025-10-15T17:09:07.049+0000] {processor.py:840} INFO - DAG(s) 'example_params_ui_tutorial' retrieved from /home/airflow/.local/lib/python3.12/site-packages/airflow/example_dags/example_params_ui_tutorial.py
[2025-10-15T17:09:07.080+0000] {logging_mixin.py:188} INFO - [2025-10-15T17:09:07.080+0000] {dag.py:3089} INFO - Sync 1 DAGs
[2025-10-15T17:09:07.088+0000] {logging_mixin.py:188} INFO - [2025-10-15T17:09:07.088+0000] {dag.py:3947} INFO - Setting next_dagrun for example_params_ui_tutorial to None, run_after=None
[2025-10-15T17:09:07.098+0000] {processor.py:183} INFO - Processing /home/airflow/.local/lib/python3.12/site-packages/airflow/example_dags/example_params_ui_tutorial.py took 0.060 seconds
[2025-10-15T17:09:37.182+0000] {processor.py:161} INFO - Started process (PID=242) to work on /home/airflow/.local/lib/python3.12/site-packages/airflow/example_dags/example_params_ui_tutorial.py
[2025-10-15T17:09:37.183+0000] {processor.py:830} INFO - Processing file /home/airflow/.local/lib/python3.12/site-packages/airflow/example_dags/example_params_ui_tutorial.py for tasks to queue
[2025-10-15T17:09:37.184+0000] {logging_mixin.py:188} INFO - [2025-10-15T17:09:37.184+0000] {dagbag.py:545} INFO - Filling up the DagBag from /home/airflow/.local/lib/python3.12/site-packages/airflow/example_dags/example_params_ui_tutorial.py
[2025-10-15T17:09:37.189+0000] {processor.py:840} INFO - DAG(s) 'example_params_ui_tutorial' retrieved from /home/airflow/.local/lib/python3.12/site-packages/airflow/example_dags/example_params_ui_tutorial.py
[2025-10-15T17:09:37.224+0000] {logging_mixin.py:188} INFO - [2025-10-15T17:09:37.224+0000] {dag.py:3089} INFO - Sync 1 DAGs
[2025-10-15T17:09:37.233+0000] {logging_mixin.py:188} INFO - [2025-10-15T17:09:37.232+0000] {dag.py:3947} INFO - Setting next_dagrun for example_params_ui_tutorial to None, run_after=None
[2025-10-15T17:09:37.245+0000] {processor.py:183} INFO - Processing /home/airflow/.local/lib/python3.12/site-packages/airflow/example_dags/example_params_ui_tutorial.py took 0.067 seconds
[2025-10-15T17:10:07.826+0000] {processor.py:161} INFO - Started process (PID=300) to work on /home/airflow/.local/lib/python3.12/site-packages/airflow/example_dags/example_params_ui_tutorial.py
[2025-10-15T17:10:07.827+0000] {processor.py:830} INFO - Processing file /home/airflow/.local/lib/python3.12/site-packages/airflow/example_dags/example_params_ui_tutorial.py for tasks to queue
[2025-10-15T17:10:07.828+0000] {logging_mixin.py:188} INFO - [2025-10-15T17:10:07.828+0000] {dagbag.py:545} INFO - Filling up the DagBag from /home/airflow/.local/lib/python3.12/site-packages/airflow/example_dags/example_params_ui_tutorial.py
[2025-10-15T17:10:07.833+0000] {processor.py:840} INFO - DAG(s) 'example_params_ui_tutorial' retrieved from /home/airflow/.local/lib/python3.12/site-packages/airflow/example_dags/example_params_ui_tutorial.py
[2025-10-15T17:10:07.862+0000] {logging_mixin.py:188} INFO - [2025-10-15T17:10:07.862+0000] {dag.py:3089} INFO - Sync 1 DAGs
[2025-10-15T17:10:07.869+0000] {logging_mixin.py:188} INFO - [2025-10-15T17:10:07.869+0000] {dag.py:3947} INFO - Setting next_dagrun for example_params_ui_tutorial to None, run_after=None
[2025-10-15T17:10:07.879+0000] {processor.py:183} INFO - Processing /home/airflow/.local/lib/python3.12/site-packages/airflow/example_dags/example_params_ui_tutorial.py took 0.056 seconds
[2025-10-15T17:10:38.027+0000] {processor.py:161} INFO - Started process (PID=358) to work on /home/airflow/.local/lib/python3.12/site-packages/airflow/example_dags/example_params_ui_tutorial.py
[2025-10-15T17:10:38.028+0000] {processor.py:830} INFO - Processing file /home/airflow/.local/lib/python3.12/site-packages/airflow/example_dags/example_params_ui_tutorial.py for tasks to queue
[2025-10-15T17:10:38.029+0000] {logging_mixin.py:188} INFO - [2025-10-15T17:10:38.029+0000] {dagbag.py:545} INFO - Filling up the DagBag from /home/airflow/.local/lib/python3.12/site-packages/airflow/example_dags/example_params_ui_tutorial.py
[2025-10-15T17:10:38.034+0000] {processor.py:840} INFO - DAG(s) 'example_params_ui_tutorial' retrieved from /home/airflow/.local/lib/python3.12/site-packages/airflow/example_dags/example_params_ui_tutorial.py
[2025-10-15T17:10:38.063+0000] {logging_mixin.py:188} INFO - [2025-10-15T17:10:38.062+0000] {dag.py:3089} INFO - Sync 1 DAGs
[2025-10-15T17:10:38.070+0000] {logging_mixin.py:188} INFO - [2025-10-15T17:10:38.069+0000] {dag.py:3947} INFO - Setting next_dagrun for example_params_ui_tutorial to None, run_after=None
[2025-10-15T17:10:38.080+0000] {processor.py:183} INFO - Processing /home/airflow/.local/lib/python3.12/site-packages/airflow/example_dags/example_params_ui_tutorial.py took 0.056 seconds
[2025-10-15T17:11:08.399+0000] {processor.py:161} INFO - Started process (PID=416) to work on /home/airflow/.local/lib/python3.12/site-packages/airflow/example_dags/example_params_ui_tutorial.py
[2025-10-15T17:11:08.400+0000] {processor.py:830} INFO - Processing file /home/airflow/.local/lib/python3.12/site-packages/airflow/example_dags/example_params_ui_tutorial.py for tasks to queue
[2025-10-15T17:11:08.401+0000] {logging_mixin.py:188} INFO - [2025-10-15T17:11:08.401+0000] {dagbag.py:545} INFO - Filling up the DagBag from /home/airflow/.local/lib/python3.12/site-packages/airflow/example_dags/example_params_ui_tutorial.py
[2025-10-15T17:11:08.405+0000] {processor.py:840} INFO - DAG(s) 'example_params_ui_tutorial' retrieved from /home/airflow/.local/lib/python3.12/site-packages/airflow/example_dags/example_params_ui_tutorial.py
[2025-10-15T17:11:08.433+0000] {logging_mixin.py:188} INFO - [2025-10-15T17:11:08.433+0000] {dag.py:3089} INFO - Sync 1 DAGs
[2025-10-15T17:11:08.440+0000] {logging_mixin.py:188} INFO - [2025-10-15T17:11:08.440+0000] {dag.py:3947} INFO - Setting next_dagrun for example_params_ui_tutorial to None, run_after=None
[2025-10-15T17:11:08.449+0000] {processor.py:183} INFO - Processing /home/airflow/.local/lib/python3.12/site-packages/airflow/example_dags/example_params_ui_tutorial.py took 0.053 seconds
[2025-10-15T17:11:38.645+0000] {processor.py:161} INFO - Started process (PID=474) to work on /home/airflow/.local/lib/python3.12/site-packages/airflow/example_dags/example_params_ui_tutorial.py
[2025-10-15T17:11:38.646+0000] {processor.py:830} INFO - Processing file /home/airflow/.local/lib/python3.12/site-packages/airflow/example_dags/example_params_ui_tutorial.py for tasks to queue
[2025-10-15T17:11:38.647+0000] {logging_mixin.py:188} INFO - [2025-10-15T17:11:38.647+0000] {dagbag.py:545} INFO - Filling up the DagBag from /home/airflow/.local/lib/python3.12/site-packages/airflow/example_dags/example_params_ui_tutorial.py
[2025-10-15T17:11:38.652+0000] {processor.py:840} INFO - DAG(s) 'example_params_ui_tutorial' retrieved from /home/airflow/.local/lib/python3.12/site-packages/airflow/example_dags/example_params_ui_tutorial.py
[2025-10-15T17:11:38.682+0000] {logging_mixin.py:188} INFO - [2025-10-15T17:11:38.682+0000] {dag.py:3089} INFO - Sync 1 DAGs
[2025-10-15T17:11:38.689+0000] {logging_mixin.py:188} INFO - [2025-10-15T17:11:38.689+0000] {dag.py:3947} INFO - Setting next_dagrun for example_params_ui_tutorial to None, run_after=None
[2025-10-15T17:11:38.699+0000] {processor.py:183} INFO - Processing /home/airflow/.local/lib/python3.12/site-packages/airflow/example_dags/example_params_ui_tutorial.py took 0.058 seconds
[2025-10-15T17:12:09.213+0000] {processor.py:161} INFO - Started process (PID=532) to work on /home/airflow/.local/lib/python3.12/site-packages/airflow/example_dags/example_params_ui_tutorial.py
[2025-10-15T17:12:09.213+0000] {processor.py:830} INFO - Processing file /home/airflow/.local/lib/python3.12/site-packages/airflow/example_dags/example_params_ui_tutorial.py for tasks to queue
[2025-10-15T17:12:09.214+0000] {logging_mixin.py:188} INFO - [2025-10-15T17:12:09.214+0000] {dagbag.py:545} INFO - Filling up the DagBag from /home/airflow/.local/lib/python3.12/site-packages/airflow/example_dags/example_params_ui_tutorial.py
[2025-10-15T17:12:09.219+0000] {processor.py:840} INFO - DAG(s) 'example_params_ui_tutorial' retrieved from /home/airflow/.local/lib/python3.12/site-packages/airflow/example_dags/example_params_ui_tutorial.py
[2025-10-15T17:12:09.249+0000] {logging_mixin.py:188} INFO - [2025-10-15T17:12:09.249+0000] {dag.py:3089} INFO - Sync 1 DAGs
[2025-10-15T17:12:09.257+0000] {logging_mixin.py:188} INFO - [2025-10-15T17:12:09.257+0000] {dag.py:3947} INFO - Setting next_dagrun for example_params_ui_tutorial to None, run_after=None
[2025-10-15T17:12:09.267+0000] {processor.py:183} INFO - Processing /home/airflow/.local/lib/python3.12/site-packages/airflow/example_dags/example_params_ui_tutorial.py took 0.058 seconds
[2025-10-15T17:12:39.712+0000] {processor.py:161} INFO - Started process (PID=590) to work on /home/airflow/.local/lib/python3.12/site-packages/airflow/example_dags/example_params_ui_tutorial.py
[2025-10-15T17:12:39.712+0000] {processor.py:830} INFO - Processing file /home/airflow/.local/lib/python3.12/site-packages/airflow/example_dags/example_params_ui_tutorial.py for tasks to queue
[2025-10-15T17:12:39.714+0000] {logging_mixin.py:188} INFO - [2025-10-15T17:12:39.714+0000] {dagbag.py:545} INFO - Filling up the DagBag from /home/airflow/.local/lib/python3.12/site-packages/airflow/example_dags/example_params_ui_tutorial.py
[2025-10-15T17:12:39.719+0000] {processor.py:840} INFO - DAG(s) 'example_params_ui_tutorial' retrieved from /home/airflow/.local/lib/python3.12/site-packages/airflow/example_dags/example_params_ui_tutorial.py
[2025-10-15T17:12:39.752+0000] {logging_mixin.py:188} INFO - [2025-10-15T17:12:39.752+0000] {dag.py:3089} INFO - Sync 1 DAGs
[2025-10-15T17:12:39.760+0000] {logging_mixin.py:188} INFO - [2025-10-15T17:12:39.760+0000] {dag.py:3947} INFO - Setting next_dagrun for example_params_ui_tutorial to None, run_after=None
[2025-10-15T17:12:39.770+0000] {processor.py:183} INFO - Processing /home/airflow/.local/lib/python3.12/site-packages/airflow/example_dags/example_params_ui_tutorial.py took 0.062 seconds
[2025-10-15T17:13:10.089+0000] {processor.py:161} INFO - Started process (PID=648) to work on /home/airflow/.local/lib/python3.12/site-packages/airflow/example_dags/example_params_ui_tutorial.py
[2025-10-15T17:13:10.090+0000] {processor.py:830} INFO - Processing file /home/airflow/.local/lib/python3.12/site-packages/airflow/example_dags/example_params_ui_tutorial.py for tasks to queue
[2025-10-15T17:13:10.091+0000] {logging_mixin.py:188} INFO - [2025-10-15T17:13:10.090+0000] {dagbag.py:545} INFO - Filling up the DagBag from /home/airflow/.local/lib/python3.12/site-packages/airflow/example_dags/example_params_ui_tutorial.py
[2025-10-15T17:13:10.095+0000] {processor.py:840} INFO - DAG(s) 'example_params_ui_tutorial' retrieved from /home/airflow/.local/lib/python3.12/site-packages/airflow/example_dags/example_params_ui_tutorial.py
[2025-10-15T17:13:10.123+0000] {logging_mixin.py:188} INFO - [2025-10-15T17:13:10.123+0000] {dag.py:3089} INFO - Sync 1 DAGs
[2025-10-15T17:13:10.130+0000] {logging_mixin.py:188} INFO - [2025-10-15T17:13:10.130+0000] {dag.py:3947} INFO - Setting next_dagrun for example_params_ui_tutorial to None, run_after=None
[2025-10-15T17:13:10.139+0000] {processor.py:183} INFO - Processing /home/airflow/.local/lib/python3.12/site-packages/airflow/example_dags/example_params_ui_tutorial.py took 0.054 seconds
[2025-10-15T17:13:40.181+0000] {processor.py:161} INFO - Started process (PID=706) to work on /home/airflow/.local/lib/python3.12/site-packages/airflow/example_dags/example_params_ui_tutorial.py
[2025-10-15T17:13:40.181+0000] {processor.py:830} INFO - Processing file /home/airflow/.local/lib/python3.12/site-packages/airflow/example_dags/example_params_ui_tutorial.py for tasks to queue
[2025-10-15T17:13:40.183+0000] {logging_mixin.py:188} INFO - [2025-10-15T17:13:40.182+0000] {dagbag.py:545} INFO - Filling up the DagBag from /home/airflow/.local/lib/python3.12/site-packages/airflow/example_dags/example_params_ui_tutorial.py
[2025-10-15T17:13:40.187+0000] {processor.py:840} INFO - DAG(s) 'example_params_ui_tutorial' retrieved from /home/airflow/.local/lib/python3.12/site-packages/airflow/example_dags/example_params_ui_tutorial.py
[2025-10-15T17:13:40.215+0000] {logging_mixin.py:188} INFO - [2025-10-15T17:13:40.215+0000] {dag.py:3089} INFO - Sync 1 DAGs
[2025-10-15T17:13:40.223+0000] {logging_mixin.py:188} INFO - [2025-10-15T17:13:40.223+0000] {dag.py:3947} INFO - Setting next_dagrun for example_params_ui_tutorial to None, run_after=None
[2025-10-15T17:13:40.233+0000] {processor.py:183} INFO - Processing /home/airflow/.local/lib/python3.12/site-packages/airflow/example_dags/example_params_ui_tutorial.py took 0.056 seconds
[2025-10-15T17:14:10.640+0000] {processor.py:161} INFO - Started process (PID=764) to work on /home/airflow/.local/lib/python3.12/site-packages/airflow/example_dags/example_params_ui_tutorial.py
[2025-10-15T17:14:10.641+0000] {processor.py:830} INFO - Processing file /home/airflow/.local/lib/python3.12/site-packages/airflow/example_dags/example_params_ui_tutorial.py for tasks to queue
[2025-10-15T17:14:10.642+0000] {logging_mixin.py:188} INFO - [2025-10-15T17:14:10.642+0000] {dagbag.py:545} INFO - Filling up the DagBag from /home/airflow/.local/lib/python3.12/site-packages/airflow/example_dags/example_params_ui_tutorial.py
[2025-10-15T17:14:10.646+0000] {processor.py:840} INFO - DAG(s) 'example_params_ui_tutorial' retrieved from /home/airflow/.local/lib/python3.12/site-packages/airflow/example_dags/example_params_ui_tutorial.py
[2025-10-15T17:14:10.675+0000] {logging_mixin.py:188} INFO - [2025-10-15T17:14:10.675+0000] {dag.py:3089} INFO - Sync 1 DAGs
[2025-10-15T17:14:10.682+0000] {logging_mixin.py:188} INFO - [2025-10-15T17:14:10.682+0000] {dag.py:3947} INFO - Setting next_dagrun for example_params_ui_tutorial to None, run_after=None
[2025-10-15T17:14:10.691+0000] {processor.py:183} INFO - Processing /home/airflow/.local/lib/python3.12/site-packages/airflow/example_dags/example_params_ui_tutorial.py took 0.055 seconds
[2025-10-15T17:14:40.756+0000] {processor.py:161} INFO - Started process (PID=822) to work on /home/airflow/.local/lib/python3.12/site-packages/airflow/example_dags/example_params_ui_tutorial.py
[2025-10-15T17:14:40.756+0000] {processor.py:830} INFO - Processing file /home/airflow/.local/lib/python3.12/site-packages/airflow/example_dags/example_params_ui_tutorial.py for tasks to queue
[2025-10-15T17:14:40.757+0000] {logging_mixin.py:188} INFO - [2025-10-15T17:14:40.757+0000] {dagbag.py:545} INFO - Filling up the DagBag from /home/airflow/.local/lib/python3.12/site-packages/airflow/example_dags/example_params_ui_tutorial.py
[2025-10-15T17:14:40.762+0000] {processor.py:840} INFO - DAG(s) 'example_params_ui_tutorial' retrieved from /home/airflow/.local/lib/python3.12/site-packages/airflow/example_dags/example_params_ui_tutorial.py
[2025-10-15T17:14:40.791+0000] {logging_mixin.py:188} INFO - [2025-10-15T17:14:40.791+0000] {dag.py:3089} INFO - Sync 1 DAGs
[2025-10-15T17:14:40.798+0000] {logging_mixin.py:188} INFO - [2025-10-15T17:14:40.798+0000] {dag.py:3947} INFO - Setting next_dagrun for example_params_ui_tutorial to None, run_after=None
[2025-10-15T17:14:40.808+0000] {processor.py:183} INFO - Processing /home/airflow/.local/lib/python3.12/site-packages/airflow/example_dags/example_params_ui_tutorial.py took 0.056 seconds
[2025-10-15T17:15:11.040+0000] {processor.py:161} INFO - Started process (PID=880) to work on /home/airflow/.local/lib/python3.12/site-packages/airflow/example_dags/example_params_ui_tutorial.py
[2025-10-15T17:15:11.041+0000] {processor.py:830} INFO - Processing file /home/airflow/.local/lib/python3.12/site-packages/airflow/example_dags/example_params_ui_tutorial.py for tasks to queue
[2025-10-15T17:15:11.042+0000] {logging_mixin.py:188} INFO - [2025-10-15T17:15:11.042+0000] {dagbag.py:545} INFO - Filling up the DagBag from /home/airflow/.local/lib/python3.12/site-packages/airflow/example_dags/example_params_ui_tutorial.py
[2025-10-15T17:15:11.047+0000] {processor.py:840} INFO - DAG(s) 'example_params_ui_tutorial' retrieved from /home/airflow/.local/lib/python3.12/site-packages/airflow/example_dags/example_params_ui_tutorial.py
[2025-10-15T17:15:11.075+0000] {logging_mixin.py:188} INFO - [2025-10-15T17:15:11.074+0000] {dag.py:3089} INFO - Sync 1 DAGs
[2025-10-15T17:15:11.081+0000] {logging_mixin.py:188} INFO - [2025-10-15T17:15:11.081+0000] {dag.py:3947} INFO - Setting next_dagrun for example_params_ui_tutorial to None, run_after=None
[2025-10-15T17:15:11.091+0000] {processor.py:183} INFO - Processing /home/airflow/.local/lib/python3.12/site-packages/airflow/example_dags/example_params_ui_tutorial.py took 0.054 seconds
[2025-10-15T17:19:42.222+0000] {processor.py:161} INFO - Started process (PID=63) to work on /home/airflow/.local/lib/python3.12/site-packages/airflow/example_dags/example_params_ui_tutorial.py
[2025-10-15T17:19:42.225+0000] {processor.py:830} INFO - Processing file /home/airflow/.local/lib/python3.12/site-packages/airflow/example_dags/example_params_ui_tutorial.py for tasks to queue
[2025-10-15T17:19:42.230+0000] {logging_mixin.py:188} INFO - [2025-10-15T17:19:42.229+0000] {dagbag.py:545} INFO - Filling up the DagBag from /home/airflow/.local/lib/python3.12/site-packages/airflow/example_dags/example_params_ui_tutorial.py
[2025-10-15T17:19:42.255+0000] {processor.py:840} INFO - DAG(s) 'example_params_ui_tutorial' retrieved from /home/airflow/.local/lib/python3.12/site-packages/airflow/example_dags/example_params_ui_tutorial.py
[2025-10-15T17:19:43.135+0000] {logging_mixin.py:188} INFO - [2025-10-15T17:19:43.133+0000] {dag.py:3089} INFO - Sync 1 DAGs
[2025-10-15T17:19:43.172+0000] {logging_mixin.py:188} INFO - [2025-10-15T17:19:43.171+0000] {dag.py:3947} INFO - Setting next_dagrun for example_params_ui_tutorial to None, run_after=None
[2025-10-15T17:19:43.303+0000] {processor.py:183} INFO - Processing /home/airflow/.local/lib/python3.12/site-packages/airflow/example_dags/example_params_ui_tutorial.py took 1.099 seconds
[2025-10-15T17:20:13.769+0000] {processor.py:161} INFO - Started process (PID=121) to work on /home/airflow/.local/lib/python3.12/site-packages/airflow/example_dags/example_params_ui_tutorial.py
[2025-10-15T17:20:13.770+0000] {processor.py:830} INFO - Processing file /home/airflow/.local/lib/python3.12/site-packages/airflow/example_dags/example_params_ui_tutorial.py for tasks to queue
[2025-10-15T17:20:13.773+0000] {logging_mixin.py:188} INFO - [2025-10-15T17:20:13.772+0000] {dagbag.py:545} INFO - Filling up the DagBag from /home/airflow/.local/lib/python3.12/site-packages/airflow/example_dags/example_params_ui_tutorial.py
[2025-10-15T17:20:13.780+0000] {processor.py:840} INFO - DAG(s) 'example_params_ui_tutorial' retrieved from /home/airflow/.local/lib/python3.12/site-packages/airflow/example_dags/example_params_ui_tutorial.py
[2025-10-15T17:20:13.827+0000] {logging_mixin.py:188} INFO - [2025-10-15T17:20:13.826+0000] {dag.py:3089} INFO - Sync 1 DAGs
[2025-10-15T17:20:13.841+0000] {logging_mixin.py:188} INFO - [2025-10-15T17:20:13.840+0000] {dag.py:3947} INFO - Setting next_dagrun for example_params_ui_tutorial to None, run_after=None
[2025-10-15T17:20:13.861+0000] {processor.py:183} INFO - Processing /home/airflow/.local/lib/python3.12/site-packages/airflow/example_dags/example_params_ui_tutorial.py took 0.099 seconds
[2025-10-15T17:20:44.442+0000] {processor.py:161} INFO - Started process (PID=179) to work on /home/airflow/.local/lib/python3.12/site-packages/airflow/example_dags/example_params_ui_tutorial.py
[2025-10-15T17:20:44.443+0000] {processor.py:830} INFO - Processing file /home/airflow/.local/lib/python3.12/site-packages/airflow/example_dags/example_params_ui_tutorial.py for tasks to queue
[2025-10-15T17:20:44.444+0000] {logging_mixin.py:188} INFO - [2025-10-15T17:20:44.444+0000] {dagbag.py:545} INFO - Filling up the DagBag from /home/airflow/.local/lib/python3.12/site-packages/airflow/example_dags/example_params_ui_tutorial.py
[2025-10-15T17:20:44.451+0000] {processor.py:840} INFO - DAG(s) 'example_params_ui_tutorial' retrieved from /home/airflow/.local/lib/python3.12/site-packages/airflow/example_dags/example_params_ui_tutorial.py
[2025-10-15T17:20:44.508+0000] {logging_mixin.py:188} INFO - [2025-10-15T17:20:44.507+0000] {dag.py:3089} INFO - Sync 1 DAGs
[2025-10-15T17:20:44.521+0000] {logging_mixin.py:188} INFO - [2025-10-15T17:20:44.521+0000] {dag.py:3947} INFO - Setting next_dagrun for example_params_ui_tutorial to None, run_after=None
[2025-10-15T17:20:44.543+0000] {processor.py:183} INFO - Processing /home/airflow/.local/lib/python3.12/site-packages/airflow/example_dags/example_params_ui_tutorial.py took 0.106 seconds
[2025-10-15T17:21:15.351+0000] {processor.py:161} INFO - Started process (PID=237) to work on /home/airflow/.local/lib/python3.12/site-packages/airflow/example_dags/example_params_ui_tutorial.py
[2025-10-15T17:21:15.353+0000] {processor.py:830} INFO - Processing file /home/airflow/.local/lib/python3.12/site-packages/airflow/example_dags/example_params_ui_tutorial.py for tasks to queue
[2025-10-15T17:21:15.357+0000] {logging_mixin.py:188} INFO - [2025-10-15T17:21:15.356+0000] {dagbag.py:545} INFO - Filling up the DagBag from /home/airflow/.local/lib/python3.12/site-packages/airflow/example_dags/example_params_ui_tutorial.py
[2025-10-15T17:21:15.382+0000] {processor.py:840} INFO - DAG(s) 'example_params_ui_tutorial' retrieved from /home/airflow/.local/lib/python3.12/site-packages/airflow/example_dags/example_params_ui_tutorial.py
[2025-10-15T17:21:15.441+0000] {logging_mixin.py:188} INFO - [2025-10-15T17:21:15.441+0000] {dag.py:3089} INFO - Sync 1 DAGs
[2025-10-15T17:21:15.454+0000] {logging_mixin.py:188} INFO - [2025-10-15T17:21:15.453+0000] {dag.py:3947} INFO - Setting next_dagrun for example_params_ui_tutorial to None, run_after=None
[2025-10-15T17:21:15.467+0000] {processor.py:183} INFO - Processing /home/airflow/.local/lib/python3.12/site-packages/airflow/example_dags/example_params_ui_tutorial.py took 0.128 seconds
[2025-10-15T17:21:46.418+0000] {processor.py:161} INFO - Started process (PID=295) to work on /home/airflow/.local/lib/python3.12/site-packages/airflow/example_dags/example_params_ui_tutorial.py
[2025-10-15T17:21:46.419+0000] {processor.py:830} INFO - Processing file /home/airflow/.local/lib/python3.12/site-packages/airflow/example_dags/example_params_ui_tutorial.py for tasks to queue
[2025-10-15T17:21:46.420+0000] {logging_mixin.py:188} INFO - [2025-10-15T17:21:46.420+0000] {dagbag.py:545} INFO - Filling up the DagBag from /home/airflow/.local/lib/python3.12/site-packages/airflow/example_dags/example_params_ui_tutorial.py
[2025-10-15T17:21:46.425+0000] {processor.py:840} INFO - DAG(s) 'example_params_ui_tutorial' retrieved from /home/airflow/.local/lib/python3.12/site-packages/airflow/example_dags/example_params_ui_tutorial.py
[2025-10-15T17:21:46.459+0000] {logging_mixin.py:188} INFO - [2025-10-15T17:21:46.459+0000] {dag.py:3089} INFO - Sync 1 DAGs
[2025-10-15T17:21:46.469+0000] {logging_mixin.py:188} INFO - [2025-10-15T17:21:46.469+0000] {dag.py:3947} INFO - Setting next_dagrun for example_params_ui_tutorial to None, run_after=None
[2025-10-15T17:21:46.482+0000] {processor.py:183} INFO - Processing /home/airflow/.local/lib/python3.12/site-packages/airflow/example_dags/example_params_ui_tutorial.py took 0.068 seconds
[2025-10-15T17:22:16.551+0000] {processor.py:161} INFO - Started process (PID=353) to work on /home/airflow/.local/lib/python3.12/site-packages/airflow/example_dags/example_params_ui_tutorial.py
[2025-10-15T17:22:16.552+0000] {processor.py:830} INFO - Processing file /home/airflow/.local/lib/python3.12/site-packages/airflow/example_dags/example_params_ui_tutorial.py for tasks to queue
[2025-10-15T17:22:16.553+0000] {logging_mixin.py:188} INFO - [2025-10-15T17:22:16.553+0000] {dagbag.py:545} INFO - Filling up the DagBag from /home/airflow/.local/lib/python3.12/site-packages/airflow/example_dags/example_params_ui_tutorial.py
[2025-10-15T17:22:16.557+0000] {processor.py:840} INFO - DAG(s) 'example_params_ui_tutorial' retrieved from /home/airflow/.local/lib/python3.12/site-packages/airflow/example_dags/example_params_ui_tutorial.py
[2025-10-15T17:22:16.589+0000] {logging_mixin.py:188} INFO - [2025-10-15T17:22:16.589+0000] {dag.py:3089} INFO - Sync 1 DAGs
[2025-10-15T17:22:16.597+0000] {logging_mixin.py:188} INFO - [2025-10-15T17:22:16.596+0000] {dag.py:3947} INFO - Setting next_dagrun for example_params_ui_tutorial to None, run_after=None
[2025-10-15T17:22:16.608+0000] {processor.py:183} INFO - Processing /home/airflow/.local/lib/python3.12/site-packages/airflow/example_dags/example_params_ui_tutorial.py took 0.062 seconds
[2025-10-15T17:22:46.697+0000] {processor.py:161} INFO - Started process (PID=411) to work on /home/airflow/.local/lib/python3.12/site-packages/airflow/example_dags/example_params_ui_tutorial.py
[2025-10-15T17:22:46.698+0000] {processor.py:830} INFO - Processing file /home/airflow/.local/lib/python3.12/site-packages/airflow/example_dags/example_params_ui_tutorial.py for tasks to queue
[2025-10-15T17:22:46.699+0000] {logging_mixin.py:188} INFO - [2025-10-15T17:22:46.699+0000] {dagbag.py:545} INFO - Filling up the DagBag from /home/airflow/.local/lib/python3.12/site-packages/airflow/example_dags/example_params_ui_tutorial.py
[2025-10-15T17:22:46.704+0000] {processor.py:840} INFO - DAG(s) 'example_params_ui_tutorial' retrieved from /home/airflow/.local/lib/python3.12/site-packages/airflow/example_dags/example_params_ui_tutorial.py
[2025-10-15T17:22:46.732+0000] {logging_mixin.py:188} INFO - [2025-10-15T17:22:46.732+0000] {dag.py:3089} INFO - Sync 1 DAGs
[2025-10-15T17:22:46.740+0000] {logging_mixin.py:188} INFO - [2025-10-15T17:22:46.740+0000] {dag.py:3947} INFO - Setting next_dagrun for example_params_ui_tutorial to None, run_after=None
[2025-10-15T17:22:46.750+0000] {processor.py:183} INFO - Processing /home/airflow/.local/lib/python3.12/site-packages/airflow/example_dags/example_params_ui_tutorial.py took 0.057 seconds
[2025-10-15T17:23:16.888+0000] {processor.py:161} INFO - Started process (PID=469) to work on /home/airflow/.local/lib/python3.12/site-packages/airflow/example_dags/example_params_ui_tutorial.py
[2025-10-15T17:23:16.889+0000] {processor.py:830} INFO - Processing file /home/airflow/.local/lib/python3.12/site-packages/airflow/example_dags/example_params_ui_tutorial.py for tasks to queue
[2025-10-15T17:23:16.890+0000] {logging_mixin.py:188} INFO - [2025-10-15T17:23:16.890+0000] {dagbag.py:545} INFO - Filling up the DagBag from /home/airflow/.local/lib/python3.12/site-packages/airflow/example_dags/example_params_ui_tutorial.py
[2025-10-15T17:23:16.895+0000] {processor.py:840} INFO - DAG(s) 'example_params_ui_tutorial' retrieved from /home/airflow/.local/lib/python3.12/site-packages/airflow/example_dags/example_params_ui_tutorial.py
[2025-10-15T17:23:16.923+0000] {logging_mixin.py:188} INFO - [2025-10-15T17:23:16.923+0000] {dag.py:3089} INFO - Sync 1 DAGs
[2025-10-15T17:23:16.930+0000] {logging_mixin.py:188} INFO - [2025-10-15T17:23:16.930+0000] {dag.py:3947} INFO - Setting next_dagrun for example_params_ui_tutorial to None, run_after=None
[2025-10-15T17:23:16.940+0000] {processor.py:183} INFO - Processing /home/airflow/.local/lib/python3.12/site-packages/airflow/example_dags/example_params_ui_tutorial.py took 0.055 seconds
[2025-10-15T17:23:47.259+0000] {processor.py:161} INFO - Started process (PID=527) to work on /home/airflow/.local/lib/python3.12/site-packages/airflow/example_dags/example_params_ui_tutorial.py
[2025-10-15T17:23:47.260+0000] {processor.py:830} INFO - Processing file /home/airflow/.local/lib/python3.12/site-packages/airflow/example_dags/example_params_ui_tutorial.py for tasks to queue
[2025-10-15T17:23:47.261+0000] {logging_mixin.py:188} INFO - [2025-10-15T17:23:47.261+0000] {dagbag.py:545} INFO - Filling up the DagBag from /home/airflow/.local/lib/python3.12/site-packages/airflow/example_dags/example_params_ui_tutorial.py
[2025-10-15T17:23:47.266+0000] {processor.py:840} INFO - DAG(s) 'example_params_ui_tutorial' retrieved from /home/airflow/.local/lib/python3.12/site-packages/airflow/example_dags/example_params_ui_tutorial.py
[2025-10-15T17:23:47.303+0000] {logging_mixin.py:188} INFO - [2025-10-15T17:23:47.303+0000] {dag.py:3089} INFO - Sync 1 DAGs
[2025-10-15T17:23:47.312+0000] {logging_mixin.py:188} INFO - [2025-10-15T17:23:47.312+0000] {dag.py:3947} INFO - Setting next_dagrun for example_params_ui_tutorial to None, run_after=None
[2025-10-15T17:23:47.323+0000] {processor.py:183} INFO - Processing /home/airflow/.local/lib/python3.12/site-packages/airflow/example_dags/example_params_ui_tutorial.py took 0.068 seconds
[2025-10-15T17:24:17.974+0000] {processor.py:161} INFO - Started process (PID=585) to work on /home/airflow/.local/lib/python3.12/site-packages/airflow/example_dags/example_params_ui_tutorial.py
[2025-10-15T17:24:17.975+0000] {processor.py:830} INFO - Processing file /home/airflow/.local/lib/python3.12/site-packages/airflow/example_dags/example_params_ui_tutorial.py for tasks to queue
[2025-10-15T17:24:17.976+0000] {logging_mixin.py:188} INFO - [2025-10-15T17:24:17.976+0000] {dagbag.py:545} INFO - Filling up the DagBag from /home/airflow/.local/lib/python3.12/site-packages/airflow/example_dags/example_params_ui_tutorial.py
[2025-10-15T17:24:17.981+0000] {processor.py:840} INFO - DAG(s) 'example_params_ui_tutorial' retrieved from /home/airflow/.local/lib/python3.12/site-packages/airflow/example_dags/example_params_ui_tutorial.py
[2025-10-15T17:24:18.010+0000] {logging_mixin.py:188} INFO - [2025-10-15T17:24:18.009+0000] {dag.py:3089} INFO - Sync 1 DAGs
[2025-10-15T17:24:18.016+0000] {logging_mixin.py:188} INFO - [2025-10-15T17:24:18.016+0000] {dag.py:3947} INFO - Setting next_dagrun for example_params_ui_tutorial to None, run_after=None
[2025-10-15T17:24:18.026+0000] {processor.py:183} INFO - Processing /home/airflow/.local/lib/python3.12/site-packages/airflow/example_dags/example_params_ui_tutorial.py took 0.056 seconds
