[2025-10-15T17:08:07.715+0000] {processor.py:161} INFO - Started process (PID=75) to work on /home/airflow/.local/lib/python3.12/site-packages/airflow/example_dags/example_skip_dag.py
[2025-10-15T17:08:07.717+0000] {processor.py:830} INFO - Processing file /home/airflow/.local/lib/python3.12/site-packages/airflow/example_dags/example_skip_dag.py for tasks to queue
[2025-10-15T17:08:07.724+0000] {logging_mixin.py:188} INFO - [2025-10-15T17:08:07.723+0000] {dagbag.py:545} INFO - Filling up the DagBag from /home/airflow/.local/lib/python3.12/site-packages/airflow/example_dags/example_skip_dag.py
[2025-10-15T17:08:07.739+0000] {processor.py:840} INFO - DAG(s) 'example_skip_dag' retrieved from /home/airflow/.local/lib/python3.12/site-packages/airflow/example_dags/example_skip_dag.py
[2025-10-15T17:08:07.901+0000] {logging_mixin.py:188} INFO - [2025-10-15T17:08:07.901+0000] {override.py:1858} INFO - Created Permission View: can edit on DAG:example_skip_dag
[2025-10-15T17:08:07.923+0000] {logging_mixin.py:188} INFO - [2025-10-15T17:08:07.923+0000] {override.py:1858} INFO - Created Permission View: can delete on DAG:example_skip_dag
[2025-10-15T17:08:07.944+0000] {logging_mixin.py:188} INFO - [2025-10-15T17:08:07.943+0000] {override.py:1858} INFO - Created Permission View: can read on DAG:example_skip_dag
[2025-10-15T17:08:07.946+0000] {logging_mixin.py:188} INFO - [2025-10-15T17:08:07.945+0000] {dag.py:3089} INFO - Sync 1 DAGs
[2025-10-15T17:08:07.969+0000] {logging_mixin.py:188} INFO - [2025-10-15T17:08:07.969+0000] {dag.py:3111} INFO - Creating ORM DAG for example_skip_dag
[2025-10-15T17:08:07.987+0000] {logging_mixin.py:188} INFO - [2025-10-15T17:08:07.987+0000] {dag.py:3947} INFO - Setting next_dagrun for example_skip_dag to 2025-10-14 00:00:00+00:00, run_after=2025-10-15 00:00:00+00:00
[2025-10-15T17:08:08.137+0000] {processor.py:183} INFO - Processing /home/airflow/.local/lib/python3.12/site-packages/airflow/example_dags/example_skip_dag.py took 0.431 seconds
[2025-10-15T17:08:38.735+0000] {processor.py:161} INFO - Started process (PID=133) to work on /home/airflow/.local/lib/python3.12/site-packages/airflow/example_dags/example_skip_dag.py
[2025-10-15T17:08:38.735+0000] {processor.py:830} INFO - Processing file /home/airflow/.local/lib/python3.12/site-packages/airflow/example_dags/example_skip_dag.py for tasks to queue
[2025-10-15T17:08:38.737+0000] {logging_mixin.py:188} INFO - [2025-10-15T17:08:38.737+0000] {dagbag.py:545} INFO - Filling up the DagBag from /home/airflow/.local/lib/python3.12/site-packages/airflow/example_dags/example_skip_dag.py
[2025-10-15T17:08:38.743+0000] {processor.py:840} INFO - DAG(s) 'example_skip_dag' retrieved from /home/airflow/.local/lib/python3.12/site-packages/airflow/example_dags/example_skip_dag.py
[2025-10-15T17:08:38.759+0000] {logging_mixin.py:188} INFO - [2025-10-15T17:08:38.758+0000] {dag.py:3089} INFO - Sync 1 DAGs
[2025-10-15T17:08:38.775+0000] {logging_mixin.py:188} INFO - [2025-10-15T17:08:38.775+0000] {dag.py:3947} INFO - Setting next_dagrun for example_skip_dag to 2025-10-14 00:00:00+00:00, run_after=2025-10-15 00:00:00+00:00
[2025-10-15T17:08:38.789+0000] {processor.py:183} INFO - Processing /home/airflow/.local/lib/python3.12/site-packages/airflow/example_dags/example_skip_dag.py took 0.059 seconds
[2025-10-15T17:09:09.356+0000] {processor.py:161} INFO - Started process (PID=191) to work on /home/airflow/.local/lib/python3.12/site-packages/airflow/example_dags/example_skip_dag.py
[2025-10-15T17:09:09.359+0000] {processor.py:830} INFO - Processing file /home/airflow/.local/lib/python3.12/site-packages/airflow/example_dags/example_skip_dag.py for tasks to queue
[2025-10-15T17:09:09.360+0000] {logging_mixin.py:188} INFO - [2025-10-15T17:09:09.360+0000] {dagbag.py:545} INFO - Filling up the DagBag from /home/airflow/.local/lib/python3.12/site-packages/airflow/example_dags/example_skip_dag.py
[2025-10-15T17:09:09.366+0000] {processor.py:840} INFO - DAG(s) 'example_skip_dag' retrieved from /home/airflow/.local/lib/python3.12/site-packages/airflow/example_dags/example_skip_dag.py
[2025-10-15T17:09:09.384+0000] {logging_mixin.py:188} INFO - [2025-10-15T17:09:09.384+0000] {dag.py:3089} INFO - Sync 1 DAGs
[2025-10-15T17:09:09.403+0000] {logging_mixin.py:188} INFO - [2025-10-15T17:09:09.403+0000] {dag.py:3947} INFO - Setting next_dagrun for example_skip_dag to 2025-10-14 00:00:00+00:00, run_after=2025-10-15 00:00:00+00:00
[2025-10-15T17:09:09.421+0000] {processor.py:183} INFO - Processing /home/airflow/.local/lib/python3.12/site-packages/airflow/example_dags/example_skip_dag.py took 0.070 seconds
[2025-10-15T17:09:39.715+0000] {processor.py:161} INFO - Started process (PID=249) to work on /home/airflow/.local/lib/python3.12/site-packages/airflow/example_dags/example_skip_dag.py
[2025-10-15T17:09:39.716+0000] {processor.py:830} INFO - Processing file /home/airflow/.local/lib/python3.12/site-packages/airflow/example_dags/example_skip_dag.py for tasks to queue
[2025-10-15T17:09:39.718+0000] {logging_mixin.py:188} INFO - [2025-10-15T17:09:39.717+0000] {dagbag.py:545} INFO - Filling up the DagBag from /home/airflow/.local/lib/python3.12/site-packages/airflow/example_dags/example_skip_dag.py
[2025-10-15T17:09:39.724+0000] {processor.py:840} INFO - DAG(s) 'example_skip_dag' retrieved from /home/airflow/.local/lib/python3.12/site-packages/airflow/example_dags/example_skip_dag.py
[2025-10-15T17:09:39.743+0000] {logging_mixin.py:188} INFO - [2025-10-15T17:09:39.743+0000] {dag.py:3089} INFO - Sync 1 DAGs
[2025-10-15T17:09:39.765+0000] {logging_mixin.py:188} INFO - [2025-10-15T17:09:39.765+0000] {dag.py:3947} INFO - Setting next_dagrun for example_skip_dag to 2025-10-14 00:00:00+00:00, run_after=2025-10-15 00:00:00+00:00
[2025-10-15T17:09:39.783+0000] {processor.py:183} INFO - Processing /home/airflow/.local/lib/python3.12/site-packages/airflow/example_dags/example_skip_dag.py took 0.072 seconds
[2025-10-15T17:10:10.012+0000] {processor.py:161} INFO - Started process (PID=307) to work on /home/airflow/.local/lib/python3.12/site-packages/airflow/example_dags/example_skip_dag.py
[2025-10-15T17:10:10.013+0000] {processor.py:830} INFO - Processing file /home/airflow/.local/lib/python3.12/site-packages/airflow/example_dags/example_skip_dag.py for tasks to queue
[2025-10-15T17:10:10.015+0000] {logging_mixin.py:188} INFO - [2025-10-15T17:10:10.015+0000] {dagbag.py:545} INFO - Filling up the DagBag from /home/airflow/.local/lib/python3.12/site-packages/airflow/example_dags/example_skip_dag.py
[2025-10-15T17:10:10.020+0000] {processor.py:840} INFO - DAG(s) 'example_skip_dag' retrieved from /home/airflow/.local/lib/python3.12/site-packages/airflow/example_dags/example_skip_dag.py
[2025-10-15T17:10:10.034+0000] {logging_mixin.py:188} INFO - [2025-10-15T17:10:10.034+0000] {dag.py:3089} INFO - Sync 1 DAGs
[2025-10-15T17:10:10.051+0000] {logging_mixin.py:188} INFO - [2025-10-15T17:10:10.051+0000] {dag.py:3947} INFO - Setting next_dagrun for example_skip_dag to 2025-10-14 00:00:00+00:00, run_after=2025-10-15 00:00:00+00:00
[2025-10-15T17:10:10.065+0000] {processor.py:183} INFO - Processing /home/airflow/.local/lib/python3.12/site-packages/airflow/example_dags/example_skip_dag.py took 0.058 seconds
[2025-10-15T17:10:40.193+0000] {processor.py:161} INFO - Started process (PID=365) to work on /home/airflow/.local/lib/python3.12/site-packages/airflow/example_dags/example_skip_dag.py
[2025-10-15T17:10:40.193+0000] {processor.py:830} INFO - Processing file /home/airflow/.local/lib/python3.12/site-packages/airflow/example_dags/example_skip_dag.py for tasks to queue
[2025-10-15T17:10:40.195+0000] {logging_mixin.py:188} INFO - [2025-10-15T17:10:40.195+0000] {dagbag.py:545} INFO - Filling up the DagBag from /home/airflow/.local/lib/python3.12/site-packages/airflow/example_dags/example_skip_dag.py
[2025-10-15T17:10:40.199+0000] {processor.py:840} INFO - DAG(s) 'example_skip_dag' retrieved from /home/airflow/.local/lib/python3.12/site-packages/airflow/example_dags/example_skip_dag.py
[2025-10-15T17:10:40.217+0000] {logging_mixin.py:188} INFO - [2025-10-15T17:10:40.217+0000] {dag.py:3089} INFO - Sync 1 DAGs
[2025-10-15T17:10:40.235+0000] {logging_mixin.py:188} INFO - [2025-10-15T17:10:40.235+0000] {dag.py:3947} INFO - Setting next_dagrun for example_skip_dag to 2025-10-14 00:00:00+00:00, run_after=2025-10-15 00:00:00+00:00
[2025-10-15T17:10:40.251+0000] {processor.py:183} INFO - Processing /home/airflow/.local/lib/python3.12/site-packages/airflow/example_dags/example_skip_dag.py took 0.061 seconds
[2025-10-15T17:11:10.565+0000] {processor.py:161} INFO - Started process (PID=423) to work on /home/airflow/.local/lib/python3.12/site-packages/airflow/example_dags/example_skip_dag.py
[2025-10-15T17:11:10.568+0000] {processor.py:830} INFO - Processing file /home/airflow/.local/lib/python3.12/site-packages/airflow/example_dags/example_skip_dag.py for tasks to queue
[2025-10-15T17:11:10.569+0000] {logging_mixin.py:188} INFO - [2025-10-15T17:11:10.569+0000] {dagbag.py:545} INFO - Filling up the DagBag from /home/airflow/.local/lib/python3.12/site-packages/airflow/example_dags/example_skip_dag.py
[2025-10-15T17:11:10.576+0000] {processor.py:840} INFO - DAG(s) 'example_skip_dag' retrieved from /home/airflow/.local/lib/python3.12/site-packages/airflow/example_dags/example_skip_dag.py
[2025-10-15T17:11:10.603+0000] {logging_mixin.py:188} INFO - [2025-10-15T17:11:10.603+0000] {dag.py:3089} INFO - Sync 1 DAGs
[2025-10-15T17:11:10.619+0000] {logging_mixin.py:188} INFO - [2025-10-15T17:11:10.619+0000] {dag.py:3947} INFO - Setting next_dagrun for example_skip_dag to 2025-10-14 00:00:00+00:00, run_after=2025-10-15 00:00:00+00:00
[2025-10-15T17:11:10.637+0000] {processor.py:183} INFO - Processing /home/airflow/.local/lib/python3.12/site-packages/airflow/example_dags/example_skip_dag.py took 0.076 seconds
[2025-10-15T17:11:40.870+0000] {processor.py:161} INFO - Started process (PID=481) to work on /home/airflow/.local/lib/python3.12/site-packages/airflow/example_dags/example_skip_dag.py
[2025-10-15T17:11:40.872+0000] {processor.py:830} INFO - Processing file /home/airflow/.local/lib/python3.12/site-packages/airflow/example_dags/example_skip_dag.py for tasks to queue
[2025-10-15T17:11:40.874+0000] {logging_mixin.py:188} INFO - [2025-10-15T17:11:40.874+0000] {dagbag.py:545} INFO - Filling up the DagBag from /home/airflow/.local/lib/python3.12/site-packages/airflow/example_dags/example_skip_dag.py
[2025-10-15T17:11:40.880+0000] {processor.py:840} INFO - DAG(s) 'example_skip_dag' retrieved from /home/airflow/.local/lib/python3.12/site-packages/airflow/example_dags/example_skip_dag.py
[2025-10-15T17:11:40.899+0000] {logging_mixin.py:188} INFO - [2025-10-15T17:11:40.899+0000] {dag.py:3089} INFO - Sync 1 DAGs
[2025-10-15T17:11:40.915+0000] {logging_mixin.py:188} INFO - [2025-10-15T17:11:40.915+0000] {dag.py:3947} INFO - Setting next_dagrun for example_skip_dag to 2025-10-14 00:00:00+00:00, run_after=2025-10-15 00:00:00+00:00
[2025-10-15T17:11:40.931+0000] {processor.py:183} INFO - Processing /home/airflow/.local/lib/python3.12/site-packages/airflow/example_dags/example_skip_dag.py took 0.065 seconds
[2025-10-15T17:12:11.416+0000] {processor.py:161} INFO - Started process (PID=539) to work on /home/airflow/.local/lib/python3.12/site-packages/airflow/example_dags/example_skip_dag.py
[2025-10-15T17:12:11.421+0000] {processor.py:830} INFO - Processing file /home/airflow/.local/lib/python3.12/site-packages/airflow/example_dags/example_skip_dag.py for tasks to queue
[2025-10-15T17:12:11.422+0000] {logging_mixin.py:188} INFO - [2025-10-15T17:12:11.422+0000] {dagbag.py:545} INFO - Filling up the DagBag from /home/airflow/.local/lib/python3.12/site-packages/airflow/example_dags/example_skip_dag.py
[2025-10-15T17:12:11.426+0000] {processor.py:840} INFO - DAG(s) 'example_skip_dag' retrieved from /home/airflow/.local/lib/python3.12/site-packages/airflow/example_dags/example_skip_dag.py
[2025-10-15T17:12:11.442+0000] {logging_mixin.py:188} INFO - [2025-10-15T17:12:11.442+0000] {dag.py:3089} INFO - Sync 1 DAGs
[2025-10-15T17:12:11.458+0000] {logging_mixin.py:188} INFO - [2025-10-15T17:12:11.458+0000] {dag.py:3947} INFO - Setting next_dagrun for example_skip_dag to 2025-10-14 00:00:00+00:00, run_after=2025-10-15 00:00:00+00:00
[2025-10-15T17:12:11.476+0000] {processor.py:183} INFO - Processing /home/airflow/.local/lib/python3.12/site-packages/airflow/example_dags/example_skip_dag.py took 0.065 seconds
[2025-10-15T17:12:41.959+0000] {processor.py:161} INFO - Started process (PID=597) to work on /home/airflow/.local/lib/python3.12/site-packages/airflow/example_dags/example_skip_dag.py
[2025-10-15T17:12:41.961+0000] {processor.py:830} INFO - Processing file /home/airflow/.local/lib/python3.12/site-packages/airflow/example_dags/example_skip_dag.py for tasks to queue
[2025-10-15T17:12:41.962+0000] {logging_mixin.py:188} INFO - [2025-10-15T17:12:41.962+0000] {dagbag.py:545} INFO - Filling up the DagBag from /home/airflow/.local/lib/python3.12/site-packages/airflow/example_dags/example_skip_dag.py
[2025-10-15T17:12:41.967+0000] {processor.py:840} INFO - DAG(s) 'example_skip_dag' retrieved from /home/airflow/.local/lib/python3.12/site-packages/airflow/example_dags/example_skip_dag.py
[2025-10-15T17:12:41.984+0000] {logging_mixin.py:188} INFO - [2025-10-15T17:12:41.984+0000] {dag.py:3089} INFO - Sync 1 DAGs
[2025-10-15T17:12:41.997+0000] {logging_mixin.py:188} INFO - [2025-10-15T17:12:41.997+0000] {dag.py:3947} INFO - Setting next_dagrun for example_skip_dag to 2025-10-14 00:00:00+00:00, run_after=2025-10-15 00:00:00+00:00
[2025-10-15T17:12:42.013+0000] {processor.py:183} INFO - Processing /home/airflow/.local/lib/python3.12/site-packages/airflow/example_dags/example_skip_dag.py took 0.059 seconds
[2025-10-15T17:13:12.270+0000] {processor.py:161} INFO - Started process (PID=655) to work on /home/airflow/.local/lib/python3.12/site-packages/airflow/example_dags/example_skip_dag.py
[2025-10-15T17:13:12.271+0000] {processor.py:830} INFO - Processing file /home/airflow/.local/lib/python3.12/site-packages/airflow/example_dags/example_skip_dag.py for tasks to queue
[2025-10-15T17:13:12.272+0000] {logging_mixin.py:188} INFO - [2025-10-15T17:13:12.272+0000] {dagbag.py:545} INFO - Filling up the DagBag from /home/airflow/.local/lib/python3.12/site-packages/airflow/example_dags/example_skip_dag.py
[2025-10-15T17:13:12.276+0000] {processor.py:840} INFO - DAG(s) 'example_skip_dag' retrieved from /home/airflow/.local/lib/python3.12/site-packages/airflow/example_dags/example_skip_dag.py
[2025-10-15T17:13:12.291+0000] {logging_mixin.py:188} INFO - [2025-10-15T17:13:12.290+0000] {dag.py:3089} INFO - Sync 1 DAGs
[2025-10-15T17:13:12.302+0000] {logging_mixin.py:188} INFO - [2025-10-15T17:13:12.302+0000] {dag.py:3947} INFO - Setting next_dagrun for example_skip_dag to 2025-10-14 00:00:00+00:00, run_after=2025-10-15 00:00:00+00:00
[2025-10-15T17:13:12.312+0000] {processor.py:183} INFO - Processing /home/airflow/.local/lib/python3.12/site-packages/airflow/example_dags/example_skip_dag.py took 0.045 seconds
[2025-10-15T17:13:42.384+0000] {processor.py:161} INFO - Started process (PID=713) to work on /home/airflow/.local/lib/python3.12/site-packages/airflow/example_dags/example_skip_dag.py
[2025-10-15T17:13:42.385+0000] {processor.py:830} INFO - Processing file /home/airflow/.local/lib/python3.12/site-packages/airflow/example_dags/example_skip_dag.py for tasks to queue
[2025-10-15T17:13:42.387+0000] {logging_mixin.py:188} INFO - [2025-10-15T17:13:42.386+0000] {dagbag.py:545} INFO - Filling up the DagBag from /home/airflow/.local/lib/python3.12/site-packages/airflow/example_dags/example_skip_dag.py
[2025-10-15T17:13:42.392+0000] {processor.py:840} INFO - DAG(s) 'example_skip_dag' retrieved from /home/airflow/.local/lib/python3.12/site-packages/airflow/example_dags/example_skip_dag.py
[2025-10-15T17:13:42.408+0000] {logging_mixin.py:188} INFO - [2025-10-15T17:13:42.408+0000] {dag.py:3089} INFO - Sync 1 DAGs
[2025-10-15T17:13:42.421+0000] {logging_mixin.py:188} INFO - [2025-10-15T17:13:42.421+0000] {dag.py:3947} INFO - Setting next_dagrun for example_skip_dag to 2025-10-14 00:00:00+00:00, run_after=2025-10-15 00:00:00+00:00
[2025-10-15T17:13:42.431+0000] {processor.py:183} INFO - Processing /home/airflow/.local/lib/python3.12/site-packages/airflow/example_dags/example_skip_dag.py took 0.051 seconds
[2025-10-15T17:14:12.816+0000] {processor.py:161} INFO - Started process (PID=771) to work on /home/airflow/.local/lib/python3.12/site-packages/airflow/example_dags/example_skip_dag.py
[2025-10-15T17:14:12.819+0000] {processor.py:830} INFO - Processing file /home/airflow/.local/lib/python3.12/site-packages/airflow/example_dags/example_skip_dag.py for tasks to queue
[2025-10-15T17:14:12.820+0000] {logging_mixin.py:188} INFO - [2025-10-15T17:14:12.820+0000] {dagbag.py:545} INFO - Filling up the DagBag from /home/airflow/.local/lib/python3.12/site-packages/airflow/example_dags/example_skip_dag.py
[2025-10-15T17:14:12.825+0000] {processor.py:840} INFO - DAG(s) 'example_skip_dag' retrieved from /home/airflow/.local/lib/python3.12/site-packages/airflow/example_dags/example_skip_dag.py
[2025-10-15T17:14:12.837+0000] {logging_mixin.py:188} INFO - [2025-10-15T17:14:12.837+0000] {dag.py:3089} INFO - Sync 1 DAGs
[2025-10-15T17:14:12.851+0000] {logging_mixin.py:188} INFO - [2025-10-15T17:14:12.851+0000] {dag.py:3947} INFO - Setting next_dagrun for example_skip_dag to 2025-10-14 00:00:00+00:00, run_after=2025-10-15 00:00:00+00:00
[2025-10-15T17:14:12.861+0000] {processor.py:183} INFO - Processing /home/airflow/.local/lib/python3.12/site-packages/airflow/example_dags/example_skip_dag.py took 0.049 seconds
[2025-10-15T17:14:42.921+0000] {processor.py:161} INFO - Started process (PID=829) to work on /home/airflow/.local/lib/python3.12/site-packages/airflow/example_dags/example_skip_dag.py
[2025-10-15T17:14:42.923+0000] {processor.py:830} INFO - Processing file /home/airflow/.local/lib/python3.12/site-packages/airflow/example_dags/example_skip_dag.py for tasks to queue
[2025-10-15T17:14:42.927+0000] {logging_mixin.py:188} INFO - [2025-10-15T17:14:42.927+0000] {dagbag.py:545} INFO - Filling up the DagBag from /home/airflow/.local/lib/python3.12/site-packages/airflow/example_dags/example_skip_dag.py
[2025-10-15T17:14:42.932+0000] {processor.py:840} INFO - DAG(s) 'example_skip_dag' retrieved from /home/airflow/.local/lib/python3.12/site-packages/airflow/example_dags/example_skip_dag.py
[2025-10-15T17:14:42.944+0000] {logging_mixin.py:188} INFO - [2025-10-15T17:14:42.944+0000] {dag.py:3089} INFO - Sync 1 DAGs
[2025-10-15T17:14:42.956+0000] {logging_mixin.py:188} INFO - [2025-10-15T17:14:42.956+0000] {dag.py:3947} INFO - Setting next_dagrun for example_skip_dag to 2025-10-14 00:00:00+00:00, run_after=2025-10-15 00:00:00+00:00
[2025-10-15T17:14:42.966+0000] {processor.py:183} INFO - Processing /home/airflow/.local/lib/python3.12/site-packages/airflow/example_dags/example_skip_dag.py took 0.049 seconds
[2025-10-15T17:15:13.217+0000] {processor.py:161} INFO - Started process (PID=887) to work on /home/airflow/.local/lib/python3.12/site-packages/airflow/example_dags/example_skip_dag.py
[2025-10-15T17:15:13.218+0000] {processor.py:830} INFO - Processing file /home/airflow/.local/lib/python3.12/site-packages/airflow/example_dags/example_skip_dag.py for tasks to queue
[2025-10-15T17:15:13.222+0000] {logging_mixin.py:188} INFO - [2025-10-15T17:15:13.222+0000] {dagbag.py:545} INFO - Filling up the DagBag from /home/airflow/.local/lib/python3.12/site-packages/airflow/example_dags/example_skip_dag.py
[2025-10-15T17:15:13.226+0000] {processor.py:840} INFO - DAG(s) 'example_skip_dag' retrieved from /home/airflow/.local/lib/python3.12/site-packages/airflow/example_dags/example_skip_dag.py
[2025-10-15T17:15:13.239+0000] {logging_mixin.py:188} INFO - [2025-10-15T17:15:13.239+0000] {dag.py:3089} INFO - Sync 1 DAGs
[2025-10-15T17:15:13.253+0000] {logging_mixin.py:188} INFO - [2025-10-15T17:15:13.253+0000] {dag.py:3947} INFO - Setting next_dagrun for example_skip_dag to 2025-10-14 00:00:00+00:00, run_after=2025-10-15 00:00:00+00:00
[2025-10-15T17:15:13.265+0000] {processor.py:183} INFO - Processing /home/airflow/.local/lib/python3.12/site-packages/airflow/example_dags/example_skip_dag.py took 0.051 seconds
[2025-10-15T17:19:45.326+0000] {processor.py:161} INFO - Started process (PID=70) to work on /home/airflow/.local/lib/python3.12/site-packages/airflow/example_dags/example_skip_dag.py
[2025-10-15T17:19:45.332+0000] {processor.py:830} INFO - Processing file /home/airflow/.local/lib/python3.12/site-packages/airflow/example_dags/example_skip_dag.py for tasks to queue
[2025-10-15T17:19:45.335+0000] {logging_mixin.py:188} INFO - [2025-10-15T17:19:45.334+0000] {dagbag.py:545} INFO - Filling up the DagBag from /home/airflow/.local/lib/python3.12/site-packages/airflow/example_dags/example_skip_dag.py
[2025-10-15T17:19:45.356+0000] {processor.py:840} INFO - DAG(s) 'example_skip_dag' retrieved from /home/airflow/.local/lib/python3.12/site-packages/airflow/example_dags/example_skip_dag.py
[2025-10-15T17:19:45.692+0000] {logging_mixin.py:188} INFO - [2025-10-15T17:19:45.692+0000] {dag.py:3089} INFO - Sync 1 DAGs
[2025-10-15T17:19:45.730+0000] {logging_mixin.py:188} INFO - [2025-10-15T17:19:45.730+0000] {dag.py:3947} INFO - Setting next_dagrun for example_skip_dag to 2025-10-14 00:00:00+00:00, run_after=2025-10-15 00:00:00+00:00
[2025-10-15T17:19:45.764+0000] {processor.py:183} INFO - Processing /home/airflow/.local/lib/python3.12/site-packages/airflow/example_dags/example_skip_dag.py took 0.450 seconds
[2025-10-15T17:20:16.078+0000] {processor.py:161} INFO - Started process (PID=128) to work on /home/airflow/.local/lib/python3.12/site-packages/airflow/example_dags/example_skip_dag.py
[2025-10-15T17:20:16.080+0000] {processor.py:830} INFO - Processing file /home/airflow/.local/lib/python3.12/site-packages/airflow/example_dags/example_skip_dag.py for tasks to queue
[2025-10-15T17:20:16.081+0000] {logging_mixin.py:188} INFO - [2025-10-15T17:20:16.081+0000] {dagbag.py:545} INFO - Filling up the DagBag from /home/airflow/.local/lib/python3.12/site-packages/airflow/example_dags/example_skip_dag.py
[2025-10-15T17:20:16.088+0000] {processor.py:840} INFO - DAG(s) 'example_skip_dag' retrieved from /home/airflow/.local/lib/python3.12/site-packages/airflow/example_dags/example_skip_dag.py
[2025-10-15T17:20:16.108+0000] {logging_mixin.py:188} INFO - [2025-10-15T17:20:16.108+0000] {dag.py:3089} INFO - Sync 1 DAGs
[2025-10-15T17:20:16.131+0000] {logging_mixin.py:188} INFO - [2025-10-15T17:20:16.130+0000] {dag.py:3947} INFO - Setting next_dagrun for example_skip_dag to 2025-10-14 00:00:00+00:00, run_after=2025-10-15 00:00:00+00:00
[2025-10-15T17:20:16.150+0000] {processor.py:183} INFO - Processing /home/airflow/.local/lib/python3.12/site-packages/airflow/example_dags/example_skip_dag.py took 0.076 seconds
[2025-10-15T17:20:46.761+0000] {processor.py:161} INFO - Started process (PID=186) to work on /home/airflow/.local/lib/python3.12/site-packages/airflow/example_dags/example_skip_dag.py
[2025-10-15T17:20:46.762+0000] {processor.py:830} INFO - Processing file /home/airflow/.local/lib/python3.12/site-packages/airflow/example_dags/example_skip_dag.py for tasks to queue
[2025-10-15T17:20:46.763+0000] {logging_mixin.py:188} INFO - [2025-10-15T17:20:46.763+0000] {dagbag.py:545} INFO - Filling up the DagBag from /home/airflow/.local/lib/python3.12/site-packages/airflow/example_dags/example_skip_dag.py
[2025-10-15T17:20:46.768+0000] {processor.py:840} INFO - DAG(s) 'example_skip_dag' retrieved from /home/airflow/.local/lib/python3.12/site-packages/airflow/example_dags/example_skip_dag.py
[2025-10-15T17:20:46.784+0000] {logging_mixin.py:188} INFO - [2025-10-15T17:20:46.784+0000] {dag.py:3089} INFO - Sync 1 DAGs
[2025-10-15T17:20:46.800+0000] {logging_mixin.py:188} INFO - [2025-10-15T17:20:46.800+0000] {dag.py:3947} INFO - Setting next_dagrun for example_skip_dag to 2025-10-14 00:00:00+00:00, run_after=2025-10-15 00:00:00+00:00
[2025-10-15T17:20:46.813+0000] {processor.py:183} INFO - Processing /home/airflow/.local/lib/python3.12/site-packages/airflow/example_dags/example_skip_dag.py took 0.056 seconds
[2025-10-15T17:21:17.739+0000] {processor.py:161} INFO - Started process (PID=244) to work on /home/airflow/.local/lib/python3.12/site-packages/airflow/example_dags/example_skip_dag.py
[2025-10-15T17:21:17.740+0000] {processor.py:830} INFO - Processing file /home/airflow/.local/lib/python3.12/site-packages/airflow/example_dags/example_skip_dag.py for tasks to queue
[2025-10-15T17:21:17.741+0000] {logging_mixin.py:188} INFO - [2025-10-15T17:21:17.741+0000] {dagbag.py:545} INFO - Filling up the DagBag from /home/airflow/.local/lib/python3.12/site-packages/airflow/example_dags/example_skip_dag.py
[2025-10-15T17:21:17.749+0000] {processor.py:840} INFO - DAG(s) 'example_skip_dag' retrieved from /home/airflow/.local/lib/python3.12/site-packages/airflow/example_dags/example_skip_dag.py
[2025-10-15T17:21:17.769+0000] {logging_mixin.py:188} INFO - [2025-10-15T17:21:17.768+0000] {dag.py:3089} INFO - Sync 1 DAGs
[2025-10-15T17:21:17.783+0000] {logging_mixin.py:188} INFO - [2025-10-15T17:21:17.783+0000] {dag.py:3947} INFO - Setting next_dagrun for example_skip_dag to 2025-10-14 00:00:00+00:00, run_after=2025-10-15 00:00:00+00:00
[2025-10-15T17:21:17.799+0000] {processor.py:183} INFO - Processing /home/airflow/.local/lib/python3.12/site-packages/airflow/example_dags/example_skip_dag.py took 0.065 seconds
[2025-10-15T17:21:48.740+0000] {processor.py:161} INFO - Started process (PID=302) to work on /home/airflow/.local/lib/python3.12/site-packages/airflow/example_dags/example_skip_dag.py
[2025-10-15T17:21:48.742+0000] {processor.py:830} INFO - Processing file /home/airflow/.local/lib/python3.12/site-packages/airflow/example_dags/example_skip_dag.py for tasks to queue
[2025-10-15T17:21:48.744+0000] {logging_mixin.py:188} INFO - [2025-10-15T17:21:48.744+0000] {dagbag.py:545} INFO - Filling up the DagBag from /home/airflow/.local/lib/python3.12/site-packages/airflow/example_dags/example_skip_dag.py
[2025-10-15T17:21:48.750+0000] {processor.py:840} INFO - DAG(s) 'example_skip_dag' retrieved from /home/airflow/.local/lib/python3.12/site-packages/airflow/example_dags/example_skip_dag.py
[2025-10-15T17:21:48.767+0000] {logging_mixin.py:188} INFO - [2025-10-15T17:21:48.766+0000] {dag.py:3089} INFO - Sync 1 DAGs
[2025-10-15T17:21:48.781+0000] {logging_mixin.py:188} INFO - [2025-10-15T17:21:48.781+0000] {dag.py:3947} INFO - Setting next_dagrun for example_skip_dag to 2025-10-14 00:00:00+00:00, run_after=2025-10-15 00:00:00+00:00
[2025-10-15T17:21:48.800+0000] {processor.py:183} INFO - Processing /home/airflow/.local/lib/python3.12/site-packages/airflow/example_dags/example_skip_dag.py took 0.065 seconds
[2025-10-15T17:22:18.837+0000] {processor.py:161} INFO - Started process (PID=360) to work on /home/airflow/.local/lib/python3.12/site-packages/airflow/example_dags/example_skip_dag.py
[2025-10-15T17:22:18.842+0000] {processor.py:830} INFO - Processing file /home/airflow/.local/lib/python3.12/site-packages/airflow/example_dags/example_skip_dag.py for tasks to queue
[2025-10-15T17:22:18.847+0000] {logging_mixin.py:188} INFO - [2025-10-15T17:22:18.847+0000] {dagbag.py:545} INFO - Filling up the DagBag from /home/airflow/.local/lib/python3.12/site-packages/airflow/example_dags/example_skip_dag.py
[2025-10-15T17:22:18.851+0000] {processor.py:840} INFO - DAG(s) 'example_skip_dag' retrieved from /home/airflow/.local/lib/python3.12/site-packages/airflow/example_dags/example_skip_dag.py
[2025-10-15T17:22:18.871+0000] {logging_mixin.py:188} INFO - [2025-10-15T17:22:18.871+0000] {dag.py:3089} INFO - Sync 1 DAGs
[2025-10-15T17:22:18.890+0000] {logging_mixin.py:188} INFO - [2025-10-15T17:22:18.890+0000] {dag.py:3947} INFO - Setting next_dagrun for example_skip_dag to 2025-10-14 00:00:00+00:00, run_after=2025-10-15 00:00:00+00:00
[2025-10-15T17:22:18.904+0000] {processor.py:183} INFO - Processing /home/airflow/.local/lib/python3.12/site-packages/airflow/example_dags/example_skip_dag.py took 0.071 seconds
[2025-10-15T17:22:48.970+0000] {processor.py:161} INFO - Started process (PID=418) to work on /home/airflow/.local/lib/python3.12/site-packages/airflow/example_dags/example_skip_dag.py
[2025-10-15T17:22:48.971+0000] {processor.py:830} INFO - Processing file /home/airflow/.local/lib/python3.12/site-packages/airflow/example_dags/example_skip_dag.py for tasks to queue
[2025-10-15T17:22:48.973+0000] {logging_mixin.py:188} INFO - [2025-10-15T17:22:48.973+0000] {dagbag.py:545} INFO - Filling up the DagBag from /home/airflow/.local/lib/python3.12/site-packages/airflow/example_dags/example_skip_dag.py
[2025-10-15T17:22:48.977+0000] {processor.py:840} INFO - DAG(s) 'example_skip_dag' retrieved from /home/airflow/.local/lib/python3.12/site-packages/airflow/example_dags/example_skip_dag.py
[2025-10-15T17:22:48.993+0000] {logging_mixin.py:188} INFO - [2025-10-15T17:22:48.993+0000] {dag.py:3089} INFO - Sync 1 DAGs
[2025-10-15T17:22:49.007+0000] {logging_mixin.py:188} INFO - [2025-10-15T17:22:49.007+0000] {dag.py:3947} INFO - Setting next_dagrun for example_skip_dag to 2025-10-14 00:00:00+00:00, run_after=2025-10-15 00:00:00+00:00
[2025-10-15T17:22:49.021+0000] {processor.py:183} INFO - Processing /home/airflow/.local/lib/python3.12/site-packages/airflow/example_dags/example_skip_dag.py took 0.055 seconds
[2025-10-15T17:23:19.143+0000] {processor.py:161} INFO - Started process (PID=476) to work on /home/airflow/.local/lib/python3.12/site-packages/airflow/example_dags/example_skip_dag.py
[2025-10-15T17:23:19.143+0000] {processor.py:830} INFO - Processing file /home/airflow/.local/lib/python3.12/site-packages/airflow/example_dags/example_skip_dag.py for tasks to queue
[2025-10-15T17:23:19.144+0000] {logging_mixin.py:188} INFO - [2025-10-15T17:23:19.144+0000] {dagbag.py:545} INFO - Filling up the DagBag from /home/airflow/.local/lib/python3.12/site-packages/airflow/example_dags/example_skip_dag.py
[2025-10-15T17:23:19.150+0000] {processor.py:840} INFO - DAG(s) 'example_skip_dag' retrieved from /home/airflow/.local/lib/python3.12/site-packages/airflow/example_dags/example_skip_dag.py
[2025-10-15T17:23:19.163+0000] {logging_mixin.py:188} INFO - [2025-10-15T17:23:19.163+0000] {dag.py:3089} INFO - Sync 1 DAGs
[2025-10-15T17:23:19.176+0000] {logging_mixin.py:188} INFO - [2025-10-15T17:23:19.175+0000] {dag.py:3947} INFO - Setting next_dagrun for example_skip_dag to 2025-10-14 00:00:00+00:00, run_after=2025-10-15 00:00:00+00:00
[2025-10-15T17:23:19.191+0000] {processor.py:183} INFO - Processing /home/airflow/.local/lib/python3.12/site-packages/airflow/example_dags/example_skip_dag.py took 0.052 seconds
[2025-10-15T17:23:49.481+0000] {processor.py:161} INFO - Started process (PID=534) to work on /home/airflow/.local/lib/python3.12/site-packages/airflow/example_dags/example_skip_dag.py
[2025-10-15T17:23:49.481+0000] {processor.py:830} INFO - Processing file /home/airflow/.local/lib/python3.12/site-packages/airflow/example_dags/example_skip_dag.py for tasks to queue
[2025-10-15T17:23:49.482+0000] {logging_mixin.py:188} INFO - [2025-10-15T17:23:49.482+0000] {dagbag.py:545} INFO - Filling up the DagBag from /home/airflow/.local/lib/python3.12/site-packages/airflow/example_dags/example_skip_dag.py
[2025-10-15T17:23:49.488+0000] {processor.py:840} INFO - DAG(s) 'example_skip_dag' retrieved from /home/airflow/.local/lib/python3.12/site-packages/airflow/example_dags/example_skip_dag.py
[2025-10-15T17:23:49.506+0000] {logging_mixin.py:188} INFO - [2025-10-15T17:23:49.506+0000] {dag.py:3089} INFO - Sync 1 DAGs
[2025-10-15T17:23:49.520+0000] {logging_mixin.py:188} INFO - [2025-10-15T17:23:49.520+0000] {dag.py:3947} INFO - Setting next_dagrun for example_skip_dag to 2025-10-14 00:00:00+00:00, run_after=2025-10-15 00:00:00+00:00
[2025-10-15T17:23:49.533+0000] {processor.py:183} INFO - Processing /home/airflow/.local/lib/python3.12/site-packages/airflow/example_dags/example_skip_dag.py took 0.056 seconds
[2025-10-15T17:24:20.211+0000] {processor.py:161} INFO - Started process (PID=592) to work on /home/airflow/.local/lib/python3.12/site-packages/airflow/example_dags/example_skip_dag.py
[2025-10-15T17:24:20.212+0000] {processor.py:830} INFO - Processing file /home/airflow/.local/lib/python3.12/site-packages/airflow/example_dags/example_skip_dag.py for tasks to queue
[2025-10-15T17:24:20.213+0000] {logging_mixin.py:188} INFO - [2025-10-15T17:24:20.213+0000] {dagbag.py:545} INFO - Filling up the DagBag from /home/airflow/.local/lib/python3.12/site-packages/airflow/example_dags/example_skip_dag.py
[2025-10-15T17:24:20.219+0000] {processor.py:840} INFO - DAG(s) 'example_skip_dag' retrieved from /home/airflow/.local/lib/python3.12/site-packages/airflow/example_dags/example_skip_dag.py
[2025-10-15T17:24:20.243+0000] {logging_mixin.py:188} INFO - [2025-10-15T17:24:20.243+0000] {dag.py:3089} INFO - Sync 1 DAGs
[2025-10-15T17:24:20.259+0000] {logging_mixin.py:188} INFO - [2025-10-15T17:24:20.259+0000] {dag.py:3947} INFO - Setting next_dagrun for example_skip_dag to 2025-10-14 00:00:00+00:00, run_after=2025-10-15 00:00:00+00:00
[2025-10-15T17:24:20.270+0000] {processor.py:183} INFO - Processing /home/airflow/.local/lib/python3.12/site-packages/airflow/example_dags/example_skip_dag.py took 0.063 seconds
