[2025-10-15T17:08:04.989+0000] {processor.py:161} INFO - Started process (PID=66) to work on /home/airflow/.local/lib/python3.12/site-packages/airflow/example_dags/example_branch_day_of_week_operator.py
[2025-10-15T17:08:04.991+0000] {processor.py:830} INFO - Processing file /home/airflow/.local/lib/python3.12/site-packages/airflow/example_dags/example_branch_day_of_week_operator.py for tasks to queue
[2025-10-15T17:08:04.997+0000] {logging_mixin.py:188} INFO - [2025-10-15T17:08:04.996+0000] {dagbag.py:545} INFO - Filling up the DagBag from /home/airflow/.local/lib/python3.12/site-packages/airflow/example_dags/example_branch_day_of_week_operator.py
[2025-10-15T17:08:05.057+0000] {processor.py:840} INFO - DAG(s) 'example_weekday_branch_operator' retrieved from /home/airflow/.local/lib/python3.12/site-packages/airflow/example_dags/example_branch_day_of_week_operator.py
[2025-10-15T17:08:05.356+0000] {logging_mixin.py:188} INFO - [2025-10-15T17:08:05.355+0000] {override.py:1858} INFO - Created Permission View: can edit on DAG:example_weekday_branch_operator
[2025-10-15T17:08:05.410+0000] {logging_mixin.py:188} INFO - [2025-10-15T17:08:05.410+0000] {override.py:1858} INFO - Created Permission View: can delete on DAG:example_weekday_branch_operator
[2025-10-15T17:08:05.458+0000] {logging_mixin.py:188} INFO - [2025-10-15T17:08:05.457+0000] {override.py:1858} INFO - Created Permission View: can read on DAG:example_weekday_branch_operator
[2025-10-15T17:08:05.465+0000] {logging_mixin.py:188} INFO - [2025-10-15T17:08:05.461+0000] {dag.py:3089} INFO - Sync 1 DAGs
[2025-10-15T17:08:05.511+0000] {logging_mixin.py:188} INFO - [2025-10-15T17:08:05.510+0000] {dag.py:3111} INFO - Creating ORM DAG for example_weekday_branch_operator
[2025-10-15T17:08:05.557+0000] {logging_mixin.py:188} INFO - [2025-10-15T17:08:05.557+0000] {dag.py:3947} INFO - Setting next_dagrun for example_weekday_branch_operator to 2025-10-14 00:00:00+00:00, run_after=2025-10-15 00:00:00+00:00
[2025-10-15T17:08:05.752+0000] {processor.py:183} INFO - Processing /home/airflow/.local/lib/python3.12/site-packages/airflow/example_dags/example_branch_day_of_week_operator.py took 0.776 seconds
[2025-10-15T17:08:36.456+0000] {processor.py:161} INFO - Started process (PID=124) to work on /home/airflow/.local/lib/python3.12/site-packages/airflow/example_dags/example_branch_day_of_week_operator.py
[2025-10-15T17:08:36.458+0000] {processor.py:830} INFO - Processing file /home/airflow/.local/lib/python3.12/site-packages/airflow/example_dags/example_branch_day_of_week_operator.py for tasks to queue
[2025-10-15T17:08:36.460+0000] {logging_mixin.py:188} INFO - [2025-10-15T17:08:36.460+0000] {dagbag.py:545} INFO - Filling up the DagBag from /home/airflow/.local/lib/python3.12/site-packages/airflow/example_dags/example_branch_day_of_week_operator.py
[2025-10-15T17:08:36.468+0000] {processor.py:840} INFO - DAG(s) 'example_weekday_branch_operator' retrieved from /home/airflow/.local/lib/python3.12/site-packages/airflow/example_dags/example_branch_day_of_week_operator.py
[2025-10-15T17:08:36.490+0000] {logging_mixin.py:188} INFO - [2025-10-15T17:08:36.489+0000] {dag.py:3089} INFO - Sync 1 DAGs
[2025-10-15T17:08:36.512+0000] {logging_mixin.py:188} INFO - [2025-10-15T17:08:36.512+0000] {dag.py:3947} INFO - Setting next_dagrun for example_weekday_branch_operator to 2025-10-14 00:00:00+00:00, run_after=2025-10-15 00:00:00+00:00
[2025-10-15T17:08:36.529+0000] {processor.py:183} INFO - Processing /home/airflow/.local/lib/python3.12/site-packages/airflow/example_dags/example_branch_day_of_week_operator.py took 0.078 seconds
[2025-10-15T17:09:06.958+0000] {processor.py:161} INFO - Started process (PID=182) to work on /home/airflow/.local/lib/python3.12/site-packages/airflow/example_dags/example_branch_day_of_week_operator.py
[2025-10-15T17:09:06.961+0000] {processor.py:830} INFO - Processing file /home/airflow/.local/lib/python3.12/site-packages/airflow/example_dags/example_branch_day_of_week_operator.py for tasks to queue
[2025-10-15T17:09:06.963+0000] {logging_mixin.py:188} INFO - [2025-10-15T17:09:06.963+0000] {dagbag.py:545} INFO - Filling up the DagBag from /home/airflow/.local/lib/python3.12/site-packages/airflow/example_dags/example_branch_day_of_week_operator.py
[2025-10-15T17:09:06.972+0000] {processor.py:840} INFO - DAG(s) 'example_weekday_branch_operator' retrieved from /home/airflow/.local/lib/python3.12/site-packages/airflow/example_dags/example_branch_day_of_week_operator.py
[2025-10-15T17:09:06.992+0000] {logging_mixin.py:188} INFO - [2025-10-15T17:09:06.992+0000] {dag.py:3089} INFO - Sync 1 DAGs
[2025-10-15T17:09:07.011+0000] {logging_mixin.py:188} INFO - [2025-10-15T17:09:07.011+0000] {dag.py:3947} INFO - Setting next_dagrun for example_weekday_branch_operator to 2025-10-14 00:00:00+00:00, run_after=2025-10-15 00:00:00+00:00
[2025-10-15T17:09:07.026+0000] {processor.py:183} INFO - Processing /home/airflow/.local/lib/python3.12/site-packages/airflow/example_dags/example_branch_day_of_week_operator.py took 0.074 seconds
[2025-10-15T17:09:37.092+0000] {processor.py:161} INFO - Started process (PID=240) to work on /home/airflow/.local/lib/python3.12/site-packages/airflow/example_dags/example_branch_day_of_week_operator.py
[2025-10-15T17:09:37.093+0000] {processor.py:830} INFO - Processing file /home/airflow/.local/lib/python3.12/site-packages/airflow/example_dags/example_branch_day_of_week_operator.py for tasks to queue
[2025-10-15T17:09:37.094+0000] {logging_mixin.py:188} INFO - [2025-10-15T17:09:37.094+0000] {dagbag.py:545} INFO - Filling up the DagBag from /home/airflow/.local/lib/python3.12/site-packages/airflow/example_dags/example_branch_day_of_week_operator.py
[2025-10-15T17:09:37.100+0000] {processor.py:840} INFO - DAG(s) 'example_weekday_branch_operator' retrieved from /home/airflow/.local/lib/python3.12/site-packages/airflow/example_dags/example_branch_day_of_week_operator.py
[2025-10-15T17:09:37.125+0000] {logging_mixin.py:188} INFO - [2025-10-15T17:09:37.125+0000] {dag.py:3089} INFO - Sync 1 DAGs
[2025-10-15T17:09:37.145+0000] {logging_mixin.py:188} INFO - [2025-10-15T17:09:37.144+0000] {dag.py:3947} INFO - Setting next_dagrun for example_weekday_branch_operator to 2025-10-14 00:00:00+00:00, run_after=2025-10-15 00:00:00+00:00
[2025-10-15T17:09:37.162+0000] {processor.py:183} INFO - Processing /home/airflow/.local/lib/python3.12/site-packages/airflow/example_dags/example_branch_day_of_week_operator.py took 0.077 seconds
[2025-10-15T17:10:07.743+0000] {processor.py:161} INFO - Started process (PID=298) to work on /home/airflow/.local/lib/python3.12/site-packages/airflow/example_dags/example_branch_day_of_week_operator.py
[2025-10-15T17:10:07.744+0000] {processor.py:830} INFO - Processing file /home/airflow/.local/lib/python3.12/site-packages/airflow/example_dags/example_branch_day_of_week_operator.py for tasks to queue
[2025-10-15T17:10:07.745+0000] {logging_mixin.py:188} INFO - [2025-10-15T17:10:07.745+0000] {dagbag.py:545} INFO - Filling up the DagBag from /home/airflow/.local/lib/python3.12/site-packages/airflow/example_dags/example_branch_day_of_week_operator.py
[2025-10-15T17:10:07.750+0000] {processor.py:840} INFO - DAG(s) 'example_weekday_branch_operator' retrieved from /home/airflow/.local/lib/python3.12/site-packages/airflow/example_dags/example_branch_day_of_week_operator.py
[2025-10-15T17:10:07.775+0000] {logging_mixin.py:188} INFO - [2025-10-15T17:10:07.774+0000] {dag.py:3089} INFO - Sync 1 DAGs
[2025-10-15T17:10:07.793+0000] {logging_mixin.py:188} INFO - [2025-10-15T17:10:07.793+0000] {dag.py:3947} INFO - Setting next_dagrun for example_weekday_branch_operator to 2025-10-14 00:00:00+00:00, run_after=2025-10-15 00:00:00+00:00
[2025-10-15T17:10:07.810+0000] {processor.py:183} INFO - Processing /home/airflow/.local/lib/python3.12/site-packages/airflow/example_dags/example_branch_day_of_week_operator.py took 0.071 seconds
[2025-10-15T17:10:37.945+0000] {processor.py:161} INFO - Started process (PID=356) to work on /home/airflow/.local/lib/python3.12/site-packages/airflow/example_dags/example_branch_day_of_week_operator.py
[2025-10-15T17:10:37.947+0000] {processor.py:830} INFO - Processing file /home/airflow/.local/lib/python3.12/site-packages/airflow/example_dags/example_branch_day_of_week_operator.py for tasks to queue
[2025-10-15T17:10:37.951+0000] {logging_mixin.py:188} INFO - [2025-10-15T17:10:37.950+0000] {dagbag.py:545} INFO - Filling up the DagBag from /home/airflow/.local/lib/python3.12/site-packages/airflow/example_dags/example_branch_day_of_week_operator.py
[2025-10-15T17:10:37.964+0000] {processor.py:840} INFO - DAG(s) 'example_weekday_branch_operator' retrieved from /home/airflow/.local/lib/python3.12/site-packages/airflow/example_dags/example_branch_day_of_week_operator.py
[2025-10-15T17:10:37.982+0000] {logging_mixin.py:188} INFO - [2025-10-15T17:10:37.982+0000] {dag.py:3089} INFO - Sync 1 DAGs
[2025-10-15T17:10:38.000+0000] {logging_mixin.py:188} INFO - [2025-10-15T17:10:38.000+0000] {dag.py:3947} INFO - Setting next_dagrun for example_weekday_branch_operator to 2025-10-14 00:00:00+00:00, run_after=2025-10-15 00:00:00+00:00
[2025-10-15T17:10:38.013+0000] {processor.py:183} INFO - Processing /home/airflow/.local/lib/python3.12/site-packages/airflow/example_dags/example_branch_day_of_week_operator.py took 0.072 seconds
[2025-10-15T17:11:08.331+0000] {processor.py:161} INFO - Started process (PID=414) to work on /home/airflow/.local/lib/python3.12/site-packages/airflow/example_dags/example_branch_day_of_week_operator.py
[2025-10-15T17:11:08.332+0000] {processor.py:830} INFO - Processing file /home/airflow/.local/lib/python3.12/site-packages/airflow/example_dags/example_branch_day_of_week_operator.py for tasks to queue
[2025-10-15T17:11:08.333+0000] {logging_mixin.py:188} INFO - [2025-10-15T17:11:08.333+0000] {dagbag.py:545} INFO - Filling up the DagBag from /home/airflow/.local/lib/python3.12/site-packages/airflow/example_dags/example_branch_day_of_week_operator.py
[2025-10-15T17:11:08.338+0000] {processor.py:840} INFO - DAG(s) 'example_weekday_branch_operator' retrieved from /home/airflow/.local/lib/python3.12/site-packages/airflow/example_dags/example_branch_day_of_week_operator.py
[2025-10-15T17:11:08.355+0000] {logging_mixin.py:188} INFO - [2025-10-15T17:11:08.355+0000] {dag.py:3089} INFO - Sync 1 DAGs
[2025-10-15T17:11:08.371+0000] {logging_mixin.py:188} INFO - [2025-10-15T17:11:08.371+0000] {dag.py:3947} INFO - Setting next_dagrun for example_weekday_branch_operator to 2025-10-14 00:00:00+00:00, run_after=2025-10-15 00:00:00+00:00
[2025-10-15T17:11:08.385+0000] {processor.py:183} INFO - Processing /home/airflow/.local/lib/python3.12/site-packages/airflow/example_dags/example_branch_day_of_week_operator.py took 0.059 seconds
[2025-10-15T17:11:38.571+0000] {processor.py:161} INFO - Started process (PID=472) to work on /home/airflow/.local/lib/python3.12/site-packages/airflow/example_dags/example_branch_day_of_week_operator.py
[2025-10-15T17:11:38.572+0000] {processor.py:830} INFO - Processing file /home/airflow/.local/lib/python3.12/site-packages/airflow/example_dags/example_branch_day_of_week_operator.py for tasks to queue
[2025-10-15T17:11:38.575+0000] {logging_mixin.py:188} INFO - [2025-10-15T17:11:38.575+0000] {dagbag.py:545} INFO - Filling up the DagBag from /home/airflow/.local/lib/python3.12/site-packages/airflow/example_dags/example_branch_day_of_week_operator.py
[2025-10-15T17:11:38.583+0000] {processor.py:840} INFO - DAG(s) 'example_weekday_branch_operator' retrieved from /home/airflow/.local/lib/python3.12/site-packages/airflow/example_dags/example_branch_day_of_week_operator.py
[2025-10-15T17:11:38.600+0000] {logging_mixin.py:188} INFO - [2025-10-15T17:11:38.599+0000] {dag.py:3089} INFO - Sync 1 DAGs
[2025-10-15T17:11:38.618+0000] {logging_mixin.py:188} INFO - [2025-10-15T17:11:38.617+0000] {dag.py:3947} INFO - Setting next_dagrun for example_weekday_branch_operator to 2025-10-14 00:00:00+00:00, run_after=2025-10-15 00:00:00+00:00
[2025-10-15T17:11:38.631+0000] {processor.py:183} INFO - Processing /home/airflow/.local/lib/python3.12/site-packages/airflow/example_dags/example_branch_day_of_week_operator.py took 0.063 seconds
[2025-10-15T17:12:09.139+0000] {processor.py:161} INFO - Started process (PID=530) to work on /home/airflow/.local/lib/python3.12/site-packages/airflow/example_dags/example_branch_day_of_week_operator.py
[2025-10-15T17:12:09.142+0000] {processor.py:830} INFO - Processing file /home/airflow/.local/lib/python3.12/site-packages/airflow/example_dags/example_branch_day_of_week_operator.py for tasks to queue
[2025-10-15T17:12:09.142+0000] {logging_mixin.py:188} INFO - [2025-10-15T17:12:09.142+0000] {dagbag.py:545} INFO - Filling up the DagBag from /home/airflow/.local/lib/python3.12/site-packages/airflow/example_dags/example_branch_day_of_week_operator.py
[2025-10-15T17:12:09.148+0000] {processor.py:840} INFO - DAG(s) 'example_weekday_branch_operator' retrieved from /home/airflow/.local/lib/python3.12/site-packages/airflow/example_dags/example_branch_day_of_week_operator.py
[2025-10-15T17:12:09.165+0000] {logging_mixin.py:188} INFO - [2025-10-15T17:12:09.165+0000] {dag.py:3089} INFO - Sync 1 DAGs
[2025-10-15T17:12:09.182+0000] {logging_mixin.py:188} INFO - [2025-10-15T17:12:09.182+0000] {dag.py:3947} INFO - Setting next_dagrun for example_weekday_branch_operator to 2025-10-14 00:00:00+00:00, run_after=2025-10-15 00:00:00+00:00
[2025-10-15T17:12:09.196+0000] {processor.py:183} INFO - Processing /home/airflow/.local/lib/python3.12/site-packages/airflow/example_dags/example_branch_day_of_week_operator.py took 0.062 seconds
[2025-10-15T17:12:39.623+0000] {processor.py:161} INFO - Started process (PID=588) to work on /home/airflow/.local/lib/python3.12/site-packages/airflow/example_dags/example_branch_day_of_week_operator.py
[2025-10-15T17:12:39.624+0000] {processor.py:830} INFO - Processing file /home/airflow/.local/lib/python3.12/site-packages/airflow/example_dags/example_branch_day_of_week_operator.py for tasks to queue
[2025-10-15T17:12:39.626+0000] {logging_mixin.py:188} INFO - [2025-10-15T17:12:39.626+0000] {dagbag.py:545} INFO - Filling up the DagBag from /home/airflow/.local/lib/python3.12/site-packages/airflow/example_dags/example_branch_day_of_week_operator.py
[2025-10-15T17:12:39.632+0000] {processor.py:840} INFO - DAG(s) 'example_weekday_branch_operator' retrieved from /home/airflow/.local/lib/python3.12/site-packages/airflow/example_dags/example_branch_day_of_week_operator.py
[2025-10-15T17:12:39.656+0000] {logging_mixin.py:188} INFO - [2025-10-15T17:12:39.656+0000] {dag.py:3089} INFO - Sync 1 DAGs
[2025-10-15T17:12:39.677+0000] {logging_mixin.py:188} INFO - [2025-10-15T17:12:39.677+0000] {dag.py:3947} INFO - Setting next_dagrun for example_weekday_branch_operator to 2025-10-14 00:00:00+00:00, run_after=2025-10-15 00:00:00+00:00
[2025-10-15T17:12:39.695+0000] {processor.py:183} INFO - Processing /home/airflow/.local/lib/python3.12/site-packages/airflow/example_dags/example_branch_day_of_week_operator.py took 0.080 seconds
[2025-10-15T17:13:10.029+0000] {processor.py:161} INFO - Started process (PID=646) to work on /home/airflow/.local/lib/python3.12/site-packages/airflow/example_dags/example_branch_day_of_week_operator.py
[2025-10-15T17:13:10.030+0000] {processor.py:830} INFO - Processing file /home/airflow/.local/lib/python3.12/site-packages/airflow/example_dags/example_branch_day_of_week_operator.py for tasks to queue
[2025-10-15T17:13:10.032+0000] {logging_mixin.py:188} INFO - [2025-10-15T17:13:10.031+0000] {dagbag.py:545} INFO - Filling up the DagBag from /home/airflow/.local/lib/python3.12/site-packages/airflow/example_dags/example_branch_day_of_week_operator.py
[2025-10-15T17:13:10.037+0000] {processor.py:840} INFO - DAG(s) 'example_weekday_branch_operator' retrieved from /home/airflow/.local/lib/python3.12/site-packages/airflow/example_dags/example_branch_day_of_week_operator.py
[2025-10-15T17:13:10.051+0000] {logging_mixin.py:188} INFO - [2025-10-15T17:13:10.051+0000] {dag.py:3089} INFO - Sync 1 DAGs
[2025-10-15T17:13:10.066+0000] {logging_mixin.py:188} INFO - [2025-10-15T17:13:10.066+0000] {dag.py:3947} INFO - Setting next_dagrun for example_weekday_branch_operator to 2025-10-14 00:00:00+00:00, run_after=2025-10-15 00:00:00+00:00
[2025-10-15T17:13:10.077+0000] {processor.py:183} INFO - Processing /home/airflow/.local/lib/python3.12/site-packages/airflow/example_dags/example_branch_day_of_week_operator.py took 0.053 seconds
[2025-10-15T17:13:40.117+0000] {processor.py:161} INFO - Started process (PID=704) to work on /home/airflow/.local/lib/python3.12/site-packages/airflow/example_dags/example_branch_day_of_week_operator.py
[2025-10-15T17:13:40.120+0000] {processor.py:830} INFO - Processing file /home/airflow/.local/lib/python3.12/site-packages/airflow/example_dags/example_branch_day_of_week_operator.py for tasks to queue
[2025-10-15T17:13:40.122+0000] {logging_mixin.py:188} INFO - [2025-10-15T17:13:40.122+0000] {dagbag.py:545} INFO - Filling up the DagBag from /home/airflow/.local/lib/python3.12/site-packages/airflow/example_dags/example_branch_day_of_week_operator.py
[2025-10-15T17:13:40.127+0000] {processor.py:840} INFO - DAG(s) 'example_weekday_branch_operator' retrieved from /home/airflow/.local/lib/python3.12/site-packages/airflow/example_dags/example_branch_day_of_week_operator.py
[2025-10-15T17:13:40.142+0000] {logging_mixin.py:188} INFO - [2025-10-15T17:13:40.142+0000] {dag.py:3089} INFO - Sync 1 DAGs
[2025-10-15T17:13:40.158+0000] {logging_mixin.py:188} INFO - [2025-10-15T17:13:40.158+0000] {dag.py:3947} INFO - Setting next_dagrun for example_weekday_branch_operator to 2025-10-14 00:00:00+00:00, run_after=2025-10-15 00:00:00+00:00
[2025-10-15T17:13:40.169+0000] {processor.py:183} INFO - Processing /home/airflow/.local/lib/python3.12/site-packages/airflow/example_dags/example_branch_day_of_week_operator.py took 0.057 seconds
[2025-10-15T17:14:10.578+0000] {processor.py:161} INFO - Started process (PID=762) to work on /home/airflow/.local/lib/python3.12/site-packages/airflow/example_dags/example_branch_day_of_week_operator.py
[2025-10-15T17:14:10.579+0000] {processor.py:830} INFO - Processing file /home/airflow/.local/lib/python3.12/site-packages/airflow/example_dags/example_branch_day_of_week_operator.py for tasks to queue
[2025-10-15T17:14:10.580+0000] {logging_mixin.py:188} INFO - [2025-10-15T17:14:10.580+0000] {dagbag.py:545} INFO - Filling up the DagBag from /home/airflow/.local/lib/python3.12/site-packages/airflow/example_dags/example_branch_day_of_week_operator.py
[2025-10-15T17:14:10.586+0000] {processor.py:840} INFO - DAG(s) 'example_weekday_branch_operator' retrieved from /home/airflow/.local/lib/python3.12/site-packages/airflow/example_dags/example_branch_day_of_week_operator.py
[2025-10-15T17:14:10.600+0000] {logging_mixin.py:188} INFO - [2025-10-15T17:14:10.600+0000] {dag.py:3089} INFO - Sync 1 DAGs
[2025-10-15T17:14:10.615+0000] {logging_mixin.py:188} INFO - [2025-10-15T17:14:10.615+0000] {dag.py:3947} INFO - Setting next_dagrun for example_weekday_branch_operator to 2025-10-14 00:00:00+00:00, run_after=2025-10-15 00:00:00+00:00
[2025-10-15T17:14:10.625+0000] {processor.py:183} INFO - Processing /home/airflow/.local/lib/python3.12/site-packages/airflow/example_dags/example_branch_day_of_week_operator.py took 0.053 seconds
[2025-10-15T17:14:40.694+0000] {processor.py:161} INFO - Started process (PID=820) to work on /home/airflow/.local/lib/python3.12/site-packages/airflow/example_dags/example_branch_day_of_week_operator.py
[2025-10-15T17:14:40.696+0000] {processor.py:830} INFO - Processing file /home/airflow/.local/lib/python3.12/site-packages/airflow/example_dags/example_branch_day_of_week_operator.py for tasks to queue
[2025-10-15T17:14:40.698+0000] {logging_mixin.py:188} INFO - [2025-10-15T17:14:40.697+0000] {dagbag.py:545} INFO - Filling up the DagBag from /home/airflow/.local/lib/python3.12/site-packages/airflow/example_dags/example_branch_day_of_week_operator.py
[2025-10-15T17:14:40.703+0000] {processor.py:840} INFO - DAG(s) 'example_weekday_branch_operator' retrieved from /home/airflow/.local/lib/python3.12/site-packages/airflow/example_dags/example_branch_day_of_week_operator.py
[2025-10-15T17:14:40.717+0000] {logging_mixin.py:188} INFO - [2025-10-15T17:14:40.717+0000] {dag.py:3089} INFO - Sync 1 DAGs
[2025-10-15T17:14:40.732+0000] {logging_mixin.py:188} INFO - [2025-10-15T17:14:40.732+0000] {dag.py:3947} INFO - Setting next_dagrun for example_weekday_branch_operator to 2025-10-14 00:00:00+00:00, run_after=2025-10-15 00:00:00+00:00
[2025-10-15T17:14:40.744+0000] {processor.py:183} INFO - Processing /home/airflow/.local/lib/python3.12/site-packages/airflow/example_dags/example_branch_day_of_week_operator.py took 0.054 seconds
[2025-10-15T17:15:10.986+0000] {processor.py:161} INFO - Started process (PID=878) to work on /home/airflow/.local/lib/python3.12/site-packages/airflow/example_dags/example_branch_day_of_week_operator.py
[2025-10-15T17:15:10.986+0000] {processor.py:830} INFO - Processing file /home/airflow/.local/lib/python3.12/site-packages/airflow/example_dags/example_branch_day_of_week_operator.py for tasks to queue
[2025-10-15T17:15:10.987+0000] {logging_mixin.py:188} INFO - [2025-10-15T17:15:10.987+0000] {dagbag.py:545} INFO - Filling up the DagBag from /home/airflow/.local/lib/python3.12/site-packages/airflow/example_dags/example_branch_day_of_week_operator.py
[2025-10-15T17:15:10.992+0000] {processor.py:840} INFO - DAG(s) 'example_weekday_branch_operator' retrieved from /home/airflow/.local/lib/python3.12/site-packages/airflow/example_dags/example_branch_day_of_week_operator.py
[2025-10-15T17:15:11.005+0000] {logging_mixin.py:188} INFO - [2025-10-15T17:15:11.005+0000] {dag.py:3089} INFO - Sync 1 DAGs
[2025-10-15T17:15:11.018+0000] {logging_mixin.py:188} INFO - [2025-10-15T17:15:11.017+0000] {dag.py:3947} INFO - Setting next_dagrun for example_weekday_branch_operator to 2025-10-14 00:00:00+00:00, run_after=2025-10-15 00:00:00+00:00
[2025-10-15T17:15:11.027+0000] {processor.py:183} INFO - Processing /home/airflow/.local/lib/python3.12/site-packages/airflow/example_dags/example_branch_day_of_week_operator.py took 0.046 seconds
[2025-10-15T17:19:41.797+0000] {processor.py:161} INFO - Started process (PID=61) to work on /home/airflow/.local/lib/python3.12/site-packages/airflow/example_dags/example_branch_day_of_week_operator.py
[2025-10-15T17:19:41.800+0000] {processor.py:830} INFO - Processing file /home/airflow/.local/lib/python3.12/site-packages/airflow/example_dags/example_branch_day_of_week_operator.py for tasks to queue
[2025-10-15T17:19:41.808+0000] {logging_mixin.py:188} INFO - [2025-10-15T17:19:41.807+0000] {dagbag.py:545} INFO - Filling up the DagBag from /home/airflow/.local/lib/python3.12/site-packages/airflow/example_dags/example_branch_day_of_week_operator.py
[2025-10-15T17:19:41.837+0000] {processor.py:840} INFO - DAG(s) 'example_weekday_branch_operator' retrieved from /home/airflow/.local/lib/python3.12/site-packages/airflow/example_dags/example_branch_day_of_week_operator.py
[2025-10-15T17:19:42.065+0000] {logging_mixin.py:188} INFO - [2025-10-15T17:19:42.064+0000] {dag.py:3089} INFO - Sync 1 DAGs
[2025-10-15T17:19:42.098+0000] {logging_mixin.py:188} INFO - [2025-10-15T17:19:42.097+0000] {dag.py:3947} INFO - Setting next_dagrun for example_weekday_branch_operator to 2025-10-14 00:00:00+00:00, run_after=2025-10-15 00:00:00+00:00
[2025-10-15T17:19:42.138+0000] {processor.py:183} INFO - Processing /home/airflow/.local/lib/python3.12/site-packages/airflow/example_dags/example_branch_day_of_week_operator.py took 0.349 seconds
[2025-10-15T17:20:13.052+0000] {processor.py:161} INFO - Started process (PID=119) to work on /home/airflow/.local/lib/python3.12/site-packages/airflow/example_dags/example_branch_day_of_week_operator.py
[2025-10-15T17:20:13.054+0000] {processor.py:830} INFO - Processing file /home/airflow/.local/lib/python3.12/site-packages/airflow/example_dags/example_branch_day_of_week_operator.py for tasks to queue
[2025-10-15T17:20:13.059+0000] {logging_mixin.py:188} INFO - [2025-10-15T17:20:13.059+0000] {dagbag.py:545} INFO - Filling up the DagBag from /home/airflow/.local/lib/python3.12/site-packages/airflow/example_dags/example_branch_day_of_week_operator.py
[2025-10-15T17:20:13.077+0000] {processor.py:840} INFO - DAG(s) 'example_weekday_branch_operator' retrieved from /home/airflow/.local/lib/python3.12/site-packages/airflow/example_dags/example_branch_day_of_week_operator.py
[2025-10-15T17:20:13.273+0000] {logging_mixin.py:188} INFO - [2025-10-15T17:20:13.272+0000] {dag.py:3089} INFO - Sync 1 DAGs
[2025-10-15T17:20:13.306+0000] {logging_mixin.py:188} INFO - [2025-10-15T17:20:13.305+0000] {dag.py:3947} INFO - Setting next_dagrun for example_weekday_branch_operator to 2025-10-14 00:00:00+00:00, run_after=2025-10-15 00:00:00+00:00
[2025-10-15T17:20:13.726+0000] {processor.py:183} INFO - Processing /home/airflow/.local/lib/python3.12/site-packages/airflow/example_dags/example_branch_day_of_week_operator.py took 0.683 seconds
[2025-10-15T17:20:44.283+0000] {processor.py:161} INFO - Started process (PID=177) to work on /home/airflow/.local/lib/python3.12/site-packages/airflow/example_dags/example_branch_day_of_week_operator.py
[2025-10-15T17:20:44.284+0000] {processor.py:830} INFO - Processing file /home/airflow/.local/lib/python3.12/site-packages/airflow/example_dags/example_branch_day_of_week_operator.py for tasks to queue
[2025-10-15T17:20:44.286+0000] {logging_mixin.py:188} INFO - [2025-10-15T17:20:44.286+0000] {dagbag.py:545} INFO - Filling up the DagBag from /home/airflow/.local/lib/python3.12/site-packages/airflow/example_dags/example_branch_day_of_week_operator.py
[2025-10-15T17:20:44.292+0000] {processor.py:840} INFO - DAG(s) 'example_weekday_branch_operator' retrieved from /home/airflow/.local/lib/python3.12/site-packages/airflow/example_dags/example_branch_day_of_week_operator.py
[2025-10-15T17:20:44.315+0000] {logging_mixin.py:188} INFO - [2025-10-15T17:20:44.315+0000] {dag.py:3089} INFO - Sync 1 DAGs
[2025-10-15T17:20:44.361+0000] {logging_mixin.py:188} INFO - [2025-10-15T17:20:44.360+0000] {dag.py:3947} INFO - Setting next_dagrun for example_weekday_branch_operator to 2025-10-14 00:00:00+00:00, run_after=2025-10-15 00:00:00+00:00
[2025-10-15T17:20:44.419+0000] {processor.py:183} INFO - Processing /home/airflow/.local/lib/python3.12/site-packages/airflow/example_dags/example_branch_day_of_week_operator.py took 0.139 seconds
[2025-10-15T17:21:15.105+0000] {processor.py:161} INFO - Started process (PID=235) to work on /home/airflow/.local/lib/python3.12/site-packages/airflow/example_dags/example_branch_day_of_week_operator.py
[2025-10-15T17:21:15.108+0000] {processor.py:830} INFO - Processing file /home/airflow/.local/lib/python3.12/site-packages/airflow/example_dags/example_branch_day_of_week_operator.py for tasks to queue
[2025-10-15T17:21:15.112+0000] {logging_mixin.py:188} INFO - [2025-10-15T17:21:15.111+0000] {dagbag.py:545} INFO - Filling up the DagBag from /home/airflow/.local/lib/python3.12/site-packages/airflow/example_dags/example_branch_day_of_week_operator.py
[2025-10-15T17:21:15.134+0000] {processor.py:840} INFO - DAG(s) 'example_weekday_branch_operator' retrieved from /home/airflow/.local/lib/python3.12/site-packages/airflow/example_dags/example_branch_day_of_week_operator.py
[2025-10-15T17:21:15.197+0000] {logging_mixin.py:188} INFO - [2025-10-15T17:21:15.196+0000] {dag.py:3089} INFO - Sync 1 DAGs
[2025-10-15T17:21:15.247+0000] {logging_mixin.py:188} INFO - [2025-10-15T17:21:15.247+0000] {dag.py:3947} INFO - Setting next_dagrun for example_weekday_branch_operator to 2025-10-14 00:00:00+00:00, run_after=2025-10-15 00:00:00+00:00
[2025-10-15T17:21:15.304+0000] {processor.py:183} INFO - Processing /home/airflow/.local/lib/python3.12/site-packages/airflow/example_dags/example_branch_day_of_week_operator.py took 0.215 seconds
[2025-10-15T17:21:46.297+0000] {processor.py:161} INFO - Started process (PID=293) to work on /home/airflow/.local/lib/python3.12/site-packages/airflow/example_dags/example_branch_day_of_week_operator.py
[2025-10-15T17:21:46.299+0000] {processor.py:830} INFO - Processing file /home/airflow/.local/lib/python3.12/site-packages/airflow/example_dags/example_branch_day_of_week_operator.py for tasks to queue
[2025-10-15T17:21:46.302+0000] {logging_mixin.py:188} INFO - [2025-10-15T17:21:46.302+0000] {dagbag.py:545} INFO - Filling up the DagBag from /home/airflow/.local/lib/python3.12/site-packages/airflow/example_dags/example_branch_day_of_week_operator.py
[2025-10-15T17:21:46.312+0000] {processor.py:840} INFO - DAG(s) 'example_weekday_branch_operator' retrieved from /home/airflow/.local/lib/python3.12/site-packages/airflow/example_dags/example_branch_day_of_week_operator.py
[2025-10-15T17:21:46.351+0000] {logging_mixin.py:188} INFO - [2025-10-15T17:21:46.350+0000] {dag.py:3089} INFO - Sync 1 DAGs
[2025-10-15T17:21:46.376+0000] {logging_mixin.py:188} INFO - [2025-10-15T17:21:46.376+0000] {dag.py:3947} INFO - Setting next_dagrun for example_weekday_branch_operator to 2025-10-14 00:00:00+00:00, run_after=2025-10-15 00:00:00+00:00
[2025-10-15T17:21:46.401+0000] {processor.py:183} INFO - Processing /home/airflow/.local/lib/python3.12/site-packages/airflow/example_dags/example_branch_day_of_week_operator.py took 0.113 seconds
[2025-10-15T17:22:16.473+0000] {processor.py:161} INFO - Started process (PID=351) to work on /home/airflow/.local/lib/python3.12/site-packages/airflow/example_dags/example_branch_day_of_week_operator.py
[2025-10-15T17:22:16.474+0000] {processor.py:830} INFO - Processing file /home/airflow/.local/lib/python3.12/site-packages/airflow/example_dags/example_branch_day_of_week_operator.py for tasks to queue
[2025-10-15T17:22:16.476+0000] {logging_mixin.py:188} INFO - [2025-10-15T17:22:16.476+0000] {dagbag.py:545} INFO - Filling up the DagBag from /home/airflow/.local/lib/python3.12/site-packages/airflow/example_dags/example_branch_day_of_week_operator.py
[2025-10-15T17:22:16.482+0000] {processor.py:840} INFO - DAG(s) 'example_weekday_branch_operator' retrieved from /home/airflow/.local/lib/python3.12/site-packages/airflow/example_dags/example_branch_day_of_week_operator.py
[2025-10-15T17:22:16.502+0000] {logging_mixin.py:188} INFO - [2025-10-15T17:22:16.502+0000] {dag.py:3089} INFO - Sync 1 DAGs
[2025-10-15T17:22:16.521+0000] {logging_mixin.py:188} INFO - [2025-10-15T17:22:16.520+0000] {dag.py:3947} INFO - Setting next_dagrun for example_weekday_branch_operator to 2025-10-14 00:00:00+00:00, run_after=2025-10-15 00:00:00+00:00
[2025-10-15T17:22:16.536+0000] {processor.py:183} INFO - Processing /home/airflow/.local/lib/python3.12/site-packages/airflow/example_dags/example_branch_day_of_week_operator.py took 0.068 seconds
[2025-10-15T17:22:46.613+0000] {processor.py:161} INFO - Started process (PID=409) to work on /home/airflow/.local/lib/python3.12/site-packages/airflow/example_dags/example_branch_day_of_week_operator.py
[2025-10-15T17:22:46.615+0000] {processor.py:830} INFO - Processing file /home/airflow/.local/lib/python3.12/site-packages/airflow/example_dags/example_branch_day_of_week_operator.py for tasks to queue
[2025-10-15T17:22:46.617+0000] {logging_mixin.py:188} INFO - [2025-10-15T17:22:46.616+0000] {dagbag.py:545} INFO - Filling up the DagBag from /home/airflow/.local/lib/python3.12/site-packages/airflow/example_dags/example_branch_day_of_week_operator.py
[2025-10-15T17:22:46.628+0000] {processor.py:840} INFO - DAG(s) 'example_weekday_branch_operator' retrieved from /home/airflow/.local/lib/python3.12/site-packages/airflow/example_dags/example_branch_day_of_week_operator.py
[2025-10-15T17:22:46.648+0000] {logging_mixin.py:188} INFO - [2025-10-15T17:22:46.647+0000] {dag.py:3089} INFO - Sync 1 DAGs
[2025-10-15T17:22:46.667+0000] {logging_mixin.py:188} INFO - [2025-10-15T17:22:46.667+0000] {dag.py:3947} INFO - Setting next_dagrun for example_weekday_branch_operator to 2025-10-14 00:00:00+00:00, run_after=2025-10-15 00:00:00+00:00
[2025-10-15T17:22:46.683+0000] {processor.py:183} INFO - Processing /home/airflow/.local/lib/python3.12/site-packages/airflow/example_dags/example_branch_day_of_week_operator.py took 0.076 seconds
[2025-10-15T17:23:16.803+0000] {processor.py:161} INFO - Started process (PID=467) to work on /home/airflow/.local/lib/python3.12/site-packages/airflow/example_dags/example_branch_day_of_week_operator.py
[2025-10-15T17:23:16.808+0000] {processor.py:830} INFO - Processing file /home/airflow/.local/lib/python3.12/site-packages/airflow/example_dags/example_branch_day_of_week_operator.py for tasks to queue
[2025-10-15T17:23:16.809+0000] {logging_mixin.py:188} INFO - [2025-10-15T17:23:16.809+0000] {dagbag.py:545} INFO - Filling up the DagBag from /home/airflow/.local/lib/python3.12/site-packages/airflow/example_dags/example_branch_day_of_week_operator.py
[2025-10-15T17:23:16.816+0000] {processor.py:840} INFO - DAG(s) 'example_weekday_branch_operator' retrieved from /home/airflow/.local/lib/python3.12/site-packages/airflow/example_dags/example_branch_day_of_week_operator.py
[2025-10-15T17:23:16.838+0000] {logging_mixin.py:188} INFO - [2025-10-15T17:23:16.838+0000] {dag.py:3089} INFO - Sync 1 DAGs
[2025-10-15T17:23:16.855+0000] {logging_mixin.py:188} INFO - [2025-10-15T17:23:16.855+0000] {dag.py:3947} INFO - Setting next_dagrun for example_weekday_branch_operator to 2025-10-14 00:00:00+00:00, run_after=2025-10-15 00:00:00+00:00
[2025-10-15T17:23:16.878+0000] {processor.py:183} INFO - Processing /home/airflow/.local/lib/python3.12/site-packages/airflow/example_dags/example_branch_day_of_week_operator.py took 0.080 seconds
[2025-10-15T17:23:47.185+0000] {processor.py:161} INFO - Started process (PID=525) to work on /home/airflow/.local/lib/python3.12/site-packages/airflow/example_dags/example_branch_day_of_week_operator.py
[2025-10-15T17:23:47.186+0000] {processor.py:830} INFO - Processing file /home/airflow/.local/lib/python3.12/site-packages/airflow/example_dags/example_branch_day_of_week_operator.py for tasks to queue
[2025-10-15T17:23:47.188+0000] {logging_mixin.py:188} INFO - [2025-10-15T17:23:47.188+0000] {dagbag.py:545} INFO - Filling up the DagBag from /home/airflow/.local/lib/python3.12/site-packages/airflow/example_dags/example_branch_day_of_week_operator.py
[2025-10-15T17:23:47.195+0000] {processor.py:840} INFO - DAG(s) 'example_weekday_branch_operator' retrieved from /home/airflow/.local/lib/python3.12/site-packages/airflow/example_dags/example_branch_day_of_week_operator.py
[2025-10-15T17:23:47.214+0000] {logging_mixin.py:188} INFO - [2025-10-15T17:23:47.214+0000] {dag.py:3089} INFO - Sync 1 DAGs
[2025-10-15T17:23:47.230+0000] {logging_mixin.py:188} INFO - [2025-10-15T17:23:47.229+0000] {dag.py:3947} INFO - Setting next_dagrun for example_weekday_branch_operator to 2025-10-14 00:00:00+00:00, run_after=2025-10-15 00:00:00+00:00
[2025-10-15T17:23:47.243+0000] {processor.py:183} INFO - Processing /home/airflow/.local/lib/python3.12/site-packages/airflow/example_dags/example_branch_day_of_week_operator.py took 0.064 seconds
[2025-10-15T17:24:17.893+0000] {processor.py:161} INFO - Started process (PID=583) to work on /home/airflow/.local/lib/python3.12/site-packages/airflow/example_dags/example_branch_day_of_week_operator.py
[2025-10-15T17:24:17.895+0000] {processor.py:830} INFO - Processing file /home/airflow/.local/lib/python3.12/site-packages/airflow/example_dags/example_branch_day_of_week_operator.py for tasks to queue
[2025-10-15T17:24:17.896+0000] {logging_mixin.py:188} INFO - [2025-10-15T17:24:17.896+0000] {dagbag.py:545} INFO - Filling up the DagBag from /home/airflow/.local/lib/python3.12/site-packages/airflow/example_dags/example_branch_day_of_week_operator.py
[2025-10-15T17:24:17.903+0000] {processor.py:840} INFO - DAG(s) 'example_weekday_branch_operator' retrieved from /home/airflow/.local/lib/python3.12/site-packages/airflow/example_dags/example_branch_day_of_week_operator.py
[2025-10-15T17:24:17.927+0000] {logging_mixin.py:188} INFO - [2025-10-15T17:24:17.927+0000] {dag.py:3089} INFO - Sync 1 DAGs
[2025-10-15T17:24:17.943+0000] {logging_mixin.py:188} INFO - [2025-10-15T17:24:17.943+0000] {dag.py:3947} INFO - Setting next_dagrun for example_weekday_branch_operator to 2025-10-14 00:00:00+00:00, run_after=2025-10-15 00:00:00+00:00
[2025-10-15T17:24:17.958+0000] {processor.py:183} INFO - Processing /home/airflow/.local/lib/python3.12/site-packages/airflow/example_dags/example_branch_day_of_week_operator.py took 0.071 seconds
