[2025-10-15T17:08:07.991+0000] {processor.py:161} INFO - Started process (PID=76) to work on /home/airflow/.local/lib/python3.12/site-packages/airflow/example_dags/example_task_group_decorator.py
[2025-10-15T17:08:07.994+0000] {processor.py:830} INFO - Processing file /home/airflow/.local/lib/python3.12/site-packages/airflow/example_dags/example_task_group_decorator.py for tasks to queue
[2025-10-15T17:08:07.996+0000] {logging_mixin.py:188} INFO - [2025-10-15T17:08:07.996+0000] {dagbag.py:545} INFO - Filling up the DagBag from /home/airflow/.local/lib/python3.12/site-packages/airflow/example_dags/example_task_group_decorator.py
[2025-10-15T17:08:08.040+0000] {processor.py:840} INFO - DAG(s) 'example_task_group_decorator' retrieved from /home/airflow/.local/lib/python3.12/site-packages/airflow/example_dags/example_task_group_decorator.py
[2025-10-15T17:08:08.342+0000] {logging_mixin.py:188} INFO - [2025-10-15T17:08:08.340+0000] {override.py:1858} INFO - Created Permission View: can edit on DAG:example_task_group_decorator
[2025-10-15T17:08:08.370+0000] {logging_mixin.py:188} INFO - [2025-10-15T17:08:08.370+0000] {override.py:1858} INFO - Created Permission View: can delete on DAG:example_task_group_decorator
[2025-10-15T17:08:08.388+0000] {logging_mixin.py:188} INFO - [2025-10-15T17:08:08.388+0000] {override.py:1858} INFO - Created Permission View: can read on DAG:example_task_group_decorator
[2025-10-15T17:08:08.388+0000] {logging_mixin.py:188} INFO - [2025-10-15T17:08:08.388+0000] {dag.py:3089} INFO - Sync 1 DAGs
[2025-10-15T17:08:08.406+0000] {logging_mixin.py:188} INFO - [2025-10-15T17:08:08.406+0000] {dag.py:3111} INFO - Creating ORM DAG for example_task_group_decorator
[2025-10-15T17:08:08.420+0000] {logging_mixin.py:188} INFO - [2025-10-15T17:08:08.420+0000] {dag.py:3947} INFO - Setting next_dagrun for example_task_group_decorator to 2025-10-14 00:00:00+00:00, run_after=2025-10-15 00:00:00+00:00
[2025-10-15T17:08:08.445+0000] {processor.py:183} INFO - Processing /home/airflow/.local/lib/python3.12/site-packages/airflow/example_dags/example_task_group_decorator.py took 0.463 seconds
[2025-10-15T17:08:38.803+0000] {processor.py:161} INFO - Started process (PID=134) to work on /home/airflow/.local/lib/python3.12/site-packages/airflow/example_dags/example_task_group_decorator.py
[2025-10-15T17:08:38.804+0000] {processor.py:830} INFO - Processing file /home/airflow/.local/lib/python3.12/site-packages/airflow/example_dags/example_task_group_decorator.py for tasks to queue
[2025-10-15T17:08:38.805+0000] {logging_mixin.py:188} INFO - [2025-10-15T17:08:38.805+0000] {dagbag.py:545} INFO - Filling up the DagBag from /home/airflow/.local/lib/python3.12/site-packages/airflow/example_dags/example_task_group_decorator.py
[2025-10-15T17:08:38.815+0000] {processor.py:840} INFO - DAG(s) 'example_task_group_decorator' retrieved from /home/airflow/.local/lib/python3.12/site-packages/airflow/example_dags/example_task_group_decorator.py
[2025-10-15T17:08:38.839+0000] {logging_mixin.py:188} INFO - [2025-10-15T17:08:38.839+0000] {dag.py:3089} INFO - Sync 1 DAGs
[2025-10-15T17:08:38.856+0000] {logging_mixin.py:188} INFO - [2025-10-15T17:08:38.856+0000] {dag.py:3947} INFO - Setting next_dagrun for example_task_group_decorator to 2025-10-14 00:00:00+00:00, run_after=2025-10-15 00:00:00+00:00
[2025-10-15T17:08:38.872+0000] {processor.py:183} INFO - Processing /home/airflow/.local/lib/python3.12/site-packages/airflow/example_dags/example_task_group_decorator.py took 0.072 seconds
[2025-10-15T17:09:09.435+0000] {processor.py:161} INFO - Started process (PID=192) to work on /home/airflow/.local/lib/python3.12/site-packages/airflow/example_dags/example_task_group_decorator.py
[2025-10-15T17:09:09.436+0000] {processor.py:830} INFO - Processing file /home/airflow/.local/lib/python3.12/site-packages/airflow/example_dags/example_task_group_decorator.py for tasks to queue
[2025-10-15T17:09:09.437+0000] {logging_mixin.py:188} INFO - [2025-10-15T17:09:09.437+0000] {dagbag.py:545} INFO - Filling up the DagBag from /home/airflow/.local/lib/python3.12/site-packages/airflow/example_dags/example_task_group_decorator.py
[2025-10-15T17:09:09.447+0000] {processor.py:840} INFO - DAG(s) 'example_task_group_decorator' retrieved from /home/airflow/.local/lib/python3.12/site-packages/airflow/example_dags/example_task_group_decorator.py
[2025-10-15T17:09:09.466+0000] {logging_mixin.py:188} INFO - [2025-10-15T17:09:09.466+0000] {dag.py:3089} INFO - Sync 1 DAGs
[2025-10-15T17:09:09.482+0000] {logging_mixin.py:188} INFO - [2025-10-15T17:09:09.482+0000] {dag.py:3947} INFO - Setting next_dagrun for example_task_group_decorator to 2025-10-14 00:00:00+00:00, run_after=2025-10-15 00:00:00+00:00
[2025-10-15T17:09:09.495+0000] {processor.py:183} INFO - Processing /home/airflow/.local/lib/python3.12/site-packages/airflow/example_dags/example_task_group_decorator.py took 0.065 seconds
[2025-10-15T17:09:39.794+0000] {processor.py:161} INFO - Started process (PID=250) to work on /home/airflow/.local/lib/python3.12/site-packages/airflow/example_dags/example_task_group_decorator.py
[2025-10-15T17:09:39.795+0000] {processor.py:830} INFO - Processing file /home/airflow/.local/lib/python3.12/site-packages/airflow/example_dags/example_task_group_decorator.py for tasks to queue
[2025-10-15T17:09:39.796+0000] {logging_mixin.py:188} INFO - [2025-10-15T17:09:39.796+0000] {dagbag.py:545} INFO - Filling up the DagBag from /home/airflow/.local/lib/python3.12/site-packages/airflow/example_dags/example_task_group_decorator.py
[2025-10-15T17:09:39.810+0000] {processor.py:840} INFO - DAG(s) 'example_task_group_decorator' retrieved from /home/airflow/.local/lib/python3.12/site-packages/airflow/example_dags/example_task_group_decorator.py
[2025-10-15T17:09:39.843+0000] {logging_mixin.py:188} INFO - [2025-10-15T17:09:39.842+0000] {dag.py:3089} INFO - Sync 1 DAGs
[2025-10-15T17:09:39.881+0000] {logging_mixin.py:188} INFO - [2025-10-15T17:09:39.881+0000] {dag.py:3947} INFO - Setting next_dagrun for example_task_group_decorator to 2025-10-14 00:00:00+00:00, run_after=2025-10-15 00:00:00+00:00
[2025-10-15T17:09:39.928+0000] {processor.py:183} INFO - Processing /home/airflow/.local/lib/python3.12/site-packages/airflow/example_dags/example_task_group_decorator.py took 0.138 seconds
[2025-10-15T17:10:10.077+0000] {processor.py:161} INFO - Started process (PID=308) to work on /home/airflow/.local/lib/python3.12/site-packages/airflow/example_dags/example_task_group_decorator.py
[2025-10-15T17:10:10.077+0000] {processor.py:830} INFO - Processing file /home/airflow/.local/lib/python3.12/site-packages/airflow/example_dags/example_task_group_decorator.py for tasks to queue
[2025-10-15T17:10:10.078+0000] {logging_mixin.py:188} INFO - [2025-10-15T17:10:10.078+0000] {dagbag.py:545} INFO - Filling up the DagBag from /home/airflow/.local/lib/python3.12/site-packages/airflow/example_dags/example_task_group_decorator.py
[2025-10-15T17:10:10.087+0000] {processor.py:840} INFO - DAG(s) 'example_task_group_decorator' retrieved from /home/airflow/.local/lib/python3.12/site-packages/airflow/example_dags/example_task_group_decorator.py
[2025-10-15T17:10:10.101+0000] {logging_mixin.py:188} INFO - [2025-10-15T17:10:10.101+0000] {dag.py:3089} INFO - Sync 1 DAGs
[2025-10-15T17:10:10.113+0000] {logging_mixin.py:188} INFO - [2025-10-15T17:10:10.113+0000] {dag.py:3947} INFO - Setting next_dagrun for example_task_group_decorator to 2025-10-14 00:00:00+00:00, run_after=2025-10-15 00:00:00+00:00
[2025-10-15T17:10:10.122+0000] {processor.py:183} INFO - Processing /home/airflow/.local/lib/python3.12/site-packages/airflow/example_dags/example_task_group_decorator.py took 0.049 seconds
[2025-10-15T17:10:40.260+0000] {processor.py:161} INFO - Started process (PID=366) to work on /home/airflow/.local/lib/python3.12/site-packages/airflow/example_dags/example_task_group_decorator.py
[2025-10-15T17:10:40.261+0000] {processor.py:830} INFO - Processing file /home/airflow/.local/lib/python3.12/site-packages/airflow/example_dags/example_task_group_decorator.py for tasks to queue
[2025-10-15T17:10:40.262+0000] {logging_mixin.py:188} INFO - [2025-10-15T17:10:40.262+0000] {dagbag.py:545} INFO - Filling up the DagBag from /home/airflow/.local/lib/python3.12/site-packages/airflow/example_dags/example_task_group_decorator.py
[2025-10-15T17:10:40.270+0000] {processor.py:840} INFO - DAG(s) 'example_task_group_decorator' retrieved from /home/airflow/.local/lib/python3.12/site-packages/airflow/example_dags/example_task_group_decorator.py
[2025-10-15T17:10:40.294+0000] {logging_mixin.py:188} INFO - [2025-10-15T17:10:40.294+0000] {dag.py:3089} INFO - Sync 1 DAGs
[2025-10-15T17:10:40.313+0000] {logging_mixin.py:188} INFO - [2025-10-15T17:10:40.313+0000] {dag.py:3947} INFO - Setting next_dagrun for example_task_group_decorator to 2025-10-14 00:00:00+00:00, run_after=2025-10-15 00:00:00+00:00
[2025-10-15T17:10:40.329+0000] {processor.py:183} INFO - Processing /home/airflow/.local/lib/python3.12/site-packages/airflow/example_dags/example_task_group_decorator.py took 0.073 seconds
[2025-10-15T17:11:10.647+0000] {processor.py:161} INFO - Started process (PID=424) to work on /home/airflow/.local/lib/python3.12/site-packages/airflow/example_dags/example_task_group_decorator.py
[2025-10-15T17:11:10.648+0000] {processor.py:830} INFO - Processing file /home/airflow/.local/lib/python3.12/site-packages/airflow/example_dags/example_task_group_decorator.py for tasks to queue
[2025-10-15T17:11:10.649+0000] {logging_mixin.py:188} INFO - [2025-10-15T17:11:10.649+0000] {dagbag.py:545} INFO - Filling up the DagBag from /home/airflow/.local/lib/python3.12/site-packages/airflow/example_dags/example_task_group_decorator.py
[2025-10-15T17:11:10.661+0000] {processor.py:840} INFO - DAG(s) 'example_task_group_decorator' retrieved from /home/airflow/.local/lib/python3.12/site-packages/airflow/example_dags/example_task_group_decorator.py
[2025-10-15T17:11:10.682+0000] {logging_mixin.py:188} INFO - [2025-10-15T17:11:10.682+0000] {dag.py:3089} INFO - Sync 1 DAGs
[2025-10-15T17:11:10.698+0000] {logging_mixin.py:188} INFO - [2025-10-15T17:11:10.698+0000] {dag.py:3947} INFO - Setting next_dagrun for example_task_group_decorator to 2025-10-14 00:00:00+00:00, run_after=2025-10-15 00:00:00+00:00
[2025-10-15T17:11:10.717+0000] {processor.py:183} INFO - Processing /home/airflow/.local/lib/python3.12/site-packages/airflow/example_dags/example_task_group_decorator.py took 0.074 seconds
[2025-10-15T17:11:40.941+0000] {processor.py:161} INFO - Started process (PID=482) to work on /home/airflow/.local/lib/python3.12/site-packages/airflow/example_dags/example_task_group_decorator.py
[2025-10-15T17:11:40.942+0000] {processor.py:830} INFO - Processing file /home/airflow/.local/lib/python3.12/site-packages/airflow/example_dags/example_task_group_decorator.py for tasks to queue
[2025-10-15T17:11:40.943+0000] {logging_mixin.py:188} INFO - [2025-10-15T17:11:40.943+0000] {dagbag.py:545} INFO - Filling up the DagBag from /home/airflow/.local/lib/python3.12/site-packages/airflow/example_dags/example_task_group_decorator.py
[2025-10-15T17:11:40.952+0000] {processor.py:840} INFO - DAG(s) 'example_task_group_decorator' retrieved from /home/airflow/.local/lib/python3.12/site-packages/airflow/example_dags/example_task_group_decorator.py
[2025-10-15T17:11:40.967+0000] {logging_mixin.py:188} INFO - [2025-10-15T17:11:40.967+0000] {dag.py:3089} INFO - Sync 1 DAGs
[2025-10-15T17:11:40.980+0000] {logging_mixin.py:188} INFO - [2025-10-15T17:11:40.980+0000] {dag.py:3947} INFO - Setting next_dagrun for example_task_group_decorator to 2025-10-14 00:00:00+00:00, run_after=2025-10-15 00:00:00+00:00
[2025-10-15T17:11:40.990+0000] {processor.py:183} INFO - Processing /home/airflow/.local/lib/python3.12/site-packages/airflow/example_dags/example_task_group_decorator.py took 0.052 seconds
[2025-10-15T17:12:11.487+0000] {processor.py:161} INFO - Started process (PID=540) to work on /home/airflow/.local/lib/python3.12/site-packages/airflow/example_dags/example_task_group_decorator.py
[2025-10-15T17:12:11.488+0000] {processor.py:830} INFO - Processing file /home/airflow/.local/lib/python3.12/site-packages/airflow/example_dags/example_task_group_decorator.py for tasks to queue
[2025-10-15T17:12:11.489+0000] {logging_mixin.py:188} INFO - [2025-10-15T17:12:11.489+0000] {dagbag.py:545} INFO - Filling up the DagBag from /home/airflow/.local/lib/python3.12/site-packages/airflow/example_dags/example_task_group_decorator.py
[2025-10-15T17:12:11.498+0000] {processor.py:840} INFO - DAG(s) 'example_task_group_decorator' retrieved from /home/airflow/.local/lib/python3.12/site-packages/airflow/example_dags/example_task_group_decorator.py
[2025-10-15T17:12:11.513+0000] {logging_mixin.py:188} INFO - [2025-10-15T17:12:11.512+0000] {dag.py:3089} INFO - Sync 1 DAGs
[2025-10-15T17:12:11.525+0000] {logging_mixin.py:188} INFO - [2025-10-15T17:12:11.524+0000] {dag.py:3947} INFO - Setting next_dagrun for example_task_group_decorator to 2025-10-14 00:00:00+00:00, run_after=2025-10-15 00:00:00+00:00
[2025-10-15T17:12:11.534+0000] {processor.py:183} INFO - Processing /home/airflow/.local/lib/python3.12/site-packages/airflow/example_dags/example_task_group_decorator.py took 0.051 seconds
[2025-10-15T17:12:42.027+0000] {processor.py:161} INFO - Started process (PID=598) to work on /home/airflow/.local/lib/python3.12/site-packages/airflow/example_dags/example_task_group_decorator.py
[2025-10-15T17:12:42.028+0000] {processor.py:830} INFO - Processing file /home/airflow/.local/lib/python3.12/site-packages/airflow/example_dags/example_task_group_decorator.py for tasks to queue
[2025-10-15T17:12:42.029+0000] {logging_mixin.py:188} INFO - [2025-10-15T17:12:42.029+0000] {dagbag.py:545} INFO - Filling up the DagBag from /home/airflow/.local/lib/python3.12/site-packages/airflow/example_dags/example_task_group_decorator.py
[2025-10-15T17:12:42.038+0000] {processor.py:840} INFO - DAG(s) 'example_task_group_decorator' retrieved from /home/airflow/.local/lib/python3.12/site-packages/airflow/example_dags/example_task_group_decorator.py
[2025-10-15T17:12:42.054+0000] {logging_mixin.py:188} INFO - [2025-10-15T17:12:42.054+0000] {dag.py:3089} INFO - Sync 1 DAGs
[2025-10-15T17:12:42.067+0000] {logging_mixin.py:188} INFO - [2025-10-15T17:12:42.067+0000] {dag.py:3947} INFO - Setting next_dagrun for example_task_group_decorator to 2025-10-14 00:00:00+00:00, run_after=2025-10-15 00:00:00+00:00
[2025-10-15T17:12:42.077+0000] {processor.py:183} INFO - Processing /home/airflow/.local/lib/python3.12/site-packages/airflow/example_dags/example_task_group_decorator.py took 0.054 seconds
[2025-10-15T17:13:12.325+0000] {processor.py:161} INFO - Started process (PID=656) to work on /home/airflow/.local/lib/python3.12/site-packages/airflow/example_dags/example_task_group_decorator.py
[2025-10-15T17:13:12.326+0000] {processor.py:830} INFO - Processing file /home/airflow/.local/lib/python3.12/site-packages/airflow/example_dags/example_task_group_decorator.py for tasks to queue
[2025-10-15T17:13:12.327+0000] {logging_mixin.py:188} INFO - [2025-10-15T17:13:12.327+0000] {dagbag.py:545} INFO - Filling up the DagBag from /home/airflow/.local/lib/python3.12/site-packages/airflow/example_dags/example_task_group_decorator.py
[2025-10-15T17:13:12.335+0000] {processor.py:840} INFO - DAG(s) 'example_task_group_decorator' retrieved from /home/airflow/.local/lib/python3.12/site-packages/airflow/example_dags/example_task_group_decorator.py
[2025-10-15T17:13:12.350+0000] {logging_mixin.py:188} INFO - [2025-10-15T17:13:12.350+0000] {dag.py:3089} INFO - Sync 1 DAGs
[2025-10-15T17:13:12.361+0000] {logging_mixin.py:188} INFO - [2025-10-15T17:13:12.361+0000] {dag.py:3947} INFO - Setting next_dagrun for example_task_group_decorator to 2025-10-14 00:00:00+00:00, run_after=2025-10-15 00:00:00+00:00
[2025-10-15T17:13:12.371+0000] {processor.py:183} INFO - Processing /home/airflow/.local/lib/python3.12/site-packages/airflow/example_dags/example_task_group_decorator.py took 0.049 seconds
[2025-10-15T17:13:42.445+0000] {processor.py:161} INFO - Started process (PID=714) to work on /home/airflow/.local/lib/python3.12/site-packages/airflow/example_dags/example_task_group_decorator.py
[2025-10-15T17:13:42.446+0000] {processor.py:830} INFO - Processing file /home/airflow/.local/lib/python3.12/site-packages/airflow/example_dags/example_task_group_decorator.py for tasks to queue
[2025-10-15T17:13:42.447+0000] {logging_mixin.py:188} INFO - [2025-10-15T17:13:42.447+0000] {dagbag.py:545} INFO - Filling up the DagBag from /home/airflow/.local/lib/python3.12/site-packages/airflow/example_dags/example_task_group_decorator.py
[2025-10-15T17:13:42.457+0000] {processor.py:840} INFO - DAG(s) 'example_task_group_decorator' retrieved from /home/airflow/.local/lib/python3.12/site-packages/airflow/example_dags/example_task_group_decorator.py
[2025-10-15T17:13:42.473+0000] {logging_mixin.py:188} INFO - [2025-10-15T17:13:42.473+0000] {dag.py:3089} INFO - Sync 1 DAGs
[2025-10-15T17:13:42.486+0000] {logging_mixin.py:188} INFO - [2025-10-15T17:13:42.486+0000] {dag.py:3947} INFO - Setting next_dagrun for example_task_group_decorator to 2025-10-14 00:00:00+00:00, run_after=2025-10-15 00:00:00+00:00
[2025-10-15T17:13:42.496+0000] {processor.py:183} INFO - Processing /home/airflow/.local/lib/python3.12/site-packages/airflow/example_dags/example_task_group_decorator.py took 0.055 seconds
[2025-10-15T17:14:12.872+0000] {processor.py:161} INFO - Started process (PID=772) to work on /home/airflow/.local/lib/python3.12/site-packages/airflow/example_dags/example_task_group_decorator.py
[2025-10-15T17:14:12.873+0000] {processor.py:830} INFO - Processing file /home/airflow/.local/lib/python3.12/site-packages/airflow/example_dags/example_task_group_decorator.py for tasks to queue
[2025-10-15T17:14:12.874+0000] {logging_mixin.py:188} INFO - [2025-10-15T17:14:12.873+0000] {dagbag.py:545} INFO - Filling up the DagBag from /home/airflow/.local/lib/python3.12/site-packages/airflow/example_dags/example_task_group_decorator.py
[2025-10-15T17:14:12.882+0000] {processor.py:840} INFO - DAG(s) 'example_task_group_decorator' retrieved from /home/airflow/.local/lib/python3.12/site-packages/airflow/example_dags/example_task_group_decorator.py
[2025-10-15T17:14:12.896+0000] {logging_mixin.py:188} INFO - [2025-10-15T17:14:12.895+0000] {dag.py:3089} INFO - Sync 1 DAGs
[2025-10-15T17:14:12.907+0000] {logging_mixin.py:188} INFO - [2025-10-15T17:14:12.907+0000] {dag.py:3947} INFO - Setting next_dagrun for example_task_group_decorator to 2025-10-14 00:00:00+00:00, run_after=2025-10-15 00:00:00+00:00
[2025-10-15T17:14:12.916+0000] {processor.py:183} INFO - Processing /home/airflow/.local/lib/python3.12/site-packages/airflow/example_dags/example_task_group_decorator.py took 0.048 seconds
[2025-10-15T17:14:42.977+0000] {processor.py:161} INFO - Started process (PID=830) to work on /home/airflow/.local/lib/python3.12/site-packages/airflow/example_dags/example_task_group_decorator.py
[2025-10-15T17:14:42.977+0000] {processor.py:830} INFO - Processing file /home/airflow/.local/lib/python3.12/site-packages/airflow/example_dags/example_task_group_decorator.py for tasks to queue
[2025-10-15T17:14:42.979+0000] {logging_mixin.py:188} INFO - [2025-10-15T17:14:42.978+0000] {dagbag.py:545} INFO - Filling up the DagBag from /home/airflow/.local/lib/python3.12/site-packages/airflow/example_dags/example_task_group_decorator.py
[2025-10-15T17:14:42.987+0000] {processor.py:840} INFO - DAG(s) 'example_task_group_decorator' retrieved from /home/airflow/.local/lib/python3.12/site-packages/airflow/example_dags/example_task_group_decorator.py
[2025-10-15T17:14:43.001+0000] {logging_mixin.py:188} INFO - [2025-10-15T17:14:43.001+0000] {dag.py:3089} INFO - Sync 1 DAGs
[2025-10-15T17:14:43.013+0000] {logging_mixin.py:188} INFO - [2025-10-15T17:14:43.013+0000] {dag.py:3947} INFO - Setting next_dagrun for example_task_group_decorator to 2025-10-14 00:00:00+00:00, run_after=2025-10-15 00:00:00+00:00
[2025-10-15T17:14:43.023+0000] {processor.py:183} INFO - Processing /home/airflow/.local/lib/python3.12/site-packages/airflow/example_dags/example_task_group_decorator.py took 0.049 seconds
[2025-10-15T17:15:13.278+0000] {processor.py:161} INFO - Started process (PID=888) to work on /home/airflow/.local/lib/python3.12/site-packages/airflow/example_dags/example_task_group_decorator.py
[2025-10-15T17:15:13.279+0000] {processor.py:830} INFO - Processing file /home/airflow/.local/lib/python3.12/site-packages/airflow/example_dags/example_task_group_decorator.py for tasks to queue
[2025-10-15T17:15:13.280+0000] {logging_mixin.py:188} INFO - [2025-10-15T17:15:13.280+0000] {dagbag.py:545} INFO - Filling up the DagBag from /home/airflow/.local/lib/python3.12/site-packages/airflow/example_dags/example_task_group_decorator.py
[2025-10-15T17:15:13.288+0000] {processor.py:840} INFO - DAG(s) 'example_task_group_decorator' retrieved from /home/airflow/.local/lib/python3.12/site-packages/airflow/example_dags/example_task_group_decorator.py
[2025-10-15T17:15:13.303+0000] {logging_mixin.py:188} INFO - [2025-10-15T17:15:13.303+0000] {dag.py:3089} INFO - Sync 1 DAGs
[2025-10-15T17:15:13.315+0000] {logging_mixin.py:188} INFO - [2025-10-15T17:15:13.315+0000] {dag.py:3947} INFO - Setting next_dagrun for example_task_group_decorator to 2025-10-14 00:00:00+00:00, run_after=2025-10-15 00:00:00+00:00
[2025-10-15T17:15:13.324+0000] {processor.py:183} INFO - Processing /home/airflow/.local/lib/python3.12/site-packages/airflow/example_dags/example_task_group_decorator.py took 0.050 seconds
[2025-10-15T17:19:45.744+0000] {processor.py:161} INFO - Started process (PID=71) to work on /home/airflow/.local/lib/python3.12/site-packages/airflow/example_dags/example_task_group_decorator.py
[2025-10-15T17:19:45.746+0000] {processor.py:830} INFO - Processing file /home/airflow/.local/lib/python3.12/site-packages/airflow/example_dags/example_task_group_decorator.py for tasks to queue
[2025-10-15T17:19:45.754+0000] {logging_mixin.py:188} INFO - [2025-10-15T17:19:45.754+0000] {dagbag.py:545} INFO - Filling up the DagBag from /home/airflow/.local/lib/python3.12/site-packages/airflow/example_dags/example_task_group_decorator.py
[2025-10-15T17:19:45.778+0000] {processor.py:840} INFO - DAG(s) 'example_task_group_decorator' retrieved from /home/airflow/.local/lib/python3.12/site-packages/airflow/example_dags/example_task_group_decorator.py
[2025-10-15T17:19:46.086+0000] {logging_mixin.py:188} INFO - [2025-10-15T17:19:46.086+0000] {dag.py:3089} INFO - Sync 1 DAGs
[2025-10-15T17:19:46.114+0000] {logging_mixin.py:188} INFO - [2025-10-15T17:19:46.114+0000] {dag.py:3947} INFO - Setting next_dagrun for example_task_group_decorator to 2025-10-14 00:00:00+00:00, run_after=2025-10-15 00:00:00+00:00
[2025-10-15T17:19:46.139+0000] {processor.py:183} INFO - Processing /home/airflow/.local/lib/python3.12/site-packages/airflow/example_dags/example_task_group_decorator.py took 0.407 seconds
[2025-10-15T17:20:16.166+0000] {processor.py:161} INFO - Started process (PID=129) to work on /home/airflow/.local/lib/python3.12/site-packages/airflow/example_dags/example_task_group_decorator.py
[2025-10-15T17:20:16.167+0000] {processor.py:830} INFO - Processing file /home/airflow/.local/lib/python3.12/site-packages/airflow/example_dags/example_task_group_decorator.py for tasks to queue
[2025-10-15T17:20:16.168+0000] {logging_mixin.py:188} INFO - [2025-10-15T17:20:16.168+0000] {dagbag.py:545} INFO - Filling up the DagBag from /home/airflow/.local/lib/python3.12/site-packages/airflow/example_dags/example_task_group_decorator.py
[2025-10-15T17:20:16.178+0000] {processor.py:840} INFO - DAG(s) 'example_task_group_decorator' retrieved from /home/airflow/.local/lib/python3.12/site-packages/airflow/example_dags/example_task_group_decorator.py
[2025-10-15T17:20:16.194+0000] {logging_mixin.py:188} INFO - [2025-10-15T17:20:16.194+0000] {dag.py:3089} INFO - Sync 1 DAGs
[2025-10-15T17:20:16.208+0000] {logging_mixin.py:188} INFO - [2025-10-15T17:20:16.208+0000] {dag.py:3947} INFO - Setting next_dagrun for example_task_group_decorator to 2025-10-14 00:00:00+00:00, run_after=2025-10-15 00:00:00+00:00
[2025-10-15T17:20:16.219+0000] {processor.py:183} INFO - Processing /home/airflow/.local/lib/python3.12/site-packages/airflow/example_dags/example_task_group_decorator.py took 0.057 seconds
[2025-10-15T17:20:46.828+0000] {processor.py:161} INFO - Started process (PID=187) to work on /home/airflow/.local/lib/python3.12/site-packages/airflow/example_dags/example_task_group_decorator.py
[2025-10-15T17:20:46.829+0000] {processor.py:830} INFO - Processing file /home/airflow/.local/lib/python3.12/site-packages/airflow/example_dags/example_task_group_decorator.py for tasks to queue
[2025-10-15T17:20:46.830+0000] {logging_mixin.py:188} INFO - [2025-10-15T17:20:46.830+0000] {dagbag.py:545} INFO - Filling up the DagBag from /home/airflow/.local/lib/python3.12/site-packages/airflow/example_dags/example_task_group_decorator.py
[2025-10-15T17:20:46.838+0000] {processor.py:840} INFO - DAG(s) 'example_task_group_decorator' retrieved from /home/airflow/.local/lib/python3.12/site-packages/airflow/example_dags/example_task_group_decorator.py
[2025-10-15T17:20:46.852+0000] {logging_mixin.py:188} INFO - [2025-10-15T17:20:46.852+0000] {dag.py:3089} INFO - Sync 1 DAGs
[2025-10-15T17:20:46.864+0000] {logging_mixin.py:188} INFO - [2025-10-15T17:20:46.864+0000] {dag.py:3947} INFO - Setting next_dagrun for example_task_group_decorator to 2025-10-14 00:00:00+00:00, run_after=2025-10-15 00:00:00+00:00
[2025-10-15T17:20:46.874+0000] {processor.py:183} INFO - Processing /home/airflow/.local/lib/python3.12/site-packages/airflow/example_dags/example_task_group_decorator.py took 0.049 seconds
[2025-10-15T17:21:17.808+0000] {processor.py:161} INFO - Started process (PID=245) to work on /home/airflow/.local/lib/python3.12/site-packages/airflow/example_dags/example_task_group_decorator.py
[2025-10-15T17:21:17.808+0000] {processor.py:830} INFO - Processing file /home/airflow/.local/lib/python3.12/site-packages/airflow/example_dags/example_task_group_decorator.py for tasks to queue
[2025-10-15T17:21:17.810+0000] {logging_mixin.py:188} INFO - [2025-10-15T17:21:17.809+0000] {dagbag.py:545} INFO - Filling up the DagBag from /home/airflow/.local/lib/python3.12/site-packages/airflow/example_dags/example_task_group_decorator.py
[2025-10-15T17:21:17.819+0000] {processor.py:840} INFO - DAG(s) 'example_task_group_decorator' retrieved from /home/airflow/.local/lib/python3.12/site-packages/airflow/example_dags/example_task_group_decorator.py
[2025-10-15T17:21:17.834+0000] {logging_mixin.py:188} INFO - [2025-10-15T17:21:17.834+0000] {dag.py:3089} INFO - Sync 1 DAGs
[2025-10-15T17:21:17.846+0000] {logging_mixin.py:188} INFO - [2025-10-15T17:21:17.846+0000] {dag.py:3947} INFO - Setting next_dagrun for example_task_group_decorator to 2025-10-14 00:00:00+00:00, run_after=2025-10-15 00:00:00+00:00
[2025-10-15T17:21:17.858+0000] {processor.py:183} INFO - Processing /home/airflow/.local/lib/python3.12/site-packages/airflow/example_dags/example_task_group_decorator.py took 0.054 seconds
[2025-10-15T17:21:48.785+0000] {processor.py:161} INFO - Started process (PID=303) to work on /home/airflow/.local/lib/python3.12/site-packages/airflow/example_dags/example_task_group_decorator.py
[2025-10-15T17:21:48.786+0000] {processor.py:830} INFO - Processing file /home/airflow/.local/lib/python3.12/site-packages/airflow/example_dags/example_task_group_decorator.py for tasks to queue
[2025-10-15T17:21:48.789+0000] {logging_mixin.py:188} INFO - [2025-10-15T17:21:48.788+0000] {dagbag.py:545} INFO - Filling up the DagBag from /home/airflow/.local/lib/python3.12/site-packages/airflow/example_dags/example_task_group_decorator.py
[2025-10-15T17:21:48.798+0000] {processor.py:840} INFO - DAG(s) 'example_task_group_decorator' retrieved from /home/airflow/.local/lib/python3.12/site-packages/airflow/example_dags/example_task_group_decorator.py
[2025-10-15T17:21:48.816+0000] {logging_mixin.py:188} INFO - [2025-10-15T17:21:48.815+0000] {dag.py:3089} INFO - Sync 1 DAGs
[2025-10-15T17:21:48.827+0000] {logging_mixin.py:188} INFO - [2025-10-15T17:21:48.827+0000] {dag.py:3947} INFO - Setting next_dagrun for example_task_group_decorator to 2025-10-14 00:00:00+00:00, run_after=2025-10-15 00:00:00+00:00
[2025-10-15T17:21:48.836+0000] {processor.py:183} INFO - Processing /home/airflow/.local/lib/python3.12/site-packages/airflow/example_dags/example_task_group_decorator.py took 0.056 seconds
[2025-10-15T17:22:18.902+0000] {processor.py:161} INFO - Started process (PID=361) to work on /home/airflow/.local/lib/python3.12/site-packages/airflow/example_dags/example_task_group_decorator.py
[2025-10-15T17:22:18.903+0000] {processor.py:830} INFO - Processing file /home/airflow/.local/lib/python3.12/site-packages/airflow/example_dags/example_task_group_decorator.py for tasks to queue
[2025-10-15T17:22:18.908+0000] {logging_mixin.py:188} INFO - [2025-10-15T17:22:18.908+0000] {dagbag.py:545} INFO - Filling up the DagBag from /home/airflow/.local/lib/python3.12/site-packages/airflow/example_dags/example_task_group_decorator.py
[2025-10-15T17:22:18.917+0000] {processor.py:840} INFO - DAG(s) 'example_task_group_decorator' retrieved from /home/airflow/.local/lib/python3.12/site-packages/airflow/example_dags/example_task_group_decorator.py
[2025-10-15T17:22:18.933+0000] {logging_mixin.py:188} INFO - [2025-10-15T17:22:18.933+0000] {dag.py:3089} INFO - Sync 1 DAGs
[2025-10-15T17:22:18.946+0000] {logging_mixin.py:188} INFO - [2025-10-15T17:22:18.946+0000] {dag.py:3947} INFO - Setting next_dagrun for example_task_group_decorator to 2025-10-14 00:00:00+00:00, run_after=2025-10-15 00:00:00+00:00
[2025-10-15T17:22:18.957+0000] {processor.py:183} INFO - Processing /home/airflow/.local/lib/python3.12/site-packages/airflow/example_dags/example_task_group_decorator.py took 0.060 seconds
[2025-10-15T17:22:49.029+0000] {processor.py:161} INFO - Started process (PID=419) to work on /home/airflow/.local/lib/python3.12/site-packages/airflow/example_dags/example_task_group_decorator.py
[2025-10-15T17:22:49.030+0000] {processor.py:830} INFO - Processing file /home/airflow/.local/lib/python3.12/site-packages/airflow/example_dags/example_task_group_decorator.py for tasks to queue
[2025-10-15T17:22:49.031+0000] {logging_mixin.py:188} INFO - [2025-10-15T17:22:49.031+0000] {dagbag.py:545} INFO - Filling up the DagBag from /home/airflow/.local/lib/python3.12/site-packages/airflow/example_dags/example_task_group_decorator.py
[2025-10-15T17:22:49.039+0000] {processor.py:840} INFO - DAG(s) 'example_task_group_decorator' retrieved from /home/airflow/.local/lib/python3.12/site-packages/airflow/example_dags/example_task_group_decorator.py
[2025-10-15T17:22:49.054+0000] {logging_mixin.py:188} INFO - [2025-10-15T17:22:49.054+0000] {dag.py:3089} INFO - Sync 1 DAGs
[2025-10-15T17:22:49.066+0000] {logging_mixin.py:188} INFO - [2025-10-15T17:22:49.065+0000] {dag.py:3947} INFO - Setting next_dagrun for example_task_group_decorator to 2025-10-14 00:00:00+00:00, run_after=2025-10-15 00:00:00+00:00
[2025-10-15T17:22:49.076+0000] {processor.py:183} INFO - Processing /home/airflow/.local/lib/python3.12/site-packages/airflow/example_dags/example_task_group_decorator.py took 0.050 seconds
[2025-10-15T17:23:19.200+0000] {processor.py:161} INFO - Started process (PID=477) to work on /home/airflow/.local/lib/python3.12/site-packages/airflow/example_dags/example_task_group_decorator.py
[2025-10-15T17:23:19.201+0000] {processor.py:830} INFO - Processing file /home/airflow/.local/lib/python3.12/site-packages/airflow/example_dags/example_task_group_decorator.py for tasks to queue
[2025-10-15T17:23:19.202+0000] {logging_mixin.py:188} INFO - [2025-10-15T17:23:19.202+0000] {dagbag.py:545} INFO - Filling up the DagBag from /home/airflow/.local/lib/python3.12/site-packages/airflow/example_dags/example_task_group_decorator.py
[2025-10-15T17:23:19.210+0000] {processor.py:840} INFO - DAG(s) 'example_task_group_decorator' retrieved from /home/airflow/.local/lib/python3.12/site-packages/airflow/example_dags/example_task_group_decorator.py
[2025-10-15T17:23:19.225+0000] {logging_mixin.py:188} INFO - [2025-10-15T17:23:19.225+0000] {dag.py:3089} INFO - Sync 1 DAGs
[2025-10-15T17:23:19.237+0000] {logging_mixin.py:188} INFO - [2025-10-15T17:23:19.236+0000] {dag.py:3947} INFO - Setting next_dagrun for example_task_group_decorator to 2025-10-14 00:00:00+00:00, run_after=2025-10-15 00:00:00+00:00
[2025-10-15T17:23:19.246+0000] {processor.py:183} INFO - Processing /home/airflow/.local/lib/python3.12/site-packages/airflow/example_dags/example_task_group_decorator.py took 0.049 seconds
[2025-10-15T17:23:49.541+0000] {processor.py:161} INFO - Started process (PID=535) to work on /home/airflow/.local/lib/python3.12/site-packages/airflow/example_dags/example_task_group_decorator.py
[2025-10-15T17:23:49.541+0000] {processor.py:830} INFO - Processing file /home/airflow/.local/lib/python3.12/site-packages/airflow/example_dags/example_task_group_decorator.py for tasks to queue
[2025-10-15T17:23:49.542+0000] {logging_mixin.py:188} INFO - [2025-10-15T17:23:49.542+0000] {dagbag.py:545} INFO - Filling up the DagBag from /home/airflow/.local/lib/python3.12/site-packages/airflow/example_dags/example_task_group_decorator.py
[2025-10-15T17:23:49.550+0000] {processor.py:840} INFO - DAG(s) 'example_task_group_decorator' retrieved from /home/airflow/.local/lib/python3.12/site-packages/airflow/example_dags/example_task_group_decorator.py
[2025-10-15T17:23:49.564+0000] {logging_mixin.py:188} INFO - [2025-10-15T17:23:49.564+0000] {dag.py:3089} INFO - Sync 1 DAGs
[2025-10-15T17:23:49.576+0000] {logging_mixin.py:188} INFO - [2025-10-15T17:23:49.576+0000] {dag.py:3947} INFO - Setting next_dagrun for example_task_group_decorator to 2025-10-14 00:00:00+00:00, run_after=2025-10-15 00:00:00+00:00
[2025-10-15T17:23:49.585+0000] {processor.py:183} INFO - Processing /home/airflow/.local/lib/python3.12/site-packages/airflow/example_dags/example_task_group_decorator.py took 0.048 seconds
[2025-10-15T17:24:20.273+0000] {processor.py:161} INFO - Started process (PID=593) to work on /home/airflow/.local/lib/python3.12/site-packages/airflow/example_dags/example_task_group_decorator.py
[2025-10-15T17:24:20.274+0000] {processor.py:830} INFO - Processing file /home/airflow/.local/lib/python3.12/site-packages/airflow/example_dags/example_task_group_decorator.py for tasks to queue
[2025-10-15T17:24:20.276+0000] {logging_mixin.py:188} INFO - [2025-10-15T17:24:20.276+0000] {dagbag.py:545} INFO - Filling up the DagBag from /home/airflow/.local/lib/python3.12/site-packages/airflow/example_dags/example_task_group_decorator.py
[2025-10-15T17:24:20.285+0000] {processor.py:840} INFO - DAG(s) 'example_task_group_decorator' retrieved from /home/airflow/.local/lib/python3.12/site-packages/airflow/example_dags/example_task_group_decorator.py
[2025-10-15T17:24:20.300+0000] {logging_mixin.py:188} INFO - [2025-10-15T17:24:20.299+0000] {dag.py:3089} INFO - Sync 1 DAGs
[2025-10-15T17:24:20.312+0000] {logging_mixin.py:188} INFO - [2025-10-15T17:24:20.312+0000] {dag.py:3947} INFO - Setting next_dagrun for example_task_group_decorator to 2025-10-14 00:00:00+00:00, run_after=2025-10-15 00:00:00+00:00
[2025-10-15T17:24:20.322+0000] {processor.py:183} INFO - Processing /home/airflow/.local/lib/python3.12/site-packages/airflow/example_dags/example_task_group_decorator.py took 0.053 seconds
