[2025-10-15T17:08:11.787+0000] {processor.py:161} INFO - Started process (PID=99) to work on /home/airflow/.local/lib/python3.12/site-packages/airflow/example_dags/example_params_trigger_ui.py
[2025-10-15T17:08:11.789+0000] {processor.py:830} INFO - Processing file /home/airflow/.local/lib/python3.12/site-packages/airflow/example_dags/example_params_trigger_ui.py for tasks to queue
[2025-10-15T17:08:11.793+0000] {logging_mixin.py:188} INFO - [2025-10-15T17:08:11.792+0000] {dagbag.py:545} INFO - Filling up the DagBag from /home/airflow/.local/lib/python3.12/site-packages/airflow/example_dags/example_params_trigger_ui.py
[2025-10-15T17:08:11.817+0000] {processor.py:840} INFO - DAG(s) 'example_params_trigger_ui' retrieved from /home/airflow/.local/lib/python3.12/site-packages/airflow/example_dags/example_params_trigger_ui.py
[2025-10-15T17:08:11.975+0000] {logging_mixin.py:188} INFO - [2025-10-15T17:08:11.974+0000] {override.py:1858} INFO - Created Permission View: can edit on DAG:example_params_trigger_ui
[2025-10-15T17:08:11.983+0000] {logging_mixin.py:188} INFO - [2025-10-15T17:08:11.983+0000] {override.py:1858} INFO - Created Permission View: can delete on DAG:example_params_trigger_ui
[2025-10-15T17:08:11.989+0000] {logging_mixin.py:188} INFO - [2025-10-15T17:08:11.989+0000] {override.py:1858} INFO - Created Permission View: can read on DAG:example_params_trigger_ui
[2025-10-15T17:08:11.990+0000] {logging_mixin.py:188} INFO - [2025-10-15T17:08:11.989+0000] {dag.py:3089} INFO - Sync 1 DAGs
[2025-10-15T17:08:11.999+0000] {logging_mixin.py:188} INFO - [2025-10-15T17:08:11.999+0000] {dag.py:3111} INFO - Creating ORM DAG for example_params_trigger_ui
[2025-10-15T17:08:12.000+0000] {logging_mixin.py:188} INFO - [2025-10-15T17:08:12.000+0000] {dag.py:3947} INFO - Setting next_dagrun for example_params_trigger_ui to None, run_after=None
[2025-10-15T17:08:12.019+0000] {processor.py:183} INFO - Processing /home/airflow/.local/lib/python3.12/site-packages/airflow/example_dags/example_params_trigger_ui.py took 0.243 seconds
[2025-10-15T17:08:42.909+0000] {processor.py:161} INFO - Started process (PID=157) to work on /home/airflow/.local/lib/python3.12/site-packages/airflow/example_dags/example_params_trigger_ui.py
[2025-10-15T17:08:42.911+0000] {processor.py:830} INFO - Processing file /home/airflow/.local/lib/python3.12/site-packages/airflow/example_dags/example_params_trigger_ui.py for tasks to queue
[2025-10-15T17:08:42.913+0000] {logging_mixin.py:188} INFO - [2025-10-15T17:08:42.913+0000] {dagbag.py:545} INFO - Filling up the DagBag from /home/airflow/.local/lib/python3.12/site-packages/airflow/example_dags/example_params_trigger_ui.py
[2025-10-15T17:08:42.923+0000] {processor.py:840} INFO - DAG(s) 'example_params_trigger_ui' retrieved from /home/airflow/.local/lib/python3.12/site-packages/airflow/example_dags/example_params_trigger_ui.py
[2025-10-15T17:08:42.954+0000] {logging_mixin.py:188} INFO - [2025-10-15T17:08:42.953+0000] {dag.py:3089} INFO - Sync 1 DAGs
[2025-10-15T17:08:42.963+0000] {logging_mixin.py:188} INFO - [2025-10-15T17:08:42.963+0000] {dag.py:3947} INFO - Setting next_dagrun for example_params_trigger_ui to None, run_after=None
[2025-10-15T17:08:42.977+0000] {processor.py:183} INFO - Processing /home/airflow/.local/lib/python3.12/site-packages/airflow/example_dags/example_params_trigger_ui.py took 0.072 seconds
[2025-10-15T17:09:13.840+0000] {processor.py:161} INFO - Started process (PID=215) to work on /home/airflow/.local/lib/python3.12/site-packages/airflow/example_dags/example_params_trigger_ui.py
[2025-10-15T17:09:13.841+0000] {processor.py:830} INFO - Processing file /home/airflow/.local/lib/python3.12/site-packages/airflow/example_dags/example_params_trigger_ui.py for tasks to queue
[2025-10-15T17:09:13.843+0000] {logging_mixin.py:188} INFO - [2025-10-15T17:09:13.842+0000] {dagbag.py:545} INFO - Filling up the DagBag from /home/airflow/.local/lib/python3.12/site-packages/airflow/example_dags/example_params_trigger_ui.py
[2025-10-15T17:09:13.849+0000] {processor.py:840} INFO - DAG(s) 'example_params_trigger_ui' retrieved from /home/airflow/.local/lib/python3.12/site-packages/airflow/example_dags/example_params_trigger_ui.py
[2025-10-15T17:09:13.882+0000] {logging_mixin.py:188} INFO - [2025-10-15T17:09:13.882+0000] {dag.py:3089} INFO - Sync 1 DAGs
[2025-10-15T17:09:13.892+0000] {logging_mixin.py:188} INFO - [2025-10-15T17:09:13.892+0000] {dag.py:3947} INFO - Setting next_dagrun for example_params_trigger_ui to None, run_after=None
[2025-10-15T17:09:13.908+0000] {processor.py:183} INFO - Processing /home/airflow/.local/lib/python3.12/site-packages/airflow/example_dags/example_params_trigger_ui.py took 0.072 seconds
[2025-10-15T17:09:44.913+0000] {processor.py:161} INFO - Started process (PID=273) to work on /home/airflow/.local/lib/python3.12/site-packages/airflow/example_dags/example_params_trigger_ui.py
[2025-10-15T17:09:44.914+0000] {processor.py:830} INFO - Processing file /home/airflow/.local/lib/python3.12/site-packages/airflow/example_dags/example_params_trigger_ui.py for tasks to queue
[2025-10-15T17:09:44.915+0000] {logging_mixin.py:188} INFO - [2025-10-15T17:09:44.915+0000] {dagbag.py:545} INFO - Filling up the DagBag from /home/airflow/.local/lib/python3.12/site-packages/airflow/example_dags/example_params_trigger_ui.py
[2025-10-15T17:09:44.923+0000] {processor.py:840} INFO - DAG(s) 'example_params_trigger_ui' retrieved from /home/airflow/.local/lib/python3.12/site-packages/airflow/example_dags/example_params_trigger_ui.py
[2025-10-15T17:09:44.956+0000] {logging_mixin.py:188} INFO - [2025-10-15T17:09:44.956+0000] {dag.py:3089} INFO - Sync 1 DAGs
[2025-10-15T17:09:44.966+0000] {logging_mixin.py:188} INFO - [2025-10-15T17:09:44.966+0000] {dag.py:3947} INFO - Setting next_dagrun for example_params_trigger_ui to None, run_after=None
[2025-10-15T17:09:44.980+0000] {processor.py:183} INFO - Processing /home/airflow/.local/lib/python3.12/site-packages/airflow/example_dags/example_params_trigger_ui.py took 0.071 seconds
[2025-10-15T17:10:15.166+0000] {processor.py:161} INFO - Started process (PID=331) to work on /home/airflow/.local/lib/python3.12/site-packages/airflow/example_dags/example_params_trigger_ui.py
[2025-10-15T17:10:15.171+0000] {processor.py:830} INFO - Processing file /home/airflow/.local/lib/python3.12/site-packages/airflow/example_dags/example_params_trigger_ui.py for tasks to queue
[2025-10-15T17:10:15.173+0000] {logging_mixin.py:188} INFO - [2025-10-15T17:10:15.173+0000] {dagbag.py:545} INFO - Filling up the DagBag from /home/airflow/.local/lib/python3.12/site-packages/airflow/example_dags/example_params_trigger_ui.py
[2025-10-15T17:10:15.179+0000] {processor.py:840} INFO - DAG(s) 'example_params_trigger_ui' retrieved from /home/airflow/.local/lib/python3.12/site-packages/airflow/example_dags/example_params_trigger_ui.py
[2025-10-15T17:10:15.207+0000] {logging_mixin.py:188} INFO - [2025-10-15T17:10:15.207+0000] {dag.py:3089} INFO - Sync 1 DAGs
[2025-10-15T17:10:15.214+0000] {logging_mixin.py:188} INFO - [2025-10-15T17:10:15.214+0000] {dag.py:3947} INFO - Setting next_dagrun for example_params_trigger_ui to None, run_after=None
[2025-10-15T17:10:15.231+0000] {processor.py:183} INFO - Processing /home/airflow/.local/lib/python3.12/site-packages/airflow/example_dags/example_params_trigger_ui.py took 0.070 seconds
[2025-10-15T17:10:45.283+0000] {processor.py:161} INFO - Started process (PID=389) to work on /home/airflow/.local/lib/python3.12/site-packages/airflow/example_dags/example_params_trigger_ui.py
[2025-10-15T17:10:45.283+0000] {processor.py:830} INFO - Processing file /home/airflow/.local/lib/python3.12/site-packages/airflow/example_dags/example_params_trigger_ui.py for tasks to queue
[2025-10-15T17:10:45.284+0000] {logging_mixin.py:188} INFO - [2025-10-15T17:10:45.284+0000] {dagbag.py:545} INFO - Filling up the DagBag from /home/airflow/.local/lib/python3.12/site-packages/airflow/example_dags/example_params_trigger_ui.py
[2025-10-15T17:10:45.291+0000] {processor.py:840} INFO - DAG(s) 'example_params_trigger_ui' retrieved from /home/airflow/.local/lib/python3.12/site-packages/airflow/example_dags/example_params_trigger_ui.py
[2025-10-15T17:10:45.324+0000] {logging_mixin.py:188} INFO - [2025-10-15T17:10:45.323+0000] {dag.py:3089} INFO - Sync 1 DAGs
[2025-10-15T17:10:45.330+0000] {logging_mixin.py:188} INFO - [2025-10-15T17:10:45.330+0000] {dag.py:3947} INFO - Setting next_dagrun for example_params_trigger_ui to None, run_after=None
[2025-10-15T17:10:45.348+0000] {processor.py:183} INFO - Processing /home/airflow/.local/lib/python3.12/site-packages/airflow/example_dags/example_params_trigger_ui.py took 0.070 seconds
[2025-10-15T17:11:15.657+0000] {processor.py:161} INFO - Started process (PID=447) to work on /home/airflow/.local/lib/python3.12/site-packages/airflow/example_dags/example_params_trigger_ui.py
[2025-10-15T17:11:15.660+0000] {processor.py:830} INFO - Processing file /home/airflow/.local/lib/python3.12/site-packages/airflow/example_dags/example_params_trigger_ui.py for tasks to queue
[2025-10-15T17:11:15.664+0000] {logging_mixin.py:188} INFO - [2025-10-15T17:11:15.664+0000] {dagbag.py:545} INFO - Filling up the DagBag from /home/airflow/.local/lib/python3.12/site-packages/airflow/example_dags/example_params_trigger_ui.py
[2025-10-15T17:11:15.717+0000] {processor.py:840} INFO - DAG(s) 'example_params_trigger_ui' retrieved from /home/airflow/.local/lib/python3.12/site-packages/airflow/example_dags/example_params_trigger_ui.py
[2025-10-15T17:11:16.063+0000] {logging_mixin.py:188} INFO - [2025-10-15T17:11:16.063+0000] {dag.py:3089} INFO - Sync 1 DAGs
[2025-10-15T17:11:16.088+0000] {logging_mixin.py:188} INFO - [2025-10-15T17:11:16.088+0000] {dag.py:3947} INFO - Setting next_dagrun for example_params_trigger_ui to None, run_after=None
[2025-10-15T17:11:16.117+0000] {processor.py:183} INFO - Processing /home/airflow/.local/lib/python3.12/site-packages/airflow/example_dags/example_params_trigger_ui.py took 0.476 seconds
[2025-10-15T17:11:46.154+0000] {processor.py:161} INFO - Started process (PID=505) to work on /home/airflow/.local/lib/python3.12/site-packages/airflow/example_dags/example_params_trigger_ui.py
[2025-10-15T17:11:46.155+0000] {processor.py:830} INFO - Processing file /home/airflow/.local/lib/python3.12/site-packages/airflow/example_dags/example_params_trigger_ui.py for tasks to queue
[2025-10-15T17:11:46.156+0000] {logging_mixin.py:188} INFO - [2025-10-15T17:11:46.156+0000] {dagbag.py:545} INFO - Filling up the DagBag from /home/airflow/.local/lib/python3.12/site-packages/airflow/example_dags/example_params_trigger_ui.py
[2025-10-15T17:11:46.164+0000] {processor.py:840} INFO - DAG(s) 'example_params_trigger_ui' retrieved from /home/airflow/.local/lib/python3.12/site-packages/airflow/example_dags/example_params_trigger_ui.py
[2025-10-15T17:11:46.193+0000] {logging_mixin.py:188} INFO - [2025-10-15T17:11:46.193+0000] {dag.py:3089} INFO - Sync 1 DAGs
[2025-10-15T17:11:46.201+0000] {logging_mixin.py:188} INFO - [2025-10-15T17:11:46.201+0000] {dag.py:3947} INFO - Setting next_dagrun for example_params_trigger_ui to None, run_after=None
[2025-10-15T17:11:46.217+0000] {processor.py:183} INFO - Processing /home/airflow/.local/lib/python3.12/site-packages/airflow/example_dags/example_params_trigger_ui.py took 0.068 seconds
[2025-10-15T17:12:16.514+0000] {processor.py:161} INFO - Started process (PID=563) to work on /home/airflow/.local/lib/python3.12/site-packages/airflow/example_dags/example_params_trigger_ui.py
[2025-10-15T17:12:16.515+0000] {processor.py:830} INFO - Processing file /home/airflow/.local/lib/python3.12/site-packages/airflow/example_dags/example_params_trigger_ui.py for tasks to queue
[2025-10-15T17:12:16.516+0000] {logging_mixin.py:188} INFO - [2025-10-15T17:12:16.516+0000] {dagbag.py:545} INFO - Filling up the DagBag from /home/airflow/.local/lib/python3.12/site-packages/airflow/example_dags/example_params_trigger_ui.py
[2025-10-15T17:12:16.523+0000] {processor.py:840} INFO - DAG(s) 'example_params_trigger_ui' retrieved from /home/airflow/.local/lib/python3.12/site-packages/airflow/example_dags/example_params_trigger_ui.py
[2025-10-15T17:12:16.559+0000] {logging_mixin.py:188} INFO - [2025-10-15T17:12:16.558+0000] {dag.py:3089} INFO - Sync 1 DAGs
[2025-10-15T17:12:16.567+0000] {logging_mixin.py:188} INFO - [2025-10-15T17:12:16.567+0000] {dag.py:3947} INFO - Setting next_dagrun for example_params_trigger_ui to None, run_after=None
[2025-10-15T17:12:16.584+0000] {processor.py:183} INFO - Processing /home/airflow/.local/lib/python3.12/site-packages/airflow/example_dags/example_params_trigger_ui.py took 0.074 seconds
[2025-10-15T17:12:47.221+0000] {processor.py:161} INFO - Started process (PID=621) to work on /home/airflow/.local/lib/python3.12/site-packages/airflow/example_dags/example_params_trigger_ui.py
[2025-10-15T17:12:47.225+0000] {processor.py:830} INFO - Processing file /home/airflow/.local/lib/python3.12/site-packages/airflow/example_dags/example_params_trigger_ui.py for tasks to queue
[2025-10-15T17:12:47.227+0000] {logging_mixin.py:188} INFO - [2025-10-15T17:12:47.227+0000] {dagbag.py:545} INFO - Filling up the DagBag from /home/airflow/.local/lib/python3.12/site-packages/airflow/example_dags/example_params_trigger_ui.py
[2025-10-15T17:12:47.238+0000] {processor.py:840} INFO - DAG(s) 'example_params_trigger_ui' retrieved from /home/airflow/.local/lib/python3.12/site-packages/airflow/example_dags/example_params_trigger_ui.py
[2025-10-15T17:12:47.272+0000] {logging_mixin.py:188} INFO - [2025-10-15T17:12:47.272+0000] {dag.py:3089} INFO - Sync 1 DAGs
[2025-10-15T17:12:47.281+0000] {logging_mixin.py:188} INFO - [2025-10-15T17:12:47.281+0000] {dag.py:3947} INFO - Setting next_dagrun for example_params_trigger_ui to None, run_after=None
[2025-10-15T17:12:47.298+0000] {processor.py:183} INFO - Processing /home/airflow/.local/lib/python3.12/site-packages/airflow/example_dags/example_params_trigger_ui.py took 0.084 seconds
[2025-10-15T17:13:17.333+0000] {processor.py:161} INFO - Started process (PID=679) to work on /home/airflow/.local/lib/python3.12/site-packages/airflow/example_dags/example_params_trigger_ui.py
[2025-10-15T17:13:17.333+0000] {processor.py:830} INFO - Processing file /home/airflow/.local/lib/python3.12/site-packages/airflow/example_dags/example_params_trigger_ui.py for tasks to queue
[2025-10-15T17:13:17.335+0000] {logging_mixin.py:188} INFO - [2025-10-15T17:13:17.334+0000] {dagbag.py:545} INFO - Filling up the DagBag from /home/airflow/.local/lib/python3.12/site-packages/airflow/example_dags/example_params_trigger_ui.py
[2025-10-15T17:13:17.341+0000] {processor.py:840} INFO - DAG(s) 'example_params_trigger_ui' retrieved from /home/airflow/.local/lib/python3.12/site-packages/airflow/example_dags/example_params_trigger_ui.py
[2025-10-15T17:13:17.366+0000] {logging_mixin.py:188} INFO - [2025-10-15T17:13:17.366+0000] {dag.py:3089} INFO - Sync 1 DAGs
[2025-10-15T17:13:17.373+0000] {logging_mixin.py:188} INFO - [2025-10-15T17:13:17.373+0000] {dag.py:3947} INFO - Setting next_dagrun for example_params_trigger_ui to None, run_after=None
[2025-10-15T17:13:17.382+0000] {processor.py:183} INFO - Processing /home/airflow/.local/lib/python3.12/site-packages/airflow/example_dags/example_params_trigger_ui.py took 0.054 seconds
[2025-10-15T17:13:48.350+0000] {processor.py:161} INFO - Started process (PID=737) to work on /home/airflow/.local/lib/python3.12/site-packages/airflow/example_dags/example_params_trigger_ui.py
[2025-10-15T17:13:48.351+0000] {processor.py:830} INFO - Processing file /home/airflow/.local/lib/python3.12/site-packages/airflow/example_dags/example_params_trigger_ui.py for tasks to queue
[2025-10-15T17:13:48.353+0000] {logging_mixin.py:188} INFO - [2025-10-15T17:13:48.352+0000] {dagbag.py:545} INFO - Filling up the DagBag from /home/airflow/.local/lib/python3.12/site-packages/airflow/example_dags/example_params_trigger_ui.py
[2025-10-15T17:13:48.360+0000] {processor.py:840} INFO - DAG(s) 'example_params_trigger_ui' retrieved from /home/airflow/.local/lib/python3.12/site-packages/airflow/example_dags/example_params_trigger_ui.py
[2025-10-15T17:13:48.387+0000] {logging_mixin.py:188} INFO - [2025-10-15T17:13:48.387+0000] {dag.py:3089} INFO - Sync 1 DAGs
[2025-10-15T17:13:48.394+0000] {logging_mixin.py:188} INFO - [2025-10-15T17:13:48.394+0000] {dag.py:3947} INFO - Setting next_dagrun for example_params_trigger_ui to None, run_after=None
[2025-10-15T17:13:48.404+0000] {processor.py:183} INFO - Processing /home/airflow/.local/lib/python3.12/site-packages/airflow/example_dags/example_params_trigger_ui.py took 0.059 seconds
[2025-10-15T17:14:18.688+0000] {processor.py:161} INFO - Started process (PID=795) to work on /home/airflow/.local/lib/python3.12/site-packages/airflow/example_dags/example_params_trigger_ui.py
[2025-10-15T17:14:18.691+0000] {processor.py:830} INFO - Processing file /home/airflow/.local/lib/python3.12/site-packages/airflow/example_dags/example_params_trigger_ui.py for tasks to queue
[2025-10-15T17:14:18.692+0000] {logging_mixin.py:188} INFO - [2025-10-15T17:14:18.692+0000] {dagbag.py:545} INFO - Filling up the DagBag from /home/airflow/.local/lib/python3.12/site-packages/airflow/example_dags/example_params_trigger_ui.py
[2025-10-15T17:14:18.699+0000] {processor.py:840} INFO - DAG(s) 'example_params_trigger_ui' retrieved from /home/airflow/.local/lib/python3.12/site-packages/airflow/example_dags/example_params_trigger_ui.py
[2025-10-15T17:14:18.727+0000] {logging_mixin.py:188} INFO - [2025-10-15T17:14:18.727+0000] {dag.py:3089} INFO - Sync 1 DAGs
[2025-10-15T17:14:18.735+0000] {logging_mixin.py:188} INFO - [2025-10-15T17:14:18.735+0000] {dag.py:3947} INFO - Setting next_dagrun for example_params_trigger_ui to None, run_after=None
[2025-10-15T17:14:18.745+0000] {processor.py:183} INFO - Processing /home/airflow/.local/lib/python3.12/site-packages/airflow/example_dags/example_params_trigger_ui.py took 0.062 seconds
[2025-10-15T17:14:48.958+0000] {processor.py:161} INFO - Started process (PID=853) to work on /home/airflow/.local/lib/python3.12/site-packages/airflow/example_dags/example_params_trigger_ui.py
[2025-10-15T17:14:48.959+0000] {processor.py:830} INFO - Processing file /home/airflow/.local/lib/python3.12/site-packages/airflow/example_dags/example_params_trigger_ui.py for tasks to queue
[2025-10-15T17:14:48.960+0000] {logging_mixin.py:188} INFO - [2025-10-15T17:14:48.960+0000] {dagbag.py:545} INFO - Filling up the DagBag from /home/airflow/.local/lib/python3.12/site-packages/airflow/example_dags/example_params_trigger_ui.py
[2025-10-15T17:14:48.966+0000] {processor.py:840} INFO - DAG(s) 'example_params_trigger_ui' retrieved from /home/airflow/.local/lib/python3.12/site-packages/airflow/example_dags/example_params_trigger_ui.py
[2025-10-15T17:14:48.993+0000] {logging_mixin.py:188} INFO - [2025-10-15T17:14:48.993+0000] {dag.py:3089} INFO - Sync 1 DAGs
[2025-10-15T17:14:49.000+0000] {logging_mixin.py:188} INFO - [2025-10-15T17:14:48.999+0000] {dag.py:3947} INFO - Setting next_dagrun for example_params_trigger_ui to None, run_after=None
[2025-10-15T17:14:49.009+0000] {processor.py:183} INFO - Processing /home/airflow/.local/lib/python3.12/site-packages/airflow/example_dags/example_params_trigger_ui.py took 0.056 seconds
[2025-10-15T17:15:19.277+0000] {processor.py:161} INFO - Started process (PID=911) to work on /home/airflow/.local/lib/python3.12/site-packages/airflow/example_dags/example_params_trigger_ui.py
[2025-10-15T17:15:19.279+0000] {processor.py:830} INFO - Processing file /home/airflow/.local/lib/python3.12/site-packages/airflow/example_dags/example_params_trigger_ui.py for tasks to queue
[2025-10-15T17:15:19.280+0000] {logging_mixin.py:188} INFO - [2025-10-15T17:15:19.280+0000] {dagbag.py:545} INFO - Filling up the DagBag from /home/airflow/.local/lib/python3.12/site-packages/airflow/example_dags/example_params_trigger_ui.py
[2025-10-15T17:15:19.287+0000] {processor.py:840} INFO - DAG(s) 'example_params_trigger_ui' retrieved from /home/airflow/.local/lib/python3.12/site-packages/airflow/example_dags/example_params_trigger_ui.py
[2025-10-15T17:15:19.312+0000] {logging_mixin.py:188} INFO - [2025-10-15T17:15:19.312+0000] {dag.py:3089} INFO - Sync 1 DAGs
[2025-10-15T17:15:19.319+0000] {logging_mixin.py:188} INFO - [2025-10-15T17:15:19.319+0000] {dag.py:3947} INFO - Setting next_dagrun for example_params_trigger_ui to None, run_after=None
[2025-10-15T17:15:19.329+0000] {processor.py:183} INFO - Processing /home/airflow/.local/lib/python3.12/site-packages/airflow/example_dags/example_params_trigger_ui.py took 0.055 seconds
[2025-10-15T17:19:49.294+0000] {processor.py:161} INFO - Started process (PID=94) to work on /home/airflow/.local/lib/python3.12/site-packages/airflow/example_dags/example_params_trigger_ui.py
[2025-10-15T17:19:49.298+0000] {processor.py:830} INFO - Processing file /home/airflow/.local/lib/python3.12/site-packages/airflow/example_dags/example_params_trigger_ui.py for tasks to queue
[2025-10-15T17:19:49.301+0000] {logging_mixin.py:188} INFO - [2025-10-15T17:19:49.300+0000] {dagbag.py:545} INFO - Filling up the DagBag from /home/airflow/.local/lib/python3.12/site-packages/airflow/example_dags/example_params_trigger_ui.py
[2025-10-15T17:19:49.319+0000] {processor.py:840} INFO - DAG(s) 'example_params_trigger_ui' retrieved from /home/airflow/.local/lib/python3.12/site-packages/airflow/example_dags/example_params_trigger_ui.py
[2025-10-15T17:19:49.453+0000] {logging_mixin.py:188} INFO - [2025-10-15T17:19:49.453+0000] {dag.py:3089} INFO - Sync 1 DAGs
[2025-10-15T17:19:49.465+0000] {logging_mixin.py:188} INFO - [2025-10-15T17:19:49.465+0000] {dag.py:3947} INFO - Setting next_dagrun for example_params_trigger_ui to None, run_after=None
[2025-10-15T17:19:49.496+0000] {processor.py:183} INFO - Processing /home/airflow/.local/lib/python3.12/site-packages/airflow/example_dags/example_params_trigger_ui.py took 0.207 seconds
[2025-10-15T17:20:20.199+0000] {processor.py:161} INFO - Started process (PID=152) to work on /home/airflow/.local/lib/python3.12/site-packages/airflow/example_dags/example_params_trigger_ui.py
[2025-10-15T17:20:20.200+0000] {processor.py:830} INFO - Processing file /home/airflow/.local/lib/python3.12/site-packages/airflow/example_dags/example_params_trigger_ui.py for tasks to queue
[2025-10-15T17:20:20.201+0000] {logging_mixin.py:188} INFO - [2025-10-15T17:20:20.201+0000] {dagbag.py:545} INFO - Filling up the DagBag from /home/airflow/.local/lib/python3.12/site-packages/airflow/example_dags/example_params_trigger_ui.py
[2025-10-15T17:20:20.210+0000] {processor.py:840} INFO - DAG(s) 'example_params_trigger_ui' retrieved from /home/airflow/.local/lib/python3.12/site-packages/airflow/example_dags/example_params_trigger_ui.py
[2025-10-15T17:20:20.243+0000] {logging_mixin.py:188} INFO - [2025-10-15T17:20:20.243+0000] {dag.py:3089} INFO - Sync 1 DAGs
[2025-10-15T17:20:20.253+0000] {logging_mixin.py:188} INFO - [2025-10-15T17:20:20.252+0000] {dag.py:3947} INFO - Setting next_dagrun for example_params_trigger_ui to None, run_after=None
[2025-10-15T17:20:20.267+0000] {processor.py:183} INFO - Processing /home/airflow/.local/lib/python3.12/site-packages/airflow/example_dags/example_params_trigger_ui.py took 0.074 seconds
[2025-10-15T17:20:50.872+0000] {processor.py:161} INFO - Started process (PID=210) to work on /home/airflow/.local/lib/python3.12/site-packages/airflow/example_dags/example_params_trigger_ui.py
[2025-10-15T17:20:50.873+0000] {processor.py:830} INFO - Processing file /home/airflow/.local/lib/python3.12/site-packages/airflow/example_dags/example_params_trigger_ui.py for tasks to queue
[2025-10-15T17:20:50.874+0000] {logging_mixin.py:188} INFO - [2025-10-15T17:20:50.874+0000] {dagbag.py:545} INFO - Filling up the DagBag from /home/airflow/.local/lib/python3.12/site-packages/airflow/example_dags/example_params_trigger_ui.py
[2025-10-15T17:20:50.880+0000] {processor.py:840} INFO - DAG(s) 'example_params_trigger_ui' retrieved from /home/airflow/.local/lib/python3.12/site-packages/airflow/example_dags/example_params_trigger_ui.py
[2025-10-15T17:20:50.905+0000] {logging_mixin.py:188} INFO - [2025-10-15T17:20:50.904+0000] {dag.py:3089} INFO - Sync 1 DAGs
[2025-10-15T17:20:50.912+0000] {logging_mixin.py:188} INFO - [2025-10-15T17:20:50.912+0000] {dag.py:3947} INFO - Setting next_dagrun for example_params_trigger_ui to None, run_after=None
[2025-10-15T17:20:50.922+0000] {processor.py:183} INFO - Processing /home/airflow/.local/lib/python3.12/site-packages/airflow/example_dags/example_params_trigger_ui.py took 0.054 seconds
[2025-10-15T17:21:21.852+0000] {processor.py:161} INFO - Started process (PID=268) to work on /home/airflow/.local/lib/python3.12/site-packages/airflow/example_dags/example_params_trigger_ui.py
[2025-10-15T17:21:21.853+0000] {processor.py:830} INFO - Processing file /home/airflow/.local/lib/python3.12/site-packages/airflow/example_dags/example_params_trigger_ui.py for tasks to queue
[2025-10-15T17:21:21.855+0000] {logging_mixin.py:188} INFO - [2025-10-15T17:21:21.855+0000] {dagbag.py:545} INFO - Filling up the DagBag from /home/airflow/.local/lib/python3.12/site-packages/airflow/example_dags/example_params_trigger_ui.py
[2025-10-15T17:21:21.865+0000] {processor.py:840} INFO - DAG(s) 'example_params_trigger_ui' retrieved from /home/airflow/.local/lib/python3.12/site-packages/airflow/example_dags/example_params_trigger_ui.py
[2025-10-15T17:21:21.905+0000] {logging_mixin.py:188} INFO - [2025-10-15T17:21:21.905+0000] {dag.py:3089} INFO - Sync 1 DAGs
[2025-10-15T17:21:21.917+0000] {logging_mixin.py:188} INFO - [2025-10-15T17:21:21.916+0000] {dag.py:3947} INFO - Setting next_dagrun for example_params_trigger_ui to None, run_after=None
[2025-10-15T17:21:21.934+0000] {processor.py:183} INFO - Processing /home/airflow/.local/lib/python3.12/site-packages/airflow/example_dags/example_params_trigger_ui.py took 0.088 seconds
[2025-10-15T17:21:52.953+0000] {processor.py:161} INFO - Started process (PID=326) to work on /home/airflow/.local/lib/python3.12/site-packages/airflow/example_dags/example_params_trigger_ui.py
[2025-10-15T17:21:52.954+0000] {processor.py:830} INFO - Processing file /home/airflow/.local/lib/python3.12/site-packages/airflow/example_dags/example_params_trigger_ui.py for tasks to queue
[2025-10-15T17:21:52.956+0000] {logging_mixin.py:188} INFO - [2025-10-15T17:21:52.955+0000] {dagbag.py:545} INFO - Filling up the DagBag from /home/airflow/.local/lib/python3.12/site-packages/airflow/example_dags/example_params_trigger_ui.py
[2025-10-15T17:21:52.961+0000] {processor.py:840} INFO - DAG(s) 'example_params_trigger_ui' retrieved from /home/airflow/.local/lib/python3.12/site-packages/airflow/example_dags/example_params_trigger_ui.py
[2025-10-15T17:21:53.003+0000] {logging_mixin.py:188} INFO - [2025-10-15T17:21:53.003+0000] {dag.py:3089} INFO - Sync 1 DAGs
[2025-10-15T17:21:53.014+0000] {logging_mixin.py:188} INFO - [2025-10-15T17:21:53.014+0000] {dag.py:3947} INFO - Setting next_dagrun for example_params_trigger_ui to None, run_after=None
[2025-10-15T17:21:53.037+0000] {processor.py:183} INFO - Processing /home/airflow/.local/lib/python3.12/site-packages/airflow/example_dags/example_params_trigger_ui.py took 0.089 seconds
[2025-10-15T17:22:23.820+0000] {processor.py:161} INFO - Started process (PID=384) to work on /home/airflow/.local/lib/python3.12/site-packages/airflow/example_dags/example_params_trigger_ui.py
[2025-10-15T17:22:23.821+0000] {processor.py:830} INFO - Processing file /home/airflow/.local/lib/python3.12/site-packages/airflow/example_dags/example_params_trigger_ui.py for tasks to queue
[2025-10-15T17:22:23.822+0000] {logging_mixin.py:188} INFO - [2025-10-15T17:22:23.822+0000] {dagbag.py:545} INFO - Filling up the DagBag from /home/airflow/.local/lib/python3.12/site-packages/airflow/example_dags/example_params_trigger_ui.py
[2025-10-15T17:22:23.828+0000] {processor.py:840} INFO - DAG(s) 'example_params_trigger_ui' retrieved from /home/airflow/.local/lib/python3.12/site-packages/airflow/example_dags/example_params_trigger_ui.py
[2025-10-15T17:22:23.852+0000] {logging_mixin.py:188} INFO - [2025-10-15T17:22:23.852+0000] {dag.py:3089} INFO - Sync 1 DAGs
[2025-10-15T17:22:23.859+0000] {logging_mixin.py:188} INFO - [2025-10-15T17:22:23.859+0000] {dag.py:3947} INFO - Setting next_dagrun for example_params_trigger_ui to None, run_after=None
[2025-10-15T17:22:23.869+0000] {processor.py:183} INFO - Processing /home/airflow/.local/lib/python3.12/site-packages/airflow/example_dags/example_params_trigger_ui.py took 0.053 seconds
[2025-10-15T17:22:54.187+0000] {processor.py:161} INFO - Started process (PID=442) to work on /home/airflow/.local/lib/python3.12/site-packages/airflow/example_dags/example_params_trigger_ui.py
[2025-10-15T17:22:54.187+0000] {processor.py:830} INFO - Processing file /home/airflow/.local/lib/python3.12/site-packages/airflow/example_dags/example_params_trigger_ui.py for tasks to queue
[2025-10-15T17:22:54.189+0000] {logging_mixin.py:188} INFO - [2025-10-15T17:22:54.188+0000] {dagbag.py:545} INFO - Filling up the DagBag from /home/airflow/.local/lib/python3.12/site-packages/airflow/example_dags/example_params_trigger_ui.py
[2025-10-15T17:22:54.194+0000] {processor.py:840} INFO - DAG(s) 'example_params_trigger_ui' retrieved from /home/airflow/.local/lib/python3.12/site-packages/airflow/example_dags/example_params_trigger_ui.py
[2025-10-15T17:22:54.218+0000] {logging_mixin.py:188} INFO - [2025-10-15T17:22:54.217+0000] {dag.py:3089} INFO - Sync 1 DAGs
[2025-10-15T17:22:54.224+0000] {logging_mixin.py:188} INFO - [2025-10-15T17:22:54.224+0000] {dag.py:3947} INFO - Setting next_dagrun for example_params_trigger_ui to None, run_after=None
[2025-10-15T17:22:54.234+0000] {processor.py:183} INFO - Processing /home/airflow/.local/lib/python3.12/site-packages/airflow/example_dags/example_params_trigger_ui.py took 0.051 seconds
[2025-10-15T17:23:25.064+0000] {processor.py:161} INFO - Started process (PID=500) to work on /home/airflow/.local/lib/python3.12/site-packages/airflow/example_dags/example_params_trigger_ui.py
[2025-10-15T17:23:25.065+0000] {processor.py:830} INFO - Processing file /home/airflow/.local/lib/python3.12/site-packages/airflow/example_dags/example_params_trigger_ui.py for tasks to queue
[2025-10-15T17:23:25.066+0000] {logging_mixin.py:188} INFO - [2025-10-15T17:23:25.066+0000] {dagbag.py:545} INFO - Filling up the DagBag from /home/airflow/.local/lib/python3.12/site-packages/airflow/example_dags/example_params_trigger_ui.py
[2025-10-15T17:23:25.072+0000] {processor.py:840} INFO - DAG(s) 'example_params_trigger_ui' retrieved from /home/airflow/.local/lib/python3.12/site-packages/airflow/example_dags/example_params_trigger_ui.py
[2025-10-15T17:23:25.101+0000] {logging_mixin.py:188} INFO - [2025-10-15T17:23:25.101+0000] {dag.py:3089} INFO - Sync 1 DAGs
[2025-10-15T17:23:25.109+0000] {logging_mixin.py:188} INFO - [2025-10-15T17:23:25.108+0000] {dag.py:3947} INFO - Setting next_dagrun for example_params_trigger_ui to None, run_after=None
[2025-10-15T17:23:25.123+0000] {processor.py:183} INFO - Processing /home/airflow/.local/lib/python3.12/site-packages/airflow/example_dags/example_params_trigger_ui.py took 0.062 seconds
[2025-10-15T17:23:55.465+0000] {processor.py:161} INFO - Started process (PID=558) to work on /home/airflow/.local/lib/python3.12/site-packages/airflow/example_dags/example_params_trigger_ui.py
[2025-10-15T17:23:55.467+0000] {processor.py:830} INFO - Processing file /home/airflow/.local/lib/python3.12/site-packages/airflow/example_dags/example_params_trigger_ui.py for tasks to queue
[2025-10-15T17:23:55.469+0000] {logging_mixin.py:188} INFO - [2025-10-15T17:23:55.469+0000] {dagbag.py:545} INFO - Filling up the DagBag from /home/airflow/.local/lib/python3.12/site-packages/airflow/example_dags/example_params_trigger_ui.py
[2025-10-15T17:23:55.478+0000] {processor.py:840} INFO - DAG(s) 'example_params_trigger_ui' retrieved from /home/airflow/.local/lib/python3.12/site-packages/airflow/example_dags/example_params_trigger_ui.py
[2025-10-15T17:23:55.523+0000] {logging_mixin.py:188} INFO - [2025-10-15T17:23:55.523+0000] {dag.py:3089} INFO - Sync 1 DAGs
[2025-10-15T17:23:55.533+0000] {logging_mixin.py:188} INFO - [2025-10-15T17:23:55.533+0000] {dag.py:3947} INFO - Setting next_dagrun for example_params_trigger_ui to None, run_after=None
[2025-10-15T17:23:55.548+0000] {processor.py:183} INFO - Processing /home/airflow/.local/lib/python3.12/site-packages/airflow/example_dags/example_params_trigger_ui.py took 0.088 seconds
[2025-10-15T17:24:26.276+0000] {processor.py:161} INFO - Started process (PID=616) to work on /home/airflow/.local/lib/python3.12/site-packages/airflow/example_dags/example_params_trigger_ui.py
[2025-10-15T17:24:26.277+0000] {processor.py:830} INFO - Processing file /home/airflow/.local/lib/python3.12/site-packages/airflow/example_dags/example_params_trigger_ui.py for tasks to queue
[2025-10-15T17:24:26.278+0000] {logging_mixin.py:188} INFO - [2025-10-15T17:24:26.278+0000] {dagbag.py:545} INFO - Filling up the DagBag from /home/airflow/.local/lib/python3.12/site-packages/airflow/example_dags/example_params_trigger_ui.py
[2025-10-15T17:24:26.286+0000] {processor.py:840} INFO - DAG(s) 'example_params_trigger_ui' retrieved from /home/airflow/.local/lib/python3.12/site-packages/airflow/example_dags/example_params_trigger_ui.py
[2025-10-15T17:24:26.317+0000] {logging_mixin.py:188} INFO - [2025-10-15T17:24:26.317+0000] {dag.py:3089} INFO - Sync 1 DAGs
[2025-10-15T17:24:26.327+0000] {logging_mixin.py:188} INFO - [2025-10-15T17:24:26.327+0000] {dag.py:3947} INFO - Setting next_dagrun for example_params_trigger_ui to None, run_after=None
[2025-10-15T17:24:26.341+0000] {processor.py:183} INFO - Processing /home/airflow/.local/lib/python3.12/site-packages/airflow/example_dags/example_params_trigger_ui.py took 0.070 seconds
