[2025-10-15T17:08:09.000+0000] {processor.py:161} INFO - Started process (PID=82) to work on /home/airflow/.local/lib/python3.12/site-packages/airflow/example_dags/example_bash_decorator.py
[2025-10-15T17:08:09.001+0000] {processor.py:830} INFO - Processing file /home/airflow/.local/lib/python3.12/site-packages/airflow/example_dags/example_bash_decorator.py for tasks to queue
[2025-10-15T17:08:09.003+0000] {logging_mixin.py:188} INFO - [2025-10-15T17:08:09.003+0000] {dagbag.py:545} INFO - Filling up the DagBag from /home/airflow/.local/lib/python3.12/site-packages/airflow/example_dags/example_bash_decorator.py
[2025-10-15T17:08:09.023+0000] {processor.py:840} INFO - DAG(s) 'example_bash_decorator' retrieved from /home/airflow/.local/lib/python3.12/site-packages/airflow/example_dags/example_bash_decorator.py
[2025-10-15T17:08:09.108+0000] {logging_mixin.py:188} INFO - [2025-10-15T17:08:09.107+0000] {override.py:1858} INFO - Created Permission View: can edit on DAG:example_bash_decorator
[2025-10-15T17:08:09.119+0000] {logging_mixin.py:188} INFO - [2025-10-15T17:08:09.118+0000] {override.py:1858} INFO - Created Permission View: can delete on DAG:example_bash_decorator
[2025-10-15T17:08:09.122+0000] {logging_mixin.py:188} INFO - [2025-10-15T17:08:09.122+0000] {override.py:1858} INFO - Created Permission View: can read on DAG:example_bash_decorator
[2025-10-15T17:08:09.123+0000] {logging_mixin.py:188} INFO - [2025-10-15T17:08:09.123+0000] {dag.py:3089} INFO - Sync 1 DAGs
[2025-10-15T17:08:09.135+0000] {logging_mixin.py:188} INFO - [2025-10-15T17:08:09.135+0000] {dag.py:3111} INFO - Creating ORM DAG for example_bash_decorator
[2025-10-15T17:08:09.136+0000] {logging_mixin.py:188} INFO - [2025-10-15T17:08:09.136+0000] {dag.py:3947} INFO - Setting next_dagrun for example_bash_decorator to None, run_after=None
[2025-10-15T17:08:09.150+0000] {processor.py:183} INFO - Processing /home/airflow/.local/lib/python3.12/site-packages/airflow/example_dags/example_bash_decorator.py took 0.154 seconds
[2025-10-15T17:08:40.071+0000] {processor.py:161} INFO - Started process (PID=140) to work on /home/airflow/.local/lib/python3.12/site-packages/airflow/example_dags/example_bash_decorator.py
[2025-10-15T17:08:40.072+0000] {processor.py:830} INFO - Processing file /home/airflow/.local/lib/python3.12/site-packages/airflow/example_dags/example_bash_decorator.py for tasks to queue
[2025-10-15T17:08:40.074+0000] {logging_mixin.py:188} INFO - [2025-10-15T17:08:40.073+0000] {dagbag.py:545} INFO - Filling up the DagBag from /home/airflow/.local/lib/python3.12/site-packages/airflow/example_dags/example_bash_decorator.py
[2025-10-15T17:08:40.083+0000] {processor.py:840} INFO - DAG(s) 'example_bash_decorator' retrieved from /home/airflow/.local/lib/python3.12/site-packages/airflow/example_dags/example_bash_decorator.py
[2025-10-15T17:08:40.102+0000] {logging_mixin.py:188} INFO - [2025-10-15T17:08:40.102+0000] {dag.py:3089} INFO - Sync 1 DAGs
[2025-10-15T17:08:40.113+0000] {logging_mixin.py:188} INFO - [2025-10-15T17:08:40.113+0000] {dag.py:3947} INFO - Setting next_dagrun for example_bash_decorator to None, run_after=None
[2025-10-15T17:08:40.130+0000] {processor.py:183} INFO - Processing /home/airflow/.local/lib/python3.12/site-packages/airflow/example_dags/example_bash_decorator.py took 0.063 seconds
[2025-10-15T17:09:10.785+0000] {processor.py:161} INFO - Started process (PID=198) to work on /home/airflow/.local/lib/python3.12/site-packages/airflow/example_dags/example_bash_decorator.py
[2025-10-15T17:09:10.786+0000] {processor.py:830} INFO - Processing file /home/airflow/.local/lib/python3.12/site-packages/airflow/example_dags/example_bash_decorator.py for tasks to queue
[2025-10-15T17:09:10.792+0000] {logging_mixin.py:188} INFO - [2025-10-15T17:09:10.792+0000] {dagbag.py:545} INFO - Filling up the DagBag from /home/airflow/.local/lib/python3.12/site-packages/airflow/example_dags/example_bash_decorator.py
[2025-10-15T17:09:10.813+0000] {processor.py:840} INFO - DAG(s) 'example_bash_decorator' retrieved from /home/airflow/.local/lib/python3.12/site-packages/airflow/example_dags/example_bash_decorator.py
[2025-10-15T17:09:10.856+0000] {logging_mixin.py:188} INFO - [2025-10-15T17:09:10.845+0000] {dag.py:3089} INFO - Sync 1 DAGs
[2025-10-15T17:09:10.922+0000] {logging_mixin.py:188} INFO - [2025-10-15T17:09:10.921+0000] {dag.py:3947} INFO - Setting next_dagrun for example_bash_decorator to None, run_after=None
[2025-10-15T17:09:10.966+0000] {processor.py:183} INFO - Processing /home/airflow/.local/lib/python3.12/site-packages/airflow/example_dags/example_bash_decorator.py took 0.188 seconds
[2025-10-15T17:09:41.608+0000] {processor.py:161} INFO - Started process (PID=256) to work on /home/airflow/.local/lib/python3.12/site-packages/airflow/example_dags/example_bash_decorator.py
[2025-10-15T17:09:41.608+0000] {processor.py:830} INFO - Processing file /home/airflow/.local/lib/python3.12/site-packages/airflow/example_dags/example_bash_decorator.py for tasks to queue
[2025-10-15T17:09:41.610+0000] {logging_mixin.py:188} INFO - [2025-10-15T17:09:41.609+0000] {dagbag.py:545} INFO - Filling up the DagBag from /home/airflow/.local/lib/python3.12/site-packages/airflow/example_dags/example_bash_decorator.py
[2025-10-15T17:09:41.621+0000] {processor.py:840} INFO - DAG(s) 'example_bash_decorator' retrieved from /home/airflow/.local/lib/python3.12/site-packages/airflow/example_dags/example_bash_decorator.py
[2025-10-15T17:09:41.642+0000] {logging_mixin.py:188} INFO - [2025-10-15T17:09:41.642+0000] {dag.py:3089} INFO - Sync 1 DAGs
[2025-10-15T17:09:41.656+0000] {logging_mixin.py:188} INFO - [2025-10-15T17:09:41.656+0000] {dag.py:3947} INFO - Setting next_dagrun for example_bash_decorator to None, run_after=None
[2025-10-15T17:09:41.674+0000] {processor.py:183} INFO - Processing /home/airflow/.local/lib/python3.12/site-packages/airflow/example_dags/example_bash_decorator.py took 0.071 seconds
[2025-10-15T17:10:12.327+0000] {processor.py:161} INFO - Started process (PID=314) to work on /home/airflow/.local/lib/python3.12/site-packages/airflow/example_dags/example_bash_decorator.py
[2025-10-15T17:10:12.328+0000] {processor.py:830} INFO - Processing file /home/airflow/.local/lib/python3.12/site-packages/airflow/example_dags/example_bash_decorator.py for tasks to queue
[2025-10-15T17:10:12.329+0000] {logging_mixin.py:188} INFO - [2025-10-15T17:10:12.329+0000] {dagbag.py:545} INFO - Filling up the DagBag from /home/airflow/.local/lib/python3.12/site-packages/airflow/example_dags/example_bash_decorator.py
[2025-10-15T17:10:12.339+0000] {processor.py:840} INFO - DAG(s) 'example_bash_decorator' retrieved from /home/airflow/.local/lib/python3.12/site-packages/airflow/example_dags/example_bash_decorator.py
[2025-10-15T17:10:12.365+0000] {logging_mixin.py:188} INFO - [2025-10-15T17:10:12.365+0000] {dag.py:3089} INFO - Sync 1 DAGs
[2025-10-15T17:10:12.377+0000] {logging_mixin.py:188} INFO - [2025-10-15T17:10:12.377+0000] {dag.py:3947} INFO - Setting next_dagrun for example_bash_decorator to None, run_after=None
[2025-10-15T17:10:12.398+0000] {processor.py:183} INFO - Processing /home/airflow/.local/lib/python3.12/site-packages/airflow/example_dags/example_bash_decorator.py took 0.077 seconds
[2025-10-15T17:10:42.517+0000] {processor.py:161} INFO - Started process (PID=372) to work on /home/airflow/.local/lib/python3.12/site-packages/airflow/example_dags/example_bash_decorator.py
[2025-10-15T17:10:42.517+0000] {processor.py:830} INFO - Processing file /home/airflow/.local/lib/python3.12/site-packages/airflow/example_dags/example_bash_decorator.py for tasks to queue
[2025-10-15T17:10:42.519+0000] {logging_mixin.py:188} INFO - [2025-10-15T17:10:42.518+0000] {dagbag.py:545} INFO - Filling up the DagBag from /home/airflow/.local/lib/python3.12/site-packages/airflow/example_dags/example_bash_decorator.py
[2025-10-15T17:10:42.531+0000] {processor.py:840} INFO - DAG(s) 'example_bash_decorator' retrieved from /home/airflow/.local/lib/python3.12/site-packages/airflow/example_dags/example_bash_decorator.py
[2025-10-15T17:10:42.546+0000] {logging_mixin.py:188} INFO - [2025-10-15T17:10:42.546+0000] {dag.py:3089} INFO - Sync 1 DAGs
[2025-10-15T17:10:42.556+0000] {logging_mixin.py:188} INFO - [2025-10-15T17:10:42.556+0000] {dag.py:3947} INFO - Setting next_dagrun for example_bash_decorator to None, run_after=None
[2025-10-15T17:10:42.573+0000] {processor.py:183} INFO - Processing /home/airflow/.local/lib/python3.12/site-packages/airflow/example_dags/example_bash_decorator.py took 0.060 seconds
[2025-10-15T17:11:12.911+0000] {processor.py:161} INFO - Started process (PID=430) to work on /home/airflow/.local/lib/python3.12/site-packages/airflow/example_dags/example_bash_decorator.py
[2025-10-15T17:11:12.912+0000] {processor.py:830} INFO - Processing file /home/airflow/.local/lib/python3.12/site-packages/airflow/example_dags/example_bash_decorator.py for tasks to queue
[2025-10-15T17:11:12.913+0000] {logging_mixin.py:188} INFO - [2025-10-15T17:11:12.913+0000] {dagbag.py:545} INFO - Filling up the DagBag from /home/airflow/.local/lib/python3.12/site-packages/airflow/example_dags/example_bash_decorator.py
[2025-10-15T17:11:12.923+0000] {processor.py:840} INFO - DAG(s) 'example_bash_decorator' retrieved from /home/airflow/.local/lib/python3.12/site-packages/airflow/example_dags/example_bash_decorator.py
[2025-10-15T17:11:12.940+0000] {logging_mixin.py:188} INFO - [2025-10-15T17:11:12.940+0000] {dag.py:3089} INFO - Sync 1 DAGs
[2025-10-15T17:11:12.953+0000] {logging_mixin.py:188} INFO - [2025-10-15T17:11:12.953+0000] {dag.py:3947} INFO - Setting next_dagrun for example_bash_decorator to None, run_after=None
[2025-10-15T17:11:12.971+0000] {processor.py:183} INFO - Processing /home/airflow/.local/lib/python3.12/site-packages/airflow/example_dags/example_bash_decorator.py took 0.066 seconds
[2025-10-15T17:11:43.331+0000] {processor.py:161} INFO - Started process (PID=488) to work on /home/airflow/.local/lib/python3.12/site-packages/airflow/example_dags/example_bash_decorator.py
[2025-10-15T17:11:43.332+0000] {processor.py:830} INFO - Processing file /home/airflow/.local/lib/python3.12/site-packages/airflow/example_dags/example_bash_decorator.py for tasks to queue
[2025-10-15T17:11:43.335+0000] {logging_mixin.py:188} INFO - [2025-10-15T17:11:43.335+0000] {dagbag.py:545} INFO - Filling up the DagBag from /home/airflow/.local/lib/python3.12/site-packages/airflow/example_dags/example_bash_decorator.py
[2025-10-15T17:11:43.352+0000] {processor.py:840} INFO - DAG(s) 'example_bash_decorator' retrieved from /home/airflow/.local/lib/python3.12/site-packages/airflow/example_dags/example_bash_decorator.py
[2025-10-15T17:11:43.374+0000] {logging_mixin.py:188} INFO - [2025-10-15T17:11:43.374+0000] {dag.py:3089} INFO - Sync 1 DAGs
[2025-10-15T17:11:43.384+0000] {logging_mixin.py:188} INFO - [2025-10-15T17:11:43.384+0000] {dag.py:3947} INFO - Setting next_dagrun for example_bash_decorator to None, run_after=None
[2025-10-15T17:11:43.409+0000] {processor.py:183} INFO - Processing /home/airflow/.local/lib/python3.12/site-packages/airflow/example_dags/example_bash_decorator.py took 0.088 seconds
[2025-10-15T17:12:13.712+0000] {processor.py:161} INFO - Started process (PID=546) to work on /home/airflow/.local/lib/python3.12/site-packages/airflow/example_dags/example_bash_decorator.py
[2025-10-15T17:12:13.713+0000] {processor.py:830} INFO - Processing file /home/airflow/.local/lib/python3.12/site-packages/airflow/example_dags/example_bash_decorator.py for tasks to queue
[2025-10-15T17:12:13.714+0000] {logging_mixin.py:188} INFO - [2025-10-15T17:12:13.714+0000] {dagbag.py:545} INFO - Filling up the DagBag from /home/airflow/.local/lib/python3.12/site-packages/airflow/example_dags/example_bash_decorator.py
[2025-10-15T17:12:13.723+0000] {processor.py:840} INFO - DAG(s) 'example_bash_decorator' retrieved from /home/airflow/.local/lib/python3.12/site-packages/airflow/example_dags/example_bash_decorator.py
[2025-10-15T17:12:13.742+0000] {logging_mixin.py:188} INFO - [2025-10-15T17:12:13.742+0000] {dag.py:3089} INFO - Sync 1 DAGs
[2025-10-15T17:12:13.751+0000] {logging_mixin.py:188} INFO - [2025-10-15T17:12:13.751+0000] {dag.py:3947} INFO - Setting next_dagrun for example_bash_decorator to None, run_after=None
[2025-10-15T17:12:13.769+0000] {processor.py:183} INFO - Processing /home/airflow/.local/lib/python3.12/site-packages/airflow/example_dags/example_bash_decorator.py took 0.061 seconds
[2025-10-15T17:12:44.281+0000] {processor.py:161} INFO - Started process (PID=604) to work on /home/airflow/.local/lib/python3.12/site-packages/airflow/example_dags/example_bash_decorator.py
[2025-10-15T17:12:44.282+0000] {processor.py:830} INFO - Processing file /home/airflow/.local/lib/python3.12/site-packages/airflow/example_dags/example_bash_decorator.py for tasks to queue
[2025-10-15T17:12:44.283+0000] {logging_mixin.py:188} INFO - [2025-10-15T17:12:44.283+0000] {dagbag.py:545} INFO - Filling up the DagBag from /home/airflow/.local/lib/python3.12/site-packages/airflow/example_dags/example_bash_decorator.py
[2025-10-15T17:12:44.297+0000] {processor.py:840} INFO - DAG(s) 'example_bash_decorator' retrieved from /home/airflow/.local/lib/python3.12/site-packages/airflow/example_dags/example_bash_decorator.py
[2025-10-15T17:12:44.324+0000] {logging_mixin.py:188} INFO - [2025-10-15T17:12:44.324+0000] {dag.py:3089} INFO - Sync 1 DAGs
[2025-10-15T17:12:44.334+0000] {logging_mixin.py:188} INFO - [2025-10-15T17:12:44.334+0000] {dag.py:3947} INFO - Setting next_dagrun for example_bash_decorator to None, run_after=None
[2025-10-15T17:12:44.354+0000] {processor.py:183} INFO - Processing /home/airflow/.local/lib/python3.12/site-packages/airflow/example_dags/example_bash_decorator.py took 0.079 seconds
[2025-10-15T17:13:14.654+0000] {processor.py:161} INFO - Started process (PID=662) to work on /home/airflow/.local/lib/python3.12/site-packages/airflow/example_dags/example_bash_decorator.py
[2025-10-15T17:13:14.656+0000] {processor.py:830} INFO - Processing file /home/airflow/.local/lib/python3.12/site-packages/airflow/example_dags/example_bash_decorator.py for tasks to queue
[2025-10-15T17:13:14.659+0000] {logging_mixin.py:188} INFO - [2025-10-15T17:13:14.659+0000] {dagbag.py:545} INFO - Filling up the DagBag from /home/airflow/.local/lib/python3.12/site-packages/airflow/example_dags/example_bash_decorator.py
[2025-10-15T17:13:14.671+0000] {processor.py:840} INFO - DAG(s) 'example_bash_decorator' retrieved from /home/airflow/.local/lib/python3.12/site-packages/airflow/example_dags/example_bash_decorator.py
[2025-10-15T17:13:14.686+0000] {logging_mixin.py:188} INFO - [2025-10-15T17:13:14.686+0000] {dag.py:3089} INFO - Sync 1 DAGs
[2025-10-15T17:13:14.697+0000] {logging_mixin.py:188} INFO - [2025-10-15T17:13:14.697+0000] {dag.py:3947} INFO - Setting next_dagrun for example_bash_decorator to None, run_after=None
[2025-10-15T17:13:14.707+0000] {processor.py:183} INFO - Processing /home/airflow/.local/lib/python3.12/site-packages/airflow/example_dags/example_bash_decorator.py took 0.060 seconds
[2025-10-15T17:13:45.633+0000] {processor.py:161} INFO - Started process (PID=720) to work on /home/airflow/.local/lib/python3.12/site-packages/airflow/example_dags/example_bash_decorator.py
[2025-10-15T17:13:45.634+0000] {processor.py:830} INFO - Processing file /home/airflow/.local/lib/python3.12/site-packages/airflow/example_dags/example_bash_decorator.py for tasks to queue
[2025-10-15T17:13:45.639+0000] {logging_mixin.py:188} INFO - [2025-10-15T17:13:45.638+0000] {dagbag.py:545} INFO - Filling up the DagBag from /home/airflow/.local/lib/python3.12/site-packages/airflow/example_dags/example_bash_decorator.py
[2025-10-15T17:13:45.659+0000] {processor.py:840} INFO - DAG(s) 'example_bash_decorator' retrieved from /home/airflow/.local/lib/python3.12/site-packages/airflow/example_dags/example_bash_decorator.py
[2025-10-15T17:13:45.688+0000] {logging_mixin.py:188} INFO - [2025-10-15T17:13:45.687+0000] {dag.py:3089} INFO - Sync 1 DAGs
[2025-10-15T17:13:45.698+0000] {logging_mixin.py:188} INFO - [2025-10-15T17:13:45.698+0000] {dag.py:3947} INFO - Setting next_dagrun for example_bash_decorator to None, run_after=None
[2025-10-15T17:13:45.714+0000] {processor.py:183} INFO - Processing /home/airflow/.local/lib/python3.12/site-packages/airflow/example_dags/example_bash_decorator.py took 0.087 seconds
[2025-10-15T17:14:16.088+0000] {processor.py:161} INFO - Started process (PID=778) to work on /home/airflow/.local/lib/python3.12/site-packages/airflow/example_dags/example_bash_decorator.py
[2025-10-15T17:14:16.088+0000] {processor.py:830} INFO - Processing file /home/airflow/.local/lib/python3.12/site-packages/airflow/example_dags/example_bash_decorator.py for tasks to queue
[2025-10-15T17:14:16.090+0000] {logging_mixin.py:188} INFO - [2025-10-15T17:14:16.090+0000] {dagbag.py:545} INFO - Filling up the DagBag from /home/airflow/.local/lib/python3.12/site-packages/airflow/example_dags/example_bash_decorator.py
[2025-10-15T17:14:16.099+0000] {processor.py:840} INFO - DAG(s) 'example_bash_decorator' retrieved from /home/airflow/.local/lib/python3.12/site-packages/airflow/example_dags/example_bash_decorator.py
[2025-10-15T17:14:16.113+0000] {logging_mixin.py:188} INFO - [2025-10-15T17:14:16.113+0000] {dag.py:3089} INFO - Sync 1 DAGs
[2025-10-15T17:14:16.120+0000] {logging_mixin.py:188} INFO - [2025-10-15T17:14:16.120+0000] {dag.py:3947} INFO - Setting next_dagrun for example_bash_decorator to None, run_after=None
[2025-10-15T17:14:16.130+0000] {processor.py:183} INFO - Processing /home/airflow/.local/lib/python3.12/site-packages/airflow/example_dags/example_bash_decorator.py took 0.047 seconds
[2025-10-15T17:14:46.168+0000] {processor.py:161} INFO - Started process (PID=836) to work on /home/airflow/.local/lib/python3.12/site-packages/airflow/example_dags/example_bash_decorator.py
[2025-10-15T17:14:46.168+0000] {processor.py:830} INFO - Processing file /home/airflow/.local/lib/python3.12/site-packages/airflow/example_dags/example_bash_decorator.py for tasks to queue
[2025-10-15T17:14:46.170+0000] {logging_mixin.py:188} INFO - [2025-10-15T17:14:46.169+0000] {dagbag.py:545} INFO - Filling up the DagBag from /home/airflow/.local/lib/python3.12/site-packages/airflow/example_dags/example_bash_decorator.py
[2025-10-15T17:14:46.180+0000] {processor.py:840} INFO - DAG(s) 'example_bash_decorator' retrieved from /home/airflow/.local/lib/python3.12/site-packages/airflow/example_dags/example_bash_decorator.py
[2025-10-15T17:14:46.195+0000] {logging_mixin.py:188} INFO - [2025-10-15T17:14:46.194+0000] {dag.py:3089} INFO - Sync 1 DAGs
[2025-10-15T17:14:46.202+0000] {logging_mixin.py:188} INFO - [2025-10-15T17:14:46.202+0000] {dag.py:3947} INFO - Setting next_dagrun for example_bash_decorator to None, run_after=None
[2025-10-15T17:14:46.213+0000] {processor.py:183} INFO - Processing /home/airflow/.local/lib/python3.12/site-packages/airflow/example_dags/example_bash_decorator.py took 0.049 seconds
[2025-10-15T17:15:16.513+0000] {processor.py:161} INFO - Started process (PID=894) to work on /home/airflow/.local/lib/python3.12/site-packages/airflow/example_dags/example_bash_decorator.py
[2025-10-15T17:15:16.514+0000] {processor.py:830} INFO - Processing file /home/airflow/.local/lib/python3.12/site-packages/airflow/example_dags/example_bash_decorator.py for tasks to queue
[2025-10-15T17:15:16.515+0000] {logging_mixin.py:188} INFO - [2025-10-15T17:15:16.515+0000] {dagbag.py:545} INFO - Filling up the DagBag from /home/airflow/.local/lib/python3.12/site-packages/airflow/example_dags/example_bash_decorator.py
[2025-10-15T17:15:16.524+0000] {processor.py:840} INFO - DAG(s) 'example_bash_decorator' retrieved from /home/airflow/.local/lib/python3.12/site-packages/airflow/example_dags/example_bash_decorator.py
[2025-10-15T17:15:16.538+0000] {logging_mixin.py:188} INFO - [2025-10-15T17:15:16.538+0000] {dag.py:3089} INFO - Sync 1 DAGs
[2025-10-15T17:15:16.545+0000] {logging_mixin.py:188} INFO - [2025-10-15T17:15:16.545+0000] {dag.py:3947} INFO - Setting next_dagrun for example_bash_decorator to None, run_after=None
[2025-10-15T17:15:16.555+0000] {processor.py:183} INFO - Processing /home/airflow/.local/lib/python3.12/site-packages/airflow/example_dags/example_bash_decorator.py took 0.047 seconds
[2025-10-15T17:19:47.116+0000] {processor.py:161} INFO - Started process (PID=77) to work on /home/airflow/.local/lib/python3.12/site-packages/airflow/example_dags/example_bash_decorator.py
[2025-10-15T17:19:47.117+0000] {processor.py:830} INFO - Processing file /home/airflow/.local/lib/python3.12/site-packages/airflow/example_dags/example_bash_decorator.py for tasks to queue
[2025-10-15T17:19:47.121+0000] {logging_mixin.py:188} INFO - [2025-10-15T17:19:47.121+0000] {dagbag.py:545} INFO - Filling up the DagBag from /home/airflow/.local/lib/python3.12/site-packages/airflow/example_dags/example_bash_decorator.py
[2025-10-15T17:19:47.157+0000] {processor.py:840} INFO - DAG(s) 'example_bash_decorator' retrieved from /home/airflow/.local/lib/python3.12/site-packages/airflow/example_dags/example_bash_decorator.py
[2025-10-15T17:19:47.396+0000] {logging_mixin.py:188} INFO - [2025-10-15T17:19:47.395+0000] {dag.py:3089} INFO - Sync 1 DAGs
[2025-10-15T17:19:47.425+0000] {logging_mixin.py:188} INFO - [2025-10-15T17:19:47.424+0000] {dag.py:3947} INFO - Setting next_dagrun for example_bash_decorator to None, run_after=None
[2025-10-15T17:19:47.479+0000] {processor.py:183} INFO - Processing /home/airflow/.local/lib/python3.12/site-packages/airflow/example_dags/example_bash_decorator.py took 0.388 seconds
[2025-10-15T17:20:18.429+0000] {processor.py:161} INFO - Started process (PID=135) to work on /home/airflow/.local/lib/python3.12/site-packages/airflow/example_dags/example_bash_decorator.py
[2025-10-15T17:20:18.432+0000] {processor.py:830} INFO - Processing file /home/airflow/.local/lib/python3.12/site-packages/airflow/example_dags/example_bash_decorator.py for tasks to queue
[2025-10-15T17:20:18.436+0000] {logging_mixin.py:188} INFO - [2025-10-15T17:20:18.435+0000] {dagbag.py:545} INFO - Filling up the DagBag from /home/airflow/.local/lib/python3.12/site-packages/airflow/example_dags/example_bash_decorator.py
[2025-10-15T17:20:18.473+0000] {processor.py:840} INFO - DAG(s) 'example_bash_decorator' retrieved from /home/airflow/.local/lib/python3.12/site-packages/airflow/example_dags/example_bash_decorator.py
[2025-10-15T17:20:18.859+0000] {logging_mixin.py:188} INFO - [2025-10-15T17:20:18.858+0000] {dag.py:3089} INFO - Sync 1 DAGs
[2025-10-15T17:20:18.940+0000] {logging_mixin.py:188} INFO - [2025-10-15T17:20:18.940+0000] {dag.py:3947} INFO - Setting next_dagrun for example_bash_decorator to None, run_after=None
[2025-10-15T17:20:19.089+0000] {processor.py:183} INFO - Processing /home/airflow/.local/lib/python3.12/site-packages/airflow/example_dags/example_bash_decorator.py took 0.668 seconds
[2025-10-15T17:20:49.149+0000] {processor.py:161} INFO - Started process (PID=193) to work on /home/airflow/.local/lib/python3.12/site-packages/airflow/example_dags/example_bash_decorator.py
[2025-10-15T17:20:49.150+0000] {processor.py:830} INFO - Processing file /home/airflow/.local/lib/python3.12/site-packages/airflow/example_dags/example_bash_decorator.py for tasks to queue
[2025-10-15T17:20:49.151+0000] {logging_mixin.py:188} INFO - [2025-10-15T17:20:49.151+0000] {dagbag.py:545} INFO - Filling up the DagBag from /home/airflow/.local/lib/python3.12/site-packages/airflow/example_dags/example_bash_decorator.py
[2025-10-15T17:20:49.161+0000] {processor.py:840} INFO - DAG(s) 'example_bash_decorator' retrieved from /home/airflow/.local/lib/python3.12/site-packages/airflow/example_dags/example_bash_decorator.py
[2025-10-15T17:20:49.176+0000] {logging_mixin.py:188} INFO - [2025-10-15T17:20:49.176+0000] {dag.py:3089} INFO - Sync 1 DAGs
[2025-10-15T17:20:49.184+0000] {logging_mixin.py:188} INFO - [2025-10-15T17:20:49.184+0000] {dag.py:3947} INFO - Setting next_dagrun for example_bash_decorator to None, run_after=None
[2025-10-15T17:20:49.196+0000] {processor.py:183} INFO - Processing /home/airflow/.local/lib/python3.12/site-packages/airflow/example_dags/example_bash_decorator.py took 0.051 seconds
[2025-10-15T17:21:20.032+0000] {processor.py:161} INFO - Started process (PID=251) to work on /home/airflow/.local/lib/python3.12/site-packages/airflow/example_dags/example_bash_decorator.py
[2025-10-15T17:21:20.033+0000] {processor.py:830} INFO - Processing file /home/airflow/.local/lib/python3.12/site-packages/airflow/example_dags/example_bash_decorator.py for tasks to queue
[2025-10-15T17:21:20.034+0000] {logging_mixin.py:188} INFO - [2025-10-15T17:21:20.034+0000] {dagbag.py:545} INFO - Filling up the DagBag from /home/airflow/.local/lib/python3.12/site-packages/airflow/example_dags/example_bash_decorator.py
[2025-10-15T17:21:20.044+0000] {processor.py:840} INFO - DAG(s) 'example_bash_decorator' retrieved from /home/airflow/.local/lib/python3.12/site-packages/airflow/example_dags/example_bash_decorator.py
[2025-10-15T17:21:20.073+0000] {logging_mixin.py:188} INFO - [2025-10-15T17:21:20.073+0000] {dag.py:3089} INFO - Sync 1 DAGs
[2025-10-15T17:21:20.083+0000] {logging_mixin.py:188} INFO - [2025-10-15T17:21:20.083+0000] {dag.py:3947} INFO - Setting next_dagrun for example_bash_decorator to None, run_after=None
[2025-10-15T17:21:20.105+0000] {processor.py:183} INFO - Processing /home/airflow/.local/lib/python3.12/site-packages/airflow/example_dags/example_bash_decorator.py took 0.078 seconds
[2025-10-15T17:21:51.047+0000] {processor.py:161} INFO - Started process (PID=309) to work on /home/airflow/.local/lib/python3.12/site-packages/airflow/example_dags/example_bash_decorator.py
[2025-10-15T17:21:51.048+0000] {processor.py:830} INFO - Processing file /home/airflow/.local/lib/python3.12/site-packages/airflow/example_dags/example_bash_decorator.py for tasks to queue
[2025-10-15T17:21:51.050+0000] {logging_mixin.py:188} INFO - [2025-10-15T17:21:51.049+0000] {dagbag.py:545} INFO - Filling up the DagBag from /home/airflow/.local/lib/python3.12/site-packages/airflow/example_dags/example_bash_decorator.py
[2025-10-15T17:21:51.063+0000] {processor.py:840} INFO - DAG(s) 'example_bash_decorator' retrieved from /home/airflow/.local/lib/python3.12/site-packages/airflow/example_dags/example_bash_decorator.py
[2025-10-15T17:21:51.086+0000] {logging_mixin.py:188} INFO - [2025-10-15T17:21:51.086+0000] {dag.py:3089} INFO - Sync 1 DAGs
[2025-10-15T17:21:51.102+0000] {logging_mixin.py:188} INFO - [2025-10-15T17:21:51.102+0000] {dag.py:3947} INFO - Setting next_dagrun for example_bash_decorator to None, run_after=None
[2025-10-15T17:21:51.124+0000] {processor.py:183} INFO - Processing /home/airflow/.local/lib/python3.12/site-packages/airflow/example_dags/example_bash_decorator.py took 0.083 seconds
[2025-10-15T17:22:21.165+0000] {processor.py:161} INFO - Started process (PID=367) to work on /home/airflow/.local/lib/python3.12/site-packages/airflow/example_dags/example_bash_decorator.py
[2025-10-15T17:22:21.165+0000] {processor.py:830} INFO - Processing file /home/airflow/.local/lib/python3.12/site-packages/airflow/example_dags/example_bash_decorator.py for tasks to queue
[2025-10-15T17:22:21.167+0000] {logging_mixin.py:188} INFO - [2025-10-15T17:22:21.167+0000] {dagbag.py:545} INFO - Filling up the DagBag from /home/airflow/.local/lib/python3.12/site-packages/airflow/example_dags/example_bash_decorator.py
[2025-10-15T17:22:21.181+0000] {processor.py:840} INFO - DAG(s) 'example_bash_decorator' retrieved from /home/airflow/.local/lib/python3.12/site-packages/airflow/example_dags/example_bash_decorator.py
[2025-10-15T17:22:21.199+0000] {logging_mixin.py:188} INFO - [2025-10-15T17:22:21.199+0000] {dag.py:3089} INFO - Sync 1 DAGs
[2025-10-15T17:22:21.210+0000] {logging_mixin.py:188} INFO - [2025-10-15T17:22:21.210+0000] {dag.py:3947} INFO - Setting next_dagrun for example_bash_decorator to None, run_after=None
[2025-10-15T17:22:21.228+0000] {processor.py:183} INFO - Processing /home/airflow/.local/lib/python3.12/site-packages/airflow/example_dags/example_bash_decorator.py took 0.068 seconds
[2025-10-15T17:22:51.301+0000] {processor.py:161} INFO - Started process (PID=425) to work on /home/airflow/.local/lib/python3.12/site-packages/airflow/example_dags/example_bash_decorator.py
[2025-10-15T17:22:51.302+0000] {processor.py:830} INFO - Processing file /home/airflow/.local/lib/python3.12/site-packages/airflow/example_dags/example_bash_decorator.py for tasks to queue
[2025-10-15T17:22:51.303+0000] {logging_mixin.py:188} INFO - [2025-10-15T17:22:51.303+0000] {dagbag.py:545} INFO - Filling up the DagBag from /home/airflow/.local/lib/python3.12/site-packages/airflow/example_dags/example_bash_decorator.py
[2025-10-15T17:22:51.311+0000] {processor.py:840} INFO - DAG(s) 'example_bash_decorator' retrieved from /home/airflow/.local/lib/python3.12/site-packages/airflow/example_dags/example_bash_decorator.py
[2025-10-15T17:22:51.332+0000] {logging_mixin.py:188} INFO - [2025-10-15T17:22:51.332+0000] {dag.py:3089} INFO - Sync 1 DAGs
[2025-10-15T17:22:51.342+0000] {logging_mixin.py:188} INFO - [2025-10-15T17:22:51.342+0000] {dag.py:3947} INFO - Setting next_dagrun for example_bash_decorator to None, run_after=None
[2025-10-15T17:22:51.360+0000] {processor.py:183} INFO - Processing /home/airflow/.local/lib/python3.12/site-packages/airflow/example_dags/example_bash_decorator.py took 0.064 seconds
[2025-10-15T17:23:21.393+0000] {processor.py:161} INFO - Started process (PID=483) to work on /home/airflow/.local/lib/python3.12/site-packages/airflow/example_dags/example_bash_decorator.py
[2025-10-15T17:23:21.394+0000] {processor.py:830} INFO - Processing file /home/airflow/.local/lib/python3.12/site-packages/airflow/example_dags/example_bash_decorator.py for tasks to queue
[2025-10-15T17:23:21.395+0000] {logging_mixin.py:188} INFO - [2025-10-15T17:23:21.395+0000] {dagbag.py:545} INFO - Filling up the DagBag from /home/airflow/.local/lib/python3.12/site-packages/airflow/example_dags/example_bash_decorator.py
[2025-10-15T17:23:21.404+0000] {processor.py:840} INFO - DAG(s) 'example_bash_decorator' retrieved from /home/airflow/.local/lib/python3.12/site-packages/airflow/example_dags/example_bash_decorator.py
[2025-10-15T17:23:21.419+0000] {logging_mixin.py:188} INFO - [2025-10-15T17:23:21.419+0000] {dag.py:3089} INFO - Sync 1 DAGs
[2025-10-15T17:23:21.426+0000] {logging_mixin.py:188} INFO - [2025-10-15T17:23:21.426+0000] {dag.py:3947} INFO - Setting next_dagrun for example_bash_decorator to None, run_after=None
[2025-10-15T17:23:21.445+0000] {processor.py:183} INFO - Processing /home/airflow/.local/lib/python3.12/site-packages/airflow/example_dags/example_bash_decorator.py took 0.055 seconds
[2025-10-15T17:23:51.717+0000] {processor.py:161} INFO - Started process (PID=541) to work on /home/airflow/.local/lib/python3.12/site-packages/airflow/example_dags/example_bash_decorator.py
[2025-10-15T17:23:51.717+0000] {processor.py:830} INFO - Processing file /home/airflow/.local/lib/python3.12/site-packages/airflow/example_dags/example_bash_decorator.py for tasks to queue
[2025-10-15T17:23:51.719+0000] {logging_mixin.py:188} INFO - [2025-10-15T17:23:51.719+0000] {dagbag.py:545} INFO - Filling up the DagBag from /home/airflow/.local/lib/python3.12/site-packages/airflow/example_dags/example_bash_decorator.py
[2025-10-15T17:23:51.730+0000] {processor.py:840} INFO - DAG(s) 'example_bash_decorator' retrieved from /home/airflow/.local/lib/python3.12/site-packages/airflow/example_dags/example_bash_decorator.py
[2025-10-15T17:23:51.747+0000] {logging_mixin.py:188} INFO - [2025-10-15T17:23:51.747+0000] {dag.py:3089} INFO - Sync 1 DAGs
[2025-10-15T17:23:51.757+0000] {logging_mixin.py:188} INFO - [2025-10-15T17:23:51.757+0000] {dag.py:3947} INFO - Setting next_dagrun for example_bash_decorator to None, run_after=None
[2025-10-15T17:23:51.768+0000] {processor.py:183} INFO - Processing /home/airflow/.local/lib/python3.12/site-packages/airflow/example_dags/example_bash_decorator.py took 0.056 seconds
[2025-10-15T17:24:22.508+0000] {processor.py:161} INFO - Started process (PID=599) to work on /home/airflow/.local/lib/python3.12/site-packages/airflow/example_dags/example_bash_decorator.py
[2025-10-15T17:24:22.509+0000] {processor.py:830} INFO - Processing file /home/airflow/.local/lib/python3.12/site-packages/airflow/example_dags/example_bash_decorator.py for tasks to queue
[2025-10-15T17:24:22.510+0000] {logging_mixin.py:188} INFO - [2025-10-15T17:24:22.510+0000] {dagbag.py:545} INFO - Filling up the DagBag from /home/airflow/.local/lib/python3.12/site-packages/airflow/example_dags/example_bash_decorator.py
[2025-10-15T17:24:22.523+0000] {processor.py:840} INFO - DAG(s) 'example_bash_decorator' retrieved from /home/airflow/.local/lib/python3.12/site-packages/airflow/example_dags/example_bash_decorator.py
[2025-10-15T17:24:22.546+0000] {logging_mixin.py:188} INFO - [2025-10-15T17:24:22.546+0000] {dag.py:3089} INFO - Sync 1 DAGs
[2025-10-15T17:24:22.554+0000] {logging_mixin.py:188} INFO - [2025-10-15T17:24:22.554+0000] {dag.py:3947} INFO - Setting next_dagrun for example_bash_decorator to None, run_after=None
[2025-10-15T17:24:22.570+0000] {processor.py:183} INFO - Processing /home/airflow/.local/lib/python3.12/site-packages/airflow/example_dags/example_bash_decorator.py took 0.067 seconds
