[2025-10-15T17:08:11.007+0000] {processor.py:161} INFO - Started process (PID=93) to work on /home/airflow/.local/lib/python3.12/site-packages/airflow/example_dags/example_sensors.py
[2025-10-15T17:08:11.008+0000] {processor.py:830} INFO - Processing file /home/airflow/.local/lib/python3.12/site-packages/airflow/example_dags/example_sensors.py for tasks to queue
[2025-10-15T17:08:11.010+0000] {logging_mixin.py:188} INFO - [2025-10-15T17:08:11.009+0000] {dagbag.py:545} INFO - Filling up the DagBag from /home/airflow/.local/lib/python3.12/site-packages/airflow/example_dags/example_sensors.py
[2025-10-15T17:08:11.028+0000] {processor.py:840} INFO - DAG(s) 'example_sensors' retrieved from /home/airflow/.local/lib/python3.12/site-packages/airflow/example_dags/example_sensors.py
[2025-10-15T17:08:11.152+0000] {logging_mixin.py:188} INFO - [2025-10-15T17:08:11.152+0000] {override.py:1858} INFO - Created Permission View: can edit on DAG:example_sensors
[2025-10-15T17:08:11.164+0000] {logging_mixin.py:188} INFO - [2025-10-15T17:08:11.163+0000] {override.py:1858} INFO - Created Permission View: can delete on DAG:example_sensors
[2025-10-15T17:08:11.174+0000] {logging_mixin.py:188} INFO - [2025-10-15T17:08:11.170+0000] {override.py:1858} INFO - Created Permission View: can read on DAG:example_sensors
[2025-10-15T17:08:11.174+0000] {logging_mixin.py:188} INFO - [2025-10-15T17:08:11.174+0000] {dag.py:3089} INFO - Sync 1 DAGs
[2025-10-15T17:08:11.190+0000] {logging_mixin.py:188} INFO - [2025-10-15T17:08:11.190+0000] {dag.py:3111} INFO - Creating ORM DAG for example_sensors
[2025-10-15T17:08:11.193+0000] {logging_mixin.py:188} INFO - [2025-10-15T17:08:11.193+0000] {dag.py:3947} INFO - Setting next_dagrun for example_sensors to None, run_after=None
[2025-10-15T17:08:11.222+0000] {processor.py:183} INFO - Processing /home/airflow/.local/lib/python3.12/site-packages/airflow/example_dags/example_sensors.py took 0.221 seconds
[2025-10-15T17:08:41.566+0000] {processor.py:161} INFO - Started process (PID=151) to work on /home/airflow/.local/lib/python3.12/site-packages/airflow/example_dags/example_sensors.py
[2025-10-15T17:08:41.566+0000] {processor.py:830} INFO - Processing file /home/airflow/.local/lib/python3.12/site-packages/airflow/example_dags/example_sensors.py for tasks to queue
[2025-10-15T17:08:41.570+0000] {logging_mixin.py:188} INFO - [2025-10-15T17:08:41.570+0000] {dagbag.py:545} INFO - Filling up the DagBag from /home/airflow/.local/lib/python3.12/site-packages/airflow/example_dags/example_sensors.py
[2025-10-15T17:08:41.582+0000] {processor.py:840} INFO - DAG(s) 'example_sensors' retrieved from /home/airflow/.local/lib/python3.12/site-packages/airflow/example_dags/example_sensors.py
[2025-10-15T17:08:41.619+0000] {logging_mixin.py:188} INFO - [2025-10-15T17:08:41.619+0000] {dag.py:3089} INFO - Sync 1 DAGs
[2025-10-15T17:08:41.633+0000] {logging_mixin.py:188} INFO - [2025-10-15T17:08:41.633+0000] {dag.py:3947} INFO - Setting next_dagrun for example_sensors to None, run_after=None
[2025-10-15T17:08:41.655+0000] {processor.py:183} INFO - Processing /home/airflow/.local/lib/python3.12/site-packages/airflow/example_dags/example_sensors.py took 0.093 seconds
[2025-10-15T17:09:12.578+0000] {processor.py:161} INFO - Started process (PID=209) to work on /home/airflow/.local/lib/python3.12/site-packages/airflow/example_dags/example_sensors.py
[2025-10-15T17:09:12.579+0000] {processor.py:830} INFO - Processing file /home/airflow/.local/lib/python3.12/site-packages/airflow/example_dags/example_sensors.py for tasks to queue
[2025-10-15T17:09:12.580+0000] {logging_mixin.py:188} INFO - [2025-10-15T17:09:12.580+0000] {dagbag.py:545} INFO - Filling up the DagBag from /home/airflow/.local/lib/python3.12/site-packages/airflow/example_dags/example_sensors.py
[2025-10-15T17:09:12.586+0000] {processor.py:840} INFO - DAG(s) 'example_sensors' retrieved from /home/airflow/.local/lib/python3.12/site-packages/airflow/example_dags/example_sensors.py
[2025-10-15T17:09:12.600+0000] {logging_mixin.py:188} INFO - [2025-10-15T17:09:12.600+0000] {dag.py:3089} INFO - Sync 1 DAGs
[2025-10-15T17:09:12.607+0000] {logging_mixin.py:188} INFO - [2025-10-15T17:09:12.607+0000] {dag.py:3947} INFO - Setting next_dagrun for example_sensors to None, run_after=None
[2025-10-15T17:09:12.618+0000] {processor.py:183} INFO - Processing /home/airflow/.local/lib/python3.12/site-packages/airflow/example_dags/example_sensors.py took 0.043 seconds
[2025-10-15T17:09:43.397+0000] {processor.py:161} INFO - Started process (PID=267) to work on /home/airflow/.local/lib/python3.12/site-packages/airflow/example_dags/example_sensors.py
[2025-10-15T17:09:43.404+0000] {processor.py:830} INFO - Processing file /home/airflow/.local/lib/python3.12/site-packages/airflow/example_dags/example_sensors.py for tasks to queue
[2025-10-15T17:09:43.416+0000] {logging_mixin.py:188} INFO - [2025-10-15T17:09:43.415+0000] {dagbag.py:545} INFO - Filling up the DagBag from /home/airflow/.local/lib/python3.12/site-packages/airflow/example_dags/example_sensors.py
[2025-10-15T17:09:43.466+0000] {processor.py:840} INFO - DAG(s) 'example_sensors' retrieved from /home/airflow/.local/lib/python3.12/site-packages/airflow/example_dags/example_sensors.py
[2025-10-15T17:09:43.505+0000] {logging_mixin.py:188} INFO - [2025-10-15T17:09:43.504+0000] {dag.py:3089} INFO - Sync 1 DAGs
[2025-10-15T17:09:43.522+0000] {logging_mixin.py:188} INFO - [2025-10-15T17:09:43.522+0000] {dag.py:3947} INFO - Setting next_dagrun for example_sensors to None, run_after=None
[2025-10-15T17:09:43.556+0000] {processor.py:183} INFO - Processing /home/airflow/.local/lib/python3.12/site-packages/airflow/example_dags/example_sensors.py took 0.168 seconds
[2025-10-15T17:10:13.894+0000] {processor.py:161} INFO - Started process (PID=325) to work on /home/airflow/.local/lib/python3.12/site-packages/airflow/example_dags/example_sensors.py
[2025-10-15T17:10:13.894+0000] {processor.py:830} INFO - Processing file /home/airflow/.local/lib/python3.12/site-packages/airflow/example_dags/example_sensors.py for tasks to queue
[2025-10-15T17:10:13.896+0000] {logging_mixin.py:188} INFO - [2025-10-15T17:10:13.895+0000] {dagbag.py:545} INFO - Filling up the DagBag from /home/airflow/.local/lib/python3.12/site-packages/airflow/example_dags/example_sensors.py
[2025-10-15T17:10:13.901+0000] {processor.py:840} INFO - DAG(s) 'example_sensors' retrieved from /home/airflow/.local/lib/python3.12/site-packages/airflow/example_dags/example_sensors.py
[2025-10-15T17:10:13.916+0000] {logging_mixin.py:188} INFO - [2025-10-15T17:10:13.916+0000] {dag.py:3089} INFO - Sync 1 DAGs
[2025-10-15T17:10:13.924+0000] {logging_mixin.py:188} INFO - [2025-10-15T17:10:13.924+0000] {dag.py:3947} INFO - Setting next_dagrun for example_sensors to None, run_after=None
[2025-10-15T17:10:13.934+0000] {processor.py:183} INFO - Processing /home/airflow/.local/lib/python3.12/site-packages/airflow/example_dags/example_sensors.py took 0.044 seconds
[2025-10-15T17:10:44.014+0000] {processor.py:161} INFO - Started process (PID=383) to work on /home/airflow/.local/lib/python3.12/site-packages/airflow/example_dags/example_sensors.py
[2025-10-15T17:10:44.014+0000] {processor.py:830} INFO - Processing file /home/airflow/.local/lib/python3.12/site-packages/airflow/example_dags/example_sensors.py for tasks to queue
[2025-10-15T17:10:44.016+0000] {logging_mixin.py:188} INFO - [2025-10-15T17:10:44.015+0000] {dagbag.py:545} INFO - Filling up the DagBag from /home/airflow/.local/lib/python3.12/site-packages/airflow/example_dags/example_sensors.py
[2025-10-15T17:10:44.021+0000] {processor.py:840} INFO - DAG(s) 'example_sensors' retrieved from /home/airflow/.local/lib/python3.12/site-packages/airflow/example_dags/example_sensors.py
[2025-10-15T17:10:44.035+0000] {logging_mixin.py:188} INFO - [2025-10-15T17:10:44.035+0000] {dag.py:3089} INFO - Sync 1 DAGs
[2025-10-15T17:10:44.043+0000] {logging_mixin.py:188} INFO - [2025-10-15T17:10:44.042+0000] {dag.py:3947} INFO - Setting next_dagrun for example_sensors to None, run_after=None
[2025-10-15T17:10:44.052+0000] {processor.py:183} INFO - Processing /home/airflow/.local/lib/python3.12/site-packages/airflow/example_dags/example_sensors.py took 0.042 seconds
[2025-10-15T17:11:14.398+0000] {processor.py:161} INFO - Started process (PID=441) to work on /home/airflow/.local/lib/python3.12/site-packages/airflow/example_dags/example_sensors.py
[2025-10-15T17:11:14.398+0000] {processor.py:830} INFO - Processing file /home/airflow/.local/lib/python3.12/site-packages/airflow/example_dags/example_sensors.py for tasks to queue
[2025-10-15T17:11:14.399+0000] {logging_mixin.py:188} INFO - [2025-10-15T17:11:14.399+0000] {dagbag.py:545} INFO - Filling up the DagBag from /home/airflow/.local/lib/python3.12/site-packages/airflow/example_dags/example_sensors.py
[2025-10-15T17:11:14.405+0000] {processor.py:840} INFO - DAG(s) 'example_sensors' retrieved from /home/airflow/.local/lib/python3.12/site-packages/airflow/example_dags/example_sensors.py
[2025-10-15T17:11:14.420+0000] {logging_mixin.py:188} INFO - [2025-10-15T17:11:14.420+0000] {dag.py:3089} INFO - Sync 1 DAGs
[2025-10-15T17:11:14.428+0000] {logging_mixin.py:188} INFO - [2025-10-15T17:11:14.427+0000] {dag.py:3947} INFO - Setting next_dagrun for example_sensors to None, run_after=None
[2025-10-15T17:11:14.437+0000] {processor.py:183} INFO - Processing /home/airflow/.local/lib/python3.12/site-packages/airflow/example_dags/example_sensors.py took 0.043 seconds
[2025-10-15T17:11:44.925+0000] {processor.py:161} INFO - Started process (PID=499) to work on /home/airflow/.local/lib/python3.12/site-packages/airflow/example_dags/example_sensors.py
[2025-10-15T17:11:44.926+0000] {processor.py:830} INFO - Processing file /home/airflow/.local/lib/python3.12/site-packages/airflow/example_dags/example_sensors.py for tasks to queue
[2025-10-15T17:11:44.927+0000] {logging_mixin.py:188} INFO - [2025-10-15T17:11:44.927+0000] {dagbag.py:545} INFO - Filling up the DagBag from /home/airflow/.local/lib/python3.12/site-packages/airflow/example_dags/example_sensors.py
[2025-10-15T17:11:44.932+0000] {processor.py:840} INFO - DAG(s) 'example_sensors' retrieved from /home/airflow/.local/lib/python3.12/site-packages/airflow/example_dags/example_sensors.py
[2025-10-15T17:11:44.947+0000] {logging_mixin.py:188} INFO - [2025-10-15T17:11:44.947+0000] {dag.py:3089} INFO - Sync 1 DAGs
[2025-10-15T17:11:44.955+0000] {logging_mixin.py:188} INFO - [2025-10-15T17:11:44.955+0000] {dag.py:3947} INFO - Setting next_dagrun for example_sensors to None, run_after=None
[2025-10-15T17:11:44.965+0000] {processor.py:183} INFO - Processing /home/airflow/.local/lib/python3.12/site-packages/airflow/example_dags/example_sensors.py took 0.043 seconds
[2025-10-15T17:12:15.244+0000] {processor.py:161} INFO - Started process (PID=557) to work on /home/airflow/.local/lib/python3.12/site-packages/airflow/example_dags/example_sensors.py
[2025-10-15T17:12:15.244+0000] {processor.py:830} INFO - Processing file /home/airflow/.local/lib/python3.12/site-packages/airflow/example_dags/example_sensors.py for tasks to queue
[2025-10-15T17:12:15.246+0000] {logging_mixin.py:188} INFO - [2025-10-15T17:12:15.245+0000] {dagbag.py:545} INFO - Filling up the DagBag from /home/airflow/.local/lib/python3.12/site-packages/airflow/example_dags/example_sensors.py
[2025-10-15T17:12:15.251+0000] {processor.py:840} INFO - DAG(s) 'example_sensors' retrieved from /home/airflow/.local/lib/python3.12/site-packages/airflow/example_dags/example_sensors.py
[2025-10-15T17:12:15.267+0000] {logging_mixin.py:188} INFO - [2025-10-15T17:12:15.267+0000] {dag.py:3089} INFO - Sync 1 DAGs
[2025-10-15T17:12:15.275+0000] {logging_mixin.py:188} INFO - [2025-10-15T17:12:15.275+0000] {dag.py:3947} INFO - Setting next_dagrun for example_sensors to None, run_after=None
[2025-10-15T17:12:15.287+0000] {processor.py:183} INFO - Processing /home/airflow/.local/lib/python3.12/site-packages/airflow/example_dags/example_sensors.py took 0.047 seconds
[2025-10-15T17:12:45.938+0000] {processor.py:161} INFO - Started process (PID=615) to work on /home/airflow/.local/lib/python3.12/site-packages/airflow/example_dags/example_sensors.py
[2025-10-15T17:12:45.941+0000] {processor.py:830} INFO - Processing file /home/airflow/.local/lib/python3.12/site-packages/airflow/example_dags/example_sensors.py for tasks to queue
[2025-10-15T17:12:45.945+0000] {logging_mixin.py:188} INFO - [2025-10-15T17:12:45.944+0000] {dagbag.py:545} INFO - Filling up the DagBag from /home/airflow/.local/lib/python3.12/site-packages/airflow/example_dags/example_sensors.py
[2025-10-15T17:12:45.952+0000] {processor.py:840} INFO - DAG(s) 'example_sensors' retrieved from /home/airflow/.local/lib/python3.12/site-packages/airflow/example_dags/example_sensors.py
[2025-10-15T17:12:45.976+0000] {logging_mixin.py:188} INFO - [2025-10-15T17:12:45.975+0000] {dag.py:3089} INFO - Sync 1 DAGs
[2025-10-15T17:12:45.987+0000] {logging_mixin.py:188} INFO - [2025-10-15T17:12:45.987+0000] {dag.py:3947} INFO - Setting next_dagrun for example_sensors to None, run_after=None
[2025-10-15T17:12:46.003+0000] {processor.py:183} INFO - Processing /home/airflow/.local/lib/python3.12/site-packages/airflow/example_dags/example_sensors.py took 0.070 seconds
[2025-10-15T17:13:16.093+0000] {processor.py:161} INFO - Started process (PID=673) to work on /home/airflow/.local/lib/python3.12/site-packages/airflow/example_dags/example_sensors.py
[2025-10-15T17:13:16.094+0000] {processor.py:830} INFO - Processing file /home/airflow/.local/lib/python3.12/site-packages/airflow/example_dags/example_sensors.py for tasks to queue
[2025-10-15T17:13:16.095+0000] {logging_mixin.py:188} INFO - [2025-10-15T17:13:16.095+0000] {dagbag.py:545} INFO - Filling up the DagBag from /home/airflow/.local/lib/python3.12/site-packages/airflow/example_dags/example_sensors.py
[2025-10-15T17:13:16.100+0000] {processor.py:840} INFO - DAG(s) 'example_sensors' retrieved from /home/airflow/.local/lib/python3.12/site-packages/airflow/example_dags/example_sensors.py
[2025-10-15T17:13:16.114+0000] {logging_mixin.py:188} INFO - [2025-10-15T17:13:16.114+0000] {dag.py:3089} INFO - Sync 1 DAGs
[2025-10-15T17:13:16.121+0000] {logging_mixin.py:188} INFO - [2025-10-15T17:13:16.121+0000] {dag.py:3947} INFO - Setting next_dagrun for example_sensors to None, run_after=None
[2025-10-15T17:13:16.130+0000] {processor.py:183} INFO - Processing /home/airflow/.local/lib/python3.12/site-packages/airflow/example_dags/example_sensors.py took 0.040 seconds
[2025-10-15T17:13:47.097+0000] {processor.py:161} INFO - Started process (PID=731) to work on /home/airflow/.local/lib/python3.12/site-packages/airflow/example_dags/example_sensors.py
[2025-10-15T17:13:47.097+0000] {processor.py:830} INFO - Processing file /home/airflow/.local/lib/python3.12/site-packages/airflow/example_dags/example_sensors.py for tasks to queue
[2025-10-15T17:13:47.098+0000] {logging_mixin.py:188} INFO - [2025-10-15T17:13:47.098+0000] {dagbag.py:545} INFO - Filling up the DagBag from /home/airflow/.local/lib/python3.12/site-packages/airflow/example_dags/example_sensors.py
[2025-10-15T17:13:47.103+0000] {processor.py:840} INFO - DAG(s) 'example_sensors' retrieved from /home/airflow/.local/lib/python3.12/site-packages/airflow/example_dags/example_sensors.py
[2025-10-15T17:13:47.120+0000] {logging_mixin.py:188} INFO - [2025-10-15T17:13:47.119+0000] {dag.py:3089} INFO - Sync 1 DAGs
[2025-10-15T17:13:47.127+0000] {logging_mixin.py:188} INFO - [2025-10-15T17:13:47.127+0000] {dag.py:3947} INFO - Setting next_dagrun for example_sensors to None, run_after=None
[2025-10-15T17:13:47.136+0000] {processor.py:183} INFO - Processing /home/airflow/.local/lib/python3.12/site-packages/airflow/example_dags/example_sensors.py took 0.043 seconds
[2025-10-15T17:14:17.473+0000] {processor.py:161} INFO - Started process (PID=789) to work on /home/airflow/.local/lib/python3.12/site-packages/airflow/example_dags/example_sensors.py
[2025-10-15T17:14:17.474+0000] {processor.py:830} INFO - Processing file /home/airflow/.local/lib/python3.12/site-packages/airflow/example_dags/example_sensors.py for tasks to queue
[2025-10-15T17:14:17.475+0000] {logging_mixin.py:188} INFO - [2025-10-15T17:14:17.474+0000] {dagbag.py:545} INFO - Filling up the DagBag from /home/airflow/.local/lib/python3.12/site-packages/airflow/example_dags/example_sensors.py
[2025-10-15T17:14:17.480+0000] {processor.py:840} INFO - DAG(s) 'example_sensors' retrieved from /home/airflow/.local/lib/python3.12/site-packages/airflow/example_dags/example_sensors.py
[2025-10-15T17:14:17.494+0000] {logging_mixin.py:188} INFO - [2025-10-15T17:14:17.494+0000] {dag.py:3089} INFO - Sync 1 DAGs
[2025-10-15T17:14:17.501+0000] {logging_mixin.py:188} INFO - [2025-10-15T17:14:17.501+0000] {dag.py:3947} INFO - Setting next_dagrun for example_sensors to None, run_after=None
[2025-10-15T17:14:17.510+0000] {processor.py:183} INFO - Processing /home/airflow/.local/lib/python3.12/site-packages/airflow/example_dags/example_sensors.py took 0.040 seconds
[2025-10-15T17:14:47.756+0000] {processor.py:161} INFO - Started process (PID=847) to work on /home/airflow/.local/lib/python3.12/site-packages/airflow/example_dags/example_sensors.py
[2025-10-15T17:14:47.757+0000] {processor.py:830} INFO - Processing file /home/airflow/.local/lib/python3.12/site-packages/airflow/example_dags/example_sensors.py for tasks to queue
[2025-10-15T17:14:47.758+0000] {logging_mixin.py:188} INFO - [2025-10-15T17:14:47.758+0000] {dagbag.py:545} INFO - Filling up the DagBag from /home/airflow/.local/lib/python3.12/site-packages/airflow/example_dags/example_sensors.py
[2025-10-15T17:14:47.764+0000] {processor.py:840} INFO - DAG(s) 'example_sensors' retrieved from /home/airflow/.local/lib/python3.12/site-packages/airflow/example_dags/example_sensors.py
[2025-10-15T17:14:47.778+0000] {logging_mixin.py:188} INFO - [2025-10-15T17:14:47.778+0000] {dag.py:3089} INFO - Sync 1 DAGs
[2025-10-15T17:14:47.785+0000] {logging_mixin.py:188} INFO - [2025-10-15T17:14:47.785+0000] {dag.py:3947} INFO - Setting next_dagrun for example_sensors to None, run_after=None
[2025-10-15T17:14:47.795+0000] {processor.py:183} INFO - Processing /home/airflow/.local/lib/python3.12/site-packages/airflow/example_dags/example_sensors.py took 0.043 seconds
[2025-10-15T17:15:18.071+0000] {processor.py:161} INFO - Started process (PID=905) to work on /home/airflow/.local/lib/python3.12/site-packages/airflow/example_dags/example_sensors.py
[2025-10-15T17:15:18.072+0000] {processor.py:830} INFO - Processing file /home/airflow/.local/lib/python3.12/site-packages/airflow/example_dags/example_sensors.py for tasks to queue
[2025-10-15T17:15:18.074+0000] {logging_mixin.py:188} INFO - [2025-10-15T17:15:18.073+0000] {dagbag.py:545} INFO - Filling up the DagBag from /home/airflow/.local/lib/python3.12/site-packages/airflow/example_dags/example_sensors.py
[2025-10-15T17:15:18.080+0000] {processor.py:840} INFO - DAG(s) 'example_sensors' retrieved from /home/airflow/.local/lib/python3.12/site-packages/airflow/example_dags/example_sensors.py
[2025-10-15T17:15:18.097+0000] {logging_mixin.py:188} INFO - [2025-10-15T17:15:18.097+0000] {dag.py:3089} INFO - Sync 1 DAGs
[2025-10-15T17:15:18.104+0000] {logging_mixin.py:188} INFO - [2025-10-15T17:15:18.104+0000] {dag.py:3947} INFO - Setting next_dagrun for example_sensors to None, run_after=None
[2025-10-15T17:15:18.114+0000] {processor.py:183} INFO - Processing /home/airflow/.local/lib/python3.12/site-packages/airflow/example_dags/example_sensors.py took 0.046 seconds
[2025-10-15T17:19:48.728+0000] {processor.py:161} INFO - Started process (PID=88) to work on /home/airflow/.local/lib/python3.12/site-packages/airflow/example_dags/example_sensors.py
[2025-10-15T17:19:48.731+0000] {processor.py:830} INFO - Processing file /home/airflow/.local/lib/python3.12/site-packages/airflow/example_dags/example_sensors.py for tasks to queue
[2025-10-15T17:19:48.733+0000] {logging_mixin.py:188} INFO - [2025-10-15T17:19:48.733+0000] {dagbag.py:545} INFO - Filling up the DagBag from /home/airflow/.local/lib/python3.12/site-packages/airflow/example_dags/example_sensors.py
[2025-10-15T17:19:48.746+0000] {processor.py:840} INFO - DAG(s) 'example_sensors' retrieved from /home/airflow/.local/lib/python3.12/site-packages/airflow/example_dags/example_sensors.py
[2025-10-15T17:19:48.861+0000] {logging_mixin.py:188} INFO - [2025-10-15T17:19:48.861+0000] {dag.py:3089} INFO - Sync 1 DAGs
[2025-10-15T17:19:48.872+0000] {logging_mixin.py:188} INFO - [2025-10-15T17:19:48.871+0000] {dag.py:3947} INFO - Setting next_dagrun for example_sensors to None, run_after=None
[2025-10-15T17:19:48.889+0000] {processor.py:183} INFO - Processing /home/airflow/.local/lib/python3.12/site-packages/airflow/example_dags/example_sensors.py took 0.167 seconds
[2025-10-15T17:20:19.870+0000] {processor.py:161} INFO - Started process (PID=146) to work on /home/airflow/.local/lib/python3.12/site-packages/airflow/example_dags/example_sensors.py
[2025-10-15T17:20:19.872+0000] {processor.py:830} INFO - Processing file /home/airflow/.local/lib/python3.12/site-packages/airflow/example_dags/example_sensors.py for tasks to queue
[2025-10-15T17:20:19.873+0000] {logging_mixin.py:188} INFO - [2025-10-15T17:20:19.873+0000] {dagbag.py:545} INFO - Filling up the DagBag from /home/airflow/.local/lib/python3.12/site-packages/airflow/example_dags/example_sensors.py
[2025-10-15T17:20:19.882+0000] {processor.py:840} INFO - DAG(s) 'example_sensors' retrieved from /home/airflow/.local/lib/python3.12/site-packages/airflow/example_dags/example_sensors.py
[2025-10-15T17:20:19.909+0000] {logging_mixin.py:188} INFO - [2025-10-15T17:20:19.909+0000] {dag.py:3089} INFO - Sync 1 DAGs
[2025-10-15T17:20:19.920+0000] {logging_mixin.py:188} INFO - [2025-10-15T17:20:19.920+0000] {dag.py:3947} INFO - Setting next_dagrun for example_sensors to None, run_after=None
[2025-10-15T17:20:19.940+0000] {processor.py:183} INFO - Processing /home/airflow/.local/lib/python3.12/site-packages/airflow/example_dags/example_sensors.py took 0.075 seconds
[2025-10-15T17:20:50.641+0000] {processor.py:161} INFO - Started process (PID=204) to work on /home/airflow/.local/lib/python3.12/site-packages/airflow/example_dags/example_sensors.py
[2025-10-15T17:20:50.642+0000] {processor.py:830} INFO - Processing file /home/airflow/.local/lib/python3.12/site-packages/airflow/example_dags/example_sensors.py for tasks to queue
[2025-10-15T17:20:50.643+0000] {logging_mixin.py:188} INFO - [2025-10-15T17:20:50.643+0000] {dagbag.py:545} INFO - Filling up the DagBag from /home/airflow/.local/lib/python3.12/site-packages/airflow/example_dags/example_sensors.py
[2025-10-15T17:20:50.649+0000] {processor.py:840} INFO - DAG(s) 'example_sensors' retrieved from /home/airflow/.local/lib/python3.12/site-packages/airflow/example_dags/example_sensors.py
[2025-10-15T17:20:50.667+0000] {logging_mixin.py:188} INFO - [2025-10-15T17:20:50.667+0000] {dag.py:3089} INFO - Sync 1 DAGs
[2025-10-15T17:20:50.680+0000] {logging_mixin.py:188} INFO - [2025-10-15T17:20:50.680+0000] {dag.py:3947} INFO - Setting next_dagrun for example_sensors to None, run_after=None
[2025-10-15T17:20:50.695+0000] {processor.py:183} INFO - Processing /home/airflow/.local/lib/python3.12/site-packages/airflow/example_dags/example_sensors.py took 0.058 seconds
[2025-10-15T17:21:21.559+0000] {processor.py:161} INFO - Started process (PID=262) to work on /home/airflow/.local/lib/python3.12/site-packages/airflow/example_dags/example_sensors.py
[2025-10-15T17:21:21.562+0000] {processor.py:830} INFO - Processing file /home/airflow/.local/lib/python3.12/site-packages/airflow/example_dags/example_sensors.py for tasks to queue
[2025-10-15T17:21:21.564+0000] {logging_mixin.py:188} INFO - [2025-10-15T17:21:21.563+0000] {dagbag.py:545} INFO - Filling up the DagBag from /home/airflow/.local/lib/python3.12/site-packages/airflow/example_dags/example_sensors.py
[2025-10-15T17:21:21.572+0000] {processor.py:840} INFO - DAG(s) 'example_sensors' retrieved from /home/airflow/.local/lib/python3.12/site-packages/airflow/example_dags/example_sensors.py
[2025-10-15T17:21:21.602+0000] {logging_mixin.py:188} INFO - [2025-10-15T17:21:21.601+0000] {dag.py:3089} INFO - Sync 1 DAGs
[2025-10-15T17:21:21.610+0000] {logging_mixin.py:188} INFO - [2025-10-15T17:21:21.610+0000] {dag.py:3947} INFO - Setting next_dagrun for example_sensors to None, run_after=None
[2025-10-15T17:21:21.628+0000] {processor.py:183} INFO - Processing /home/airflow/.local/lib/python3.12/site-packages/airflow/example_dags/example_sensors.py took 0.073 seconds
[2025-10-15T17:21:52.650+0000] {processor.py:161} INFO - Started process (PID=320) to work on /home/airflow/.local/lib/python3.12/site-packages/airflow/example_dags/example_sensors.py
[2025-10-15T17:21:52.651+0000] {processor.py:830} INFO - Processing file /home/airflow/.local/lib/python3.12/site-packages/airflow/example_dags/example_sensors.py for tasks to queue
[2025-10-15T17:21:52.655+0000] {logging_mixin.py:188} INFO - [2025-10-15T17:21:52.654+0000] {dagbag.py:545} INFO - Filling up the DagBag from /home/airflow/.local/lib/python3.12/site-packages/airflow/example_dags/example_sensors.py
[2025-10-15T17:21:52.664+0000] {processor.py:840} INFO - DAG(s) 'example_sensors' retrieved from /home/airflow/.local/lib/python3.12/site-packages/airflow/example_dags/example_sensors.py
[2025-10-15T17:21:52.691+0000] {logging_mixin.py:188} INFO - [2025-10-15T17:21:52.691+0000] {dag.py:3089} INFO - Sync 1 DAGs
[2025-10-15T17:21:52.703+0000] {logging_mixin.py:188} INFO - [2025-10-15T17:21:52.702+0000] {dag.py:3947} INFO - Setting next_dagrun for example_sensors to None, run_after=None
[2025-10-15T17:21:52.722+0000] {processor.py:183} INFO - Processing /home/airflow/.local/lib/python3.12/site-packages/airflow/example_dags/example_sensors.py took 0.078 seconds
[2025-10-15T17:22:23.599+0000] {processor.py:161} INFO - Started process (PID=378) to work on /home/airflow/.local/lib/python3.12/site-packages/airflow/example_dags/example_sensors.py
[2025-10-15T17:22:23.600+0000] {processor.py:830} INFO - Processing file /home/airflow/.local/lib/python3.12/site-packages/airflow/example_dags/example_sensors.py for tasks to queue
[2025-10-15T17:22:23.602+0000] {logging_mixin.py:188} INFO - [2025-10-15T17:22:23.602+0000] {dagbag.py:545} INFO - Filling up the DagBag from /home/airflow/.local/lib/python3.12/site-packages/airflow/example_dags/example_sensors.py
[2025-10-15T17:22:23.610+0000] {processor.py:840} INFO - DAG(s) 'example_sensors' retrieved from /home/airflow/.local/lib/python3.12/site-packages/airflow/example_dags/example_sensors.py
[2025-10-15T17:22:23.628+0000] {logging_mixin.py:188} INFO - [2025-10-15T17:22:23.628+0000] {dag.py:3089} INFO - Sync 1 DAGs
[2025-10-15T17:22:23.636+0000] {logging_mixin.py:188} INFO - [2025-10-15T17:22:23.636+0000] {dag.py:3947} INFO - Setting next_dagrun for example_sensors to None, run_after=None
[2025-10-15T17:22:23.654+0000] {processor.py:183} INFO - Processing /home/airflow/.local/lib/python3.12/site-packages/airflow/example_dags/example_sensors.py took 0.059 seconds
[2025-10-15T17:22:53.842+0000] {processor.py:161} INFO - Started process (PID=436) to work on /home/airflow/.local/lib/python3.12/site-packages/airflow/example_dags/example_sensors.py
[2025-10-15T17:22:53.842+0000] {processor.py:830} INFO - Processing file /home/airflow/.local/lib/python3.12/site-packages/airflow/example_dags/example_sensors.py for tasks to queue
[2025-10-15T17:22:53.843+0000] {logging_mixin.py:188} INFO - [2025-10-15T17:22:53.843+0000] {dagbag.py:545} INFO - Filling up the DagBag from /home/airflow/.local/lib/python3.12/site-packages/airflow/example_dags/example_sensors.py
[2025-10-15T17:22:53.851+0000] {processor.py:840} INFO - DAG(s) 'example_sensors' retrieved from /home/airflow/.local/lib/python3.12/site-packages/airflow/example_dags/example_sensors.py
[2025-10-15T17:22:53.869+0000] {logging_mixin.py:188} INFO - [2025-10-15T17:22:53.869+0000] {dag.py:3089} INFO - Sync 1 DAGs
[2025-10-15T17:22:53.878+0000] {logging_mixin.py:188} INFO - [2025-10-15T17:22:53.877+0000] {dag.py:3947} INFO - Setting next_dagrun for example_sensors to None, run_after=None
[2025-10-15T17:22:53.907+0000] {processor.py:183} INFO - Processing /home/airflow/.local/lib/python3.12/site-packages/airflow/example_dags/example_sensors.py took 0.069 seconds
[2025-10-15T17:23:24.846+0000] {processor.py:161} INFO - Started process (PID=494) to work on /home/airflow/.local/lib/python3.12/site-packages/airflow/example_dags/example_sensors.py
[2025-10-15T17:23:24.847+0000] {processor.py:830} INFO - Processing file /home/airflow/.local/lib/python3.12/site-packages/airflow/example_dags/example_sensors.py for tasks to queue
[2025-10-15T17:23:24.848+0000] {logging_mixin.py:188} INFO - [2025-10-15T17:23:24.848+0000] {dagbag.py:545} INFO - Filling up the DagBag from /home/airflow/.local/lib/python3.12/site-packages/airflow/example_dags/example_sensors.py
[2025-10-15T17:23:24.855+0000] {processor.py:840} INFO - DAG(s) 'example_sensors' retrieved from /home/airflow/.local/lib/python3.12/site-packages/airflow/example_dags/example_sensors.py
[2025-10-15T17:23:24.874+0000] {logging_mixin.py:188} INFO - [2025-10-15T17:23:24.874+0000] {dag.py:3089} INFO - Sync 1 DAGs
[2025-10-15T17:23:24.883+0000] {logging_mixin.py:188} INFO - [2025-10-15T17:23:24.883+0000] {dag.py:3947} INFO - Setting next_dagrun for example_sensors to None, run_after=None
[2025-10-15T17:23:24.895+0000] {processor.py:183} INFO - Processing /home/airflow/.local/lib/python3.12/site-packages/airflow/example_dags/example_sensors.py took 0.053 seconds
[2025-10-15T17:23:55.177+0000] {processor.py:161} INFO - Started process (PID=552) to work on /home/airflow/.local/lib/python3.12/site-packages/airflow/example_dags/example_sensors.py
[2025-10-15T17:23:55.178+0000] {processor.py:830} INFO - Processing file /home/airflow/.local/lib/python3.12/site-packages/airflow/example_dags/example_sensors.py for tasks to queue
[2025-10-15T17:23:55.181+0000] {logging_mixin.py:188} INFO - [2025-10-15T17:23:55.180+0000] {dagbag.py:545} INFO - Filling up the DagBag from /home/airflow/.local/lib/python3.12/site-packages/airflow/example_dags/example_sensors.py
[2025-10-15T17:23:55.187+0000] {processor.py:840} INFO - DAG(s) 'example_sensors' retrieved from /home/airflow/.local/lib/python3.12/site-packages/airflow/example_dags/example_sensors.py
[2025-10-15T17:23:55.207+0000] {logging_mixin.py:188} INFO - [2025-10-15T17:23:55.207+0000] {dag.py:3089} INFO - Sync 1 DAGs
[2025-10-15T17:23:55.214+0000] {logging_mixin.py:188} INFO - [2025-10-15T17:23:55.214+0000] {dag.py:3947} INFO - Setting next_dagrun for example_sensors to None, run_after=None
[2025-10-15T17:23:55.231+0000] {processor.py:183} INFO - Processing /home/airflow/.local/lib/python3.12/site-packages/airflow/example_dags/example_sensors.py took 0.058 seconds
[2025-10-15T17:24:26.009+0000] {processor.py:161} INFO - Started process (PID=610) to work on /home/airflow/.local/lib/python3.12/site-packages/airflow/example_dags/example_sensors.py
[2025-10-15T17:24:26.010+0000] {processor.py:830} INFO - Processing file /home/airflow/.local/lib/python3.12/site-packages/airflow/example_dags/example_sensors.py for tasks to queue
[2025-10-15T17:24:26.011+0000] {logging_mixin.py:188} INFO - [2025-10-15T17:24:26.011+0000] {dagbag.py:545} INFO - Filling up the DagBag from /home/airflow/.local/lib/python3.12/site-packages/airflow/example_dags/example_sensors.py
[2025-10-15T17:24:26.017+0000] {processor.py:840} INFO - DAG(s) 'example_sensors' retrieved from /home/airflow/.local/lib/python3.12/site-packages/airflow/example_dags/example_sensors.py
[2025-10-15T17:24:26.034+0000] {logging_mixin.py:188} INFO - [2025-10-15T17:24:26.034+0000] {dag.py:3089} INFO - Sync 1 DAGs
[2025-10-15T17:24:26.042+0000] {logging_mixin.py:188} INFO - [2025-10-15T17:24:26.042+0000] {dag.py:3947} INFO - Setting next_dagrun for example_sensors to None, run_after=None
[2025-10-15T17:24:26.057+0000] {processor.py:183} INFO - Processing /home/airflow/.local/lib/python3.12/site-packages/airflow/example_dags/example_sensors.py took 0.052 seconds
