[2025-10-15T17:08:03.626+0000] {processor.py:161} INFO - Started process (PID=60) to work on /home/airflow/.local/lib/python3.12/site-packages/airflow/example_dags/example_local_kubernetes_executor.py
[2025-10-15T17:08:03.628+0000] {processor.py:830} INFO - Processing file /home/airflow/.local/lib/python3.12/site-packages/airflow/example_dags/example_local_kubernetes_executor.py for tasks to queue
[2025-10-15T17:08:03.632+0000] {logging_mixin.py:188} INFO - [2025-10-15T17:08:03.632+0000] {dagbag.py:545} INFO - Filling up the DagBag from /home/airflow/.local/lib/python3.12/site-packages/airflow/example_dags/example_local_kubernetes_executor.py
[2025-10-15T17:08:03.663+0000] {processor.py:840} INFO - DAG(s) 'example_local_kubernetes_executor' retrieved from /home/airflow/.local/lib/python3.12/site-packages/airflow/example_dags/example_local_kubernetes_executor.py
[2025-10-15T17:08:04.800+0000] {logging_mixin.py:188} INFO - [2025-10-15T17:08:04.793+0000] {override.py:1858} INFO - Created Permission View: can edit on DAG:example_local_kubernetes_executor
[2025-10-15T17:08:04.825+0000] {logging_mixin.py:188} INFO - [2025-10-15T17:08:04.825+0000] {override.py:1858} INFO - Created Permission View: can delete on DAG:example_local_kubernetes_executor
[2025-10-15T17:08:04.844+0000] {logging_mixin.py:188} INFO - [2025-10-15T17:08:04.843+0000] {override.py:1858} INFO - Created Permission View: can read on DAG:example_local_kubernetes_executor
[2025-10-15T17:08:04.845+0000] {logging_mixin.py:188} INFO - [2025-10-15T17:08:04.845+0000] {dag.py:3089} INFO - Sync 1 DAGs
[2025-10-15T17:08:04.869+0000] {logging_mixin.py:188} INFO - [2025-10-15T17:08:04.869+0000] {dag.py:3111} INFO - Creating ORM DAG for example_local_kubernetes_executor
[2025-10-15T17:08:04.870+0000] {logging_mixin.py:188} INFO - [2025-10-15T17:08:04.870+0000] {dag.py:3947} INFO - Setting next_dagrun for example_local_kubernetes_executor to None, run_after=None
[2025-10-15T17:08:04.924+0000] {processor.py:183} INFO - Processing /home/airflow/.local/lib/python3.12/site-packages/airflow/example_dags/example_local_kubernetes_executor.py took 1.310 seconds
[2025-10-15T17:08:35.318+0000] {processor.py:161} INFO - Started process (PID=123) to work on /home/airflow/.local/lib/python3.12/site-packages/airflow/example_dags/example_local_kubernetes_executor.py
[2025-10-15T17:08:35.320+0000] {processor.py:830} INFO - Processing file /home/airflow/.local/lib/python3.12/site-packages/airflow/example_dags/example_local_kubernetes_executor.py for tasks to queue
[2025-10-15T17:08:35.327+0000] {logging_mixin.py:188} INFO - [2025-10-15T17:08:35.326+0000] {dagbag.py:545} INFO - Filling up the DagBag from /home/airflow/.local/lib/python3.12/site-packages/airflow/example_dags/example_local_kubernetes_executor.py
[2025-10-15T17:08:35.346+0000] {processor.py:840} INFO - DAG(s) 'example_local_kubernetes_executor' retrieved from /home/airflow/.local/lib/python3.12/site-packages/airflow/example_dags/example_local_kubernetes_executor.py
[2025-10-15T17:08:35.392+0000] {logging_mixin.py:188} INFO - [2025-10-15T17:08:35.392+0000] {dag.py:3089} INFO - Sync 1 DAGs
[2025-10-15T17:08:35.406+0000] {logging_mixin.py:188} INFO - [2025-10-15T17:08:35.406+0000] {dag.py:3947} INFO - Setting next_dagrun for example_local_kubernetes_executor to None, run_after=None
[2025-10-15T17:08:35.426+0000] {processor.py:183} INFO - Processing /home/airflow/.local/lib/python3.12/site-packages/airflow/example_dags/example_local_kubernetes_executor.py took 0.116 seconds
[2025-10-15T17:09:05.866+0000] {processor.py:161} INFO - Started process (PID=181) to work on /home/airflow/.local/lib/python3.12/site-packages/airflow/example_dags/example_local_kubernetes_executor.py
[2025-10-15T17:09:05.866+0000] {processor.py:830} INFO - Processing file /home/airflow/.local/lib/python3.12/site-packages/airflow/example_dags/example_local_kubernetes_executor.py for tasks to queue
[2025-10-15T17:09:05.869+0000] {logging_mixin.py:188} INFO - [2025-10-15T17:09:05.869+0000] {dagbag.py:545} INFO - Filling up the DagBag from /home/airflow/.local/lib/python3.12/site-packages/airflow/example_dags/example_local_kubernetes_executor.py
[2025-10-15T17:09:05.880+0000] {processor.py:840} INFO - DAG(s) 'example_local_kubernetes_executor' retrieved from /home/airflow/.local/lib/python3.12/site-packages/airflow/example_dags/example_local_kubernetes_executor.py
[2025-10-15T17:09:05.915+0000] {logging_mixin.py:188} INFO - [2025-10-15T17:09:05.915+0000] {dag.py:3089} INFO - Sync 1 DAGs
[2025-10-15T17:09:05.927+0000] {logging_mixin.py:188} INFO - [2025-10-15T17:09:05.927+0000] {dag.py:3947} INFO - Setting next_dagrun for example_local_kubernetes_executor to None, run_after=None
[2025-10-15T17:09:05.942+0000] {processor.py:183} INFO - Processing /home/airflow/.local/lib/python3.12/site-packages/airflow/example_dags/example_local_kubernetes_executor.py took 0.082 seconds
[2025-10-15T17:09:35.977+0000] {processor.py:161} INFO - Started process (PID=239) to work on /home/airflow/.local/lib/python3.12/site-packages/airflow/example_dags/example_local_kubernetes_executor.py
[2025-10-15T17:09:35.977+0000] {processor.py:830} INFO - Processing file /home/airflow/.local/lib/python3.12/site-packages/airflow/example_dags/example_local_kubernetes_executor.py for tasks to queue
[2025-10-15T17:09:35.981+0000] {logging_mixin.py:188} INFO - [2025-10-15T17:09:35.981+0000] {dagbag.py:545} INFO - Filling up the DagBag from /home/airflow/.local/lib/python3.12/site-packages/airflow/example_dags/example_local_kubernetes_executor.py
[2025-10-15T17:09:35.993+0000] {processor.py:840} INFO - DAG(s) 'example_local_kubernetes_executor' retrieved from /home/airflow/.local/lib/python3.12/site-packages/airflow/example_dags/example_local_kubernetes_executor.py
[2025-10-15T17:09:36.034+0000] {logging_mixin.py:188} INFO - [2025-10-15T17:09:36.034+0000] {dag.py:3089} INFO - Sync 1 DAGs
[2025-10-15T17:09:36.049+0000] {logging_mixin.py:188} INFO - [2025-10-15T17:09:36.049+0000] {dag.py:3947} INFO - Setting next_dagrun for example_local_kubernetes_executor to None, run_after=None
[2025-10-15T17:09:36.067+0000] {processor.py:183} INFO - Processing /home/airflow/.local/lib/python3.12/site-packages/airflow/example_dags/example_local_kubernetes_executor.py took 0.096 seconds
[2025-10-15T17:10:06.635+0000] {processor.py:161} INFO - Started process (PID=297) to work on /home/airflow/.local/lib/python3.12/site-packages/airflow/example_dags/example_local_kubernetes_executor.py
[2025-10-15T17:10:06.636+0000] {processor.py:830} INFO - Processing file /home/airflow/.local/lib/python3.12/site-packages/airflow/example_dags/example_local_kubernetes_executor.py for tasks to queue
[2025-10-15T17:10:06.640+0000] {logging_mixin.py:188} INFO - [2025-10-15T17:10:06.639+0000] {dagbag.py:545} INFO - Filling up the DagBag from /home/airflow/.local/lib/python3.12/site-packages/airflow/example_dags/example_local_kubernetes_executor.py
[2025-10-15T17:10:06.653+0000] {processor.py:840} INFO - DAG(s) 'example_local_kubernetes_executor' retrieved from /home/airflow/.local/lib/python3.12/site-packages/airflow/example_dags/example_local_kubernetes_executor.py
[2025-10-15T17:10:06.696+0000] {logging_mixin.py:188} INFO - [2025-10-15T17:10:06.696+0000] {dag.py:3089} INFO - Sync 1 DAGs
[2025-10-15T17:10:06.711+0000] {logging_mixin.py:188} INFO - [2025-10-15T17:10:06.711+0000] {dag.py:3947} INFO - Setting next_dagrun for example_local_kubernetes_executor to None, run_after=None
[2025-10-15T17:10:06.727+0000] {processor.py:183} INFO - Processing /home/airflow/.local/lib/python3.12/site-packages/airflow/example_dags/example_local_kubernetes_executor.py took 0.097 seconds
[2025-10-15T17:10:36.933+0000] {processor.py:161} INFO - Started process (PID=355) to work on /home/airflow/.local/lib/python3.12/site-packages/airflow/example_dags/example_local_kubernetes_executor.py
[2025-10-15T17:10:36.936+0000] {processor.py:830} INFO - Processing file /home/airflow/.local/lib/python3.12/site-packages/airflow/example_dags/example_local_kubernetes_executor.py for tasks to queue
[2025-10-15T17:10:36.939+0000] {logging_mixin.py:188} INFO - [2025-10-15T17:10:36.939+0000] {dagbag.py:545} INFO - Filling up the DagBag from /home/airflow/.local/lib/python3.12/site-packages/airflow/example_dags/example_local_kubernetes_executor.py
[2025-10-15T17:10:36.944+0000] {processor.py:840} INFO - DAG(s) 'example_local_kubernetes_executor' retrieved from /home/airflow/.local/lib/python3.12/site-packages/airflow/example_dags/example_local_kubernetes_executor.py
[2025-10-15T17:10:36.969+0000] {logging_mixin.py:188} INFO - [2025-10-15T17:10:36.969+0000] {dag.py:3089} INFO - Sync 1 DAGs
[2025-10-15T17:10:36.977+0000] {logging_mixin.py:188} INFO - [2025-10-15T17:10:36.977+0000] {dag.py:3947} INFO - Setting next_dagrun for example_local_kubernetes_executor to None, run_after=None
[2025-10-15T17:10:36.994+0000] {processor.py:183} INFO - Processing /home/airflow/.local/lib/python3.12/site-packages/airflow/example_dags/example_local_kubernetes_executor.py took 0.064 seconds
[2025-10-15T17:11:07.248+0000] {processor.py:161} INFO - Started process (PID=413) to work on /home/airflow/.local/lib/python3.12/site-packages/airflow/example_dags/example_local_kubernetes_executor.py
[2025-10-15T17:11:07.251+0000] {processor.py:830} INFO - Processing file /home/airflow/.local/lib/python3.12/site-packages/airflow/example_dags/example_local_kubernetes_executor.py for tasks to queue
[2025-10-15T17:11:07.254+0000] {logging_mixin.py:188} INFO - [2025-10-15T17:11:07.253+0000] {dagbag.py:545} INFO - Filling up the DagBag from /home/airflow/.local/lib/python3.12/site-packages/airflow/example_dags/example_local_kubernetes_executor.py
[2025-10-15T17:11:07.261+0000] {processor.py:840} INFO - DAG(s) 'example_local_kubernetes_executor' retrieved from /home/airflow/.local/lib/python3.12/site-packages/airflow/example_dags/example_local_kubernetes_executor.py
[2025-10-15T17:11:07.289+0000] {logging_mixin.py:188} INFO - [2025-10-15T17:11:07.289+0000] {dag.py:3089} INFO - Sync 1 DAGs
[2025-10-15T17:11:07.299+0000] {logging_mixin.py:188} INFO - [2025-10-15T17:11:07.299+0000] {dag.py:3947} INFO - Setting next_dagrun for example_local_kubernetes_executor to None, run_after=None
[2025-10-15T17:11:07.311+0000] {processor.py:183} INFO - Processing /home/airflow/.local/lib/python3.12/site-packages/airflow/example_dags/example_local_kubernetes_executor.py took 0.068 seconds
[2025-10-15T17:11:37.473+0000] {processor.py:161} INFO - Started process (PID=471) to work on /home/airflow/.local/lib/python3.12/site-packages/airflow/example_dags/example_local_kubernetes_executor.py
[2025-10-15T17:11:37.481+0000] {processor.py:830} INFO - Processing file /home/airflow/.local/lib/python3.12/site-packages/airflow/example_dags/example_local_kubernetes_executor.py for tasks to queue
[2025-10-15T17:11:37.482+0000] {logging_mixin.py:188} INFO - [2025-10-15T17:11:37.482+0000] {dagbag.py:545} INFO - Filling up the DagBag from /home/airflow/.local/lib/python3.12/site-packages/airflow/example_dags/example_local_kubernetes_executor.py
[2025-10-15T17:11:37.491+0000] {processor.py:840} INFO - DAG(s) 'example_local_kubernetes_executor' retrieved from /home/airflow/.local/lib/python3.12/site-packages/airflow/example_dags/example_local_kubernetes_executor.py
[2025-10-15T17:11:37.525+0000] {logging_mixin.py:188} INFO - [2025-10-15T17:11:37.525+0000] {dag.py:3089} INFO - Sync 1 DAGs
[2025-10-15T17:11:37.539+0000] {logging_mixin.py:188} INFO - [2025-10-15T17:11:37.539+0000] {dag.py:3947} INFO - Setting next_dagrun for example_local_kubernetes_executor to None, run_after=None
[2025-10-15T17:11:37.549+0000] {processor.py:183} INFO - Processing /home/airflow/.local/lib/python3.12/site-packages/airflow/example_dags/example_local_kubernetes_executor.py took 0.084 seconds
[2025-10-15T17:12:08.024+0000] {processor.py:161} INFO - Started process (PID=529) to work on /home/airflow/.local/lib/python3.12/site-packages/airflow/example_dags/example_local_kubernetes_executor.py
[2025-10-15T17:12:08.026+0000] {processor.py:830} INFO - Processing file /home/airflow/.local/lib/python3.12/site-packages/airflow/example_dags/example_local_kubernetes_executor.py for tasks to queue
[2025-10-15T17:12:08.031+0000] {logging_mixin.py:188} INFO - [2025-10-15T17:12:08.031+0000] {dagbag.py:545} INFO - Filling up the DagBag from /home/airflow/.local/lib/python3.12/site-packages/airflow/example_dags/example_local_kubernetes_executor.py
[2025-10-15T17:12:08.043+0000] {processor.py:840} INFO - DAG(s) 'example_local_kubernetes_executor' retrieved from /home/airflow/.local/lib/python3.12/site-packages/airflow/example_dags/example_local_kubernetes_executor.py
[2025-10-15T17:12:08.084+0000] {logging_mixin.py:188} INFO - [2025-10-15T17:12:08.084+0000] {dag.py:3089} INFO - Sync 1 DAGs
[2025-10-15T17:12:08.100+0000] {logging_mixin.py:188} INFO - [2025-10-15T17:12:08.100+0000] {dag.py:3947} INFO - Setting next_dagrun for example_local_kubernetes_executor to None, run_after=None
[2025-10-15T17:12:08.115+0000] {processor.py:183} INFO - Processing /home/airflow/.local/lib/python3.12/site-packages/airflow/example_dags/example_local_kubernetes_executor.py took 0.097 seconds
[2025-10-15T17:12:38.460+0000] {processor.py:161} INFO - Started process (PID=587) to work on /home/airflow/.local/lib/python3.12/site-packages/airflow/example_dags/example_local_kubernetes_executor.py
[2025-10-15T17:12:38.469+0000] {processor.py:830} INFO - Processing file /home/airflow/.local/lib/python3.12/site-packages/airflow/example_dags/example_local_kubernetes_executor.py for tasks to queue
[2025-10-15T17:12:38.479+0000] {logging_mixin.py:188} INFO - [2025-10-15T17:12:38.476+0000] {dagbag.py:545} INFO - Filling up the DagBag from /home/airflow/.local/lib/python3.12/site-packages/airflow/example_dags/example_local_kubernetes_executor.py
[2025-10-15T17:12:38.496+0000] {processor.py:840} INFO - DAG(s) 'example_local_kubernetes_executor' retrieved from /home/airflow/.local/lib/python3.12/site-packages/airflow/example_dags/example_local_kubernetes_executor.py
[2025-10-15T17:12:38.564+0000] {logging_mixin.py:188} INFO - [2025-10-15T17:12:38.564+0000] {dag.py:3089} INFO - Sync 1 DAGs
[2025-10-15T17:12:38.576+0000] {logging_mixin.py:188} INFO - [2025-10-15T17:12:38.576+0000] {dag.py:3947} INFO - Setting next_dagrun for example_local_kubernetes_executor to None, run_after=None
[2025-10-15T17:12:38.591+0000] {processor.py:183} INFO - Processing /home/airflow/.local/lib/python3.12/site-packages/airflow/example_dags/example_local_kubernetes_executor.py took 0.157 seconds
[2025-10-15T17:13:08.945+0000] {processor.py:161} INFO - Started process (PID=645) to work on /home/airflow/.local/lib/python3.12/site-packages/airflow/example_dags/example_local_kubernetes_executor.py
[2025-10-15T17:13:08.946+0000] {processor.py:830} INFO - Processing file /home/airflow/.local/lib/python3.12/site-packages/airflow/example_dags/example_local_kubernetes_executor.py for tasks to queue
[2025-10-15T17:13:08.948+0000] {logging_mixin.py:188} INFO - [2025-10-15T17:13:08.947+0000] {dagbag.py:545} INFO - Filling up the DagBag from /home/airflow/.local/lib/python3.12/site-packages/airflow/example_dags/example_local_kubernetes_executor.py
[2025-10-15T17:13:08.961+0000] {processor.py:840} INFO - DAG(s) 'example_local_kubernetes_executor' retrieved from /home/airflow/.local/lib/python3.12/site-packages/airflow/example_dags/example_local_kubernetes_executor.py
[2025-10-15T17:13:08.987+0000] {logging_mixin.py:188} INFO - [2025-10-15T17:13:08.987+0000] {dag.py:3089} INFO - Sync 1 DAGs
[2025-10-15T17:13:08.995+0000] {logging_mixin.py:188} INFO - [2025-10-15T17:13:08.995+0000] {dag.py:3947} INFO - Setting next_dagrun for example_local_kubernetes_executor to None, run_after=None
[2025-10-15T17:13:09.006+0000] {processor.py:183} INFO - Processing /home/airflow/.local/lib/python3.12/site-packages/airflow/example_dags/example_local_kubernetes_executor.py took 0.068 seconds
[2025-10-15T17:13:39.093+0000] {processor.py:161} INFO - Started process (PID=703) to work on /home/airflow/.local/lib/python3.12/site-packages/airflow/example_dags/example_local_kubernetes_executor.py
[2025-10-15T17:13:39.093+0000] {processor.py:830} INFO - Processing file /home/airflow/.local/lib/python3.12/site-packages/airflow/example_dags/example_local_kubernetes_executor.py for tasks to queue
[2025-10-15T17:13:39.094+0000] {logging_mixin.py:188} INFO - [2025-10-15T17:13:39.094+0000] {dagbag.py:545} INFO - Filling up the DagBag from /home/airflow/.local/lib/python3.12/site-packages/airflow/example_dags/example_local_kubernetes_executor.py
[2025-10-15T17:13:39.099+0000] {processor.py:840} INFO - DAG(s) 'example_local_kubernetes_executor' retrieved from /home/airflow/.local/lib/python3.12/site-packages/airflow/example_dags/example_local_kubernetes_executor.py
[2025-10-15T17:13:39.120+0000] {logging_mixin.py:188} INFO - [2025-10-15T17:13:39.119+0000] {dag.py:3089} INFO - Sync 1 DAGs
[2025-10-15T17:13:39.127+0000] {logging_mixin.py:188} INFO - [2025-10-15T17:13:39.127+0000] {dag.py:3947} INFO - Setting next_dagrun for example_local_kubernetes_executor to None, run_after=None
[2025-10-15T17:13:39.137+0000] {processor.py:183} INFO - Processing /home/airflow/.local/lib/python3.12/site-packages/airflow/example_dags/example_local_kubernetes_executor.py took 0.050 seconds
[2025-10-15T17:14:09.481+0000] {processor.py:161} INFO - Started process (PID=761) to work on /home/airflow/.local/lib/python3.12/site-packages/airflow/example_dags/example_local_kubernetes_executor.py
[2025-10-15T17:14:09.482+0000] {processor.py:830} INFO - Processing file /home/airflow/.local/lib/python3.12/site-packages/airflow/example_dags/example_local_kubernetes_executor.py for tasks to queue
[2025-10-15T17:14:09.487+0000] {logging_mixin.py:188} INFO - [2025-10-15T17:14:09.487+0000] {dagbag.py:545} INFO - Filling up the DagBag from /home/airflow/.local/lib/python3.12/site-packages/airflow/example_dags/example_local_kubernetes_executor.py
[2025-10-15T17:14:09.498+0000] {processor.py:840} INFO - DAG(s) 'example_local_kubernetes_executor' retrieved from /home/airflow/.local/lib/python3.12/site-packages/airflow/example_dags/example_local_kubernetes_executor.py
[2025-10-15T17:14:09.534+0000] {logging_mixin.py:188} INFO - [2025-10-15T17:14:09.534+0000] {dag.py:3089} INFO - Sync 1 DAGs
[2025-10-15T17:14:09.544+0000] {logging_mixin.py:188} INFO - [2025-10-15T17:14:09.544+0000] {dag.py:3947} INFO - Setting next_dagrun for example_local_kubernetes_executor to None, run_after=None
[2025-10-15T17:14:09.554+0000] {processor.py:183} INFO - Processing /home/airflow/.local/lib/python3.12/site-packages/airflow/example_dags/example_local_kubernetes_executor.py took 0.079 seconds
[2025-10-15T17:14:39.607+0000] {processor.py:161} INFO - Started process (PID=819) to work on /home/airflow/.local/lib/python3.12/site-packages/airflow/example_dags/example_local_kubernetes_executor.py
[2025-10-15T17:14:39.608+0000] {processor.py:830} INFO - Processing file /home/airflow/.local/lib/python3.12/site-packages/airflow/example_dags/example_local_kubernetes_executor.py for tasks to queue
[2025-10-15T17:14:39.613+0000] {logging_mixin.py:188} INFO - [2025-10-15T17:14:39.613+0000] {dagbag.py:545} INFO - Filling up the DagBag from /home/airflow/.local/lib/python3.12/site-packages/airflow/example_dags/example_local_kubernetes_executor.py
[2025-10-15T17:14:39.621+0000] {processor.py:840} INFO - DAG(s) 'example_local_kubernetes_executor' retrieved from /home/airflow/.local/lib/python3.12/site-packages/airflow/example_dags/example_local_kubernetes_executor.py
[2025-10-15T17:14:39.647+0000] {logging_mixin.py:188} INFO - [2025-10-15T17:14:39.647+0000] {dag.py:3089} INFO - Sync 1 DAGs
[2025-10-15T17:14:39.656+0000] {logging_mixin.py:188} INFO - [2025-10-15T17:14:39.655+0000] {dag.py:3947} INFO - Setting next_dagrun for example_local_kubernetes_executor to None, run_after=None
[2025-10-15T17:14:39.666+0000] {processor.py:183} INFO - Processing /home/airflow/.local/lib/python3.12/site-packages/airflow/example_dags/example_local_kubernetes_executor.py took 0.064 seconds
[2025-10-15T17:15:09.916+0000] {processor.py:161} INFO - Started process (PID=877) to work on /home/airflow/.local/lib/python3.12/site-packages/airflow/example_dags/example_local_kubernetes_executor.py
[2025-10-15T17:15:09.918+0000] {processor.py:830} INFO - Processing file /home/airflow/.local/lib/python3.12/site-packages/airflow/example_dags/example_local_kubernetes_executor.py for tasks to queue
[2025-10-15T17:15:09.923+0000] {logging_mixin.py:188} INFO - [2025-10-15T17:15:09.923+0000] {dagbag.py:545} INFO - Filling up the DagBag from /home/airflow/.local/lib/python3.12/site-packages/airflow/example_dags/example_local_kubernetes_executor.py
[2025-10-15T17:15:09.929+0000] {processor.py:840} INFO - DAG(s) 'example_local_kubernetes_executor' retrieved from /home/airflow/.local/lib/python3.12/site-packages/airflow/example_dags/example_local_kubernetes_executor.py
[2025-10-15T17:15:09.953+0000] {logging_mixin.py:188} INFO - [2025-10-15T17:15:09.953+0000] {dag.py:3089} INFO - Sync 1 DAGs
[2025-10-15T17:15:09.961+0000] {logging_mixin.py:188} INFO - [2025-10-15T17:15:09.961+0000] {dag.py:3947} INFO - Setting next_dagrun for example_local_kubernetes_executor to None, run_after=None
[2025-10-15T17:15:09.971+0000] {processor.py:183} INFO - Processing /home/airflow/.local/lib/python3.12/site-packages/airflow/example_dags/example_local_kubernetes_executor.py took 0.060 seconds
[2025-10-15T17:19:40.983+0000] {processor.py:161} INFO - Started process (PID=60) to work on /home/airflow/.local/lib/python3.12/site-packages/airflow/example_dags/example_local_kubernetes_executor.py
[2025-10-15T17:19:40.986+0000] {processor.py:830} INFO - Processing file /home/airflow/.local/lib/python3.12/site-packages/airflow/example_dags/example_local_kubernetes_executor.py for tasks to queue
[2025-10-15T17:19:40.990+0000] {logging_mixin.py:188} INFO - [2025-10-15T17:19:40.990+0000] {dagbag.py:545} INFO - Filling up the DagBag from /home/airflow/.local/lib/python3.12/site-packages/airflow/example_dags/example_local_kubernetes_executor.py
[2025-10-15T17:19:41.036+0000] {processor.py:840} INFO - DAG(s) 'example_local_kubernetes_executor' retrieved from /home/airflow/.local/lib/python3.12/site-packages/airflow/example_dags/example_local_kubernetes_executor.py
[2025-10-15T17:19:41.684+0000] {logging_mixin.py:188} INFO - [2025-10-15T17:19:41.683+0000] {dag.py:3089} INFO - Sync 1 DAGs
[2025-10-15T17:19:41.699+0000] {logging_mixin.py:188} INFO - [2025-10-15T17:19:41.699+0000] {dag.py:3947} INFO - Setting next_dagrun for example_local_kubernetes_executor to None, run_after=None
[2025-10-15T17:19:41.744+0000] {processor.py:183} INFO - Processing /home/airflow/.local/lib/python3.12/site-packages/airflow/example_dags/example_local_kubernetes_executor.py took 0.769 seconds
[2025-10-15T17:20:11.870+0000] {processor.py:161} INFO - Started process (PID=118) to work on /home/airflow/.local/lib/python3.12/site-packages/airflow/example_dags/example_local_kubernetes_executor.py
[2025-10-15T17:20:11.871+0000] {processor.py:830} INFO - Processing file /home/airflow/.local/lib/python3.12/site-packages/airflow/example_dags/example_local_kubernetes_executor.py for tasks to queue
[2025-10-15T17:20:11.874+0000] {logging_mixin.py:188} INFO - [2025-10-15T17:20:11.874+0000] {dagbag.py:545} INFO - Filling up the DagBag from /home/airflow/.local/lib/python3.12/site-packages/airflow/example_dags/example_local_kubernetes_executor.py
[2025-10-15T17:20:11.889+0000] {processor.py:840} INFO - DAG(s) 'example_local_kubernetes_executor' retrieved from /home/airflow/.local/lib/python3.12/site-packages/airflow/example_dags/example_local_kubernetes_executor.py
[2025-10-15T17:20:11.951+0000] {logging_mixin.py:188} INFO - [2025-10-15T17:20:11.950+0000] {dag.py:3089} INFO - Sync 1 DAGs
[2025-10-15T17:20:11.971+0000] {logging_mixin.py:188} INFO - [2025-10-15T17:20:11.971+0000] {dag.py:3947} INFO - Setting next_dagrun for example_local_kubernetes_executor to None, run_after=None
[2025-10-15T17:20:11.996+0000] {processor.py:183} INFO - Processing /home/airflow/.local/lib/python3.12/site-packages/airflow/example_dags/example_local_kubernetes_executor.py took 0.134 seconds
[2025-10-15T17:20:42.201+0000] {processor.py:161} INFO - Started process (PID=176) to work on /home/airflow/.local/lib/python3.12/site-packages/airflow/example_dags/example_local_kubernetes_executor.py
[2025-10-15T17:20:42.202+0000] {processor.py:830} INFO - Processing file /home/airflow/.local/lib/python3.12/site-packages/airflow/example_dags/example_local_kubernetes_executor.py for tasks to queue
[2025-10-15T17:20:42.205+0000] {logging_mixin.py:188} INFO - [2025-10-15T17:20:42.205+0000] {dagbag.py:545} INFO - Filling up the DagBag from /home/airflow/.local/lib/python3.12/site-packages/airflow/example_dags/example_local_kubernetes_executor.py
[2025-10-15T17:20:42.214+0000] {processor.py:840} INFO - DAG(s) 'example_local_kubernetes_executor' retrieved from /home/airflow/.local/lib/python3.12/site-packages/airflow/example_dags/example_local_kubernetes_executor.py
[2025-10-15T17:20:42.247+0000] {logging_mixin.py:188} INFO - [2025-10-15T17:20:42.247+0000] {dag.py:3089} INFO - Sync 1 DAGs
[2025-10-15T17:20:42.256+0000] {logging_mixin.py:188} INFO - [2025-10-15T17:20:42.256+0000] {dag.py:3947} INFO - Setting next_dagrun for example_local_kubernetes_executor to None, run_after=None
[2025-10-15T17:20:42.265+0000] {processor.py:183} INFO - Processing /home/airflow/.local/lib/python3.12/site-packages/airflow/example_dags/example_local_kubernetes_executor.py took 0.070 seconds
[2025-10-15T17:21:12.865+0000] {processor.py:161} INFO - Started process (PID=234) to work on /home/airflow/.local/lib/python3.12/site-packages/airflow/example_dags/example_local_kubernetes_executor.py
[2025-10-15T17:21:12.867+0000] {processor.py:830} INFO - Processing file /home/airflow/.local/lib/python3.12/site-packages/airflow/example_dags/example_local_kubernetes_executor.py for tasks to queue
[2025-10-15T17:21:12.870+0000] {logging_mixin.py:188} INFO - [2025-10-15T17:21:12.869+0000] {dagbag.py:545} INFO - Filling up the DagBag from /home/airflow/.local/lib/python3.12/site-packages/airflow/example_dags/example_local_kubernetes_executor.py
[2025-10-15T17:21:12.903+0000] {processor.py:840} INFO - DAG(s) 'example_local_kubernetes_executor' retrieved from /home/airflow/.local/lib/python3.12/site-packages/airflow/example_dags/example_local_kubernetes_executor.py
[2025-10-15T17:21:12.985+0000] {logging_mixin.py:188} INFO - [2025-10-15T17:21:12.985+0000] {dag.py:3089} INFO - Sync 1 DAGs
[2025-10-15T17:21:13.003+0000] {logging_mixin.py:188} INFO - [2025-10-15T17:21:13.003+0000] {dag.py:3947} INFO - Setting next_dagrun for example_local_kubernetes_executor to None, run_after=None
[2025-10-15T17:21:13.031+0000] {processor.py:183} INFO - Processing /home/airflow/.local/lib/python3.12/site-packages/airflow/example_dags/example_local_kubernetes_executor.py took 0.176 seconds
[2025-10-15T17:21:43.144+0000] {processor.py:161} INFO - Started process (PID=292) to work on /home/airflow/.local/lib/python3.12/site-packages/airflow/example_dags/example_local_kubernetes_executor.py
[2025-10-15T17:21:43.145+0000] {processor.py:830} INFO - Processing file /home/airflow/.local/lib/python3.12/site-packages/airflow/example_dags/example_local_kubernetes_executor.py for tasks to queue
[2025-10-15T17:21:43.148+0000] {logging_mixin.py:188} INFO - [2025-10-15T17:21:43.148+0000] {dagbag.py:545} INFO - Filling up the DagBag from /home/airflow/.local/lib/python3.12/site-packages/airflow/example_dags/example_local_kubernetes_executor.py
[2025-10-15T17:21:43.164+0000] {processor.py:840} INFO - DAG(s) 'example_local_kubernetes_executor' retrieved from /home/airflow/.local/lib/python3.12/site-packages/airflow/example_dags/example_local_kubernetes_executor.py
[2025-10-15T17:21:43.212+0000] {logging_mixin.py:188} INFO - [2025-10-15T17:21:43.212+0000] {dag.py:3089} INFO - Sync 1 DAGs
[2025-10-15T17:21:43.227+0000] {logging_mixin.py:188} INFO - [2025-10-15T17:21:43.227+0000] {dag.py:3947} INFO - Setting next_dagrun for example_local_kubernetes_executor to None, run_after=None
[2025-10-15T17:21:43.244+0000] {processor.py:183} INFO - Processing /home/airflow/.local/lib/python3.12/site-packages/airflow/example_dags/example_local_kubernetes_executor.py took 0.106 seconds
[2025-10-15T17:22:13.348+0000] {processor.py:161} INFO - Started process (PID=350) to work on /home/airflow/.local/lib/python3.12/site-packages/airflow/example_dags/example_local_kubernetes_executor.py
[2025-10-15T17:22:13.348+0000] {processor.py:830} INFO - Processing file /home/airflow/.local/lib/python3.12/site-packages/airflow/example_dags/example_local_kubernetes_executor.py for tasks to queue
[2025-10-15T17:22:13.353+0000] {logging_mixin.py:188} INFO - [2025-10-15T17:22:13.353+0000] {dagbag.py:545} INFO - Filling up the DagBag from /home/airflow/.local/lib/python3.12/site-packages/airflow/example_dags/example_local_kubernetes_executor.py
[2025-10-15T17:22:13.365+0000] {processor.py:840} INFO - DAG(s) 'example_local_kubernetes_executor' retrieved from /home/airflow/.local/lib/python3.12/site-packages/airflow/example_dags/example_local_kubernetes_executor.py
[2025-10-15T17:22:13.400+0000] {logging_mixin.py:188} INFO - [2025-10-15T17:22:13.400+0000] {dag.py:3089} INFO - Sync 1 DAGs
[2025-10-15T17:22:13.415+0000] {logging_mixin.py:188} INFO - [2025-10-15T17:22:13.415+0000] {dag.py:3947} INFO - Setting next_dagrun for example_local_kubernetes_executor to None, run_after=None
[2025-10-15T17:22:13.428+0000] {processor.py:183} INFO - Processing /home/airflow/.local/lib/python3.12/site-packages/airflow/example_dags/example_local_kubernetes_executor.py took 0.087 seconds
[2025-10-15T17:22:43.517+0000] {processor.py:161} INFO - Started process (PID=408) to work on /home/airflow/.local/lib/python3.12/site-packages/airflow/example_dags/example_local_kubernetes_executor.py
[2025-10-15T17:22:43.518+0000] {processor.py:830} INFO - Processing file /home/airflow/.local/lib/python3.12/site-packages/airflow/example_dags/example_local_kubernetes_executor.py for tasks to queue
[2025-10-15T17:22:43.519+0000] {logging_mixin.py:188} INFO - [2025-10-15T17:22:43.519+0000] {dagbag.py:545} INFO - Filling up the DagBag from /home/airflow/.local/lib/python3.12/site-packages/airflow/example_dags/example_local_kubernetes_executor.py
[2025-10-15T17:22:43.524+0000] {processor.py:840} INFO - DAG(s) 'example_local_kubernetes_executor' retrieved from /home/airflow/.local/lib/python3.12/site-packages/airflow/example_dags/example_local_kubernetes_executor.py
[2025-10-15T17:22:43.549+0000] {logging_mixin.py:188} INFO - [2025-10-15T17:22:43.549+0000] {dag.py:3089} INFO - Sync 1 DAGs
[2025-10-15T17:22:43.557+0000] {logging_mixin.py:188} INFO - [2025-10-15T17:22:43.557+0000] {dag.py:3947} INFO - Setting next_dagrun for example_local_kubernetes_executor to None, run_after=None
[2025-10-15T17:22:43.573+0000] {processor.py:183} INFO - Processing /home/airflow/.local/lib/python3.12/site-packages/airflow/example_dags/example_local_kubernetes_executor.py took 0.060 seconds
[2025-10-15T17:23:13.700+0000] {processor.py:161} INFO - Started process (PID=466) to work on /home/airflow/.local/lib/python3.12/site-packages/airflow/example_dags/example_local_kubernetes_executor.py
[2025-10-15T17:23:13.701+0000] {processor.py:830} INFO - Processing file /home/airflow/.local/lib/python3.12/site-packages/airflow/example_dags/example_local_kubernetes_executor.py for tasks to queue
[2025-10-15T17:23:13.704+0000] {logging_mixin.py:188} INFO - [2025-10-15T17:23:13.704+0000] {dagbag.py:545} INFO - Filling up the DagBag from /home/airflow/.local/lib/python3.12/site-packages/airflow/example_dags/example_local_kubernetes_executor.py
[2025-10-15T17:23:13.711+0000] {processor.py:840} INFO - DAG(s) 'example_local_kubernetes_executor' retrieved from /home/airflow/.local/lib/python3.12/site-packages/airflow/example_dags/example_local_kubernetes_executor.py
[2025-10-15T17:23:13.742+0000] {logging_mixin.py:188} INFO - [2025-10-15T17:23:13.741+0000] {dag.py:3089} INFO - Sync 1 DAGs
[2025-10-15T17:23:13.751+0000] {logging_mixin.py:188} INFO - [2025-10-15T17:23:13.751+0000] {dag.py:3947} INFO - Setting next_dagrun for example_local_kubernetes_executor to None, run_after=None
[2025-10-15T17:23:13.765+0000] {processor.py:183} INFO - Processing /home/airflow/.local/lib/python3.12/site-packages/airflow/example_dags/example_local_kubernetes_executor.py took 0.069 seconds
[2025-10-15T17:23:44.064+0000] {processor.py:161} INFO - Started process (PID=524) to work on /home/airflow/.local/lib/python3.12/site-packages/airflow/example_dags/example_local_kubernetes_executor.py
[2025-10-15T17:23:44.065+0000] {processor.py:830} INFO - Processing file /home/airflow/.local/lib/python3.12/site-packages/airflow/example_dags/example_local_kubernetes_executor.py for tasks to queue
[2025-10-15T17:23:44.068+0000] {logging_mixin.py:188} INFO - [2025-10-15T17:23:44.068+0000] {dagbag.py:545} INFO - Filling up the DagBag from /home/airflow/.local/lib/python3.12/site-packages/airflow/example_dags/example_local_kubernetes_executor.py
[2025-10-15T17:23:44.077+0000] {processor.py:840} INFO - DAG(s) 'example_local_kubernetes_executor' retrieved from /home/airflow/.local/lib/python3.12/site-packages/airflow/example_dags/example_local_kubernetes_executor.py
[2025-10-15T17:23:44.109+0000] {logging_mixin.py:188} INFO - [2025-10-15T17:23:44.109+0000] {dag.py:3089} INFO - Sync 1 DAGs
[2025-10-15T17:23:44.116+0000] {logging_mixin.py:188} INFO - [2025-10-15T17:23:44.116+0000] {dag.py:3947} INFO - Setting next_dagrun for example_local_kubernetes_executor to None, run_after=None
[2025-10-15T17:23:44.133+0000] {processor.py:183} INFO - Processing /home/airflow/.local/lib/python3.12/site-packages/airflow/example_dags/example_local_kubernetes_executor.py took 0.075 seconds
[2025-10-15T17:24:14.749+0000] {processor.py:161} INFO - Started process (PID=582) to work on /home/airflow/.local/lib/python3.12/site-packages/airflow/example_dags/example_local_kubernetes_executor.py
[2025-10-15T17:24:14.752+0000] {processor.py:830} INFO - Processing file /home/airflow/.local/lib/python3.12/site-packages/airflow/example_dags/example_local_kubernetes_executor.py for tasks to queue
[2025-10-15T17:24:14.761+0000] {logging_mixin.py:188} INFO - [2025-10-15T17:24:14.761+0000] {dagbag.py:545} INFO - Filling up the DagBag from /home/airflow/.local/lib/python3.12/site-packages/airflow/example_dags/example_local_kubernetes_executor.py
[2025-10-15T17:24:14.772+0000] {processor.py:840} INFO - DAG(s) 'example_local_kubernetes_executor' retrieved from /home/airflow/.local/lib/python3.12/site-packages/airflow/example_dags/example_local_kubernetes_executor.py
[2025-10-15T17:24:14.821+0000] {logging_mixin.py:188} INFO - [2025-10-15T17:24:14.821+0000] {dag.py:3089} INFO - Sync 1 DAGs
[2025-10-15T17:24:14.837+0000] {logging_mixin.py:188} INFO - [2025-10-15T17:24:14.837+0000] {dag.py:3947} INFO - Setting next_dagrun for example_local_kubernetes_executor to None, run_after=None
[2025-10-15T17:24:14.853+0000] {processor.py:183} INFO - Processing /home/airflow/.local/lib/python3.12/site-packages/airflow/example_dags/example_local_kubernetes_executor.py took 0.114 seconds
