[2025-10-15T17:08:03.619+0000] {processor.py:161} INFO - Started process (PID=59) to work on /home/airflow/.local/lib/python3.12/site-packages/airflow/example_dags/example_sensor_decorator.py
[2025-10-15T17:08:03.624+0000] {processor.py:830} INFO - Processing file /home/airflow/.local/lib/python3.12/site-packages/airflow/example_dags/example_sensor_decorator.py for tasks to queue
[2025-10-15T17:08:03.632+0000] {logging_mixin.py:188} INFO - [2025-10-15T17:08:03.631+0000] {dagbag.py:545} INFO - Filling up the DagBag from /home/airflow/.local/lib/python3.12/site-packages/airflow/example_dags/example_sensor_decorator.py
[2025-10-15T17:08:03.665+0000] {processor.py:840} INFO - DAG(s) 'example_sensor_decorator' retrieved from /home/airflow/.local/lib/python3.12/site-packages/airflow/example_dags/example_sensor_decorator.py
[2025-10-15T17:08:04.799+0000] {logging_mixin.py:188} INFO - [2025-10-15T17:08:04.798+0000] {override.py:1858} INFO - Created Permission View: can edit on DAG:example_sensor_decorator
[2025-10-15T17:08:04.824+0000] {logging_mixin.py:188} INFO - [2025-10-15T17:08:04.823+0000] {override.py:1858} INFO - Created Permission View: can delete on DAG:example_sensor_decorator
[2025-10-15T17:08:04.845+0000] {logging_mixin.py:188} INFO - [2025-10-15T17:08:04.845+0000] {override.py:1858} INFO - Created Permission View: can read on DAG:example_sensor_decorator
[2025-10-15T17:08:04.849+0000] {logging_mixin.py:188} INFO - [2025-10-15T17:08:04.848+0000] {dag.py:3089} INFO - Sync 1 DAGs
[2025-10-15T17:08:04.871+0000] {logging_mixin.py:188} INFO - [2025-10-15T17:08:04.871+0000] {dag.py:3111} INFO - Creating ORM DAG for example_sensor_decorator
[2025-10-15T17:08:04.875+0000] {logging_mixin.py:188} INFO - [2025-10-15T17:08:04.874+0000] {dag.py:3947} INFO - Setting next_dagrun for example_sensor_decorator to None, run_after=None
[2025-10-15T17:08:04.917+0000] {processor.py:183} INFO - Processing /home/airflow/.local/lib/python3.12/site-packages/airflow/example_dags/example_sensor_decorator.py took 1.312 seconds
[2025-10-15T17:08:35.318+0000] {processor.py:161} INFO - Started process (PID=122) to work on /home/airflow/.local/lib/python3.12/site-packages/airflow/example_dags/example_sensor_decorator.py
[2025-10-15T17:08:35.321+0000] {processor.py:830} INFO - Processing file /home/airflow/.local/lib/python3.12/site-packages/airflow/example_dags/example_sensor_decorator.py for tasks to queue
[2025-10-15T17:08:35.326+0000] {logging_mixin.py:188} INFO - [2025-10-15T17:08:35.325+0000] {dagbag.py:545} INFO - Filling up the DagBag from /home/airflow/.local/lib/python3.12/site-packages/airflow/example_dags/example_sensor_decorator.py
[2025-10-15T17:08:35.344+0000] {processor.py:840} INFO - DAG(s) 'example_sensor_decorator' retrieved from /home/airflow/.local/lib/python3.12/site-packages/airflow/example_dags/example_sensor_decorator.py
[2025-10-15T17:08:35.373+0000] {logging_mixin.py:188} INFO - [2025-10-15T17:08:35.373+0000] {dag.py:3089} INFO - Sync 1 DAGs
[2025-10-15T17:08:35.392+0000] {logging_mixin.py:188} INFO - [2025-10-15T17:08:35.391+0000] {dag.py:3947} INFO - Setting next_dagrun for example_sensor_decorator to None, run_after=None
[2025-10-15T17:08:35.416+0000] {processor.py:183} INFO - Processing /home/airflow/.local/lib/python3.12/site-packages/airflow/example_dags/example_sensor_decorator.py took 0.108 seconds
[2025-10-15T17:09:05.866+0000] {processor.py:161} INFO - Started process (PID=180) to work on /home/airflow/.local/lib/python3.12/site-packages/airflow/example_dags/example_sensor_decorator.py
[2025-10-15T17:09:05.868+0000] {processor.py:830} INFO - Processing file /home/airflow/.local/lib/python3.12/site-packages/airflow/example_dags/example_sensor_decorator.py for tasks to queue
[2025-10-15T17:09:05.870+0000] {logging_mixin.py:188} INFO - [2025-10-15T17:09:05.870+0000] {dagbag.py:545} INFO - Filling up the DagBag from /home/airflow/.local/lib/python3.12/site-packages/airflow/example_dags/example_sensor_decorator.py
[2025-10-15T17:09:05.880+0000] {processor.py:840} INFO - DAG(s) 'example_sensor_decorator' retrieved from /home/airflow/.local/lib/python3.12/site-packages/airflow/example_dags/example_sensor_decorator.py
[2025-10-15T17:09:05.900+0000] {logging_mixin.py:188} INFO - [2025-10-15T17:09:05.900+0000] {dag.py:3089} INFO - Sync 1 DAGs
[2025-10-15T17:09:05.911+0000] {logging_mixin.py:188} INFO - [2025-10-15T17:09:05.911+0000] {dag.py:3947} INFO - Setting next_dagrun for example_sensor_decorator to None, run_after=None
[2025-10-15T17:09:05.932+0000] {processor.py:183} INFO - Processing /home/airflow/.local/lib/python3.12/site-packages/airflow/example_dags/example_sensor_decorator.py took 0.072 seconds
[2025-10-15T17:09:35.977+0000] {processor.py:161} INFO - Started process (PID=238) to work on /home/airflow/.local/lib/python3.12/site-packages/airflow/example_dags/example_sensor_decorator.py
[2025-10-15T17:09:35.978+0000] {processor.py:830} INFO - Processing file /home/airflow/.local/lib/python3.12/site-packages/airflow/example_dags/example_sensor_decorator.py for tasks to queue
[2025-10-15T17:09:35.981+0000] {logging_mixin.py:188} INFO - [2025-10-15T17:09:35.980+0000] {dagbag.py:545} INFO - Filling up the DagBag from /home/airflow/.local/lib/python3.12/site-packages/airflow/example_dags/example_sensor_decorator.py
[2025-10-15T17:09:35.993+0000] {processor.py:840} INFO - DAG(s) 'example_sensor_decorator' retrieved from /home/airflow/.local/lib/python3.12/site-packages/airflow/example_dags/example_sensor_decorator.py
[2025-10-15T17:09:36.018+0000] {logging_mixin.py:188} INFO - [2025-10-15T17:09:36.017+0000] {dag.py:3089} INFO - Sync 1 DAGs
[2025-10-15T17:09:36.034+0000] {logging_mixin.py:188} INFO - [2025-10-15T17:09:36.033+0000] {dag.py:3947} INFO - Setting next_dagrun for example_sensor_decorator to None, run_after=None
[2025-10-15T17:09:36.057+0000] {processor.py:183} INFO - Processing /home/airflow/.local/lib/python3.12/site-packages/airflow/example_dags/example_sensor_decorator.py took 0.086 seconds
[2025-10-15T17:10:06.632+0000] {processor.py:161} INFO - Started process (PID=296) to work on /home/airflow/.local/lib/python3.12/site-packages/airflow/example_dags/example_sensor_decorator.py
[2025-10-15T17:10:06.633+0000] {processor.py:830} INFO - Processing file /home/airflow/.local/lib/python3.12/site-packages/airflow/example_dags/example_sensor_decorator.py for tasks to queue
[2025-10-15T17:10:06.636+0000] {logging_mixin.py:188} INFO - [2025-10-15T17:10:06.635+0000] {dagbag.py:545} INFO - Filling up the DagBag from /home/airflow/.local/lib/python3.12/site-packages/airflow/example_dags/example_sensor_decorator.py
[2025-10-15T17:10:06.652+0000] {processor.py:840} INFO - DAG(s) 'example_sensor_decorator' retrieved from /home/airflow/.local/lib/python3.12/site-packages/airflow/example_dags/example_sensor_decorator.py
[2025-10-15T17:10:06.678+0000] {logging_mixin.py:188} INFO - [2025-10-15T17:10:06.678+0000] {dag.py:3089} INFO - Sync 1 DAGs
[2025-10-15T17:10:06.693+0000] {logging_mixin.py:188} INFO - [2025-10-15T17:10:06.693+0000] {dag.py:3947} INFO - Setting next_dagrun for example_sensor_decorator to None, run_after=None
[2025-10-15T17:10:06.719+0000] {processor.py:183} INFO - Processing /home/airflow/.local/lib/python3.12/site-packages/airflow/example_dags/example_sensor_decorator.py took 0.093 seconds
[2025-10-15T17:10:36.930+0000] {processor.py:161} INFO - Started process (PID=354) to work on /home/airflow/.local/lib/python3.12/site-packages/airflow/example_dags/example_sensor_decorator.py
[2025-10-15T17:10:36.931+0000] {processor.py:830} INFO - Processing file /home/airflow/.local/lib/python3.12/site-packages/airflow/example_dags/example_sensor_decorator.py for tasks to queue
[2025-10-15T17:10:36.933+0000] {logging_mixin.py:188} INFO - [2025-10-15T17:10:36.932+0000] {dagbag.py:545} INFO - Filling up the DagBag from /home/airflow/.local/lib/python3.12/site-packages/airflow/example_dags/example_sensor_decorator.py
[2025-10-15T17:10:36.938+0000] {processor.py:840} INFO - DAG(s) 'example_sensor_decorator' retrieved from /home/airflow/.local/lib/python3.12/site-packages/airflow/example_dags/example_sensor_decorator.py
[2025-10-15T17:10:36.960+0000] {logging_mixin.py:188} INFO - [2025-10-15T17:10:36.959+0000] {dag.py:3089} INFO - Sync 1 DAGs
[2025-10-15T17:10:36.975+0000] {logging_mixin.py:188} INFO - [2025-10-15T17:10:36.975+0000] {dag.py:3947} INFO - Setting next_dagrun for example_sensor_decorator to None, run_after=None
[2025-10-15T17:10:36.990+0000] {processor.py:183} INFO - Processing /home/airflow/.local/lib/python3.12/site-packages/airflow/example_dags/example_sensor_decorator.py took 0.065 seconds
[2025-10-15T17:11:07.245+0000] {processor.py:161} INFO - Started process (PID=412) to work on /home/airflow/.local/lib/python3.12/site-packages/airflow/example_dags/example_sensor_decorator.py
[2025-10-15T17:11:07.246+0000] {processor.py:830} INFO - Processing file /home/airflow/.local/lib/python3.12/site-packages/airflow/example_dags/example_sensor_decorator.py for tasks to queue
[2025-10-15T17:11:07.247+0000] {logging_mixin.py:188} INFO - [2025-10-15T17:11:07.247+0000] {dagbag.py:545} INFO - Filling up the DagBag from /home/airflow/.local/lib/python3.12/site-packages/airflow/example_dags/example_sensor_decorator.py
[2025-10-15T17:11:07.253+0000] {processor.py:840} INFO - DAG(s) 'example_sensor_decorator' retrieved from /home/airflow/.local/lib/python3.12/site-packages/airflow/example_dags/example_sensor_decorator.py
[2025-10-15T17:11:07.276+0000] {logging_mixin.py:188} INFO - [2025-10-15T17:11:07.276+0000] {dag.py:3089} INFO - Sync 1 DAGs
[2025-10-15T17:11:07.288+0000] {logging_mixin.py:188} INFO - [2025-10-15T17:11:07.288+0000] {dag.py:3947} INFO - Setting next_dagrun for example_sensor_decorator to None, run_after=None
[2025-10-15T17:11:07.302+0000] {processor.py:183} INFO - Processing /home/airflow/.local/lib/python3.12/site-packages/airflow/example_dags/example_sensor_decorator.py took 0.063 seconds
[2025-10-15T17:11:37.469+0000] {processor.py:161} INFO - Started process (PID=470) to work on /home/airflow/.local/lib/python3.12/site-packages/airflow/example_dags/example_sensor_decorator.py
[2025-10-15T17:11:37.470+0000] {processor.py:830} INFO - Processing file /home/airflow/.local/lib/python3.12/site-packages/airflow/example_dags/example_sensor_decorator.py for tasks to queue
[2025-10-15T17:11:37.473+0000] {logging_mixin.py:188} INFO - [2025-10-15T17:11:37.472+0000] {dagbag.py:545} INFO - Filling up the DagBag from /home/airflow/.local/lib/python3.12/site-packages/airflow/example_dags/example_sensor_decorator.py
[2025-10-15T17:11:37.481+0000] {processor.py:840} INFO - DAG(s) 'example_sensor_decorator' retrieved from /home/airflow/.local/lib/python3.12/site-packages/airflow/example_dags/example_sensor_decorator.py
[2025-10-15T17:11:37.509+0000] {logging_mixin.py:188} INFO - [2025-10-15T17:11:37.509+0000] {dag.py:3089} INFO - Sync 1 DAGs
[2025-10-15T17:11:37.520+0000] {logging_mixin.py:188} INFO - [2025-10-15T17:11:37.519+0000] {dag.py:3947} INFO - Setting next_dagrun for example_sensor_decorator to None, run_after=None
[2025-10-15T17:11:37.537+0000] {processor.py:183} INFO - Processing /home/airflow/.local/lib/python3.12/site-packages/airflow/example_dags/example_sensor_decorator.py took 0.074 seconds
[2025-10-15T17:12:08.022+0000] {processor.py:161} INFO - Started process (PID=528) to work on /home/airflow/.local/lib/python3.12/site-packages/airflow/example_dags/example_sensor_decorator.py
[2025-10-15T17:12:08.023+0000] {processor.py:830} INFO - Processing file /home/airflow/.local/lib/python3.12/site-packages/airflow/example_dags/example_sensor_decorator.py for tasks to queue
[2025-10-15T17:12:08.026+0000] {logging_mixin.py:188} INFO - [2025-10-15T17:12:08.026+0000] {dagbag.py:545} INFO - Filling up the DagBag from /home/airflow/.local/lib/python3.12/site-packages/airflow/example_dags/example_sensor_decorator.py
[2025-10-15T17:12:08.040+0000] {processor.py:840} INFO - DAG(s) 'example_sensor_decorator' retrieved from /home/airflow/.local/lib/python3.12/site-packages/airflow/example_dags/example_sensor_decorator.py
[2025-10-15T17:12:08.070+0000] {logging_mixin.py:188} INFO - [2025-10-15T17:12:08.070+0000] {dag.py:3089} INFO - Sync 1 DAGs
[2025-10-15T17:12:08.084+0000] {logging_mixin.py:188} INFO - [2025-10-15T17:12:08.084+0000] {dag.py:3947} INFO - Setting next_dagrun for example_sensor_decorator to None, run_after=None
[2025-10-15T17:12:08.105+0000] {processor.py:183} INFO - Processing /home/airflow/.local/lib/python3.12/site-packages/airflow/example_dags/example_sensor_decorator.py took 0.094 seconds
[2025-10-15T17:12:38.458+0000] {processor.py:161} INFO - Started process (PID=586) to work on /home/airflow/.local/lib/python3.12/site-packages/airflow/example_dags/example_sensor_decorator.py
[2025-10-15T17:12:38.469+0000] {processor.py:830} INFO - Processing file /home/airflow/.local/lib/python3.12/site-packages/airflow/example_dags/example_sensor_decorator.py for tasks to queue
[2025-10-15T17:12:38.478+0000] {logging_mixin.py:188} INFO - [2025-10-15T17:12:38.473+0000] {dagbag.py:545} INFO - Filling up the DagBag from /home/airflow/.local/lib/python3.12/site-packages/airflow/example_dags/example_sensor_decorator.py
[2025-10-15T17:12:38.496+0000] {processor.py:840} INFO - DAG(s) 'example_sensor_decorator' retrieved from /home/airflow/.local/lib/python3.12/site-packages/airflow/example_dags/example_sensor_decorator.py
[2025-10-15T17:12:38.540+0000] {logging_mixin.py:188} INFO - [2025-10-15T17:12:38.540+0000] {dag.py:3089} INFO - Sync 1 DAGs
[2025-10-15T17:12:38.563+0000] {logging_mixin.py:188} INFO - [2025-10-15T17:12:38.563+0000] {dag.py:3947} INFO - Setting next_dagrun for example_sensor_decorator to None, run_after=None
[2025-10-15T17:12:38.585+0000] {processor.py:183} INFO - Processing /home/airflow/.local/lib/python3.12/site-packages/airflow/example_dags/example_sensor_decorator.py took 0.154 seconds
[2025-10-15T17:13:08.944+0000] {processor.py:161} INFO - Started process (PID=644) to work on /home/airflow/.local/lib/python3.12/site-packages/airflow/example_dags/example_sensor_decorator.py
[2025-10-15T17:13:08.945+0000] {processor.py:830} INFO - Processing file /home/airflow/.local/lib/python3.12/site-packages/airflow/example_dags/example_sensor_decorator.py for tasks to queue
[2025-10-15T17:13:08.948+0000] {logging_mixin.py:188} INFO - [2025-10-15T17:13:08.947+0000] {dagbag.py:545} INFO - Filling up the DagBag from /home/airflow/.local/lib/python3.12/site-packages/airflow/example_dags/example_sensor_decorator.py
[2025-10-15T17:13:08.955+0000] {processor.py:840} INFO - DAG(s) 'example_sensor_decorator' retrieved from /home/airflow/.local/lib/python3.12/site-packages/airflow/example_dags/example_sensor_decorator.py
[2025-10-15T17:13:08.975+0000] {logging_mixin.py:188} INFO - [2025-10-15T17:13:08.975+0000] {dag.py:3089} INFO - Sync 1 DAGs
[2025-10-15T17:13:08.985+0000] {logging_mixin.py:188} INFO - [2025-10-15T17:13:08.985+0000] {dag.py:3947} INFO - Setting next_dagrun for example_sensor_decorator to None, run_after=None
[2025-10-15T17:13:08.996+0000] {processor.py:183} INFO - Processing /home/airflow/.local/lib/python3.12/site-packages/airflow/example_dags/example_sensor_decorator.py took 0.059 seconds
[2025-10-15T17:13:39.023+0000] {processor.py:161} INFO - Started process (PID=702) to work on /home/airflow/.local/lib/python3.12/site-packages/airflow/example_dags/example_sensor_decorator.py
[2025-10-15T17:13:39.024+0000] {processor.py:830} INFO - Processing file /home/airflow/.local/lib/python3.12/site-packages/airflow/example_dags/example_sensor_decorator.py for tasks to queue
[2025-10-15T17:13:39.026+0000] {logging_mixin.py:188} INFO - [2025-10-15T17:13:39.025+0000] {dagbag.py:545} INFO - Filling up the DagBag from /home/airflow/.local/lib/python3.12/site-packages/airflow/example_dags/example_sensor_decorator.py
[2025-10-15T17:13:39.032+0000] {processor.py:840} INFO - DAG(s) 'example_sensor_decorator' retrieved from /home/airflow/.local/lib/python3.12/site-packages/airflow/example_dags/example_sensor_decorator.py
[2025-10-15T17:13:39.050+0000] {logging_mixin.py:188} INFO - [2025-10-15T17:13:39.050+0000] {dag.py:3089} INFO - Sync 1 DAGs
[2025-10-15T17:13:39.060+0000] {logging_mixin.py:188} INFO - [2025-10-15T17:13:39.060+0000] {dag.py:3947} INFO - Setting next_dagrun for example_sensor_decorator to None, run_after=None
[2025-10-15T17:13:39.073+0000] {processor.py:183} INFO - Processing /home/airflow/.local/lib/python3.12/site-packages/airflow/example_dags/example_sensor_decorator.py took 0.055 seconds
[2025-10-15T17:14:09.478+0000] {processor.py:161} INFO - Started process (PID=760) to work on /home/airflow/.local/lib/python3.12/site-packages/airflow/example_dags/example_sensor_decorator.py
[2025-10-15T17:14:09.479+0000] {processor.py:830} INFO - Processing file /home/airflow/.local/lib/python3.12/site-packages/airflow/example_dags/example_sensor_decorator.py for tasks to queue
[2025-10-15T17:14:09.483+0000] {logging_mixin.py:188} INFO - [2025-10-15T17:14:09.482+0000] {dagbag.py:545} INFO - Filling up the DagBag from /home/airflow/.local/lib/python3.12/site-packages/airflow/example_dags/example_sensor_decorator.py
[2025-10-15T17:14:09.494+0000] {processor.py:840} INFO - DAG(s) 'example_sensor_decorator' retrieved from /home/airflow/.local/lib/python3.12/site-packages/airflow/example_dags/example_sensor_decorator.py
[2025-10-15T17:14:09.520+0000] {logging_mixin.py:188} INFO - [2025-10-15T17:14:09.519+0000] {dag.py:3089} INFO - Sync 1 DAGs
[2025-10-15T17:14:09.532+0000] {logging_mixin.py:188} INFO - [2025-10-15T17:14:09.532+0000] {dag.py:3947} INFO - Setting next_dagrun for example_sensor_decorator to None, run_after=None
[2025-10-15T17:14:09.545+0000] {processor.py:183} INFO - Processing /home/airflow/.local/lib/python3.12/site-packages/airflow/example_dags/example_sensor_decorator.py took 0.075 seconds
[2025-10-15T17:14:39.606+0000] {processor.py:161} INFO - Started process (PID=818) to work on /home/airflow/.local/lib/python3.12/site-packages/airflow/example_dags/example_sensor_decorator.py
[2025-10-15T17:14:39.607+0000] {processor.py:830} INFO - Processing file /home/airflow/.local/lib/python3.12/site-packages/airflow/example_dags/example_sensor_decorator.py for tasks to queue
[2025-10-15T17:14:39.609+0000] {logging_mixin.py:188} INFO - [2025-10-15T17:14:39.609+0000] {dagbag.py:545} INFO - Filling up the DagBag from /home/airflow/.local/lib/python3.12/site-packages/airflow/example_dags/example_sensor_decorator.py
[2025-10-15T17:14:39.615+0000] {processor.py:840} INFO - DAG(s) 'example_sensor_decorator' retrieved from /home/airflow/.local/lib/python3.12/site-packages/airflow/example_dags/example_sensor_decorator.py
[2025-10-15T17:14:39.635+0000] {logging_mixin.py:188} INFO - [2025-10-15T17:14:39.635+0000] {dag.py:3089} INFO - Sync 1 DAGs
[2025-10-15T17:14:39.645+0000] {logging_mixin.py:188} INFO - [2025-10-15T17:14:39.645+0000] {dag.py:3947} INFO - Setting next_dagrun for example_sensor_decorator to None, run_after=None
[2025-10-15T17:14:39.657+0000] {processor.py:183} INFO - Processing /home/airflow/.local/lib/python3.12/site-packages/airflow/example_dags/example_sensor_decorator.py took 0.057 seconds
[2025-10-15T17:15:09.916+0000] {processor.py:161} INFO - Started process (PID=876) to work on /home/airflow/.local/lib/python3.12/site-packages/airflow/example_dags/example_sensor_decorator.py
[2025-10-15T17:15:09.916+0000] {processor.py:830} INFO - Processing file /home/airflow/.local/lib/python3.12/site-packages/airflow/example_dags/example_sensor_decorator.py for tasks to queue
[2025-10-15T17:15:09.919+0000] {logging_mixin.py:188} INFO - [2025-10-15T17:15:09.918+0000] {dagbag.py:545} INFO - Filling up the DagBag from /home/airflow/.local/lib/python3.12/site-packages/airflow/example_dags/example_sensor_decorator.py
[2025-10-15T17:15:09.924+0000] {processor.py:840} INFO - DAG(s) 'example_sensor_decorator' retrieved from /home/airflow/.local/lib/python3.12/site-packages/airflow/example_dags/example_sensor_decorator.py
[2025-10-15T17:15:09.940+0000] {logging_mixin.py:188} INFO - [2025-10-15T17:15:09.940+0000] {dag.py:3089} INFO - Sync 1 DAGs
[2025-10-15T17:15:09.948+0000] {logging_mixin.py:188} INFO - [2025-10-15T17:15:09.948+0000] {dag.py:3947} INFO - Setting next_dagrun for example_sensor_decorator to None, run_after=None
[2025-10-15T17:15:09.959+0000] {processor.py:183} INFO - Processing /home/airflow/.local/lib/python3.12/site-packages/airflow/example_dags/example_sensor_decorator.py took 0.049 seconds
[2025-10-15T17:19:40.938+0000] {processor.py:161} INFO - Started process (PID=59) to work on /home/airflow/.local/lib/python3.12/site-packages/airflow/example_dags/example_sensor_decorator.py
[2025-10-15T17:19:40.944+0000] {processor.py:830} INFO - Processing file /home/airflow/.local/lib/python3.12/site-packages/airflow/example_dags/example_sensor_decorator.py for tasks to queue
[2025-10-15T17:19:40.958+0000] {logging_mixin.py:188} INFO - [2025-10-15T17:19:40.948+0000] {dagbag.py:545} INFO - Filling up the DagBag from /home/airflow/.local/lib/python3.12/site-packages/airflow/example_dags/example_sensor_decorator.py
[2025-10-15T17:19:41.010+0000] {processor.py:840} INFO - DAG(s) 'example_sensor_decorator' retrieved from /home/airflow/.local/lib/python3.12/site-packages/airflow/example_dags/example_sensor_decorator.py
[2025-10-15T17:19:41.661+0000] {logging_mixin.py:188} INFO - [2025-10-15T17:19:41.660+0000] {dag.py:3089} INFO - Sync 1 DAGs
[2025-10-15T17:19:41.680+0000] {logging_mixin.py:188} INFO - [2025-10-15T17:19:41.680+0000] {dag.py:3947} INFO - Setting next_dagrun for example_sensor_decorator to None, run_after=None
[2025-10-15T17:19:41.736+0000] {processor.py:183} INFO - Processing /home/airflow/.local/lib/python3.12/site-packages/airflow/example_dags/example_sensor_decorator.py took 0.805 seconds
[2025-10-15T17:20:11.869+0000] {processor.py:161} INFO - Started process (PID=117) to work on /home/airflow/.local/lib/python3.12/site-packages/airflow/example_dags/example_sensor_decorator.py
[2025-10-15T17:20:11.871+0000] {processor.py:830} INFO - Processing file /home/airflow/.local/lib/python3.12/site-packages/airflow/example_dags/example_sensor_decorator.py for tasks to queue
[2025-10-15T17:20:11.874+0000] {logging_mixin.py:188} INFO - [2025-10-15T17:20:11.874+0000] {dagbag.py:545} INFO - Filling up the DagBag from /home/airflow/.local/lib/python3.12/site-packages/airflow/example_dags/example_sensor_decorator.py
[2025-10-15T17:20:11.885+0000] {processor.py:840} INFO - DAG(s) 'example_sensor_decorator' retrieved from /home/airflow/.local/lib/python3.12/site-packages/airflow/example_dags/example_sensor_decorator.py
[2025-10-15T17:20:11.925+0000] {logging_mixin.py:188} INFO - [2025-10-15T17:20:11.925+0000] {dag.py:3089} INFO - Sync 1 DAGs
[2025-10-15T17:20:11.945+0000] {logging_mixin.py:188} INFO - [2025-10-15T17:20:11.945+0000] {dag.py:3947} INFO - Setting next_dagrun for example_sensor_decorator to None, run_after=None
[2025-10-15T17:20:11.986+0000] {processor.py:183} INFO - Processing /home/airflow/.local/lib/python3.12/site-packages/airflow/example_dags/example_sensor_decorator.py took 0.124 seconds
[2025-10-15T17:20:42.192+0000] {processor.py:161} INFO - Started process (PID=175) to work on /home/airflow/.local/lib/python3.12/site-packages/airflow/example_dags/example_sensor_decorator.py
[2025-10-15T17:20:42.193+0000] {processor.py:830} INFO - Processing file /home/airflow/.local/lib/python3.12/site-packages/airflow/example_dags/example_sensor_decorator.py for tasks to queue
[2025-10-15T17:20:42.196+0000] {logging_mixin.py:188} INFO - [2025-10-15T17:20:42.195+0000] {dagbag.py:545} INFO - Filling up the DagBag from /home/airflow/.local/lib/python3.12/site-packages/airflow/example_dags/example_sensor_decorator.py
[2025-10-15T17:20:42.204+0000] {processor.py:840} INFO - DAG(s) 'example_sensor_decorator' retrieved from /home/airflow/.local/lib/python3.12/site-packages/airflow/example_dags/example_sensor_decorator.py
[2025-10-15T17:20:42.229+0000] {logging_mixin.py:188} INFO - [2025-10-15T17:20:42.228+0000] {dag.py:3089} INFO - Sync 1 DAGs
[2025-10-15T17:20:42.240+0000] {logging_mixin.py:188} INFO - [2025-10-15T17:20:42.240+0000] {dag.py:3947} INFO - Setting next_dagrun for example_sensor_decorator to None, run_after=None
[2025-10-15T17:20:42.255+0000] {processor.py:183} INFO - Processing /home/airflow/.local/lib/python3.12/site-packages/airflow/example_dags/example_sensor_decorator.py took 0.070 seconds
[2025-10-15T17:21:12.861+0000] {processor.py:161} INFO - Started process (PID=233) to work on /home/airflow/.local/lib/python3.12/site-packages/airflow/example_dags/example_sensor_decorator.py
[2025-10-15T17:21:12.864+0000] {processor.py:830} INFO - Processing file /home/airflow/.local/lib/python3.12/site-packages/airflow/example_dags/example_sensor_decorator.py for tasks to queue
[2025-10-15T17:21:12.869+0000] {logging_mixin.py:188} INFO - [2025-10-15T17:21:12.868+0000] {dagbag.py:545} INFO - Filling up the DagBag from /home/airflow/.local/lib/python3.12/site-packages/airflow/example_dags/example_sensor_decorator.py
[2025-10-15T17:21:12.899+0000] {processor.py:840} INFO - DAG(s) 'example_sensor_decorator' retrieved from /home/airflow/.local/lib/python3.12/site-packages/airflow/example_dags/example_sensor_decorator.py
[2025-10-15T17:21:12.957+0000] {logging_mixin.py:188} INFO - [2025-10-15T17:21:12.956+0000] {dag.py:3089} INFO - Sync 1 DAGs
[2025-10-15T17:21:12.989+0000] {logging_mixin.py:188} INFO - [2025-10-15T17:21:12.988+0000] {dag.py:3947} INFO - Setting next_dagrun for example_sensor_decorator to None, run_after=None
[2025-10-15T17:21:13.024+0000] {processor.py:183} INFO - Processing /home/airflow/.local/lib/python3.12/site-packages/airflow/example_dags/example_sensor_decorator.py took 0.183 seconds
[2025-10-15T17:21:43.144+0000] {processor.py:161} INFO - Started process (PID=291) to work on /home/airflow/.local/lib/python3.12/site-packages/airflow/example_dags/example_sensor_decorator.py
[2025-10-15T17:21:43.145+0000] {processor.py:830} INFO - Processing file /home/airflow/.local/lib/python3.12/site-packages/airflow/example_dags/example_sensor_decorator.py for tasks to queue
[2025-10-15T17:21:43.149+0000] {logging_mixin.py:188} INFO - [2025-10-15T17:21:43.149+0000] {dagbag.py:545} INFO - Filling up the DagBag from /home/airflow/.local/lib/python3.12/site-packages/airflow/example_dags/example_sensor_decorator.py
[2025-10-15T17:21:43.165+0000] {processor.py:840} INFO - DAG(s) 'example_sensor_decorator' retrieved from /home/airflow/.local/lib/python3.12/site-packages/airflow/example_dags/example_sensor_decorator.py
[2025-10-15T17:21:43.191+0000] {logging_mixin.py:188} INFO - [2025-10-15T17:21:43.191+0000] {dag.py:3089} INFO - Sync 1 DAGs
[2025-10-15T17:21:43.208+0000] {logging_mixin.py:188} INFO - [2025-10-15T17:21:43.207+0000] {dag.py:3947} INFO - Setting next_dagrun for example_sensor_decorator to None, run_after=None
[2025-10-15T17:21:43.232+0000] {processor.py:183} INFO - Processing /home/airflow/.local/lib/python3.12/site-packages/airflow/example_dags/example_sensor_decorator.py took 0.099 seconds
[2025-10-15T17:22:13.342+0000] {processor.py:161} INFO - Started process (PID=349) to work on /home/airflow/.local/lib/python3.12/site-packages/airflow/example_dags/example_sensor_decorator.py
[2025-10-15T17:22:13.343+0000] {processor.py:830} INFO - Processing file /home/airflow/.local/lib/python3.12/site-packages/airflow/example_dags/example_sensor_decorator.py for tasks to queue
[2025-10-15T17:22:13.346+0000] {logging_mixin.py:188} INFO - [2025-10-15T17:22:13.345+0000] {dagbag.py:545} INFO - Filling up the DagBag from /home/airflow/.local/lib/python3.12/site-packages/airflow/example_dags/example_sensor_decorator.py
[2025-10-15T17:22:13.354+0000] {processor.py:840} INFO - DAG(s) 'example_sensor_decorator' retrieved from /home/airflow/.local/lib/python3.12/site-packages/airflow/example_dags/example_sensor_decorator.py
[2025-10-15T17:22:13.383+0000] {logging_mixin.py:188} INFO - [2025-10-15T17:22:13.383+0000] {dag.py:3089} INFO - Sync 1 DAGs
[2025-10-15T17:22:13.399+0000] {logging_mixin.py:188} INFO - [2025-10-15T17:22:13.399+0000] {dag.py:3947} INFO - Setting next_dagrun for example_sensor_decorator to None, run_after=None
[2025-10-15T17:22:13.418+0000] {processor.py:183} INFO - Processing /home/airflow/.local/lib/python3.12/site-packages/airflow/example_dags/example_sensor_decorator.py took 0.084 seconds
[2025-10-15T17:22:43.513+0000] {processor.py:161} INFO - Started process (PID=407) to work on /home/airflow/.local/lib/python3.12/site-packages/airflow/example_dags/example_sensor_decorator.py
[2025-10-15T17:22:43.514+0000] {processor.py:830} INFO - Processing file /home/airflow/.local/lib/python3.12/site-packages/airflow/example_dags/example_sensor_decorator.py for tasks to queue
[2025-10-15T17:22:43.516+0000] {logging_mixin.py:188} INFO - [2025-10-15T17:22:43.515+0000] {dagbag.py:545} INFO - Filling up the DagBag from /home/airflow/.local/lib/python3.12/site-packages/airflow/example_dags/example_sensor_decorator.py
[2025-10-15T17:22:43.523+0000] {processor.py:840} INFO - DAG(s) 'example_sensor_decorator' retrieved from /home/airflow/.local/lib/python3.12/site-packages/airflow/example_dags/example_sensor_decorator.py
[2025-10-15T17:22:43.541+0000] {logging_mixin.py:188} INFO - [2025-10-15T17:22:43.541+0000] {dag.py:3089} INFO - Sync 1 DAGs
[2025-10-15T17:22:43.552+0000] {logging_mixin.py:188} INFO - [2025-10-15T17:22:43.552+0000] {dag.py:3947} INFO - Setting next_dagrun for example_sensor_decorator to None, run_after=None
[2025-10-15T17:22:43.568+0000] {processor.py:183} INFO - Processing /home/airflow/.local/lib/python3.12/site-packages/airflow/example_dags/example_sensor_decorator.py took 0.060 seconds
[2025-10-15T17:23:13.692+0000] {processor.py:161} INFO - Started process (PID=465) to work on /home/airflow/.local/lib/python3.12/site-packages/airflow/example_dags/example_sensor_decorator.py
[2025-10-15T17:23:13.693+0000] {processor.py:830} INFO - Processing file /home/airflow/.local/lib/python3.12/site-packages/airflow/example_dags/example_sensor_decorator.py for tasks to queue
[2025-10-15T17:23:13.694+0000] {logging_mixin.py:188} INFO - [2025-10-15T17:23:13.694+0000] {dagbag.py:545} INFO - Filling up the DagBag from /home/airflow/.local/lib/python3.12/site-packages/airflow/example_dags/example_sensor_decorator.py
[2025-10-15T17:23:13.701+0000] {processor.py:840} INFO - DAG(s) 'example_sensor_decorator' retrieved from /home/airflow/.local/lib/python3.12/site-packages/airflow/example_dags/example_sensor_decorator.py
[2025-10-15T17:23:13.720+0000] {logging_mixin.py:188} INFO - [2025-10-15T17:23:13.720+0000] {dag.py:3089} INFO - Sync 1 DAGs
[2025-10-15T17:23:13.732+0000] {logging_mixin.py:188} INFO - [2025-10-15T17:23:13.732+0000] {dag.py:3947} INFO - Setting next_dagrun for example_sensor_decorator to None, run_after=None
[2025-10-15T17:23:13.751+0000] {processor.py:183} INFO - Processing /home/airflow/.local/lib/python3.12/site-packages/airflow/example_dags/example_sensor_decorator.py took 0.065 seconds
[2025-10-15T17:23:44.058+0000] {processor.py:161} INFO - Started process (PID=523) to work on /home/airflow/.local/lib/python3.12/site-packages/airflow/example_dags/example_sensor_decorator.py
[2025-10-15T17:23:44.060+0000] {processor.py:830} INFO - Processing file /home/airflow/.local/lib/python3.12/site-packages/airflow/example_dags/example_sensor_decorator.py for tasks to queue
[2025-10-15T17:23:44.063+0000] {logging_mixin.py:188} INFO - [2025-10-15T17:23:44.062+0000] {dagbag.py:545} INFO - Filling up the DagBag from /home/airflow/.local/lib/python3.12/site-packages/airflow/example_dags/example_sensor_decorator.py
[2025-10-15T17:23:44.076+0000] {processor.py:840} INFO - DAG(s) 'example_sensor_decorator' retrieved from /home/airflow/.local/lib/python3.12/site-packages/airflow/example_dags/example_sensor_decorator.py
[2025-10-15T17:23:44.100+0000] {logging_mixin.py:188} INFO - [2025-10-15T17:23:44.100+0000] {dag.py:3089} INFO - Sync 1 DAGs
[2025-10-15T17:23:44.111+0000] {logging_mixin.py:188} INFO - [2025-10-15T17:23:44.111+0000] {dag.py:3947} INFO - Setting next_dagrun for example_sensor_decorator to None, run_after=None
[2025-10-15T17:23:44.128+0000] {processor.py:183} INFO - Processing /home/airflow/.local/lib/python3.12/site-packages/airflow/example_dags/example_sensor_decorator.py took 0.078 seconds
[2025-10-15T17:24:14.749+0000] {processor.py:161} INFO - Started process (PID=581) to work on /home/airflow/.local/lib/python3.12/site-packages/airflow/example_dags/example_sensor_decorator.py
[2025-10-15T17:24:14.754+0000] {processor.py:830} INFO - Processing file /home/airflow/.local/lib/python3.12/site-packages/airflow/example_dags/example_sensor_decorator.py for tasks to queue
[2025-10-15T17:24:14.762+0000] {logging_mixin.py:188} INFO - [2025-10-15T17:24:14.761+0000] {dagbag.py:545} INFO - Filling up the DagBag from /home/airflow/.local/lib/python3.12/site-packages/airflow/example_dags/example_sensor_decorator.py
[2025-10-15T17:24:14.771+0000] {processor.py:840} INFO - DAG(s) 'example_sensor_decorator' retrieved from /home/airflow/.local/lib/python3.12/site-packages/airflow/example_dags/example_sensor_decorator.py
[2025-10-15T17:24:14.803+0000] {logging_mixin.py:188} INFO - [2025-10-15T17:24:14.803+0000] {dag.py:3089} INFO - Sync 1 DAGs
[2025-10-15T17:24:14.817+0000] {logging_mixin.py:188} INFO - [2025-10-15T17:24:14.817+0000] {dag.py:3947} INFO - Setting next_dagrun for example_sensor_decorator to None, run_after=None
[2025-10-15T17:24:14.843+0000] {processor.py:183} INFO - Processing /home/airflow/.local/lib/python3.12/site-packages/airflow/example_dags/example_sensor_decorator.py took 0.108 seconds
