[2025-10-15T17:08:12.251+0000] {processor.py:161} INFO - Started process (PID=103) to work on /home/airflow/.local/lib/python3.12/site-packages/airflow/example_dags/example_branch_labels.py
[2025-10-15T17:08:12.252+0000] {processor.py:830} INFO - Processing file /home/airflow/.local/lib/python3.12/site-packages/airflow/example_dags/example_branch_labels.py for tasks to queue
[2025-10-15T17:08:12.254+0000] {logging_mixin.py:188} INFO - [2025-10-15T17:08:12.254+0000] {dagbag.py:545} INFO - Filling up the DagBag from /home/airflow/.local/lib/python3.12/site-packages/airflow/example_dags/example_branch_labels.py
[2025-10-15T17:08:12.267+0000] {processor.py:840} INFO - DAG(s) 'example_branch_labels' retrieved from /home/airflow/.local/lib/python3.12/site-packages/airflow/example_dags/example_branch_labels.py
[2025-10-15T17:08:13.299+0000] {logging_mixin.py:188} INFO - [2025-10-15T17:08:13.294+0000] {override.py:1858} INFO - Created Permission View: can edit on DAG:example_branch_labels
[2025-10-15T17:08:13.393+0000] {logging_mixin.py:188} INFO - [2025-10-15T17:08:13.392+0000] {override.py:1858} INFO - Created Permission View: can delete on DAG:example_branch_labels
[2025-10-15T17:08:13.467+0000] {logging_mixin.py:188} INFO - [2025-10-15T17:08:13.434+0000] {override.py:1858} INFO - Created Permission View: can read on DAG:example_branch_labels
[2025-10-15T17:08:13.487+0000] {logging_mixin.py:188} INFO - [2025-10-15T17:08:13.479+0000] {dag.py:3089} INFO - Sync 1 DAGs
[2025-10-15T17:08:13.519+0000] {logging_mixin.py:188} INFO - [2025-10-15T17:08:13.518+0000] {dag.py:3111} INFO - Creating ORM DAG for example_branch_labels
[2025-10-15T17:08:13.541+0000] {logging_mixin.py:188} INFO - [2025-10-15T17:08:13.540+0000] {dag.py:3947} INFO - Setting next_dagrun for example_branch_labels to 2025-10-14 00:00:00+00:00, run_after=2025-10-15 00:00:00+00:00
[2025-10-15T17:08:13.580+0000] {processor.py:183} INFO - Processing /home/airflow/.local/lib/python3.12/site-packages/airflow/example_dags/example_branch_labels.py took 1.336 seconds
[2025-10-15T17:08:44.012+0000] {processor.py:161} INFO - Started process (PID=160) to work on /home/airflow/.local/lib/python3.12/site-packages/airflow/example_dags/example_branch_labels.py
[2025-10-15T17:08:44.013+0000] {processor.py:830} INFO - Processing file /home/airflow/.local/lib/python3.12/site-packages/airflow/example_dags/example_branch_labels.py for tasks to queue
[2025-10-15T17:08:44.014+0000] {logging_mixin.py:188} INFO - [2025-10-15T17:08:44.014+0000] {dagbag.py:545} INFO - Filling up the DagBag from /home/airflow/.local/lib/python3.12/site-packages/airflow/example_dags/example_branch_labels.py
[2025-10-15T17:08:44.019+0000] {processor.py:840} INFO - DAG(s) 'example_branch_labels' retrieved from /home/airflow/.local/lib/python3.12/site-packages/airflow/example_dags/example_branch_labels.py
[2025-10-15T17:08:44.032+0000] {logging_mixin.py:188} INFO - [2025-10-15T17:08:44.032+0000] {dag.py:3089} INFO - Sync 1 DAGs
[2025-10-15T17:08:44.046+0000] {logging_mixin.py:188} INFO - [2025-10-15T17:08:44.046+0000] {dag.py:3947} INFO - Setting next_dagrun for example_branch_labels to 2025-10-14 00:00:00+00:00, run_after=2025-10-15 00:00:00+00:00
[2025-10-15T17:08:44.063+0000] {processor.py:183} INFO - Processing /home/airflow/.local/lib/python3.12/site-packages/airflow/example_dags/example_branch_labels.py took 0.055 seconds
[2025-10-15T17:09:14.954+0000] {processor.py:161} INFO - Started process (PID=219) to work on /home/airflow/.local/lib/python3.12/site-packages/airflow/example_dags/example_branch_labels.py
[2025-10-15T17:09:14.960+0000] {processor.py:830} INFO - Processing file /home/airflow/.local/lib/python3.12/site-packages/airflow/example_dags/example_branch_labels.py for tasks to queue
[2025-10-15T17:09:14.961+0000] {logging_mixin.py:188} INFO - [2025-10-15T17:09:14.961+0000] {dagbag.py:545} INFO - Filling up the DagBag from /home/airflow/.local/lib/python3.12/site-packages/airflow/example_dags/example_branch_labels.py
[2025-10-15T17:09:14.966+0000] {processor.py:840} INFO - DAG(s) 'example_branch_labels' retrieved from /home/airflow/.local/lib/python3.12/site-packages/airflow/example_dags/example_branch_labels.py
[2025-10-15T17:09:14.982+0000] {logging_mixin.py:188} INFO - [2025-10-15T17:09:14.982+0000] {dag.py:3089} INFO - Sync 1 DAGs
[2025-10-15T17:09:14.999+0000] {logging_mixin.py:188} INFO - [2025-10-15T17:09:14.999+0000] {dag.py:3947} INFO - Setting next_dagrun for example_branch_labels to 2025-10-14 00:00:00+00:00, run_after=2025-10-15 00:00:00+00:00
[2025-10-15T17:09:15.015+0000] {processor.py:183} INFO - Processing /home/airflow/.local/lib/python3.12/site-packages/airflow/example_dags/example_branch_labels.py took 0.065 seconds
[2025-10-15T17:09:45.048+0000] {processor.py:161} INFO - Started process (PID=276) to work on /home/airflow/.local/lib/python3.12/site-packages/airflow/example_dags/example_branch_labels.py
[2025-10-15T17:09:45.048+0000] {processor.py:830} INFO - Processing file /home/airflow/.local/lib/python3.12/site-packages/airflow/example_dags/example_branch_labels.py for tasks to queue
[2025-10-15T17:09:45.049+0000] {logging_mixin.py:188} INFO - [2025-10-15T17:09:45.049+0000] {dagbag.py:545} INFO - Filling up the DagBag from /home/airflow/.local/lib/python3.12/site-packages/airflow/example_dags/example_branch_labels.py
[2025-10-15T17:09:45.055+0000] {processor.py:840} INFO - DAG(s) 'example_branch_labels' retrieved from /home/airflow/.local/lib/python3.12/site-packages/airflow/example_dags/example_branch_labels.py
[2025-10-15T17:09:45.069+0000] {logging_mixin.py:188} INFO - [2025-10-15T17:09:45.068+0000] {dag.py:3089} INFO - Sync 1 DAGs
[2025-10-15T17:09:45.082+0000] {logging_mixin.py:188} INFO - [2025-10-15T17:09:45.081+0000] {dag.py:3947} INFO - Setting next_dagrun for example_branch_labels to 2025-10-14 00:00:00+00:00, run_after=2025-10-15 00:00:00+00:00
[2025-10-15T17:09:45.092+0000] {processor.py:183} INFO - Processing /home/airflow/.local/lib/python3.12/site-packages/airflow/example_dags/example_branch_labels.py took 0.048 seconds
[2025-10-15T17:10:15.299+0000] {processor.py:161} INFO - Started process (PID=334) to work on /home/airflow/.local/lib/python3.12/site-packages/airflow/example_dags/example_branch_labels.py
[2025-10-15T17:10:15.300+0000] {processor.py:830} INFO - Processing file /home/airflow/.local/lib/python3.12/site-packages/airflow/example_dags/example_branch_labels.py for tasks to queue
[2025-10-15T17:10:15.301+0000] {logging_mixin.py:188} INFO - [2025-10-15T17:10:15.301+0000] {dagbag.py:545} INFO - Filling up the DagBag from /home/airflow/.local/lib/python3.12/site-packages/airflow/example_dags/example_branch_labels.py
[2025-10-15T17:10:15.306+0000] {processor.py:840} INFO - DAG(s) 'example_branch_labels' retrieved from /home/airflow/.local/lib/python3.12/site-packages/airflow/example_dags/example_branch_labels.py
[2025-10-15T17:10:15.319+0000] {logging_mixin.py:188} INFO - [2025-10-15T17:10:15.319+0000] {dag.py:3089} INFO - Sync 1 DAGs
[2025-10-15T17:10:15.333+0000] {logging_mixin.py:188} INFO - [2025-10-15T17:10:15.333+0000] {dag.py:3947} INFO - Setting next_dagrun for example_branch_labels to 2025-10-14 00:00:00+00:00, run_after=2025-10-15 00:00:00+00:00
[2025-10-15T17:10:15.343+0000] {processor.py:183} INFO - Processing /home/airflow/.local/lib/python3.12/site-packages/airflow/example_dags/example_branch_labels.py took 0.048 seconds
[2025-10-15T17:10:45.411+0000] {processor.py:161} INFO - Started process (PID=392) to work on /home/airflow/.local/lib/python3.12/site-packages/airflow/example_dags/example_branch_labels.py
[2025-10-15T17:10:45.411+0000] {processor.py:830} INFO - Processing file /home/airflow/.local/lib/python3.12/site-packages/airflow/example_dags/example_branch_labels.py for tasks to queue
[2025-10-15T17:10:45.413+0000] {logging_mixin.py:188} INFO - [2025-10-15T17:10:45.412+0000] {dagbag.py:545} INFO - Filling up the DagBag from /home/airflow/.local/lib/python3.12/site-packages/airflow/example_dags/example_branch_labels.py
[2025-10-15T17:10:45.418+0000] {processor.py:840} INFO - DAG(s) 'example_branch_labels' retrieved from /home/airflow/.local/lib/python3.12/site-packages/airflow/example_dags/example_branch_labels.py
[2025-10-15T17:10:45.431+0000] {logging_mixin.py:188} INFO - [2025-10-15T17:10:45.430+0000] {dag.py:3089} INFO - Sync 1 DAGs
[2025-10-15T17:10:45.443+0000] {logging_mixin.py:188} INFO - [2025-10-15T17:10:45.443+0000] {dag.py:3947} INFO - Setting next_dagrun for example_branch_labels to 2025-10-14 00:00:00+00:00, run_after=2025-10-15 00:00:00+00:00
[2025-10-15T17:10:45.452+0000] {processor.py:183} INFO - Processing /home/airflow/.local/lib/python3.12/site-packages/airflow/example_dags/example_branch_labels.py took 0.045 seconds
[2025-10-15T17:11:16.145+0000] {processor.py:161} INFO - Started process (PID=450) to work on /home/airflow/.local/lib/python3.12/site-packages/airflow/example_dags/example_branch_labels.py
[2025-10-15T17:11:16.147+0000] {processor.py:830} INFO - Processing file /home/airflow/.local/lib/python3.12/site-packages/airflow/example_dags/example_branch_labels.py for tasks to queue
[2025-10-15T17:11:16.150+0000] {logging_mixin.py:188} INFO - [2025-10-15T17:11:16.149+0000] {dagbag.py:545} INFO - Filling up the DagBag from /home/airflow/.local/lib/python3.12/site-packages/airflow/example_dags/example_branch_labels.py
[2025-10-15T17:11:16.159+0000] {processor.py:840} INFO - DAG(s) 'example_branch_labels' retrieved from /home/airflow/.local/lib/python3.12/site-packages/airflow/example_dags/example_branch_labels.py
[2025-10-15T17:11:16.189+0000] {logging_mixin.py:188} INFO - [2025-10-15T17:11:16.188+0000] {dag.py:3089} INFO - Sync 1 DAGs
[2025-10-15T17:11:16.212+0000] {logging_mixin.py:188} INFO - [2025-10-15T17:11:16.211+0000] {dag.py:3947} INFO - Setting next_dagrun for example_branch_labels to 2025-10-14 00:00:00+00:00, run_after=2025-10-15 00:00:00+00:00
[2025-10-15T17:11:16.237+0000] {processor.py:183} INFO - Processing /home/airflow/.local/lib/python3.12/site-packages/airflow/example_dags/example_branch_labels.py took 0.097 seconds
[2025-10-15T17:11:46.287+0000] {processor.py:161} INFO - Started process (PID=508) to work on /home/airflow/.local/lib/python3.12/site-packages/airflow/example_dags/example_branch_labels.py
[2025-10-15T17:11:46.288+0000] {processor.py:830} INFO - Processing file /home/airflow/.local/lib/python3.12/site-packages/airflow/example_dags/example_branch_labels.py for tasks to queue
[2025-10-15T17:11:46.289+0000] {logging_mixin.py:188} INFO - [2025-10-15T17:11:46.289+0000] {dagbag.py:545} INFO - Filling up the DagBag from /home/airflow/.local/lib/python3.12/site-packages/airflow/example_dags/example_branch_labels.py
[2025-10-15T17:11:46.294+0000] {processor.py:840} INFO - DAG(s) 'example_branch_labels' retrieved from /home/airflow/.local/lib/python3.12/site-packages/airflow/example_dags/example_branch_labels.py
[2025-10-15T17:11:46.307+0000] {logging_mixin.py:188} INFO - [2025-10-15T17:11:46.307+0000] {dag.py:3089} INFO - Sync 1 DAGs
[2025-10-15T17:11:46.320+0000] {logging_mixin.py:188} INFO - [2025-10-15T17:11:46.319+0000] {dag.py:3947} INFO - Setting next_dagrun for example_branch_labels to 2025-10-14 00:00:00+00:00, run_after=2025-10-15 00:00:00+00:00
[2025-10-15T17:11:46.329+0000] {processor.py:183} INFO - Processing /home/airflow/.local/lib/python3.12/site-packages/airflow/example_dags/example_branch_labels.py took 0.046 seconds
[2025-10-15T17:12:16.653+0000] {processor.py:161} INFO - Started process (PID=566) to work on /home/airflow/.local/lib/python3.12/site-packages/airflow/example_dags/example_branch_labels.py
[2025-10-15T17:12:16.654+0000] {processor.py:830} INFO - Processing file /home/airflow/.local/lib/python3.12/site-packages/airflow/example_dags/example_branch_labels.py for tasks to queue
[2025-10-15T17:12:16.655+0000] {logging_mixin.py:188} INFO - [2025-10-15T17:12:16.655+0000] {dagbag.py:545} INFO - Filling up the DagBag from /home/airflow/.local/lib/python3.12/site-packages/airflow/example_dags/example_branch_labels.py
[2025-10-15T17:12:16.660+0000] {processor.py:840} INFO - DAG(s) 'example_branch_labels' retrieved from /home/airflow/.local/lib/python3.12/site-packages/airflow/example_dags/example_branch_labels.py
[2025-10-15T17:12:16.676+0000] {logging_mixin.py:188} INFO - [2025-10-15T17:12:16.675+0000] {dag.py:3089} INFO - Sync 1 DAGs
[2025-10-15T17:12:16.693+0000] {logging_mixin.py:188} INFO - [2025-10-15T17:12:16.693+0000] {dag.py:3947} INFO - Setting next_dagrun for example_branch_labels to 2025-10-14 00:00:00+00:00, run_after=2025-10-15 00:00:00+00:00
[2025-10-15T17:12:16.707+0000] {processor.py:183} INFO - Processing /home/airflow/.local/lib/python3.12/site-packages/airflow/example_dags/example_branch_labels.py took 0.058 seconds
[2025-10-15T17:12:47.365+0000] {processor.py:161} INFO - Started process (PID=624) to work on /home/airflow/.local/lib/python3.12/site-packages/airflow/example_dags/example_branch_labels.py
[2025-10-15T17:12:47.366+0000] {processor.py:830} INFO - Processing file /home/airflow/.local/lib/python3.12/site-packages/airflow/example_dags/example_branch_labels.py for tasks to queue
[2025-10-15T17:12:47.367+0000] {logging_mixin.py:188} INFO - [2025-10-15T17:12:47.367+0000] {dagbag.py:545} INFO - Filling up the DagBag from /home/airflow/.local/lib/python3.12/site-packages/airflow/example_dags/example_branch_labels.py
[2025-10-15T17:12:47.372+0000] {processor.py:840} INFO - DAG(s) 'example_branch_labels' retrieved from /home/airflow/.local/lib/python3.12/site-packages/airflow/example_dags/example_branch_labels.py
[2025-10-15T17:12:47.397+0000] {logging_mixin.py:188} INFO - [2025-10-15T17:12:47.396+0000] {dag.py:3089} INFO - Sync 1 DAGs
[2025-10-15T17:12:47.413+0000] {logging_mixin.py:188} INFO - [2025-10-15T17:12:47.413+0000] {dag.py:3947} INFO - Setting next_dagrun for example_branch_labels to 2025-10-14 00:00:00+00:00, run_after=2025-10-15 00:00:00+00:00
[2025-10-15T17:12:47.428+0000] {processor.py:183} INFO - Processing /home/airflow/.local/lib/python3.12/site-packages/airflow/example_dags/example_branch_labels.py took 0.067 seconds
[2025-10-15T17:13:18.417+0000] {processor.py:161} INFO - Started process (PID=682) to work on /home/airflow/.local/lib/python3.12/site-packages/airflow/example_dags/example_branch_labels.py
[2025-10-15T17:13:18.417+0000] {processor.py:830} INFO - Processing file /home/airflow/.local/lib/python3.12/site-packages/airflow/example_dags/example_branch_labels.py for tasks to queue
[2025-10-15T17:13:18.418+0000] {logging_mixin.py:188} INFO - [2025-10-15T17:13:18.418+0000] {dagbag.py:545} INFO - Filling up the DagBag from /home/airflow/.local/lib/python3.12/site-packages/airflow/example_dags/example_branch_labels.py
[2025-10-15T17:13:18.423+0000] {processor.py:840} INFO - DAG(s) 'example_branch_labels' retrieved from /home/airflow/.local/lib/python3.12/site-packages/airflow/example_dags/example_branch_labels.py
[2025-10-15T17:13:18.438+0000] {logging_mixin.py:188} INFO - [2025-10-15T17:13:18.438+0000] {dag.py:3089} INFO - Sync 1 DAGs
[2025-10-15T17:13:18.452+0000] {logging_mixin.py:188} INFO - [2025-10-15T17:13:18.451+0000] {dag.py:3947} INFO - Setting next_dagrun for example_branch_labels to 2025-10-14 00:00:00+00:00, run_after=2025-10-15 00:00:00+00:00
[2025-10-15T17:13:18.462+0000] {processor.py:183} INFO - Processing /home/airflow/.local/lib/python3.12/site-packages/airflow/example_dags/example_branch_labels.py took 0.050 seconds
[2025-10-15T17:13:49.440+0000] {processor.py:161} INFO - Started process (PID=740) to work on /home/airflow/.local/lib/python3.12/site-packages/airflow/example_dags/example_branch_labels.py
[2025-10-15T17:13:49.441+0000] {processor.py:830} INFO - Processing file /home/airflow/.local/lib/python3.12/site-packages/airflow/example_dags/example_branch_labels.py for tasks to queue
[2025-10-15T17:13:49.442+0000] {logging_mixin.py:188} INFO - [2025-10-15T17:13:49.442+0000] {dagbag.py:545} INFO - Filling up the DagBag from /home/airflow/.local/lib/python3.12/site-packages/airflow/example_dags/example_branch_labels.py
[2025-10-15T17:13:49.448+0000] {processor.py:840} INFO - DAG(s) 'example_branch_labels' retrieved from /home/airflow/.local/lib/python3.12/site-packages/airflow/example_dags/example_branch_labels.py
[2025-10-15T17:13:49.463+0000] {logging_mixin.py:188} INFO - [2025-10-15T17:13:49.463+0000] {dag.py:3089} INFO - Sync 1 DAGs
[2025-10-15T17:13:49.477+0000] {logging_mixin.py:188} INFO - [2025-10-15T17:13:49.477+0000] {dag.py:3947} INFO - Setting next_dagrun for example_branch_labels to 2025-10-14 00:00:00+00:00, run_after=2025-10-15 00:00:00+00:00
[2025-10-15T17:13:49.487+0000] {processor.py:183} INFO - Processing /home/airflow/.local/lib/python3.12/site-packages/airflow/example_dags/example_branch_labels.py took 0.051 seconds
[2025-10-15T17:14:19.779+0000] {processor.py:161} INFO - Started process (PID=798) to work on /home/airflow/.local/lib/python3.12/site-packages/airflow/example_dags/example_branch_labels.py
[2025-10-15T17:14:19.781+0000] {processor.py:830} INFO - Processing file /home/airflow/.local/lib/python3.12/site-packages/airflow/example_dags/example_branch_labels.py for tasks to queue
[2025-10-15T17:14:19.782+0000] {logging_mixin.py:188} INFO - [2025-10-15T17:14:19.782+0000] {dagbag.py:545} INFO - Filling up the DagBag from /home/airflow/.local/lib/python3.12/site-packages/airflow/example_dags/example_branch_labels.py
[2025-10-15T17:14:19.788+0000] {processor.py:840} INFO - DAG(s) 'example_branch_labels' retrieved from /home/airflow/.local/lib/python3.12/site-packages/airflow/example_dags/example_branch_labels.py
[2025-10-15T17:14:19.804+0000] {logging_mixin.py:188} INFO - [2025-10-15T17:14:19.803+0000] {dag.py:3089} INFO - Sync 1 DAGs
[2025-10-15T17:14:19.817+0000] {logging_mixin.py:188} INFO - [2025-10-15T17:14:19.817+0000] {dag.py:3947} INFO - Setting next_dagrun for example_branch_labels to 2025-10-14 00:00:00+00:00, run_after=2025-10-15 00:00:00+00:00
[2025-10-15T17:14:19.827+0000] {processor.py:183} INFO - Processing /home/airflow/.local/lib/python3.12/site-packages/airflow/example_dags/example_branch_labels.py took 0.052 seconds
[2025-10-15T17:14:50.042+0000] {processor.py:161} INFO - Started process (PID=856) to work on /home/airflow/.local/lib/python3.12/site-packages/airflow/example_dags/example_branch_labels.py
[2025-10-15T17:14:50.042+0000] {processor.py:830} INFO - Processing file /home/airflow/.local/lib/python3.12/site-packages/airflow/example_dags/example_branch_labels.py for tasks to queue
[2025-10-15T17:14:50.043+0000] {logging_mixin.py:188} INFO - [2025-10-15T17:14:50.043+0000] {dagbag.py:545} INFO - Filling up the DagBag from /home/airflow/.local/lib/python3.12/site-packages/airflow/example_dags/example_branch_labels.py
[2025-10-15T17:14:50.049+0000] {processor.py:840} INFO - DAG(s) 'example_branch_labels' retrieved from /home/airflow/.local/lib/python3.12/site-packages/airflow/example_dags/example_branch_labels.py
[2025-10-15T17:14:50.063+0000] {logging_mixin.py:188} INFO - [2025-10-15T17:14:50.063+0000] {dag.py:3089} INFO - Sync 1 DAGs
[2025-10-15T17:14:50.076+0000] {logging_mixin.py:188} INFO - [2025-10-15T17:14:50.075+0000] {dag.py:3947} INFO - Setting next_dagrun for example_branch_labels to 2025-10-14 00:00:00+00:00, run_after=2025-10-15 00:00:00+00:00
[2025-10-15T17:14:50.084+0000] {processor.py:183} INFO - Processing /home/airflow/.local/lib/python3.12/site-packages/airflow/example_dags/example_branch_labels.py took 0.047 seconds
[2025-10-15T17:15:20.359+0000] {processor.py:161} INFO - Started process (PID=914) to work on /home/airflow/.local/lib/python3.12/site-packages/airflow/example_dags/example_branch_labels.py
[2025-10-15T17:15:20.361+0000] {processor.py:830} INFO - Processing file /home/airflow/.local/lib/python3.12/site-packages/airflow/example_dags/example_branch_labels.py for tasks to queue
[2025-10-15T17:15:20.362+0000] {logging_mixin.py:188} INFO - [2025-10-15T17:15:20.362+0000] {dagbag.py:545} INFO - Filling up the DagBag from /home/airflow/.local/lib/python3.12/site-packages/airflow/example_dags/example_branch_labels.py
[2025-10-15T17:15:20.366+0000] {processor.py:840} INFO - DAG(s) 'example_branch_labels' retrieved from /home/airflow/.local/lib/python3.12/site-packages/airflow/example_dags/example_branch_labels.py
[2025-10-15T17:15:20.379+0000] {logging_mixin.py:188} INFO - [2025-10-15T17:15:20.379+0000] {dag.py:3089} INFO - Sync 1 DAGs
[2025-10-15T17:15:20.392+0000] {logging_mixin.py:188} INFO - [2025-10-15T17:15:20.392+0000] {dag.py:3947} INFO - Setting next_dagrun for example_branch_labels to 2025-10-14 00:00:00+00:00, run_after=2025-10-15 00:00:00+00:00
[2025-10-15T17:15:20.402+0000] {processor.py:183} INFO - Processing /home/airflow/.local/lib/python3.12/site-packages/airflow/example_dags/example_branch_labels.py took 0.047 seconds
[2025-10-15T17:19:49.730+0000] {processor.py:161} INFO - Started process (PID=98) to work on /home/airflow/.local/lib/python3.12/site-packages/airflow/example_dags/example_branch_labels.py
[2025-10-15T17:19:49.733+0000] {processor.py:830} INFO - Processing file /home/airflow/.local/lib/python3.12/site-packages/airflow/example_dags/example_branch_labels.py for tasks to queue
[2025-10-15T17:19:49.737+0000] {logging_mixin.py:188} INFO - [2025-10-15T17:19:49.736+0000] {dagbag.py:545} INFO - Filling up the DagBag from /home/airflow/.local/lib/python3.12/site-packages/airflow/example_dags/example_branch_labels.py
[2025-10-15T17:19:49.751+0000] {processor.py:840} INFO - DAG(s) 'example_branch_labels' retrieved from /home/airflow/.local/lib/python3.12/site-packages/airflow/example_dags/example_branch_labels.py
[2025-10-15T17:19:49.865+0000] {logging_mixin.py:188} INFO - [2025-10-15T17:19:49.865+0000] {dag.py:3089} INFO - Sync 1 DAGs
[2025-10-15T17:19:49.884+0000] {logging_mixin.py:188} INFO - [2025-10-15T17:19:49.884+0000] {dag.py:3947} INFO - Setting next_dagrun for example_branch_labels to 2025-10-14 00:00:00+00:00, run_after=2025-10-15 00:00:00+00:00
[2025-10-15T17:19:49.899+0000] {processor.py:183} INFO - Processing /home/airflow/.local/lib/python3.12/site-packages/airflow/example_dags/example_branch_labels.py took 0.180 seconds
[2025-10-15T17:20:20.429+0000] {processor.py:161} INFO - Started process (PID=156) to work on /home/airflow/.local/lib/python3.12/site-packages/airflow/example_dags/example_branch_labels.py
[2025-10-15T17:20:20.429+0000] {processor.py:830} INFO - Processing file /home/airflow/.local/lib/python3.12/site-packages/airflow/example_dags/example_branch_labels.py for tasks to queue
[2025-10-15T17:20:20.431+0000] {logging_mixin.py:188} INFO - [2025-10-15T17:20:20.431+0000] {dagbag.py:545} INFO - Filling up the DagBag from /home/airflow/.local/lib/python3.12/site-packages/airflow/example_dags/example_branch_labels.py
[2025-10-15T17:20:20.437+0000] {processor.py:840} INFO - DAG(s) 'example_branch_labels' retrieved from /home/airflow/.local/lib/python3.12/site-packages/airflow/example_dags/example_branch_labels.py
[2025-10-15T17:20:20.453+0000] {logging_mixin.py:188} INFO - [2025-10-15T17:20:20.453+0000] {dag.py:3089} INFO - Sync 1 DAGs
[2025-10-15T17:20:20.469+0000] {logging_mixin.py:188} INFO - [2025-10-15T17:20:20.469+0000] {dag.py:3947} INFO - Setting next_dagrun for example_branch_labels to 2025-10-14 00:00:00+00:00, run_after=2025-10-15 00:00:00+00:00
[2025-10-15T17:20:20.479+0000] {processor.py:183} INFO - Processing /home/airflow/.local/lib/python3.12/site-packages/airflow/example_dags/example_branch_labels.py took 0.054 seconds
[2025-10-15T17:20:51.140+0000] {processor.py:161} INFO - Started process (PID=214) to work on /home/airflow/.local/lib/python3.12/site-packages/airflow/example_dags/example_branch_labels.py
[2025-10-15T17:20:51.141+0000] {processor.py:830} INFO - Processing file /home/airflow/.local/lib/python3.12/site-packages/airflow/example_dags/example_branch_labels.py for tasks to queue
[2025-10-15T17:20:51.143+0000] {logging_mixin.py:188} INFO - [2025-10-15T17:20:51.143+0000] {dagbag.py:545} INFO - Filling up the DagBag from /home/airflow/.local/lib/python3.12/site-packages/airflow/example_dags/example_branch_labels.py
[2025-10-15T17:20:51.148+0000] {processor.py:840} INFO - DAG(s) 'example_branch_labels' retrieved from /home/airflow/.local/lib/python3.12/site-packages/airflow/example_dags/example_branch_labels.py
[2025-10-15T17:20:51.169+0000] {logging_mixin.py:188} INFO - [2025-10-15T17:20:51.169+0000] {dag.py:3089} INFO - Sync 1 DAGs
[2025-10-15T17:20:51.186+0000] {logging_mixin.py:188} INFO - [2025-10-15T17:20:51.186+0000] {dag.py:3947} INFO - Setting next_dagrun for example_branch_labels to 2025-10-14 00:00:00+00:00, run_after=2025-10-15 00:00:00+00:00
[2025-10-15T17:20:51.205+0000] {processor.py:183} INFO - Processing /home/airflow/.local/lib/python3.12/site-packages/airflow/example_dags/example_branch_labels.py took 0.068 seconds
[2025-10-15T17:21:22.100+0000] {processor.py:161} INFO - Started process (PID=272) to work on /home/airflow/.local/lib/python3.12/site-packages/airflow/example_dags/example_branch_labels.py
[2025-10-15T17:21:22.102+0000] {processor.py:830} INFO - Processing file /home/airflow/.local/lib/python3.12/site-packages/airflow/example_dags/example_branch_labels.py for tasks to queue
[2025-10-15T17:21:22.104+0000] {logging_mixin.py:188} INFO - [2025-10-15T17:21:22.104+0000] {dagbag.py:545} INFO - Filling up the DagBag from /home/airflow/.local/lib/python3.12/site-packages/airflow/example_dags/example_branch_labels.py
[2025-10-15T17:21:22.111+0000] {processor.py:840} INFO - DAG(s) 'example_branch_labels' retrieved from /home/airflow/.local/lib/python3.12/site-packages/airflow/example_dags/example_branch_labels.py
[2025-10-15T17:21:22.133+0000] {logging_mixin.py:188} INFO - [2025-10-15T17:21:22.132+0000] {dag.py:3089} INFO - Sync 1 DAGs
[2025-10-15T17:21:22.153+0000] {logging_mixin.py:188} INFO - [2025-10-15T17:21:22.152+0000] {dag.py:3947} INFO - Setting next_dagrun for example_branch_labels to 2025-10-14 00:00:00+00:00, run_after=2025-10-15 00:00:00+00:00
[2025-10-15T17:21:22.173+0000] {processor.py:183} INFO - Processing /home/airflow/.local/lib/python3.12/site-packages/airflow/example_dags/example_branch_labels.py took 0.079 seconds
[2025-10-15T17:21:53.341+0000] {processor.py:161} INFO - Started process (PID=330) to work on /home/airflow/.local/lib/python3.12/site-packages/airflow/example_dags/example_branch_labels.py
[2025-10-15T17:21:53.342+0000] {processor.py:830} INFO - Processing file /home/airflow/.local/lib/python3.12/site-packages/airflow/example_dags/example_branch_labels.py for tasks to queue
[2025-10-15T17:21:53.343+0000] {logging_mixin.py:188} INFO - [2025-10-15T17:21:53.343+0000] {dagbag.py:545} INFO - Filling up the DagBag from /home/airflow/.local/lib/python3.12/site-packages/airflow/example_dags/example_branch_labels.py
[2025-10-15T17:21:53.350+0000] {processor.py:840} INFO - DAG(s) 'example_branch_labels' retrieved from /home/airflow/.local/lib/python3.12/site-packages/airflow/example_dags/example_branch_labels.py
[2025-10-15T17:21:53.376+0000] {logging_mixin.py:188} INFO - [2025-10-15T17:21:53.376+0000] {dag.py:3089} INFO - Sync 1 DAGs
[2025-10-15T17:21:53.399+0000] {logging_mixin.py:188} INFO - [2025-10-15T17:21:53.399+0000] {dag.py:3947} INFO - Setting next_dagrun for example_branch_labels to 2025-10-14 00:00:00+00:00, run_after=2025-10-15 00:00:00+00:00
[2025-10-15T17:21:53.419+0000] {processor.py:183} INFO - Processing /home/airflow/.local/lib/python3.12/site-packages/airflow/example_dags/example_branch_labels.py took 0.086 seconds
[2025-10-15T17:22:23.931+0000] {processor.py:161} INFO - Started process (PID=388) to work on /home/airflow/.local/lib/python3.12/site-packages/airflow/example_dags/example_branch_labels.py
[2025-10-15T17:22:23.933+0000] {processor.py:830} INFO - Processing file /home/airflow/.local/lib/python3.12/site-packages/airflow/example_dags/example_branch_labels.py for tasks to queue
[2025-10-15T17:22:23.933+0000] {logging_mixin.py:188} INFO - [2025-10-15T17:22:23.933+0000] {dagbag.py:545} INFO - Filling up the DagBag from /home/airflow/.local/lib/python3.12/site-packages/airflow/example_dags/example_branch_labels.py
[2025-10-15T17:22:23.941+0000] {processor.py:840} INFO - DAG(s) 'example_branch_labels' retrieved from /home/airflow/.local/lib/python3.12/site-packages/airflow/example_dags/example_branch_labels.py
[2025-10-15T17:22:23.960+0000] {logging_mixin.py:188} INFO - [2025-10-15T17:22:23.960+0000] {dag.py:3089} INFO - Sync 1 DAGs
[2025-10-15T17:22:23.979+0000] {logging_mixin.py:188} INFO - [2025-10-15T17:22:23.979+0000] {dag.py:3947} INFO - Setting next_dagrun for example_branch_labels to 2025-10-14 00:00:00+00:00, run_after=2025-10-15 00:00:00+00:00
[2025-10-15T17:22:23.999+0000] {processor.py:183} INFO - Processing /home/airflow/.local/lib/python3.12/site-packages/airflow/example_dags/example_branch_labels.py took 0.071 seconds
[2025-10-15T17:22:54.482+0000] {processor.py:161} INFO - Started process (PID=446) to work on /home/airflow/.local/lib/python3.12/site-packages/airflow/example_dags/example_branch_labels.py
[2025-10-15T17:22:54.484+0000] {processor.py:830} INFO - Processing file /home/airflow/.local/lib/python3.12/site-packages/airflow/example_dags/example_branch_labels.py for tasks to queue
[2025-10-15T17:22:54.487+0000] {logging_mixin.py:188} INFO - [2025-10-15T17:22:54.486+0000] {dagbag.py:545} INFO - Filling up the DagBag from /home/airflow/.local/lib/python3.12/site-packages/airflow/example_dags/example_branch_labels.py
[2025-10-15T17:22:54.501+0000] {processor.py:840} INFO - DAG(s) 'example_branch_labels' retrieved from /home/airflow/.local/lib/python3.12/site-packages/airflow/example_dags/example_branch_labels.py
[2025-10-15T17:22:54.531+0000] {logging_mixin.py:188} INFO - [2025-10-15T17:22:54.530+0000] {dag.py:3089} INFO - Sync 1 DAGs
[2025-10-15T17:22:54.551+0000] {logging_mixin.py:188} INFO - [2025-10-15T17:22:54.551+0000] {dag.py:3947} INFO - Setting next_dagrun for example_branch_labels to 2025-10-14 00:00:00+00:00, run_after=2025-10-15 00:00:00+00:00
[2025-10-15T17:22:54.567+0000] {processor.py:183} INFO - Processing /home/airflow/.local/lib/python3.12/site-packages/airflow/example_dags/example_branch_labels.py took 0.095 seconds
[2025-10-15T17:23:25.206+0000] {processor.py:161} INFO - Started process (PID=504) to work on /home/airflow/.local/lib/python3.12/site-packages/airflow/example_dags/example_branch_labels.py
[2025-10-15T17:23:25.208+0000] {processor.py:830} INFO - Processing file /home/airflow/.local/lib/python3.12/site-packages/airflow/example_dags/example_branch_labels.py for tasks to queue
[2025-10-15T17:23:25.210+0000] {logging_mixin.py:188} INFO - [2025-10-15T17:23:25.210+0000] {dagbag.py:545} INFO - Filling up the DagBag from /home/airflow/.local/lib/python3.12/site-packages/airflow/example_dags/example_branch_labels.py
[2025-10-15T17:23:25.215+0000] {processor.py:840} INFO - DAG(s) 'example_branch_labels' retrieved from /home/airflow/.local/lib/python3.12/site-packages/airflow/example_dags/example_branch_labels.py
[2025-10-15T17:23:25.234+0000] {logging_mixin.py:188} INFO - [2025-10-15T17:23:25.234+0000] {dag.py:3089} INFO - Sync 1 DAGs
[2025-10-15T17:23:25.248+0000] {logging_mixin.py:188} INFO - [2025-10-15T17:23:25.248+0000] {dag.py:3947} INFO - Setting next_dagrun for example_branch_labels to 2025-10-14 00:00:00+00:00, run_after=2025-10-15 00:00:00+00:00
[2025-10-15T17:23:25.259+0000] {processor.py:183} INFO - Processing /home/airflow/.local/lib/python3.12/site-packages/airflow/example_dags/example_branch_labels.py took 0.057 seconds
[2025-10-15T17:23:55.642+0000] {processor.py:161} INFO - Started process (PID=562) to work on /home/airflow/.local/lib/python3.12/site-packages/airflow/example_dags/example_branch_labels.py
[2025-10-15T17:23:55.648+0000] {processor.py:830} INFO - Processing file /home/airflow/.local/lib/python3.12/site-packages/airflow/example_dags/example_branch_labels.py for tasks to queue
[2025-10-15T17:23:55.649+0000] {logging_mixin.py:188} INFO - [2025-10-15T17:23:55.649+0000] {dagbag.py:545} INFO - Filling up the DagBag from /home/airflow/.local/lib/python3.12/site-packages/airflow/example_dags/example_branch_labels.py
[2025-10-15T17:23:55.654+0000] {processor.py:840} INFO - DAG(s) 'example_branch_labels' retrieved from /home/airflow/.local/lib/python3.12/site-packages/airflow/example_dags/example_branch_labels.py
[2025-10-15T17:23:55.671+0000] {logging_mixin.py:188} INFO - [2025-10-15T17:23:55.670+0000] {dag.py:3089} INFO - Sync 1 DAGs
[2025-10-15T17:23:55.687+0000] {logging_mixin.py:188} INFO - [2025-10-15T17:23:55.687+0000] {dag.py:3947} INFO - Setting next_dagrun for example_branch_labels to 2025-10-14 00:00:00+00:00, run_after=2025-10-15 00:00:00+00:00
[2025-10-15T17:23:55.706+0000] {processor.py:183} INFO - Processing /home/airflow/.local/lib/python3.12/site-packages/airflow/example_dags/example_branch_labels.py took 0.068 seconds
[2025-10-15T17:24:26.569+0000] {processor.py:161} INFO - Started process (PID=620) to work on /home/airflow/.local/lib/python3.12/site-packages/airflow/example_dags/example_branch_labels.py
[2025-10-15T17:24:26.574+0000] {processor.py:830} INFO - Processing file /home/airflow/.local/lib/python3.12/site-packages/airflow/example_dags/example_branch_labels.py for tasks to queue
[2025-10-15T17:24:26.579+0000] {logging_mixin.py:188} INFO - [2025-10-15T17:24:26.578+0000] {dagbag.py:545} INFO - Filling up the DagBag from /home/airflow/.local/lib/python3.12/site-packages/airflow/example_dags/example_branch_labels.py
[2025-10-15T17:24:26.600+0000] {processor.py:840} INFO - DAG(s) 'example_branch_labels' retrieved from /home/airflow/.local/lib/python3.12/site-packages/airflow/example_dags/example_branch_labels.py
[2025-10-15T17:24:26.726+0000] {logging_mixin.py:188} INFO - [2025-10-15T17:24:26.725+0000] {dag.py:3089} INFO - Sync 1 DAGs
[2025-10-15T17:24:26.775+0000] {logging_mixin.py:188} INFO - [2025-10-15T17:24:26.775+0000] {dag.py:3947} INFO - Setting next_dagrun for example_branch_labels to 2025-10-14 00:00:00+00:00, run_after=2025-10-15 00:00:00+00:00
[2025-10-15T17:24:26.799+0000] {processor.py:183} INFO - Processing /home/airflow/.local/lib/python3.12/site-packages/airflow/example_dags/example_branch_labels.py took 0.240 seconds
