[2025-10-15T17:08:05.773+0000] {processor.py:161} INFO - Started process (PID=67) to work on /home/airflow/.local/lib/python3.12/site-packages/airflow/example_dags/example_sla_dag.py
[2025-10-15T17:08:05.780+0000] {processor.py:830} INFO - Processing file /home/airflow/.local/lib/python3.12/site-packages/airflow/example_dags/example_sla_dag.py for tasks to queue
[2025-10-15T17:08:05.789+0000] {logging_mixin.py:188} INFO - [2025-10-15T17:08:05.785+0000] {dagbag.py:545} INFO - Filling up the DagBag from /home/airflow/.local/lib/python3.12/site-packages/airflow/example_dags/example_sla_dag.py
[2025-10-15T17:08:05.851+0000] {processor.py:840} INFO - DAG(s) 'example_sla_dag' retrieved from /home/airflow/.local/lib/python3.12/site-packages/airflow/example_dags/example_sla_dag.py
[2025-10-15T17:08:06.146+0000] {logging_mixin.py:188} INFO - [2025-10-15T17:08:06.144+0000] {override.py:1858} INFO - Created Permission View: can edit on DAG:example_sla_dag
[2025-10-15T17:08:06.240+0000] {logging_mixin.py:188} INFO - [2025-10-15T17:08:06.238+0000] {override.py:1858} INFO - Created Permission View: can delete on DAG:example_sla_dag
[2025-10-15T17:08:06.256+0000] {logging_mixin.py:188} INFO - [2025-10-15T17:08:06.256+0000] {override.py:1858} INFO - Created Permission View: can read on DAG:example_sla_dag
[2025-10-15T17:08:06.260+0000] {logging_mixin.py:188} INFO - [2025-10-15T17:08:06.260+0000] {dag.py:3089} INFO - Sync 1 DAGs
[2025-10-15T17:08:06.283+0000] {logging_mixin.py:188} INFO - [2025-10-15T17:08:06.283+0000] {dag.py:3111} INFO - Creating ORM DAG for example_sla_dag
[2025-10-15T17:08:06.299+0000] {logging_mixin.py:188} INFO - [2025-10-15T17:08:06.299+0000] {dag.py:3947} INFO - Setting next_dagrun for example_sla_dag to 2025-10-15 17:06:00+00:00, run_after=2025-10-15 17:08:00+00:00
[2025-10-15T17:08:06.331+0000] {processor.py:183} INFO - Processing /home/airflow/.local/lib/python3.12/site-packages/airflow/example_dags/example_sla_dag.py took 0.583 seconds
[2025-10-15T17:08:36.461+0000] {processor.py:161} INFO - Started process (PID=125) to work on /home/airflow/.local/lib/python3.12/site-packages/airflow/example_dags/example_sla_dag.py
[2025-10-15T17:08:36.464+0000] {processor.py:830} INFO - Processing file /home/airflow/.local/lib/python3.12/site-packages/airflow/example_dags/example_sla_dag.py for tasks to queue
[2025-10-15T17:08:36.466+0000] {logging_mixin.py:188} INFO - [2025-10-15T17:08:36.466+0000] {dagbag.py:545} INFO - Filling up the DagBag from /home/airflow/.local/lib/python3.12/site-packages/airflow/example_dags/example_sla_dag.py
[2025-10-15T17:08:36.473+0000] {processor.py:840} INFO - DAG(s) 'example_sla_dag' retrieved from /home/airflow/.local/lib/python3.12/site-packages/airflow/example_dags/example_sla_dag.py
[2025-10-15T17:08:36.493+0000] {logging_mixin.py:188} INFO - [2025-10-15T17:08:36.493+0000] {dag.py:3089} INFO - Sync 1 DAGs
[2025-10-15T17:08:36.509+0000] {logging_mixin.py:188} INFO - [2025-10-15T17:08:36.509+0000] {dag.py:3947} INFO - Setting next_dagrun for example_sla_dag to 2025-10-15 17:06:00+00:00, run_after=2025-10-15 17:08:00+00:00
[2025-10-15T17:08:36.524+0000] {processor.py:183} INFO - Processing /home/airflow/.local/lib/python3.12/site-packages/airflow/example_dags/example_sla_dag.py took 0.068 seconds
[2025-10-15T17:09:06.960+0000] {processor.py:161} INFO - Started process (PID=183) to work on /home/airflow/.local/lib/python3.12/site-packages/airflow/example_dags/example_sla_dag.py
[2025-10-15T17:09:06.961+0000] {processor.py:830} INFO - Processing file /home/airflow/.local/lib/python3.12/site-packages/airflow/example_dags/example_sla_dag.py for tasks to queue
[2025-10-15T17:09:06.963+0000] {logging_mixin.py:188} INFO - [2025-10-15T17:09:06.962+0000] {dagbag.py:545} INFO - Filling up the DagBag from /home/airflow/.local/lib/python3.12/site-packages/airflow/example_dags/example_sla_dag.py
[2025-10-15T17:09:06.972+0000] {processor.py:840} INFO - DAG(s) 'example_sla_dag' retrieved from /home/airflow/.local/lib/python3.12/site-packages/airflow/example_dags/example_sla_dag.py
[2025-10-15T17:09:06.992+0000] {logging_mixin.py:188} INFO - [2025-10-15T17:09:06.991+0000] {dag.py:3089} INFO - Sync 1 DAGs
[2025-10-15T17:09:07.013+0000] {logging_mixin.py:188} INFO - [2025-10-15T17:09:07.013+0000] {dag.py:3947} INFO - Setting next_dagrun for example_sla_dag to 2025-10-15 17:06:00+00:00, run_after=2025-10-15 17:08:00+00:00
[2025-10-15T17:09:07.030+0000] {processor.py:183} INFO - Processing /home/airflow/.local/lib/python3.12/site-packages/airflow/example_dags/example_sla_dag.py took 0.073 seconds
[2025-10-15T17:09:37.095+0000] {processor.py:161} INFO - Started process (PID=241) to work on /home/airflow/.local/lib/python3.12/site-packages/airflow/example_dags/example_sla_dag.py
[2025-10-15T17:09:37.098+0000] {processor.py:830} INFO - Processing file /home/airflow/.local/lib/python3.12/site-packages/airflow/example_dags/example_sla_dag.py for tasks to queue
[2025-10-15T17:09:37.101+0000] {logging_mixin.py:188} INFO - [2025-10-15T17:09:37.101+0000] {dagbag.py:545} INFO - Filling up the DagBag from /home/airflow/.local/lib/python3.12/site-packages/airflow/example_dags/example_sla_dag.py
[2025-10-15T17:09:37.108+0000] {processor.py:840} INFO - DAG(s) 'example_sla_dag' retrieved from /home/airflow/.local/lib/python3.12/site-packages/airflow/example_dags/example_sla_dag.py
[2025-10-15T17:09:37.126+0000] {logging_mixin.py:188} INFO - [2025-10-15T17:09:37.126+0000] {dag.py:3089} INFO - Sync 1 DAGs
[2025-10-15T17:09:37.145+0000] {logging_mixin.py:188} INFO - [2025-10-15T17:09:37.145+0000] {dag.py:3947} INFO - Setting next_dagrun for example_sla_dag to 2025-10-15 17:06:00+00:00, run_after=2025-10-15 17:08:00+00:00
[2025-10-15T17:09:37.162+0000] {processor.py:183} INFO - Processing /home/airflow/.local/lib/python3.12/site-packages/airflow/example_dags/example_sla_dag.py took 0.071 seconds
[2025-10-15T17:10:07.747+0000] {processor.py:161} INFO - Started process (PID=299) to work on /home/airflow/.local/lib/python3.12/site-packages/airflow/example_dags/example_sla_dag.py
[2025-10-15T17:10:07.751+0000] {processor.py:830} INFO - Processing file /home/airflow/.local/lib/python3.12/site-packages/airflow/example_dags/example_sla_dag.py for tasks to queue
[2025-10-15T17:10:07.751+0000] {logging_mixin.py:188} INFO - [2025-10-15T17:10:07.751+0000] {dagbag.py:545} INFO - Filling up the DagBag from /home/airflow/.local/lib/python3.12/site-packages/airflow/example_dags/example_sla_dag.py
[2025-10-15T17:10:07.758+0000] {processor.py:840} INFO - DAG(s) 'example_sla_dag' retrieved from /home/airflow/.local/lib/python3.12/site-packages/airflow/example_dags/example_sla_dag.py
[2025-10-15T17:10:07.775+0000] {logging_mixin.py:188} INFO - [2025-10-15T17:10:07.775+0000] {dag.py:3089} INFO - Sync 1 DAGs
[2025-10-15T17:10:07.796+0000] {logging_mixin.py:188} INFO - [2025-10-15T17:10:07.796+0000] {dag.py:3947} INFO - Setting next_dagrun for example_sla_dag to 2025-10-15 17:08:00+00:00, run_after=2025-10-15 17:10:00+00:00
[2025-10-15T17:10:07.813+0000] {processor.py:183} INFO - Processing /home/airflow/.local/lib/python3.12/site-packages/airflow/example_dags/example_sla_dag.py took 0.070 seconds
[2025-10-15T17:10:37.947+0000] {processor.py:161} INFO - Started process (PID=357) to work on /home/airflow/.local/lib/python3.12/site-packages/airflow/example_dags/example_sla_dag.py
[2025-10-15T17:10:37.950+0000] {processor.py:830} INFO - Processing file /home/airflow/.local/lib/python3.12/site-packages/airflow/example_dags/example_sla_dag.py for tasks to queue
[2025-10-15T17:10:37.954+0000] {logging_mixin.py:188} INFO - [2025-10-15T17:10:37.954+0000] {dagbag.py:545} INFO - Filling up the DagBag from /home/airflow/.local/lib/python3.12/site-packages/airflow/example_dags/example_sla_dag.py
[2025-10-15T17:10:37.963+0000] {processor.py:840} INFO - DAG(s) 'example_sla_dag' retrieved from /home/airflow/.local/lib/python3.12/site-packages/airflow/example_dags/example_sla_dag.py
[2025-10-15T17:10:37.979+0000] {logging_mixin.py:188} INFO - [2025-10-15T17:10:37.979+0000] {dag.py:3089} INFO - Sync 1 DAGs
[2025-10-15T17:10:37.996+0000] {logging_mixin.py:188} INFO - [2025-10-15T17:10:37.996+0000] {dag.py:3947} INFO - Setting next_dagrun for example_sla_dag to 2025-10-15 17:08:00+00:00, run_after=2025-10-15 17:10:00+00:00
[2025-10-15T17:10:38.013+0000] {processor.py:183} INFO - Processing /home/airflow/.local/lib/python3.12/site-packages/airflow/example_dags/example_sla_dag.py took 0.070 seconds
[2025-10-15T17:11:08.335+0000] {processor.py:161} INFO - Started process (PID=415) to work on /home/airflow/.local/lib/python3.12/site-packages/airflow/example_dags/example_sla_dag.py
[2025-10-15T17:11:08.338+0000] {processor.py:830} INFO - Processing file /home/airflow/.local/lib/python3.12/site-packages/airflow/example_dags/example_sla_dag.py for tasks to queue
[2025-10-15T17:11:08.339+0000] {logging_mixin.py:188} INFO - [2025-10-15T17:11:08.339+0000] {dagbag.py:545} INFO - Filling up the DagBag from /home/airflow/.local/lib/python3.12/site-packages/airflow/example_dags/example_sla_dag.py
[2025-10-15T17:11:08.344+0000] {processor.py:840} INFO - DAG(s) 'example_sla_dag' retrieved from /home/airflow/.local/lib/python3.12/site-packages/airflow/example_dags/example_sla_dag.py
[2025-10-15T17:11:08.359+0000] {logging_mixin.py:188} INFO - [2025-10-15T17:11:08.359+0000] {dag.py:3089} INFO - Sync 1 DAGs
[2025-10-15T17:11:08.373+0000] {logging_mixin.py:188} INFO - [2025-10-15T17:11:08.373+0000] {dag.py:3947} INFO - Setting next_dagrun for example_sla_dag to 2025-10-15 17:08:00+00:00, run_after=2025-10-15 17:10:00+00:00
[2025-10-15T17:11:08.389+0000] {processor.py:183} INFO - Processing /home/airflow/.local/lib/python3.12/site-packages/airflow/example_dags/example_sla_dag.py took 0.057 seconds
[2025-10-15T17:11:38.572+0000] {processor.py:161} INFO - Started process (PID=473) to work on /home/airflow/.local/lib/python3.12/site-packages/airflow/example_dags/example_sla_dag.py
[2025-10-15T17:11:38.574+0000] {processor.py:830} INFO - Processing file /home/airflow/.local/lib/python3.12/site-packages/airflow/example_dags/example_sla_dag.py for tasks to queue
[2025-10-15T17:11:38.577+0000] {logging_mixin.py:188} INFO - [2025-10-15T17:11:38.577+0000] {dagbag.py:545} INFO - Filling up the DagBag from /home/airflow/.local/lib/python3.12/site-packages/airflow/example_dags/example_sla_dag.py
[2025-10-15T17:11:38.583+0000] {processor.py:840} INFO - DAG(s) 'example_sla_dag' retrieved from /home/airflow/.local/lib/python3.12/site-packages/airflow/example_dags/example_sla_dag.py
[2025-10-15T17:11:38.600+0000] {logging_mixin.py:188} INFO - [2025-10-15T17:11:38.600+0000] {dag.py:3089} INFO - Sync 1 DAGs
[2025-10-15T17:11:38.619+0000] {logging_mixin.py:188} INFO - [2025-10-15T17:11:38.619+0000] {dag.py:3947} INFO - Setting next_dagrun for example_sla_dag to 2025-10-15 17:08:00+00:00, run_after=2025-10-15 17:10:00+00:00
[2025-10-15T17:11:38.631+0000] {processor.py:183} INFO - Processing /home/airflow/.local/lib/python3.12/site-packages/airflow/example_dags/example_sla_dag.py took 0.063 seconds
[2025-10-15T17:12:09.140+0000] {processor.py:161} INFO - Started process (PID=531) to work on /home/airflow/.local/lib/python3.12/site-packages/airflow/example_dags/example_sla_dag.py
[2025-10-15T17:12:09.141+0000] {processor.py:830} INFO - Processing file /home/airflow/.local/lib/python3.12/site-packages/airflow/example_dags/example_sla_dag.py for tasks to queue
[2025-10-15T17:12:09.143+0000] {logging_mixin.py:188} INFO - [2025-10-15T17:12:09.143+0000] {dagbag.py:545} INFO - Filling up the DagBag from /home/airflow/.local/lib/python3.12/site-packages/airflow/example_dags/example_sla_dag.py
[2025-10-15T17:12:09.151+0000] {processor.py:840} INFO - DAG(s) 'example_sla_dag' retrieved from /home/airflow/.local/lib/python3.12/site-packages/airflow/example_dags/example_sla_dag.py
[2025-10-15T17:12:09.164+0000] {logging_mixin.py:188} INFO - [2025-10-15T17:12:09.164+0000] {dag.py:3089} INFO - Sync 1 DAGs
[2025-10-15T17:12:09.183+0000] {logging_mixin.py:188} INFO - [2025-10-15T17:12:09.182+0000] {dag.py:3947} INFO - Setting next_dagrun for example_sla_dag to 2025-10-15 17:10:00+00:00, run_after=2025-10-15 17:12:00+00:00
[2025-10-15T17:12:09.196+0000] {processor.py:183} INFO - Processing /home/airflow/.local/lib/python3.12/site-packages/airflow/example_dags/example_sla_dag.py took 0.060 seconds
[2025-10-15T17:12:39.628+0000] {processor.py:161} INFO - Started process (PID=589) to work on /home/airflow/.local/lib/python3.12/site-packages/airflow/example_dags/example_sla_dag.py
[2025-10-15T17:12:39.632+0000] {processor.py:830} INFO - Processing file /home/airflow/.local/lib/python3.12/site-packages/airflow/example_dags/example_sla_dag.py for tasks to queue
[2025-10-15T17:12:39.633+0000] {logging_mixin.py:188} INFO - [2025-10-15T17:12:39.633+0000] {dagbag.py:545} INFO - Filling up the DagBag from /home/airflow/.local/lib/python3.12/site-packages/airflow/example_dags/example_sla_dag.py
[2025-10-15T17:12:39.641+0000] {processor.py:840} INFO - DAG(s) 'example_sla_dag' retrieved from /home/airflow/.local/lib/python3.12/site-packages/airflow/example_dags/example_sla_dag.py
[2025-10-15T17:12:39.660+0000] {logging_mixin.py:188} INFO - [2025-10-15T17:12:39.660+0000] {dag.py:3089} INFO - Sync 1 DAGs
[2025-10-15T17:12:39.680+0000] {logging_mixin.py:188} INFO - [2025-10-15T17:12:39.680+0000] {dag.py:3947} INFO - Setting next_dagrun for example_sla_dag to 2025-10-15 17:10:00+00:00, run_after=2025-10-15 17:12:00+00:00
[2025-10-15T17:12:39.695+0000] {processor.py:183} INFO - Processing /home/airflow/.local/lib/python3.12/site-packages/airflow/example_dags/example_sla_dag.py took 0.072 seconds
[2025-10-15T17:13:10.032+0000] {processor.py:161} INFO - Started process (PID=647) to work on /home/airflow/.local/lib/python3.12/site-packages/airflow/example_dags/example_sla_dag.py
[2025-10-15T17:13:10.032+0000] {processor.py:830} INFO - Processing file /home/airflow/.local/lib/python3.12/site-packages/airflow/example_dags/example_sla_dag.py for tasks to queue
[2025-10-15T17:13:10.034+0000] {logging_mixin.py:188} INFO - [2025-10-15T17:13:10.033+0000] {dagbag.py:545} INFO - Filling up the DagBag from /home/airflow/.local/lib/python3.12/site-packages/airflow/example_dags/example_sla_dag.py
[2025-10-15T17:13:10.039+0000] {processor.py:840} INFO - DAG(s) 'example_sla_dag' retrieved from /home/airflow/.local/lib/python3.12/site-packages/airflow/example_dags/example_sla_dag.py
[2025-10-15T17:13:10.050+0000] {logging_mixin.py:188} INFO - [2025-10-15T17:13:10.050+0000] {dag.py:3089} INFO - Sync 1 DAGs
[2025-10-15T17:13:10.064+0000] {logging_mixin.py:188} INFO - [2025-10-15T17:13:10.064+0000] {dag.py:3947} INFO - Setting next_dagrun for example_sla_dag to 2025-10-15 17:10:00+00:00, run_after=2025-10-15 17:12:00+00:00
[2025-10-15T17:13:10.074+0000] {processor.py:183} INFO - Processing /home/airflow/.local/lib/python3.12/site-packages/airflow/example_dags/example_sla_dag.py took 0.046 seconds
[2025-10-15T17:13:40.120+0000] {processor.py:161} INFO - Started process (PID=705) to work on /home/airflow/.local/lib/python3.12/site-packages/airflow/example_dags/example_sla_dag.py
[2025-10-15T17:13:40.120+0000] {processor.py:830} INFO - Processing file /home/airflow/.local/lib/python3.12/site-packages/airflow/example_dags/example_sla_dag.py for tasks to queue
[2025-10-15T17:13:40.121+0000] {logging_mixin.py:188} INFO - [2025-10-15T17:13:40.121+0000] {dagbag.py:545} INFO - Filling up the DagBag from /home/airflow/.local/lib/python3.12/site-packages/airflow/example_dags/example_sla_dag.py
[2025-10-15T17:13:40.127+0000] {processor.py:840} INFO - DAG(s) 'example_sla_dag' retrieved from /home/airflow/.local/lib/python3.12/site-packages/airflow/example_dags/example_sla_dag.py
[2025-10-15T17:13:40.140+0000] {logging_mixin.py:188} INFO - [2025-10-15T17:13:40.140+0000] {dag.py:3089} INFO - Sync 1 DAGs
[2025-10-15T17:13:40.155+0000] {logging_mixin.py:188} INFO - [2025-10-15T17:13:40.155+0000] {dag.py:3947} INFO - Setting next_dagrun for example_sla_dag to 2025-10-15 17:10:00+00:00, run_after=2025-10-15 17:12:00+00:00
[2025-10-15T17:13:40.166+0000] {processor.py:183} INFO - Processing /home/airflow/.local/lib/python3.12/site-packages/airflow/example_dags/example_sla_dag.py took 0.050 seconds
[2025-10-15T17:14:10.580+0000] {processor.py:161} INFO - Started process (PID=763) to work on /home/airflow/.local/lib/python3.12/site-packages/airflow/example_dags/example_sla_dag.py
[2025-10-15T17:14:10.581+0000] {processor.py:830} INFO - Processing file /home/airflow/.local/lib/python3.12/site-packages/airflow/example_dags/example_sla_dag.py for tasks to queue
[2025-10-15T17:14:10.582+0000] {logging_mixin.py:188} INFO - [2025-10-15T17:14:10.582+0000] {dagbag.py:545} INFO - Filling up the DagBag from /home/airflow/.local/lib/python3.12/site-packages/airflow/example_dags/example_sla_dag.py
[2025-10-15T17:14:10.588+0000] {processor.py:840} INFO - DAG(s) 'example_sla_dag' retrieved from /home/airflow/.local/lib/python3.12/site-packages/airflow/example_dags/example_sla_dag.py
[2025-10-15T17:14:10.600+0000] {logging_mixin.py:188} INFO - [2025-10-15T17:14:10.600+0000] {dag.py:3089} INFO - Sync 1 DAGs
[2025-10-15T17:14:10.618+0000] {logging_mixin.py:188} INFO - [2025-10-15T17:14:10.618+0000] {dag.py:3947} INFO - Setting next_dagrun for example_sla_dag to 2025-10-15 17:12:00+00:00, run_after=2025-10-15 17:14:00+00:00
[2025-10-15T17:14:10.627+0000] {processor.py:183} INFO - Processing /home/airflow/.local/lib/python3.12/site-packages/airflow/example_dags/example_sla_dag.py took 0.052 seconds
[2025-10-15T17:14:40.696+0000] {processor.py:161} INFO - Started process (PID=821) to work on /home/airflow/.local/lib/python3.12/site-packages/airflow/example_dags/example_sla_dag.py
[2025-10-15T17:14:40.696+0000] {processor.py:830} INFO - Processing file /home/airflow/.local/lib/python3.12/site-packages/airflow/example_dags/example_sla_dag.py for tasks to queue
[2025-10-15T17:14:40.698+0000] {logging_mixin.py:188} INFO - [2025-10-15T17:14:40.697+0000] {dagbag.py:545} INFO - Filling up the DagBag from /home/airflow/.local/lib/python3.12/site-packages/airflow/example_dags/example_sla_dag.py
[2025-10-15T17:14:40.703+0000] {processor.py:840} INFO - DAG(s) 'example_sla_dag' retrieved from /home/airflow/.local/lib/python3.12/site-packages/airflow/example_dags/example_sla_dag.py
[2025-10-15T17:14:40.716+0000] {logging_mixin.py:188} INFO - [2025-10-15T17:14:40.716+0000] {dag.py:3089} INFO - Sync 1 DAGs
[2025-10-15T17:14:40.730+0000] {logging_mixin.py:188} INFO - [2025-10-15T17:14:40.730+0000] {dag.py:3947} INFO - Setting next_dagrun for example_sla_dag to 2025-10-15 17:12:00+00:00, run_after=2025-10-15 17:14:00+00:00
[2025-10-15T17:14:40.741+0000] {processor.py:183} INFO - Processing /home/airflow/.local/lib/python3.12/site-packages/airflow/example_dags/example_sla_dag.py took 0.049 seconds
[2025-10-15T17:15:10.986+0000] {processor.py:161} INFO - Started process (PID=879) to work on /home/airflow/.local/lib/python3.12/site-packages/airflow/example_dags/example_sla_dag.py
[2025-10-15T17:15:10.986+0000] {processor.py:830} INFO - Processing file /home/airflow/.local/lib/python3.12/site-packages/airflow/example_dags/example_sla_dag.py for tasks to queue
[2025-10-15T17:15:10.987+0000] {logging_mixin.py:188} INFO - [2025-10-15T17:15:10.987+0000] {dagbag.py:545} INFO - Filling up the DagBag from /home/airflow/.local/lib/python3.12/site-packages/airflow/example_dags/example_sla_dag.py
[2025-10-15T17:15:10.992+0000] {processor.py:840} INFO - DAG(s) 'example_sla_dag' retrieved from /home/airflow/.local/lib/python3.12/site-packages/airflow/example_dags/example_sla_dag.py
[2025-10-15T17:15:11.004+0000] {logging_mixin.py:188} INFO - [2025-10-15T17:15:11.004+0000] {dag.py:3089} INFO - Sync 1 DAGs
[2025-10-15T17:15:11.018+0000] {logging_mixin.py:188} INFO - [2025-10-15T17:15:11.018+0000] {dag.py:3947} INFO - Setting next_dagrun for example_sla_dag to 2025-10-15 17:12:00+00:00, run_after=2025-10-15 17:14:00+00:00
[2025-10-15T17:15:11.028+0000] {processor.py:183} INFO - Processing /home/airflow/.local/lib/python3.12/site-packages/airflow/example_dags/example_sla_dag.py took 0.047 seconds
[2025-10-15T17:19:42.098+0000] {processor.py:161} INFO - Started process (PID=62) to work on /home/airflow/.local/lib/python3.12/site-packages/airflow/example_dags/example_sla_dag.py
[2025-10-15T17:19:42.102+0000] {processor.py:830} INFO - Processing file /home/airflow/.local/lib/python3.12/site-packages/airflow/example_dags/example_sla_dag.py for tasks to queue
[2025-10-15T17:19:42.105+0000] {logging_mixin.py:188} INFO - [2025-10-15T17:19:42.105+0000] {dagbag.py:545} INFO - Filling up the DagBag from /home/airflow/.local/lib/python3.12/site-packages/airflow/example_dags/example_sla_dag.py
[2025-10-15T17:19:42.131+0000] {processor.py:840} INFO - DAG(s) 'example_sla_dag' retrieved from /home/airflow/.local/lib/python3.12/site-packages/airflow/example_dags/example_sla_dag.py
[2025-10-15T17:19:42.419+0000] {logging_mixin.py:188} INFO - [2025-10-15T17:19:42.418+0000] {dag.py:3089} INFO - Sync 1 DAGs
[2025-10-15T17:19:42.459+0000] {logging_mixin.py:188} INFO - [2025-10-15T17:19:42.459+0000] {dag.py:3947} INFO - Setting next_dagrun for example_sla_dag to 2025-10-15 17:16:00+00:00, run_after=2025-10-15 17:18:00+00:00
[2025-10-15T17:19:43.010+0000] {processor.py:183} INFO - Processing /home/airflow/.local/lib/python3.12/site-packages/airflow/example_dags/example_sla_dag.py took 0.920 seconds
[2025-10-15T17:20:13.762+0000] {processor.py:161} INFO - Started process (PID=120) to work on /home/airflow/.local/lib/python3.12/site-packages/airflow/example_dags/example_sla_dag.py
[2025-10-15T17:20:13.763+0000] {processor.py:830} INFO - Processing file /home/airflow/.local/lib/python3.12/site-packages/airflow/example_dags/example_sla_dag.py for tasks to queue
[2025-10-15T17:20:13.768+0000] {logging_mixin.py:188} INFO - [2025-10-15T17:20:13.768+0000] {dagbag.py:545} INFO - Filling up the DagBag from /home/airflow/.local/lib/python3.12/site-packages/airflow/example_dags/example_sla_dag.py
[2025-10-15T17:20:13.779+0000] {processor.py:840} INFO - DAG(s) 'example_sla_dag' retrieved from /home/airflow/.local/lib/python3.12/site-packages/airflow/example_dags/example_sla_dag.py
[2025-10-15T17:20:13.801+0000] {logging_mixin.py:188} INFO - [2025-10-15T17:20:13.801+0000] {dag.py:3089} INFO - Sync 1 DAGs
[2025-10-15T17:20:13.820+0000] {logging_mixin.py:188} INFO - [2025-10-15T17:20:13.820+0000] {dag.py:3947} INFO - Setting next_dagrun for example_sla_dag to 2025-10-15 17:18:00+00:00, run_after=2025-10-15 17:20:00+00:00
[2025-10-15T17:20:13.839+0000] {processor.py:183} INFO - Processing /home/airflow/.local/lib/python3.12/site-packages/airflow/example_dags/example_sla_dag.py took 0.083 seconds
[2025-10-15T17:20:44.289+0000] {processor.py:161} INFO - Started process (PID=178) to work on /home/airflow/.local/lib/python3.12/site-packages/airflow/example_dags/example_sla_dag.py
[2025-10-15T17:20:44.292+0000] {processor.py:830} INFO - Processing file /home/airflow/.local/lib/python3.12/site-packages/airflow/example_dags/example_sla_dag.py for tasks to queue
[2025-10-15T17:20:44.294+0000] {logging_mixin.py:188} INFO - [2025-10-15T17:20:44.294+0000] {dagbag.py:545} INFO - Filling up the DagBag from /home/airflow/.local/lib/python3.12/site-packages/airflow/example_dags/example_sla_dag.py
[2025-10-15T17:20:44.300+0000] {processor.py:840} INFO - DAG(s) 'example_sla_dag' retrieved from /home/airflow/.local/lib/python3.12/site-packages/airflow/example_dags/example_sla_dag.py
[2025-10-15T17:20:44.322+0000] {logging_mixin.py:188} INFO - [2025-10-15T17:20:44.321+0000] {dag.py:3089} INFO - Sync 1 DAGs
[2025-10-15T17:20:44.363+0000] {logging_mixin.py:188} INFO - [2025-10-15T17:20:44.363+0000] {dag.py:3947} INFO - Setting next_dagrun for example_sla_dag to 2025-10-15 17:18:00+00:00, run_after=2025-10-15 17:20:00+00:00
[2025-10-15T17:20:44.420+0000] {processor.py:183} INFO - Processing /home/airflow/.local/lib/python3.12/site-packages/airflow/example_dags/example_sla_dag.py took 0.136 seconds
[2025-10-15T17:21:15.115+0000] {processor.py:161} INFO - Started process (PID=236) to work on /home/airflow/.local/lib/python3.12/site-packages/airflow/example_dags/example_sla_dag.py
[2025-10-15T17:21:15.122+0000] {processor.py:830} INFO - Processing file /home/airflow/.local/lib/python3.12/site-packages/airflow/example_dags/example_sla_dag.py for tasks to queue
[2025-10-15T17:21:15.127+0000] {logging_mixin.py:188} INFO - [2025-10-15T17:21:15.127+0000] {dagbag.py:545} INFO - Filling up the DagBag from /home/airflow/.local/lib/python3.12/site-packages/airflow/example_dags/example_sla_dag.py
[2025-10-15T17:21:15.151+0000] {processor.py:840} INFO - DAG(s) 'example_sla_dag' retrieved from /home/airflow/.local/lib/python3.12/site-packages/airflow/example_dags/example_sla_dag.py
[2025-10-15T17:21:15.195+0000] {logging_mixin.py:188} INFO - [2025-10-15T17:21:15.194+0000] {dag.py:3089} INFO - Sync 1 DAGs
[2025-10-15T17:21:15.247+0000] {logging_mixin.py:188} INFO - [2025-10-15T17:21:15.247+0000] {dag.py:3947} INFO - Setting next_dagrun for example_sla_dag to 2025-10-15 17:18:00+00:00, run_after=2025-10-15 17:20:00+00:00
[2025-10-15T17:21:15.302+0000] {processor.py:183} INFO - Processing /home/airflow/.local/lib/python3.12/site-packages/airflow/example_dags/example_sla_dag.py took 0.202 seconds
[2025-10-15T17:21:46.301+0000] {processor.py:161} INFO - Started process (PID=294) to work on /home/airflow/.local/lib/python3.12/site-packages/airflow/example_dags/example_sla_dag.py
[2025-10-15T17:21:46.306+0000] {processor.py:830} INFO - Processing file /home/airflow/.local/lib/python3.12/site-packages/airflow/example_dags/example_sla_dag.py for tasks to queue
[2025-10-15T17:21:46.311+0000] {logging_mixin.py:188} INFO - [2025-10-15T17:21:46.310+0000] {dagbag.py:545} INFO - Filling up the DagBag from /home/airflow/.local/lib/python3.12/site-packages/airflow/example_dags/example_sla_dag.py
[2025-10-15T17:21:46.321+0000] {processor.py:840} INFO - DAG(s) 'example_sla_dag' retrieved from /home/airflow/.local/lib/python3.12/site-packages/airflow/example_dags/example_sla_dag.py
[2025-10-15T17:21:46.346+0000] {logging_mixin.py:188} INFO - [2025-10-15T17:21:46.346+0000] {dag.py:3089} INFO - Sync 1 DAGs
[2025-10-15T17:21:46.374+0000] {logging_mixin.py:188} INFO - [2025-10-15T17:21:46.374+0000] {dag.py:3947} INFO - Setting next_dagrun for example_sla_dag to 2025-10-15 17:18:00+00:00, run_after=2025-10-15 17:20:00+00:00
[2025-10-15T17:21:46.400+0000] {processor.py:183} INFO - Processing /home/airflow/.local/lib/python3.12/site-packages/airflow/example_dags/example_sla_dag.py took 0.109 seconds
[2025-10-15T17:22:16.478+0000] {processor.py:161} INFO - Started process (PID=352) to work on /home/airflow/.local/lib/python3.12/site-packages/airflow/example_dags/example_sla_dag.py
[2025-10-15T17:22:16.482+0000] {processor.py:830} INFO - Processing file /home/airflow/.local/lib/python3.12/site-packages/airflow/example_dags/example_sla_dag.py for tasks to queue
[2025-10-15T17:22:16.483+0000] {logging_mixin.py:188} INFO - [2025-10-15T17:22:16.483+0000] {dagbag.py:545} INFO - Filling up the DagBag from /home/airflow/.local/lib/python3.12/site-packages/airflow/example_dags/example_sla_dag.py
[2025-10-15T17:22:16.490+0000] {processor.py:840} INFO - DAG(s) 'example_sla_dag' retrieved from /home/airflow/.local/lib/python3.12/site-packages/airflow/example_dags/example_sla_dag.py
[2025-10-15T17:22:16.507+0000] {logging_mixin.py:188} INFO - [2025-10-15T17:22:16.507+0000] {dag.py:3089} INFO - Sync 1 DAGs
[2025-10-15T17:22:16.522+0000] {logging_mixin.py:188} INFO - [2025-10-15T17:22:16.522+0000] {dag.py:3947} INFO - Setting next_dagrun for example_sla_dag to 2025-10-15 17:20:00+00:00, run_after=2025-10-15 17:22:00+00:00
[2025-10-15T17:22:16.535+0000] {processor.py:183} INFO - Processing /home/airflow/.local/lib/python3.12/site-packages/airflow/example_dags/example_sla_dag.py took 0.062 seconds
[2025-10-15T17:22:46.613+0000] {processor.py:161} INFO - Started process (PID=410) to work on /home/airflow/.local/lib/python3.12/site-packages/airflow/example_dags/example_sla_dag.py
[2025-10-15T17:22:46.614+0000] {processor.py:830} INFO - Processing file /home/airflow/.local/lib/python3.12/site-packages/airflow/example_dags/example_sla_dag.py for tasks to queue
[2025-10-15T17:22:46.616+0000] {logging_mixin.py:188} INFO - [2025-10-15T17:22:46.616+0000] {dagbag.py:545} INFO - Filling up the DagBag from /home/airflow/.local/lib/python3.12/site-packages/airflow/example_dags/example_sla_dag.py
[2025-10-15T17:22:46.627+0000] {processor.py:840} INFO - DAG(s) 'example_sla_dag' retrieved from /home/airflow/.local/lib/python3.12/site-packages/airflow/example_dags/example_sla_dag.py
[2025-10-15T17:22:46.648+0000] {logging_mixin.py:188} INFO - [2025-10-15T17:22:46.648+0000] {dag.py:3089} INFO - Sync 1 DAGs
[2025-10-15T17:22:46.665+0000] {logging_mixin.py:188} INFO - [2025-10-15T17:22:46.665+0000] {dag.py:3947} INFO - Setting next_dagrun for example_sla_dag to 2025-10-15 17:20:00+00:00, run_after=2025-10-15 17:22:00+00:00
[2025-10-15T17:22:46.683+0000] {processor.py:183} INFO - Processing /home/airflow/.local/lib/python3.12/site-packages/airflow/example_dags/example_sla_dag.py took 0.076 seconds
[2025-10-15T17:23:16.807+0000] {processor.py:161} INFO - Started process (PID=468) to work on /home/airflow/.local/lib/python3.12/site-packages/airflow/example_dags/example_sla_dag.py
[2025-10-15T17:23:16.809+0000] {processor.py:830} INFO - Processing file /home/airflow/.local/lib/python3.12/site-packages/airflow/example_dags/example_sla_dag.py for tasks to queue
[2025-10-15T17:23:16.813+0000] {logging_mixin.py:188} INFO - [2025-10-15T17:23:16.813+0000] {dagbag.py:545} INFO - Filling up the DagBag from /home/airflow/.local/lib/python3.12/site-packages/airflow/example_dags/example_sla_dag.py
[2025-10-15T17:23:16.822+0000] {processor.py:840} INFO - DAG(s) 'example_sla_dag' retrieved from /home/airflow/.local/lib/python3.12/site-packages/airflow/example_dags/example_sla_dag.py
[2025-10-15T17:23:16.838+0000] {logging_mixin.py:188} INFO - [2025-10-15T17:23:16.838+0000] {dag.py:3089} INFO - Sync 1 DAGs
[2025-10-15T17:23:16.854+0000] {logging_mixin.py:188} INFO - [2025-10-15T17:23:16.854+0000] {dag.py:3947} INFO - Setting next_dagrun for example_sla_dag to 2025-10-15 17:20:00+00:00, run_after=2025-10-15 17:22:00+00:00
[2025-10-15T17:23:16.873+0000] {processor.py:183} INFO - Processing /home/airflow/.local/lib/python3.12/site-packages/airflow/example_dags/example_sla_dag.py took 0.070 seconds
[2025-10-15T17:23:47.189+0000] {processor.py:161} INFO - Started process (PID=526) to work on /home/airflow/.local/lib/python3.12/site-packages/airflow/example_dags/example_sla_dag.py
[2025-10-15T17:23:47.192+0000] {processor.py:830} INFO - Processing file /home/airflow/.local/lib/python3.12/site-packages/airflow/example_dags/example_sla_dag.py for tasks to queue
[2025-10-15T17:23:47.195+0000] {logging_mixin.py:188} INFO - [2025-10-15T17:23:47.195+0000] {dagbag.py:545} INFO - Filling up the DagBag from /home/airflow/.local/lib/python3.12/site-packages/airflow/example_dags/example_sla_dag.py
[2025-10-15T17:23:47.203+0000] {processor.py:840} INFO - DAG(s) 'example_sla_dag' retrieved from /home/airflow/.local/lib/python3.12/site-packages/airflow/example_dags/example_sla_dag.py
[2025-10-15T17:23:47.221+0000] {logging_mixin.py:188} INFO - [2025-10-15T17:23:47.221+0000] {dag.py:3089} INFO - Sync 1 DAGs
[2025-10-15T17:23:47.235+0000] {logging_mixin.py:188} INFO - [2025-10-15T17:23:47.235+0000] {dag.py:3947} INFO - Setting next_dagrun for example_sla_dag to 2025-10-15 17:20:00+00:00, run_after=2025-10-15 17:22:00+00:00
[2025-10-15T17:23:47.250+0000] {processor.py:183} INFO - Processing /home/airflow/.local/lib/python3.12/site-packages/airflow/example_dags/example_sla_dag.py took 0.065 seconds
[2025-10-15T17:24:17.896+0000] {processor.py:161} INFO - Started process (PID=584) to work on /home/airflow/.local/lib/python3.12/site-packages/airflow/example_dags/example_sla_dag.py
[2025-10-15T17:24:17.900+0000] {processor.py:830} INFO - Processing file /home/airflow/.local/lib/python3.12/site-packages/airflow/example_dags/example_sla_dag.py for tasks to queue
[2025-10-15T17:24:17.902+0000] {logging_mixin.py:188} INFO - [2025-10-15T17:24:17.902+0000] {dagbag.py:545} INFO - Filling up the DagBag from /home/airflow/.local/lib/python3.12/site-packages/airflow/example_dags/example_sla_dag.py
[2025-10-15T17:24:17.911+0000] {processor.py:840} INFO - DAG(s) 'example_sla_dag' retrieved from /home/airflow/.local/lib/python3.12/site-packages/airflow/example_dags/example_sla_dag.py
[2025-10-15T17:24:17.928+0000] {logging_mixin.py:188} INFO - [2025-10-15T17:24:17.928+0000] {dag.py:3089} INFO - Sync 1 DAGs
[2025-10-15T17:24:17.948+0000] {logging_mixin.py:188} INFO - [2025-10-15T17:24:17.947+0000] {dag.py:3947} INFO - Setting next_dagrun for example_sla_dag to 2025-10-15 17:22:00+00:00, run_after=2025-10-15 17:24:00+00:00
[2025-10-15T17:24:17.964+0000] {processor.py:183} INFO - Processing /home/airflow/.local/lib/python3.12/site-packages/airflow/example_dags/example_sla_dag.py took 0.072 seconds
