[2025-10-15T17:08:06.913+0000] {processor.py:161} INFO - Started process (PID=71) to work on /home/airflow/.local/lib/python3.12/site-packages/airflow/example_dags/example_setup_teardown_taskflow.py
[2025-10-15T17:08:06.915+0000] {processor.py:830} INFO - Processing file /home/airflow/.local/lib/python3.12/site-packages/airflow/example_dags/example_setup_teardown_taskflow.py for tasks to queue
[2025-10-15T17:08:06.918+0000] {logging_mixin.py:188} INFO - [2025-10-15T17:08:06.918+0000] {dagbag.py:545} INFO - Filling up the DagBag from /home/airflow/.local/lib/python3.12/site-packages/airflow/example_dags/example_setup_teardown_taskflow.py
[2025-10-15T17:08:06.944+0000] {processor.py:840} INFO - DAG(s) 'example_setup_teardown_taskflow' retrieved from /home/airflow/.local/lib/python3.12/site-packages/airflow/example_dags/example_setup_teardown_taskflow.py
[2025-10-15T17:08:07.153+0000] {logging_mixin.py:188} INFO - [2025-10-15T17:08:07.151+0000] {override.py:1858} INFO - Created Permission View: can edit on DAG:example_setup_teardown_taskflow
[2025-10-15T17:08:07.179+0000] {logging_mixin.py:188} INFO - [2025-10-15T17:08:07.178+0000] {override.py:1858} INFO - Created Permission View: can delete on DAG:example_setup_teardown_taskflow
[2025-10-15T17:08:07.192+0000] {logging_mixin.py:188} INFO - [2025-10-15T17:08:07.191+0000] {override.py:1858} INFO - Created Permission View: can read on DAG:example_setup_teardown_taskflow
[2025-10-15T17:08:07.193+0000] {logging_mixin.py:188} INFO - [2025-10-15T17:08:07.192+0000] {dag.py:3089} INFO - Sync 1 DAGs
[2025-10-15T17:08:07.221+0000] {logging_mixin.py:188} INFO - [2025-10-15T17:08:07.220+0000] {dag.py:3111} INFO - Creating ORM DAG for example_setup_teardown_taskflow
[2025-10-15T17:08:07.244+0000] {logging_mixin.py:188} INFO - [2025-10-15T17:08:07.243+0000] {dag.py:3947} INFO - Setting next_dagrun for example_setup_teardown_taskflow to 2025-10-14 00:00:00+00:00, run_after=2025-10-15 00:00:00+00:00
[2025-10-15T17:08:07.288+0000] {processor.py:183} INFO - Processing /home/airflow/.local/lib/python3.12/site-packages/airflow/example_dags/example_setup_teardown_taskflow.py took 0.386 seconds
[2025-10-15T17:08:37.637+0000] {processor.py:161} INFO - Started process (PID=129) to work on /home/airflow/.local/lib/python3.12/site-packages/airflow/example_dags/example_setup_teardown_taskflow.py
[2025-10-15T17:08:37.637+0000] {processor.py:830} INFO - Processing file /home/airflow/.local/lib/python3.12/site-packages/airflow/example_dags/example_setup_teardown_taskflow.py for tasks to queue
[2025-10-15T17:08:37.640+0000] {logging_mixin.py:188} INFO - [2025-10-15T17:08:37.639+0000] {dagbag.py:545} INFO - Filling up the DagBag from /home/airflow/.local/lib/python3.12/site-packages/airflow/example_dags/example_setup_teardown_taskflow.py
[2025-10-15T17:08:37.647+0000] {processor.py:840} INFO - DAG(s) 'example_setup_teardown_taskflow' retrieved from /home/airflow/.local/lib/python3.12/site-packages/airflow/example_dags/example_setup_teardown_taskflow.py
[2025-10-15T17:08:37.668+0000] {logging_mixin.py:188} INFO - [2025-10-15T17:08:37.668+0000] {dag.py:3089} INFO - Sync 1 DAGs
[2025-10-15T17:08:37.689+0000] {logging_mixin.py:188} INFO - [2025-10-15T17:08:37.689+0000] {dag.py:3947} INFO - Setting next_dagrun for example_setup_teardown_taskflow to 2025-10-14 00:00:00+00:00, run_after=2025-10-15 00:00:00+00:00
[2025-10-15T17:08:37.707+0000] {processor.py:183} INFO - Processing /home/airflow/.local/lib/python3.12/site-packages/airflow/example_dags/example_setup_teardown_taskflow.py took 0.074 seconds
[2025-10-15T17:09:08.243+0000] {processor.py:161} INFO - Started process (PID=187) to work on /home/airflow/.local/lib/python3.12/site-packages/airflow/example_dags/example_setup_teardown_taskflow.py
[2025-10-15T17:09:08.244+0000] {processor.py:830} INFO - Processing file /home/airflow/.local/lib/python3.12/site-packages/airflow/example_dags/example_setup_teardown_taskflow.py for tasks to queue
[2025-10-15T17:09:08.246+0000] {logging_mixin.py:188} INFO - [2025-10-15T17:09:08.246+0000] {dagbag.py:545} INFO - Filling up the DagBag from /home/airflow/.local/lib/python3.12/site-packages/airflow/example_dags/example_setup_teardown_taskflow.py
[2025-10-15T17:09:08.254+0000] {processor.py:840} INFO - DAG(s) 'example_setup_teardown_taskflow' retrieved from /home/airflow/.local/lib/python3.12/site-packages/airflow/example_dags/example_setup_teardown_taskflow.py
[2025-10-15T17:09:08.282+0000] {logging_mixin.py:188} INFO - [2025-10-15T17:09:08.282+0000] {dag.py:3089} INFO - Sync 1 DAGs
[2025-10-15T17:09:08.302+0000] {logging_mixin.py:188} INFO - [2025-10-15T17:09:08.302+0000] {dag.py:3947} INFO - Setting next_dagrun for example_setup_teardown_taskflow to 2025-10-14 00:00:00+00:00, run_after=2025-10-15 00:00:00+00:00
[2025-10-15T17:09:08.320+0000] {processor.py:183} INFO - Processing /home/airflow/.local/lib/python3.12/site-packages/airflow/example_dags/example_setup_teardown_taskflow.py took 0.082 seconds
[2025-10-15T17:09:38.433+0000] {processor.py:161} INFO - Started process (PID=245) to work on /home/airflow/.local/lib/python3.12/site-packages/airflow/example_dags/example_setup_teardown_taskflow.py
[2025-10-15T17:09:38.457+0000] {processor.py:830} INFO - Processing file /home/airflow/.local/lib/python3.12/site-packages/airflow/example_dags/example_setup_teardown_taskflow.py for tasks to queue
[2025-10-15T17:09:38.471+0000] {logging_mixin.py:188} INFO - [2025-10-15T17:09:38.470+0000] {dagbag.py:545} INFO - Filling up the DagBag from /home/airflow/.local/lib/python3.12/site-packages/airflow/example_dags/example_setup_teardown_taskflow.py
[2025-10-15T17:09:38.499+0000] {processor.py:840} INFO - DAG(s) 'example_setup_teardown_taskflow' retrieved from /home/airflow/.local/lib/python3.12/site-packages/airflow/example_dags/example_setup_teardown_taskflow.py
[2025-10-15T17:09:38.552+0000] {logging_mixin.py:188} INFO - [2025-10-15T17:09:38.551+0000] {dag.py:3089} INFO - Sync 1 DAGs
[2025-10-15T17:09:38.596+0000] {logging_mixin.py:188} INFO - [2025-10-15T17:09:38.595+0000] {dag.py:3947} INFO - Setting next_dagrun for example_setup_teardown_taskflow to 2025-10-14 00:00:00+00:00, run_after=2025-10-15 00:00:00+00:00
[2025-10-15T17:09:38.632+0000] {processor.py:183} INFO - Processing /home/airflow/.local/lib/python3.12/site-packages/airflow/example_dags/example_setup_teardown_taskflow.py took 0.219 seconds
[2025-10-15T17:10:08.917+0000] {processor.py:161} INFO - Started process (PID=303) to work on /home/airflow/.local/lib/python3.12/site-packages/airflow/example_dags/example_setup_teardown_taskflow.py
[2025-10-15T17:10:08.917+0000] {processor.py:830} INFO - Processing file /home/airflow/.local/lib/python3.12/site-packages/airflow/example_dags/example_setup_teardown_taskflow.py for tasks to queue
[2025-10-15T17:10:08.919+0000] {logging_mixin.py:188} INFO - [2025-10-15T17:10:08.918+0000] {dagbag.py:545} INFO - Filling up the DagBag from /home/airflow/.local/lib/python3.12/site-packages/airflow/example_dags/example_setup_teardown_taskflow.py
[2025-10-15T17:10:08.925+0000] {processor.py:840} INFO - DAG(s) 'example_setup_teardown_taskflow' retrieved from /home/airflow/.local/lib/python3.12/site-packages/airflow/example_dags/example_setup_teardown_taskflow.py
[2025-10-15T17:10:08.944+0000] {logging_mixin.py:188} INFO - [2025-10-15T17:10:08.944+0000] {dag.py:3089} INFO - Sync 1 DAGs
[2025-10-15T17:10:08.964+0000] {logging_mixin.py:188} INFO - [2025-10-15T17:10:08.964+0000] {dag.py:3947} INFO - Setting next_dagrun for example_setup_teardown_taskflow to 2025-10-14 00:00:00+00:00, run_after=2025-10-15 00:00:00+00:00
[2025-10-15T17:10:08.978+0000] {processor.py:183} INFO - Processing /home/airflow/.local/lib/python3.12/site-packages/airflow/example_dags/example_setup_teardown_taskflow.py took 0.065 seconds
[2025-10-15T17:10:39.104+0000] {processor.py:161} INFO - Started process (PID=361) to work on /home/airflow/.local/lib/python3.12/site-packages/airflow/example_dags/example_setup_teardown_taskflow.py
[2025-10-15T17:10:39.106+0000] {processor.py:830} INFO - Processing file /home/airflow/.local/lib/python3.12/site-packages/airflow/example_dags/example_setup_teardown_taskflow.py for tasks to queue
[2025-10-15T17:10:39.108+0000] {logging_mixin.py:188} INFO - [2025-10-15T17:10:39.108+0000] {dagbag.py:545} INFO - Filling up the DagBag from /home/airflow/.local/lib/python3.12/site-packages/airflow/example_dags/example_setup_teardown_taskflow.py
[2025-10-15T17:10:39.113+0000] {processor.py:840} INFO - DAG(s) 'example_setup_teardown_taskflow' retrieved from /home/airflow/.local/lib/python3.12/site-packages/airflow/example_dags/example_setup_teardown_taskflow.py
[2025-10-15T17:10:39.128+0000] {logging_mixin.py:188} INFO - [2025-10-15T17:10:39.127+0000] {dag.py:3089} INFO - Sync 1 DAGs
[2025-10-15T17:10:39.142+0000] {logging_mixin.py:188} INFO - [2025-10-15T17:10:39.142+0000] {dag.py:3947} INFO - Setting next_dagrun for example_setup_teardown_taskflow to 2025-10-14 00:00:00+00:00, run_after=2025-10-15 00:00:00+00:00
[2025-10-15T17:10:39.160+0000] {processor.py:183} INFO - Processing /home/airflow/.local/lib/python3.12/site-packages/airflow/example_dags/example_setup_teardown_taskflow.py took 0.060 seconds
[2025-10-15T17:11:09.476+0000] {processor.py:161} INFO - Started process (PID=419) to work on /home/airflow/.local/lib/python3.12/site-packages/airflow/example_dags/example_setup_teardown_taskflow.py
[2025-10-15T17:11:09.477+0000] {processor.py:830} INFO - Processing file /home/airflow/.local/lib/python3.12/site-packages/airflow/example_dags/example_setup_teardown_taskflow.py for tasks to queue
[2025-10-15T17:11:09.478+0000] {logging_mixin.py:188} INFO - [2025-10-15T17:11:09.478+0000] {dagbag.py:545} INFO - Filling up the DagBag from /home/airflow/.local/lib/python3.12/site-packages/airflow/example_dags/example_setup_teardown_taskflow.py
[2025-10-15T17:11:09.484+0000] {processor.py:840} INFO - DAG(s) 'example_setup_teardown_taskflow' retrieved from /home/airflow/.local/lib/python3.12/site-packages/airflow/example_dags/example_setup_teardown_taskflow.py
[2025-10-15T17:11:09.500+0000] {logging_mixin.py:188} INFO - [2025-10-15T17:11:09.500+0000] {dag.py:3089} INFO - Sync 1 DAGs
[2025-10-15T17:11:09.518+0000] {logging_mixin.py:188} INFO - [2025-10-15T17:11:09.517+0000] {dag.py:3947} INFO - Setting next_dagrun for example_setup_teardown_taskflow to 2025-10-14 00:00:00+00:00, run_after=2025-10-15 00:00:00+00:00
[2025-10-15T17:11:09.531+0000] {processor.py:183} INFO - Processing /home/airflow/.local/lib/python3.12/site-packages/airflow/example_dags/example_setup_teardown_taskflow.py took 0.059 seconds
[2025-10-15T17:11:39.750+0000] {processor.py:161} INFO - Started process (PID=477) to work on /home/airflow/.local/lib/python3.12/site-packages/airflow/example_dags/example_setup_teardown_taskflow.py
[2025-10-15T17:11:39.751+0000] {processor.py:830} INFO - Processing file /home/airflow/.local/lib/python3.12/site-packages/airflow/example_dags/example_setup_teardown_taskflow.py for tasks to queue
[2025-10-15T17:11:39.752+0000] {logging_mixin.py:188} INFO - [2025-10-15T17:11:39.752+0000] {dagbag.py:545} INFO - Filling up the DagBag from /home/airflow/.local/lib/python3.12/site-packages/airflow/example_dags/example_setup_teardown_taskflow.py
[2025-10-15T17:11:39.758+0000] {processor.py:840} INFO - DAG(s) 'example_setup_teardown_taskflow' retrieved from /home/airflow/.local/lib/python3.12/site-packages/airflow/example_dags/example_setup_teardown_taskflow.py
[2025-10-15T17:11:39.778+0000] {logging_mixin.py:188} INFO - [2025-10-15T17:11:39.778+0000] {dag.py:3089} INFO - Sync 1 DAGs
[2025-10-15T17:11:39.799+0000] {logging_mixin.py:188} INFO - [2025-10-15T17:11:39.799+0000] {dag.py:3947} INFO - Setting next_dagrun for example_setup_teardown_taskflow to 2025-10-14 00:00:00+00:00, run_after=2025-10-15 00:00:00+00:00
[2025-10-15T17:11:39.819+0000] {processor.py:183} INFO - Processing /home/airflow/.local/lib/python3.12/site-packages/airflow/example_dags/example_setup_teardown_taskflow.py took 0.075 seconds
[2025-10-15T17:12:10.310+0000] {processor.py:161} INFO - Started process (PID=535) to work on /home/airflow/.local/lib/python3.12/site-packages/airflow/example_dags/example_setup_teardown_taskflow.py
[2025-10-15T17:12:10.311+0000] {processor.py:830} INFO - Processing file /home/airflow/.local/lib/python3.12/site-packages/airflow/example_dags/example_setup_teardown_taskflow.py for tasks to queue
[2025-10-15T17:12:10.312+0000] {logging_mixin.py:188} INFO - [2025-10-15T17:12:10.312+0000] {dagbag.py:545} INFO - Filling up the DagBag from /home/airflow/.local/lib/python3.12/site-packages/airflow/example_dags/example_setup_teardown_taskflow.py
[2025-10-15T17:12:10.318+0000] {processor.py:840} INFO - DAG(s) 'example_setup_teardown_taskflow' retrieved from /home/airflow/.local/lib/python3.12/site-packages/airflow/example_dags/example_setup_teardown_taskflow.py
[2025-10-15T17:12:10.342+0000] {logging_mixin.py:188} INFO - [2025-10-15T17:12:10.342+0000] {dag.py:3089} INFO - Sync 1 DAGs
[2025-10-15T17:12:10.360+0000] {logging_mixin.py:188} INFO - [2025-10-15T17:12:10.360+0000] {dag.py:3947} INFO - Setting next_dagrun for example_setup_teardown_taskflow to 2025-10-14 00:00:00+00:00, run_after=2025-10-15 00:00:00+00:00
[2025-10-15T17:12:10.376+0000] {processor.py:183} INFO - Processing /home/airflow/.local/lib/python3.12/site-packages/airflow/example_dags/example_setup_teardown_taskflow.py took 0.071 seconds
[2025-10-15T17:12:40.838+0000] {processor.py:161} INFO - Started process (PID=593) to work on /home/airflow/.local/lib/python3.12/site-packages/airflow/example_dags/example_setup_teardown_taskflow.py
[2025-10-15T17:12:40.838+0000] {processor.py:830} INFO - Processing file /home/airflow/.local/lib/python3.12/site-packages/airflow/example_dags/example_setup_teardown_taskflow.py for tasks to queue
[2025-10-15T17:12:40.840+0000] {logging_mixin.py:188} INFO - [2025-10-15T17:12:40.840+0000] {dagbag.py:545} INFO - Filling up the DagBag from /home/airflow/.local/lib/python3.12/site-packages/airflow/example_dags/example_setup_teardown_taskflow.py
[2025-10-15T17:12:40.847+0000] {processor.py:840} INFO - DAG(s) 'example_setup_teardown_taskflow' retrieved from /home/airflow/.local/lib/python3.12/site-packages/airflow/example_dags/example_setup_teardown_taskflow.py
[2025-10-15T17:12:40.865+0000] {logging_mixin.py:188} INFO - [2025-10-15T17:12:40.865+0000] {dag.py:3089} INFO - Sync 1 DAGs
[2025-10-15T17:12:40.881+0000] {logging_mixin.py:188} INFO - [2025-10-15T17:12:40.881+0000] {dag.py:3947} INFO - Setting next_dagrun for example_setup_teardown_taskflow to 2025-10-14 00:00:00+00:00, run_after=2025-10-15 00:00:00+00:00
[2025-10-15T17:12:40.896+0000] {processor.py:183} INFO - Processing /home/airflow/.local/lib/python3.12/site-packages/airflow/example_dags/example_setup_teardown_taskflow.py took 0.062 seconds
[2025-10-15T17:13:11.163+0000] {processor.py:161} INFO - Started process (PID=651) to work on /home/airflow/.local/lib/python3.12/site-packages/airflow/example_dags/example_setup_teardown_taskflow.py
[2025-10-15T17:13:11.164+0000] {processor.py:830} INFO - Processing file /home/airflow/.local/lib/python3.12/site-packages/airflow/example_dags/example_setup_teardown_taskflow.py for tasks to queue
[2025-10-15T17:13:11.169+0000] {logging_mixin.py:188} INFO - [2025-10-15T17:13:11.169+0000] {dagbag.py:545} INFO - Filling up the DagBag from /home/airflow/.local/lib/python3.12/site-packages/airflow/example_dags/example_setup_teardown_taskflow.py
[2025-10-15T17:13:11.176+0000] {processor.py:840} INFO - DAG(s) 'example_setup_teardown_taskflow' retrieved from /home/airflow/.local/lib/python3.12/site-packages/airflow/example_dags/example_setup_teardown_taskflow.py
[2025-10-15T17:13:11.189+0000] {logging_mixin.py:188} INFO - [2025-10-15T17:13:11.189+0000] {dag.py:3089} INFO - Sync 1 DAGs
[2025-10-15T17:13:11.202+0000] {logging_mixin.py:188} INFO - [2025-10-15T17:13:11.202+0000] {dag.py:3947} INFO - Setting next_dagrun for example_setup_teardown_taskflow to 2025-10-14 00:00:00+00:00, run_after=2025-10-15 00:00:00+00:00
[2025-10-15T17:13:11.212+0000] {processor.py:183} INFO - Processing /home/airflow/.local/lib/python3.12/site-packages/airflow/example_dags/example_setup_teardown_taskflow.py took 0.056 seconds
[2025-10-15T17:13:41.289+0000] {processor.py:161} INFO - Started process (PID=709) to work on /home/airflow/.local/lib/python3.12/site-packages/airflow/example_dags/example_setup_teardown_taskflow.py
[2025-10-15T17:13:41.289+0000] {processor.py:830} INFO - Processing file /home/airflow/.local/lib/python3.12/site-packages/airflow/example_dags/example_setup_teardown_taskflow.py for tasks to queue
[2025-10-15T17:13:41.293+0000] {logging_mixin.py:188} INFO - [2025-10-15T17:13:41.293+0000] {dagbag.py:545} INFO - Filling up the DagBag from /home/airflow/.local/lib/python3.12/site-packages/airflow/example_dags/example_setup_teardown_taskflow.py
[2025-10-15T17:13:41.300+0000] {processor.py:840} INFO - DAG(s) 'example_setup_teardown_taskflow' retrieved from /home/airflow/.local/lib/python3.12/site-packages/airflow/example_dags/example_setup_teardown_taskflow.py
[2025-10-15T17:13:41.315+0000] {logging_mixin.py:188} INFO - [2025-10-15T17:13:41.315+0000] {dag.py:3089} INFO - Sync 1 DAGs
[2025-10-15T17:13:41.329+0000] {logging_mixin.py:188} INFO - [2025-10-15T17:13:41.329+0000] {dag.py:3947} INFO - Setting next_dagrun for example_setup_teardown_taskflow to 2025-10-14 00:00:00+00:00, run_after=2025-10-15 00:00:00+00:00
[2025-10-15T17:13:41.339+0000] {processor.py:183} INFO - Processing /home/airflow/.local/lib/python3.12/site-packages/airflow/example_dags/example_setup_teardown_taskflow.py took 0.055 seconds
[2025-10-15T17:14:11.718+0000] {processor.py:161} INFO - Started process (PID=767) to work on /home/airflow/.local/lib/python3.12/site-packages/airflow/example_dags/example_setup_teardown_taskflow.py
[2025-10-15T17:14:11.722+0000] {processor.py:830} INFO - Processing file /home/airflow/.local/lib/python3.12/site-packages/airflow/example_dags/example_setup_teardown_taskflow.py for tasks to queue
[2025-10-15T17:14:11.723+0000] {logging_mixin.py:188} INFO - [2025-10-15T17:14:11.723+0000] {dagbag.py:545} INFO - Filling up the DagBag from /home/airflow/.local/lib/python3.12/site-packages/airflow/example_dags/example_setup_teardown_taskflow.py
[2025-10-15T17:14:11.729+0000] {processor.py:840} INFO - DAG(s) 'example_setup_teardown_taskflow' retrieved from /home/airflow/.local/lib/python3.12/site-packages/airflow/example_dags/example_setup_teardown_taskflow.py
[2025-10-15T17:14:11.742+0000] {logging_mixin.py:188} INFO - [2025-10-15T17:14:11.742+0000] {dag.py:3089} INFO - Sync 1 DAGs
[2025-10-15T17:14:11.755+0000] {logging_mixin.py:188} INFO - [2025-10-15T17:14:11.755+0000] {dag.py:3947} INFO - Setting next_dagrun for example_setup_teardown_taskflow to 2025-10-14 00:00:00+00:00, run_after=2025-10-15 00:00:00+00:00
[2025-10-15T17:14:11.765+0000] {processor.py:183} INFO - Processing /home/airflow/.local/lib/python3.12/site-packages/airflow/example_dags/example_setup_teardown_taskflow.py took 0.050 seconds
[2025-10-15T17:14:41.833+0000] {processor.py:161} INFO - Started process (PID=825) to work on /home/airflow/.local/lib/python3.12/site-packages/airflow/example_dags/example_setup_teardown_taskflow.py
[2025-10-15T17:14:41.833+0000] {processor.py:830} INFO - Processing file /home/airflow/.local/lib/python3.12/site-packages/airflow/example_dags/example_setup_teardown_taskflow.py for tasks to queue
[2025-10-15T17:14:41.835+0000] {logging_mixin.py:188} INFO - [2025-10-15T17:14:41.834+0000] {dagbag.py:545} INFO - Filling up the DagBag from /home/airflow/.local/lib/python3.12/site-packages/airflow/example_dags/example_setup_teardown_taskflow.py
[2025-10-15T17:14:41.844+0000] {processor.py:840} INFO - DAG(s) 'example_setup_teardown_taskflow' retrieved from /home/airflow/.local/lib/python3.12/site-packages/airflow/example_dags/example_setup_teardown_taskflow.py
[2025-10-15T17:14:41.860+0000] {logging_mixin.py:188} INFO - [2025-10-15T17:14:41.860+0000] {dag.py:3089} INFO - Sync 1 DAGs
[2025-10-15T17:14:41.873+0000] {logging_mixin.py:188} INFO - [2025-10-15T17:14:41.873+0000] {dag.py:3947} INFO - Setting next_dagrun for example_setup_teardown_taskflow to 2025-10-14 00:00:00+00:00, run_after=2025-10-15 00:00:00+00:00
[2025-10-15T17:14:41.883+0000] {processor.py:183} INFO - Processing /home/airflow/.local/lib/python3.12/site-packages/airflow/example_dags/example_setup_teardown_taskflow.py took 0.056 seconds
[2025-10-15T17:15:12.120+0000] {processor.py:161} INFO - Started process (PID=883) to work on /home/airflow/.local/lib/python3.12/site-packages/airflow/example_dags/example_setup_teardown_taskflow.py
[2025-10-15T17:15:12.121+0000] {processor.py:830} INFO - Processing file /home/airflow/.local/lib/python3.12/site-packages/airflow/example_dags/example_setup_teardown_taskflow.py for tasks to queue
[2025-10-15T17:15:12.122+0000] {logging_mixin.py:188} INFO - [2025-10-15T17:15:12.122+0000] {dagbag.py:545} INFO - Filling up the DagBag from /home/airflow/.local/lib/python3.12/site-packages/airflow/example_dags/example_setup_teardown_taskflow.py
[2025-10-15T17:15:12.128+0000] {processor.py:840} INFO - DAG(s) 'example_setup_teardown_taskflow' retrieved from /home/airflow/.local/lib/python3.12/site-packages/airflow/example_dags/example_setup_teardown_taskflow.py
[2025-10-15T17:15:12.142+0000] {logging_mixin.py:188} INFO - [2025-10-15T17:15:12.142+0000] {dag.py:3089} INFO - Sync 1 DAGs
[2025-10-15T17:15:12.155+0000] {logging_mixin.py:188} INFO - [2025-10-15T17:15:12.155+0000] {dag.py:3947} INFO - Setting next_dagrun for example_setup_teardown_taskflow to 2025-10-14 00:00:00+00:00, run_after=2025-10-15 00:00:00+00:00
[2025-10-15T17:15:12.165+0000] {processor.py:183} INFO - Processing /home/airflow/.local/lib/python3.12/site-packages/airflow/example_dags/example_setup_teardown_taskflow.py took 0.052 seconds
[2025-10-15T17:19:43.790+0000] {processor.py:161} INFO - Started process (PID=66) to work on /home/airflow/.local/lib/python3.12/site-packages/airflow/example_dags/example_setup_teardown_taskflow.py
[2025-10-15T17:19:43.792+0000] {processor.py:830} INFO - Processing file /home/airflow/.local/lib/python3.12/site-packages/airflow/example_dags/example_setup_teardown_taskflow.py for tasks to queue
[2025-10-15T17:19:43.795+0000] {logging_mixin.py:188} INFO - [2025-10-15T17:19:43.794+0000] {dagbag.py:545} INFO - Filling up the DagBag from /home/airflow/.local/lib/python3.12/site-packages/airflow/example_dags/example_setup_teardown_taskflow.py
[2025-10-15T17:19:43.821+0000] {processor.py:840} INFO - DAG(s) 'example_setup_teardown_taskflow' retrieved from /home/airflow/.local/lib/python3.12/site-packages/airflow/example_dags/example_setup_teardown_taskflow.py
[2025-10-15T17:19:44.075+0000] {logging_mixin.py:188} INFO - [2025-10-15T17:19:44.074+0000] {dag.py:3089} INFO - Sync 1 DAGs
[2025-10-15T17:19:44.115+0000] {logging_mixin.py:188} INFO - [2025-10-15T17:19:44.115+0000] {dag.py:3947} INFO - Setting next_dagrun for example_setup_teardown_taskflow to 2025-10-14 00:00:00+00:00, run_after=2025-10-15 00:00:00+00:00
[2025-10-15T17:19:44.165+0000] {processor.py:183} INFO - Processing /home/airflow/.local/lib/python3.12/site-packages/airflow/example_dags/example_setup_teardown_taskflow.py took 0.389 seconds
[2025-10-15T17:20:14.966+0000] {processor.py:161} INFO - Started process (PID=124) to work on /home/airflow/.local/lib/python3.12/site-packages/airflow/example_dags/example_setup_teardown_taskflow.py
[2025-10-15T17:20:14.967+0000] {processor.py:830} INFO - Processing file /home/airflow/.local/lib/python3.12/site-packages/airflow/example_dags/example_setup_teardown_taskflow.py for tasks to queue
[2025-10-15T17:20:14.969+0000] {logging_mixin.py:188} INFO - [2025-10-15T17:20:14.968+0000] {dagbag.py:545} INFO - Filling up the DagBag from /home/airflow/.local/lib/python3.12/site-packages/airflow/example_dags/example_setup_teardown_taskflow.py
[2025-10-15T17:20:14.975+0000] {processor.py:840} INFO - DAG(s) 'example_setup_teardown_taskflow' retrieved from /home/airflow/.local/lib/python3.12/site-packages/airflow/example_dags/example_setup_teardown_taskflow.py
[2025-10-15T17:20:14.991+0000] {logging_mixin.py:188} INFO - [2025-10-15T17:20:14.990+0000] {dag.py:3089} INFO - Sync 1 DAGs
[2025-10-15T17:20:15.008+0000] {logging_mixin.py:188} INFO - [2025-10-15T17:20:15.008+0000] {dag.py:3947} INFO - Setting next_dagrun for example_setup_teardown_taskflow to 2025-10-14 00:00:00+00:00, run_after=2025-10-15 00:00:00+00:00
[2025-10-15T17:20:15.019+0000] {processor.py:183} INFO - Processing /home/airflow/.local/lib/python3.12/site-packages/airflow/example_dags/example_setup_teardown_taskflow.py took 0.058 seconds
[2025-10-15T17:20:45.663+0000] {processor.py:161} INFO - Started process (PID=182) to work on /home/airflow/.local/lib/python3.12/site-packages/airflow/example_dags/example_setup_teardown_taskflow.py
[2025-10-15T17:20:45.664+0000] {processor.py:830} INFO - Processing file /home/airflow/.local/lib/python3.12/site-packages/airflow/example_dags/example_setup_teardown_taskflow.py for tasks to queue
[2025-10-15T17:20:45.665+0000] {logging_mixin.py:188} INFO - [2025-10-15T17:20:45.665+0000] {dagbag.py:545} INFO - Filling up the DagBag from /home/airflow/.local/lib/python3.12/site-packages/airflow/example_dags/example_setup_teardown_taskflow.py
[2025-10-15T17:20:45.671+0000] {processor.py:840} INFO - DAG(s) 'example_setup_teardown_taskflow' retrieved from /home/airflow/.local/lib/python3.12/site-packages/airflow/example_dags/example_setup_teardown_taskflow.py
[2025-10-15T17:20:45.685+0000] {logging_mixin.py:188} INFO - [2025-10-15T17:20:45.685+0000] {dag.py:3089} INFO - Sync 1 DAGs
[2025-10-15T17:20:45.698+0000] {logging_mixin.py:188} INFO - [2025-10-15T17:20:45.698+0000] {dag.py:3947} INFO - Setting next_dagrun for example_setup_teardown_taskflow to 2025-10-14 00:00:00+00:00, run_after=2025-10-15 00:00:00+00:00
[2025-10-15T17:20:45.708+0000] {processor.py:183} INFO - Processing /home/airflow/.local/lib/python3.12/site-packages/airflow/example_dags/example_setup_teardown_taskflow.py took 0.049 seconds
[2025-10-15T17:21:16.617+0000] {processor.py:161} INFO - Started process (PID=240) to work on /home/airflow/.local/lib/python3.12/site-packages/airflow/example_dags/example_setup_teardown_taskflow.py
[2025-10-15T17:21:16.618+0000] {processor.py:830} INFO - Processing file /home/airflow/.local/lib/python3.12/site-packages/airflow/example_dags/example_setup_teardown_taskflow.py for tasks to queue
[2025-10-15T17:21:16.620+0000] {logging_mixin.py:188} INFO - [2025-10-15T17:21:16.620+0000] {dagbag.py:545} INFO - Filling up the DagBag from /home/airflow/.local/lib/python3.12/site-packages/airflow/example_dags/example_setup_teardown_taskflow.py
[2025-10-15T17:21:16.627+0000] {processor.py:840} INFO - DAG(s) 'example_setup_teardown_taskflow' retrieved from /home/airflow/.local/lib/python3.12/site-packages/airflow/example_dags/example_setup_teardown_taskflow.py
[2025-10-15T17:21:16.645+0000] {logging_mixin.py:188} INFO - [2025-10-15T17:21:16.645+0000] {dag.py:3089} INFO - Sync 1 DAGs
[2025-10-15T17:21:16.661+0000] {logging_mixin.py:188} INFO - [2025-10-15T17:21:16.661+0000] {dag.py:3947} INFO - Setting next_dagrun for example_setup_teardown_taskflow to 2025-10-14 00:00:00+00:00, run_after=2025-10-15 00:00:00+00:00
[2025-10-15T17:21:16.673+0000] {processor.py:183} INFO - Processing /home/airflow/.local/lib/python3.12/site-packages/airflow/example_dags/example_setup_teardown_taskflow.py took 0.062 seconds
[2025-10-15T17:21:47.634+0000] {processor.py:161} INFO - Started process (PID=298) to work on /home/airflow/.local/lib/python3.12/site-packages/airflow/example_dags/example_setup_teardown_taskflow.py
[2025-10-15T17:21:47.635+0000] {processor.py:830} INFO - Processing file /home/airflow/.local/lib/python3.12/site-packages/airflow/example_dags/example_setup_teardown_taskflow.py for tasks to queue
[2025-10-15T17:21:47.636+0000] {logging_mixin.py:188} INFO - [2025-10-15T17:21:47.636+0000] {dagbag.py:545} INFO - Filling up the DagBag from /home/airflow/.local/lib/python3.12/site-packages/airflow/example_dags/example_setup_teardown_taskflow.py
[2025-10-15T17:21:47.641+0000] {processor.py:840} INFO - DAG(s) 'example_setup_teardown_taskflow' retrieved from /home/airflow/.local/lib/python3.12/site-packages/airflow/example_dags/example_setup_teardown_taskflow.py
[2025-10-15T17:21:47.654+0000] {logging_mixin.py:188} INFO - [2025-10-15T17:21:47.654+0000] {dag.py:3089} INFO - Sync 1 DAGs
[2025-10-15T17:21:47.666+0000] {logging_mixin.py:188} INFO - [2025-10-15T17:21:47.666+0000] {dag.py:3947} INFO - Setting next_dagrun for example_setup_teardown_taskflow to 2025-10-14 00:00:00+00:00, run_after=2025-10-15 00:00:00+00:00
[2025-10-15T17:21:47.676+0000] {processor.py:183} INFO - Processing /home/airflow/.local/lib/python3.12/site-packages/airflow/example_dags/example_setup_teardown_taskflow.py took 0.048 seconds
[2025-10-15T17:22:17.702+0000] {processor.py:161} INFO - Started process (PID=356) to work on /home/airflow/.local/lib/python3.12/site-packages/airflow/example_dags/example_setup_teardown_taskflow.py
[2025-10-15T17:22:17.703+0000] {processor.py:830} INFO - Processing file /home/airflow/.local/lib/python3.12/site-packages/airflow/example_dags/example_setup_teardown_taskflow.py for tasks to queue
[2025-10-15T17:22:17.705+0000] {logging_mixin.py:188} INFO - [2025-10-15T17:22:17.705+0000] {dagbag.py:545} INFO - Filling up the DagBag from /home/airflow/.local/lib/python3.12/site-packages/airflow/example_dags/example_setup_teardown_taskflow.py
[2025-10-15T17:22:17.714+0000] {processor.py:840} INFO - DAG(s) 'example_setup_teardown_taskflow' retrieved from /home/airflow/.local/lib/python3.12/site-packages/airflow/example_dags/example_setup_teardown_taskflow.py
[2025-10-15T17:22:17.735+0000] {logging_mixin.py:188} INFO - [2025-10-15T17:22:17.735+0000] {dag.py:3089} INFO - Sync 1 DAGs
[2025-10-15T17:22:17.750+0000] {logging_mixin.py:188} INFO - [2025-10-15T17:22:17.750+0000] {dag.py:3947} INFO - Setting next_dagrun for example_setup_teardown_taskflow to 2025-10-14 00:00:00+00:00, run_after=2025-10-15 00:00:00+00:00
[2025-10-15T17:22:17.762+0000] {processor.py:183} INFO - Processing /home/airflow/.local/lib/python3.12/site-packages/airflow/example_dags/example_setup_teardown_taskflow.py took 0.067 seconds
[2025-10-15T17:22:47.830+0000] {processor.py:161} INFO - Started process (PID=414) to work on /home/airflow/.local/lib/python3.12/site-packages/airflow/example_dags/example_setup_teardown_taskflow.py
[2025-10-15T17:22:47.830+0000] {processor.py:830} INFO - Processing file /home/airflow/.local/lib/python3.12/site-packages/airflow/example_dags/example_setup_teardown_taskflow.py for tasks to queue
[2025-10-15T17:22:47.832+0000] {logging_mixin.py:188} INFO - [2025-10-15T17:22:47.831+0000] {dagbag.py:545} INFO - Filling up the DagBag from /home/airflow/.local/lib/python3.12/site-packages/airflow/example_dags/example_setup_teardown_taskflow.py
[2025-10-15T17:22:47.837+0000] {processor.py:840} INFO - DAG(s) 'example_setup_teardown_taskflow' retrieved from /home/airflow/.local/lib/python3.12/site-packages/airflow/example_dags/example_setup_teardown_taskflow.py
[2025-10-15T17:22:47.851+0000] {logging_mixin.py:188} INFO - [2025-10-15T17:22:47.850+0000] {dag.py:3089} INFO - Sync 1 DAGs
[2025-10-15T17:22:47.863+0000] {logging_mixin.py:188} INFO - [2025-10-15T17:22:47.863+0000] {dag.py:3947} INFO - Setting next_dagrun for example_setup_teardown_taskflow to 2025-10-14 00:00:00+00:00, run_after=2025-10-15 00:00:00+00:00
[2025-10-15T17:22:47.873+0000] {processor.py:183} INFO - Processing /home/airflow/.local/lib/python3.12/site-packages/airflow/example_dags/example_setup_teardown_taskflow.py took 0.048 seconds
[2025-10-15T17:23:18.042+0000] {processor.py:161} INFO - Started process (PID=472) to work on /home/airflow/.local/lib/python3.12/site-packages/airflow/example_dags/example_setup_teardown_taskflow.py
[2025-10-15T17:23:18.042+0000] {processor.py:830} INFO - Processing file /home/airflow/.local/lib/python3.12/site-packages/airflow/example_dags/example_setup_teardown_taskflow.py for tasks to queue
[2025-10-15T17:23:18.044+0000] {logging_mixin.py:188} INFO - [2025-10-15T17:23:18.044+0000] {dagbag.py:545} INFO - Filling up the DagBag from /home/airflow/.local/lib/python3.12/site-packages/airflow/example_dags/example_setup_teardown_taskflow.py
[2025-10-15T17:23:18.050+0000] {processor.py:840} INFO - DAG(s) 'example_setup_teardown_taskflow' retrieved from /home/airflow/.local/lib/python3.12/site-packages/airflow/example_dags/example_setup_teardown_taskflow.py
[2025-10-15T17:23:18.065+0000] {logging_mixin.py:188} INFO - [2025-10-15T17:23:18.065+0000] {dag.py:3089} INFO - Sync 1 DAGs
[2025-10-15T17:23:18.079+0000] {logging_mixin.py:188} INFO - [2025-10-15T17:23:18.079+0000] {dag.py:3947} INFO - Setting next_dagrun for example_setup_teardown_taskflow to 2025-10-14 00:00:00+00:00, run_after=2025-10-15 00:00:00+00:00
[2025-10-15T17:23:18.090+0000] {processor.py:183} INFO - Processing /home/airflow/.local/lib/python3.12/site-packages/airflow/example_dags/example_setup_teardown_taskflow.py took 0.054 seconds
[2025-10-15T17:23:48.358+0000] {processor.py:161} INFO - Started process (PID=530) to work on /home/airflow/.local/lib/python3.12/site-packages/airflow/example_dags/example_setup_teardown_taskflow.py
[2025-10-15T17:23:48.359+0000] {processor.py:830} INFO - Processing file /home/airflow/.local/lib/python3.12/site-packages/airflow/example_dags/example_setup_teardown_taskflow.py for tasks to queue
[2025-10-15T17:23:48.360+0000] {logging_mixin.py:188} INFO - [2025-10-15T17:23:48.360+0000] {dagbag.py:545} INFO - Filling up the DagBag from /home/airflow/.local/lib/python3.12/site-packages/airflow/example_dags/example_setup_teardown_taskflow.py
[2025-10-15T17:23:48.366+0000] {processor.py:840} INFO - DAG(s) 'example_setup_teardown_taskflow' retrieved from /home/airflow/.local/lib/python3.12/site-packages/airflow/example_dags/example_setup_teardown_taskflow.py
[2025-10-15T17:23:48.381+0000] {logging_mixin.py:188} INFO - [2025-10-15T17:23:48.381+0000] {dag.py:3089} INFO - Sync 1 DAGs
[2025-10-15T17:23:48.394+0000] {logging_mixin.py:188} INFO - [2025-10-15T17:23:48.394+0000] {dag.py:3947} INFO - Setting next_dagrun for example_setup_teardown_taskflow to 2025-10-14 00:00:00+00:00, run_after=2025-10-15 00:00:00+00:00
[2025-10-15T17:23:48.406+0000] {processor.py:183} INFO - Processing /home/airflow/.local/lib/python3.12/site-packages/airflow/example_dags/example_setup_teardown_taskflow.py took 0.053 seconds
[2025-10-15T17:24:19.105+0000] {processor.py:161} INFO - Started process (PID=588) to work on /home/airflow/.local/lib/python3.12/site-packages/airflow/example_dags/example_setup_teardown_taskflow.py
[2025-10-15T17:24:19.106+0000] {processor.py:830} INFO - Processing file /home/airflow/.local/lib/python3.12/site-packages/airflow/example_dags/example_setup_teardown_taskflow.py for tasks to queue
[2025-10-15T17:24:19.107+0000] {logging_mixin.py:188} INFO - [2025-10-15T17:24:19.107+0000] {dagbag.py:545} INFO - Filling up the DagBag from /home/airflow/.local/lib/python3.12/site-packages/airflow/example_dags/example_setup_teardown_taskflow.py
[2025-10-15T17:24:19.113+0000] {processor.py:840} INFO - DAG(s) 'example_setup_teardown_taskflow' retrieved from /home/airflow/.local/lib/python3.12/site-packages/airflow/example_dags/example_setup_teardown_taskflow.py
[2025-10-15T17:24:19.128+0000] {logging_mixin.py:188} INFO - [2025-10-15T17:24:19.128+0000] {dag.py:3089} INFO - Sync 1 DAGs
[2025-10-15T17:24:19.142+0000] {logging_mixin.py:188} INFO - [2025-10-15T17:24:19.141+0000] {dag.py:3947} INFO - Setting next_dagrun for example_setup_teardown_taskflow to 2025-10-14 00:00:00+00:00, run_after=2025-10-15 00:00:00+00:00
[2025-10-15T17:24:19.152+0000] {processor.py:183} INFO - Processing /home/airflow/.local/lib/python3.12/site-packages/airflow/example_dags/example_setup_teardown_taskflow.py took 0.052 seconds
