[2025-10-15T17:08:14.542+0000] {processor.py:161} INFO - Started process (PID=108) to work on /home/airflow/.local/lib/python3.12/site-packages/airflow/example_dags/example_external_task_marker_dag.py
[2025-10-15T17:08:14.544+0000] {processor.py:830} INFO - Processing file /home/airflow/.local/lib/python3.12/site-packages/airflow/example_dags/example_external_task_marker_dag.py for tasks to queue
[2025-10-15T17:08:14.547+0000] {logging_mixin.py:188} INFO - [2025-10-15T17:08:14.546+0000] {dagbag.py:545} INFO - Filling up the DagBag from /home/airflow/.local/lib/python3.12/site-packages/airflow/example_dags/example_external_task_marker_dag.py
[2025-10-15T17:08:14.558+0000] {processor.py:840} INFO - DAG(s) 'example_external_task_marker_child', 'example_external_task_marker_parent' retrieved from /home/airflow/.local/lib/python3.12/site-packages/airflow/example_dags/example_external_task_marker_dag.py
[2025-10-15T17:08:14.689+0000] {logging_mixin.py:188} INFO - [2025-10-15T17:08:14.688+0000] {override.py:1858} INFO - Created Permission View: can edit on DAG:example_external_task_marker_child
[2025-10-15T17:08:14.702+0000] {logging_mixin.py:188} INFO - [2025-10-15T17:08:14.701+0000] {override.py:1858} INFO - Created Permission View: can delete on DAG:example_external_task_marker_child
[2025-10-15T17:08:14.710+0000] {logging_mixin.py:188} INFO - [2025-10-15T17:08:14.710+0000] {override.py:1858} INFO - Created Permission View: can read on DAG:example_external_task_marker_child
[2025-10-15T17:08:14.734+0000] {logging_mixin.py:188} INFO - [2025-10-15T17:08:14.733+0000] {override.py:1858} INFO - Created Permission View: can edit on DAG:example_external_task_marker_parent
[2025-10-15T17:08:14.750+0000] {logging_mixin.py:188} INFO - [2025-10-15T17:08:14.749+0000] {override.py:1858} INFO - Created Permission View: can delete on DAG:example_external_task_marker_parent
[2025-10-15T17:08:14.771+0000] {logging_mixin.py:188} INFO - [2025-10-15T17:08:14.769+0000] {override.py:1858} INFO - Created Permission View: can read on DAG:example_external_task_marker_parent
[2025-10-15T17:08:14.772+0000] {logging_mixin.py:188} INFO - [2025-10-15T17:08:14.771+0000] {dag.py:3089} INFO - Sync 2 DAGs
[2025-10-15T17:08:14.810+0000] {logging_mixin.py:188} INFO - [2025-10-15T17:08:14.809+0000] {dag.py:3111} INFO - Creating ORM DAG for example_external_task_marker_child
[2025-10-15T17:08:14.812+0000] {logging_mixin.py:188} INFO - [2025-10-15T17:08:14.812+0000] {dag.py:3111} INFO - Creating ORM DAG for example_external_task_marker_parent
[2025-10-15T17:08:14.815+0000] {logging_mixin.py:188} INFO - [2025-10-15T17:08:14.814+0000] {dag.py:3947} INFO - Setting next_dagrun for example_external_task_marker_child to None, run_after=None
[2025-10-15T17:08:14.816+0000] {logging_mixin.py:188} INFO - [2025-10-15T17:08:14.815+0000] {dag.py:3947} INFO - Setting next_dagrun for example_external_task_marker_parent to None, run_after=None
[2025-10-15T17:08:14.863+0000] {processor.py:183} INFO - Processing /home/airflow/.local/lib/python3.12/site-packages/airflow/example_dags/example_external_task_marker_dag.py took 0.328 seconds
[2025-10-15T17:08:45.276+0000] {processor.py:161} INFO - Started process (PID=166) to work on /home/airflow/.local/lib/python3.12/site-packages/airflow/example_dags/example_external_task_marker_dag.py
[2025-10-15T17:08:45.277+0000] {processor.py:830} INFO - Processing file /home/airflow/.local/lib/python3.12/site-packages/airflow/example_dags/example_external_task_marker_dag.py for tasks to queue
[2025-10-15T17:08:45.278+0000] {logging_mixin.py:188} INFO - [2025-10-15T17:08:45.278+0000] {dagbag.py:545} INFO - Filling up the DagBag from /home/airflow/.local/lib/python3.12/site-packages/airflow/example_dags/example_external_task_marker_dag.py
[2025-10-15T17:08:45.286+0000] {processor.py:840} INFO - DAG(s) 'example_external_task_marker_parent', 'example_external_task_marker_child' retrieved from /home/airflow/.local/lib/python3.12/site-packages/airflow/example_dags/example_external_task_marker_dag.py
[2025-10-15T17:08:45.314+0000] {logging_mixin.py:188} INFO - [2025-10-15T17:08:45.314+0000] {dag.py:3089} INFO - Sync 2 DAGs
[2025-10-15T17:08:45.329+0000] {logging_mixin.py:188} INFO - [2025-10-15T17:08:45.329+0000] {dag.py:3947} INFO - Setting next_dagrun for example_external_task_marker_child to None, run_after=None
[2025-10-15T17:08:45.333+0000] {logging_mixin.py:188} INFO - [2025-10-15T17:08:45.333+0000] {dag.py:3947} INFO - Setting next_dagrun for example_external_task_marker_parent to None, run_after=None
[2025-10-15T17:08:45.354+0000] {processor.py:183} INFO - Processing /home/airflow/.local/lib/python3.12/site-packages/airflow/example_dags/example_external_task_marker_dag.py took 0.083 seconds
[2025-10-15T17:09:17.109+0000] {processor.py:161} INFO - Started process (PID=224) to work on /home/airflow/.local/lib/python3.12/site-packages/airflow/example_dags/example_external_task_marker_dag.py
[2025-10-15T17:09:17.111+0000] {processor.py:830} INFO - Processing file /home/airflow/.local/lib/python3.12/site-packages/airflow/example_dags/example_external_task_marker_dag.py for tasks to queue
[2025-10-15T17:09:17.115+0000] {logging_mixin.py:188} INFO - [2025-10-15T17:09:17.114+0000] {dagbag.py:545} INFO - Filling up the DagBag from /home/airflow/.local/lib/python3.12/site-packages/airflow/example_dags/example_external_task_marker_dag.py
[2025-10-15T17:09:17.141+0000] {processor.py:840} INFO - DAG(s) 'example_external_task_marker_child', 'example_external_task_marker_parent' retrieved from /home/airflow/.local/lib/python3.12/site-packages/airflow/example_dags/example_external_task_marker_dag.py
[2025-10-15T17:09:17.180+0000] {logging_mixin.py:188} INFO - [2025-10-15T17:09:17.180+0000] {dag.py:3089} INFO - Sync 2 DAGs
[2025-10-15T17:09:17.198+0000] {logging_mixin.py:188} INFO - [2025-10-15T17:09:17.198+0000] {dag.py:3947} INFO - Setting next_dagrun for example_external_task_marker_child to None, run_after=None
[2025-10-15T17:09:17.203+0000] {logging_mixin.py:188} INFO - [2025-10-15T17:09:17.203+0000] {dag.py:3947} INFO - Setting next_dagrun for example_external_task_marker_parent to None, run_after=None
[2025-10-15T17:09:17.219+0000] {processor.py:183} INFO - Processing /home/airflow/.local/lib/python3.12/site-packages/airflow/example_dags/example_external_task_marker_dag.py took 0.117 seconds
[2025-10-15T17:09:47.293+0000] {processor.py:161} INFO - Started process (PID=282) to work on /home/airflow/.local/lib/python3.12/site-packages/airflow/example_dags/example_external_task_marker_dag.py
[2025-10-15T17:09:47.293+0000] {processor.py:830} INFO - Processing file /home/airflow/.local/lib/python3.12/site-packages/airflow/example_dags/example_external_task_marker_dag.py for tasks to queue
[2025-10-15T17:09:47.295+0000] {logging_mixin.py:188} INFO - [2025-10-15T17:09:47.295+0000] {dagbag.py:545} INFO - Filling up the DagBag from /home/airflow/.local/lib/python3.12/site-packages/airflow/example_dags/example_external_task_marker_dag.py
[2025-10-15T17:09:47.299+0000] {processor.py:840} INFO - DAG(s) 'example_external_task_marker_parent', 'example_external_task_marker_child' retrieved from /home/airflow/.local/lib/python3.12/site-packages/airflow/example_dags/example_external_task_marker_dag.py
[2025-10-15T17:09:47.319+0000] {logging_mixin.py:188} INFO - [2025-10-15T17:09:47.319+0000] {dag.py:3089} INFO - Sync 2 DAGs
[2025-10-15T17:09:47.329+0000] {logging_mixin.py:188} INFO - [2025-10-15T17:09:47.329+0000] {dag.py:3947} INFO - Setting next_dagrun for example_external_task_marker_child to None, run_after=None
[2025-10-15T17:09:47.331+0000] {logging_mixin.py:188} INFO - [2025-10-15T17:09:47.331+0000] {dag.py:3947} INFO - Setting next_dagrun for example_external_task_marker_parent to None, run_after=None
[2025-10-15T17:09:47.344+0000] {processor.py:183} INFO - Processing /home/airflow/.local/lib/python3.12/site-packages/airflow/example_dags/example_external_task_marker_dag.py took 0.055 seconds
[2025-10-15T17:10:17.546+0000] {processor.py:161} INFO - Started process (PID=340) to work on /home/airflow/.local/lib/python3.12/site-packages/airflow/example_dags/example_external_task_marker_dag.py
[2025-10-15T17:10:17.547+0000] {processor.py:830} INFO - Processing file /home/airflow/.local/lib/python3.12/site-packages/airflow/example_dags/example_external_task_marker_dag.py for tasks to queue
[2025-10-15T17:10:17.549+0000] {logging_mixin.py:188} INFO - [2025-10-15T17:10:17.549+0000] {dagbag.py:545} INFO - Filling up the DagBag from /home/airflow/.local/lib/python3.12/site-packages/airflow/example_dags/example_external_task_marker_dag.py
[2025-10-15T17:10:17.553+0000] {processor.py:840} INFO - DAG(s) 'example_external_task_marker_child', 'example_external_task_marker_parent' retrieved from /home/airflow/.local/lib/python3.12/site-packages/airflow/example_dags/example_external_task_marker_dag.py
[2025-10-15T17:10:17.572+0000] {logging_mixin.py:188} INFO - [2025-10-15T17:10:17.572+0000] {dag.py:3089} INFO - Sync 2 DAGs
[2025-10-15T17:10:17.582+0000] {logging_mixin.py:188} INFO - [2025-10-15T17:10:17.582+0000] {dag.py:3947} INFO - Setting next_dagrun for example_external_task_marker_child to None, run_after=None
[2025-10-15T17:10:17.585+0000] {logging_mixin.py:188} INFO - [2025-10-15T17:10:17.585+0000] {dag.py:3947} INFO - Setting next_dagrun for example_external_task_marker_parent to None, run_after=None
[2025-10-15T17:10:17.598+0000] {processor.py:183} INFO - Processing /home/airflow/.local/lib/python3.12/site-packages/airflow/example_dags/example_external_task_marker_dag.py took 0.056 seconds
[2025-10-15T17:10:47.784+0000] {processor.py:161} INFO - Started process (PID=398) to work on /home/airflow/.local/lib/python3.12/site-packages/airflow/example_dags/example_external_task_marker_dag.py
[2025-10-15T17:10:47.785+0000] {processor.py:830} INFO - Processing file /home/airflow/.local/lib/python3.12/site-packages/airflow/example_dags/example_external_task_marker_dag.py for tasks to queue
[2025-10-15T17:10:47.787+0000] {logging_mixin.py:188} INFO - [2025-10-15T17:10:47.786+0000] {dagbag.py:545} INFO - Filling up the DagBag from /home/airflow/.local/lib/python3.12/site-packages/airflow/example_dags/example_external_task_marker_dag.py
[2025-10-15T17:10:47.792+0000] {processor.py:840} INFO - DAG(s) 'example_external_task_marker_child', 'example_external_task_marker_parent' retrieved from /home/airflow/.local/lib/python3.12/site-packages/airflow/example_dags/example_external_task_marker_dag.py
[2025-10-15T17:10:47.810+0000] {logging_mixin.py:188} INFO - [2025-10-15T17:10:47.810+0000] {dag.py:3089} INFO - Sync 2 DAGs
[2025-10-15T17:10:47.820+0000] {logging_mixin.py:188} INFO - [2025-10-15T17:10:47.820+0000] {dag.py:3947} INFO - Setting next_dagrun for example_external_task_marker_child to None, run_after=None
[2025-10-15T17:10:47.823+0000] {logging_mixin.py:188} INFO - [2025-10-15T17:10:47.823+0000] {dag.py:3947} INFO - Setting next_dagrun for example_external_task_marker_parent to None, run_after=None
[2025-10-15T17:10:47.840+0000] {processor.py:183} INFO - Processing /home/airflow/.local/lib/python3.12/site-packages/airflow/example_dags/example_external_task_marker_dag.py took 0.060 seconds
[2025-10-15T17:11:18.446+0000] {processor.py:161} INFO - Started process (PID=456) to work on /home/airflow/.local/lib/python3.12/site-packages/airflow/example_dags/example_external_task_marker_dag.py
[2025-10-15T17:11:18.449+0000] {processor.py:830} INFO - Processing file /home/airflow/.local/lib/python3.12/site-packages/airflow/example_dags/example_external_task_marker_dag.py for tasks to queue
[2025-10-15T17:11:18.451+0000] {logging_mixin.py:188} INFO - [2025-10-15T17:11:18.451+0000] {dagbag.py:545} INFO - Filling up the DagBag from /home/airflow/.local/lib/python3.12/site-packages/airflow/example_dags/example_external_task_marker_dag.py
[2025-10-15T17:11:18.456+0000] {processor.py:840} INFO - DAG(s) 'example_external_task_marker_parent', 'example_external_task_marker_child' retrieved from /home/airflow/.local/lib/python3.12/site-packages/airflow/example_dags/example_external_task_marker_dag.py
[2025-10-15T17:11:18.480+0000] {logging_mixin.py:188} INFO - [2025-10-15T17:11:18.480+0000] {dag.py:3089} INFO - Sync 2 DAGs
[2025-10-15T17:11:18.492+0000] {logging_mixin.py:188} INFO - [2025-10-15T17:11:18.492+0000] {dag.py:3947} INFO - Setting next_dagrun for example_external_task_marker_child to None, run_after=None
[2025-10-15T17:11:18.495+0000] {logging_mixin.py:188} INFO - [2025-10-15T17:11:18.495+0000] {dag.py:3947} INFO - Setting next_dagrun for example_external_task_marker_parent to None, run_after=None
[2025-10-15T17:11:18.504+0000] {processor.py:183} INFO - Processing /home/airflow/.local/lib/python3.12/site-packages/airflow/example_dags/example_external_task_marker_dag.py took 0.061 seconds
[2025-10-15T17:11:48.626+0000] {processor.py:161} INFO - Started process (PID=514) to work on /home/airflow/.local/lib/python3.12/site-packages/airflow/example_dags/example_external_task_marker_dag.py
[2025-10-15T17:11:48.627+0000] {processor.py:830} INFO - Processing file /home/airflow/.local/lib/python3.12/site-packages/airflow/example_dags/example_external_task_marker_dag.py for tasks to queue
[2025-10-15T17:11:48.628+0000] {logging_mixin.py:188} INFO - [2025-10-15T17:11:48.628+0000] {dagbag.py:545} INFO - Filling up the DagBag from /home/airflow/.local/lib/python3.12/site-packages/airflow/example_dags/example_external_task_marker_dag.py
[2025-10-15T17:11:48.634+0000] {processor.py:840} INFO - DAG(s) 'example_external_task_marker_child', 'example_external_task_marker_parent' retrieved from /home/airflow/.local/lib/python3.12/site-packages/airflow/example_dags/example_external_task_marker_dag.py
[2025-10-15T17:11:48.660+0000] {logging_mixin.py:188} INFO - [2025-10-15T17:11:48.659+0000] {dag.py:3089} INFO - Sync 2 DAGs
[2025-10-15T17:11:48.670+0000] {logging_mixin.py:188} INFO - [2025-10-15T17:11:48.670+0000] {dag.py:3947} INFO - Setting next_dagrun for example_external_task_marker_child to None, run_after=None
[2025-10-15T17:11:48.674+0000] {logging_mixin.py:188} INFO - [2025-10-15T17:11:48.674+0000] {dag.py:3947} INFO - Setting next_dagrun for example_external_task_marker_parent to None, run_after=None
[2025-10-15T17:11:48.691+0000] {processor.py:183} INFO - Processing /home/airflow/.local/lib/python3.12/site-packages/airflow/example_dags/example_external_task_marker_dag.py took 0.070 seconds
[2025-10-15T17:12:18.831+0000] {processor.py:161} INFO - Started process (PID=572) to work on /home/airflow/.local/lib/python3.12/site-packages/airflow/example_dags/example_external_task_marker_dag.py
[2025-10-15T17:12:18.832+0000] {processor.py:830} INFO - Processing file /home/airflow/.local/lib/python3.12/site-packages/airflow/example_dags/example_external_task_marker_dag.py for tasks to queue
[2025-10-15T17:12:18.833+0000] {logging_mixin.py:188} INFO - [2025-10-15T17:12:18.833+0000] {dagbag.py:545} INFO - Filling up the DagBag from /home/airflow/.local/lib/python3.12/site-packages/airflow/example_dags/example_external_task_marker_dag.py
[2025-10-15T17:12:18.837+0000] {processor.py:840} INFO - DAG(s) 'example_external_task_marker_child', 'example_external_task_marker_parent' retrieved from /home/airflow/.local/lib/python3.12/site-packages/airflow/example_dags/example_external_task_marker_dag.py
[2025-10-15T17:12:18.853+0000] {logging_mixin.py:188} INFO - [2025-10-15T17:12:18.853+0000] {dag.py:3089} INFO - Sync 2 DAGs
[2025-10-15T17:12:18.860+0000] {logging_mixin.py:188} INFO - [2025-10-15T17:12:18.860+0000] {dag.py:3947} INFO - Setting next_dagrun for example_external_task_marker_child to None, run_after=None
[2025-10-15T17:12:18.864+0000] {logging_mixin.py:188} INFO - [2025-10-15T17:12:18.864+0000] {dag.py:3947} INFO - Setting next_dagrun for example_external_task_marker_parent to None, run_after=None
[2025-10-15T17:12:18.877+0000] {processor.py:183} INFO - Processing /home/airflow/.local/lib/python3.12/site-packages/airflow/example_dags/example_external_task_marker_dag.py took 0.050 seconds
[2025-10-15T17:12:49.552+0000] {processor.py:161} INFO - Started process (PID=630) to work on /home/airflow/.local/lib/python3.12/site-packages/airflow/example_dags/example_external_task_marker_dag.py
[2025-10-15T17:12:49.554+0000] {processor.py:830} INFO - Processing file /home/airflow/.local/lib/python3.12/site-packages/airflow/example_dags/example_external_task_marker_dag.py for tasks to queue
[2025-10-15T17:12:49.555+0000] {logging_mixin.py:188} INFO - [2025-10-15T17:12:49.555+0000] {dagbag.py:545} INFO - Filling up the DagBag from /home/airflow/.local/lib/python3.12/site-packages/airflow/example_dags/example_external_task_marker_dag.py
[2025-10-15T17:12:49.559+0000] {processor.py:840} INFO - DAG(s) 'example_external_task_marker_child', 'example_external_task_marker_parent' retrieved from /home/airflow/.local/lib/python3.12/site-packages/airflow/example_dags/example_external_task_marker_dag.py
[2025-10-15T17:12:49.577+0000] {logging_mixin.py:188} INFO - [2025-10-15T17:12:49.577+0000] {dag.py:3089} INFO - Sync 2 DAGs
[2025-10-15T17:12:49.586+0000] {logging_mixin.py:188} INFO - [2025-10-15T17:12:49.586+0000] {dag.py:3947} INFO - Setting next_dagrun for example_external_task_marker_child to None, run_after=None
[2025-10-15T17:12:49.590+0000] {logging_mixin.py:188} INFO - [2025-10-15T17:12:49.590+0000] {dag.py:3947} INFO - Setting next_dagrun for example_external_task_marker_parent to None, run_after=None
[2025-10-15T17:12:49.606+0000] {processor.py:183} INFO - Processing /home/airflow/.local/lib/python3.12/site-packages/airflow/example_dags/example_external_task_marker_dag.py took 0.057 seconds
[2025-10-15T17:13:19.649+0000] {processor.py:161} INFO - Started process (PID=688) to work on /home/airflow/.local/lib/python3.12/site-packages/airflow/example_dags/example_external_task_marker_dag.py
[2025-10-15T17:13:19.650+0000] {processor.py:830} INFO - Processing file /home/airflow/.local/lib/python3.12/site-packages/airflow/example_dags/example_external_task_marker_dag.py for tasks to queue
[2025-10-15T17:13:19.652+0000] {logging_mixin.py:188} INFO - [2025-10-15T17:13:19.652+0000] {dagbag.py:545} INFO - Filling up the DagBag from /home/airflow/.local/lib/python3.12/site-packages/airflow/example_dags/example_external_task_marker_dag.py
[2025-10-15T17:13:19.657+0000] {processor.py:840} INFO - DAG(s) 'example_external_task_marker_child', 'example_external_task_marker_parent' retrieved from /home/airflow/.local/lib/python3.12/site-packages/airflow/example_dags/example_external_task_marker_dag.py
[2025-10-15T17:13:19.674+0000] {logging_mixin.py:188} INFO - [2025-10-15T17:13:19.673+0000] {dag.py:3089} INFO - Sync 2 DAGs
[2025-10-15T17:13:19.682+0000] {logging_mixin.py:188} INFO - [2025-10-15T17:13:19.681+0000] {dag.py:3947} INFO - Setting next_dagrun for example_external_task_marker_child to None, run_after=None
[2025-10-15T17:13:19.684+0000] {logging_mixin.py:188} INFO - [2025-10-15T17:13:19.684+0000] {dag.py:3947} INFO - Setting next_dagrun for example_external_task_marker_parent to None, run_after=None
[2025-10-15T17:13:19.694+0000] {processor.py:183} INFO - Processing /home/airflow/.local/lib/python3.12/site-packages/airflow/example_dags/example_external_task_marker_dag.py took 0.050 seconds
[2025-10-15T17:13:50.658+0000] {processor.py:161} INFO - Started process (PID=746) to work on /home/airflow/.local/lib/python3.12/site-packages/airflow/example_dags/example_external_task_marker_dag.py
[2025-10-15T17:13:50.660+0000] {processor.py:830} INFO - Processing file /home/airflow/.local/lib/python3.12/site-packages/airflow/example_dags/example_external_task_marker_dag.py for tasks to queue
[2025-10-15T17:13:50.661+0000] {logging_mixin.py:188} INFO - [2025-10-15T17:13:50.661+0000] {dagbag.py:545} INFO - Filling up the DagBag from /home/airflow/.local/lib/python3.12/site-packages/airflow/example_dags/example_external_task_marker_dag.py
[2025-10-15T17:13:50.665+0000] {processor.py:840} INFO - DAG(s) 'example_external_task_marker_parent', 'example_external_task_marker_child' retrieved from /home/airflow/.local/lib/python3.12/site-packages/airflow/example_dags/example_external_task_marker_dag.py
[2025-10-15T17:13:50.682+0000] {logging_mixin.py:188} INFO - [2025-10-15T17:13:50.681+0000] {dag.py:3089} INFO - Sync 2 DAGs
[2025-10-15T17:13:50.689+0000] {logging_mixin.py:188} INFO - [2025-10-15T17:13:50.689+0000] {dag.py:3947} INFO - Setting next_dagrun for example_external_task_marker_child to None, run_after=None
[2025-10-15T17:13:50.693+0000] {logging_mixin.py:188} INFO - [2025-10-15T17:13:50.693+0000] {dag.py:3947} INFO - Setting next_dagrun for example_external_task_marker_parent to None, run_after=None
[2025-10-15T17:13:50.703+0000] {processor.py:183} INFO - Processing /home/airflow/.local/lib/python3.12/site-packages/airflow/example_dags/example_external_task_marker_dag.py took 0.048 seconds
[2025-10-15T17:14:20.980+0000] {processor.py:161} INFO - Started process (PID=804) to work on /home/airflow/.local/lib/python3.12/site-packages/airflow/example_dags/example_external_task_marker_dag.py
[2025-10-15T17:14:20.981+0000] {processor.py:830} INFO - Processing file /home/airflow/.local/lib/python3.12/site-packages/airflow/example_dags/example_external_task_marker_dag.py for tasks to queue
[2025-10-15T17:14:20.982+0000] {logging_mixin.py:188} INFO - [2025-10-15T17:14:20.981+0000] {dagbag.py:545} INFO - Filling up the DagBag from /home/airflow/.local/lib/python3.12/site-packages/airflow/example_dags/example_external_task_marker_dag.py
[2025-10-15T17:14:20.986+0000] {processor.py:840} INFO - DAG(s) 'example_external_task_marker_child', 'example_external_task_marker_parent' retrieved from /home/airflow/.local/lib/python3.12/site-packages/airflow/example_dags/example_external_task_marker_dag.py
[2025-10-15T17:14:20.999+0000] {logging_mixin.py:188} INFO - [2025-10-15T17:14:20.999+0000] {dag.py:3089} INFO - Sync 2 DAGs
[2025-10-15T17:14:21.007+0000] {logging_mixin.py:188} INFO - [2025-10-15T17:14:21.007+0000] {dag.py:3947} INFO - Setting next_dagrun for example_external_task_marker_child to None, run_after=None
[2025-10-15T17:14:21.011+0000] {logging_mixin.py:188} INFO - [2025-10-15T17:14:21.011+0000] {dag.py:3947} INFO - Setting next_dagrun for example_external_task_marker_parent to None, run_after=None
[2025-10-15T17:14:21.020+0000] {processor.py:183} INFO - Processing /home/airflow/.local/lib/python3.12/site-packages/airflow/example_dags/example_external_task_marker_dag.py took 0.044 seconds
[2025-10-15T17:14:51.211+0000] {processor.py:161} INFO - Started process (PID=862) to work on /home/airflow/.local/lib/python3.12/site-packages/airflow/example_dags/example_external_task_marker_dag.py
[2025-10-15T17:14:51.215+0000] {processor.py:830} INFO - Processing file /home/airflow/.local/lib/python3.12/site-packages/airflow/example_dags/example_external_task_marker_dag.py for tasks to queue
[2025-10-15T17:14:51.216+0000] {logging_mixin.py:188} INFO - [2025-10-15T17:14:51.216+0000] {dagbag.py:545} INFO - Filling up the DagBag from /home/airflow/.local/lib/python3.12/site-packages/airflow/example_dags/example_external_task_marker_dag.py
[2025-10-15T17:14:51.221+0000] {processor.py:840} INFO - DAG(s) 'example_external_task_marker_child', 'example_external_task_marker_parent' retrieved from /home/airflow/.local/lib/python3.12/site-packages/airflow/example_dags/example_external_task_marker_dag.py
[2025-10-15T17:14:51.239+0000] {logging_mixin.py:188} INFO - [2025-10-15T17:14:51.239+0000] {dag.py:3089} INFO - Sync 2 DAGs
[2025-10-15T17:14:51.247+0000] {logging_mixin.py:188} INFO - [2025-10-15T17:14:51.247+0000] {dag.py:3947} INFO - Setting next_dagrun for example_external_task_marker_child to None, run_after=None
[2025-10-15T17:14:51.249+0000] {logging_mixin.py:188} INFO - [2025-10-15T17:14:51.249+0000] {dag.py:3947} INFO - Setting next_dagrun for example_external_task_marker_parent to None, run_after=None
[2025-10-15T17:14:51.259+0000] {processor.py:183} INFO - Processing /home/airflow/.local/lib/python3.12/site-packages/airflow/example_dags/example_external_task_marker_dag.py took 0.051 seconds
[2025-10-15T17:15:21.561+0000] {processor.py:161} INFO - Started process (PID=920) to work on /home/airflow/.local/lib/python3.12/site-packages/airflow/example_dags/example_external_task_marker_dag.py
[2025-10-15T17:15:21.561+0000] {processor.py:830} INFO - Processing file /home/airflow/.local/lib/python3.12/site-packages/airflow/example_dags/example_external_task_marker_dag.py for tasks to queue
[2025-10-15T17:15:21.563+0000] {logging_mixin.py:188} INFO - [2025-10-15T17:15:21.563+0000] {dagbag.py:545} INFO - Filling up the DagBag from /home/airflow/.local/lib/python3.12/site-packages/airflow/example_dags/example_external_task_marker_dag.py
[2025-10-15T17:15:21.572+0000] {processor.py:840} INFO - DAG(s) 'example_external_task_marker_parent', 'example_external_task_marker_child' retrieved from /home/airflow/.local/lib/python3.12/site-packages/airflow/example_dags/example_external_task_marker_dag.py
[2025-10-15T17:15:21.592+0000] {logging_mixin.py:188} INFO - [2025-10-15T17:15:21.592+0000] {dag.py:3089} INFO - Sync 2 DAGs
[2025-10-15T17:15:21.603+0000] {logging_mixin.py:188} INFO - [2025-10-15T17:15:21.603+0000] {dag.py:3947} INFO - Setting next_dagrun for example_external_task_marker_child to None, run_after=None
[2025-10-15T17:15:21.607+0000] {logging_mixin.py:188} INFO - [2025-10-15T17:15:21.606+0000] {dag.py:3947} INFO - Setting next_dagrun for example_external_task_marker_parent to None, run_after=None
[2025-10-15T17:15:21.617+0000] {processor.py:183} INFO - Processing /home/airflow/.local/lib/python3.12/site-packages/airflow/example_dags/example_external_task_marker_dag.py took 0.060 seconds
[2025-10-15T17:19:50.241+0000] {processor.py:161} INFO - Started process (PID=103) to work on /home/airflow/.local/lib/python3.12/site-packages/airflow/example_dags/example_external_task_marker_dag.py
[2025-10-15T17:19:50.242+0000] {processor.py:830} INFO - Processing file /home/airflow/.local/lib/python3.12/site-packages/airflow/example_dags/example_external_task_marker_dag.py for tasks to queue
[2025-10-15T17:19:50.243+0000] {logging_mixin.py:188} INFO - [2025-10-15T17:19:50.243+0000] {dagbag.py:545} INFO - Filling up the DagBag from /home/airflow/.local/lib/python3.12/site-packages/airflow/example_dags/example_external_task_marker_dag.py
[2025-10-15T17:19:50.255+0000] {processor.py:840} INFO - DAG(s) 'example_external_task_marker_child', 'example_external_task_marker_parent' retrieved from /home/airflow/.local/lib/python3.12/site-packages/airflow/example_dags/example_external_task_marker_dag.py
[2025-10-15T17:19:50.369+0000] {logging_mixin.py:188} INFO - [2025-10-15T17:19:50.368+0000] {dag.py:3089} INFO - Sync 2 DAGs
[2025-10-15T17:19:50.382+0000] {logging_mixin.py:188} INFO - [2025-10-15T17:19:50.381+0000] {dag.py:3947} INFO - Setting next_dagrun for example_external_task_marker_child to None, run_after=None
[2025-10-15T17:19:50.386+0000] {logging_mixin.py:188} INFO - [2025-10-15T17:19:50.386+0000] {dag.py:3947} INFO - Setting next_dagrun for example_external_task_marker_parent to None, run_after=None
[2025-10-15T17:19:50.406+0000] {processor.py:183} INFO - Processing /home/airflow/.local/lib/python3.12/site-packages/airflow/example_dags/example_external_task_marker_dag.py took 0.171 seconds
[2025-10-15T17:20:20.817+0000] {processor.py:161} INFO - Started process (PID=161) to work on /home/airflow/.local/lib/python3.12/site-packages/airflow/example_dags/example_external_task_marker_dag.py
[2025-10-15T17:20:20.818+0000] {processor.py:830} INFO - Processing file /home/airflow/.local/lib/python3.12/site-packages/airflow/example_dags/example_external_task_marker_dag.py for tasks to queue
[2025-10-15T17:20:20.822+0000] {logging_mixin.py:188} INFO - [2025-10-15T17:20:20.821+0000] {dagbag.py:545} INFO - Filling up the DagBag from /home/airflow/.local/lib/python3.12/site-packages/airflow/example_dags/example_external_task_marker_dag.py
[2025-10-15T17:20:20.837+0000] {processor.py:840} INFO - DAG(s) 'example_external_task_marker_parent', 'example_external_task_marker_child' retrieved from /home/airflow/.local/lib/python3.12/site-packages/airflow/example_dags/example_external_task_marker_dag.py
[2025-10-15T17:20:20.865+0000] {logging_mixin.py:188} INFO - [2025-10-15T17:20:20.865+0000] {dag.py:3089} INFO - Sync 2 DAGs
[2025-10-15T17:20:20.879+0000] {logging_mixin.py:188} INFO - [2025-10-15T17:20:20.879+0000] {dag.py:3947} INFO - Setting next_dagrun for example_external_task_marker_child to None, run_after=None
[2025-10-15T17:20:20.882+0000] {logging_mixin.py:188} INFO - [2025-10-15T17:20:20.882+0000] {dag.py:3947} INFO - Setting next_dagrun for example_external_task_marker_parent to None, run_after=None
[2025-10-15T17:20:20.905+0000] {processor.py:183} INFO - Processing /home/airflow/.local/lib/python3.12/site-packages/airflow/example_dags/example_external_task_marker_dag.py took 0.096 seconds
[2025-10-15T17:20:51.364+0000] {processor.py:161} INFO - Started process (PID=219) to work on /home/airflow/.local/lib/python3.12/site-packages/airflow/example_dags/example_external_task_marker_dag.py
[2025-10-15T17:20:51.365+0000] {processor.py:830} INFO - Processing file /home/airflow/.local/lib/python3.12/site-packages/airflow/example_dags/example_external_task_marker_dag.py for tasks to queue
[2025-10-15T17:20:51.366+0000] {logging_mixin.py:188} INFO - [2025-10-15T17:20:51.366+0000] {dagbag.py:545} INFO - Filling up the DagBag from /home/airflow/.local/lib/python3.12/site-packages/airflow/example_dags/example_external_task_marker_dag.py
[2025-10-15T17:20:51.371+0000] {processor.py:840} INFO - DAG(s) 'example_external_task_marker_child', 'example_external_task_marker_parent' retrieved from /home/airflow/.local/lib/python3.12/site-packages/airflow/example_dags/example_external_task_marker_dag.py
[2025-10-15T17:20:51.410+0000] {logging_mixin.py:188} INFO - [2025-10-15T17:20:51.408+0000] {dag.py:3089} INFO - Sync 2 DAGs
[2025-10-15T17:20:51.456+0000] {logging_mixin.py:188} INFO - [2025-10-15T17:20:51.455+0000] {dag.py:3947} INFO - Setting next_dagrun for example_external_task_marker_child to None, run_after=None
[2025-10-15T17:20:51.465+0000] {logging_mixin.py:188} INFO - [2025-10-15T17:20:51.465+0000] {dag.py:3947} INFO - Setting next_dagrun for example_external_task_marker_parent to None, run_after=None
[2025-10-15T17:20:51.487+0000] {processor.py:183} INFO - Processing /home/airflow/.local/lib/python3.12/site-packages/airflow/example_dags/example_external_task_marker_dag.py took 0.127 seconds
[2025-10-15T17:21:22.577+0000] {processor.py:161} INFO - Started process (PID=277) to work on /home/airflow/.local/lib/python3.12/site-packages/airflow/example_dags/example_external_task_marker_dag.py
[2025-10-15T17:21:22.584+0000] {processor.py:830} INFO - Processing file /home/airflow/.local/lib/python3.12/site-packages/airflow/example_dags/example_external_task_marker_dag.py for tasks to queue
[2025-10-15T17:21:22.589+0000] {logging_mixin.py:188} INFO - [2025-10-15T17:21:22.588+0000] {dagbag.py:545} INFO - Filling up the DagBag from /home/airflow/.local/lib/python3.12/site-packages/airflow/example_dags/example_external_task_marker_dag.py
[2025-10-15T17:21:22.603+0000] {processor.py:840} INFO - DAG(s) 'example_external_task_marker_parent', 'example_external_task_marker_child' retrieved from /home/airflow/.local/lib/python3.12/site-packages/airflow/example_dags/example_external_task_marker_dag.py
[2025-10-15T17:21:22.640+0000] {logging_mixin.py:188} INFO - [2025-10-15T17:21:22.639+0000] {dag.py:3089} INFO - Sync 2 DAGs
[2025-10-15T17:21:22.657+0000] {logging_mixin.py:188} INFO - [2025-10-15T17:21:22.656+0000] {dag.py:3947} INFO - Setting next_dagrun for example_external_task_marker_child to None, run_after=None
[2025-10-15T17:21:22.665+0000] {logging_mixin.py:188} INFO - [2025-10-15T17:21:22.665+0000] {dag.py:3947} INFO - Setting next_dagrun for example_external_task_marker_parent to None, run_after=None
[2025-10-15T17:21:22.686+0000] {processor.py:183} INFO - Processing /home/airflow/.local/lib/python3.12/site-packages/airflow/example_dags/example_external_task_marker_dag.py took 0.119 seconds
[2025-10-15T17:21:53.573+0000] {processor.py:161} INFO - Started process (PID=335) to work on /home/airflow/.local/lib/python3.12/site-packages/airflow/example_dags/example_external_task_marker_dag.py
[2025-10-15T17:21:53.574+0000] {processor.py:830} INFO - Processing file /home/airflow/.local/lib/python3.12/site-packages/airflow/example_dags/example_external_task_marker_dag.py for tasks to queue
[2025-10-15T17:21:53.575+0000] {logging_mixin.py:188} INFO - [2025-10-15T17:21:53.575+0000] {dagbag.py:545} INFO - Filling up the DagBag from /home/airflow/.local/lib/python3.12/site-packages/airflow/example_dags/example_external_task_marker_dag.py
[2025-10-15T17:21:53.579+0000] {processor.py:840} INFO - DAG(s) 'example_external_task_marker_parent', 'example_external_task_marker_child' retrieved from /home/airflow/.local/lib/python3.12/site-packages/airflow/example_dags/example_external_task_marker_dag.py
[2025-10-15T17:21:53.598+0000] {logging_mixin.py:188} INFO - [2025-10-15T17:21:53.598+0000] {dag.py:3089} INFO - Sync 2 DAGs
[2025-10-15T17:21:53.610+0000] {logging_mixin.py:188} INFO - [2025-10-15T17:21:53.610+0000] {dag.py:3947} INFO - Setting next_dagrun for example_external_task_marker_child to None, run_after=None
[2025-10-15T17:21:53.614+0000] {logging_mixin.py:188} INFO - [2025-10-15T17:21:53.614+0000] {dag.py:3947} INFO - Setting next_dagrun for example_external_task_marker_parent to None, run_after=None
[2025-10-15T17:21:53.632+0000] {processor.py:183} INFO - Processing /home/airflow/.local/lib/python3.12/site-packages/airflow/example_dags/example_external_task_marker_dag.py took 0.063 seconds
[2025-10-15T17:22:24.158+0000] {processor.py:161} INFO - Started process (PID=393) to work on /home/airflow/.local/lib/python3.12/site-packages/airflow/example_dags/example_external_task_marker_dag.py
[2025-10-15T17:22:24.159+0000] {processor.py:830} INFO - Processing file /home/airflow/.local/lib/python3.12/site-packages/airflow/example_dags/example_external_task_marker_dag.py for tasks to queue
[2025-10-15T17:22:24.160+0000] {logging_mixin.py:188} INFO - [2025-10-15T17:22:24.160+0000] {dagbag.py:545} INFO - Filling up the DagBag from /home/airflow/.local/lib/python3.12/site-packages/airflow/example_dags/example_external_task_marker_dag.py
[2025-10-15T17:22:24.164+0000] {processor.py:840} INFO - DAG(s) 'example_external_task_marker_parent', 'example_external_task_marker_child' retrieved from /home/airflow/.local/lib/python3.12/site-packages/airflow/example_dags/example_external_task_marker_dag.py
[2025-10-15T17:22:24.178+0000] {logging_mixin.py:188} INFO - [2025-10-15T17:22:24.178+0000] {dag.py:3089} INFO - Sync 2 DAGs
[2025-10-15T17:22:24.186+0000] {logging_mixin.py:188} INFO - [2025-10-15T17:22:24.186+0000] {dag.py:3947} INFO - Setting next_dagrun for example_external_task_marker_child to None, run_after=None
[2025-10-15T17:22:24.188+0000] {logging_mixin.py:188} INFO - [2025-10-15T17:22:24.188+0000] {dag.py:3947} INFO - Setting next_dagrun for example_external_task_marker_parent to None, run_after=None
[2025-10-15T17:22:24.202+0000] {processor.py:183} INFO - Processing /home/airflow/.local/lib/python3.12/site-packages/airflow/example_dags/example_external_task_marker_dag.py took 0.048 seconds
[2025-10-15T17:22:54.756+0000] {processor.py:161} INFO - Started process (PID=451) to work on /home/airflow/.local/lib/python3.12/site-packages/airflow/example_dags/example_external_task_marker_dag.py
[2025-10-15T17:22:54.757+0000] {processor.py:830} INFO - Processing file /home/airflow/.local/lib/python3.12/site-packages/airflow/example_dags/example_external_task_marker_dag.py for tasks to queue
[2025-10-15T17:22:54.760+0000] {logging_mixin.py:188} INFO - [2025-10-15T17:22:54.760+0000] {dagbag.py:545} INFO - Filling up the DagBag from /home/airflow/.local/lib/python3.12/site-packages/airflow/example_dags/example_external_task_marker_dag.py
[2025-10-15T17:22:54.766+0000] {processor.py:840} INFO - DAG(s) 'example_external_task_marker_parent', 'example_external_task_marker_child' retrieved from /home/airflow/.local/lib/python3.12/site-packages/airflow/example_dags/example_external_task_marker_dag.py
[2025-10-15T17:22:54.792+0000] {logging_mixin.py:188} INFO - [2025-10-15T17:22:54.792+0000] {dag.py:3089} INFO - Sync 2 DAGs
[2025-10-15T17:22:54.804+0000] {logging_mixin.py:188} INFO - [2025-10-15T17:22:54.804+0000] {dag.py:3947} INFO - Setting next_dagrun for example_external_task_marker_child to None, run_after=None
[2025-10-15T17:22:54.810+0000] {logging_mixin.py:188} INFO - [2025-10-15T17:22:54.810+0000] {dag.py:3947} INFO - Setting next_dagrun for example_external_task_marker_parent to None, run_after=None
[2025-10-15T17:22:54.828+0000] {processor.py:183} INFO - Processing /home/airflow/.local/lib/python3.12/site-packages/airflow/example_dags/example_external_task_marker_dag.py took 0.078 seconds
[2025-10-15T17:23:25.390+0000] {processor.py:161} INFO - Started process (PID=509) to work on /home/airflow/.local/lib/python3.12/site-packages/airflow/example_dags/example_external_task_marker_dag.py
[2025-10-15T17:23:25.391+0000] {processor.py:830} INFO - Processing file /home/airflow/.local/lib/python3.12/site-packages/airflow/example_dags/example_external_task_marker_dag.py for tasks to queue
[2025-10-15T17:23:25.392+0000] {logging_mixin.py:188} INFO - [2025-10-15T17:23:25.392+0000] {dagbag.py:545} INFO - Filling up the DagBag from /home/airflow/.local/lib/python3.12/site-packages/airflow/example_dags/example_external_task_marker_dag.py
[2025-10-15T17:23:25.398+0000] {processor.py:840} INFO - DAG(s) 'example_external_task_marker_child', 'example_external_task_marker_parent' retrieved from /home/airflow/.local/lib/python3.12/site-packages/airflow/example_dags/example_external_task_marker_dag.py
[2025-10-15T17:23:25.412+0000] {logging_mixin.py:188} INFO - [2025-10-15T17:23:25.412+0000] {dag.py:3089} INFO - Sync 2 DAGs
[2025-10-15T17:23:25.424+0000] {logging_mixin.py:188} INFO - [2025-10-15T17:23:25.424+0000] {dag.py:3947} INFO - Setting next_dagrun for example_external_task_marker_child to None, run_after=None
[2025-10-15T17:23:25.427+0000] {logging_mixin.py:188} INFO - [2025-10-15T17:23:25.427+0000] {dag.py:3947} INFO - Setting next_dagrun for example_external_task_marker_parent to None, run_after=None
[2025-10-15T17:23:25.443+0000] {processor.py:183} INFO - Processing /home/airflow/.local/lib/python3.12/site-packages/airflow/example_dags/example_external_task_marker_dag.py took 0.056 seconds
[2025-10-15T17:23:55.879+0000] {processor.py:161} INFO - Started process (PID=567) to work on /home/airflow/.local/lib/python3.12/site-packages/airflow/example_dags/example_external_task_marker_dag.py
[2025-10-15T17:23:55.880+0000] {processor.py:830} INFO - Processing file /home/airflow/.local/lib/python3.12/site-packages/airflow/example_dags/example_external_task_marker_dag.py for tasks to queue
[2025-10-15T17:23:55.882+0000] {logging_mixin.py:188} INFO - [2025-10-15T17:23:55.882+0000] {dagbag.py:545} INFO - Filling up the DagBag from /home/airflow/.local/lib/python3.12/site-packages/airflow/example_dags/example_external_task_marker_dag.py
[2025-10-15T17:23:55.887+0000] {processor.py:840} INFO - DAG(s) 'example_external_task_marker_child', 'example_external_task_marker_parent' retrieved from /home/airflow/.local/lib/python3.12/site-packages/airflow/example_dags/example_external_task_marker_dag.py
[2025-10-15T17:23:55.907+0000] {logging_mixin.py:188} INFO - [2025-10-15T17:23:55.907+0000] {dag.py:3089} INFO - Sync 2 DAGs
[2025-10-15T17:23:55.918+0000] {logging_mixin.py:188} INFO - [2025-10-15T17:23:55.917+0000] {dag.py:3947} INFO - Setting next_dagrun for example_external_task_marker_child to None, run_after=None
[2025-10-15T17:23:55.921+0000] {logging_mixin.py:188} INFO - [2025-10-15T17:23:55.921+0000] {dag.py:3947} INFO - Setting next_dagrun for example_external_task_marker_parent to None, run_after=None
[2025-10-15T17:23:55.936+0000] {processor.py:183} INFO - Processing /home/airflow/.local/lib/python3.12/site-packages/airflow/example_dags/example_external_task_marker_dag.py took 0.062 seconds
[2025-10-15T17:24:27.033+0000] {processor.py:161} INFO - Started process (PID=625) to work on /home/airflow/.local/lib/python3.12/site-packages/airflow/example_dags/example_external_task_marker_dag.py
[2025-10-15T17:24:27.034+0000] {processor.py:830} INFO - Processing file /home/airflow/.local/lib/python3.12/site-packages/airflow/example_dags/example_external_task_marker_dag.py for tasks to queue
[2025-10-15T17:24:27.036+0000] {logging_mixin.py:188} INFO - [2025-10-15T17:24:27.035+0000] {dagbag.py:545} INFO - Filling up the DagBag from /home/airflow/.local/lib/python3.12/site-packages/airflow/example_dags/example_external_task_marker_dag.py
[2025-10-15T17:24:27.043+0000] {processor.py:840} INFO - DAG(s) 'example_external_task_marker_child', 'example_external_task_marker_parent' retrieved from /home/airflow/.local/lib/python3.12/site-packages/airflow/example_dags/example_external_task_marker_dag.py
[2025-10-15T17:24:27.070+0000] {logging_mixin.py:188} INFO - [2025-10-15T17:24:27.070+0000] {dag.py:3089} INFO - Sync 2 DAGs
[2025-10-15T17:24:27.084+0000] {logging_mixin.py:188} INFO - [2025-10-15T17:24:27.084+0000] {dag.py:3947} INFO - Setting next_dagrun for example_external_task_marker_child to None, run_after=None
[2025-10-15T17:24:27.087+0000] {logging_mixin.py:188} INFO - [2025-10-15T17:24:27.087+0000] {dag.py:3947} INFO - Setting next_dagrun for example_external_task_marker_parent to None, run_after=None
[2025-10-15T17:24:27.101+0000] {processor.py:183} INFO - Processing /home/airflow/.local/lib/python3.12/site-packages/airflow/example_dags/example_external_task_marker_dag.py took 0.073 seconds
