[2025-10-15T17:08:09.023+0000] {processor.py:161} INFO - Started process (PID=83) to work on /home/airflow/.local/lib/python3.12/site-packages/airflow/example_dags/example_branch_datetime_operator.py
[2025-10-15T17:08:09.025+0000] {processor.py:830} INFO - Processing file /home/airflow/.local/lib/python3.12/site-packages/airflow/example_dags/example_branch_datetime_operator.py for tasks to queue
[2025-10-15T17:08:09.026+0000] {logging_mixin.py:188} INFO - [2025-10-15T17:08:09.026+0000] {dagbag.py:545} INFO - Filling up the DagBag from /home/airflow/.local/lib/python3.12/site-packages/airflow/example_dags/example_branch_datetime_operator.py
[2025-10-15T17:08:09.039+0000] {processor.py:840} INFO - DAG(s) 'example_branch_datetime_operator_2', 'example_branch_datetime_operator_3', 'example_branch_datetime_operator' retrieved from /home/airflow/.local/lib/python3.12/site-packages/airflow/example_dags/example_branch_datetime_operator.py
[2025-10-15T17:08:09.122+0000] {logging_mixin.py:188} INFO - [2025-10-15T17:08:09.121+0000] {override.py:1858} INFO - Created Permission View: can edit on DAG:example_branch_datetime_operator_2
[2025-10-15T17:08:09.133+0000] {logging_mixin.py:188} INFO - [2025-10-15T17:08:09.133+0000] {override.py:1858} INFO - Created Permission View: can delete on DAG:example_branch_datetime_operator_2
[2025-10-15T17:08:09.140+0000] {logging_mixin.py:188} INFO - [2025-10-15T17:08:09.140+0000] {override.py:1858} INFO - Created Permission View: can read on DAG:example_branch_datetime_operator_2
[2025-10-15T17:08:09.155+0000] {logging_mixin.py:188} INFO - [2025-10-15T17:08:09.154+0000] {override.py:1858} INFO - Created Permission View: can edit on DAG:example_branch_datetime_operator_3
[2025-10-15T17:08:09.158+0000] {logging_mixin.py:188} INFO - [2025-10-15T17:08:09.158+0000] {override.py:1858} INFO - Created Permission View: can delete on DAG:example_branch_datetime_operator_3
[2025-10-15T17:08:09.162+0000] {logging_mixin.py:188} INFO - [2025-10-15T17:08:09.162+0000] {override.py:1858} INFO - Created Permission View: can read on DAG:example_branch_datetime_operator_3
[2025-10-15T17:08:09.170+0000] {logging_mixin.py:188} INFO - [2025-10-15T17:08:09.170+0000] {override.py:1858} INFO - Created Permission View: can edit on DAG:example_branch_datetime_operator
[2025-10-15T17:08:09.174+0000] {logging_mixin.py:188} INFO - [2025-10-15T17:08:09.174+0000] {override.py:1858} INFO - Created Permission View: can delete on DAG:example_branch_datetime_operator
[2025-10-15T17:08:09.181+0000] {logging_mixin.py:188} INFO - [2025-10-15T17:08:09.181+0000] {override.py:1858} INFO - Created Permission View: can read on DAG:example_branch_datetime_operator
[2025-10-15T17:08:09.181+0000] {logging_mixin.py:188} INFO - [2025-10-15T17:08:09.181+0000] {dag.py:3089} INFO - Sync 3 DAGs
[2025-10-15T17:08:09.189+0000] {logging_mixin.py:188} INFO - [2025-10-15T17:08:09.189+0000] {dag.py:3111} INFO - Creating ORM DAG for example_branch_datetime_operator
[2025-10-15T17:08:09.189+0000] {logging_mixin.py:188} INFO - [2025-10-15T17:08:09.189+0000] {dag.py:3111} INFO - Creating ORM DAG for example_branch_datetime_operator_3
[2025-10-15T17:08:09.190+0000] {logging_mixin.py:188} INFO - [2025-10-15T17:08:09.190+0000] {dag.py:3111} INFO - Creating ORM DAG for example_branch_datetime_operator_2
[2025-10-15T17:08:09.197+0000] {logging_mixin.py:188} INFO - [2025-10-15T17:08:09.197+0000] {dag.py:3947} INFO - Setting next_dagrun for example_branch_datetime_operator to 2025-10-14 00:00:00+00:00, run_after=2025-10-15 00:00:00+00:00
[2025-10-15T17:08:09.199+0000] {logging_mixin.py:188} INFO - [2025-10-15T17:08:09.199+0000] {dag.py:3947} INFO - Setting next_dagrun for example_branch_datetime_operator_2 to 2025-10-14 00:00:00+00:00, run_after=2025-10-15 00:00:00+00:00
[2025-10-15T17:08:09.200+0000] {logging_mixin.py:188} INFO - [2025-10-15T17:08:09.200+0000] {dag.py:3947} INFO - Setting next_dagrun for example_branch_datetime_operator_3 to 2025-10-14 00:00:00+00:00, run_after=2025-10-15 00:00:00+00:00
[2025-10-15T17:08:09.212+0000] {processor.py:183} INFO - Processing /home/airflow/.local/lib/python3.12/site-packages/airflow/example_dags/example_branch_datetime_operator.py took 0.194 seconds
[2025-10-15T17:08:40.074+0000] {processor.py:161} INFO - Started process (PID=141) to work on /home/airflow/.local/lib/python3.12/site-packages/airflow/example_dags/example_branch_datetime_operator.py
[2025-10-15T17:08:40.078+0000] {processor.py:830} INFO - Processing file /home/airflow/.local/lib/python3.12/site-packages/airflow/example_dags/example_branch_datetime_operator.py for tasks to queue
[2025-10-15T17:08:40.080+0000] {logging_mixin.py:188} INFO - [2025-10-15T17:08:40.079+0000] {dagbag.py:545} INFO - Filling up the DagBag from /home/airflow/.local/lib/python3.12/site-packages/airflow/example_dags/example_branch_datetime_operator.py
[2025-10-15T17:08:40.087+0000] {processor.py:840} INFO - DAG(s) 'example_branch_datetime_operator_3', 'example_branch_datetime_operator_2', 'example_branch_datetime_operator' retrieved from /home/airflow/.local/lib/python3.12/site-packages/airflow/example_dags/example_branch_datetime_operator.py
[2025-10-15T17:08:40.111+0000] {logging_mixin.py:188} INFO - [2025-10-15T17:08:40.110+0000] {dag.py:3089} INFO - Sync 3 DAGs
[2025-10-15T17:08:40.126+0000] {logging_mixin.py:188} INFO - [2025-10-15T17:08:40.126+0000] {dag.py:3947} INFO - Setting next_dagrun for example_branch_datetime_operator to 2025-10-14 00:00:00+00:00, run_after=2025-10-15 00:00:00+00:00
[2025-10-15T17:08:40.131+0000] {logging_mixin.py:188} INFO - [2025-10-15T17:08:40.131+0000] {dag.py:3947} INFO - Setting next_dagrun for example_branch_datetime_operator_2 to 2025-10-14 00:00:00+00:00, run_after=2025-10-15 00:00:00+00:00
[2025-10-15T17:08:40.133+0000] {logging_mixin.py:188} INFO - [2025-10-15T17:08:40.132+0000] {dag.py:3947} INFO - Setting next_dagrun for example_branch_datetime_operator_3 to 2025-10-14 00:00:00+00:00, run_after=2025-10-15 00:00:00+00:00
[2025-10-15T17:08:40.142+0000] {processor.py:183} INFO - Processing /home/airflow/.local/lib/python3.12/site-packages/airflow/example_dags/example_branch_datetime_operator.py took 0.071 seconds
[2025-10-15T17:09:10.796+0000] {processor.py:161} INFO - Started process (PID=199) to work on /home/airflow/.local/lib/python3.12/site-packages/airflow/example_dags/example_branch_datetime_operator.py
[2025-10-15T17:09:10.802+0000] {processor.py:830} INFO - Processing file /home/airflow/.local/lib/python3.12/site-packages/airflow/example_dags/example_branch_datetime_operator.py for tasks to queue
[2025-10-15T17:09:10.805+0000] {logging_mixin.py:188} INFO - [2025-10-15T17:09:10.804+0000] {dagbag.py:545} INFO - Filling up the DagBag from /home/airflow/.local/lib/python3.12/site-packages/airflow/example_dags/example_branch_datetime_operator.py
[2025-10-15T17:09:10.866+0000] {processor.py:840} INFO - DAG(s) 'example_branch_datetime_operator_2', 'example_branch_datetime_operator', 'example_branch_datetime_operator_3' retrieved from /home/airflow/.local/lib/python3.12/site-packages/airflow/example_dags/example_branch_datetime_operator.py
[2025-10-15T17:09:10.963+0000] {logging_mixin.py:188} INFO - [2025-10-15T17:09:10.962+0000] {dag.py:3089} INFO - Sync 3 DAGs
[2025-10-15T17:09:10.995+0000] {logging_mixin.py:188} INFO - [2025-10-15T17:09:10.994+0000] {dag.py:3947} INFO - Setting next_dagrun for example_branch_datetime_operator to 2025-10-14 00:00:00+00:00, run_after=2025-10-15 00:00:00+00:00
[2025-10-15T17:09:10.998+0000] {logging_mixin.py:188} INFO - [2025-10-15T17:09:10.998+0000] {dag.py:3947} INFO - Setting next_dagrun for example_branch_datetime_operator_2 to 2025-10-14 00:00:00+00:00, run_after=2025-10-15 00:00:00+00:00
[2025-10-15T17:09:11.001+0000] {logging_mixin.py:188} INFO - [2025-10-15T17:09:11.001+0000] {dag.py:3947} INFO - Setting next_dagrun for example_branch_datetime_operator_3 to 2025-10-14 00:00:00+00:00, run_after=2025-10-15 00:00:00+00:00
[2025-10-15T17:09:11.024+0000] {processor.py:183} INFO - Processing /home/airflow/.local/lib/python3.12/site-packages/airflow/example_dags/example_branch_datetime_operator.py took 0.234 seconds
[2025-10-15T17:09:41.611+0000] {processor.py:161} INFO - Started process (PID=257) to work on /home/airflow/.local/lib/python3.12/site-packages/airflow/example_dags/example_branch_datetime_operator.py
[2025-10-15T17:09:41.618+0000] {processor.py:830} INFO - Processing file /home/airflow/.local/lib/python3.12/site-packages/airflow/example_dags/example_branch_datetime_operator.py for tasks to queue
[2025-10-15T17:09:41.619+0000] {logging_mixin.py:188} INFO - [2025-10-15T17:09:41.619+0000] {dagbag.py:545} INFO - Filling up the DagBag from /home/airflow/.local/lib/python3.12/site-packages/airflow/example_dags/example_branch_datetime_operator.py
[2025-10-15T17:09:41.629+0000] {processor.py:840} INFO - DAG(s) 'example_branch_datetime_operator', 'example_branch_datetime_operator_3', 'example_branch_datetime_operator_2' retrieved from /home/airflow/.local/lib/python3.12/site-packages/airflow/example_dags/example_branch_datetime_operator.py
[2025-10-15T17:09:41.662+0000] {logging_mixin.py:188} INFO - [2025-10-15T17:09:41.661+0000] {dag.py:3089} INFO - Sync 3 DAGs
[2025-10-15T17:09:41.680+0000] {logging_mixin.py:188} INFO - [2025-10-15T17:09:41.680+0000] {dag.py:3947} INFO - Setting next_dagrun for example_branch_datetime_operator to 2025-10-14 00:00:00+00:00, run_after=2025-10-15 00:00:00+00:00
[2025-10-15T17:09:41.684+0000] {logging_mixin.py:188} INFO - [2025-10-15T17:09:41.684+0000] {dag.py:3947} INFO - Setting next_dagrun for example_branch_datetime_operator_2 to 2025-10-14 00:00:00+00:00, run_after=2025-10-15 00:00:00+00:00
[2025-10-15T17:09:41.685+0000] {logging_mixin.py:188} INFO - [2025-10-15T17:09:41.685+0000] {dag.py:3947} INFO - Setting next_dagrun for example_branch_datetime_operator_3 to 2025-10-14 00:00:00+00:00, run_after=2025-10-15 00:00:00+00:00
[2025-10-15T17:09:41.697+0000] {processor.py:183} INFO - Processing /home/airflow/.local/lib/python3.12/site-packages/airflow/example_dags/example_branch_datetime_operator.py took 0.089 seconds
[2025-10-15T17:10:12.333+0000] {processor.py:161} INFO - Started process (PID=315) to work on /home/airflow/.local/lib/python3.12/site-packages/airflow/example_dags/example_branch_datetime_operator.py
[2025-10-15T17:10:12.340+0000] {processor.py:830} INFO - Processing file /home/airflow/.local/lib/python3.12/site-packages/airflow/example_dags/example_branch_datetime_operator.py for tasks to queue
[2025-10-15T17:10:12.342+0000] {logging_mixin.py:188} INFO - [2025-10-15T17:10:12.341+0000] {dagbag.py:545} INFO - Filling up the DagBag from /home/airflow/.local/lib/python3.12/site-packages/airflow/example_dags/example_branch_datetime_operator.py
[2025-10-15T17:10:12.348+0000] {processor.py:840} INFO - DAG(s) 'example_branch_datetime_operator', 'example_branch_datetime_operator_2', 'example_branch_datetime_operator_3' retrieved from /home/airflow/.local/lib/python3.12/site-packages/airflow/example_dags/example_branch_datetime_operator.py
[2025-10-15T17:10:12.375+0000] {logging_mixin.py:188} INFO - [2025-10-15T17:10:12.374+0000] {dag.py:3089} INFO - Sync 3 DAGs
[2025-10-15T17:10:12.396+0000] {logging_mixin.py:188} INFO - [2025-10-15T17:10:12.395+0000] {dag.py:3947} INFO - Setting next_dagrun for example_branch_datetime_operator to 2025-10-14 00:00:00+00:00, run_after=2025-10-15 00:00:00+00:00
[2025-10-15T17:10:12.402+0000] {logging_mixin.py:188} INFO - [2025-10-15T17:10:12.402+0000] {dag.py:3947} INFO - Setting next_dagrun for example_branch_datetime_operator_2 to 2025-10-14 00:00:00+00:00, run_after=2025-10-15 00:00:00+00:00
[2025-10-15T17:10:12.406+0000] {logging_mixin.py:188} INFO - [2025-10-15T17:10:12.405+0000] {dag.py:3947} INFO - Setting next_dagrun for example_branch_datetime_operator_3 to 2025-10-14 00:00:00+00:00, run_after=2025-10-15 00:00:00+00:00
[2025-10-15T17:10:12.420+0000] {processor.py:183} INFO - Processing /home/airflow/.local/lib/python3.12/site-packages/airflow/example_dags/example_branch_datetime_operator.py took 0.091 seconds
[2025-10-15T17:10:42.520+0000] {processor.py:161} INFO - Started process (PID=373) to work on /home/airflow/.local/lib/python3.12/site-packages/airflow/example_dags/example_branch_datetime_operator.py
[2025-10-15T17:10:42.526+0000] {processor.py:830} INFO - Processing file /home/airflow/.local/lib/python3.12/site-packages/airflow/example_dags/example_branch_datetime_operator.py for tasks to queue
[2025-10-15T17:10:42.527+0000] {logging_mixin.py:188} INFO - [2025-10-15T17:10:42.527+0000] {dagbag.py:545} INFO - Filling up the DagBag from /home/airflow/.local/lib/python3.12/site-packages/airflow/example_dags/example_branch_datetime_operator.py
[2025-10-15T17:10:42.532+0000] {processor.py:840} INFO - DAG(s) 'example_branch_datetime_operator', 'example_branch_datetime_operator_3', 'example_branch_datetime_operator_2' retrieved from /home/airflow/.local/lib/python3.12/site-packages/airflow/example_dags/example_branch_datetime_operator.py
[2025-10-15T17:10:42.548+0000] {logging_mixin.py:188} INFO - [2025-10-15T17:10:42.548+0000] {dag.py:3089} INFO - Sync 3 DAGs
[2025-10-15T17:10:42.562+0000] {logging_mixin.py:188} INFO - [2025-10-15T17:10:42.562+0000] {dag.py:3947} INFO - Setting next_dagrun for example_branch_datetime_operator to 2025-10-14 00:00:00+00:00, run_after=2025-10-15 00:00:00+00:00
[2025-10-15T17:10:42.566+0000] {logging_mixin.py:188} INFO - [2025-10-15T17:10:42.565+0000] {dag.py:3947} INFO - Setting next_dagrun for example_branch_datetime_operator_2 to 2025-10-14 00:00:00+00:00, run_after=2025-10-15 00:00:00+00:00
[2025-10-15T17:10:42.568+0000] {logging_mixin.py:188} INFO - [2025-10-15T17:10:42.568+0000] {dag.py:3947} INFO - Setting next_dagrun for example_branch_datetime_operator_3 to 2025-10-14 00:00:00+00:00, run_after=2025-10-15 00:00:00+00:00
[2025-10-15T17:10:42.580+0000] {processor.py:183} INFO - Processing /home/airflow/.local/lib/python3.12/site-packages/airflow/example_dags/example_branch_datetime_operator.py took 0.063 seconds
[2025-10-15T17:11:12.911+0000] {processor.py:161} INFO - Started process (PID=431) to work on /home/airflow/.local/lib/python3.12/site-packages/airflow/example_dags/example_branch_datetime_operator.py
[2025-10-15T17:11:12.911+0000] {processor.py:830} INFO - Processing file /home/airflow/.local/lib/python3.12/site-packages/airflow/example_dags/example_branch_datetime_operator.py for tasks to queue
[2025-10-15T17:11:12.913+0000] {logging_mixin.py:188} INFO - [2025-10-15T17:11:12.913+0000] {dagbag.py:545} INFO - Filling up the DagBag from /home/airflow/.local/lib/python3.12/site-packages/airflow/example_dags/example_branch_datetime_operator.py
[2025-10-15T17:11:12.922+0000] {processor.py:840} INFO - DAG(s) 'example_branch_datetime_operator', 'example_branch_datetime_operator_3', 'example_branch_datetime_operator_2' retrieved from /home/airflow/.local/lib/python3.12/site-packages/airflow/example_dags/example_branch_datetime_operator.py
[2025-10-15T17:11:12.948+0000] {logging_mixin.py:188} INFO - [2025-10-15T17:11:12.948+0000] {dag.py:3089} INFO - Sync 3 DAGs
[2025-10-15T17:11:12.964+0000] {logging_mixin.py:188} INFO - [2025-10-15T17:11:12.964+0000] {dag.py:3947} INFO - Setting next_dagrun for example_branch_datetime_operator to 2025-10-14 00:00:00+00:00, run_after=2025-10-15 00:00:00+00:00
[2025-10-15T17:11:12.968+0000] {logging_mixin.py:188} INFO - [2025-10-15T17:11:12.968+0000] {dag.py:3947} INFO - Setting next_dagrun for example_branch_datetime_operator_2 to 2025-10-14 00:00:00+00:00, run_after=2025-10-15 00:00:00+00:00
[2025-10-15T17:11:12.970+0000] {logging_mixin.py:188} INFO - [2025-10-15T17:11:12.970+0000] {dag.py:3947} INFO - Setting next_dagrun for example_branch_datetime_operator_3 to 2025-10-14 00:00:00+00:00, run_after=2025-10-15 00:00:00+00:00
[2025-10-15T17:11:12.982+0000] {processor.py:183} INFO - Processing /home/airflow/.local/lib/python3.12/site-packages/airflow/example_dags/example_branch_datetime_operator.py took 0.076 seconds
[2025-10-15T17:11:43.337+0000] {processor.py:161} INFO - Started process (PID=489) to work on /home/airflow/.local/lib/python3.12/site-packages/airflow/example_dags/example_branch_datetime_operator.py
[2025-10-15T17:11:43.340+0000] {processor.py:830} INFO - Processing file /home/airflow/.local/lib/python3.12/site-packages/airflow/example_dags/example_branch_datetime_operator.py for tasks to queue
[2025-10-15T17:11:43.343+0000] {logging_mixin.py:188} INFO - [2025-10-15T17:11:43.343+0000] {dagbag.py:545} INFO - Filling up the DagBag from /home/airflow/.local/lib/python3.12/site-packages/airflow/example_dags/example_branch_datetime_operator.py
[2025-10-15T17:11:43.352+0000] {processor.py:840} INFO - DAG(s) 'example_branch_datetime_operator_3', 'example_branch_datetime_operator', 'example_branch_datetime_operator_2' retrieved from /home/airflow/.local/lib/python3.12/site-packages/airflow/example_dags/example_branch_datetime_operator.py
[2025-10-15T17:11:43.378+0000] {logging_mixin.py:188} INFO - [2025-10-15T17:11:43.378+0000] {dag.py:3089} INFO - Sync 3 DAGs
[2025-10-15T17:11:43.400+0000] {logging_mixin.py:188} INFO - [2025-10-15T17:11:43.400+0000] {dag.py:3947} INFO - Setting next_dagrun for example_branch_datetime_operator to 2025-10-14 00:00:00+00:00, run_after=2025-10-15 00:00:00+00:00
[2025-10-15T17:11:43.408+0000] {logging_mixin.py:188} INFO - [2025-10-15T17:11:43.408+0000] {dag.py:3947} INFO - Setting next_dagrun for example_branch_datetime_operator_2 to 2025-10-14 00:00:00+00:00, run_after=2025-10-15 00:00:00+00:00
[2025-10-15T17:11:43.413+0000] {logging_mixin.py:188} INFO - [2025-10-15T17:11:43.412+0000] {dag.py:3947} INFO - Setting next_dagrun for example_branch_datetime_operator_3 to 2025-10-14 00:00:00+00:00, run_after=2025-10-15 00:00:00+00:00
[2025-10-15T17:11:43.431+0000] {processor.py:183} INFO - Processing /home/airflow/.local/lib/python3.12/site-packages/airflow/example_dags/example_branch_datetime_operator.py took 0.099 seconds
[2025-10-15T17:12:13.716+0000] {processor.py:161} INFO - Started process (PID=547) to work on /home/airflow/.local/lib/python3.12/site-packages/airflow/example_dags/example_branch_datetime_operator.py
[2025-10-15T17:12:13.721+0000] {processor.py:830} INFO - Processing file /home/airflow/.local/lib/python3.12/site-packages/airflow/example_dags/example_branch_datetime_operator.py for tasks to queue
[2025-10-15T17:12:13.723+0000] {logging_mixin.py:188} INFO - [2025-10-15T17:12:13.723+0000] {dagbag.py:545} INFO - Filling up the DagBag from /home/airflow/.local/lib/python3.12/site-packages/airflow/example_dags/example_branch_datetime_operator.py
[2025-10-15T17:12:13.729+0000] {processor.py:840} INFO - DAG(s) 'example_branch_datetime_operator_3', 'example_branch_datetime_operator_2', 'example_branch_datetime_operator' retrieved from /home/airflow/.local/lib/python3.12/site-packages/airflow/example_dags/example_branch_datetime_operator.py
[2025-10-15T17:12:13.748+0000] {logging_mixin.py:188} INFO - [2025-10-15T17:12:13.748+0000] {dag.py:3089} INFO - Sync 3 DAGs
[2025-10-15T17:12:13.764+0000] {logging_mixin.py:188} INFO - [2025-10-15T17:12:13.764+0000] {dag.py:3947} INFO - Setting next_dagrun for example_branch_datetime_operator to 2025-10-14 00:00:00+00:00, run_after=2025-10-15 00:00:00+00:00
[2025-10-15T17:12:13.768+0000] {logging_mixin.py:188} INFO - [2025-10-15T17:12:13.767+0000] {dag.py:3947} INFO - Setting next_dagrun for example_branch_datetime_operator_2 to 2025-10-14 00:00:00+00:00, run_after=2025-10-15 00:00:00+00:00
[2025-10-15T17:12:13.770+0000] {logging_mixin.py:188} INFO - [2025-10-15T17:12:13.769+0000] {dag.py:3947} INFO - Setting next_dagrun for example_branch_datetime_operator_3 to 2025-10-14 00:00:00+00:00, run_after=2025-10-15 00:00:00+00:00
[2025-10-15T17:12:13.782+0000] {processor.py:183} INFO - Processing /home/airflow/.local/lib/python3.12/site-packages/airflow/example_dags/example_branch_datetime_operator.py took 0.070 seconds
[2025-10-15T17:12:44.289+0000] {processor.py:161} INFO - Started process (PID=605) to work on /home/airflow/.local/lib/python3.12/site-packages/airflow/example_dags/example_branch_datetime_operator.py
[2025-10-15T17:12:44.294+0000] {processor.py:830} INFO - Processing file /home/airflow/.local/lib/python3.12/site-packages/airflow/example_dags/example_branch_datetime_operator.py for tasks to queue
[2025-10-15T17:12:44.297+0000] {logging_mixin.py:188} INFO - [2025-10-15T17:12:44.297+0000] {dagbag.py:545} INFO - Filling up the DagBag from /home/airflow/.local/lib/python3.12/site-packages/airflow/example_dags/example_branch_datetime_operator.py
[2025-10-15T17:12:44.307+0000] {processor.py:840} INFO - DAG(s) 'example_branch_datetime_operator', 'example_branch_datetime_operator_3', 'example_branch_datetime_operator_2' retrieved from /home/airflow/.local/lib/python3.12/site-packages/airflow/example_dags/example_branch_datetime_operator.py
[2025-10-15T17:12:44.332+0000] {logging_mixin.py:188} INFO - [2025-10-15T17:12:44.332+0000] {dag.py:3089} INFO - Sync 3 DAGs
[2025-10-15T17:12:44.355+0000] {logging_mixin.py:188} INFO - [2025-10-15T17:12:44.355+0000] {dag.py:3947} INFO - Setting next_dagrun for example_branch_datetime_operator to 2025-10-14 00:00:00+00:00, run_after=2025-10-15 00:00:00+00:00
[2025-10-15T17:12:44.362+0000] {logging_mixin.py:188} INFO - [2025-10-15T17:12:44.361+0000] {dag.py:3947} INFO - Setting next_dagrun for example_branch_datetime_operator_2 to 2025-10-14 00:00:00+00:00, run_after=2025-10-15 00:00:00+00:00
[2025-10-15T17:12:44.363+0000] {logging_mixin.py:188} INFO - [2025-10-15T17:12:44.363+0000] {dag.py:3947} INFO - Setting next_dagrun for example_branch_datetime_operator_3 to 2025-10-14 00:00:00+00:00, run_after=2025-10-15 00:00:00+00:00
[2025-10-15T17:12:44.375+0000] {processor.py:183} INFO - Processing /home/airflow/.local/lib/python3.12/site-packages/airflow/example_dags/example_branch_datetime_operator.py took 0.092 seconds
[2025-10-15T17:13:14.657+0000] {processor.py:161} INFO - Started process (PID=663) to work on /home/airflow/.local/lib/python3.12/site-packages/airflow/example_dags/example_branch_datetime_operator.py
[2025-10-15T17:13:14.659+0000] {processor.py:830} INFO - Processing file /home/airflow/.local/lib/python3.12/site-packages/airflow/example_dags/example_branch_datetime_operator.py for tasks to queue
[2025-10-15T17:13:14.660+0000] {logging_mixin.py:188} INFO - [2025-10-15T17:13:14.660+0000] {dagbag.py:545} INFO - Filling up the DagBag from /home/airflow/.local/lib/python3.12/site-packages/airflow/example_dags/example_branch_datetime_operator.py
[2025-10-15T17:13:14.667+0000] {processor.py:840} INFO - DAG(s) 'example_branch_datetime_operator', 'example_branch_datetime_operator_3', 'example_branch_datetime_operator_2' retrieved from /home/airflow/.local/lib/python3.12/site-packages/airflow/example_dags/example_branch_datetime_operator.py
[2025-10-15T17:13:14.685+0000] {logging_mixin.py:188} INFO - [2025-10-15T17:13:14.685+0000] {dag.py:3089} INFO - Sync 3 DAGs
[2025-10-15T17:13:14.700+0000] {logging_mixin.py:188} INFO - [2025-10-15T17:13:14.700+0000] {dag.py:3947} INFO - Setting next_dagrun for example_branch_datetime_operator to 2025-10-14 00:00:00+00:00, run_after=2025-10-15 00:00:00+00:00
[2025-10-15T17:13:14.704+0000] {logging_mixin.py:188} INFO - [2025-10-15T17:13:14.703+0000] {dag.py:3947} INFO - Setting next_dagrun for example_branch_datetime_operator_2 to 2025-10-14 00:00:00+00:00, run_after=2025-10-15 00:00:00+00:00
[2025-10-15T17:13:14.705+0000] {logging_mixin.py:188} INFO - [2025-10-15T17:13:14.705+0000] {dag.py:3947} INFO - Setting next_dagrun for example_branch_datetime_operator_3 to 2025-10-14 00:00:00+00:00, run_after=2025-10-15 00:00:00+00:00
[2025-10-15T17:13:14.714+0000] {processor.py:183} INFO - Processing /home/airflow/.local/lib/python3.12/site-packages/airflow/example_dags/example_branch_datetime_operator.py took 0.061 seconds
[2025-10-15T17:13:45.644+0000] {processor.py:161} INFO - Started process (PID=721) to work on /home/airflow/.local/lib/python3.12/site-packages/airflow/example_dags/example_branch_datetime_operator.py
[2025-10-15T17:13:45.651+0000] {processor.py:830} INFO - Processing file /home/airflow/.local/lib/python3.12/site-packages/airflow/example_dags/example_branch_datetime_operator.py for tasks to queue
[2025-10-15T17:13:45.655+0000] {logging_mixin.py:188} INFO - [2025-10-15T17:13:45.654+0000] {dagbag.py:545} INFO - Filling up the DagBag from /home/airflow/.local/lib/python3.12/site-packages/airflow/example_dags/example_branch_datetime_operator.py
[2025-10-15T17:13:45.668+0000] {processor.py:840} INFO - DAG(s) 'example_branch_datetime_operator_3', 'example_branch_datetime_operator_2', 'example_branch_datetime_operator' retrieved from /home/airflow/.local/lib/python3.12/site-packages/airflow/example_dags/example_branch_datetime_operator.py
[2025-10-15T17:13:45.693+0000] {logging_mixin.py:188} INFO - [2025-10-15T17:13:45.692+0000] {dag.py:3089} INFO - Sync 3 DAGs
[2025-10-15T17:13:45.711+0000] {logging_mixin.py:188} INFO - [2025-10-15T17:13:45.711+0000] {dag.py:3947} INFO - Setting next_dagrun for example_branch_datetime_operator to 2025-10-14 00:00:00+00:00, run_after=2025-10-15 00:00:00+00:00
[2025-10-15T17:13:45.715+0000] {logging_mixin.py:188} INFO - [2025-10-15T17:13:45.715+0000] {dag.py:3947} INFO - Setting next_dagrun for example_branch_datetime_operator_2 to 2025-10-14 00:00:00+00:00, run_after=2025-10-15 00:00:00+00:00
[2025-10-15T17:13:45.719+0000] {logging_mixin.py:188} INFO - [2025-10-15T17:13:45.719+0000] {dag.py:3947} INFO - Setting next_dagrun for example_branch_datetime_operator_3 to 2025-10-14 00:00:00+00:00, run_after=2025-10-15 00:00:00+00:00
[2025-10-15T17:13:45.730+0000] {processor.py:183} INFO - Processing /home/airflow/.local/lib/python3.12/site-packages/airflow/example_dags/example_branch_datetime_operator.py took 0.093 seconds
[2025-10-15T17:14:16.092+0000] {processor.py:161} INFO - Started process (PID=779) to work on /home/airflow/.local/lib/python3.12/site-packages/airflow/example_dags/example_branch_datetime_operator.py
[2025-10-15T17:14:16.094+0000] {processor.py:830} INFO - Processing file /home/airflow/.local/lib/python3.12/site-packages/airflow/example_dags/example_branch_datetime_operator.py for tasks to queue
[2025-10-15T17:14:16.095+0000] {logging_mixin.py:188} INFO - [2025-10-15T17:14:16.095+0000] {dagbag.py:545} INFO - Filling up the DagBag from /home/airflow/.local/lib/python3.12/site-packages/airflow/example_dags/example_branch_datetime_operator.py
[2025-10-15T17:14:16.101+0000] {processor.py:840} INFO - DAG(s) 'example_branch_datetime_operator', 'example_branch_datetime_operator_2', 'example_branch_datetime_operator_3' retrieved from /home/airflow/.local/lib/python3.12/site-packages/airflow/example_dags/example_branch_datetime_operator.py
[2025-10-15T17:14:16.116+0000] {logging_mixin.py:188} INFO - [2025-10-15T17:14:16.116+0000] {dag.py:3089} INFO - Sync 3 DAGs
[2025-10-15T17:14:16.129+0000] {logging_mixin.py:188} INFO - [2025-10-15T17:14:16.129+0000] {dag.py:3947} INFO - Setting next_dagrun for example_branch_datetime_operator to 2025-10-14 00:00:00+00:00, run_after=2025-10-15 00:00:00+00:00
[2025-10-15T17:14:16.132+0000] {logging_mixin.py:188} INFO - [2025-10-15T17:14:16.132+0000] {dag.py:3947} INFO - Setting next_dagrun for example_branch_datetime_operator_2 to 2025-10-14 00:00:00+00:00, run_after=2025-10-15 00:00:00+00:00
[2025-10-15T17:14:16.135+0000] {logging_mixin.py:188} INFO - [2025-10-15T17:14:16.135+0000] {dag.py:3947} INFO - Setting next_dagrun for example_branch_datetime_operator_3 to 2025-10-14 00:00:00+00:00, run_after=2025-10-15 00:00:00+00:00
[2025-10-15T17:14:16.144+0000] {processor.py:183} INFO - Processing /home/airflow/.local/lib/python3.12/site-packages/airflow/example_dags/example_branch_datetime_operator.py took 0.056 seconds
[2025-10-15T17:14:46.172+0000] {processor.py:161} INFO - Started process (PID=837) to work on /home/airflow/.local/lib/python3.12/site-packages/airflow/example_dags/example_branch_datetime_operator.py
[2025-10-15T17:14:46.173+0000] {processor.py:830} INFO - Processing file /home/airflow/.local/lib/python3.12/site-packages/airflow/example_dags/example_branch_datetime_operator.py for tasks to queue
[2025-10-15T17:14:46.174+0000] {logging_mixin.py:188} INFO - [2025-10-15T17:14:46.174+0000] {dagbag.py:545} INFO - Filling up the DagBag from /home/airflow/.local/lib/python3.12/site-packages/airflow/example_dags/example_branch_datetime_operator.py
[2025-10-15T17:14:46.180+0000] {processor.py:840} INFO - DAG(s) 'example_branch_datetime_operator', 'example_branch_datetime_operator_3', 'example_branch_datetime_operator_2' retrieved from /home/airflow/.local/lib/python3.12/site-packages/airflow/example_dags/example_branch_datetime_operator.py
[2025-10-15T17:14:46.197+0000] {logging_mixin.py:188} INFO - [2025-10-15T17:14:46.197+0000] {dag.py:3089} INFO - Sync 3 DAGs
[2025-10-15T17:14:46.210+0000] {logging_mixin.py:188} INFO - [2025-10-15T17:14:46.210+0000] {dag.py:3947} INFO - Setting next_dagrun for example_branch_datetime_operator to 2025-10-14 00:00:00+00:00, run_after=2025-10-15 00:00:00+00:00
[2025-10-15T17:14:46.213+0000] {logging_mixin.py:188} INFO - [2025-10-15T17:14:46.213+0000] {dag.py:3947} INFO - Setting next_dagrun for example_branch_datetime_operator_2 to 2025-10-14 00:00:00+00:00, run_after=2025-10-15 00:00:00+00:00
[2025-10-15T17:14:46.217+0000] {logging_mixin.py:188} INFO - [2025-10-15T17:14:46.217+0000] {dag.py:3947} INFO - Setting next_dagrun for example_branch_datetime_operator_3 to 2025-10-14 00:00:00+00:00, run_after=2025-10-15 00:00:00+00:00
[2025-10-15T17:14:46.228+0000] {processor.py:183} INFO - Processing /home/airflow/.local/lib/python3.12/site-packages/airflow/example_dags/example_branch_datetime_operator.py took 0.060 seconds
[2025-10-15T17:15:16.514+0000] {processor.py:161} INFO - Started process (PID=895) to work on /home/airflow/.local/lib/python3.12/site-packages/airflow/example_dags/example_branch_datetime_operator.py
[2025-10-15T17:15:16.514+0000] {processor.py:830} INFO - Processing file /home/airflow/.local/lib/python3.12/site-packages/airflow/example_dags/example_branch_datetime_operator.py for tasks to queue
[2025-10-15T17:15:16.519+0000] {logging_mixin.py:188} INFO - [2025-10-15T17:15:16.519+0000] {dagbag.py:545} INFO - Filling up the DagBag from /home/airflow/.local/lib/python3.12/site-packages/airflow/example_dags/example_branch_datetime_operator.py
[2025-10-15T17:15:16.525+0000] {processor.py:840} INFO - DAG(s) 'example_branch_datetime_operator_3', 'example_branch_datetime_operator', 'example_branch_datetime_operator_2' retrieved from /home/airflow/.local/lib/python3.12/site-packages/airflow/example_dags/example_branch_datetime_operator.py
[2025-10-15T17:15:16.540+0000] {logging_mixin.py:188} INFO - [2025-10-15T17:15:16.540+0000] {dag.py:3089} INFO - Sync 3 DAGs
[2025-10-15T17:15:16.554+0000] {logging_mixin.py:188} INFO - [2025-10-15T17:15:16.554+0000] {dag.py:3947} INFO - Setting next_dagrun for example_branch_datetime_operator to 2025-10-14 00:00:00+00:00, run_after=2025-10-15 00:00:00+00:00
[2025-10-15T17:15:16.557+0000] {logging_mixin.py:188} INFO - [2025-10-15T17:15:16.557+0000] {dag.py:3947} INFO - Setting next_dagrun for example_branch_datetime_operator_2 to 2025-10-14 00:00:00+00:00, run_after=2025-10-15 00:00:00+00:00
[2025-10-15T17:15:16.559+0000] {logging_mixin.py:188} INFO - [2025-10-15T17:15:16.559+0000] {dag.py:3947} INFO - Setting next_dagrun for example_branch_datetime_operator_3 to 2025-10-14 00:00:00+00:00, run_after=2025-10-15 00:00:00+00:00
[2025-10-15T17:15:16.569+0000] {processor.py:183} INFO - Processing /home/airflow/.local/lib/python3.12/site-packages/airflow/example_dags/example_branch_datetime_operator.py took 0.058 seconds
[2025-10-15T17:19:47.308+0000] {processor.py:161} INFO - Started process (PID=78) to work on /home/airflow/.local/lib/python3.12/site-packages/airflow/example_dags/example_branch_datetime_operator.py
[2025-10-15T17:19:47.310+0000] {processor.py:830} INFO - Processing file /home/airflow/.local/lib/python3.12/site-packages/airflow/example_dags/example_branch_datetime_operator.py for tasks to queue
[2025-10-15T17:19:47.313+0000] {logging_mixin.py:188} INFO - [2025-10-15T17:19:47.313+0000] {dagbag.py:545} INFO - Filling up the DagBag from /home/airflow/.local/lib/python3.12/site-packages/airflow/example_dags/example_branch_datetime_operator.py
[2025-10-15T17:19:47.333+0000] {processor.py:840} INFO - DAG(s) 'example_branch_datetime_operator_3', 'example_branch_datetime_operator_2', 'example_branch_datetime_operator' retrieved from /home/airflow/.local/lib/python3.12/site-packages/airflow/example_dags/example_branch_datetime_operator.py
[2025-10-15T17:19:47.623+0000] {logging_mixin.py:188} INFO - [2025-10-15T17:19:47.622+0000] {dag.py:3089} INFO - Sync 3 DAGs
[2025-10-15T17:19:47.686+0000] {logging_mixin.py:188} INFO - [2025-10-15T17:19:47.686+0000] {dag.py:3947} INFO - Setting next_dagrun for example_branch_datetime_operator to 2025-10-14 00:00:00+00:00, run_after=2025-10-15 00:00:00+00:00
[2025-10-15T17:19:47.692+0000] {logging_mixin.py:188} INFO - [2025-10-15T17:19:47.692+0000] {dag.py:3947} INFO - Setting next_dagrun for example_branch_datetime_operator_2 to 2025-10-14 00:00:00+00:00, run_after=2025-10-15 00:00:00+00:00
[2025-10-15T17:19:47.695+0000] {logging_mixin.py:188} INFO - [2025-10-15T17:19:47.695+0000] {dag.py:3947} INFO - Setting next_dagrun for example_branch_datetime_operator_3 to 2025-10-14 00:00:00+00:00, run_after=2025-10-15 00:00:00+00:00
[2025-10-15T17:19:47.719+0000] {processor.py:183} INFO - Processing /home/airflow/.local/lib/python3.12/site-packages/airflow/example_dags/example_branch_datetime_operator.py took 0.420 seconds
[2025-10-15T17:20:18.451+0000] {processor.py:161} INFO - Started process (PID=136) to work on /home/airflow/.local/lib/python3.12/site-packages/airflow/example_dags/example_branch_datetime_operator.py
[2025-10-15T17:20:18.467+0000] {processor.py:830} INFO - Processing file /home/airflow/.local/lib/python3.12/site-packages/airflow/example_dags/example_branch_datetime_operator.py for tasks to queue
[2025-10-15T17:20:18.480+0000] {logging_mixin.py:188} INFO - [2025-10-15T17:20:18.480+0000] {dagbag.py:545} INFO - Filling up the DagBag from /home/airflow/.local/lib/python3.12/site-packages/airflow/example_dags/example_branch_datetime_operator.py
[2025-10-15T17:20:18.505+0000] {processor.py:840} INFO - DAG(s) 'example_branch_datetime_operator', 'example_branch_datetime_operator_3', 'example_branch_datetime_operator_2' retrieved from /home/airflow/.local/lib/python3.12/site-packages/airflow/example_dags/example_branch_datetime_operator.py
[2025-10-15T17:20:19.043+0000] {logging_mixin.py:188} INFO - [2025-10-15T17:20:19.043+0000] {dag.py:3089} INFO - Sync 3 DAGs
[2025-10-15T17:20:19.100+0000] {logging_mixin.py:188} INFO - [2025-10-15T17:20:19.100+0000] {dag.py:3947} INFO - Setting next_dagrun for example_branch_datetime_operator to 2025-10-14 00:00:00+00:00, run_after=2025-10-15 00:00:00+00:00
[2025-10-15T17:20:19.115+0000] {logging_mixin.py:188} INFO - [2025-10-15T17:20:19.115+0000] {dag.py:3947} INFO - Setting next_dagrun for example_branch_datetime_operator_2 to 2025-10-14 00:00:00+00:00, run_after=2025-10-15 00:00:00+00:00
[2025-10-15T17:20:19.121+0000] {logging_mixin.py:188} INFO - [2025-10-15T17:20:19.120+0000] {dag.py:3947} INFO - Setting next_dagrun for example_branch_datetime_operator_3 to 2025-10-14 00:00:00+00:00, run_after=2025-10-15 00:00:00+00:00
[2025-10-15T17:20:19.147+0000] {processor.py:183} INFO - Processing /home/airflow/.local/lib/python3.12/site-packages/airflow/example_dags/example_branch_datetime_operator.py took 0.705 seconds
[2025-10-15T17:20:49.210+0000] {processor.py:161} INFO - Started process (PID=194) to work on /home/airflow/.local/lib/python3.12/site-packages/airflow/example_dags/example_branch_datetime_operator.py
[2025-10-15T17:20:49.211+0000] {processor.py:830} INFO - Processing file /home/airflow/.local/lib/python3.12/site-packages/airflow/example_dags/example_branch_datetime_operator.py for tasks to queue
[2025-10-15T17:20:49.212+0000] {logging_mixin.py:188} INFO - [2025-10-15T17:20:49.212+0000] {dagbag.py:545} INFO - Filling up the DagBag from /home/airflow/.local/lib/python3.12/site-packages/airflow/example_dags/example_branch_datetime_operator.py
[2025-10-15T17:20:49.219+0000] {processor.py:840} INFO - DAG(s) 'example_branch_datetime_operator', 'example_branch_datetime_operator_3', 'example_branch_datetime_operator_2' retrieved from /home/airflow/.local/lib/python3.12/site-packages/airflow/example_dags/example_branch_datetime_operator.py
[2025-10-15T17:20:49.236+0000] {logging_mixin.py:188} INFO - [2025-10-15T17:20:49.236+0000] {dag.py:3089} INFO - Sync 3 DAGs
[2025-10-15T17:20:49.250+0000] {logging_mixin.py:188} INFO - [2025-10-15T17:20:49.250+0000] {dag.py:3947} INFO - Setting next_dagrun for example_branch_datetime_operator to 2025-10-14 00:00:00+00:00, run_after=2025-10-15 00:00:00+00:00
[2025-10-15T17:20:49.255+0000] {logging_mixin.py:188} INFO - [2025-10-15T17:20:49.255+0000] {dag.py:3947} INFO - Setting next_dagrun for example_branch_datetime_operator_2 to 2025-10-14 00:00:00+00:00, run_after=2025-10-15 00:00:00+00:00
[2025-10-15T17:20:49.257+0000] {logging_mixin.py:188} INFO - [2025-10-15T17:20:49.257+0000] {dag.py:3947} INFO - Setting next_dagrun for example_branch_datetime_operator_3 to 2025-10-14 00:00:00+00:00, run_after=2025-10-15 00:00:00+00:00
[2025-10-15T17:20:49.270+0000] {processor.py:183} INFO - Processing /home/airflow/.local/lib/python3.12/site-packages/airflow/example_dags/example_branch_datetime_operator.py took 0.063 seconds
[2025-10-15T17:21:20.034+0000] {processor.py:161} INFO - Started process (PID=252) to work on /home/airflow/.local/lib/python3.12/site-packages/airflow/example_dags/example_branch_datetime_operator.py
[2025-10-15T17:21:20.041+0000] {processor.py:830} INFO - Processing file /home/airflow/.local/lib/python3.12/site-packages/airflow/example_dags/example_branch_datetime_operator.py for tasks to queue
[2025-10-15T17:21:20.044+0000] {logging_mixin.py:188} INFO - [2025-10-15T17:21:20.043+0000] {dagbag.py:545} INFO - Filling up the DagBag from /home/airflow/.local/lib/python3.12/site-packages/airflow/example_dags/example_branch_datetime_operator.py
[2025-10-15T17:21:20.053+0000] {processor.py:840} INFO - DAG(s) 'example_branch_datetime_operator', 'example_branch_datetime_operator_2', 'example_branch_datetime_operator_3' retrieved from /home/airflow/.local/lib/python3.12/site-packages/airflow/example_dags/example_branch_datetime_operator.py
[2025-10-15T17:21:20.077+0000] {logging_mixin.py:188} INFO - [2025-10-15T17:21:20.077+0000] {dag.py:3089} INFO - Sync 3 DAGs
[2025-10-15T17:21:20.094+0000] {logging_mixin.py:188} INFO - [2025-10-15T17:21:20.094+0000] {dag.py:3947} INFO - Setting next_dagrun for example_branch_datetime_operator to 2025-10-14 00:00:00+00:00, run_after=2025-10-15 00:00:00+00:00
[2025-10-15T17:21:20.097+0000] {logging_mixin.py:188} INFO - [2025-10-15T17:21:20.097+0000] {dag.py:3947} INFO - Setting next_dagrun for example_branch_datetime_operator_2 to 2025-10-14 00:00:00+00:00, run_after=2025-10-15 00:00:00+00:00
[2025-10-15T17:21:20.100+0000] {logging_mixin.py:188} INFO - [2025-10-15T17:21:20.099+0000] {dag.py:3947} INFO - Setting next_dagrun for example_branch_datetime_operator_3 to 2025-10-14 00:00:00+00:00, run_after=2025-10-15 00:00:00+00:00
[2025-10-15T17:21:20.115+0000] {processor.py:183} INFO - Processing /home/airflow/.local/lib/python3.12/site-packages/airflow/example_dags/example_branch_datetime_operator.py took 0.084 seconds
[2025-10-15T17:21:51.049+0000] {processor.py:161} INFO - Started process (PID=310) to work on /home/airflow/.local/lib/python3.12/site-packages/airflow/example_dags/example_branch_datetime_operator.py
[2025-10-15T17:21:51.052+0000] {processor.py:830} INFO - Processing file /home/airflow/.local/lib/python3.12/site-packages/airflow/example_dags/example_branch_datetime_operator.py for tasks to queue
[2025-10-15T17:21:51.055+0000] {logging_mixin.py:188} INFO - [2025-10-15T17:21:51.054+0000] {dagbag.py:545} INFO - Filling up the DagBag from /home/airflow/.local/lib/python3.12/site-packages/airflow/example_dags/example_branch_datetime_operator.py
[2025-10-15T17:21:51.063+0000] {processor.py:840} INFO - DAG(s) 'example_branch_datetime_operator', 'example_branch_datetime_operator_3', 'example_branch_datetime_operator_2' retrieved from /home/airflow/.local/lib/python3.12/site-packages/airflow/example_dags/example_branch_datetime_operator.py
[2025-10-15T17:21:51.096+0000] {logging_mixin.py:188} INFO - [2025-10-15T17:21:51.096+0000] {dag.py:3089} INFO - Sync 3 DAGs
[2025-10-15T17:21:51.120+0000] {logging_mixin.py:188} INFO - [2025-10-15T17:21:51.119+0000] {dag.py:3947} INFO - Setting next_dagrun for example_branch_datetime_operator to 2025-10-14 00:00:00+00:00, run_after=2025-10-15 00:00:00+00:00
[2025-10-15T17:21:51.130+0000] {logging_mixin.py:188} INFO - [2025-10-15T17:21:51.130+0000] {dag.py:3947} INFO - Setting next_dagrun for example_branch_datetime_operator_2 to 2025-10-14 00:00:00+00:00, run_after=2025-10-15 00:00:00+00:00
[2025-10-15T17:21:51.132+0000] {logging_mixin.py:188} INFO - [2025-10-15T17:21:51.132+0000] {dag.py:3947} INFO - Setting next_dagrun for example_branch_datetime_operator_3 to 2025-10-14 00:00:00+00:00, run_after=2025-10-15 00:00:00+00:00
[2025-10-15T17:21:51.145+0000] {processor.py:183} INFO - Processing /home/airflow/.local/lib/python3.12/site-packages/airflow/example_dags/example_branch_datetime_operator.py took 0.103 seconds
[2025-10-15T17:22:21.167+0000] {processor.py:161} INFO - Started process (PID=368) to work on /home/airflow/.local/lib/python3.12/site-packages/airflow/example_dags/example_branch_datetime_operator.py
[2025-10-15T17:22:21.175+0000] {processor.py:830} INFO - Processing file /home/airflow/.local/lib/python3.12/site-packages/airflow/example_dags/example_branch_datetime_operator.py for tasks to queue
[2025-10-15T17:22:21.176+0000] {logging_mixin.py:188} INFO - [2025-10-15T17:22:21.176+0000] {dagbag.py:545} INFO - Filling up the DagBag from /home/airflow/.local/lib/python3.12/site-packages/airflow/example_dags/example_branch_datetime_operator.py
[2025-10-15T17:22:21.182+0000] {processor.py:840} INFO - DAG(s) 'example_branch_datetime_operator', 'example_branch_datetime_operator_3', 'example_branch_datetime_operator_2' retrieved from /home/airflow/.local/lib/python3.12/site-packages/airflow/example_dags/example_branch_datetime_operator.py
[2025-10-15T17:22:21.204+0000] {logging_mixin.py:188} INFO - [2025-10-15T17:22:21.204+0000] {dag.py:3089} INFO - Sync 3 DAGs
[2025-10-15T17:22:21.216+0000] {logging_mixin.py:188} INFO - [2025-10-15T17:22:21.216+0000] {dag.py:3947} INFO - Setting next_dagrun for example_branch_datetime_operator to 2025-10-14 00:00:00+00:00, run_after=2025-10-15 00:00:00+00:00
[2025-10-15T17:22:21.221+0000] {logging_mixin.py:188} INFO - [2025-10-15T17:22:21.221+0000] {dag.py:3947} INFO - Setting next_dagrun for example_branch_datetime_operator_2 to 2025-10-14 00:00:00+00:00, run_after=2025-10-15 00:00:00+00:00
[2025-10-15T17:22:21.223+0000] {logging_mixin.py:188} INFO - [2025-10-15T17:22:21.223+0000] {dag.py:3947} INFO - Setting next_dagrun for example_branch_datetime_operator_3 to 2025-10-14 00:00:00+00:00, run_after=2025-10-15 00:00:00+00:00
[2025-10-15T17:22:21.235+0000] {processor.py:183} INFO - Processing /home/airflow/.local/lib/python3.12/site-packages/airflow/example_dags/example_branch_datetime_operator.py took 0.072 seconds
[2025-10-15T17:22:51.304+0000] {processor.py:161} INFO - Started process (PID=426) to work on /home/airflow/.local/lib/python3.12/site-packages/airflow/example_dags/example_branch_datetime_operator.py
[2025-10-15T17:22:51.310+0000] {processor.py:830} INFO - Processing file /home/airflow/.local/lib/python3.12/site-packages/airflow/example_dags/example_branch_datetime_operator.py for tasks to queue
[2025-10-15T17:22:51.312+0000] {logging_mixin.py:188} INFO - [2025-10-15T17:22:51.312+0000] {dagbag.py:545} INFO - Filling up the DagBag from /home/airflow/.local/lib/python3.12/site-packages/airflow/example_dags/example_branch_datetime_operator.py
[2025-10-15T17:22:51.317+0000] {processor.py:840} INFO - DAG(s) 'example_branch_datetime_operator_2', 'example_branch_datetime_operator', 'example_branch_datetime_operator_3' retrieved from /home/airflow/.local/lib/python3.12/site-packages/airflow/example_dags/example_branch_datetime_operator.py
[2025-10-15T17:22:51.338+0000] {logging_mixin.py:188} INFO - [2025-10-15T17:22:51.338+0000] {dag.py:3089} INFO - Sync 3 DAGs
[2025-10-15T17:22:51.354+0000] {logging_mixin.py:188} INFO - [2025-10-15T17:22:51.354+0000] {dag.py:3947} INFO - Setting next_dagrun for example_branch_datetime_operator to 2025-10-14 00:00:00+00:00, run_after=2025-10-15 00:00:00+00:00
[2025-10-15T17:22:51.360+0000] {logging_mixin.py:188} INFO - [2025-10-15T17:22:51.359+0000] {dag.py:3947} INFO - Setting next_dagrun for example_branch_datetime_operator_2 to 2025-10-14 00:00:00+00:00, run_after=2025-10-15 00:00:00+00:00
[2025-10-15T17:22:51.361+0000] {logging_mixin.py:188} INFO - [2025-10-15T17:22:51.361+0000] {dag.py:3947} INFO - Setting next_dagrun for example_branch_datetime_operator_3 to 2025-10-14 00:00:00+00:00, run_after=2025-10-15 00:00:00+00:00
[2025-10-15T17:22:51.375+0000] {processor.py:183} INFO - Processing /home/airflow/.local/lib/python3.12/site-packages/airflow/example_dags/example_branch_datetime_operator.py took 0.074 seconds
[2025-10-15T17:23:21.424+0000] {processor.py:161} INFO - Started process (PID=484) to work on /home/airflow/.local/lib/python3.12/site-packages/airflow/example_dags/example_branch_datetime_operator.py
[2025-10-15T17:23:21.425+0000] {processor.py:830} INFO - Processing file /home/airflow/.local/lib/python3.12/site-packages/airflow/example_dags/example_branch_datetime_operator.py for tasks to queue
[2025-10-15T17:23:21.426+0000] {logging_mixin.py:188} INFO - [2025-10-15T17:23:21.426+0000] {dagbag.py:545} INFO - Filling up the DagBag from /home/airflow/.local/lib/python3.12/site-packages/airflow/example_dags/example_branch_datetime_operator.py
[2025-10-15T17:23:21.431+0000] {processor.py:840} INFO - DAG(s) 'example_branch_datetime_operator', 'example_branch_datetime_operator_2', 'example_branch_datetime_operator_3' retrieved from /home/airflow/.local/lib/python3.12/site-packages/airflow/example_dags/example_branch_datetime_operator.py
[2025-10-15T17:23:21.451+0000] {logging_mixin.py:188} INFO - [2025-10-15T17:23:21.451+0000] {dag.py:3089} INFO - Sync 3 DAGs
[2025-10-15T17:23:21.464+0000] {logging_mixin.py:188} INFO - [2025-10-15T17:23:21.464+0000] {dag.py:3947} INFO - Setting next_dagrun for example_branch_datetime_operator to 2025-10-14 00:00:00+00:00, run_after=2025-10-15 00:00:00+00:00
[2025-10-15T17:23:21.466+0000] {logging_mixin.py:188} INFO - [2025-10-15T17:23:21.466+0000] {dag.py:3947} INFO - Setting next_dagrun for example_branch_datetime_operator_2 to 2025-10-14 00:00:00+00:00, run_after=2025-10-15 00:00:00+00:00
[2025-10-15T17:23:21.468+0000] {logging_mixin.py:188} INFO - [2025-10-15T17:23:21.468+0000] {dag.py:3947} INFO - Setting next_dagrun for example_branch_datetime_operator_3 to 2025-10-14 00:00:00+00:00, run_after=2025-10-15 00:00:00+00:00
[2025-10-15T17:23:21.476+0000] {processor.py:183} INFO - Processing /home/airflow/.local/lib/python3.12/site-packages/airflow/example_dags/example_branch_datetime_operator.py took 0.056 seconds
[2025-10-15T17:23:51.719+0000] {processor.py:161} INFO - Started process (PID=542) to work on /home/airflow/.local/lib/python3.12/site-packages/airflow/example_dags/example_branch_datetime_operator.py
[2025-10-15T17:23:51.723+0000] {processor.py:830} INFO - Processing file /home/airflow/.local/lib/python3.12/site-packages/airflow/example_dags/example_branch_datetime_operator.py for tasks to queue
[2025-10-15T17:23:51.724+0000] {logging_mixin.py:188} INFO - [2025-10-15T17:23:51.724+0000] {dagbag.py:545} INFO - Filling up the DagBag from /home/airflow/.local/lib/python3.12/site-packages/airflow/example_dags/example_branch_datetime_operator.py
[2025-10-15T17:23:51.733+0000] {processor.py:840} INFO - DAG(s) 'example_branch_datetime_operator_3', 'example_branch_datetime_operator', 'example_branch_datetime_operator_2' retrieved from /home/airflow/.local/lib/python3.12/site-packages/airflow/example_dags/example_branch_datetime_operator.py
[2025-10-15T17:23:51.752+0000] {logging_mixin.py:188} INFO - [2025-10-15T17:23:51.751+0000] {dag.py:3089} INFO - Sync 3 DAGs
[2025-10-15T17:23:51.768+0000] {logging_mixin.py:188} INFO - [2025-10-15T17:23:51.768+0000] {dag.py:3947} INFO - Setting next_dagrun for example_branch_datetime_operator to 2025-10-14 00:00:00+00:00, run_after=2025-10-15 00:00:00+00:00
[2025-10-15T17:23:51.772+0000] {logging_mixin.py:188} INFO - [2025-10-15T17:23:51.772+0000] {dag.py:3947} INFO - Setting next_dagrun for example_branch_datetime_operator_2 to 2025-10-14 00:00:00+00:00, run_after=2025-10-15 00:00:00+00:00
[2025-10-15T17:23:51.774+0000] {logging_mixin.py:188} INFO - [2025-10-15T17:23:51.774+0000] {dag.py:3947} INFO - Setting next_dagrun for example_branch_datetime_operator_3 to 2025-10-14 00:00:00+00:00, run_after=2025-10-15 00:00:00+00:00
[2025-10-15T17:23:51.783+0000] {processor.py:183} INFO - Processing /home/airflow/.local/lib/python3.12/site-packages/airflow/example_dags/example_branch_datetime_operator.py took 0.067 seconds
[2025-10-15T17:24:22.511+0000] {processor.py:161} INFO - Started process (PID=600) to work on /home/airflow/.local/lib/python3.12/site-packages/airflow/example_dags/example_branch_datetime_operator.py
[2025-10-15T17:24:22.514+0000] {processor.py:830} INFO - Processing file /home/airflow/.local/lib/python3.12/site-packages/airflow/example_dags/example_branch_datetime_operator.py for tasks to queue
[2025-10-15T17:24:22.517+0000] {logging_mixin.py:188} INFO - [2025-10-15T17:24:22.517+0000] {dagbag.py:545} INFO - Filling up the DagBag from /home/airflow/.local/lib/python3.12/site-packages/airflow/example_dags/example_branch_datetime_operator.py
[2025-10-15T17:24:22.528+0000] {processor.py:840} INFO - DAG(s) 'example_branch_datetime_operator', 'example_branch_datetime_operator_3', 'example_branch_datetime_operator_2' retrieved from /home/airflow/.local/lib/python3.12/site-packages/airflow/example_dags/example_branch_datetime_operator.py
[2025-10-15T17:24:22.551+0000] {logging_mixin.py:188} INFO - [2025-10-15T17:24:22.551+0000] {dag.py:3089} INFO - Sync 3 DAGs
[2025-10-15T17:24:22.565+0000] {logging_mixin.py:188} INFO - [2025-10-15T17:24:22.564+0000] {dag.py:3947} INFO - Setting next_dagrun for example_branch_datetime_operator to 2025-10-14 00:00:00+00:00, run_after=2025-10-15 00:00:00+00:00
[2025-10-15T17:24:22.569+0000] {logging_mixin.py:188} INFO - [2025-10-15T17:24:22.569+0000] {dag.py:3947} INFO - Setting next_dagrun for example_branch_datetime_operator_2 to 2025-10-14 00:00:00+00:00, run_after=2025-10-15 00:00:00+00:00
[2025-10-15T17:24:22.572+0000] {logging_mixin.py:188} INFO - [2025-10-15T17:24:22.572+0000] {dag.py:3947} INFO - Setting next_dagrun for example_branch_datetime_operator_3 to 2025-10-14 00:00:00+00:00, run_after=2025-10-15 00:00:00+00:00
[2025-10-15T17:24:22.581+0000] {processor.py:183} INFO - Processing /home/airflow/.local/lib/python3.12/site-packages/airflow/example_dags/example_branch_datetime_operator.py took 0.074 seconds
