[2025-10-15T17:08:07.271+0000] {processor.py:161} INFO - Started process (PID=72) to work on /home/airflow/.local/lib/python3.12/site-packages/airflow/example_dags/tutorial_objectstorage.py
[2025-10-15T17:08:07.273+0000] {processor.py:830} INFO - Processing file /home/airflow/.local/lib/python3.12/site-packages/airflow/example_dags/tutorial_objectstorage.py for tasks to queue
[2025-10-15T17:08:07.276+0000] {logging_mixin.py:188} INFO - [2025-10-15T17:08:07.276+0000] {dagbag.py:545} INFO - Filling up the DagBag from /home/airflow/.local/lib/python3.12/site-packages/airflow/example_dags/tutorial_objectstorage.py
[2025-10-15T17:08:07.303+0000] {processor.py:840} INFO - DAG(s) 'tutorial_objectstorage' retrieved from /home/airflow/.local/lib/python3.12/site-packages/airflow/example_dags/tutorial_objectstorage.py
[2025-10-15T17:08:07.527+0000] {logging_mixin.py:188} INFO - [2025-10-15T17:08:07.526+0000] {override.py:1858} INFO - Created Permission View: can edit on DAG:tutorial_objectstorage
[2025-10-15T17:08:07.545+0000] {logging_mixin.py:188} INFO - [2025-10-15T17:08:07.544+0000] {override.py:1858} INFO - Created Permission View: can delete on DAG:tutorial_objectstorage
[2025-10-15T17:08:07.553+0000] {logging_mixin.py:188} INFO - [2025-10-15T17:08:07.553+0000] {override.py:1858} INFO - Created Permission View: can read on DAG:tutorial_objectstorage
[2025-10-15T17:08:07.554+0000] {logging_mixin.py:188} INFO - [2025-10-15T17:08:07.554+0000] {dag.py:3089} INFO - Sync 1 DAGs
[2025-10-15T17:08:07.569+0000] {logging_mixin.py:188} INFO - [2025-10-15T17:08:07.568+0000] {dag.py:3111} INFO - Creating ORM DAG for tutorial_objectstorage
[2025-10-15T17:08:07.570+0000] {logging_mixin.py:188} INFO - [2025-10-15T17:08:07.569+0000] {dag.py:3947} INFO - Setting next_dagrun for tutorial_objectstorage to None, run_after=None
[2025-10-15T17:08:07.591+0000] {processor.py:183} INFO - Processing /home/airflow/.local/lib/python3.12/site-packages/airflow/example_dags/tutorial_objectstorage.py took 0.331 seconds
[2025-10-15T17:08:37.649+0000] {processor.py:161} INFO - Started process (PID=130) to work on /home/airflow/.local/lib/python3.12/site-packages/airflow/example_dags/tutorial_objectstorage.py
[2025-10-15T17:08:37.650+0000] {processor.py:830} INFO - Processing file /home/airflow/.local/lib/python3.12/site-packages/airflow/example_dags/tutorial_objectstorage.py for tasks to queue
[2025-10-15T17:08:37.651+0000] {logging_mixin.py:188} INFO - [2025-10-15T17:08:37.651+0000] {dagbag.py:545} INFO - Filling up the DagBag from /home/airflow/.local/lib/python3.12/site-packages/airflow/example_dags/tutorial_objectstorage.py
[2025-10-15T17:08:37.656+0000] {processor.py:840} INFO - DAG(s) 'tutorial_objectstorage' retrieved from /home/airflow/.local/lib/python3.12/site-packages/airflow/example_dags/tutorial_objectstorage.py
[2025-10-15T17:08:37.677+0000] {logging_mixin.py:188} INFO - [2025-10-15T17:08:37.677+0000] {dag.py:3089} INFO - Sync 1 DAGs
[2025-10-15T17:08:37.684+0000] {logging_mixin.py:188} INFO - [2025-10-15T17:08:37.684+0000] {dag.py:3947} INFO - Setting next_dagrun for tutorial_objectstorage to None, run_after=None
[2025-10-15T17:08:37.700+0000] {processor.py:183} INFO - Processing /home/airflow/.local/lib/python3.12/site-packages/airflow/example_dags/tutorial_objectstorage.py took 0.055 seconds
[2025-10-15T17:09:08.256+0000] {processor.py:161} INFO - Started process (PID=188) to work on /home/airflow/.local/lib/python3.12/site-packages/airflow/example_dags/tutorial_objectstorage.py
[2025-10-15T17:09:08.257+0000] {processor.py:830} INFO - Processing file /home/airflow/.local/lib/python3.12/site-packages/airflow/example_dags/tutorial_objectstorage.py for tasks to queue
[2025-10-15T17:09:08.259+0000] {logging_mixin.py:188} INFO - [2025-10-15T17:09:08.258+0000] {dagbag.py:545} INFO - Filling up the DagBag from /home/airflow/.local/lib/python3.12/site-packages/airflow/example_dags/tutorial_objectstorage.py
[2025-10-15T17:09:08.267+0000] {processor.py:840} INFO - DAG(s) 'tutorial_objectstorage' retrieved from /home/airflow/.local/lib/python3.12/site-packages/airflow/example_dags/tutorial_objectstorage.py
[2025-10-15T17:09:08.287+0000] {logging_mixin.py:188} INFO - [2025-10-15T17:09:08.287+0000] {dag.py:3089} INFO - Sync 1 DAGs
[2025-10-15T17:09:08.301+0000] {logging_mixin.py:188} INFO - [2025-10-15T17:09:08.301+0000] {dag.py:3947} INFO - Setting next_dagrun for tutorial_objectstorage to None, run_after=None
[2025-10-15T17:09:08.319+0000] {processor.py:183} INFO - Processing /home/airflow/.local/lib/python3.12/site-packages/airflow/example_dags/tutorial_objectstorage.py took 0.068 seconds
[2025-10-15T17:09:38.572+0000] {processor.py:161} INFO - Started process (PID=246) to work on /home/airflow/.local/lib/python3.12/site-packages/airflow/example_dags/tutorial_objectstorage.py
[2025-10-15T17:09:38.574+0000] {processor.py:830} INFO - Processing file /home/airflow/.local/lib/python3.12/site-packages/airflow/example_dags/tutorial_objectstorage.py for tasks to queue
[2025-10-15T17:09:38.579+0000] {logging_mixin.py:188} INFO - [2025-10-15T17:09:38.578+0000] {dagbag.py:545} INFO - Filling up the DagBag from /home/airflow/.local/lib/python3.12/site-packages/airflow/example_dags/tutorial_objectstorage.py
[2025-10-15T17:09:38.591+0000] {processor.py:840} INFO - DAG(s) 'tutorial_objectstorage' retrieved from /home/airflow/.local/lib/python3.12/site-packages/airflow/example_dags/tutorial_objectstorage.py
[2025-10-15T17:09:38.621+0000] {logging_mixin.py:188} INFO - [2025-10-15T17:09:38.620+0000] {dag.py:3089} INFO - Sync 1 DAGs
[2025-10-15T17:09:38.642+0000] {logging_mixin.py:188} INFO - [2025-10-15T17:09:38.641+0000] {dag.py:3947} INFO - Setting next_dagrun for tutorial_objectstorage to None, run_after=None
[2025-10-15T17:09:38.676+0000] {processor.py:183} INFO - Processing /home/airflow/.local/lib/python3.12/site-packages/airflow/example_dags/tutorial_objectstorage.py took 0.114 seconds
[2025-10-15T17:10:08.927+0000] {processor.py:161} INFO - Started process (PID=304) to work on /home/airflow/.local/lib/python3.12/site-packages/airflow/example_dags/tutorial_objectstorage.py
[2025-10-15T17:10:08.928+0000] {processor.py:830} INFO - Processing file /home/airflow/.local/lib/python3.12/site-packages/airflow/example_dags/tutorial_objectstorage.py for tasks to queue
[2025-10-15T17:10:08.929+0000] {logging_mixin.py:188} INFO - [2025-10-15T17:10:08.929+0000] {dagbag.py:545} INFO - Filling up the DagBag from /home/airflow/.local/lib/python3.12/site-packages/airflow/example_dags/tutorial_objectstorage.py
[2025-10-15T17:10:08.935+0000] {processor.py:840} INFO - DAG(s) 'tutorial_objectstorage' retrieved from /home/airflow/.local/lib/python3.12/site-packages/airflow/example_dags/tutorial_objectstorage.py
[2025-10-15T17:10:08.950+0000] {logging_mixin.py:188} INFO - [2025-10-15T17:10:08.950+0000] {dag.py:3089} INFO - Sync 1 DAGs
[2025-10-15T17:10:08.958+0000] {logging_mixin.py:188} INFO - [2025-10-15T17:10:08.958+0000] {dag.py:3947} INFO - Setting next_dagrun for tutorial_objectstorage to None, run_after=None
[2025-10-15T17:10:08.973+0000] {processor.py:183} INFO - Processing /home/airflow/.local/lib/python3.12/site-packages/airflow/example_dags/tutorial_objectstorage.py took 0.050 seconds
[2025-10-15T17:10:39.106+0000] {processor.py:161} INFO - Started process (PID=362) to work on /home/airflow/.local/lib/python3.12/site-packages/airflow/example_dags/tutorial_objectstorage.py
[2025-10-15T17:10:39.107+0000] {processor.py:830} INFO - Processing file /home/airflow/.local/lib/python3.12/site-packages/airflow/example_dags/tutorial_objectstorage.py for tasks to queue
[2025-10-15T17:10:39.108+0000] {logging_mixin.py:188} INFO - [2025-10-15T17:10:39.107+0000] {dagbag.py:545} INFO - Filling up the DagBag from /home/airflow/.local/lib/python3.12/site-packages/airflow/example_dags/tutorial_objectstorage.py
[2025-10-15T17:10:39.113+0000] {processor.py:840} INFO - DAG(s) 'tutorial_objectstorage' retrieved from /home/airflow/.local/lib/python3.12/site-packages/airflow/example_dags/tutorial_objectstorage.py
[2025-10-15T17:10:39.126+0000] {logging_mixin.py:188} INFO - [2025-10-15T17:10:39.126+0000] {dag.py:3089} INFO - Sync 1 DAGs
[2025-10-15T17:10:39.134+0000] {logging_mixin.py:188} INFO - [2025-10-15T17:10:39.133+0000] {dag.py:3947} INFO - Setting next_dagrun for tutorial_objectstorage to None, run_after=None
[2025-10-15T17:10:39.151+0000] {processor.py:183} INFO - Processing /home/airflow/.local/lib/python3.12/site-packages/airflow/example_dags/tutorial_objectstorage.py took 0.048 seconds
[2025-10-15T17:11:09.489+0000] {processor.py:161} INFO - Started process (PID=420) to work on /home/airflow/.local/lib/python3.12/site-packages/airflow/example_dags/tutorial_objectstorage.py
[2025-10-15T17:11:09.490+0000] {processor.py:830} INFO - Processing file /home/airflow/.local/lib/python3.12/site-packages/airflow/example_dags/tutorial_objectstorage.py for tasks to queue
[2025-10-15T17:11:09.492+0000] {logging_mixin.py:188} INFO - [2025-10-15T17:11:09.492+0000] {dagbag.py:545} INFO - Filling up the DagBag from /home/airflow/.local/lib/python3.12/site-packages/airflow/example_dags/tutorial_objectstorage.py
[2025-10-15T17:11:09.496+0000] {processor.py:840} INFO - DAG(s) 'tutorial_objectstorage' retrieved from /home/airflow/.local/lib/python3.12/site-packages/airflow/example_dags/tutorial_objectstorage.py
[2025-10-15T17:11:09.512+0000] {logging_mixin.py:188} INFO - [2025-10-15T17:11:09.512+0000] {dag.py:3089} INFO - Sync 1 DAGs
[2025-10-15T17:11:09.520+0000] {logging_mixin.py:188} INFO - [2025-10-15T17:11:09.520+0000] {dag.py:3947} INFO - Setting next_dagrun for tutorial_objectstorage to None, run_after=None
[2025-10-15T17:11:09.538+0000] {processor.py:183} INFO - Processing /home/airflow/.local/lib/python3.12/site-packages/airflow/example_dags/tutorial_objectstorage.py took 0.053 seconds
[2025-10-15T17:11:39.761+0000] {processor.py:161} INFO - Started process (PID=478) to work on /home/airflow/.local/lib/python3.12/site-packages/airflow/example_dags/tutorial_objectstorage.py
[2025-10-15T17:11:39.762+0000] {processor.py:830} INFO - Processing file /home/airflow/.local/lib/python3.12/site-packages/airflow/example_dags/tutorial_objectstorage.py for tasks to queue
[2025-10-15T17:11:39.763+0000] {logging_mixin.py:188} INFO - [2025-10-15T17:11:39.763+0000] {dagbag.py:545} INFO - Filling up the DagBag from /home/airflow/.local/lib/python3.12/site-packages/airflow/example_dags/tutorial_objectstorage.py
[2025-10-15T17:11:39.772+0000] {processor.py:840} INFO - DAG(s) 'tutorial_objectstorage' retrieved from /home/airflow/.local/lib/python3.12/site-packages/airflow/example_dags/tutorial_objectstorage.py
[2025-10-15T17:11:39.791+0000] {logging_mixin.py:188} INFO - [2025-10-15T17:11:39.791+0000] {dag.py:3089} INFO - Sync 1 DAGs
[2025-10-15T17:11:39.807+0000] {logging_mixin.py:188} INFO - [2025-10-15T17:11:39.807+0000] {dag.py:3947} INFO - Setting next_dagrun for tutorial_objectstorage to None, run_after=None
[2025-10-15T17:11:39.826+0000] {processor.py:183} INFO - Processing /home/airflow/.local/lib/python3.12/site-packages/airflow/example_dags/tutorial_objectstorage.py took 0.069 seconds
[2025-10-15T17:12:10.326+0000] {processor.py:161} INFO - Started process (PID=536) to work on /home/airflow/.local/lib/python3.12/site-packages/airflow/example_dags/tutorial_objectstorage.py
[2025-10-15T17:12:10.327+0000] {processor.py:830} INFO - Processing file /home/airflow/.local/lib/python3.12/site-packages/airflow/example_dags/tutorial_objectstorage.py for tasks to queue
[2025-10-15T17:12:10.328+0000] {logging_mixin.py:188} INFO - [2025-10-15T17:12:10.328+0000] {dagbag.py:545} INFO - Filling up the DagBag from /home/airflow/.local/lib/python3.12/site-packages/airflow/example_dags/tutorial_objectstorage.py
[2025-10-15T17:12:10.335+0000] {processor.py:840} INFO - DAG(s) 'tutorial_objectstorage' retrieved from /home/airflow/.local/lib/python3.12/site-packages/airflow/example_dags/tutorial_objectstorage.py
[2025-10-15T17:12:10.355+0000] {logging_mixin.py:188} INFO - [2025-10-15T17:12:10.355+0000] {dag.py:3089} INFO - Sync 1 DAGs
[2025-10-15T17:12:10.363+0000] {logging_mixin.py:188} INFO - [2025-10-15T17:12:10.363+0000] {dag.py:3947} INFO - Setting next_dagrun for tutorial_objectstorage to None, run_after=None
[2025-10-15T17:12:10.376+0000] {processor.py:183} INFO - Processing /home/airflow/.local/lib/python3.12/site-packages/airflow/example_dags/tutorial_objectstorage.py took 0.055 seconds
[2025-10-15T17:12:40.855+0000] {processor.py:161} INFO - Started process (PID=594) to work on /home/airflow/.local/lib/python3.12/site-packages/airflow/example_dags/tutorial_objectstorage.py
[2025-10-15T17:12:40.861+0000] {processor.py:830} INFO - Processing file /home/airflow/.local/lib/python3.12/site-packages/airflow/example_dags/tutorial_objectstorage.py for tasks to queue
[2025-10-15T17:12:40.864+0000] {logging_mixin.py:188} INFO - [2025-10-15T17:12:40.864+0000] {dagbag.py:545} INFO - Filling up the DagBag from /home/airflow/.local/lib/python3.12/site-packages/airflow/example_dags/tutorial_objectstorage.py
[2025-10-15T17:12:40.870+0000] {processor.py:840} INFO - DAG(s) 'tutorial_objectstorage' retrieved from /home/airflow/.local/lib/python3.12/site-packages/airflow/example_dags/tutorial_objectstorage.py
[2025-10-15T17:12:40.887+0000] {logging_mixin.py:188} INFO - [2025-10-15T17:12:40.887+0000] {dag.py:3089} INFO - Sync 1 DAGs
[2025-10-15T17:12:40.898+0000] {logging_mixin.py:188} INFO - [2025-10-15T17:12:40.898+0000] {dag.py:3947} INFO - Setting next_dagrun for tutorial_objectstorage to None, run_after=None
[2025-10-15T17:12:40.915+0000] {processor.py:183} INFO - Processing /home/airflow/.local/lib/python3.12/site-packages/airflow/example_dags/tutorial_objectstorage.py took 0.065 seconds
[2025-10-15T17:13:11.182+0000] {processor.py:161} INFO - Started process (PID=652) to work on /home/airflow/.local/lib/python3.12/site-packages/airflow/example_dags/tutorial_objectstorage.py
[2025-10-15T17:13:11.183+0000] {processor.py:830} INFO - Processing file /home/airflow/.local/lib/python3.12/site-packages/airflow/example_dags/tutorial_objectstorage.py for tasks to queue
[2025-10-15T17:13:11.187+0000] {logging_mixin.py:188} INFO - [2025-10-15T17:13:11.187+0000] {dagbag.py:545} INFO - Filling up the DagBag from /home/airflow/.local/lib/python3.12/site-packages/airflow/example_dags/tutorial_objectstorage.py
[2025-10-15T17:13:11.192+0000] {processor.py:840} INFO - DAG(s) 'tutorial_objectstorage' retrieved from /home/airflow/.local/lib/python3.12/site-packages/airflow/example_dags/tutorial_objectstorage.py
[2025-10-15T17:13:11.204+0000] {logging_mixin.py:188} INFO - [2025-10-15T17:13:11.204+0000] {dag.py:3089} INFO - Sync 1 DAGs
[2025-10-15T17:13:11.216+0000] {logging_mixin.py:188} INFO - [2025-10-15T17:13:11.216+0000] {dag.py:3947} INFO - Setting next_dagrun for tutorial_objectstorage to None, run_after=None
[2025-10-15T17:13:11.227+0000] {processor.py:183} INFO - Processing /home/airflow/.local/lib/python3.12/site-packages/airflow/example_dags/tutorial_objectstorage.py took 0.049 seconds
[2025-10-15T17:13:41.302+0000] {processor.py:161} INFO - Started process (PID=710) to work on /home/airflow/.local/lib/python3.12/site-packages/airflow/example_dags/tutorial_objectstorage.py
[2025-10-15T17:13:41.303+0000] {processor.py:830} INFO - Processing file /home/airflow/.local/lib/python3.12/site-packages/airflow/example_dags/tutorial_objectstorage.py for tasks to queue
[2025-10-15T17:13:41.304+0000] {logging_mixin.py:188} INFO - [2025-10-15T17:13:41.304+0000] {dagbag.py:545} INFO - Filling up the DagBag from /home/airflow/.local/lib/python3.12/site-packages/airflow/example_dags/tutorial_objectstorage.py
[2025-10-15T17:13:41.310+0000] {processor.py:840} INFO - DAG(s) 'tutorial_objectstorage' retrieved from /home/airflow/.local/lib/python3.12/site-packages/airflow/example_dags/tutorial_objectstorage.py
[2025-10-15T17:13:41.325+0000] {logging_mixin.py:188} INFO - [2025-10-15T17:13:41.325+0000] {dag.py:3089} INFO - Sync 1 DAGs
[2025-10-15T17:13:41.334+0000] {logging_mixin.py:188} INFO - [2025-10-15T17:13:41.334+0000] {dag.py:3947} INFO - Setting next_dagrun for tutorial_objectstorage to None, run_after=None
[2025-10-15T17:13:41.345+0000] {processor.py:183} INFO - Processing /home/airflow/.local/lib/python3.12/site-packages/airflow/example_dags/tutorial_objectstorage.py took 0.048 seconds
[2025-10-15T17:14:11.736+0000] {processor.py:161} INFO - Started process (PID=768) to work on /home/airflow/.local/lib/python3.12/site-packages/airflow/example_dags/tutorial_objectstorage.py
[2025-10-15T17:14:11.736+0000] {processor.py:830} INFO - Processing file /home/airflow/.local/lib/python3.12/site-packages/airflow/example_dags/tutorial_objectstorage.py for tasks to queue
[2025-10-15T17:14:11.740+0000] {logging_mixin.py:188} INFO - [2025-10-15T17:14:11.740+0000] {dagbag.py:545} INFO - Filling up the DagBag from /home/airflow/.local/lib/python3.12/site-packages/airflow/example_dags/tutorial_objectstorage.py
[2025-10-15T17:14:11.745+0000] {processor.py:840} INFO - DAG(s) 'tutorial_objectstorage' retrieved from /home/airflow/.local/lib/python3.12/site-packages/airflow/example_dags/tutorial_objectstorage.py
[2025-10-15T17:14:11.757+0000] {logging_mixin.py:188} INFO - [2025-10-15T17:14:11.757+0000] {dag.py:3089} INFO - Sync 1 DAGs
[2025-10-15T17:14:11.764+0000] {logging_mixin.py:188} INFO - [2025-10-15T17:14:11.764+0000] {dag.py:3947} INFO - Setting next_dagrun for tutorial_objectstorage to None, run_after=None
[2025-10-15T17:14:11.774+0000] {processor.py:183} INFO - Processing /home/airflow/.local/lib/python3.12/site-packages/airflow/example_dags/tutorial_objectstorage.py took 0.042 seconds
[2025-10-15T17:14:41.846+0000] {processor.py:161} INFO - Started process (PID=826) to work on /home/airflow/.local/lib/python3.12/site-packages/airflow/example_dags/tutorial_objectstorage.py
[2025-10-15T17:14:41.847+0000] {processor.py:830} INFO - Processing file /home/airflow/.local/lib/python3.12/site-packages/airflow/example_dags/tutorial_objectstorage.py for tasks to queue
[2025-10-15T17:14:41.849+0000] {logging_mixin.py:188} INFO - [2025-10-15T17:14:41.849+0000] {dagbag.py:545} INFO - Filling up the DagBag from /home/airflow/.local/lib/python3.12/site-packages/airflow/example_dags/tutorial_objectstorage.py
[2025-10-15T17:14:41.856+0000] {processor.py:840} INFO - DAG(s) 'tutorial_objectstorage' retrieved from /home/airflow/.local/lib/python3.12/site-packages/airflow/example_dags/tutorial_objectstorage.py
[2025-10-15T17:14:41.869+0000] {logging_mixin.py:188} INFO - [2025-10-15T17:14:41.869+0000] {dag.py:3089} INFO - Sync 1 DAGs
[2025-10-15T17:14:41.877+0000] {logging_mixin.py:188} INFO - [2025-10-15T17:14:41.877+0000] {dag.py:3947} INFO - Setting next_dagrun for tutorial_objectstorage to None, run_after=None
[2025-10-15T17:14:41.888+0000] {processor.py:183} INFO - Processing /home/airflow/.local/lib/python3.12/site-packages/airflow/example_dags/tutorial_objectstorage.py took 0.047 seconds
[2025-10-15T17:15:12.136+0000] {processor.py:161} INFO - Started process (PID=884) to work on /home/airflow/.local/lib/python3.12/site-packages/airflow/example_dags/tutorial_objectstorage.py
[2025-10-15T17:15:12.140+0000] {processor.py:830} INFO - Processing file /home/airflow/.local/lib/python3.12/site-packages/airflow/example_dags/tutorial_objectstorage.py for tasks to queue
[2025-10-15T17:15:12.141+0000] {logging_mixin.py:188} INFO - [2025-10-15T17:15:12.141+0000] {dagbag.py:545} INFO - Filling up the DagBag from /home/airflow/.local/lib/python3.12/site-packages/airflow/example_dags/tutorial_objectstorage.py
[2025-10-15T17:15:12.146+0000] {processor.py:840} INFO - DAG(s) 'tutorial_objectstorage' retrieved from /home/airflow/.local/lib/python3.12/site-packages/airflow/example_dags/tutorial_objectstorage.py
[2025-10-15T17:15:12.160+0000] {logging_mixin.py:188} INFO - [2025-10-15T17:15:12.159+0000] {dag.py:3089} INFO - Sync 1 DAGs
[2025-10-15T17:15:12.167+0000] {logging_mixin.py:188} INFO - [2025-10-15T17:15:12.167+0000] {dag.py:3947} INFO - Setting next_dagrun for tutorial_objectstorage to None, run_after=None
[2025-10-15T17:15:12.178+0000] {processor.py:183} INFO - Processing /home/airflow/.local/lib/python3.12/site-packages/airflow/example_dags/tutorial_objectstorage.py took 0.046 seconds
[2025-10-15T17:19:44.125+0000] {processor.py:161} INFO - Started process (PID=67) to work on /home/airflow/.local/lib/python3.12/site-packages/airflow/example_dags/tutorial_objectstorage.py
[2025-10-15T17:19:44.128+0000] {processor.py:830} INFO - Processing file /home/airflow/.local/lib/python3.12/site-packages/airflow/example_dags/tutorial_objectstorage.py for tasks to queue
[2025-10-15T17:19:44.132+0000] {logging_mixin.py:188} INFO - [2025-10-15T17:19:44.131+0000] {dagbag.py:545} INFO - Filling up the DagBag from /home/airflow/.local/lib/python3.12/site-packages/airflow/example_dags/tutorial_objectstorage.py
[2025-10-15T17:19:44.165+0000] {processor.py:840} INFO - DAG(s) 'tutorial_objectstorage' retrieved from /home/airflow/.local/lib/python3.12/site-packages/airflow/example_dags/tutorial_objectstorage.py
[2025-10-15T17:19:44.888+0000] {logging_mixin.py:188} INFO - [2025-10-15T17:19:44.851+0000] {dag.py:3089} INFO - Sync 1 DAGs
[2025-10-15T17:19:45.027+0000] {logging_mixin.py:188} INFO - [2025-10-15T17:19:45.026+0000] {dag.py:3947} INFO - Setting next_dagrun for tutorial_objectstorage to None, run_after=None
[2025-10-15T17:19:45.127+0000] {processor.py:183} INFO - Processing /home/airflow/.local/lib/python3.12/site-packages/airflow/example_dags/tutorial_objectstorage.py took 1.011 seconds
[2025-10-15T17:20:15.986+0000] {processor.py:161} INFO - Started process (PID=125) to work on /home/airflow/.local/lib/python3.12/site-packages/airflow/example_dags/tutorial_objectstorage.py
[2025-10-15T17:20:15.987+0000] {processor.py:830} INFO - Processing file /home/airflow/.local/lib/python3.12/site-packages/airflow/example_dags/tutorial_objectstorage.py for tasks to queue
[2025-10-15T17:20:15.989+0000] {logging_mixin.py:188} INFO - [2025-10-15T17:20:15.989+0000] {dagbag.py:545} INFO - Filling up the DagBag from /home/airflow/.local/lib/python3.12/site-packages/airflow/example_dags/tutorial_objectstorage.py
[2025-10-15T17:20:15.998+0000] {processor.py:840} INFO - DAG(s) 'tutorial_objectstorage' retrieved from /home/airflow/.local/lib/python3.12/site-packages/airflow/example_dags/tutorial_objectstorage.py
[2025-10-15T17:20:16.020+0000] {logging_mixin.py:188} INFO - [2025-10-15T17:20:16.020+0000] {dag.py:3089} INFO - Sync 1 DAGs
[2025-10-15T17:20:16.029+0000] {logging_mixin.py:188} INFO - [2025-10-15T17:20:16.029+0000] {dag.py:3947} INFO - Setting next_dagrun for tutorial_objectstorage to None, run_after=None
[2025-10-15T17:20:16.049+0000] {processor.py:183} INFO - Processing /home/airflow/.local/lib/python3.12/site-packages/airflow/example_dags/tutorial_objectstorage.py took 0.068 seconds
[2025-10-15T17:20:46.679+0000] {processor.py:161} INFO - Started process (PID=183) to work on /home/airflow/.local/lib/python3.12/site-packages/airflow/example_dags/tutorial_objectstorage.py
[2025-10-15T17:20:46.680+0000] {processor.py:830} INFO - Processing file /home/airflow/.local/lib/python3.12/site-packages/airflow/example_dags/tutorial_objectstorage.py for tasks to queue
[2025-10-15T17:20:46.681+0000] {logging_mixin.py:188} INFO - [2025-10-15T17:20:46.681+0000] {dagbag.py:545} INFO - Filling up the DagBag from /home/airflow/.local/lib/python3.12/site-packages/airflow/example_dags/tutorial_objectstorage.py
[2025-10-15T17:20:46.687+0000] {processor.py:840} INFO - DAG(s) 'tutorial_objectstorage' retrieved from /home/airflow/.local/lib/python3.12/site-packages/airflow/example_dags/tutorial_objectstorage.py
[2025-10-15T17:20:46.707+0000] {logging_mixin.py:188} INFO - [2025-10-15T17:20:46.707+0000] {dag.py:3089} INFO - Sync 1 DAGs
[2025-10-15T17:20:46.720+0000] {logging_mixin.py:188} INFO - [2025-10-15T17:20:46.720+0000] {dag.py:3947} INFO - Setting next_dagrun for tutorial_objectstorage to None, run_after=None
[2025-10-15T17:20:46.738+0000] {processor.py:183} INFO - Processing /home/airflow/.local/lib/python3.12/site-packages/airflow/example_dags/tutorial_objectstorage.py took 0.063 seconds
[2025-10-15T17:21:17.643+0000] {processor.py:161} INFO - Started process (PID=241) to work on /home/airflow/.local/lib/python3.12/site-packages/airflow/example_dags/tutorial_objectstorage.py
[2025-10-15T17:21:17.643+0000] {processor.py:830} INFO - Processing file /home/airflow/.local/lib/python3.12/site-packages/airflow/example_dags/tutorial_objectstorage.py for tasks to queue
[2025-10-15T17:21:17.645+0000] {logging_mixin.py:188} INFO - [2025-10-15T17:21:17.645+0000] {dagbag.py:545} INFO - Filling up the DagBag from /home/airflow/.local/lib/python3.12/site-packages/airflow/example_dags/tutorial_objectstorage.py
[2025-10-15T17:21:17.651+0000] {processor.py:840} INFO - DAG(s) 'tutorial_objectstorage' retrieved from /home/airflow/.local/lib/python3.12/site-packages/airflow/example_dags/tutorial_objectstorage.py
[2025-10-15T17:21:17.673+0000] {logging_mixin.py:188} INFO - [2025-10-15T17:21:17.673+0000] {dag.py:3089} INFO - Sync 1 DAGs
[2025-10-15T17:21:17.684+0000] {logging_mixin.py:188} INFO - [2025-10-15T17:21:17.684+0000] {dag.py:3947} INFO - Setting next_dagrun for tutorial_objectstorage to None, run_after=None
[2025-10-15T17:21:17.707+0000] {processor.py:183} INFO - Processing /home/airflow/.local/lib/python3.12/site-packages/airflow/example_dags/tutorial_objectstorage.py took 0.068 seconds
[2025-10-15T17:21:48.654+0000] {processor.py:161} INFO - Started process (PID=299) to work on /home/airflow/.local/lib/python3.12/site-packages/airflow/example_dags/tutorial_objectstorage.py
[2025-10-15T17:21:48.654+0000] {processor.py:830} INFO - Processing file /home/airflow/.local/lib/python3.12/site-packages/airflow/example_dags/tutorial_objectstorage.py for tasks to queue
[2025-10-15T17:21:48.656+0000] {logging_mixin.py:188} INFO - [2025-10-15T17:21:48.655+0000] {dagbag.py:545} INFO - Filling up the DagBag from /home/airflow/.local/lib/python3.12/site-packages/airflow/example_dags/tutorial_objectstorage.py
[2025-10-15T17:21:48.661+0000] {processor.py:840} INFO - DAG(s) 'tutorial_objectstorage' retrieved from /home/airflow/.local/lib/python3.12/site-packages/airflow/example_dags/tutorial_objectstorage.py
[2025-10-15T17:21:48.678+0000] {logging_mixin.py:188} INFO - [2025-10-15T17:21:48.678+0000] {dag.py:3089} INFO - Sync 1 DAGs
[2025-10-15T17:21:48.689+0000] {logging_mixin.py:188} INFO - [2025-10-15T17:21:48.689+0000] {dag.py:3947} INFO - Setting next_dagrun for tutorial_objectstorage to None, run_after=None
[2025-10-15T17:21:48.700+0000] {processor.py:183} INFO - Processing /home/airflow/.local/lib/python3.12/site-packages/airflow/example_dags/tutorial_objectstorage.py took 0.050 seconds
[2025-10-15T17:22:18.748+0000] {processor.py:161} INFO - Started process (PID=357) to work on /home/airflow/.local/lib/python3.12/site-packages/airflow/example_dags/tutorial_objectstorage.py
[2025-10-15T17:22:18.748+0000] {processor.py:830} INFO - Processing file /home/airflow/.local/lib/python3.12/site-packages/airflow/example_dags/tutorial_objectstorage.py for tasks to queue
[2025-10-15T17:22:18.750+0000] {logging_mixin.py:188} INFO - [2025-10-15T17:22:18.749+0000] {dagbag.py:545} INFO - Filling up the DagBag from /home/airflow/.local/lib/python3.12/site-packages/airflow/example_dags/tutorial_objectstorage.py
[2025-10-15T17:22:18.755+0000] {processor.py:840} INFO - DAG(s) 'tutorial_objectstorage' retrieved from /home/airflow/.local/lib/python3.12/site-packages/airflow/example_dags/tutorial_objectstorage.py
[2025-10-15T17:22:18.773+0000] {logging_mixin.py:188} INFO - [2025-10-15T17:22:18.773+0000] {dag.py:3089} INFO - Sync 1 DAGs
[2025-10-15T17:22:18.782+0000] {logging_mixin.py:188} INFO - [2025-10-15T17:22:18.782+0000] {dag.py:3947} INFO - Setting next_dagrun for tutorial_objectstorage to None, run_after=None
[2025-10-15T17:22:18.802+0000] {processor.py:183} INFO - Processing /home/airflow/.local/lib/python3.12/site-packages/airflow/example_dags/tutorial_objectstorage.py took 0.060 seconds
[2025-10-15T17:22:48.894+0000] {processor.py:161} INFO - Started process (PID=415) to work on /home/airflow/.local/lib/python3.12/site-packages/airflow/example_dags/tutorial_objectstorage.py
[2025-10-15T17:22:48.895+0000] {processor.py:830} INFO - Processing file /home/airflow/.local/lib/python3.12/site-packages/airflow/example_dags/tutorial_objectstorage.py for tasks to queue
[2025-10-15T17:22:48.897+0000] {logging_mixin.py:188} INFO - [2025-10-15T17:22:48.896+0000] {dagbag.py:545} INFO - Filling up the DagBag from /home/airflow/.local/lib/python3.12/site-packages/airflow/example_dags/tutorial_objectstorage.py
[2025-10-15T17:22:48.906+0000] {processor.py:840} INFO - DAG(s) 'tutorial_objectstorage' retrieved from /home/airflow/.local/lib/python3.12/site-packages/airflow/example_dags/tutorial_objectstorage.py
[2025-10-15T17:22:48.921+0000] {logging_mixin.py:188} INFO - [2025-10-15T17:22:48.921+0000] {dag.py:3089} INFO - Sync 1 DAGs
[2025-10-15T17:22:48.931+0000] {logging_mixin.py:188} INFO - [2025-10-15T17:22:48.931+0000] {dag.py:3947} INFO - Setting next_dagrun for tutorial_objectstorage to None, run_after=None
[2025-10-15T17:22:48.945+0000] {processor.py:183} INFO - Processing /home/airflow/.local/lib/python3.12/site-packages/airflow/example_dags/tutorial_objectstorage.py took 0.056 seconds
[2025-10-15T17:23:19.065+0000] {processor.py:161} INFO - Started process (PID=473) to work on /home/airflow/.local/lib/python3.12/site-packages/airflow/example_dags/tutorial_objectstorage.py
[2025-10-15T17:23:19.068+0000] {processor.py:830} INFO - Processing file /home/airflow/.local/lib/python3.12/site-packages/airflow/example_dags/tutorial_objectstorage.py for tasks to queue
[2025-10-15T17:23:19.070+0000] {logging_mixin.py:188} INFO - [2025-10-15T17:23:19.070+0000] {dagbag.py:545} INFO - Filling up the DagBag from /home/airflow/.local/lib/python3.12/site-packages/airflow/example_dags/tutorial_objectstorage.py
[2025-10-15T17:23:19.077+0000] {processor.py:840} INFO - DAG(s) 'tutorial_objectstorage' retrieved from /home/airflow/.local/lib/python3.12/site-packages/airflow/example_dags/tutorial_objectstorage.py
[2025-10-15T17:23:19.094+0000] {logging_mixin.py:188} INFO - [2025-10-15T17:23:19.094+0000] {dag.py:3089} INFO - Sync 1 DAGs
[2025-10-15T17:23:19.103+0000] {logging_mixin.py:188} INFO - [2025-10-15T17:23:19.103+0000] {dag.py:3947} INFO - Setting next_dagrun for tutorial_objectstorage to None, run_after=None
[2025-10-15T17:23:19.118+0000] {processor.py:183} INFO - Processing /home/airflow/.local/lib/python3.12/site-packages/airflow/example_dags/tutorial_objectstorage.py took 0.058 seconds
[2025-10-15T17:23:49.402+0000] {processor.py:161} INFO - Started process (PID=531) to work on /home/airflow/.local/lib/python3.12/site-packages/airflow/example_dags/tutorial_objectstorage.py
[2025-10-15T17:23:49.403+0000] {processor.py:830} INFO - Processing file /home/airflow/.local/lib/python3.12/site-packages/airflow/example_dags/tutorial_objectstorage.py for tasks to queue
[2025-10-15T17:23:49.404+0000] {logging_mixin.py:188} INFO - [2025-10-15T17:23:49.404+0000] {dagbag.py:545} INFO - Filling up the DagBag from /home/airflow/.local/lib/python3.12/site-packages/airflow/example_dags/tutorial_objectstorage.py
[2025-10-15T17:23:49.410+0000] {processor.py:840} INFO - DAG(s) 'tutorial_objectstorage' retrieved from /home/airflow/.local/lib/python3.12/site-packages/airflow/example_dags/tutorial_objectstorage.py
[2025-10-15T17:23:49.428+0000] {logging_mixin.py:188} INFO - [2025-10-15T17:23:49.428+0000] {dag.py:3089} INFO - Sync 1 DAGs
[2025-10-15T17:23:49.437+0000] {logging_mixin.py:188} INFO - [2025-10-15T17:23:49.437+0000] {dag.py:3947} INFO - Setting next_dagrun for tutorial_objectstorage to None, run_after=None
[2025-10-15T17:23:49.457+0000] {processor.py:183} INFO - Processing /home/airflow/.local/lib/python3.12/site-packages/airflow/example_dags/tutorial_objectstorage.py took 0.060 seconds
[2025-10-15T17:24:20.128+0000] {processor.py:161} INFO - Started process (PID=589) to work on /home/airflow/.local/lib/python3.12/site-packages/airflow/example_dags/tutorial_objectstorage.py
[2025-10-15T17:24:20.128+0000] {processor.py:830} INFO - Processing file /home/airflow/.local/lib/python3.12/site-packages/airflow/example_dags/tutorial_objectstorage.py for tasks to queue
[2025-10-15T17:24:20.130+0000] {logging_mixin.py:188} INFO - [2025-10-15T17:24:20.130+0000] {dagbag.py:545} INFO - Filling up the DagBag from /home/airflow/.local/lib/python3.12/site-packages/airflow/example_dags/tutorial_objectstorage.py
[2025-10-15T17:24:20.138+0000] {processor.py:840} INFO - DAG(s) 'tutorial_objectstorage' retrieved from /home/airflow/.local/lib/python3.12/site-packages/airflow/example_dags/tutorial_objectstorage.py
[2025-10-15T17:24:20.159+0000] {logging_mixin.py:188} INFO - [2025-10-15T17:24:20.159+0000] {dag.py:3089} INFO - Sync 1 DAGs
[2025-10-15T17:24:20.168+0000] {logging_mixin.py:188} INFO - [2025-10-15T17:24:20.168+0000] {dag.py:3947} INFO - Setting next_dagrun for tutorial_objectstorage to None, run_after=None
[2025-10-15T17:24:20.183+0000] {processor.py:183} INFO - Processing /home/airflow/.local/lib/python3.12/site-packages/airflow/example_dags/tutorial_objectstorage.py took 0.061 seconds
