[2025-10-21T19:17:21.480+0000] {local_task_job_runner.py:120} INFO - ::group::Pre task execution logs
[2025-10-21T19:17:21.494+0000] {taskinstance.py:2076} INFO - Dependencies all met for dep_context=non-requeueable deps ti=<TaskInstance: game_sentiment_data_pipeline.dbt_run_top_selling_game_reviews_summary manual__2025-10-21T19:15:52.651602+00:00 [queued]>
[2025-10-21T19:17:21.498+0000] {taskinstance.py:2076} INFO - Dependencies all met for dep_context=requeueable deps ti=<TaskInstance: game_sentiment_data_pipeline.dbt_run_top_selling_game_reviews_summary manual__2025-10-21T19:15:52.651602+00:00 [queued]>
[2025-10-21T19:17:21.498+0000] {taskinstance.py:2306} INFO - Starting attempt 1 of 1
[2025-10-21T19:17:21.503+0000] {taskinstance.py:2330} INFO - Executing <Task(BashOperator): dbt_run_top_selling_game_reviews_summary> on 2025-10-21 19:15:52.651602+00:00
[2025-10-21T19:17:21.506+0000] {warnings.py:112} WARNING - /home/***/.local/lib/python3.12/site-packages/***/task/task_runner/standard_task_runner.py:62: DeprecationWarning: This process (pid=312) is multi-threaded, use of fork() may lead to deadlocks in the child.
  pid = os.fork()

[2025-10-21T19:17:21.507+0000] {standard_task_runner.py:64} INFO - Started process 313 to run task
[2025-10-21T19:17:21.508+0000] {standard_task_runner.py:90} INFO - Running: ['***', 'tasks', 'run', 'game_sentiment_data_pipeline', 'dbt_run_top_selling_game_reviews_summary', 'manual__2025-10-21T19:15:52.651602+00:00', '--job-id', '89', '--raw', '--subdir', 'DAGS_FOLDER/dag_pipeline.py', '--cfg-path', '/tmp/tmpowsuqpfp']
[2025-10-21T19:17:21.510+0000] {standard_task_runner.py:91} INFO - Job 89: Subtask dbt_run_top_selling_game_reviews_summary
[2025-10-21T19:17:21.544+0000] {task_command.py:426} INFO - Running <TaskInstance: game_sentiment_data_pipeline.dbt_run_top_selling_game_reviews_summary manual__2025-10-21T19:15:52.651602+00:00 [running]> on host 853ab210954c
[2025-10-21T19:17:21.585+0000] {taskinstance.py:2648} INFO - Exporting env vars: AIRFLOW_CTX_DAG_OWNER='***' AIRFLOW_CTX_DAG_ID='game_sentiment_data_pipeline' AIRFLOW_CTX_TASK_ID='dbt_run_top_selling_game_reviews_summary' AIRFLOW_CTX_EXECUTION_DATE='2025-10-21T19:15:52.651602+00:00' AIRFLOW_CTX_TRY_NUMBER='1' AIRFLOW_CTX_DAG_RUN_ID='manual__2025-10-21T19:15:52.651602+00:00'
[2025-10-21T19:17:21.586+0000] {taskinstance.py:430} INFO - ::endgroup::
[2025-10-21T19:17:21.593+0000] {subprocess.py:63} INFO - Tmp dir root location: /tmp
[2025-10-21T19:17:21.593+0000] {subprocess.py:75} INFO - Running command: ['/usr/bin/bash', '-c', 'cd /opt/***/silver_layer && /home/***/.local/bin/dbt run --select game_reviews_summary --full-refresh']
[2025-10-21T19:17:21.598+0000] {subprocess.py:86} INFO - Output:
[2025-10-21T19:17:23.021+0000] {subprocess.py:93} INFO - [0m19:17:23  Running with dbt=1.10.13
[2025-10-21T19:17:23.339+0000] {subprocess.py:93} INFO - [0m19:17:23  Registered adapter: athena=1.9.5
[2025-10-21T19:17:23.631+0000] {subprocess.py:93} INFO - [0m19:17:23  Found 3 models, 6 sources, 474 macros
[2025-10-21T19:17:23.632+0000] {subprocess.py:93} INFO - [0m19:17:23
[2025-10-21T19:17:23.633+0000] {subprocess.py:93} INFO - [0m19:17:23  Concurrency: 4 threads (target='dev')
[2025-10-21T19:17:23.633+0000] {subprocess.py:93} INFO - [0m19:17:23
[2025-10-21T19:17:24.544+0000] {subprocess.py:93} INFO - [0m19:17:24  1 of 1 START sql table model games_sentiment_analysis_silver.game_reviews_summary  [RUN]
[2025-10-21T19:17:32.054+0000] {subprocess.py:93} INFO - [0m19:17:32  1 of 1 OK created sql table model games_sentiment_analysis_silver.game_reviews_summary  [[32mOK 28[0m in 7.51s]
[2025-10-21T19:17:32.059+0000] {subprocess.py:93} INFO - [0m19:17:32
[2025-10-21T19:17:32.059+0000] {subprocess.py:93} INFO - [0m19:17:32  Finished running 1 table model in 0 hours 0 minutes and 8.43 seconds (8.43s).
[2025-10-21T19:17:32.078+0000] {subprocess.py:93} INFO - [0m19:17:32
[2025-10-21T19:17:32.079+0000] {subprocess.py:93} INFO - [0m19:17:32  [32mCompleted successfully[0m
[2025-10-21T19:17:32.079+0000] {subprocess.py:93} INFO - [0m19:17:32
[2025-10-21T19:17:32.079+0000] {subprocess.py:93} INFO - [0m19:17:32  Done. PASS=1 WARN=0 ERROR=0 SKIP=0 NO-OP=0 TOTAL=1
[2025-10-21T19:17:32.738+0000] {subprocess.py:97} INFO - Command exited with return code 0
[2025-10-21T19:17:32.739+0000] {taskinstance.py:441} INFO - ::group::Post task execution logs
[2025-10-21T19:17:32.755+0000] {taskinstance.py:1206} INFO - Marking task as SUCCESS. dag_id=game_sentiment_data_pipeline, task_id=dbt_run_top_selling_game_reviews_summary, run_id=manual__2025-10-21T19:15:52.651602+00:00, execution_date=20251021T191552, start_date=20251021T191721, end_date=20251021T191732
[2025-10-21T19:17:32.789+0000] {local_task_job_runner.py:243} INFO - Task exited with return code 0
[2025-10-21T19:17:32.800+0000] {taskinstance.py:3503} INFO - 1 downstream tasks scheduled from follow-on schedule check
[2025-10-21T19:17:32.801+0000] {local_task_job_runner.py:222} INFO - ::endgroup::
