[2025-10-15T19:02:03.420+0000] {local_task_job_runner.py:120} INFO - ::group::Pre task execution logs
[2025-10-15T19:02:03.433+0000] {taskinstance.py:2076} INFO - Dependencies all met for dep_context=non-requeueable deps ti=<TaskInstance: game_sentiment_data_pipeline.bronze_lambda_gm_ids manual__2025-10-15T19:01:23.792059+00:00 [queued]>
[2025-10-15T19:02:03.436+0000] {taskinstance.py:2076} INFO - Dependencies all met for dep_context=requeueable deps ti=<TaskInstance: game_sentiment_data_pipeline.bronze_lambda_gm_ids manual__2025-10-15T19:01:23.792059+00:00 [queued]>
[2025-10-15T19:02:03.436+0000] {taskinstance.py:2306} INFO - Starting attempt 1 of 1
[2025-10-15T19:02:03.441+0000] {taskinstance.py:2330} INFO - Executing <Task(PythonOperator): bronze_lambda_gm_ids> on 2025-10-15 19:01:23.792059+00:00
[2025-10-15T19:02:03.445+0000] {warnings.py:112} WARNING - /home/***/.local/lib/python3.12/site-packages/***/task/task_runner/standard_task_runner.py:62: DeprecationWarning: This process (pid=82) is multi-threaded, use of fork() may lead to deadlocks in the child.
  pid = os.fork()

[2025-10-15T19:02:03.446+0000] {standard_task_runner.py:64} INFO - Started process 83 to run task
[2025-10-15T19:02:03.446+0000] {standard_task_runner.py:90} INFO - Running: ['***', 'tasks', 'run', 'game_sentiment_data_pipeline', 'bronze_lambda_gm_ids', 'manual__2025-10-15T19:01:23.792059+00:00', '--job-id', '56', '--raw', '--subdir', 'DAGS_FOLDER/dag_pipeline.py', '--cfg-path', '/tmp/tmpfcwr0tyb']
[2025-10-15T19:02:03.447+0000] {standard_task_runner.py:91} INFO - Job 56: Subtask bronze_lambda_gm_ids
[2025-10-15T19:02:03.468+0000] {task_command.py:426} INFO - Running <TaskInstance: game_sentiment_data_pipeline.bronze_lambda_gm_ids manual__2025-10-15T19:01:23.792059+00:00 [running]> on host 131cf7884cee
[2025-10-15T19:02:03.507+0000] {taskinstance.py:2648} INFO - Exporting env vars: AIRFLOW_CTX_DAG_OWNER='***' AIRFLOW_CTX_DAG_ID='game_sentiment_data_pipeline' AIRFLOW_CTX_TASK_ID='bronze_lambda_gm_ids' AIRFLOW_CTX_EXECUTION_DATE='2025-10-15T19:01:23.792059+00:00' AIRFLOW_CTX_TRY_NUMBER='1' AIRFLOW_CTX_DAG_RUN_ID='manual__2025-10-15T19:01:23.792059+00:00'
[2025-10-15T19:02:03.507+0000] {taskinstance.py:430} INFO - ::endgroup::
[2025-10-15T19:02:03.515+0000] {logging_mixin.py:188} INFO - Invoking Lambda function: bronze_game_id_name_docker
[2025-10-15T19:02:08.423+0000] {logging_mixin.py:188} INFO - Lambda response: {'ResponseMetadata': {'RequestId': '5a6fa4dc-68f6-4edd-b585-3456252b92ce', 'HTTPStatusCode': 200, 'HTTPHeaders': {'date': 'Wed, 15 Oct 2025 19:02:08 GMT', 'content-type': 'application/json', 'content-length': '69', 'connection': 'keep-alive', 'x-amzn-requestid': '5a6fa4dc-68f6-4edd-b585-3456252b92ce', 'x-amzn-remapped-content-length': '0', 'x-amz-executed-version': '$LATEST', 'x-amzn-trace-id': 'Root=1-68efefab-082abc7a49fdb6102103e9f9;Parent=32f6f3ef5abd7793;Sampled=0;Lineage=1:ab20d15b:0'}, 'RetryAttempts': 0}, 'StatusCode': 200, 'ExecutedVersion': '$LATEST', 'Payload': <botocore.response.StreamingBody object at 0xffff844e2800>}
[2025-10-15T19:02:08.424+0000] {logging_mixin.py:188} INFO - Lambda output: {"status": "success", "app_id_s3": "s3://vgsa/bronze/app_id.parquet"}
[2025-10-15T19:02:08.424+0000] {python.py:237} INFO - Done. Returned value was: None
[2025-10-15T19:02:08.425+0000] {taskinstance.py:441} INFO - ::group::Post task execution logs
[2025-10-15T19:02:08.433+0000] {taskinstance.py:1206} INFO - Marking task as SUCCESS. dag_id=game_sentiment_data_pipeline, task_id=bronze_lambda_gm_ids, run_id=manual__2025-10-15T19:01:23.792059+00:00, execution_date=20251015T190123, start_date=20251015T190203, end_date=20251015T190208
[2025-10-15T19:02:08.446+0000] {local_task_job_runner.py:243} INFO - Task exited with return code 0
[2025-10-15T19:02:08.464+0000] {taskinstance.py:3503} INFO - 1 downstream tasks scheduled from follow-on schedule check
[2025-10-15T19:02:08.465+0000] {local_task_job_runner.py:222} INFO - ::endgroup::
