[2025-10-18T01:35:46.236+0000] {processor.py:161} INFO - Started process (PID=11350) to work on /opt/airflow/dags/dag_pipeline.py
[2025-10-18T01:35:46.237+0000] {processor.py:830} INFO - Processing file /opt/airflow/dags/dag_pipeline.py for tasks to queue
[2025-10-18T01:35:46.240+0000] {logging_mixin.py:188} INFO - [2025-10-18T01:35:46.239+0000] {dagbag.py:545} INFO - Filling up the DagBag from /opt/airflow/dags/dag_pipeline.py
[2025-10-18T01:35:46.334+0000] {logging_mixin.py:188} INFO - [2025-10-18T01:35:46.334+0000] {base.py:84} INFO - Using connection ID 'aws_default' for task execution.
[2025-10-18T01:35:46.407+0000] {processor.py:840} INFO - DAG(s) 'game_sentiment_data_pipeline' retrieved from /opt/airflow/dags/dag_pipeline.py
[2025-10-18T01:35:46.425+0000] {logging_mixin.py:188} INFO - [2025-10-18T01:35:46.425+0000] {dag.py:3089} INFO - Sync 1 DAGs
[2025-10-18T01:35:46.440+0000] {logging_mixin.py:188} INFO - [2025-10-18T01:35:46.440+0000] {dag.py:3947} INFO - Setting next_dagrun for game_sentiment_data_pipeline to 2025-11-01 00:00:00+00:00, run_after=2025-12-01 00:00:00+00:00
[2025-10-18T01:35:46.450+0000] {processor.py:183} INFO - Processing /opt/airflow/dags/dag_pipeline.py took 0.221 seconds
[2025-10-18T05:52:47.230+0000] {processor.py:161} INFO - Started process (PID=11357) to work on /opt/airflow/dags/dag_pipeline.py
[2025-10-18T05:52:47.230+0000] {processor.py:830} INFO - Processing file /opt/airflow/dags/dag_pipeline.py for tasks to queue
[2025-10-18T05:52:47.233+0000] {logging_mixin.py:188} INFO - [2025-10-18T05:52:47.232+0000] {dagbag.py:545} INFO - Filling up the DagBag from /opt/airflow/dags/dag_pipeline.py
[2025-10-18T05:52:47.335+0000] {logging_mixin.py:188} INFO - [2025-10-18T05:52:47.335+0000] {base.py:84} INFO - Using connection ID 'aws_default' for task execution.
[2025-10-18T05:52:47.406+0000] {processor.py:840} INFO - DAG(s) 'game_sentiment_data_pipeline' retrieved from /opt/airflow/dags/dag_pipeline.py
[2025-10-18T05:52:47.422+0000] {logging_mixin.py:188} INFO - [2025-10-18T05:52:47.422+0000] {dag.py:3089} INFO - Sync 1 DAGs
[2025-10-18T05:52:47.443+0000] {logging_mixin.py:188} INFO - [2025-10-18T05:52:47.442+0000] {dag.py:3947} INFO - Setting next_dagrun for game_sentiment_data_pipeline to 2025-11-01 00:00:00+00:00, run_after=2025-12-01 00:00:00+00:00
[2025-10-18T05:52:47.471+0000] {processor.py:183} INFO - Processing /opt/airflow/dags/dag_pipeline.py took 0.247 seconds
[2025-10-18T08:55:46.998+0000] {processor.py:161} INFO - Started process (PID=11364) to work on /opt/airflow/dags/dag_pipeline.py
[2025-10-18T08:55:46.999+0000] {processor.py:830} INFO - Processing file /opt/airflow/dags/dag_pipeline.py for tasks to queue
[2025-10-18T08:55:47.001+0000] {logging_mixin.py:188} INFO - [2025-10-18T08:55:47.000+0000] {dagbag.py:545} INFO - Filling up the DagBag from /opt/airflow/dags/dag_pipeline.py
[2025-10-18T08:55:47.078+0000] {logging_mixin.py:188} INFO - [2025-10-18T08:55:47.078+0000] {base.py:84} INFO - Using connection ID 'aws_default' for task execution.
[2025-10-18T08:55:47.131+0000] {processor.py:840} INFO - DAG(s) 'game_sentiment_data_pipeline' retrieved from /opt/airflow/dags/dag_pipeline.py
[2025-10-18T08:55:47.144+0000] {logging_mixin.py:188} INFO - [2025-10-18T08:55:47.144+0000] {dag.py:3089} INFO - Sync 1 DAGs
[2025-10-18T08:55:47.160+0000] {logging_mixin.py:188} INFO - [2025-10-18T08:55:47.160+0000] {dag.py:3947} INFO - Setting next_dagrun for game_sentiment_data_pipeline to 2025-11-01 00:00:00+00:00, run_after=2025-12-01 00:00:00+00:00
[2025-10-18T08:55:47.169+0000] {processor.py:183} INFO - Processing /opt/airflow/dags/dag_pipeline.py took 0.175 seconds
[2025-10-18T12:16:08.856+0000] {processor.py:161} INFO - Started process (PID=11371) to work on /opt/airflow/dags/dag_pipeline.py
[2025-10-18T12:16:08.857+0000] {processor.py:830} INFO - Processing file /opt/airflow/dags/dag_pipeline.py for tasks to queue
[2025-10-18T12:16:08.860+0000] {logging_mixin.py:188} INFO - [2025-10-18T12:16:08.859+0000] {dagbag.py:545} INFO - Filling up the DagBag from /opt/airflow/dags/dag_pipeline.py
[2025-10-18T12:16:08.943+0000] {logging_mixin.py:188} INFO - [2025-10-18T12:16:08.942+0000] {base.py:84} INFO - Using connection ID 'aws_default' for task execution.
[2025-10-18T12:16:09.011+0000] {processor.py:840} INFO - DAG(s) 'game_sentiment_data_pipeline' retrieved from /opt/airflow/dags/dag_pipeline.py
[2025-10-18T12:16:09.027+0000] {logging_mixin.py:188} INFO - [2025-10-18T12:16:09.027+0000] {dag.py:3089} INFO - Sync 1 DAGs
[2025-10-18T12:16:09.048+0000] {logging_mixin.py:188} INFO - [2025-10-18T12:16:09.048+0000] {dag.py:3947} INFO - Setting next_dagrun for game_sentiment_data_pipeline to 2025-11-01 00:00:00+00:00, run_after=2025-12-01 00:00:00+00:00
[2025-10-18T12:16:09.060+0000] {processor.py:183} INFO - Processing /opt/airflow/dags/dag_pipeline.py took 0.212 seconds
[2025-10-18T14:35:49.411+0000] {processor.py:161} INFO - Started process (PID=11378) to work on /opt/airflow/dags/dag_pipeline.py
[2025-10-18T14:35:49.412+0000] {processor.py:830} INFO - Processing file /opt/airflow/dags/dag_pipeline.py for tasks to queue
[2025-10-18T14:35:49.415+0000] {logging_mixin.py:188} INFO - [2025-10-18T14:35:49.415+0000] {dagbag.py:545} INFO - Filling up the DagBag from /opt/airflow/dags/dag_pipeline.py
[2025-10-18T14:35:49.505+0000] {logging_mixin.py:188} INFO - [2025-10-18T14:35:49.505+0000] {base.py:84} INFO - Using connection ID 'aws_default' for task execution.
[2025-10-18T14:35:49.570+0000] {processor.py:840} INFO - DAG(s) 'game_sentiment_data_pipeline' retrieved from /opt/airflow/dags/dag_pipeline.py
[2025-10-18T14:35:49.587+0000] {logging_mixin.py:188} INFO - [2025-10-18T14:35:49.587+0000] {dag.py:3089} INFO - Sync 1 DAGs
[2025-10-18T14:35:49.601+0000] {logging_mixin.py:188} INFO - [2025-10-18T14:35:49.601+0000] {dag.py:3947} INFO - Setting next_dagrun for game_sentiment_data_pipeline to 2025-11-01 00:00:00+00:00, run_after=2025-12-01 00:00:00+00:00
[2025-10-18T14:35:49.611+0000] {processor.py:183} INFO - Processing /opt/airflow/dags/dag_pipeline.py took 0.207 seconds
[2025-10-18T17:19:08.344+0000] {processor.py:161} INFO - Started process (PID=11385) to work on /opt/airflow/dags/dag_pipeline.py
[2025-10-18T17:19:08.346+0000] {processor.py:830} INFO - Processing file /opt/airflow/dags/dag_pipeline.py for tasks to queue
[2025-10-18T17:19:08.349+0000] {logging_mixin.py:188} INFO - [2025-10-18T17:19:08.348+0000] {dagbag.py:545} INFO - Filling up the DagBag from /opt/airflow/dags/dag_pipeline.py
[2025-10-18T17:19:08.457+0000] {logging_mixin.py:188} INFO - [2025-10-18T17:19:08.457+0000] {base.py:84} INFO - Using connection ID 'aws_default' for task execution.
[2025-10-18T17:19:08.558+0000] {processor.py:840} INFO - DAG(s) 'game_sentiment_data_pipeline' retrieved from /opt/airflow/dags/dag_pipeline.py
[2025-10-18T17:19:08.580+0000] {logging_mixin.py:188} INFO - [2025-10-18T17:19:08.580+0000] {dag.py:3089} INFO - Sync 1 DAGs
[2025-10-18T17:19:08.601+0000] {logging_mixin.py:188} INFO - [2025-10-18T17:19:08.601+0000] {dag.py:3947} INFO - Setting next_dagrun for game_sentiment_data_pipeline to 2025-11-01 00:00:00+00:00, run_after=2025-12-01 00:00:00+00:00
[2025-10-18T17:19:08.613+0000] {processor.py:183} INFO - Processing /opt/airflow/dags/dag_pipeline.py took 0.275 seconds
[2025-10-18T20:06:48.563+0000] {processor.py:161} INFO - Started process (PID=11392) to work on /opt/airflow/dags/dag_pipeline.py
[2025-10-18T20:06:48.564+0000] {processor.py:830} INFO - Processing file /opt/airflow/dags/dag_pipeline.py for tasks to queue
[2025-10-18T20:06:48.567+0000] {logging_mixin.py:188} INFO - [2025-10-18T20:06:48.566+0000] {dagbag.py:545} INFO - Filling up the DagBag from /opt/airflow/dags/dag_pipeline.py
[2025-10-18T20:06:48.676+0000] {logging_mixin.py:188} INFO - [2025-10-18T20:06:48.676+0000] {base.py:84} INFO - Using connection ID 'aws_default' for task execution.
[2025-10-18T20:06:48.794+0000] {processor.py:840} INFO - DAG(s) 'game_sentiment_data_pipeline' retrieved from /opt/airflow/dags/dag_pipeline.py
[2025-10-18T20:06:48.825+0000] {logging_mixin.py:188} INFO - [2025-10-18T20:06:48.825+0000] {dag.py:3089} INFO - Sync 1 DAGs
[2025-10-18T20:06:48.857+0000] {logging_mixin.py:188} INFO - [2025-10-18T20:06:48.857+0000] {dag.py:3947} INFO - Setting next_dagrun for game_sentiment_data_pipeline to 2025-11-01 00:00:00+00:00, run_after=2025-12-01 00:00:00+00:00
[2025-10-18T20:06:48.868+0000] {processor.py:183} INFO - Processing /opt/airflow/dags/dag_pipeline.py took 0.315 seconds
[2025-10-18T23:59:54.477+0000] {processor.py:161} INFO - Started process (PID=11399) to work on /opt/airflow/dags/dag_pipeline.py
[2025-10-18T23:59:54.478+0000] {processor.py:830} INFO - Processing file /opt/airflow/dags/dag_pipeline.py for tasks to queue
[2025-10-18T23:59:54.481+0000] {logging_mixin.py:188} INFO - [2025-10-18T23:59:54.481+0000] {dagbag.py:545} INFO - Filling up the DagBag from /opt/airflow/dags/dag_pipeline.py
[2025-10-18T23:59:54.586+0000] {logging_mixin.py:188} INFO - [2025-10-18T23:59:54.585+0000] {base.py:84} INFO - Using connection ID 'aws_default' for task execution.
[2025-10-18T23:59:54.675+0000] {processor.py:840} INFO - DAG(s) 'game_sentiment_data_pipeline' retrieved from /opt/airflow/dags/dag_pipeline.py
[2025-10-18T23:59:54.694+0000] {logging_mixin.py:188} INFO - [2025-10-18T23:59:54.694+0000] {dag.py:3089} INFO - Sync 1 DAGs
[2025-10-18T23:59:54.726+0000] {logging_mixin.py:188} INFO - [2025-10-18T23:59:54.725+0000] {dag.py:3947} INFO - Setting next_dagrun for game_sentiment_data_pipeline to 2025-11-01 00:00:00+00:00, run_after=2025-12-01 00:00:00+00:00
[2025-10-18T23:59:54.740+0000] {processor.py:183} INFO - Processing /opt/airflow/dags/dag_pipeline.py took 0.272 seconds
