[2025-10-21T19:58:46.522+0000] {local_task_job_runner.py:120} INFO - ::group::Pre task execution logs
[2025-10-21T19:58:46.532+0000] {taskinstance.py:2076} INFO - Dependencies all met for dep_context=non-requeueable deps ti=<TaskInstance: game_sentiment_data_pipeline.DT manual__2025-10-21T19:56:45.517434+00:00 [queued]>
[2025-10-21T19:58:46.535+0000] {taskinstance.py:2076} INFO - Dependencies all met for dep_context=requeueable deps ti=<TaskInstance: game_sentiment_data_pipeline.DT manual__2025-10-21T19:56:45.517434+00:00 [queued]>
[2025-10-21T19:58:46.536+0000] {taskinstance.py:2306} INFO - Starting attempt 1 of 1
[2025-10-21T19:58:46.540+0000] {taskinstance.py:2330} INFO - Executing <Task(PythonOperator): DT> on 2025-10-21 19:56:45.517434+00:00
[2025-10-21T19:58:46.542+0000] {warnings.py:112} WARNING - /home/***/.local/lib/python3.12/site-packages/***/task/task_runner/standard_task_runner.py:62: DeprecationWarning: This process (pid=999) is multi-threaded, use of fork() may lead to deadlocks in the child.
  pid = os.fork()

[2025-10-21T19:58:46.543+0000] {standard_task_runner.py:64} INFO - Started process 1000 to run task
[2025-10-21T19:58:46.543+0000] {standard_task_runner.py:90} INFO - Running: ['***', 'tasks', 'run', 'game_sentiment_data_pipeline', 'DT', 'manual__2025-10-21T19:56:45.517434+00:00', '--job-id', '105', '--raw', '--subdir', 'DAGS_FOLDER/dag_pipeline.py', '--cfg-path', '/tmp/tmplgwsr1n3']
[2025-10-21T19:58:46.544+0000] {standard_task_runner.py:91} INFO - Job 105: Subtask DT
[2025-10-21T19:58:46.562+0000] {task_command.py:426} INFO - Running <TaskInstance: game_sentiment_data_pipeline.DT manual__2025-10-21T19:56:45.517434+00:00 [running]> on host 853ab210954c
[2025-10-21T19:58:46.590+0000] {taskinstance.py:2648} INFO - Exporting env vars: AIRFLOW_CTX_DAG_OWNER='***' AIRFLOW_CTX_DAG_ID='game_sentiment_data_pipeline' AIRFLOW_CTX_TASK_ID='DT' AIRFLOW_CTX_EXECUTION_DATE='2025-10-21T19:56:45.517434+00:00' AIRFLOW_CTX_TRY_NUMBER='1' AIRFLOW_CTX_DAG_RUN_ID='manual__2025-10-21T19:56:45.517434+00:00'
[2025-10-21T19:58:46.591+0000] {taskinstance.py:430} INFO - ::endgroup::
[2025-10-21T19:58:46.597+0000] {logging_mixin.py:188} INFO - Invoking Lambda function: DataTransfer
[2025-10-21T19:59:11.042+0000] {logging_mixin.py:188} INFO - Lambda response: {'ResponseMetadata': {'RequestId': 'dbb510e4-5dcb-4994-8023-b50bfa86ff29', 'HTTPStatusCode': 200, 'HTTPHeaders': {'date': 'Tue, 21 Oct 2025 19:59:10 GMT', 'content-type': 'application/json', 'content-length': '67', 'connection': 'keep-alive', 'x-amzn-requestid': 'dbb510e4-5dcb-4994-8023-b50bfa86ff29', 'x-amzn-remapped-content-length': '0', 'x-amz-executed-version': '$LATEST', 'x-amzn-trace-id': 'Root=1-68f7e5f6-07088516369834271578ad29;Parent=4f51d723be040a7e;Sampled=0;Lineage=1:6ca1d8aa:0'}, 'RetryAttempts': 0}, 'StatusCode': 200, 'ExecutedVersion': '$LATEST', 'Payload': <botocore.response.StreamingBody object at 0xffff9e358c10>}
[2025-10-21T19:59:11.044+0000] {logging_mixin.py:188} INFO - Lambda output: {"statusCode": 200, "body": "Uploaded from bucket to google sheet"}
[2025-10-21T19:59:11.044+0000] {python.py:237} INFO - Done. Returned value was: None
[2025-10-21T19:59:11.046+0000] {taskinstance.py:441} INFO - ::group::Post task execution logs
[2025-10-21T19:59:11.056+0000] {taskinstance.py:1206} INFO - Marking task as SUCCESS. dag_id=game_sentiment_data_pipeline, task_id=DT, run_id=manual__2025-10-21T19:56:45.517434+00:00, execution_date=20251021T195645, start_date=20251021T195846, end_date=20251021T195911
[2025-10-21T19:59:11.071+0000] {local_task_job_runner.py:243} INFO - Task exited with return code 0
[2025-10-21T19:59:11.080+0000] {taskinstance.py:3503} INFO - 0 downstream tasks scheduled from follow-on schedule check
[2025-10-21T19:59:11.081+0000] {local_task_job_runner.py:222} INFO - ::endgroup::
