[2025-10-15T18:23:11.846+0000] {local_task_job_runner.py:120} INFO - ::group::Pre task execution logs
[2025-10-15T18:23:11.856+0000] {taskinstance.py:2076} INFO - Dependencies all met for dep_context=non-requeueable deps ti=<TaskInstance: game_sentiment_data_pipeline.bronze_lambda_gm_ids manual__2025-10-15T18:22:23.495111+00:00 [queued]>
[2025-10-15T18:23:11.859+0000] {taskinstance.py:2076} INFO - Dependencies all met for dep_context=requeueable deps ti=<TaskInstance: game_sentiment_data_pipeline.bronze_lambda_gm_ids manual__2025-10-15T18:22:23.495111+00:00 [queued]>
[2025-10-15T18:23:11.859+0000] {taskinstance.py:2306} INFO - Starting attempt 1 of 1
[2025-10-15T18:23:11.863+0000] {taskinstance.py:2330} INFO - Executing <Task(PythonOperator): bronze_lambda_gm_ids> on 2025-10-15 18:22:23.495111+00:00
[2025-10-15T18:23:11.865+0000] {warnings.py:112} WARNING - /home/***/.local/lib/python3.12/site-packages/***/task/task_runner/standard_task_runner.py:62: DeprecationWarning: This process (pid=115) is multi-threaded, use of fork() may lead to deadlocks in the child.
  pid = os.fork()

[2025-10-15T18:23:11.866+0000] {standard_task_runner.py:64} INFO - Started process 116 to run task
[2025-10-15T18:23:11.866+0000] {standard_task_runner.py:90} INFO - Running: ['***', 'tasks', 'run', 'game_sentiment_data_pipeline', 'bronze_lambda_gm_ids', 'manual__2025-10-15T18:22:23.495111+00:00', '--job-id', '38', '--raw', '--subdir', 'DAGS_FOLDER/dag_pipeline.py', '--cfg-path', '/tmp/tmpto4odmge']
[2025-10-15T18:23:11.866+0000] {standard_task_runner.py:91} INFO - Job 38: Subtask bronze_lambda_gm_ids
[2025-10-15T18:23:11.882+0000] {task_command.py:426} INFO - Running <TaskInstance: game_sentiment_data_pipeline.bronze_lambda_gm_ids manual__2025-10-15T18:22:23.495111+00:00 [running]> on host f112805b6f25
[2025-10-15T18:23:11.912+0000] {taskinstance.py:2648} INFO - Exporting env vars: AIRFLOW_CTX_DAG_OWNER='***' AIRFLOW_CTX_DAG_ID='game_sentiment_data_pipeline' AIRFLOW_CTX_TASK_ID='bronze_lambda_gm_ids' AIRFLOW_CTX_EXECUTION_DATE='2025-10-15T18:22:23.495111+00:00' AIRFLOW_CTX_TRY_NUMBER='1' AIRFLOW_CTX_DAG_RUN_ID='manual__2025-10-15T18:22:23.495111+00:00'
[2025-10-15T18:23:11.913+0000] {taskinstance.py:430} INFO - ::endgroup::
[2025-10-15T18:23:11.918+0000] {logging_mixin.py:188} INFO - Invoking Lambda function: bronze_game_id_name_docker
[2025-10-15T18:23:19.062+0000] {logging_mixin.py:188} INFO - Lambda response: {'ResponseMetadata': {'RequestId': 'd4005989-7cb3-4e55-aa9e-7fe7b426d0d7', 'HTTPStatusCode': 200, 'HTTPHeaders': {'date': 'Wed, 15 Oct 2025 18:23:19 GMT', 'content-type': 'application/json', 'content-length': '69', 'connection': 'keep-alive', 'x-amzn-requestid': 'd4005989-7cb3-4e55-aa9e-7fe7b426d0d7', 'x-amzn-remapped-content-length': '0', 'x-amz-executed-version': '$LATEST', 'x-amzn-trace-id': 'Root=1-68efe68f-1a9dad35030d835d10acfab5;Parent=2c63030a8fc26ab6;Sampled=0;Lineage=1:ab20d15b:0'}, 'RetryAttempts': 0}, 'StatusCode': 200, 'ExecutedVersion': '$LATEST', 'Payload': <botocore.response.StreamingBody object at 0xffff9e0311e0>}
[2025-10-15T18:23:19.063+0000] {logging_mixin.py:188} INFO - Lambda output: {"status": "success", "app_id_s3": "s3://vgsa/bronze/app_id.parquet"}
[2025-10-15T18:23:19.063+0000] {python.py:237} INFO - Done. Returned value was: None
[2025-10-15T18:23:19.063+0000] {taskinstance.py:441} INFO - ::group::Post task execution logs
[2025-10-15T18:23:19.069+0000] {taskinstance.py:1206} INFO - Marking task as SUCCESS. dag_id=game_sentiment_data_pipeline, task_id=bronze_lambda_gm_ids, run_id=manual__2025-10-15T18:22:23.495111+00:00, execution_date=20251015T182223, start_date=20251015T182311, end_date=20251015T182319
[2025-10-15T18:23:19.079+0000] {local_task_job_runner.py:243} INFO - Task exited with return code 0
[2025-10-15T18:23:19.094+0000] {taskinstance.py:3503} INFO - 1 downstream tasks scheduled from follow-on schedule check
[2025-10-15T18:23:19.094+0000] {local_task_job_runner.py:222} INFO - ::endgroup::
