[2025-10-21T20:20:09.131+0000] {local_task_job_runner.py:120} INFO - ::group::Pre task execution logs
[2025-10-21T20:20:09.145+0000] {taskinstance.py:2076} INFO - Dependencies all met for dep_context=non-requeueable deps ti=<TaskInstance: game_sentiment_data_pipeline.DT manual__2025-10-21T20:18:07.360226+00:00 [queued]>
[2025-10-21T20:20:09.149+0000] {taskinstance.py:2076} INFO - Dependencies all met for dep_context=requeueable deps ti=<TaskInstance: game_sentiment_data_pipeline.DT manual__2025-10-21T20:18:07.360226+00:00 [queued]>
[2025-10-21T20:20:09.149+0000] {taskinstance.py:2306} INFO - Starting attempt 1 of 1
[2025-10-21T20:20:09.154+0000] {taskinstance.py:2330} INFO - Executing <Task(PythonOperator): DT> on 2025-10-21 20:18:07.360226+00:00
[2025-10-21T20:20:09.157+0000] {warnings.py:112} WARNING - /home/***/.local/lib/python3.12/site-packages/***/task/task_runner/standard_task_runner.py:62: DeprecationWarning: This process (pid=148) is multi-threaded, use of fork() may lead to deadlocks in the child.
  pid = os.fork()

[2025-10-21T20:20:09.158+0000] {standard_task_runner.py:64} INFO - Started process 149 to run task
[2025-10-21T20:20:09.158+0000] {standard_task_runner.py:90} INFO - Running: ['***', 'tasks', 'run', 'game_sentiment_data_pipeline', 'DT', 'manual__2025-10-21T20:18:07.360226+00:00', '--job-id', '114', '--raw', '--subdir', 'DAGS_FOLDER/dag_pipeline.py', '--cfg-path', '/tmp/tmpywzychya']
[2025-10-21T20:20:09.159+0000] {standard_task_runner.py:91} INFO - Job 114: Subtask DT
[2025-10-21T20:20:09.181+0000] {task_command.py:426} INFO - Running <TaskInstance: game_sentiment_data_pipeline.DT manual__2025-10-21T20:18:07.360226+00:00 [running]> on host 28d5cd50147a
[2025-10-21T20:20:09.226+0000] {taskinstance.py:2648} INFO - Exporting env vars: AIRFLOW_CTX_DAG_OWNER='***' AIRFLOW_CTX_DAG_ID='game_sentiment_data_pipeline' AIRFLOW_CTX_TASK_ID='DT' AIRFLOW_CTX_EXECUTION_DATE='2025-10-21T20:18:07.360226+00:00' AIRFLOW_CTX_TRY_NUMBER='1' AIRFLOW_CTX_DAG_RUN_ID='manual__2025-10-21T20:18:07.360226+00:00'
[2025-10-21T20:20:09.227+0000] {taskinstance.py:430} INFO - ::endgroup::
[2025-10-21T20:20:09.235+0000] {logging_mixin.py:188} INFO - Invoking Lambda function: DataTransfer
[2025-10-21T20:20:34.333+0000] {logging_mixin.py:188} INFO - Lambda response: {'ResponseMetadata': {'RequestId': '1e3b720b-381b-4558-b098-1bc171d9853c', 'HTTPStatusCode': 200, 'HTTPHeaders': {'date': 'Tue, 21 Oct 2025 20:20:34 GMT', 'content-type': 'application/json', 'content-length': '67', 'connection': 'keep-alive', 'x-amzn-requestid': '1e3b720b-381b-4558-b098-1bc171d9853c', 'x-amzn-remapped-content-length': '0', 'x-amz-executed-version': '$LATEST', 'x-amzn-trace-id': 'Root=1-68f7eaf9-70059ee253c3f11f3e7fb538;Parent=145d863b9fd1b189;Sampled=0;Lineage=1:6ca1d8aa:0'}, 'RetryAttempts': 0}, 'StatusCode': 200, 'ExecutedVersion': '$LATEST', 'Payload': <botocore.response.StreamingBody object at 0xffff7256a0e0>}
[2025-10-21T20:20:34.339+0000] {logging_mixin.py:188} INFO - Lambda output: {"statusCode": 200, "body": "Uploaded from bucket to google sheet"}
[2025-10-21T20:20:34.340+0000] {python.py:237} INFO - Done. Returned value was: None
[2025-10-21T20:20:34.341+0000] {taskinstance.py:441} INFO - ::group::Post task execution logs
[2025-10-21T20:20:34.379+0000] {taskinstance.py:1206} INFO - Marking task as SUCCESS. dag_id=game_sentiment_data_pipeline, task_id=DT, run_id=manual__2025-10-21T20:18:07.360226+00:00, execution_date=20251021T201807, start_date=20251021T202009, end_date=20251021T202034
[2025-10-21T20:20:34.441+0000] {local_task_job_runner.py:243} INFO - Task exited with return code 0
[2025-10-21T20:20:34.453+0000] {taskinstance.py:3503} INFO - 0 downstream tasks scheduled from follow-on schedule check
[2025-10-21T20:20:34.454+0000] {local_task_job_runner.py:222} INFO - ::endgroup::
