[2025-10-15T18:58:54.948+0000] {local_task_job_runner.py:120} INFO - ::group::Pre task execution logs
[2025-10-15T18:58:54.963+0000] {taskinstance.py:2076} INFO - Dependencies all met for dep_context=non-requeueable deps ti=<TaskInstance: game_sentiment_data_pipeline.bronze_lambda_gm_ids manual__2025-10-15T18:58:03.939062+00:00 [queued]>
[2025-10-15T18:58:54.967+0000] {taskinstance.py:2076} INFO - Dependencies all met for dep_context=requeueable deps ti=<TaskInstance: game_sentiment_data_pipeline.bronze_lambda_gm_ids manual__2025-10-15T18:58:03.939062+00:00 [queued]>
[2025-10-15T18:58:54.967+0000] {taskinstance.py:2306} INFO - Starting attempt 1 of 1
[2025-10-15T18:58:54.973+0000] {taskinstance.py:2330} INFO - Executing <Task(PythonOperator): bronze_lambda_gm_ids> on 2025-10-15 18:58:03.939062+00:00
[2025-10-15T18:58:54.977+0000] {standard_task_runner.py:90} INFO - Running: ['***', 'tasks', 'run', 'game_sentiment_data_pipeline', 'bronze_lambda_gm_ids', 'manual__2025-10-15T18:58:03.939062+00:00', '--job-id', '51', '--raw', '--subdir', 'DAGS_FOLDER/dag_pipeline.py', '--cfg-path', '/tmp/tmpcplr5e2i']
[2025-10-15T18:58:54.977+0000] {warnings.py:112} WARNING - /home/***/.local/lib/python3.12/site-packages/***/task/task_runner/standard_task_runner.py:62: DeprecationWarning: This process (pid=203) is multi-threaded, use of fork() may lead to deadlocks in the child.
  pid = os.fork()

[2025-10-15T18:58:54.978+0000] {standard_task_runner.py:91} INFO - Job 51: Subtask bronze_lambda_gm_ids
[2025-10-15T18:58:54.978+0000] {standard_task_runner.py:64} INFO - Started process 204 to run task
[2025-10-15T18:58:55.007+0000] {task_command.py:426} INFO - Running <TaskInstance: game_sentiment_data_pipeline.bronze_lambda_gm_ids manual__2025-10-15T18:58:03.939062+00:00 [running]> on host 9c9293c52211
[2025-10-15T18:58:55.049+0000] {taskinstance.py:2648} INFO - Exporting env vars: AIRFLOW_CTX_DAG_OWNER='***' AIRFLOW_CTX_DAG_ID='game_sentiment_data_pipeline' AIRFLOW_CTX_TASK_ID='bronze_lambda_gm_ids' AIRFLOW_CTX_EXECUTION_DATE='2025-10-15T18:58:03.939062+00:00' AIRFLOW_CTX_TRY_NUMBER='1' AIRFLOW_CTX_DAG_RUN_ID='manual__2025-10-15T18:58:03.939062+00:00'
[2025-10-15T18:58:55.049+0000] {taskinstance.py:430} INFO - ::endgroup::
[2025-10-15T18:58:55.064+0000] {logging_mixin.py:188} INFO - Invoking Lambda function: bronze_game_id_name_docker
[2025-10-15T18:59:02.260+0000] {logging_mixin.py:188} INFO - Lambda response: {'ResponseMetadata': {'RequestId': 'a70151e7-83a9-4ea5-8b88-6182a9ad799c', 'HTTPStatusCode': 200, 'HTTPHeaders': {'date': 'Wed, 15 Oct 2025 18:59:02 GMT', 'content-type': 'application/json', 'content-length': '69', 'connection': 'keep-alive', 'x-amzn-requestid': 'a70151e7-83a9-4ea5-8b88-6182a9ad799c', 'x-amzn-remapped-content-length': '0', 'x-amz-executed-version': '$LATEST', 'x-amzn-trace-id': 'Root=1-68efeeef-3784910d31331b8216162d21;Parent=7678a8e2abb95858;Sampled=0;Lineage=1:ab20d15b:0'}, 'RetryAttempts': 0}, 'StatusCode': 200, 'ExecutedVersion': '$LATEST', 'Payload': <botocore.response.StreamingBody object at 0xffffaaa2cdc0>}
[2025-10-15T18:59:02.261+0000] {logging_mixin.py:188} INFO - Lambda output: {"status": "success", "app_id_s3": "s3://vgsa/bronze/app_id.parquet"}
[2025-10-15T18:59:02.261+0000] {python.py:237} INFO - Done. Returned value was: None
[2025-10-15T18:59:02.262+0000] {taskinstance.py:441} INFO - ::group::Post task execution logs
[2025-10-15T18:59:02.273+0000] {taskinstance.py:1206} INFO - Marking task as SUCCESS. dag_id=game_sentiment_data_pipeline, task_id=bronze_lambda_gm_ids, run_id=manual__2025-10-15T18:58:03.939062+00:00, execution_date=20251015T185803, start_date=20251015T185854, end_date=20251015T185902
[2025-10-15T18:59:02.307+0000] {local_task_job_runner.py:243} INFO - Task exited with return code 0
[2025-10-15T18:59:02.317+0000] {taskinstance.py:3503} INFO - 1 downstream tasks scheduled from follow-on schedule check
[2025-10-15T18:59:02.318+0000] {local_task_job_runner.py:222} INFO - ::endgroup::
