[2025-10-21T19:20:44.326+0000] {local_task_job_runner.py:120} INFO - ::group::Pre task execution logs
[2025-10-21T19:20:44.336+0000] {taskinstance.py:2076} INFO - Dependencies all met for dep_context=non-requeueable deps ti=<TaskInstance: game_sentiment_data_pipeline.dbt_top_selling_games_id manual__2025-10-21T19:19:47.378874+00:00 [queued]>
[2025-10-21T19:20:44.339+0000] {taskinstance.py:2076} INFO - Dependencies all met for dep_context=requeueable deps ti=<TaskInstance: game_sentiment_data_pipeline.dbt_top_selling_games_id manual__2025-10-21T19:19:47.378874+00:00 [queued]>
[2025-10-21T19:20:44.340+0000] {taskinstance.py:2306} INFO - Starting attempt 1 of 1
[2025-10-21T19:20:44.344+0000] {taskinstance.py:2330} INFO - Executing <Task(BashOperator): dbt_top_selling_games_id> on 2025-10-21 19:19:47.378874+00:00
[2025-10-21T19:20:44.347+0000] {warnings.py:112} WARNING - /home/***/.local/lib/python3.12/site-packages/***/task/task_runner/standard_task_runner.py:62: DeprecationWarning: This process (pid=387) is multi-threaded, use of fork() may lead to deadlocks in the child.
  pid = os.fork()

[2025-10-21T19:20:44.348+0000] {standard_task_runner.py:64} INFO - Started process 388 to run task
[2025-10-21T19:20:44.348+0000] {standard_task_runner.py:90} INFO - Running: ['***', 'tasks', 'run', 'game_sentiment_data_pipeline', 'dbt_top_selling_games_id', 'manual__2025-10-21T19:19:47.378874+00:00', '--job-id', '94', '--raw', '--subdir', 'DAGS_FOLDER/dag_pipeline.py', '--cfg-path', '/tmp/tmpvehswv2p']
[2025-10-21T19:20:44.349+0000] {standard_task_runner.py:91} INFO - Job 94: Subtask dbt_top_selling_games_id
[2025-10-21T19:20:44.377+0000] {task_command.py:426} INFO - Running <TaskInstance: game_sentiment_data_pipeline.dbt_top_selling_games_id manual__2025-10-21T19:19:47.378874+00:00 [running]> on host 853ab210954c
[2025-10-21T19:20:44.425+0000] {taskinstance.py:2648} INFO - Exporting env vars: AIRFLOW_CTX_DAG_OWNER='***' AIRFLOW_CTX_DAG_ID='game_sentiment_data_pipeline' AIRFLOW_CTX_TASK_ID='dbt_top_selling_games_id' AIRFLOW_CTX_EXECUTION_DATE='2025-10-21T19:19:47.378874+00:00' AIRFLOW_CTX_TRY_NUMBER='1' AIRFLOW_CTX_DAG_RUN_ID='manual__2025-10-21T19:19:47.378874+00:00'
[2025-10-21T19:20:44.426+0000] {taskinstance.py:430} INFO - ::endgroup::
[2025-10-21T19:20:44.434+0000] {subprocess.py:63} INFO - Tmp dir root location: /tmp
[2025-10-21T19:20:44.434+0000] {subprocess.py:75} INFO - Running command: ['/usr/bin/bash', '-c', 'cd /opt/***/silver_layer && /home/***/.local/bin/dbt run --select top_selling_games_id --full-refresh']
[2025-10-21T19:20:44.439+0000] {subprocess.py:86} INFO - Output:
[2025-10-21T19:20:46.465+0000] {subprocess.py:93} INFO - [0m19:20:46  Running with dbt=1.10.13
[2025-10-21T19:20:47.197+0000] {subprocess.py:93} INFO - [0m19:20:47  Registered adapter: athena=1.9.5
[2025-10-21T19:20:47.409+0000] {subprocess.py:93} INFO - [0m19:20:47  Found 3 models, 6 sources, 474 macros
[2025-10-21T19:20:47.410+0000] {subprocess.py:93} INFO - [0m19:20:47
[2025-10-21T19:20:47.410+0000] {subprocess.py:93} INFO - [0m19:20:47  Concurrency: 4 threads (target='dev')
[2025-10-21T19:20:47.410+0000] {subprocess.py:93} INFO - [0m19:20:47
[2025-10-21T19:20:48.359+0000] {subprocess.py:93} INFO - [0m19:20:48  1 of 1 START sql table model games_sentiment_analysis_silver.top_selling_games_id  [RUN]
[2025-10-21T19:20:55.894+0000] {subprocess.py:93} INFO - [0m19:20:55  1 of 1 OK created sql table model games_sentiment_analysis_silver.top_selling_games_id  [[32mOK 21[0m in 7.53s]
[2025-10-21T19:20:55.903+0000] {subprocess.py:93} INFO - [0m19:20:55
[2025-10-21T19:20:55.904+0000] {subprocess.py:93} INFO - [0m19:20:55  Finished running 1 table model in 0 hours 0 minutes and 8.49 seconds (8.49s).
[2025-10-21T19:20:55.943+0000] {subprocess.py:93} INFO - [0m19:20:55
[2025-10-21T19:20:55.944+0000] {subprocess.py:93} INFO - [0m19:20:55  [32mCompleted successfully[0m
[2025-10-21T19:20:55.945+0000] {subprocess.py:93} INFO - [0m19:20:55
[2025-10-21T19:20:55.946+0000] {subprocess.py:93} INFO - [0m19:20:55  Done. PASS=1 WARN=0 ERROR=0 SKIP=0 NO-OP=0 TOTAL=1
[2025-10-21T19:20:57.192+0000] {subprocess.py:97} INFO - Command exited with return code 0
[2025-10-21T19:20:57.195+0000] {taskinstance.py:441} INFO - ::group::Post task execution logs
[2025-10-21T19:20:57.248+0000] {taskinstance.py:1206} INFO - Marking task as SUCCESS. dag_id=game_sentiment_data_pipeline, task_id=dbt_top_selling_games_id, run_id=manual__2025-10-21T19:19:47.378874+00:00, execution_date=20251021T191947, start_date=20251021T192044, end_date=20251021T192057
[2025-10-21T19:20:57.281+0000] {local_task_job_runner.py:243} INFO - Task exited with return code 0
[2025-10-21T19:20:57.331+0000] {taskinstance.py:3503} INFO - 1 downstream tasks scheduled from follow-on schedule check
[2025-10-21T19:20:57.332+0000] {local_task_job_runner.py:222} INFO - ::endgroup::
