[2025-10-15T19:49:42.626+0000] {local_task_job_runner.py:120} INFO - ::group::Pre task execution logs
[2025-10-15T19:49:42.640+0000] {taskinstance.py:2076} INFO - Dependencies all met for dep_context=non-requeueable deps ti=<TaskInstance: game_sentiment_data_pipeline.bronze_lambda_gms_rvws manual__2025-10-15T19:49:41.602939+00:00 [queued]>
[2025-10-15T19:49:42.644+0000] {taskinstance.py:2076} INFO - Dependencies all met for dep_context=requeueable deps ti=<TaskInstance: game_sentiment_data_pipeline.bronze_lambda_gms_rvws manual__2025-10-15T19:49:41.602939+00:00 [queued]>
[2025-10-15T19:49:42.644+0000] {taskinstance.py:2306} INFO - Starting attempt 1 of 1
[2025-10-15T19:49:42.653+0000] {taskinstance.py:2330} INFO - Executing <Task(PythonOperator): bronze_lambda_gms_rvws> on 2025-10-15 19:49:41.602939+00:00
[2025-10-15T19:49:42.659+0000] {warnings.py:112} WARNING - /home/***/.local/lib/python3.12/site-packages/***/task/task_runner/standard_task_runner.py:62: DeprecationWarning: This process (pid=62) is multi-threaded, use of fork() may lead to deadlocks in the child.
  pid = os.fork()

[2025-10-15T19:49:42.660+0000] {standard_task_runner.py:64} INFO - Started process 63 to run task
[2025-10-15T19:49:42.661+0000] {standard_task_runner.py:90} INFO - Running: ['***', 'tasks', 'run', 'game_sentiment_data_pipeline', 'bronze_lambda_gms_rvws', 'manual__2025-10-15T19:49:41.602939+00:00', '--job-id', '65', '--raw', '--subdir', 'DAGS_FOLDER/dag_pipeline.py', '--cfg-path', '/tmp/tmpe2q4a_rp']
[2025-10-15T19:49:42.662+0000] {standard_task_runner.py:91} INFO - Job 65: Subtask bronze_lambda_gms_rvws
[2025-10-15T19:49:42.687+0000] {task_command.py:426} INFO - Running <TaskInstance: game_sentiment_data_pipeline.bronze_lambda_gms_rvws manual__2025-10-15T19:49:41.602939+00:00 [running]> on host 7c297b2e9a6b
[2025-10-15T19:49:42.727+0000] {taskinstance.py:2648} INFO - Exporting env vars: AIRFLOW_CTX_DAG_OWNER='***' AIRFLOW_CTX_DAG_ID='game_sentiment_data_pipeline' AIRFLOW_CTX_TASK_ID='bronze_lambda_gms_rvws' AIRFLOW_CTX_EXECUTION_DATE='2025-10-15T19:49:41.602939+00:00' AIRFLOW_CTX_TRY_NUMBER='1' AIRFLOW_CTX_DAG_RUN_ID='manual__2025-10-15T19:49:41.602939+00:00'
[2025-10-15T19:49:42.728+0000] {taskinstance.py:430} INFO - ::endgroup::
[2025-10-15T19:49:42.746+0000] {logging_mixin.py:188} INFO - Invoking Lambda function: bronze_lambda_with_docker
[2025-10-15T19:50:34.852+0000] {logging_mixin.py:188} INFO - Lambda response: {'ResponseMetadata': {'RequestId': '44e93137-aa8e-4c98-99c0-fdaab402f395', 'HTTPStatusCode': 200, 'HTTPHeaders': {'date': 'Wed, 15 Oct 2025 19:50:34 GMT', 'content-type': 'application/json', 'content-length': '2645', 'connection': 'keep-alive', 'x-amzn-requestid': '44e93137-aa8e-4c98-99c0-fdaab402f395', 'x-amzn-remapped-content-length': '0', 'x-amz-executed-version': '$LATEST', 'x-amzn-trace-id': 'Root=1-68effad6-409cba147eb2356c45b95601;Parent=0229350eccad0679;Sampled=0;Lineage=1:69f9b93a:0'}, 'RetryAttempts': 0}, 'StatusCode': 200, 'ExecutedVersion': '$LATEST', 'Payload': <botocore.response.StreamingBody object at 0xffffafa44a00>}
[2025-10-15T19:50:34.853+0000] {logging_mixin.py:188} INFO - Lambda output: {"status": "success", "topsellers_s3": "s3://vgsa/bronze/topsellers_1760557783.parquet", "reviewsummary_s3": ["s3://vgsa/bronze/reviewsummary/game_id=2807960/1760557783.parquet", "s3://vgsa/bronze/reviewsummary/game_id=2062430/1760557783.parquet", "s3://vgsa/bronze/reviewsummary/game_id=3405690/1760557783.parquet", "s3://vgsa/bronze/reviewsummary/game_id=381210/1760557783.parquet", "s3://vgsa/bronze/reviewsummary/game_id=3024040/1760557783.parquet", "s3://vgsa/bronze/reviewsummary/game_id=1984270/1760557783.parquet", "s3://vgsa/bronze/reviewsummary/game_id=3405340/1760557783.parquet", "s3://vgsa/bronze/reviewsummary/game_id=1063730/1760557783.parquet", "s3://vgsa/bronze/reviewsummary/game_id=3551340/1760557783.parquet", "s3://vgsa/bronze/reviewsummary/game_id=3574360/1760557783.parquet", "s3://vgsa/bronze/reviewsummary/game_id=1222140/1760557783.parquet", "s3://vgsa/bronze/reviewsummary/game_id=582660/1760557783.parquet", "s3://vgsa/bronze/reviewsummary/game_id=2958130/1760557783.parquet", "s3://vgsa/bronze/reviewsummary/game_id=1401590/1760557783.parquet", "s3://vgsa/bronze/reviewsummary/game_id=3314790/1760557783.parquet", "s3://vgsa/bronze/reviewsummary/game_id=1174180/1760557783.parquet", "s3://vgsa/bronze/reviewsummary/game_id=3008130/1760557783.parquet", "s3://vgsa/bronze/reviewsummary/game_id=227300/1760557783.parquet", "s3://vgsa/bronze/reviewsummary/game_id=3450310/1760557783.parquet", "s3://vgsa/bronze/reviewsummary/game_id=3274580/1760557783.parquet", "s3://vgsa/bronze/reviewsummary/game_id=1363080/1760557783.parquet"], "reviewdetail_s3": ["s3://vgsa/bronze/reviews/game_id=2807960/1760557783.parquet", "s3://vgsa/bronze/reviews/game_id=2062430/1760557783.parquet", "s3://vgsa/bronze/reviews/game_id=3405690/1760557783.parquet", "s3://vgsa/bronze/reviews/game_id=381210/1760557783.parquet", "s3://vgsa/bronze/reviews/game_id=3024040/1760557783.parquet", "s3://vgsa/bronze/reviews/game_id=1984270/1760557783.parquet", "s3://vgsa/bronze/reviews/game_id=3405340/1760557783.parquet", "s3://vgsa/bronze/reviews/game_id=1063730/1760557783.parquet", "s3://vgsa/bronze/reviews/game_id=3574360/1760557783.parquet", "s3://vgsa/bronze/reviews/game_id=1222140/1760557783.parquet", "s3://vgsa/bronze/reviews/game_id=582660/1760557783.parquet", "s3://vgsa/bronze/reviews/game_id=1401590/1760557783.parquet", "s3://vgsa/bronze/reviews/game_id=3314790/1760557783.parquet", "s3://vgsa/bronze/reviews/game_id=1174180/1760557783.parquet", "s3://vgsa/bronze/reviews/game_id=3008130/1760557783.parquet", "s3://vgsa/bronze/reviews/game_id=227300/1760557783.parquet", "s3://vgsa/bronze/reviews/game_id=1363080/1760557783.parquet"]}
[2025-10-15T19:50:34.854+0000] {python.py:237} INFO - Done. Returned value was: None
[2025-10-15T19:50:34.855+0000] {taskinstance.py:441} INFO - ::group::Post task execution logs
[2025-10-15T19:50:34.862+0000] {taskinstance.py:1206} INFO - Marking task as SUCCESS. dag_id=game_sentiment_data_pipeline, task_id=bronze_lambda_gms_rvws, run_id=manual__2025-10-15T19:49:41.602939+00:00, execution_date=20251015T194941, start_date=20251015T194942, end_date=20251015T195034
[2025-10-15T19:50:34.887+0000] {local_task_job_runner.py:243} INFO - Task exited with return code 0
[2025-10-15T19:50:34.899+0000] {taskinstance.py:3503} INFO - 1 downstream tasks scheduled from follow-on schedule check
[2025-10-15T19:50:34.900+0000] {local_task_job_runner.py:222} INFO - ::endgroup::
