[2025-10-21T20:19:05.087+0000] {local_task_job_runner.py:120} INFO - ::group::Pre task execution logs
[2025-10-21T20:19:05.099+0000] {taskinstance.py:2076} INFO - Dependencies all met for dep_context=non-requeueable deps ti=<TaskInstance: game_sentiment_data_pipeline.dbt_top_selling_games_id manual__2025-10-21T20:18:07.360226+00:00 [queued]>
[2025-10-21T20:19:05.103+0000] {taskinstance.py:2076} INFO - Dependencies all met for dep_context=requeueable deps ti=<TaskInstance: game_sentiment_data_pipeline.dbt_top_selling_games_id manual__2025-10-21T20:18:07.360226+00:00 [queued]>
[2025-10-21T20:19:05.103+0000] {taskinstance.py:2306} INFO - Starting attempt 1 of 1
[2025-10-21T20:19:05.108+0000] {taskinstance.py:2330} INFO - Executing <Task(BashOperator): dbt_top_selling_games_id> on 2025-10-21 20:18:07.360226+00:00
[2025-10-21T20:19:05.112+0000] {warnings.py:112} WARNING - /home/***/.local/lib/python3.12/site-packages/***/task/task_runner/standard_task_runner.py:62: DeprecationWarning: This process (pid=81) is multi-threaded, use of fork() may lead to deadlocks in the child.
  pid = os.fork()

[2025-10-21T20:19:05.113+0000] {standard_task_runner.py:64} INFO - Started process 82 to run task
[2025-10-21T20:19:05.113+0000] {standard_task_runner.py:90} INFO - Running: ['***', 'tasks', 'run', 'game_sentiment_data_pipeline', 'dbt_top_selling_games_id', 'manual__2025-10-21T20:18:07.360226+00:00', '--job-id', '110', '--raw', '--subdir', 'DAGS_FOLDER/dag_pipeline.py', '--cfg-path', '/tmp/tmp3pnxm1n0']
[2025-10-21T20:19:05.114+0000] {standard_task_runner.py:91} INFO - Job 110: Subtask dbt_top_selling_games_id
[2025-10-21T20:19:05.136+0000] {task_command.py:426} INFO - Running <TaskInstance: game_sentiment_data_pipeline.dbt_top_selling_games_id manual__2025-10-21T20:18:07.360226+00:00 [running]> on host 28d5cd50147a
[2025-10-21T20:19:05.176+0000] {taskinstance.py:2648} INFO - Exporting env vars: AIRFLOW_CTX_DAG_OWNER='***' AIRFLOW_CTX_DAG_ID='game_sentiment_data_pipeline' AIRFLOW_CTX_TASK_ID='dbt_top_selling_games_id' AIRFLOW_CTX_EXECUTION_DATE='2025-10-21T20:18:07.360226+00:00' AIRFLOW_CTX_TRY_NUMBER='1' AIRFLOW_CTX_DAG_RUN_ID='manual__2025-10-21T20:18:07.360226+00:00'
[2025-10-21T20:19:05.176+0000] {taskinstance.py:430} INFO - ::endgroup::
[2025-10-21T20:19:05.183+0000] {subprocess.py:63} INFO - Tmp dir root location: /tmp
[2025-10-21T20:19:05.183+0000] {subprocess.py:75} INFO - Running command: ['/usr/bin/bash', '-c', 'cd /opt/***/silver_layer && /home/***/.local/bin/dbt run --select top_selling_games_id --full-refresh']
[2025-10-21T20:19:05.190+0000] {subprocess.py:86} INFO - Output:
[2025-10-21T20:19:06.879+0000] {subprocess.py:93} INFO - [0m20:19:06  Running with dbt=1.10.13
[2025-10-21T20:19:07.390+0000] {subprocess.py:93} INFO - [0m20:19:07  Registered adapter: athena=1.9.5
[2025-10-21T20:19:07.639+0000] {subprocess.py:93} INFO - [0m20:19:07  Found 3 models, 6 sources, 474 macros
[2025-10-21T20:19:07.641+0000] {subprocess.py:93} INFO - [0m20:19:07
[2025-10-21T20:19:07.641+0000] {subprocess.py:93} INFO - [0m20:19:07  Concurrency: 4 threads (target='dev')
[2025-10-21T20:19:07.641+0000] {subprocess.py:93} INFO - [0m20:19:07
[2025-10-21T20:19:08.592+0000] {subprocess.py:93} INFO - [0m20:19:08  1 of 1 START sql table model games_sentiment_analysis_silver.top_selling_games_id  [RUN]
[2025-10-21T20:19:16.363+0000] {subprocess.py:93} INFO - [0m20:19:16  1 of 1 OK created sql table model games_sentiment_analysis_silver.top_selling_games_id  [[32mOK 21[0m in 7.77s]
[2025-10-21T20:19:16.369+0000] {subprocess.py:93} INFO - [0m20:19:16
[2025-10-21T20:19:16.369+0000] {subprocess.py:93} INFO - [0m20:19:16  Finished running 1 table model in 0 hours 0 minutes and 8.73 seconds (8.73s).
[2025-10-21T20:19:16.402+0000] {subprocess.py:93} INFO - [0m20:19:16
[2025-10-21T20:19:16.403+0000] {subprocess.py:93} INFO - [0m20:19:16  [32mCompleted successfully[0m
[2025-10-21T20:19:16.404+0000] {subprocess.py:93} INFO - [0m20:19:16
[2025-10-21T20:19:16.404+0000] {subprocess.py:93} INFO - [0m20:19:16  Done. PASS=1 WARN=0 ERROR=0 SKIP=0 NO-OP=0 TOTAL=1
[2025-10-21T20:19:17.740+0000] {subprocess.py:97} INFO - Command exited with return code 0
[2025-10-21T20:19:17.742+0000] {taskinstance.py:441} INFO - ::group::Post task execution logs
[2025-10-21T20:19:17.799+0000] {taskinstance.py:1206} INFO - Marking task as SUCCESS. dag_id=game_sentiment_data_pipeline, task_id=dbt_top_selling_games_id, run_id=manual__2025-10-21T20:18:07.360226+00:00, execution_date=20251021T201807, start_date=20251021T201905, end_date=20251021T201917
[2025-10-21T20:19:17.851+0000] {local_task_job_runner.py:243} INFO - Task exited with return code 0
[2025-10-21T20:19:17.884+0000] {taskinstance.py:3503} INFO - 1 downstream tasks scheduled from follow-on schedule check
[2025-10-21T20:19:17.885+0000] {local_task_job_runner.py:222} INFO - ::endgroup::
