[2025-10-21T19:20:58.646+0000] {local_task_job_runner.py:120} INFO - ::group::Pre task execution logs
[2025-10-21T19:20:58.660+0000] {taskinstance.py:2076} INFO - Dependencies all met for dep_context=non-requeueable deps ti=<TaskInstance: game_sentiment_data_pipeline.dbt_run_top_selling_games_reviews manual__2025-10-21T19:19:47.378874+00:00 [queued]>
[2025-10-21T19:20:58.664+0000] {taskinstance.py:2076} INFO - Dependencies all met for dep_context=requeueable deps ti=<TaskInstance: game_sentiment_data_pipeline.dbt_run_top_selling_games_reviews manual__2025-10-21T19:19:47.378874+00:00 [queued]>
[2025-10-21T19:20:58.664+0000] {taskinstance.py:2306} INFO - Starting attempt 1 of 1
[2025-10-21T19:20:58.669+0000] {taskinstance.py:2330} INFO - Executing <Task(BashOperator): dbt_run_top_selling_games_reviews> on 2025-10-21 19:19:47.378874+00:00
[2025-10-21T19:20:58.672+0000] {warnings.py:112} WARNING - /home/***/.local/lib/python3.12/site-packages/***/task/task_runner/standard_task_runner.py:62: DeprecationWarning: This process (pid=404) is multi-threaded, use of fork() may lead to deadlocks in the child.
  pid = os.fork()

[2025-10-21T19:20:58.674+0000] {standard_task_runner.py:64} INFO - Started process 405 to run task
[2025-10-21T19:20:58.673+0000] {standard_task_runner.py:90} INFO - Running: ['***', 'tasks', 'run', 'game_sentiment_data_pipeline', 'dbt_run_top_selling_games_reviews', 'manual__2025-10-21T19:19:47.378874+00:00', '--job-id', '95', '--raw', '--subdir', 'DAGS_FOLDER/dag_pipeline.py', '--cfg-path', '/tmp/tmproh_3sk3']
[2025-10-21T19:20:58.674+0000] {standard_task_runner.py:91} INFO - Job 95: Subtask dbt_run_top_selling_games_reviews
[2025-10-21T19:20:58.701+0000] {task_command.py:426} INFO - Running <TaskInstance: game_sentiment_data_pipeline.dbt_run_top_selling_games_reviews manual__2025-10-21T19:19:47.378874+00:00 [running]> on host 853ab210954c
[2025-10-21T19:20:58.741+0000] {taskinstance.py:2648} INFO - Exporting env vars: AIRFLOW_CTX_DAG_OWNER='***' AIRFLOW_CTX_DAG_ID='game_sentiment_data_pipeline' AIRFLOW_CTX_TASK_ID='dbt_run_top_selling_games_reviews' AIRFLOW_CTX_EXECUTION_DATE='2025-10-21T19:19:47.378874+00:00' AIRFLOW_CTX_TRY_NUMBER='1' AIRFLOW_CTX_DAG_RUN_ID='manual__2025-10-21T19:19:47.378874+00:00'
[2025-10-21T19:20:58.742+0000] {taskinstance.py:430} INFO - ::endgroup::
[2025-10-21T19:20:58.749+0000] {subprocess.py:63} INFO - Tmp dir root location: /tmp
[2025-10-21T19:20:58.750+0000] {subprocess.py:75} INFO - Running command: ['/usr/bin/bash', '-c', 'cd /opt/***/silver_layer && /home/***/.local/bin/dbt run --select top_selling_games_reviews --full-refresh']
[2025-10-21T19:20:58.756+0000] {subprocess.py:86} INFO - Output:
[2025-10-21T19:21:00.369+0000] {subprocess.py:93} INFO - [0m19:21:00  Running with dbt=1.10.13
[2025-10-21T19:21:00.730+0000] {subprocess.py:93} INFO - [0m19:21:00  Registered adapter: athena=1.9.5
[2025-10-21T19:21:00.935+0000] {subprocess.py:93} INFO - [0m19:21:00  Found 3 models, 6 sources, 474 macros
[2025-10-21T19:21:00.936+0000] {subprocess.py:93} INFO - [0m19:21:00
[2025-10-21T19:21:00.937+0000] {subprocess.py:93} INFO - [0m19:21:00  Concurrency: 4 threads (target='dev')
[2025-10-21T19:21:00.937+0000] {subprocess.py:93} INFO - [0m19:21:00
[2025-10-21T19:21:01.853+0000] {subprocess.py:93} INFO - [0m19:21:01  1 of 1 START sql table model games_sentiment_analysis_silver.top_selling_games_reviews  [RUN]
[2025-10-21T19:21:09.188+0000] {subprocess.py:93} INFO - [0m19:21:09  1 of 1 OK created sql table model games_sentiment_analysis_silver.top_selling_games_reviews  [[32mOK 12160[0m in 7.33s]
[2025-10-21T19:21:09.194+0000] {subprocess.py:93} INFO - [0m19:21:09
[2025-10-21T19:21:09.195+0000] {subprocess.py:93} INFO - [0m19:21:09  Finished running 1 table model in 0 hours 0 minutes and 8.26 seconds (8.26s).
[2025-10-21T19:21:09.220+0000] {subprocess.py:93} INFO - [0m19:21:09
[2025-10-21T19:21:09.220+0000] {subprocess.py:93} INFO - [0m19:21:09  [32mCompleted successfully[0m
[2025-10-21T19:21:09.221+0000] {subprocess.py:93} INFO - [0m19:21:09
[2025-10-21T19:21:09.221+0000] {subprocess.py:93} INFO - [0m19:21:09  Done. PASS=1 WARN=0 ERROR=0 SKIP=0 NO-OP=0 TOTAL=1
[2025-10-21T19:21:10.342+0000] {subprocess.py:97} INFO - Command exited with return code 0
[2025-10-21T19:21:10.344+0000] {taskinstance.py:441} INFO - ::group::Post task execution logs
[2025-10-21T19:21:10.386+0000] {taskinstance.py:1206} INFO - Marking task as SUCCESS. dag_id=game_sentiment_data_pipeline, task_id=dbt_run_top_selling_games_reviews, run_id=manual__2025-10-21T19:19:47.378874+00:00, execution_date=20251021T191947, start_date=20251021T192058, end_date=20251021T192110
[2025-10-21T19:21:10.416+0000] {local_task_job_runner.py:243} INFO - Task exited with return code 0
[2025-10-21T19:21:10.445+0000] {taskinstance.py:3503} INFO - 1 downstream tasks scheduled from follow-on schedule check
[2025-10-21T19:21:10.445+0000] {local_task_job_runner.py:222} INFO - ::endgroup::
