[2025-10-15T18:56:05.561+0000] {local_task_job_runner.py:120} INFO - ::group::Pre task execution logs
[2025-10-15T18:56:05.576+0000] {taskinstance.py:2076} INFO - Dependencies all met for dep_context=non-requeueable deps ti=<TaskInstance: game_sentiment_data_pipeline.bronze_lambda_gms_rvws manual__2025-10-15T18:56:04.740938+00:00 [queued]>
[2025-10-15T18:56:05.580+0000] {taskinstance.py:2076} INFO - Dependencies all met for dep_context=requeueable deps ti=<TaskInstance: game_sentiment_data_pipeline.bronze_lambda_gms_rvws manual__2025-10-15T18:56:04.740938+00:00 [queued]>
[2025-10-15T18:56:05.580+0000] {taskinstance.py:2306} INFO - Starting attempt 1 of 1
[2025-10-15T18:56:05.586+0000] {taskinstance.py:2330} INFO - Executing <Task(PythonOperator): bronze_lambda_gms_rvws> on 2025-10-15 18:56:04.740938+00:00
[2025-10-15T18:56:05.590+0000] {warnings.py:112} WARNING - /home/***/.local/lib/python3.12/site-packages/***/task/task_runner/standard_task_runner.py:62: DeprecationWarning: This process (pid=156) is multi-threaded, use of fork() may lead to deadlocks in the child.
  pid = os.fork()

[2025-10-15T18:56:05.591+0000] {standard_task_runner.py:64} INFO - Started process 157 to run task
[2025-10-15T18:56:05.591+0000] {standard_task_runner.py:90} INFO - Running: ['***', 'tasks', 'run', 'game_sentiment_data_pipeline', 'bronze_lambda_gms_rvws', 'manual__2025-10-15T18:56:04.740938+00:00', '--job-id', '47', '--raw', '--subdir', 'DAGS_FOLDER/dag_pipeline.py', '--cfg-path', '/tmp/tmp4gya0wr0']
[2025-10-15T18:56:05.592+0000] {standard_task_runner.py:91} INFO - Job 47: Subtask bronze_lambda_gms_rvws
[2025-10-15T18:56:05.623+0000] {task_command.py:426} INFO - Running <TaskInstance: game_sentiment_data_pipeline.bronze_lambda_gms_rvws manual__2025-10-15T18:56:04.740938+00:00 [running]> on host 9c9293c52211
[2025-10-15T18:56:05.673+0000] {taskinstance.py:2648} INFO - Exporting env vars: AIRFLOW_CTX_DAG_OWNER='***' AIRFLOW_CTX_DAG_ID='game_sentiment_data_pipeline' AIRFLOW_CTX_TASK_ID='bronze_lambda_gms_rvws' AIRFLOW_CTX_EXECUTION_DATE='2025-10-15T18:56:04.740938+00:00' AIRFLOW_CTX_TRY_NUMBER='1' AIRFLOW_CTX_DAG_RUN_ID='manual__2025-10-15T18:56:04.740938+00:00'
[2025-10-15T18:56:05.673+0000] {taskinstance.py:430} INFO - ::endgroup::
[2025-10-15T18:56:05.690+0000] {logging_mixin.py:188} INFO - Invoking Lambda function: bronze_lambda_with_docker
[2025-10-15T18:56:45.914+0000] {logging_mixin.py:188} INFO - Lambda response: {'ResponseMetadata': {'RequestId': '680c517d-8825-4f7d-a99f-a8ddac068daa', 'HTTPStatusCode': 200, 'HTTPHeaders': {'date': 'Wed, 15 Oct 2025 18:56:45 GMT', 'content-type': 'application/json', 'content-length': '2645', 'connection': 'keep-alive', 'x-amzn-requestid': '680c517d-8825-4f7d-a99f-a8ddac068daa', 'x-amzn-remapped-content-length': '0', 'x-amz-executed-version': '$LATEST', 'x-amzn-trace-id': 'Root=1-68efee45-3b523ab508b3c2be73a8673a;Parent=5568098c303c9467;Sampled=0;Lineage=1:69f9b93a:0'}, 'RetryAttempts': 0}, 'StatusCode': 200, 'ExecutedVersion': '$LATEST', 'Payload': <botocore.response.StreamingBody object at 0xffffaaa28b80>}
[2025-10-15T18:56:45.918+0000] {logging_mixin.py:188} INFO - Lambda output: {"status": "success", "topsellers_s3": "s3://vgsa/bronze/topsellers_1760554567.parquet", "reviewsummary_s3": ["s3://vgsa/bronze/reviewsummary/game_id=2807960/1760554567.parquet", "s3://vgsa/bronze/reviewsummary/game_id=2062430/1760554567.parquet", "s3://vgsa/bronze/reviewsummary/game_id=3405690/1760554567.parquet", "s3://vgsa/bronze/reviewsummary/game_id=381210/1760554567.parquet", "s3://vgsa/bronze/reviewsummary/game_id=3024040/1760554567.parquet", "s3://vgsa/bronze/reviewsummary/game_id=1984270/1760554567.parquet", "s3://vgsa/bronze/reviewsummary/game_id=3405340/1760554567.parquet", "s3://vgsa/bronze/reviewsummary/game_id=1063730/1760554567.parquet", "s3://vgsa/bronze/reviewsummary/game_id=3551340/1760554567.parquet", "s3://vgsa/bronze/reviewsummary/game_id=3574360/1760554567.parquet", "s3://vgsa/bronze/reviewsummary/game_id=1222140/1760554567.parquet", "s3://vgsa/bronze/reviewsummary/game_id=582660/1760554567.parquet", "s3://vgsa/bronze/reviewsummary/game_id=2958130/1760554567.parquet", "s3://vgsa/bronze/reviewsummary/game_id=3314790/1760554567.parquet", "s3://vgsa/bronze/reviewsummary/game_id=1401590/1760554567.parquet", "s3://vgsa/bronze/reviewsummary/game_id=1174180/1760554567.parquet", "s3://vgsa/bronze/reviewsummary/game_id=3008130/1760554567.parquet", "s3://vgsa/bronze/reviewsummary/game_id=3274580/1760554567.parquet", "s3://vgsa/bronze/reviewsummary/game_id=227300/1760554567.parquet", "s3://vgsa/bronze/reviewsummary/game_id=1363080/1760554567.parquet", "s3://vgsa/bronze/reviewsummary/game_id=3450310/1760554567.parquet"], "reviewdetail_s3": ["s3://vgsa/bronze/reviews/game_id=2807960/1760554567.parquet", "s3://vgsa/bronze/reviews/game_id=2062430/1760554567.parquet", "s3://vgsa/bronze/reviews/game_id=3405690/1760554567.parquet", "s3://vgsa/bronze/reviews/game_id=381210/1760554567.parquet", "s3://vgsa/bronze/reviews/game_id=3024040/1760554567.parquet", "s3://vgsa/bronze/reviews/game_id=1984270/1760554567.parquet", "s3://vgsa/bronze/reviews/game_id=3405340/1760554567.parquet", "s3://vgsa/bronze/reviews/game_id=1063730/1760554567.parquet", "s3://vgsa/bronze/reviews/game_id=3574360/1760554567.parquet", "s3://vgsa/bronze/reviews/game_id=1222140/1760554567.parquet", "s3://vgsa/bronze/reviews/game_id=582660/1760554567.parquet", "s3://vgsa/bronze/reviews/game_id=3314790/1760554567.parquet", "s3://vgsa/bronze/reviews/game_id=1401590/1760554567.parquet", "s3://vgsa/bronze/reviews/game_id=1174180/1760554567.parquet", "s3://vgsa/bronze/reviews/game_id=3008130/1760554567.parquet", "s3://vgsa/bronze/reviews/game_id=227300/1760554567.parquet", "s3://vgsa/bronze/reviews/game_id=1363080/1760554567.parquet"]}
[2025-10-15T18:56:45.919+0000] {python.py:237} INFO - Done. Returned value was: None
[2025-10-15T18:56:45.922+0000] {taskinstance.py:441} INFO - ::group::Post task execution logs
[2025-10-15T18:56:45.938+0000] {taskinstance.py:1206} INFO - Marking task as SUCCESS. dag_id=game_sentiment_data_pipeline, task_id=bronze_lambda_gms_rvws, run_id=manual__2025-10-15T18:56:04.740938+00:00, execution_date=20251015T185604, start_date=20251015T185605, end_date=20251015T185645
[2025-10-15T18:56:45.987+0000] {local_task_job_runner.py:243} INFO - Task exited with return code 0
[2025-10-15T18:56:46.003+0000] {taskinstance.py:3503} INFO - 1 downstream tasks scheduled from follow-on schedule check
[2025-10-15T18:56:46.004+0000] {local_task_job_runner.py:222} INFO - ::endgroup::
