[2025-10-21T22:55:49.408+0000] {local_task_job_runner.py:120} INFO - ::group::Pre task execution logs
[2025-10-21T22:55:49.421+0000] {taskinstance.py:2076} INFO - Dependencies all met for dep_context=non-requeueable deps ti=<TaskInstance: game_sentiment_data_pipeline.bronze_lambda_gm_ids manual__2025-10-21T22:55:02.148183+00:00 [queued]>
[2025-10-21T22:55:49.424+0000] {taskinstance.py:2076} INFO - Dependencies all met for dep_context=requeueable deps ti=<TaskInstance: game_sentiment_data_pipeline.bronze_lambda_gm_ids manual__2025-10-21T22:55:02.148183+00:00 [queued]>
[2025-10-21T22:55:49.424+0000] {taskinstance.py:2306} INFO - Starting attempt 1 of 1
[2025-10-21T22:55:49.429+0000] {taskinstance.py:2330} INFO - Executing <Task(PythonOperator): bronze_lambda_gm_ids> on 2025-10-21 22:55:02.148183+00:00
[2025-10-21T22:55:49.432+0000] {warnings.py:112} WARNING - /home/***/.local/lib/python3.12/site-packages/***/task/task_runner/standard_task_runner.py:62: DeprecationWarning: This process (pid=94) is multi-threaded, use of fork() may lead to deadlocks in the child.
  pid = os.fork()

[2025-10-21T22:55:49.432+0000] {standard_task_runner.py:64} INFO - Started process 95 to run task
[2025-10-21T22:55:49.433+0000] {standard_task_runner.py:90} INFO - Running: ['***', 'tasks', 'run', 'game_sentiment_data_pipeline', 'bronze_lambda_gm_ids', 'manual__2025-10-21T22:55:02.148183+00:00', '--job-id', '120', '--raw', '--subdir', 'DAGS_FOLDER/dag_pipeline.py', '--cfg-path', '/tmp/tmpmsow68_0']
[2025-10-21T22:55:49.433+0000] {standard_task_runner.py:91} INFO - Job 120: Subtask bronze_lambda_gm_ids
[2025-10-21T22:55:49.451+0000] {task_command.py:426} INFO - Running <TaskInstance: game_sentiment_data_pipeline.bronze_lambda_gm_ids manual__2025-10-21T22:55:02.148183+00:00 [running]> on host 78a5e601f5ac
[2025-10-21T22:55:49.483+0000] {taskinstance.py:2648} INFO - Exporting env vars: AIRFLOW_CTX_DAG_OWNER='***' AIRFLOW_CTX_DAG_ID='game_sentiment_data_pipeline' AIRFLOW_CTX_TASK_ID='bronze_lambda_gm_ids' AIRFLOW_CTX_EXECUTION_DATE='2025-10-21T22:55:02.148183+00:00' AIRFLOW_CTX_TRY_NUMBER='1' AIRFLOW_CTX_DAG_RUN_ID='manual__2025-10-21T22:55:02.148183+00:00'
[2025-10-21T22:55:49.484+0000] {taskinstance.py:430} INFO - ::endgroup::
[2025-10-21T22:55:49.492+0000] {logging_mixin.py:188} INFO - Invoking Lambda function: bronze_game_id_name_docker
[2025-10-21T22:55:56.833+0000] {logging_mixin.py:188} INFO - Lambda response: {'ResponseMetadata': {'RequestId': '334a4490-2325-4fcc-8498-4e25122d7a74', 'HTTPStatusCode': 200, 'HTTPHeaders': {'date': 'Tue, 21 Oct 2025 22:55:56 GMT', 'content-type': 'application/json', 'content-length': '77', 'connection': 'keep-alive', 'x-amzn-requestid': '334a4490-2325-4fcc-8498-4e25122d7a74', 'x-amzn-remapped-content-length': '0', 'x-amz-executed-version': '$LATEST', 'x-amzn-trace-id': 'Root=1-68f80f75-147270e749d8c28a7debd0b4;Parent=1bc6393f44c488f2;Sampled=0;Lineage=1:ab20d15b:0'}, 'RetryAttempts': 0}, 'StatusCode': 200, 'ExecutedVersion': '$LATEST', 'Payload': <botocore.response.StreamingBody object at 0xffffa205e770>}
[2025-10-21T22:55:56.834+0000] {logging_mixin.py:188} INFO - Lambda output: {"status": "success", "app_id_s3": "s3://vgsa/bronze/game_id/app_id.parquet"}
[2025-10-21T22:55:56.834+0000] {python.py:237} INFO - Done. Returned value was: None
[2025-10-21T22:55:56.835+0000] {taskinstance.py:441} INFO - ::group::Post task execution logs
[2025-10-21T22:55:56.840+0000] {taskinstance.py:1206} INFO - Marking task as SUCCESS. dag_id=game_sentiment_data_pipeline, task_id=bronze_lambda_gm_ids, run_id=manual__2025-10-21T22:55:02.148183+00:00, execution_date=20251021T225502, start_date=20251021T225549, end_date=20251021T225556
[2025-10-21T22:55:56.883+0000] {local_task_job_runner.py:243} INFO - Task exited with return code 0
[2025-10-21T22:55:56.895+0000] {taskinstance.py:3503} INFO - 1 downstream tasks scheduled from follow-on schedule check
[2025-10-21T22:55:56.895+0000] {local_task_job_runner.py:222} INFO - ::endgroup::
