[2025-10-15T19:02:09.034+0000] {local_task_job_runner.py:120} INFO - ::group::Pre task execution logs
[2025-10-15T19:02:09.050+0000] {taskinstance.py:2076} INFO - Dependencies all met for dep_context=non-requeueable deps ti=<TaskInstance: game_sentiment_data_pipeline.dbt_run manual__2025-10-15T19:01:23.792059+00:00 [queued]>
[2025-10-15T19:02:09.055+0000] {taskinstance.py:2076} INFO - Dependencies all met for dep_context=requeueable deps ti=<TaskInstance: game_sentiment_data_pipeline.dbt_run manual__2025-10-15T19:01:23.792059+00:00 [queued]>
[2025-10-15T19:02:09.055+0000] {taskinstance.py:2306} INFO - Starting attempt 1 of 1
[2025-10-15T19:02:09.063+0000] {taskinstance.py:2330} INFO - Executing <Task(BashOperator): dbt_run> on 2025-10-15 19:01:23.792059+00:00
[2025-10-15T19:02:09.067+0000] {warnings.py:112} WARNING - /home/***/.local/lib/python3.12/site-packages/***/task/task_runner/standard_task_runner.py:62: DeprecationWarning: This process (pid=84) is multi-threaded, use of fork() may lead to deadlocks in the child.
  pid = os.fork()

[2025-10-15T19:02:09.068+0000] {standard_task_runner.py:64} INFO - Started process 85 to run task
[2025-10-15T19:02:09.068+0000] {standard_task_runner.py:90} INFO - Running: ['***', 'tasks', 'run', 'game_sentiment_data_pipeline', 'dbt_run', 'manual__2025-10-15T19:01:23.792059+00:00', '--job-id', '57', '--raw', '--subdir', 'DAGS_FOLDER/dag_pipeline.py', '--cfg-path', '/tmp/tmpoplff77q']
[2025-10-15T19:02:09.069+0000] {standard_task_runner.py:91} INFO - Job 57: Subtask dbt_run
[2025-10-15T19:02:09.103+0000] {task_command.py:426} INFO - Running <TaskInstance: game_sentiment_data_pipeline.dbt_run manual__2025-10-15T19:01:23.792059+00:00 [running]> on host 131cf7884cee
[2025-10-15T19:02:09.161+0000] {taskinstance.py:2648} INFO - Exporting env vars: AIRFLOW_CTX_DAG_OWNER='***' AIRFLOW_CTX_DAG_ID='game_sentiment_data_pipeline' AIRFLOW_CTX_TASK_ID='dbt_run' AIRFLOW_CTX_EXECUTION_DATE='2025-10-15T19:01:23.792059+00:00' AIRFLOW_CTX_TRY_NUMBER='1' AIRFLOW_CTX_DAG_RUN_ID='manual__2025-10-15T19:01:23.792059+00:00'
[2025-10-15T19:02:09.162+0000] {taskinstance.py:430} INFO - ::endgroup::
[2025-10-15T19:02:09.174+0000] {subprocess.py:63} INFO - Tmp dir root location: /tmp
[2025-10-15T19:02:09.175+0000] {subprocess.py:75} INFO - Running command: ['/usr/bin/bash', '-c', 'cd /opt/***/silver_layer && /home/***/.local/bin/dbt run']
[2025-10-15T19:02:09.182+0000] {subprocess.py:86} INFO - Output:
[2025-10-15T19:02:10.926+0000] {subprocess.py:93} INFO - [0m19:02:10  Running with dbt=1.10.13
[2025-10-15T19:02:11.333+0000] {subprocess.py:93} INFO - [0m19:02:11  Registered adapter: athena=1.9.5
[2025-10-15T19:02:11.455+0000] {subprocess.py:93} INFO - [0m19:02:11  Unable to do partial parsing because profile has changed
[2025-10-15T19:02:12.403+0000] {subprocess.py:93} INFO - [0m19:02:12  Found 3 models, 6 sources, 474 macros
[2025-10-15T19:02:12.404+0000] {subprocess.py:93} INFO - [0m19:02:12
[2025-10-15T19:02:12.404+0000] {subprocess.py:93} INFO - [0m19:02:12  Concurrency: 4 threads (target='dev')
[2025-10-15T19:02:12.405+0000] {subprocess.py:93} INFO - [0m19:02:12
[2025-10-15T19:02:13.727+0000] {subprocess.py:93} INFO - [0m19:02:13  1 of 3 START sql table model games_sentiment_analysis_silver.game_reviews_summary  [RUN]
[2025-10-15T19:02:13.727+0000] {subprocess.py:93} INFO - [0m19:02:13  2 of 3 START sql table model games_sentiment_analysis_silver.top_selling_games_id  [RUN]
[2025-10-15T19:02:13.727+0000] {subprocess.py:93} INFO - [0m19:02:13  3 of 3 START sql table model games_sentiment_analysis_silver.top_selling_games_reviews  [RUN]
[2025-10-15T19:02:22.922+0000] {subprocess.py:93} INFO - [0m19:02:22  1 of 3 OK created sql table model games_sentiment_analysis_silver.game_reviews_summary  [[32mOK 185[0m in 9.19s]
[2025-10-15T19:02:22.960+0000] {subprocess.py:93} INFO - [0m19:02:22  2 of 3 OK created sql table model games_sentiment_analysis_silver.top_selling_games_id  [[32mOK 23[0m in 9.23s]
[2025-10-15T19:02:29.397+0000] {subprocess.py:93} INFO - [0m19:02:29  3 of 3 OK created sql table model games_sentiment_analysis_silver.top_selling_games_reviews  [[32mOK 83468[0m in 15.67s]
[2025-10-15T19:02:29.403+0000] {subprocess.py:93} INFO - [0m19:02:29
[2025-10-15T19:02:29.403+0000] {subprocess.py:93} INFO - [0m19:02:29  Finished running 3 table models in 0 hours 0 minutes and 17.00 seconds (17.00s).
[2025-10-15T19:02:29.427+0000] {subprocess.py:93} INFO - [0m19:02:29
[2025-10-15T19:02:29.428+0000] {subprocess.py:93} INFO - [0m19:02:29  [32mCompleted successfully[0m
[2025-10-15T19:02:29.428+0000] {subprocess.py:93} INFO - [0m19:02:29
[2025-10-15T19:02:29.428+0000] {subprocess.py:93} INFO - [0m19:02:29  Done. PASS=3 WARN=0 ERROR=0 SKIP=0 NO-OP=0 TOTAL=3
[2025-10-15T19:02:30.186+0000] {subprocess.py:97} INFO - Command exited with return code 0
[2025-10-15T19:02:30.187+0000] {taskinstance.py:441} INFO - ::group::Post task execution logs
[2025-10-15T19:02:30.201+0000] {taskinstance.py:1206} INFO - Marking task as SUCCESS. dag_id=game_sentiment_data_pipeline, task_id=dbt_run, run_id=manual__2025-10-15T19:01:23.792059+00:00, execution_date=20251015T190123, start_date=20251015T190209, end_date=20251015T190230
[2025-10-15T19:02:30.253+0000] {local_task_job_runner.py:243} INFO - Task exited with return code 0
[2025-10-15T19:02:30.275+0000] {taskinstance.py:3503} INFO - 1 downstream tasks scheduled from follow-on schedule check
[2025-10-15T19:02:30.276+0000] {local_task_job_runner.py:222} INFO - ::endgroup::
