[2025-10-21T23:13:45.950+0000] {local_task_job_runner.py:120} INFO - ::group::Pre task execution logs
[2025-10-21T23:13:45.968+0000] {taskinstance.py:2076} INFO - Dependencies all met for dep_context=non-requeueable deps ti=<TaskInstance: game_sentiment_data_pipeline.dbt_run_top_selling_games_reviews manual__2025-10-21T23:12:31.197809+00:00 [queued]>
[2025-10-21T23:13:45.973+0000] {taskinstance.py:2076} INFO - Dependencies all met for dep_context=requeueable deps ti=<TaskInstance: game_sentiment_data_pipeline.dbt_run_top_selling_games_reviews manual__2025-10-21T23:12:31.197809+00:00 [queued]>
[2025-10-21T23:13:45.973+0000] {taskinstance.py:2306} INFO - Starting attempt 1 of 1
[2025-10-21T23:13:45.979+0000] {taskinstance.py:2330} INFO - Executing <Task(BashOperator): dbt_run_top_selling_games_reviews> on 2025-10-21 23:12:31.197809+00:00
[2025-10-21T23:13:45.984+0000] {warnings.py:112} WARNING - /home/***/.local/lib/python3.12/site-packages/***/task/task_runner/standard_task_runner.py:62: DeprecationWarning: This process (pid=417) is multi-threaded, use of fork() may lead to deadlocks in the child.
  pid = os.fork()

[2025-10-21T23:13:45.985+0000] {standard_task_runner.py:64} INFO - Started process 418 to run task
[2025-10-21T23:13:45.985+0000] {standard_task_runner.py:90} INFO - Running: ['***', 'tasks', 'run', 'game_sentiment_data_pipeline', 'dbt_run_top_selling_games_reviews', 'manual__2025-10-21T23:12:31.197809+00:00', '--job-id', '128', '--raw', '--subdir', 'DAGS_FOLDER/dag_pipeline.py', '--cfg-path', '/tmp/tmpr5vkztgf']
[2025-10-21T23:13:45.986+0000] {standard_task_runner.py:91} INFO - Job 128: Subtask dbt_run_top_selling_games_reviews
[2025-10-21T23:13:46.018+0000] {task_command.py:426} INFO - Running <TaskInstance: game_sentiment_data_pipeline.dbt_run_top_selling_games_reviews manual__2025-10-21T23:12:31.197809+00:00 [running]> on host 78a5e601f5ac
[2025-10-21T23:13:46.074+0000] {taskinstance.py:2648} INFO - Exporting env vars: AIRFLOW_CTX_DAG_OWNER='***' AIRFLOW_CTX_DAG_ID='game_sentiment_data_pipeline' AIRFLOW_CTX_TASK_ID='dbt_run_top_selling_games_reviews' AIRFLOW_CTX_EXECUTION_DATE='2025-10-21T23:12:31.197809+00:00' AIRFLOW_CTX_TRY_NUMBER='1' AIRFLOW_CTX_DAG_RUN_ID='manual__2025-10-21T23:12:31.197809+00:00'
[2025-10-21T23:13:46.075+0000] {taskinstance.py:430} INFO - ::endgroup::
[2025-10-21T23:13:46.085+0000] {subprocess.py:63} INFO - Tmp dir root location: /tmp
[2025-10-21T23:13:46.086+0000] {subprocess.py:75} INFO - Running command: ['/usr/bin/bash', '-c', 'cd /opt/***/silver_layer && /home/***/.local/bin/dbt run --select top_selling_games_reviews --full-refresh']
[2025-10-21T23:13:46.092+0000] {subprocess.py:86} INFO - Output:
[2025-10-21T23:13:47.637+0000] {subprocess.py:93} INFO - [0m23:13:47  Running with dbt=1.10.13
[2025-10-21T23:13:48.031+0000] {subprocess.py:93} INFO - [0m23:13:48  Registered adapter: athena=1.9.5
[2025-10-21T23:13:48.398+0000] {subprocess.py:93} INFO - [0m23:13:48  Found 3 models, 6 sources, 474 macros
[2025-10-21T23:13:48.401+0000] {subprocess.py:93} INFO - [0m23:13:48
[2025-10-21T23:13:48.402+0000] {subprocess.py:93} INFO - [0m23:13:48  Concurrency: 4 threads (target='dev')
[2025-10-21T23:13:48.403+0000] {subprocess.py:93} INFO - [0m23:13:48
[2025-10-21T23:13:49.404+0000] {subprocess.py:93} INFO - [0m23:13:49  1 of 1 START sql table model games_sentiment_analysis_silver.top_selling_games_reviews  [RUN]
[2025-10-21T23:13:57.093+0000] {subprocess.py:93} INFO - [0m23:13:57  1 of 1 OK created sql table model games_sentiment_analysis_silver.top_selling_games_reviews  [[32mOK 9689[0m in 7.68s]
[2025-10-21T23:13:57.097+0000] {subprocess.py:93} INFO - [0m23:13:57
[2025-10-21T23:13:57.098+0000] {subprocess.py:93} INFO - [0m23:13:57  Finished running 1 table model in 0 hours 0 minutes and 8.69 seconds (8.69s).
[2025-10-21T23:13:57.131+0000] {subprocess.py:93} INFO - [0m23:13:57
[2025-10-21T23:13:57.133+0000] {subprocess.py:93} INFO - [0m23:13:57  [32mCompleted successfully[0m
[2025-10-21T23:13:57.137+0000] {subprocess.py:93} INFO - [0m23:13:57
[2025-10-21T23:13:57.137+0000] {subprocess.py:93} INFO - [0m23:13:57  Done. PASS=1 WARN=0 ERROR=0 SKIP=0 NO-OP=0 TOTAL=1
[2025-10-21T23:13:58.959+0000] {subprocess.py:97} INFO - Command exited with return code 0
[2025-10-21T23:13:58.962+0000] {taskinstance.py:441} INFO - ::group::Post task execution logs
[2025-10-21T23:13:59.017+0000] {taskinstance.py:1206} INFO - Marking task as SUCCESS. dag_id=game_sentiment_data_pipeline, task_id=dbt_run_top_selling_games_reviews, run_id=manual__2025-10-21T23:12:31.197809+00:00, execution_date=20251021T231231, start_date=20251021T231345, end_date=20251021T231359
[2025-10-21T23:13:59.088+0000] {local_task_job_runner.py:243} INFO - Task exited with return code 0
[2025-10-21T23:13:59.143+0000] {taskinstance.py:3503} INFO - 1 downstream tasks scheduled from follow-on schedule check
[2025-10-21T23:13:59.145+0000] {local_task_job_runner.py:222} INFO - ::endgroup::
