[2025-10-15T18:58:04.774+0000] {local_task_job_runner.py:120} INFO - ::group::Pre task execution logs
[2025-10-15T18:58:04.786+0000] {taskinstance.py:2076} INFO - Dependencies all met for dep_context=non-requeueable deps ti=<TaskInstance: game_sentiment_data_pipeline.bronze_lambda_gms_rvws manual__2025-10-15T18:58:03.939062+00:00 [queued]>
[2025-10-15T18:58:04.790+0000] {taskinstance.py:2076} INFO - Dependencies all met for dep_context=requeueable deps ti=<TaskInstance: game_sentiment_data_pipeline.bronze_lambda_gms_rvws manual__2025-10-15T18:58:03.939062+00:00 [queued]>
[2025-10-15T18:58:04.790+0000] {taskinstance.py:2306} INFO - Starting attempt 1 of 1
[2025-10-15T18:58:04.795+0000] {taskinstance.py:2330} INFO - Executing <Task(PythonOperator): bronze_lambda_gms_rvws> on 2025-10-15 18:58:03.939062+00:00
[2025-10-15T18:58:04.799+0000] {warnings.py:112} WARNING - /home/***/.local/lib/python3.12/site-packages/***/task/task_runner/standard_task_runner.py:62: DeprecationWarning: This process (pid=193) is multi-threaded, use of fork() may lead to deadlocks in the child.
  pid = os.fork()

[2025-10-15T18:58:04.800+0000] {standard_task_runner.py:64} INFO - Started process 194 to run task
[2025-10-15T18:58:04.800+0000] {standard_task_runner.py:90} INFO - Running: ['***', 'tasks', 'run', 'game_sentiment_data_pipeline', 'bronze_lambda_gms_rvws', 'manual__2025-10-15T18:58:03.939062+00:00', '--job-id', '50', '--raw', '--subdir', 'DAGS_FOLDER/dag_pipeline.py', '--cfg-path', '/tmp/tmp6jmchlsc']
[2025-10-15T18:58:04.801+0000] {standard_task_runner.py:91} INFO - Job 50: Subtask bronze_lambda_gms_rvws
[2025-10-15T18:58:04.822+0000] {task_command.py:426} INFO - Running <TaskInstance: game_sentiment_data_pipeline.bronze_lambda_gms_rvws manual__2025-10-15T18:58:03.939062+00:00 [running]> on host 9c9293c52211
[2025-10-15T18:58:04.861+0000] {taskinstance.py:2648} INFO - Exporting env vars: AIRFLOW_CTX_DAG_OWNER='***' AIRFLOW_CTX_DAG_ID='game_sentiment_data_pipeline' AIRFLOW_CTX_TASK_ID='bronze_lambda_gms_rvws' AIRFLOW_CTX_EXECUTION_DATE='2025-10-15T18:58:03.939062+00:00' AIRFLOW_CTX_TRY_NUMBER='1' AIRFLOW_CTX_DAG_RUN_ID='manual__2025-10-15T18:58:03.939062+00:00'
[2025-10-15T18:58:04.862+0000] {taskinstance.py:430} INFO - ::endgroup::
[2025-10-15T18:58:04.869+0000] {logging_mixin.py:188} INFO - Invoking Lambda function: bronze_lambda_with_docker
[2025-10-15T18:58:54.376+0000] {logging_mixin.py:188} INFO - Lambda response: {'ResponseMetadata': {'RequestId': '31ea70cf-1466-4c3a-a752-d7c71babb4d0', 'HTTPStatusCode': 200, 'HTTPHeaders': {'date': 'Wed, 15 Oct 2025 18:58:54 GMT', 'content-type': 'application/json', 'content-length': '2645', 'connection': 'keep-alive', 'x-amzn-requestid': '31ea70cf-1466-4c3a-a752-d7c71babb4d0', 'x-amzn-remapped-content-length': '0', 'x-amz-executed-version': '$LATEST', 'x-amzn-trace-id': 'Root=1-68efeebc-5c5856a756c2e14146df3d59;Parent=75eb5c6131d373f7;Sampled=0;Lineage=1:69f9b93a:0'}, 'RetryAttempts': 0}, 'StatusCode': 200, 'ExecutedVersion': '$LATEST', 'Payload': <botocore.response.StreamingBody object at 0xffffaaa2cc40>}
[2025-10-15T18:58:54.378+0000] {logging_mixin.py:188} INFO - Lambda output: {"status": "success", "topsellers_s3": "s3://vgsa/bronze/topsellers_1760554685.parquet", "reviewsummary_s3": ["s3://vgsa/bronze/reviewsummary/game_id=2807960/1760554685.parquet", "s3://vgsa/bronze/reviewsummary/game_id=2062430/1760554685.parquet", "s3://vgsa/bronze/reviewsummary/game_id=3405690/1760554685.parquet", "s3://vgsa/bronze/reviewsummary/game_id=381210/1760554685.parquet", "s3://vgsa/bronze/reviewsummary/game_id=3024040/1760554685.parquet", "s3://vgsa/bronze/reviewsummary/game_id=1984270/1760554685.parquet", "s3://vgsa/bronze/reviewsummary/game_id=3405340/1760554685.parquet", "s3://vgsa/bronze/reviewsummary/game_id=1063730/1760554685.parquet", "s3://vgsa/bronze/reviewsummary/game_id=3551340/1760554685.parquet", "s3://vgsa/bronze/reviewsummary/game_id=3574360/1760554685.parquet", "s3://vgsa/bronze/reviewsummary/game_id=1222140/1760554685.parquet", "s3://vgsa/bronze/reviewsummary/game_id=582660/1760554685.parquet", "s3://vgsa/bronze/reviewsummary/game_id=2958130/1760554685.parquet", "s3://vgsa/bronze/reviewsummary/game_id=3314790/1760554685.parquet", "s3://vgsa/bronze/reviewsummary/game_id=1401590/1760554685.parquet", "s3://vgsa/bronze/reviewsummary/game_id=1174180/1760554685.parquet", "s3://vgsa/bronze/reviewsummary/game_id=3008130/1760554685.parquet", "s3://vgsa/bronze/reviewsummary/game_id=3274580/1760554685.parquet", "s3://vgsa/bronze/reviewsummary/game_id=227300/1760554685.parquet", "s3://vgsa/bronze/reviewsummary/game_id=1363080/1760554685.parquet", "s3://vgsa/bronze/reviewsummary/game_id=3450310/1760554685.parquet"], "reviewdetail_s3": ["s3://vgsa/bronze/reviews/game_id=2807960/1760554685.parquet", "s3://vgsa/bronze/reviews/game_id=2062430/1760554685.parquet", "s3://vgsa/bronze/reviews/game_id=3405690/1760554685.parquet", "s3://vgsa/bronze/reviews/game_id=381210/1760554685.parquet", "s3://vgsa/bronze/reviews/game_id=3024040/1760554685.parquet", "s3://vgsa/bronze/reviews/game_id=1984270/1760554685.parquet", "s3://vgsa/bronze/reviews/game_id=3405340/1760554685.parquet", "s3://vgsa/bronze/reviews/game_id=1063730/1760554685.parquet", "s3://vgsa/bronze/reviews/game_id=3574360/1760554685.parquet", "s3://vgsa/bronze/reviews/game_id=1222140/1760554685.parquet", "s3://vgsa/bronze/reviews/game_id=582660/1760554685.parquet", "s3://vgsa/bronze/reviews/game_id=3314790/1760554685.parquet", "s3://vgsa/bronze/reviews/game_id=1401590/1760554685.parquet", "s3://vgsa/bronze/reviews/game_id=1174180/1760554685.parquet", "s3://vgsa/bronze/reviews/game_id=3008130/1760554685.parquet", "s3://vgsa/bronze/reviews/game_id=227300/1760554685.parquet", "s3://vgsa/bronze/reviews/game_id=1363080/1760554685.parquet"]}
[2025-10-15T18:58:54.379+0000] {python.py:237} INFO - Done. Returned value was: None
[2025-10-15T18:58:54.382+0000] {taskinstance.py:441} INFO - ::group::Post task execution logs
[2025-10-15T18:58:54.400+0000] {taskinstance.py:1206} INFO - Marking task as SUCCESS. dag_id=game_sentiment_data_pipeline, task_id=bronze_lambda_gms_rvws, run_id=manual__2025-10-15T18:58:03.939062+00:00, execution_date=20251015T185803, start_date=20251015T185804, end_date=20251015T185854
[2025-10-15T18:58:54.454+0000] {local_task_job_runner.py:243} INFO - Task exited with return code 0
[2025-10-15T18:58:54.485+0000] {taskinstance.py:3503} INFO - 1 downstream tasks scheduled from follow-on schedule check
[2025-10-15T18:58:54.486+0000] {local_task_job_runner.py:222} INFO - ::endgroup::
