[2025-10-21T19:19:48.733+0000] {local_task_job_runner.py:120} INFO - ::group::Pre task execution logs
[2025-10-21T19:19:48.746+0000] {taskinstance.py:2076} INFO - Dependencies all met for dep_context=non-requeueable deps ti=<TaskInstance: game_sentiment_data_pipeline.bronze_lambda_gms_rvws manual__2025-10-21T19:19:47.378874+00:00 [queued]>
[2025-10-21T19:19:48.749+0000] {taskinstance.py:2076} INFO - Dependencies all met for dep_context=requeueable deps ti=<TaskInstance: game_sentiment_data_pipeline.bronze_lambda_gms_rvws manual__2025-10-21T19:19:47.378874+00:00 [queued]>
[2025-10-21T19:19:48.749+0000] {taskinstance.py:2306} INFO - Starting attempt 1 of 1
[2025-10-21T19:19:48.754+0000] {taskinstance.py:2330} INFO - Executing <Task(PythonOperator): bronze_lambda_gms_rvws> on 2025-10-21 19:19:47.378874+00:00
[2025-10-21T19:19:48.758+0000] {warnings.py:112} WARNING - /home/***/.local/lib/python3.12/site-packages/***/task/task_runner/standard_task_runner.py:62: DeprecationWarning: This process (pid=369) is multi-threaded, use of fork() may lead to deadlocks in the child.
  pid = os.fork()

[2025-10-21T19:19:48.764+0000] {standard_task_runner.py:64} INFO - Started process 370 to run task
[2025-10-21T19:19:48.760+0000] {standard_task_runner.py:90} INFO - Running: ['***', 'tasks', 'run', 'game_sentiment_data_pipeline', 'bronze_lambda_gms_rvws', 'manual__2025-10-21T19:19:47.378874+00:00', '--job-id', '92', '--raw', '--subdir', 'DAGS_FOLDER/dag_pipeline.py', '--cfg-path', '/tmp/tmpqzuxu2lb']
[2025-10-21T19:19:48.769+0000] {standard_task_runner.py:91} INFO - Job 92: Subtask bronze_lambda_gms_rvws
[2025-10-21T19:19:48.797+0000] {task_command.py:426} INFO - Running <TaskInstance: game_sentiment_data_pipeline.bronze_lambda_gms_rvws manual__2025-10-21T19:19:47.378874+00:00 [running]> on host 853ab210954c
[2025-10-21T19:19:48.841+0000] {taskinstance.py:2648} INFO - Exporting env vars: AIRFLOW_CTX_DAG_OWNER='***' AIRFLOW_CTX_DAG_ID='game_sentiment_data_pipeline' AIRFLOW_CTX_TASK_ID='bronze_lambda_gms_rvws' AIRFLOW_CTX_EXECUTION_DATE='2025-10-21T19:19:47.378874+00:00' AIRFLOW_CTX_TRY_NUMBER='1' AIRFLOW_CTX_DAG_RUN_ID='manual__2025-10-21T19:19:47.378874+00:00'
[2025-10-21T19:19:48.841+0000] {taskinstance.py:430} INFO - ::endgroup::
[2025-10-21T19:19:48.849+0000] {logging_mixin.py:188} INFO - Invoking Lambda function: bronze_lambda_with_docker
[2025-10-21T19:20:37.594+0000] {logging_mixin.py:188} INFO - Lambda response: {'ResponseMetadata': {'RequestId': 'c6862170-0dc0-4452-ac41-f2f3abf0f787', 'HTTPStatusCode': 200, 'HTTPHeaders': {'date': 'Tue, 21 Oct 2025 19:20:37 GMT', 'content-type': 'application/json', 'content-length': '2633', 'connection': 'keep-alive', 'x-amzn-requestid': 'c6862170-0dc0-4452-ac41-f2f3abf0f787', 'x-amzn-remapped-content-length': '0', 'x-amz-executed-version': '$LATEST', 'x-amzn-trace-id': 'Root=1-68f7dcd4-1a8aa56528e1bedc51b772fe;Parent=6ec69eca3586af59;Sampled=0;Lineage=1:69f9b93a:0'}, 'RetryAttempts': 0}, 'StatusCode': 200, 'ExecutedVersion': '$LATEST', 'Payload': <botocore.response.StreamingBody object at 0xffffa6f51750>}
[2025-10-21T19:20:37.599+0000] {logging_mixin.py:188} INFO - Lambda output: {"status": "success", "topsellers_s3": "s3://vgsa/bronze/topsellers_1761074389.parquet", "reviewsummary_s3": ["s3://vgsa/bronze/reviewsummary/game_id=2807960/1761074389.parquet", "s3://vgsa/bronze/reviewsummary/game_id=2958130/1761074389.parquet", "s3://vgsa/bronze/reviewsummary/game_id=3949040/1761074389.parquet", "s3://vgsa/bronze/reviewsummary/game_id=2352620/1761074389.parquet", "s3://vgsa/bronze/reviewsummary/game_id=3551340/1761074389.parquet", "s3://vgsa/bronze/reviewsummary/game_id=3274580/1761074389.parquet", "s3://vgsa/bronze/reviewsummary/game_id=3405690/1761074389.parquet", "s3://vgsa/bronze/reviewsummary/game_id=990080/1761074389.parquet", "s3://vgsa/bronze/reviewsummary/game_id=381210/1761074389.parquet", "s3://vgsa/bronze/reviewsummary/game_id=2062430/1761074389.parquet", "s3://vgsa/bronze/reviewsummary/game_id=3405340/1761074389.parquet", "s3://vgsa/bronze/reviewsummary/game_id=518790/1761074389.parquet", "s3://vgsa/bronze/reviewsummary/game_id=1984270/1761074389.parquet", "s3://vgsa/bronze/reviewsummary/game_id=3059520/1761074389.parquet", "s3://vgsa/bronze/reviewsummary/game_id=275850/1761074389.parquet", "s3://vgsa/bronze/reviewsummary/game_id=2183900/1761074389.parquet", "s3://vgsa/bronze/reviewsummary/game_id=3656800/1761074389.parquet", "s3://vgsa/bronze/reviewsummary/game_id=526870/1761074389.parquet", "s3://vgsa/bronze/reviewsummary/game_id=1328670/1761074389.parquet", "s3://vgsa/bronze/reviewsummary/game_id=594650/1761074389.parquet"], "reviewdetail_s3": ["s3://vgsa/bronze/reviews/game_id=2807960/1761074389.parquet", "s3://vgsa/bronze/reviews/game_id=2958130/1761074389.parquet", "s3://vgsa/bronze/reviews/game_id=3949040/1761074389.parquet", "s3://vgsa/bronze/reviews/game_id=2352620/1761074389.parquet", "s3://vgsa/bronze/reviews/game_id=3405690/1761074389.parquet", "s3://vgsa/bronze/reviews/game_id=990080/1761074389.parquet", "s3://vgsa/bronze/reviews/game_id=381210/1761074389.parquet", "s3://vgsa/bronze/reviews/game_id=2062430/1761074389.parquet", "s3://vgsa/bronze/reviews/game_id=3405340/1761074389.parquet", "s3://vgsa/bronze/reviews/game_id=518790/1761074389.parquet", "s3://vgsa/bronze/reviews/game_id=1984270/1761074389.parquet", "s3://vgsa/bronze/reviews/game_id=3059520/1761074389.parquet", "s3://vgsa/bronze/reviews/game_id=275850/1761074389.parquet", "s3://vgsa/bronze/reviews/game_id=2183900/1761074389.parquet", "s3://vgsa/bronze/reviews/game_id=3656800/1761074389.parquet", "s3://vgsa/bronze/reviews/game_id=526870/1761074389.parquet", "s3://vgsa/bronze/reviews/game_id=1328670/1761074389.parquet", "s3://vgsa/bronze/reviews/game_id=594650/1761074389.parquet"]}
[2025-10-21T19:20:37.617+0000] {python.py:237} INFO - Done. Returned value was: None
[2025-10-21T19:20:37.631+0000] {taskinstance.py:441} INFO - ::group::Post task execution logs
[2025-10-21T19:20:37.647+0000] {taskinstance.py:1206} INFO - Marking task as SUCCESS. dag_id=game_sentiment_data_pipeline, task_id=bronze_lambda_gms_rvws, run_id=manual__2025-10-21T19:19:47.378874+00:00, execution_date=20251021T191947, start_date=20251021T191948, end_date=20251021T192037
[2025-10-21T19:20:37.671+0000] {local_task_job_runner.py:243} INFO - Task exited with return code 0
[2025-10-21T19:20:37.686+0000] {taskinstance.py:3503} INFO - 1 downstream tasks scheduled from follow-on schedule check
[2025-10-21T19:20:37.687+0000] {local_task_job_runner.py:222} INFO - ::endgroup::
