[2025-10-15T19:47:00.844+0000] {local_task_job_runner.py:120} INFO - ::group::Pre task execution logs
[2025-10-15T19:47:00.853+0000] {taskinstance.py:2076} INFO - Dependencies all met for dep_context=non-requeueable deps ti=<TaskInstance: game_sentiment_data_pipeline.bronze_lambda_gm_ids manual__2025-10-15T19:46:20.500444+00:00 [queued]>
[2025-10-15T19:47:00.856+0000] {taskinstance.py:2076} INFO - Dependencies all met for dep_context=requeueable deps ti=<TaskInstance: game_sentiment_data_pipeline.bronze_lambda_gm_ids manual__2025-10-15T19:46:20.500444+00:00 [queued]>
[2025-10-15T19:47:00.856+0000] {taskinstance.py:2306} INFO - Starting attempt 1 of 1
[2025-10-15T19:47:00.861+0000] {taskinstance.py:2330} INFO - Executing <Task(PythonOperator): bronze_lambda_gm_ids> on 2025-10-15 19:46:20.500444+00:00
[2025-10-15T19:47:00.863+0000] {warnings.py:112} WARNING - /home/***/.local/lib/python3.12/site-packages/***/task/task_runner/standard_task_runner.py:62: DeprecationWarning: This process (pid=720) is multi-threaded, use of fork() may lead to deadlocks in the child.
  pid = os.fork()

[2025-10-15T19:47:00.864+0000] {standard_task_runner.py:64} INFO - Started process 721 to run task
[2025-10-15T19:47:00.864+0000] {standard_task_runner.py:90} INFO - Running: ['***', 'tasks', 'run', 'game_sentiment_data_pipeline', 'bronze_lambda_gm_ids', 'manual__2025-10-15T19:46:20.500444+00:00', '--job-id', '61', '--raw', '--subdir', 'DAGS_FOLDER/dag_pipeline.py', '--cfg-path', '/tmp/tmpjtw1uu5p']
[2025-10-15T19:47:00.865+0000] {standard_task_runner.py:91} INFO - Job 61: Subtask bronze_lambda_gm_ids
[2025-10-15T19:47:00.881+0000] {task_command.py:426} INFO - Running <TaskInstance: game_sentiment_data_pipeline.bronze_lambda_gm_ids manual__2025-10-15T19:46:20.500444+00:00 [running]> on host 131cf7884cee
[2025-10-15T19:47:00.910+0000] {taskinstance.py:2648} INFO - Exporting env vars: AIRFLOW_CTX_DAG_OWNER='***' AIRFLOW_CTX_DAG_ID='game_sentiment_data_pipeline' AIRFLOW_CTX_TASK_ID='bronze_lambda_gm_ids' AIRFLOW_CTX_EXECUTION_DATE='2025-10-15T19:46:20.500444+00:00' AIRFLOW_CTX_TRY_NUMBER='1' AIRFLOW_CTX_DAG_RUN_ID='manual__2025-10-15T19:46:20.500444+00:00'
[2025-10-15T19:47:00.911+0000] {taskinstance.py:430} INFO - ::endgroup::
[2025-10-15T19:47:00.916+0000] {logging_mixin.py:188} INFO - Invoking Lambda function: bronze_game_id_name_docker
[2025-10-15T19:47:08.181+0000] {logging_mixin.py:188} INFO - Lambda response: {'ResponseMetadata': {'RequestId': 'dfada0fd-208a-4a5e-af1c-36d6c1598b6b', 'HTTPStatusCode': 200, 'HTTPHeaders': {'date': 'Wed, 15 Oct 2025 19:47:08 GMT', 'content-type': 'application/json', 'content-length': '69', 'connection': 'keep-alive', 'x-amzn-requestid': 'dfada0fd-208a-4a5e-af1c-36d6c1598b6b', 'x-amzn-remapped-content-length': '0', 'x-amz-executed-version': '$LATEST', 'x-amzn-trace-id': 'Root=1-68effa35-61c16b177a9927385f627a81;Parent=3c9c23027c6c55ad;Sampled=0;Lineage=1:ab20d15b:0'}, 'RetryAttempts': 0}, 'StatusCode': 200, 'ExecutedVersion': '$LATEST', 'Payload': <botocore.response.StreamingBody object at 0xffff8415d750>}
[2025-10-15T19:47:08.182+0000] {logging_mixin.py:188} INFO - Lambda output: {"status": "success", "app_id_s3": "s3://vgsa/bronze/app_id.parquet"}
[2025-10-15T19:47:08.182+0000] {python.py:237} INFO - Done. Returned value was: None
[2025-10-15T19:47:08.183+0000] {taskinstance.py:441} INFO - ::group::Post task execution logs
[2025-10-15T19:47:08.193+0000] {taskinstance.py:1206} INFO - Marking task as SUCCESS. dag_id=game_sentiment_data_pipeline, task_id=bronze_lambda_gm_ids, run_id=manual__2025-10-15T19:46:20.500444+00:00, execution_date=20251015T194620, start_date=20251015T194700, end_date=20251015T194708
[2025-10-15T19:47:08.229+0000] {local_task_job_runner.py:243} INFO - Task exited with return code 0
[2025-10-15T19:47:08.239+0000] {taskinstance.py:3503} INFO - 1 downstream tasks scheduled from follow-on schedule check
[2025-10-15T19:47:08.239+0000] {local_task_job_runner.py:222} INFO - ::endgroup::
