[2025-10-21T19:57:34.977+0000] {local_task_job_runner.py:120} INFO - ::group::Pre task execution logs
[2025-10-21T19:57:34.990+0000] {taskinstance.py:2076} INFO - Dependencies all met for dep_context=non-requeueable deps ti=<TaskInstance: game_sentiment_data_pipeline.bronze_lambda_gm_ids manual__2025-10-21T19:56:45.517434+00:00 [queued]>
[2025-10-21T19:57:34.994+0000] {taskinstance.py:2076} INFO - Dependencies all met for dep_context=requeueable deps ti=<TaskInstance: game_sentiment_data_pipeline.bronze_lambda_gm_ids manual__2025-10-21T19:56:45.517434+00:00 [queued]>
[2025-10-21T19:57:34.994+0000] {taskinstance.py:2306} INFO - Starting attempt 1 of 1
[2025-10-21T19:57:34.999+0000] {taskinstance.py:2330} INFO - Executing <Task(PythonOperator): bronze_lambda_gm_ids> on 2025-10-21 19:56:45.517434+00:00
[2025-10-21T19:57:35.002+0000] {warnings.py:112} WARNING - /home/***/.local/lib/python3.12/site-packages/***/task/task_runner/standard_task_runner.py:62: DeprecationWarning: This process (pid=930) is multi-threaded, use of fork() may lead to deadlocks in the child.
  pid = os.fork()

[2025-10-21T19:57:35.004+0000] {standard_task_runner.py:64} INFO - Started process 931 to run task
[2025-10-21T19:57:35.004+0000] {standard_task_runner.py:90} INFO - Running: ['***', 'tasks', 'run', 'game_sentiment_data_pipeline', 'bronze_lambda_gm_ids', 'manual__2025-10-21T19:56:45.517434+00:00', '--job-id', '100', '--raw', '--subdir', 'DAGS_FOLDER/dag_pipeline.py', '--cfg-path', '/tmp/tmpnl9spqdq']
[2025-10-21T19:57:35.005+0000] {standard_task_runner.py:91} INFO - Job 100: Subtask bronze_lambda_gm_ids
[2025-10-21T19:57:35.029+0000] {task_command.py:426} INFO - Running <TaskInstance: game_sentiment_data_pipeline.bronze_lambda_gm_ids manual__2025-10-21T19:56:45.517434+00:00 [running]> on host 853ab210954c
[2025-10-21T19:57:35.070+0000] {taskinstance.py:2648} INFO - Exporting env vars: AIRFLOW_CTX_DAG_OWNER='***' AIRFLOW_CTX_DAG_ID='game_sentiment_data_pipeline' AIRFLOW_CTX_TASK_ID='bronze_lambda_gm_ids' AIRFLOW_CTX_EXECUTION_DATE='2025-10-21T19:56:45.517434+00:00' AIRFLOW_CTX_TRY_NUMBER='1' AIRFLOW_CTX_DAG_RUN_ID='manual__2025-10-21T19:56:45.517434+00:00'
[2025-10-21T19:57:35.071+0000] {taskinstance.py:430} INFO - ::endgroup::
[2025-10-21T19:57:35.078+0000] {logging_mixin.py:188} INFO - Invoking Lambda function: bronze_game_id_name_docker
[2025-10-21T19:57:42.183+0000] {logging_mixin.py:188} INFO - Lambda response: {'ResponseMetadata': {'RequestId': 'c2489da8-2249-4c92-9651-2c77c54a6e12', 'HTTPStatusCode': 200, 'HTTPHeaders': {'date': 'Tue, 21 Oct 2025 19:57:42 GMT', 'content-type': 'application/json', 'content-length': '78', 'connection': 'keep-alive', 'x-amzn-requestid': 'c2489da8-2249-4c92-9651-2c77c54a6e12', 'x-amzn-remapped-content-length': '0', 'x-amz-executed-version': '$LATEST', 'x-amzn-trace-id': 'Root=1-68f7e5af-01a8090b2d0e6f2e2de0397e;Parent=59a2f51dfb84b7ba;Sampled=0;Lineage=1:ab20d15b:0'}, 'RetryAttempts': 0}, 'StatusCode': 200, 'ExecutedVersion': '$LATEST', 'Payload': <botocore.response.StreamingBody object at 0xffff9e35ce50>}
[2025-10-21T19:57:42.184+0000] {logging_mixin.py:188} INFO - Lambda output: {"status": "success", "app_id_s3": "s3://vgsa/bronze//game_id/app_id.parquet"}
[2025-10-21T19:57:42.184+0000] {python.py:237} INFO - Done. Returned value was: None
[2025-10-21T19:57:42.185+0000] {taskinstance.py:441} INFO - ::group::Post task execution logs
[2025-10-21T19:57:42.194+0000] {taskinstance.py:1206} INFO - Marking task as SUCCESS. dag_id=game_sentiment_data_pipeline, task_id=bronze_lambda_gm_ids, run_id=manual__2025-10-21T19:56:45.517434+00:00, execution_date=20251021T195645, start_date=20251021T195734, end_date=20251021T195742
[2025-10-21T19:57:42.232+0000] {local_task_job_runner.py:243} INFO - Task exited with return code 0
[2025-10-21T19:57:42.243+0000] {taskinstance.py:3503} INFO - 1 downstream tasks scheduled from follow-on schedule check
[2025-10-21T19:57:42.243+0000] {local_task_job_runner.py:222} INFO - ::endgroup::
