[2025-10-15T20:29:59.119+0000] {local_task_job_runner.py:120} INFO - ::group::Pre task execution logs
[2025-10-15T20:29:59.129+0000] {taskinstance.py:2076} INFO - Dependencies all met for dep_context=non-requeueable deps ti=<TaskInstance: game_sentiment_data_pipeline.dbt_run manual__2025-10-15T20:28:49.558251+00:00 [queued]>
[2025-10-15T20:29:59.131+0000] {taskinstance.py:2076} INFO - Dependencies all met for dep_context=requeueable deps ti=<TaskInstance: game_sentiment_data_pipeline.dbt_run manual__2025-10-15T20:28:49.558251+00:00 [queued]>
[2025-10-15T20:29:59.132+0000] {taskinstance.py:2306} INFO - Starting attempt 1 of 1
[2025-10-15T20:29:59.136+0000] {taskinstance.py:2330} INFO - Executing <Task(BashOperator): dbt_run> on 2025-10-15 20:28:49.558251+00:00
[2025-10-15T20:29:59.138+0000] {warnings.py:112} WARNING - /home/***/.local/lib/python3.12/site-packages/***/task/task_runner/standard_task_runner.py:62: DeprecationWarning: This process (pid=588) is multi-threaded, use of fork() may lead to deadlocks in the child.
  pid = os.fork()

[2025-10-15T20:29:59.139+0000] {standard_task_runner.py:64} INFO - Started process 589 to run task
[2025-10-15T20:29:59.139+0000] {standard_task_runner.py:90} INFO - Running: ['***', 'tasks', 'run', 'game_sentiment_data_pipeline', 'dbt_run', 'manual__2025-10-15T20:28:49.558251+00:00', '--job-id', '80', '--raw', '--subdir', 'DAGS_FOLDER/dag_pipeline.py', '--cfg-path', '/tmp/tmpfzebedp2']
[2025-10-15T20:29:59.140+0000] {standard_task_runner.py:91} INFO - Job 80: Subtask dbt_run
[2025-10-15T20:29:59.156+0000] {task_command.py:426} INFO - Running <TaskInstance: game_sentiment_data_pipeline.dbt_run manual__2025-10-15T20:28:49.558251+00:00 [running]> on host e37ef65f9b61
[2025-10-15T20:29:59.187+0000] {taskinstance.py:2648} INFO - Exporting env vars: AIRFLOW_CTX_DAG_OWNER='***' AIRFLOW_CTX_DAG_ID='game_sentiment_data_pipeline' AIRFLOW_CTX_TASK_ID='dbt_run' AIRFLOW_CTX_EXECUTION_DATE='2025-10-15T20:28:49.558251+00:00' AIRFLOW_CTX_TRY_NUMBER='1' AIRFLOW_CTX_DAG_RUN_ID='manual__2025-10-15T20:28:49.558251+00:00'
[2025-10-15T20:29:59.187+0000] {taskinstance.py:430} INFO - ::endgroup::
[2025-10-15T20:29:59.192+0000] {subprocess.py:63} INFO - Tmp dir root location: /tmp
[2025-10-15T20:29:59.193+0000] {subprocess.py:75} INFO - Running command: ['/usr/bin/bash', '-c', 'cd /opt/***/silver_layer && /home/***/.local/bin/dbt run']
[2025-10-15T20:29:59.197+0000] {subprocess.py:86} INFO - Output:
[2025-10-15T20:30:00.237+0000] {subprocess.py:93} INFO - [0m20:30:00  Running with dbt=1.10.13
[2025-10-15T20:30:00.508+0000] {subprocess.py:93} INFO - [0m20:30:00  Registered adapter: athena=1.9.5
[2025-10-15T20:30:00.666+0000] {subprocess.py:93} INFO - [0m20:30:00  Found 3 models, 6 sources, 474 macros
[2025-10-15T20:30:00.667+0000] {subprocess.py:93} INFO - [0m20:30:00
[2025-10-15T20:30:00.667+0000] {subprocess.py:93} INFO - [0m20:30:00  Concurrency: 4 threads (target='dev')
[2025-10-15T20:30:00.667+0000] {subprocess.py:93} INFO - [0m20:30:00
[2025-10-15T20:30:01.499+0000] {subprocess.py:93} INFO - [0m20:30:01  1 of 3 START sql table model games_sentiment_analysis_silver.game_reviews_summary  [RUN]
[2025-10-15T20:30:01.500+0000] {subprocess.py:93} INFO - [0m20:30:01  2 of 3 START sql table model games_sentiment_analysis_silver.top_selling_games_id  [RUN]
[2025-10-15T20:30:01.500+0000] {subprocess.py:93} INFO - [0m20:30:01  3 of 3 START sql incremental model games_sentiment_analysis_silver.top_selling_games_reviews  [RUN]
[2025-10-15T20:30:06.933+0000] {subprocess.py:93} INFO - [0m20:30:06  2 of 3 OK created sql table model games_sentiment_analysis_silver.top_selling_games_id  [[32mOK 23[0m in 5.43s]
[2025-10-15T20:30:09.135+0000] {subprocess.py:93} INFO - [0m20:30:09  1 of 3 OK created sql table model games_sentiment_analysis_silver.game_reviews_summary  [[32mOK 529[0m in 7.63s]
[2025-10-15T20:30:17.717+0000] {subprocess.py:93} INFO - [0m20:30:17  3 of 3 OK created sql incremental model games_sentiment_analysis_silver.top_selling_games_reviews  [[32mOK 131562[0m in 16.22s]
[2025-10-15T20:30:17.721+0000] {subprocess.py:93} INFO - [0m20:30:17
[2025-10-15T20:30:17.721+0000] {subprocess.py:93} INFO - [0m20:30:17  Finished running 1 incremental model, 2 table models in 0 hours 0 minutes and 17.05 seconds (17.05s).
[2025-10-15T20:30:17.757+0000] {subprocess.py:93} INFO - [0m20:30:17
[2025-10-15T20:30:17.757+0000] {subprocess.py:93} INFO - [0m20:30:17  [32mCompleted successfully[0m
[2025-10-15T20:30:17.758+0000] {subprocess.py:93} INFO - [0m20:30:17
[2025-10-15T20:30:17.758+0000] {subprocess.py:93} INFO - [0m20:30:17  Done. PASS=3 WARN=0 ERROR=0 SKIP=0 NO-OP=0 TOTAL=3
[2025-10-15T20:30:18.428+0000] {subprocess.py:97} INFO - Command exited with return code 0
[2025-10-15T20:30:18.428+0000] {taskinstance.py:441} INFO - ::group::Post task execution logs
[2025-10-15T20:30:18.438+0000] {taskinstance.py:1206} INFO - Marking task as SUCCESS. dag_id=game_sentiment_data_pipeline, task_id=dbt_run, run_id=manual__2025-10-15T20:28:49.558251+00:00, execution_date=20251015T202849, start_date=20251015T202959, end_date=20251015T203018
[2025-10-15T20:30:18.448+0000] {local_task_job_runner.py:243} INFO - Task exited with return code 0
[2025-10-15T20:30:18.458+0000] {taskinstance.py:3503} INFO - 1 downstream tasks scheduled from follow-on schedule check
[2025-10-15T20:30:18.458+0000] {local_task_job_runner.py:222} INFO - ::endgroup::
