[2025-10-21T23:14:14.365+0000] {local_task_job_runner.py:120} INFO - ::group::Pre task execution logs
[2025-10-21T23:14:14.380+0000] {taskinstance.py:2076} INFO - Dependencies all met for dep_context=non-requeueable deps ti=<TaskInstance: game_sentiment_data_pipeline.DT manual__2025-10-21T23:12:31.197809+00:00 [queued]>
[2025-10-21T23:14:14.385+0000] {taskinstance.py:2076} INFO - Dependencies all met for dep_context=requeueable deps ti=<TaskInstance: game_sentiment_data_pipeline.DT manual__2025-10-21T23:12:31.197809+00:00 [queued]>
[2025-10-21T23:14:14.385+0000] {taskinstance.py:2306} INFO - Starting attempt 1 of 1
[2025-10-21T23:14:14.391+0000] {taskinstance.py:2330} INFO - Executing <Task(PythonOperator): DT> on 2025-10-21 23:12:31.197809+00:00
[2025-10-21T23:14:14.395+0000] {warnings.py:112} WARNING - /home/***/.local/lib/python3.12/site-packages/***/task/task_runner/standard_task_runner.py:62: DeprecationWarning: This process (pid=460) is multi-threaded, use of fork() may lead to deadlocks in the child.
  pid = os.fork()

[2025-10-21T23:14:14.396+0000] {standard_task_runner.py:64} INFO - Started process 461 to run task
[2025-10-21T23:14:14.397+0000] {standard_task_runner.py:90} INFO - Running: ['***', 'tasks', 'run', 'game_sentiment_data_pipeline', 'DT', 'manual__2025-10-21T23:12:31.197809+00:00', '--job-id', '131', '--raw', '--subdir', 'DAGS_FOLDER/dag_pipeline.py', '--cfg-path', '/tmp/tmpcbbry5rh']
[2025-10-21T23:14:14.398+0000] {standard_task_runner.py:91} INFO - Job 131: Subtask DT
[2025-10-21T23:14:14.426+0000] {task_command.py:426} INFO - Running <TaskInstance: game_sentiment_data_pipeline.DT manual__2025-10-21T23:12:31.197809+00:00 [running]> on host 78a5e601f5ac
[2025-10-21T23:14:14.472+0000] {taskinstance.py:2648} INFO - Exporting env vars: AIRFLOW_CTX_DAG_OWNER='***' AIRFLOW_CTX_DAG_ID='game_sentiment_data_pipeline' AIRFLOW_CTX_TASK_ID='DT' AIRFLOW_CTX_EXECUTION_DATE='2025-10-21T23:12:31.197809+00:00' AIRFLOW_CTX_TRY_NUMBER='1' AIRFLOW_CTX_DAG_RUN_ID='manual__2025-10-21T23:12:31.197809+00:00'
[2025-10-21T23:14:14.472+0000] {taskinstance.py:430} INFO - ::endgroup::
[2025-10-21T23:14:14.482+0000] {logging_mixin.py:188} INFO - Invoking Lambda function: DataTransfer
[2025-10-21T23:14:35.759+0000] {logging_mixin.py:188} INFO - Lambda response: {'ResponseMetadata': {'RequestId': '76edecf3-02f9-4093-8087-6c63d97bc163', 'HTTPStatusCode': 200, 'HTTPHeaders': {'date': 'Tue, 21 Oct 2025 23:14:35 GMT', 'content-type': 'application/json', 'content-length': '67', 'connection': 'keep-alive', 'x-amzn-requestid': '76edecf3-02f9-4093-8087-6c63d97bc163', 'x-amzn-remapped-content-length': '0', 'x-amz-executed-version': '$LATEST', 'x-amzn-trace-id': 'Root=1-68f813c6-4206303f09e49c1a4b902ac8;Parent=16c88a05d107f498;Sampled=0;Lineage=1:6ca1d8aa:0'}, 'RetryAttempts': 0}, 'StatusCode': 200, 'ExecutedVersion': '$LATEST', 'Payload': <botocore.response.StreamingBody object at 0xffff9fd5cdf0>}
[2025-10-21T23:14:35.763+0000] {logging_mixin.py:188} INFO - Lambda output: {"statusCode": 200, "body": "Uploaded from bucket to google sheet"}
[2025-10-21T23:14:35.764+0000] {python.py:237} INFO - Done. Returned value was: None
[2025-10-21T23:14:35.766+0000] {taskinstance.py:441} INFO - ::group::Post task execution logs
[2025-10-21T23:14:35.791+0000] {taskinstance.py:1206} INFO - Marking task as SUCCESS. dag_id=game_sentiment_data_pipeline, task_id=DT, run_id=manual__2025-10-21T23:12:31.197809+00:00, execution_date=20251021T231231, start_date=20251021T231414, end_date=20251021T231435
[2025-10-21T23:14:35.856+0000] {local_task_job_runner.py:243} INFO - Task exited with return code 0
[2025-10-21T23:14:35.886+0000] {taskinstance.py:3503} INFO - 0 downstream tasks scheduled from follow-on schedule check
[2025-10-21T23:14:35.887+0000] {local_task_job_runner.py:222} INFO - ::endgroup::
