[2025-10-21T19:58:08.069+0000] {local_task_job_runner.py:120} INFO - ::group::Pre task execution logs
[2025-10-21T19:58:08.080+0000] {taskinstance.py:2076} INFO - Dependencies all met for dep_context=non-requeueable deps ti=<TaskInstance: game_sentiment_data_pipeline.dbt_run_top_selling_game_reviews_summary manual__2025-10-21T19:56:45.517434+00:00 [queued]>
[2025-10-21T19:58:08.084+0000] {taskinstance.py:2076} INFO - Dependencies all met for dep_context=requeueable deps ti=<TaskInstance: game_sentiment_data_pipeline.dbt_run_top_selling_game_reviews_summary manual__2025-10-21T19:56:45.517434+00:00 [queued]>
[2025-10-21T19:58:08.085+0000] {taskinstance.py:2306} INFO - Starting attempt 1 of 1
[2025-10-21T19:58:08.090+0000] {taskinstance.py:2330} INFO - Executing <Task(BashOperator): dbt_run_top_selling_game_reviews_summary> on 2025-10-21 19:56:45.517434+00:00
[2025-10-21T19:58:08.093+0000] {warnings.py:112} WARNING - /home/***/.local/lib/python3.12/site-packages/***/task/task_runner/standard_task_runner.py:62: DeprecationWarning: This process (pid=973) is multi-threaded, use of fork() may lead to deadlocks in the child.
  pid = os.fork()

[2025-10-21T19:58:08.094+0000] {standard_task_runner.py:64} INFO - Started process 974 to run task
[2025-10-21T19:58:08.094+0000] {standard_task_runner.py:90} INFO - Running: ['***', 'tasks', 'run', 'game_sentiment_data_pipeline', 'dbt_run_top_selling_game_reviews_summary', 'manual__2025-10-21T19:56:45.517434+00:00', '--job-id', '103', '--raw', '--subdir', 'DAGS_FOLDER/dag_pipeline.py', '--cfg-path', '/tmp/tmp24av9kpy']
[2025-10-21T19:58:08.095+0000] {standard_task_runner.py:91} INFO - Job 103: Subtask dbt_run_top_selling_game_reviews_summary
[2025-10-21T19:58:08.115+0000] {task_command.py:426} INFO - Running <TaskInstance: game_sentiment_data_pipeline.dbt_run_top_selling_game_reviews_summary manual__2025-10-21T19:56:45.517434+00:00 [running]> on host 853ab210954c
[2025-10-21T19:58:08.144+0000] {taskinstance.py:2648} INFO - Exporting env vars: AIRFLOW_CTX_DAG_OWNER='***' AIRFLOW_CTX_DAG_ID='game_sentiment_data_pipeline' AIRFLOW_CTX_TASK_ID='dbt_run_top_selling_game_reviews_summary' AIRFLOW_CTX_EXECUTION_DATE='2025-10-21T19:56:45.517434+00:00' AIRFLOW_CTX_TRY_NUMBER='1' AIRFLOW_CTX_DAG_RUN_ID='manual__2025-10-21T19:56:45.517434+00:00'
[2025-10-21T19:58:08.145+0000] {taskinstance.py:430} INFO - ::endgroup::
[2025-10-21T19:58:08.150+0000] {subprocess.py:63} INFO - Tmp dir root location: /tmp
[2025-10-21T19:58:08.150+0000] {subprocess.py:75} INFO - Running command: ['/usr/bin/bash', '-c', 'cd /opt/***/silver_layer && /home/***/.local/bin/dbt run --select game_reviews_summary --full-refresh']
[2025-10-21T19:58:08.154+0000] {subprocess.py:86} INFO - Output:
[2025-10-21T19:58:09.295+0000] {subprocess.py:93} INFO - [0m19:58:09  Running with dbt=1.10.13
[2025-10-21T19:58:09.597+0000] {subprocess.py:93} INFO - [0m19:58:09  Registered adapter: athena=1.9.5
[2025-10-21T19:58:09.791+0000] {subprocess.py:93} INFO - [0m19:58:09  Found 3 models, 6 sources, 474 macros
[2025-10-21T19:58:09.792+0000] {subprocess.py:93} INFO - [0m19:58:09
[2025-10-21T19:58:09.793+0000] {subprocess.py:93} INFO - [0m19:58:09  Concurrency: 4 threads (target='dev')
[2025-10-21T19:58:09.793+0000] {subprocess.py:93} INFO - [0m19:58:09
[2025-10-21T19:58:10.676+0000] {subprocess.py:93} INFO - [0m19:58:10  1 of 1 START sql table model games_sentiment_analysis_silver.game_reviews_summary  [RUN]
[2025-10-21T19:58:18.152+0000] {subprocess.py:93} INFO - [0m19:58:18  1 of 1 OK created sql table model games_sentiment_analysis_silver.game_reviews_summary  [[32mOK 37[0m in 7.47s]
[2025-10-21T19:58:18.155+0000] {subprocess.py:93} INFO - [0m19:58:18
[2025-10-21T19:58:18.156+0000] {subprocess.py:93} INFO - [0m19:58:18  Finished running 1 table model in 0 hours 0 minutes and 8.36 seconds (8.36s).
[2025-10-21T19:58:18.175+0000] {subprocess.py:93} INFO - [0m19:58:18
[2025-10-21T19:58:18.175+0000] {subprocess.py:93} INFO - [0m19:58:18  [32mCompleted successfully[0m
[2025-10-21T19:58:18.175+0000] {subprocess.py:93} INFO - [0m19:58:18
[2025-10-21T19:58:18.176+0000] {subprocess.py:93} INFO - [0m19:58:18  Done. PASS=1 WARN=0 ERROR=0 SKIP=0 NO-OP=0 TOTAL=1
[2025-10-21T19:58:18.825+0000] {subprocess.py:97} INFO - Command exited with return code 0
[2025-10-21T19:58:18.825+0000] {taskinstance.py:441} INFO - ::group::Post task execution logs
[2025-10-21T19:58:18.835+0000] {taskinstance.py:1206} INFO - Marking task as SUCCESS. dag_id=game_sentiment_data_pipeline, task_id=dbt_run_top_selling_game_reviews_summary, run_id=manual__2025-10-21T19:56:45.517434+00:00, execution_date=20251021T195645, start_date=20251021T195808, end_date=20251021T195818
[2025-10-21T19:58:18.869+0000] {local_task_job_runner.py:243} INFO - Task exited with return code 0
[2025-10-21T19:58:18.878+0000] {taskinstance.py:3503} INFO - 1 downstream tasks scheduled from follow-on schedule check
[2025-10-21T19:58:18.878+0000] {local_task_job_runner.py:222} INFO - ::endgroup::
