[2025-10-21T19:57:55.048+0000] {local_task_job_runner.py:120} INFO - ::group::Pre task execution logs
[2025-10-21T19:57:55.062+0000] {taskinstance.py:2076} INFO - Dependencies all met for dep_context=non-requeueable deps ti=<TaskInstance: game_sentiment_data_pipeline.dbt_run_top_selling_games_reviews manual__2025-10-21T19:56:45.517434+00:00 [queued]>
[2025-10-21T19:57:55.066+0000] {taskinstance.py:2076} INFO - Dependencies all met for dep_context=requeueable deps ti=<TaskInstance: game_sentiment_data_pipeline.dbt_run_top_selling_games_reviews manual__2025-10-21T19:56:45.517434+00:00 [queued]>
[2025-10-21T19:57:55.066+0000] {taskinstance.py:2306} INFO - Starting attempt 1 of 1
[2025-10-21T19:57:55.072+0000] {taskinstance.py:2330} INFO - Executing <Task(BashOperator): dbt_run_top_selling_games_reviews> on 2025-10-21 19:56:45.517434+00:00
[2025-10-21T19:57:55.076+0000] {warnings.py:112} WARNING - /home/***/.local/lib/python3.12/site-packages/***/task/task_runner/standard_task_runner.py:62: DeprecationWarning: This process (pid=956) is multi-threaded, use of fork() may lead to deadlocks in the child.
  pid = os.fork()

[2025-10-21T19:57:55.076+0000] {standard_task_runner.py:64} INFO - Started process 957 to run task
[2025-10-21T19:57:55.077+0000] {standard_task_runner.py:90} INFO - Running: ['***', 'tasks', 'run', 'game_sentiment_data_pipeline', 'dbt_run_top_selling_games_reviews', 'manual__2025-10-21T19:56:45.517434+00:00', '--job-id', '102', '--raw', '--subdir', 'DAGS_FOLDER/dag_pipeline.py', '--cfg-path', '/tmp/tmpswc3c854']
[2025-10-21T19:57:55.077+0000] {standard_task_runner.py:91} INFO - Job 102: Subtask dbt_run_top_selling_games_reviews
[2025-10-21T19:57:55.101+0000] {task_command.py:426} INFO - Running <TaskInstance: game_sentiment_data_pipeline.dbt_run_top_selling_games_reviews manual__2025-10-21T19:56:45.517434+00:00 [running]> on host 853ab210954c
[2025-10-21T19:57:55.141+0000] {taskinstance.py:2648} INFO - Exporting env vars: AIRFLOW_CTX_DAG_OWNER='***' AIRFLOW_CTX_DAG_ID='game_sentiment_data_pipeline' AIRFLOW_CTX_TASK_ID='dbt_run_top_selling_games_reviews' AIRFLOW_CTX_EXECUTION_DATE='2025-10-21T19:56:45.517434+00:00' AIRFLOW_CTX_TRY_NUMBER='1' AIRFLOW_CTX_DAG_RUN_ID='manual__2025-10-21T19:56:45.517434+00:00'
[2025-10-21T19:57:55.142+0000] {taskinstance.py:430} INFO - ::endgroup::
[2025-10-21T19:57:55.149+0000] {subprocess.py:63} INFO - Tmp dir root location: /tmp
[2025-10-21T19:57:55.150+0000] {subprocess.py:75} INFO - Running command: ['/usr/bin/bash', '-c', 'cd /opt/***/silver_layer && /home/***/.local/bin/dbt run --select top_selling_games_reviews --full-refresh']
[2025-10-21T19:57:55.154+0000] {subprocess.py:86} INFO - Output:
[2025-10-21T19:57:56.563+0000] {subprocess.py:93} INFO - [0m19:57:56  Running with dbt=1.10.13
[2025-10-21T19:57:56.875+0000] {subprocess.py:93} INFO - [0m19:57:56  Registered adapter: athena=1.9.5
[2025-10-21T19:57:57.065+0000] {subprocess.py:93} INFO - [0m19:57:57  Found 3 models, 6 sources, 474 macros
[2025-10-21T19:57:57.066+0000] {subprocess.py:93} INFO - [0m19:57:57
[2025-10-21T19:57:57.066+0000] {subprocess.py:93} INFO - [0m19:57:57  Concurrency: 4 threads (target='dev')
[2025-10-21T19:57:57.067+0000] {subprocess.py:93} INFO - [0m19:57:57
[2025-10-21T19:57:57.972+0000] {subprocess.py:93} INFO - [0m19:57:57  1 of 1 START sql table model games_sentiment_analysis_silver.top_selling_games_reviews  [RUN]
[2025-10-21T19:58:06.541+0000] {subprocess.py:93} INFO - [0m19:58:06  1 of 1 OK created sql table model games_sentiment_analysis_silver.top_selling_games_reviews  [[32mOK 12160[0m in 8.57s]
[2025-10-21T19:58:06.544+0000] {subprocess.py:93} INFO - [0m19:58:06
[2025-10-21T19:58:06.544+0000] {subprocess.py:93} INFO - [0m19:58:06  Finished running 1 table model in 0 hours 0 minutes and 9.48 seconds (9.48s).
[2025-10-21T19:58:06.564+0000] {subprocess.py:93} INFO - [0m19:58:06
[2025-10-21T19:58:06.565+0000] {subprocess.py:93} INFO - [0m19:58:06  [32mCompleted successfully[0m
[2025-10-21T19:58:06.565+0000] {subprocess.py:93} INFO - [0m19:58:06
[2025-10-21T19:58:06.565+0000] {subprocess.py:93} INFO - [0m19:58:06  Done. PASS=1 WARN=0 ERROR=0 SKIP=0 NO-OP=0 TOTAL=1
[2025-10-21T19:58:07.224+0000] {subprocess.py:97} INFO - Command exited with return code 0
[2025-10-21T19:58:07.224+0000] {taskinstance.py:441} INFO - ::group::Post task execution logs
[2025-10-21T19:58:07.236+0000] {taskinstance.py:1206} INFO - Marking task as SUCCESS. dag_id=game_sentiment_data_pipeline, task_id=dbt_run_top_selling_games_reviews, run_id=manual__2025-10-21T19:56:45.517434+00:00, execution_date=20251021T195645, start_date=20251021T195755, end_date=20251021T195807
[2025-10-21T19:58:07.275+0000] {local_task_job_runner.py:243} INFO - Task exited with return code 0
[2025-10-21T19:58:07.286+0000] {taskinstance.py:3503} INFO - 1 downstream tasks scheduled from follow-on schedule check
[2025-10-21T19:58:07.287+0000] {local_task_job_runner.py:222} INFO - ::endgroup::
