[2025-10-21T20:19:18.484+0000] {local_task_job_runner.py:120} INFO - ::group::Pre task execution logs
[2025-10-21T20:19:18.498+0000] {taskinstance.py:2076} INFO - Dependencies all met for dep_context=non-requeueable deps ti=<TaskInstance: game_sentiment_data_pipeline.dbt_run_top_selling_games_reviews manual__2025-10-21T20:18:07.360226+00:00 [queued]>
[2025-10-21T20:19:18.502+0000] {taskinstance.py:2076} INFO - Dependencies all met for dep_context=requeueable deps ti=<TaskInstance: game_sentiment_data_pipeline.dbt_run_top_selling_games_reviews manual__2025-10-21T20:18:07.360226+00:00 [queued]>
[2025-10-21T20:19:18.502+0000] {taskinstance.py:2306} INFO - Starting attempt 1 of 1
[2025-10-21T20:19:18.507+0000] {taskinstance.py:2330} INFO - Executing <Task(BashOperator): dbt_run_top_selling_games_reviews> on 2025-10-21 20:18:07.360226+00:00
[2025-10-21T20:19:18.511+0000] {warnings.py:112} WARNING - /home/***/.local/lib/python3.12/site-packages/***/task/task_runner/standard_task_runner.py:62: DeprecationWarning: This process (pid=98) is multi-threaded, use of fork() may lead to deadlocks in the child.
  pid = os.fork()

[2025-10-21T20:19:18.512+0000] {standard_task_runner.py:64} INFO - Started process 99 to run task
[2025-10-21T20:19:18.512+0000] {standard_task_runner.py:90} INFO - Running: ['***', 'tasks', 'run', 'game_sentiment_data_pipeline', 'dbt_run_top_selling_games_reviews', 'manual__2025-10-21T20:18:07.360226+00:00', '--job-id', '111', '--raw', '--subdir', 'DAGS_FOLDER/dag_pipeline.py', '--cfg-path', '/tmp/tmpip_xs524']
[2025-10-21T20:19:18.513+0000] {standard_task_runner.py:91} INFO - Job 111: Subtask dbt_run_top_selling_games_reviews
[2025-10-21T20:19:18.537+0000] {task_command.py:426} INFO - Running <TaskInstance: game_sentiment_data_pipeline.dbt_run_top_selling_games_reviews manual__2025-10-21T20:18:07.360226+00:00 [running]> on host 28d5cd50147a
[2025-10-21T20:19:18.583+0000] {taskinstance.py:2648} INFO - Exporting env vars: AIRFLOW_CTX_DAG_OWNER='***' AIRFLOW_CTX_DAG_ID='game_sentiment_data_pipeline' AIRFLOW_CTX_TASK_ID='dbt_run_top_selling_games_reviews' AIRFLOW_CTX_EXECUTION_DATE='2025-10-21T20:18:07.360226+00:00' AIRFLOW_CTX_TRY_NUMBER='1' AIRFLOW_CTX_DAG_RUN_ID='manual__2025-10-21T20:18:07.360226+00:00'
[2025-10-21T20:19:18.583+0000] {taskinstance.py:430} INFO - ::endgroup::
[2025-10-21T20:19:18.592+0000] {subprocess.py:63} INFO - Tmp dir root location: /tmp
[2025-10-21T20:19:18.592+0000] {subprocess.py:75} INFO - Running command: ['/usr/bin/bash', '-c', 'cd /opt/***/silver_layer && /home/***/.local/bin/dbt run --select top_selling_games_reviews --full-refresh']
[2025-10-21T20:19:18.597+0000] {subprocess.py:86} INFO - Output:
[2025-10-21T20:19:19.997+0000] {subprocess.py:93} INFO - [0m20:19:19  Running with dbt=1.10.13
[2025-10-21T20:19:20.494+0000] {subprocess.py:93} INFO - [0m20:19:20  Registered adapter: athena=1.9.5
[2025-10-21T20:19:20.829+0000] {subprocess.py:93} INFO - [0m20:19:20  Found 3 models, 6 sources, 474 macros
[2025-10-21T20:19:20.833+0000] {subprocess.py:93} INFO - [0m20:19:20
[2025-10-21T20:19:20.834+0000] {subprocess.py:93} INFO - [0m20:19:20  Concurrency: 4 threads (target='dev')
[2025-10-21T20:19:20.835+0000] {subprocess.py:93} INFO - [0m20:19:20
[2025-10-21T20:19:21.953+0000] {subprocess.py:93} INFO - [0m20:19:21  1 of 1 START sql table model games_sentiment_analysis_silver.top_selling_games_reviews  [RUN]
[2025-10-21T20:19:29.436+0000] {subprocess.py:93} INFO - [0m20:19:29  1 of 1 OK created sql table model games_sentiment_analysis_silver.top_selling_games_reviews  [[32mOK 12524[0m in 7.48s]
[2025-10-21T20:19:29.441+0000] {subprocess.py:93} INFO - [0m20:19:29
[2025-10-21T20:19:29.441+0000] {subprocess.py:93} INFO - [0m20:19:29  Finished running 1 table model in 0 hours 0 minutes and 8.61 seconds (8.61s).
[2025-10-21T20:19:29.473+0000] {subprocess.py:93} INFO - [0m20:19:29
[2025-10-21T20:19:29.474+0000] {subprocess.py:93} INFO - [0m20:19:29  [32mCompleted successfully[0m
[2025-10-21T20:19:29.475+0000] {subprocess.py:93} INFO - [0m20:19:29
[2025-10-21T20:19:29.476+0000] {subprocess.py:93} INFO - [0m20:19:29  Done. PASS=1 WARN=0 ERROR=0 SKIP=0 NO-OP=0 TOTAL=1
[2025-10-21T20:19:30.270+0000] {subprocess.py:97} INFO - Command exited with return code 0
[2025-10-21T20:19:30.271+0000] {taskinstance.py:441} INFO - ::group::Post task execution logs
[2025-10-21T20:19:30.291+0000] {taskinstance.py:1206} INFO - Marking task as SUCCESS. dag_id=game_sentiment_data_pipeline, task_id=dbt_run_top_selling_games_reviews, run_id=manual__2025-10-21T20:18:07.360226+00:00, execution_date=20251021T201807, start_date=20251021T201918, end_date=20251021T201930
[2025-10-21T20:19:30.344+0000] {local_task_job_runner.py:243} INFO - Task exited with return code 0
[2025-10-21T20:19:30.460+0000] {taskinstance.py:3503} INFO - 1 downstream tasks scheduled from follow-on schedule check
[2025-10-21T20:19:30.461+0000] {local_task_job_runner.py:222} INFO - ::endgroup::
